CRITICAL - 2024-07-09 13:38:32 --> ErrorException: Array to string conversion
in FCPATH/applications/USER/Views/AuctionManagement/show.php on line 21.
 1 FCPATH/applications/USER/Views/AuctionManagement/show.php(21): CodeIgniter\Debug\Exceptions->errorHandler(2, 'Array to string conversion', '/var/www/eazyhosting.in/public_html/applications/USER/Views/AuctionManagement/show.php', 21)
 2 SYSTEMPATH/View/View.php(228): include('/var/www/eazyhosting.in/public_html/applications/USER/Views/AuctionManagement/show.php')
 3 SYSTEMPATH/View/View.php(231): CodeIgniter\View\View->CodeIgniter\View\{closure}()
 4 SYSTEMPATH/Common.php(1178): CodeIgniter\View\View->render('Applications\\USER\\Views\\AuctionManagement\\show', [], true)
 5 FCPATH/applications/USER/Controllers/AuctionManagement.php(102): view('Applications\\USER\\Views\\AuctionManagement\\show', [...])
 6 SYSTEMPATH/CodeIgniter.php(941): Applications\USER\Controllers\AuctionManagement->show()
 7 SYSTEMPATH/CodeIgniter.php(502): CodeIgniter\CodeIgniter->runController(Object(Applications\USER\Controllers\AuctionManagement))
 8 SYSTEMPATH/CodeIgniter.php(361): CodeIgniter\CodeIgniter->handleRequest(null, Object(Config\Cache), false)
 9 FCPATH/index.php(80): CodeIgniter\CodeIgniter->run()
CRITICAL - 2024-07-09 13:38:45 --> ErrorException: Array to string conversion
in FCPATH/applications/USER/Views/AuctionManagement/show.php on line 21.
 1 FCPATH/applications/USER/Views/AuctionManagement/show.php(21): CodeIgniter\Debug\Exceptions->errorHandler(2, 'Array to string conversion', '/var/www/eazyhosting.in/public_html/applications/USER/Views/AuctionManagement/show.php', 21)
 2 SYSTEMPATH/View/View.php(228): include('/var/www/eazyhosting.in/public_html/applications/USER/Views/AuctionManagement/show.php')
 3 SYSTEMPATH/View/View.php(231): CodeIgniter\View\View->CodeIgniter\View\{closure}()
 4 SYSTEMPATH/Common.php(1178): CodeIgniter\View\View->render('Applications\\USER\\Views\\AuctionManagement\\show', [], true)
 5 FCPATH/applications/USER/Controllers/AuctionManagement.php(102): view('Applications\\USER\\Views\\AuctionManagement\\show', [...])
 6 SYSTEMPATH/CodeIgniter.php(941): Applications\USER\Controllers\AuctionManagement->show()
 7 SYSTEMPATH/CodeIgniter.php(502): CodeIgniter\CodeIgniter->runController(Object(Applications\USER\Controllers\AuctionManagement))
 8 SYSTEMPATH/CodeIgniter.php(361): CodeIgniter\CodeIgniter->handleRequest(null, Object(Config\Cache), false)
 9 FCPATH/index.php(80): CodeIgniter\CodeIgniter->run()
CRITICAL - 2024-07-09 13:38:55 --> ErrorException: Array to string conversion
in FCPATH/applications/USER/Views/AuctionManagement/show.php on line 21.
 1 FCPATH/applications/USER/Views/AuctionManagement/show.php(21): CodeIgniter\Debug\Exceptions->errorHandler(2, 'Array to string conversion', '/var/www/eazyhosting.in/public_html/applications/USER/Views/AuctionManagement/show.php', 21)
 2 SYSTEMPATH/View/View.php(228): include('/var/www/eazyhosting.in/public_html/applications/USER/Views/AuctionManagement/show.php')
 3 SYSTEMPATH/View/View.php(231): CodeIgniter\View\View->CodeIgniter\View\{closure}()
 4 SYSTEMPATH/Common.php(1178): CodeIgniter\View\View->render('Applications\\USER\\Views\\AuctionManagement\\show', [], true)
 5 FCPATH/applications/USER/Controllers/AuctionManagement.php(102): view('Applications\\USER\\Views\\AuctionManagement\\show', [...])
 6 SYSTEMPATH/CodeIgniter.php(941): Applications\USER\Controllers\AuctionManagement->show()
 7 SYSTEMPATH/CodeIgniter.php(502): CodeIgniter\CodeIgniter->runController(Object(Applications\USER\Controllers\AuctionManagement))
 8 SYSTEMPATH/CodeIgniter.php(361): CodeIgniter\CodeIgniter->handleRequest(null, Object(Config\Cache), false)
 9 FCPATH/index.php(80): CodeIgniter\CodeIgniter->run()
