CRITICAL - 2024-04-28 21:31:10 --> ErrorException: Undefined array key "center_id"
in FCPATH\applications\USER\Controllers\BiddingSession.php on line 1195.
 1 FCPATH\applications\USER\Controllers\BiddingSession.php(1195): CodeIgniter\Debug\Exceptions->errorHandler(2, 'Undefined array key "center_id"', 'F:\\xampp\\htdocs\\oams_staging\\frontend\\applications\\USER\\Controllers\\BiddingSession.php', 1195)
 2 SYSTEMPATH\CodeIgniter.php(941): Applications\USER\Controllers\BiddingSession->reOrderGarden('')
 3 SYSTEMPATH\CodeIgniter.php(502): CodeIgniter\CodeIgniter->runController(Object(Applications\USER\Controllers\BiddingSession))
 4 SYSTEMPATH\CodeIgniter.php(361): CodeIgniter\CodeIgniter->handleRequest(null, Object(Config\Cache), false)
 5 FCPATH\index.php(80): CodeIgniter\CodeIgniter->run()
CRITICAL - 2024-04-28 21:31:22 --> ErrorException: Undefined array key "center_id"
in FCPATH\applications\USER\Controllers\BiddingSession.php on line 1195.
 1 FCPATH\applications\USER\Controllers\BiddingSession.php(1195): CodeIgniter\Debug\Exceptions->errorHandler(2, 'Undefined array key "center_id"', 'F:\\xampp\\htdocs\\oams_staging\\frontend\\applications\\USER\\Controllers\\BiddingSession.php', 1195)
 2 SYSTEMPATH\CodeIgniter.php(941): Applications\USER\Controllers\BiddingSession->reOrderGarden('')
 3 SYSTEMPATH\CodeIgniter.php(502): CodeIgniter\CodeIgniter->runController(Object(Applications\USER\Controllers\BiddingSession))
 4 SYSTEMPATH\CodeIgniter.php(361): CodeIgniter\CodeIgniter->handleRequest(null, Object(Config\Cache), false)
 5 FCPATH\index.php(80): CodeIgniter\CodeIgniter->run()
CRITICAL - 2024-04-28 23:57:19 --> ErrorException: foreach() argument must be of type array|object, null given
in FCPATH\applications\USER\Views\BiddingSession\center_gardens.php on line 89.
 1 FCPATH\applications\USER\Views\BiddingSession\center_gardens.php(89): CodeIgniter\Debug\Exceptions->errorHandler(2, 'foreach() argument must be of type array|object, null given', 'F:\\xampp\\htdocs\\oams_staging\\frontend\\applications\\USER\\Views\\BiddingSession\\center_gardens.php', 89)
 2 SYSTEMPATH\View\View.php(228): include('F:\\xampp\\htdocs\\oams_staging\\frontend\\applications\\USER\\Views\\BiddingSession\\center_gardens.php')
 3 SYSTEMPATH\View\View.php(231): CodeIgniter\View\View->CodeIgniter\View\{closure}()
 4 SYSTEMPATH\Common.php(1178): CodeIgniter\View\View->render('Applications\\USER\\Views\\BiddingSession\\center_gardens', [], true)
 5 FCPATH\applications\USER\Controllers\BiddingSession.php(1240): view('Applications\\USER\\Views\\BiddingSession\\center_gardens', [...])
 6 SYSTEMPATH\CodeIgniter.php(941): Applications\USER\Controllers\BiddingSession->reOrderGarden('12')
 7 SYSTEMPATH\CodeIgniter.php(502): CodeIgniter\CodeIgniter->runController(Object(Applications\USER\Controllers\BiddingSession))
 8 SYSTEMPATH\CodeIgniter.php(361): CodeIgniter\CodeIgniter->handleRequest(null, Object(Config\Cache), false)
 9 FCPATH\index.php(80): CodeIgniter\CodeIgniter->run()
