CRITICAL - 2024-05-16 10:00:10 --> ErrorException: Trying to access array offset on value of type null
in FCPATH\applications\BUYER\Controllers\BiddingCenter.php on line 43.
 1 FCPATH\applications\BUYER\Controllers\BiddingCenter.php(43): CodeIgniter\Debug\Exceptions->errorHandler(2, 'Trying to access array offset on value of type null', 'F:\\xampp\\htdocs\\oams_staging\\frontend\\applications\\BUYER\\Controllers\\BiddingCenter.php', 43)
 2 SYSTEMPATH\CodeIgniter.php(941): Applications\BUYER\Controllers\BiddingCenter->index('18')
 3 SYSTEMPATH\CodeIgniter.php(502): CodeIgniter\CodeIgniter->runController(Object(Applications\BUYER\Controllers\BiddingCenter))
 4 SYSTEMPATH\CodeIgniter.php(361): CodeIgniter\CodeIgniter->handleRequest(null, Object(Config\Cache), false)
 5 FCPATH\index.php(80): CodeIgniter\CodeIgniter->run()
CRITICAL - 2024-05-16 10:47:01 --> ErrorException: Trying to access array offset on value of type null
in FCPATH\applications\BUYER\Controllers\Auctions.php on line 246.
 1 FCPATH\applications\BUYER\Controllers\Auctions.php(246): CodeIgniter\Debug\Exceptions->errorHandler(2, 'Trying to access array offset on value of type null', 'F:\\xampp\\htdocs\\oams_staging\\frontend\\applications\\BUYER\\Controllers\\Auctions.php', 246)
 2 SYSTEMPATH\CodeIgniter.php(941): Applications\BUYER\Controllers\Auctions->auctionLots('12')
 3 SYSTEMPATH\CodeIgniter.php(502): CodeIgniter\CodeIgniter->runController(Object(Applications\BUYER\Controllers\Auctions))
 4 SYSTEMPATH\CodeIgniter.php(361): CodeIgniter\CodeIgniter->handleRequest(null, Object(Config\Cache), false)
 5 FCPATH\index.php(80): CodeIgniter\CodeIgniter->run()
CRITICAL - 2024-05-16 10:47:42 --> ErrorException: Trying to access array offset on value of type null
in FCPATH\applications\BUYER\Controllers\Auctions.php on line 247.
 1 FCPATH\applications\BUYER\Controllers\Auctions.php(247): CodeIgniter\Debug\Exceptions->errorHandler(2, 'Trying to access array offset on value of type null', 'F:\\xampp\\htdocs\\oams_staging\\frontend\\applications\\BUYER\\Controllers\\Auctions.php', 247)
 2 SYSTEMPATH\CodeIgniter.php(941): Applications\BUYER\Controllers\Auctions->auctionLots('12')
 3 SYSTEMPATH\CodeIgniter.php(502): CodeIgniter\CodeIgniter->runController(Object(Applications\BUYER\Controllers\Auctions))
 4 SYSTEMPATH\CodeIgniter.php(361): CodeIgniter\CodeIgniter->handleRequest(null, Object(Config\Cache), false)
 5 FCPATH\index.php(80): CodeIgniter\CodeIgniter->run()
CRITICAL - 2024-05-16 10:49:16 --> ErrorException: Trying to access array offset on value of type null
in FCPATH\applications\BUYER\Controllers\Auctions.php on line 251.
 1 FCPATH\applications\BUYER\Controllers\Auctions.php(251): CodeIgniter\Debug\Exceptions->errorHandler(2, 'Trying to access array offset on value of type null', 'F:\\xampp\\htdocs\\oams_staging\\frontend\\applications\\BUYER\\Controllers\\Auctions.php', 251)
 2 SYSTEMPATH\CodeIgniter.php(941): Applications\BUYER\Controllers\Auctions->auctionLots('12')
 3 SYSTEMPATH\CodeIgniter.php(502): CodeIgniter\CodeIgniter->runController(Object(Applications\BUYER\Controllers\Auctions))
 4 SYSTEMPATH\CodeIgniter.php(361): CodeIgniter\CodeIgniter->handleRequest(null, Object(Config\Cache), false)
 5 FCPATH\index.php(80): CodeIgniter\CodeIgniter->run()
CRITICAL - 2024-05-16 11:00:52 --> ErrorException: Trying to access array offset on value of type null
in FCPATH\applications\BUYER\Controllers\Auctions.php on line 252.
 1 FCPATH\applications\BUYER\Controllers\Auctions.php(252): CodeIgniter\Debug\Exceptions->errorHandler(2, 'Trying to access array offset on value of type null', 'F:\\xampp\\htdocs\\oams_staging\\frontend\\applications\\BUYER\\Controllers\\Auctions.php', 252)
 2 SYSTEMPATH\CodeIgniter.php(941): Applications\BUYER\Controllers\Auctions->auctionLots('12')
 3 SYSTEMPATH\CodeIgniter.php(502): CodeIgniter\CodeIgniter->runController(Object(Applications\BUYER\Controllers\Auctions))
 4 SYSTEMPATH\CodeIgniter.php(361): CodeIgniter\CodeIgniter->handleRequest(null, Object(Config\Cache), false)
 5 FCPATH\index.php(80): CodeIgniter\CodeIgniter->run()
CRITICAL - 2024-05-16 12:17:44 --> ErrorException: Trying to access array offset on value of type null
in FCPATH\applications\USER\Controllers\Inward.php on line 314.
 1 FCPATH\applications\USER\Controllers\Inward.php(314): CodeIgniter\Debug\Exceptions->errorHandler(2, 'Trying to access array offset on value of type null', 'F:\\xampp\\htdocs\\oams_staging\\frontend\\applications\\USER\\Controllers\\Inward.php', 314)
 2 SYSTEMPATH\CodeIgniter.php(941): Applications\USER\Controllers\Inward->GetGardenGrades()
 3 SYSTEMPATH\CodeIgniter.php(502): CodeIgniter\CodeIgniter->runController(Object(Applications\USER\Controllers\Inward))
 4 SYSTEMPATH\CodeIgniter.php(361): CodeIgniter\CodeIgniter->handleRequest(null, Object(Config\Cache), false)
 5 FCPATH\index.php(80): CodeIgniter\CodeIgniter->run()
CRITICAL - 2024-05-16 12:40:42 --> ErrorException: Undefined array key 0
in FCPATH\applications\BUYER\Controllers\BiddingCenter.php on line 43.
 1 FCPATH\applications\BUYER\Controllers\BiddingCenter.php(43): CodeIgniter\Debug\Exceptions->errorHandler(2, 'Undefined array key 0', 'F:\\xampp\\htdocs\\oams_staging\\frontend\\applications\\BUYER\\Controllers\\BiddingCenter.php', 43)
 2 SYSTEMPATH\CodeIgniter.php(941): Applications\BUYER\Controllers\BiddingCenter->index('18')
 3 SYSTEMPATH\CodeIgniter.php(502): CodeIgniter\CodeIgniter->runController(Object(Applications\BUYER\Controllers\BiddingCenter))
 4 SYSTEMPATH\CodeIgniter.php(361): CodeIgniter\CodeIgniter->handleRequest(null, Object(Config\Cache), false)
 5 FCPATH\index.php(80): CodeIgniter\CodeIgniter->run()
CRITICAL - 2024-05-16 13:08:24 --> ErrorException: Undefined array key 0
in FCPATH\applications\BUYER\Controllers\BiddingCenter.php on line 43.
 1 FCPATH\applications\BUYER\Controllers\BiddingCenter.php(43): CodeIgniter\Debug\Exceptions->errorHandler(2, 'Undefined array key 0', 'F:\\xampp\\htdocs\\oams_staging\\frontend\\applications\\BUYER\\Controllers\\BiddingCenter.php', 43)
 2 SYSTEMPATH\CodeIgniter.php(941): Applications\BUYER\Controllers\BiddingCenter->index('18')
 3 SYSTEMPATH\CodeIgniter.php(502): CodeIgniter\CodeIgniter->runController(Object(Applications\BUYER\Controllers\BiddingCenter))
 4 SYSTEMPATH\CodeIgniter.php(361): CodeIgniter\CodeIgniter->handleRequest(null, Object(Config\Cache), false)
 5 FCPATH\index.php(80): CodeIgniter\CodeIgniter->run()
CRITICAL - 2024-05-16 13:14:00 --> ErrorException: Undefined array key "highest_bidder_name"
in FCPATH\applications\USER\Views\BiddingSession\view.php on line 148.
 1 FCPATH\applications\USER\Views\BiddingSession\view.php(148): CodeIgniter\Debug\Exceptions->errorHandler(2, 'Undefined array key "highest_bidder_name"', 'F:\\xampp\\htdocs\\oams_staging\\frontend\\applications\\USER\\Views\\BiddingSession\\view.php', 148)
 2 SYSTEMPATH\View\View.php(228): include('F:\\xampp\\htdocs\\oams_staging\\frontend\\applications\\USER\\Views\\BiddingSession\\view.php')
 3 SYSTEMPATH\View\View.php(231): CodeIgniter\View\View->CodeIgniter\View\{closure}()
 4 SYSTEMPATH\Common.php(1178): CodeIgniter\View\View->render('Applications\\USER\\Views\\BiddingSession\\view', [], true)
 5 FCPATH\applications\USER\Controllers\BiddingSession.php(409): view('Applications\\USER\\Views\\BiddingSession\\view', [...])
 6 SYSTEMPATH\CodeIgniter.php(941): Applications\USER\Controllers\BiddingSession->view('2')
 7 SYSTEMPATH\CodeIgniter.php(502): CodeIgniter\CodeIgniter->runController(Object(Applications\USER\Controllers\BiddingSession))
 8 SYSTEMPATH\CodeIgniter.php(361): CodeIgniter\CodeIgniter->handleRequest(null, Object(Config\Cache), false)
 9 FCPATH\index.php(80): CodeIgniter\CodeIgniter->run()
CRITICAL - 2024-05-16 17:00:21 --> ErrorException: Undefined array key 0
in FCPATH\applications\BUYER\Controllers\BiddingCenter.php on line 43.
 1 FCPATH\applications\BUYER\Controllers\BiddingCenter.php(43): CodeIgniter\Debug\Exceptions->errorHandler(2, 'Undefined array key 0', 'F:\\xampp\\htdocs\\oams_staging\\frontend\\applications\\BUYER\\Controllers\\BiddingCenter.php', 43)
 2 SYSTEMPATH\CodeIgniter.php(941): Applications\BUYER\Controllers\BiddingCenter->index('18')
 3 SYSTEMPATH\CodeIgniter.php(502): CodeIgniter\CodeIgniter->runController(Object(Applications\BUYER\Controllers\BiddingCenter))
 4 SYSTEMPATH\CodeIgniter.php(361): CodeIgniter\CodeIgniter->handleRequest(null, Object(Config\Cache), false)
 5 FCPATH\index.php(80): CodeIgniter\CodeIgniter->run()
