CRITICAL - 2024-05-31 09:38:18 --> ErrorException: Trying to access array offset on value of type null
in FCPATH/applications/USER/Views/DeliveryManagement/index.php on line 87.
 1 FCPATH/applications/USER/Views/DeliveryManagement/index.php(87): CodeIgniter\Debug\Exceptions->errorHandler(2, 'Trying to access array offset on value of type null', '/var/www/eazyhosting.in/public_html/applications/USER/Views/DeliveryManagement/index.php', 87)
 2 SYSTEMPATH/View/View.php(228): include('/var/www/eazyhosting.in/public_html/applications/USER/Views/DeliveryManagement/index.php')
 3 SYSTEMPATH/View/View.php(231): CodeIgniter\View\View->CodeIgniter\View\{closure}()
 4 SYSTEMPATH/Common.php(1178): CodeIgniter\View\View->render('Applications\\USER\\Views\\DeliveryManagement\\index', [], true)
 5 FCPATH/applications/USER/Controllers/DeliveryManagement.php(55): view('Applications\\USER\\Views\\DeliveryManagement\\index', [...])
 6 SYSTEMPATH/CodeIgniter.php(941): Applications\USER\Controllers\DeliveryManagement->index()
 7 SYSTEMPATH/CodeIgniter.php(502): CodeIgniter\CodeIgniter->runController(Object(Applications\USER\Controllers\DeliveryManagement))
 8 SYSTEMPATH/CodeIgniter.php(361): CodeIgniter\CodeIgniter->handleRequest(null, Object(Config\Cache), false)
 9 FCPATH/index.php(80): CodeIgniter\CodeIgniter->run()
CRITICAL - 2024-05-31 09:49:35 --> ErrorException: Trying to access array offset on value of type null
in FCPATH/applications/USER/Views/DeliveryManagement/index.php on line 87.
 1 FCPATH/applications/USER/Views/DeliveryManagement/index.php(87): CodeIgniter\Debug\Exceptions->errorHandler(2, 'Trying to access array offset on value of type null', '/var/www/eazyhosting.in/public_html/applications/USER/Views/DeliveryManagement/index.php', 87)
 2 SYSTEMPATH/View/View.php(228): include('/var/www/eazyhosting.in/public_html/applications/USER/Views/DeliveryManagement/index.php')
 3 SYSTEMPATH/View/View.php(231): CodeIgniter\View\View->CodeIgniter\View\{closure}()
 4 SYSTEMPATH/Common.php(1178): CodeIgniter\View\View->render('Applications\\USER\\Views\\DeliveryManagement\\index', [], true)
 5 FCPATH/applications/USER/Controllers/DeliveryManagement.php(56): view('Applications\\USER\\Views\\DeliveryManagement\\index', [...])
 6 SYSTEMPATH/CodeIgniter.php(941): Applications\USER\Controllers\DeliveryManagement->index()
 7 SYSTEMPATH/CodeIgniter.php(502): CodeIgniter\CodeIgniter->runController(Object(Applications\USER\Controllers\DeliveryManagement))
 8 SYSTEMPATH/CodeIgniter.php(361): CodeIgniter\CodeIgniter->handleRequest(null, Object(Config\Cache), false)
 9 FCPATH/index.php(80): CodeIgniter\CodeIgniter->run()
CRITICAL - 2024-05-31 09:50:54 --> ErrorException: Trying to access array offset on value of type null
in FCPATH/applications/USER/Views/DeliveryManagement/index.php on line 87.
 1 FCPATH/applications/USER/Views/DeliveryManagement/index.php(87): CodeIgniter\Debug\Exceptions->errorHandler(2, 'Trying to access array offset on value of type null', '/var/www/eazyhosting.in/public_html/applications/USER/Views/DeliveryManagement/index.php', 87)
 2 SYSTEMPATH/View/View.php(228): include('/var/www/eazyhosting.in/public_html/applications/USER/Views/DeliveryManagement/index.php')
 3 SYSTEMPATH/View/View.php(231): CodeIgniter\View\View->CodeIgniter\View\{closure}()
 4 SYSTEMPATH/Common.php(1178): CodeIgniter\View\View->render('Applications\\USER\\Views\\DeliveryManagement\\index', [], true)
 5 FCPATH/applications/USER/Controllers/DeliveryManagement.php(56): view('Applications\\USER\\Views\\DeliveryManagement\\index', [...])
 6 SYSTEMPATH/CodeIgniter.php(941): Applications\USER\Controllers\DeliveryManagement->index()
 7 SYSTEMPATH/CodeIgniter.php(502): CodeIgniter\CodeIgniter->runController(Object(Applications\USER\Controllers\DeliveryManagement))
 8 SYSTEMPATH/CodeIgniter.php(361): CodeIgniter\CodeIgniter->handleRequest(null, Object(Config\Cache), false)
 9 FCPATH/index.php(80): CodeIgniter\CodeIgniter->run()
CRITICAL - 2024-05-31 09:52:02 --> ErrorException: Trying to access array offset on value of type null
in FCPATH/applications/USER/Views/DeliveryManagement/index.php on line 87.
 1 FCPATH/applications/USER/Views/DeliveryManagement/index.php(87): CodeIgniter\Debug\Exceptions->errorHandler(2, 'Trying to access array offset on value of type null', '/var/www/eazyhosting.in/public_html/applications/USER/Views/DeliveryManagement/index.php', 87)
 2 SYSTEMPATH/View/View.php(228): include('/var/www/eazyhosting.in/public_html/applications/USER/Views/DeliveryManagement/index.php')
 3 SYSTEMPATH/View/View.php(231): CodeIgniter\View\View->CodeIgniter\View\{closure}()
 4 SYSTEMPATH/Common.php(1178): CodeIgniter\View\View->render('Applications\\USER\\Views\\DeliveryManagement\\index', [], true)
 5 FCPATH/applications/USER/Controllers/DeliveryManagement.php(56): view('Applications\\USER\\Views\\DeliveryManagement\\index', [...])
 6 SYSTEMPATH/CodeIgniter.php(941): Applications\USER\Controllers\DeliveryManagement->index()
 7 SYSTEMPATH/CodeIgniter.php(502): CodeIgniter\CodeIgniter->runController(Object(Applications\USER\Controllers\DeliveryManagement))
 8 SYSTEMPATH/CodeIgniter.php(361): CodeIgniter\CodeIgniter->handleRequest(null, Object(Config\Cache), false)
 9 FCPATH/index.php(80): CodeIgniter\CodeIgniter->run()
CRITICAL - 2024-05-31 10:06:50 --> ErrorException: Trying to access array offset on value of type null
in FCPATH/applications/USER/Views/DeliveryManagement/index.php on line 87.
 1 FCPATH/applications/USER/Views/DeliveryManagement/index.php(87): CodeIgniter\Debug\Exceptions->errorHandler(2, 'Trying to access array offset on value of type null', '/var/www/eazyhosting.in/public_html/applications/USER/Views/DeliveryManagement/index.php', 87)
 2 SYSTEMPATH/View/View.php(228): include('/var/www/eazyhosting.in/public_html/applications/USER/Views/DeliveryManagement/index.php')
 3 SYSTEMPATH/View/View.php(231): CodeIgniter\View\View->CodeIgniter\View\{closure}()
 4 SYSTEMPATH/Common.php(1178): CodeIgniter\View\View->render('Applications\\USER\\Views\\DeliveryManagement\\index', [], true)
 5 FCPATH/applications/USER/Controllers/DeliveryManagement.php(56): view('Applications\\USER\\Views\\DeliveryManagement\\index', [...])
 6 SYSTEMPATH/CodeIgniter.php(941): Applications\USER\Controllers\DeliveryManagement->index()
 7 SYSTEMPATH/CodeIgniter.php(502): CodeIgniter\CodeIgniter->runController(Object(Applications\USER\Controllers\DeliveryManagement))
 8 SYSTEMPATH/CodeIgniter.php(361): CodeIgniter\CodeIgniter->handleRequest(null, Object(Config\Cache), false)
 9 FCPATH/index.php(80): CodeIgniter\CodeIgniter->run()
CRITICAL - 2024-05-31 10:08:41 --> ErrorException: Trying to access array offset on value of type null
in FCPATH/applications/USER/Views/DeliveryManagement/index.php on line 87.
 1 FCPATH/applications/USER/Views/DeliveryManagement/index.php(87): CodeIgniter\Debug\Exceptions->errorHandler(2, 'Trying to access array offset on value of type null', '/var/www/eazyhosting.in/public_html/applications/USER/Views/DeliveryManagement/index.php', 87)
 2 SYSTEMPATH/View/View.php(228): include('/var/www/eazyhosting.in/public_html/applications/USER/Views/DeliveryManagement/index.php')
 3 SYSTEMPATH/View/View.php(231): CodeIgniter\View\View->CodeIgniter\View\{closure}()
 4 SYSTEMPATH/Common.php(1178): CodeIgniter\View\View->render('Applications\\USER\\Views\\DeliveryManagement\\index', [], true)
 5 FCPATH/applications/USER/Controllers/DeliveryManagement.php(56): view('Applications\\USER\\Views\\DeliveryManagement\\index', [...])
 6 SYSTEMPATH/CodeIgniter.php(941): Applications\USER\Controllers\DeliveryManagement->index()
 7 SYSTEMPATH/CodeIgniter.php(502): CodeIgniter\CodeIgniter->runController(Object(Applications\USER\Controllers\DeliveryManagement))
 8 SYSTEMPATH/CodeIgniter.php(361): CodeIgniter\CodeIgniter->handleRequest(null, Object(Config\Cache), false)
 9 FCPATH/index.php(80): CodeIgniter\CodeIgniter->run()
CRITICAL - 2024-05-31 10:09:25 --> ErrorException: Trying to access array offset on value of type null
in FCPATH/applications/USER/Views/DeliveryManagement/index.php on line 87.
 1 FCPATH/applications/USER/Views/DeliveryManagement/index.php(87): CodeIgniter\Debug\Exceptions->errorHandler(2, 'Trying to access array offset on value of type null', '/var/www/eazyhosting.in/public_html/applications/USER/Views/DeliveryManagement/index.php', 87)
 2 SYSTEMPATH/View/View.php(228): include('/var/www/eazyhosting.in/public_html/applications/USER/Views/DeliveryManagement/index.php')
 3 SYSTEMPATH/View/View.php(231): CodeIgniter\View\View->CodeIgniter\View\{closure}()
 4 SYSTEMPATH/Common.php(1178): CodeIgniter\View\View->render('Applications\\USER\\Views\\DeliveryManagement\\index', [], true)
 5 FCPATH/applications/USER/Controllers/DeliveryManagement.php(56): view('Applications\\USER\\Views\\DeliveryManagement\\index', [...])
 6 SYSTEMPATH/CodeIgniter.php(941): Applications\USER\Controllers\DeliveryManagement->index()
 7 SYSTEMPATH/CodeIgniter.php(502): CodeIgniter\CodeIgniter->runController(Object(Applications\USER\Controllers\DeliveryManagement))
 8 SYSTEMPATH/CodeIgniter.php(361): CodeIgniter\CodeIgniter->handleRequest(null, Object(Config\Cache), false)
 9 FCPATH/index.php(80): CodeIgniter\CodeIgniter->run()
CRITICAL - 2024-05-31 10:14:20 --> ErrorException: Trying to access array offset on value of type null
in FCPATH/applications/USER/Views/DeliveryManagement/index.php on line 87.
 1 FCPATH/applications/USER/Views/DeliveryManagement/index.php(87): CodeIgniter\Debug\Exceptions->errorHandler(2, 'Trying to access array offset on value of type null', '/var/www/eazyhosting.in/public_html/applications/USER/Views/DeliveryManagement/index.php', 87)
 2 SYSTEMPATH/View/View.php(228): include('/var/www/eazyhosting.in/public_html/applications/USER/Views/DeliveryManagement/index.php')
 3 SYSTEMPATH/View/View.php(231): CodeIgniter\View\View->CodeIgniter\View\{closure}()
 4 SYSTEMPATH/Common.php(1178): CodeIgniter\View\View->render('Applications\\USER\\Views\\DeliveryManagement\\index', [], true)
 5 FCPATH/applications/USER/Controllers/DeliveryManagement.php(56): view('Applications\\USER\\Views\\DeliveryManagement\\index', [...])
 6 SYSTEMPATH/CodeIgniter.php(941): Applications\USER\Controllers\DeliveryManagement->index()
 7 SYSTEMPATH/CodeIgniter.php(502): CodeIgniter\CodeIgniter->runController(Object(Applications\USER\Controllers\DeliveryManagement))
 8 SYSTEMPATH/CodeIgniter.php(361): CodeIgniter\CodeIgniter->handleRequest(null, Object(Config\Cache), false)
 9 FCPATH/index.php(80): CodeIgniter\CodeIgniter->run()
CRITICAL - 2024-05-31 11:25:26 --> ErrorException: Trying to access array offset on value of type null
in FCPATH/applications/USER/Views/DeliveryManagement/index.php on line 87.
 1 FCPATH/applications/USER/Views/DeliveryManagement/index.php(87): CodeIgniter\Debug\Exceptions->errorHandler(2, 'Trying to access array offset on value of type null', '/var/www/eazyhosting.in/public_html/applications/USER/Views/DeliveryManagement/index.php', 87)
 2 SYSTEMPATH/View/View.php(228): include('/var/www/eazyhosting.in/public_html/applications/USER/Views/DeliveryManagement/index.php')
 3 SYSTEMPATH/View/View.php(231): CodeIgniter\View\View->CodeIgniter\View\{closure}()
 4 SYSTEMPATH/Common.php(1178): CodeIgniter\View\View->render('Applications\\USER\\Views\\DeliveryManagement\\index', [], true)
 5 FCPATH/applications/USER/Controllers/DeliveryManagement.php(55): view('Applications\\USER\\Views\\DeliveryManagement\\index', [...])
 6 SYSTEMPATH/CodeIgniter.php(941): Applications\USER\Controllers\DeliveryManagement->index()
 7 SYSTEMPATH/CodeIgniter.php(502): CodeIgniter\CodeIgniter->runController(Object(Applications\USER\Controllers\DeliveryManagement))
 8 SYSTEMPATH/CodeIgniter.php(361): CodeIgniter\CodeIgniter->handleRequest(null, Object(Config\Cache), false)
 9 FCPATH/index.php(80): CodeIgniter\CodeIgniter->run()
