CRITICAL - 2024-08-10 12:50:46 --> ErrorException: Trying to access array offset on value of type null
in FCPATH/applications/USER/Controllers/Invoice.php on line 99.
 1 FCPATH/applications/USER/Controllers/Invoice.php(99): CodeIgniter\Debug\Exceptions->errorHandler(2, 'Trying to access array offset on value of type null', '/var/www/eazyhosting.in/public_html/applications/USER/Controllers/Invoice.php', 99)
 2 SYSTEMPATH/CodeIgniter.php(941): Applications\USER\Controllers\Invoice->view('19')
 3 SYSTEMPATH/CodeIgniter.php(502): CodeIgniter\CodeIgniter->runController(Object(Applications\USER\Controllers\Invoice))
 4 SYSTEMPATH/CodeIgniter.php(361): CodeIgniter\CodeIgniter->handleRequest(null, Object(Config\Cache), false)
 5 FCPATH/index.php(80): CodeIgniter\CodeIgniter->run()
CRITICAL - 2024-08-10 12:50:49 --> ErrorException: Trying to access array offset on value of type null
in FCPATH/applications/USER/Controllers/Invoice.php on line 53.
 1 FCPATH/applications/USER/Controllers/Invoice.php(53): CodeIgniter\Debug\Exceptions->errorHandler(2, 'Trying to access array offset on value of type null', '/var/www/eazyhosting.in/public_html/applications/USER/Controllers/Invoice.php', 53)
 2 SYSTEMPATH/CodeIgniter.php(941): Applications\USER\Controllers\Invoice->index()
 3 SYSTEMPATH/CodeIgniter.php(502): CodeIgniter\CodeIgniter->runController(Object(Applications\USER\Controllers\Invoice))
 4 SYSTEMPATH/CodeIgniter.php(361): CodeIgniter\CodeIgniter->handleRequest(null, Object(Config\Cache), false)
 5 FCPATH/index.php(80): CodeIgniter\CodeIgniter->run()
CRITICAL - 2024-08-10 12:50:50 --> ErrorException: Trying to access array offset on value of type null
in FCPATH/applications/USER/Controllers/Invoice.php on line 99.
 1 FCPATH/applications/USER/Controllers/Invoice.php(99): CodeIgniter\Debug\Exceptions->errorHandler(2, 'Trying to access array offset on value of type null', '/var/www/eazyhosting.in/public_html/applications/USER/Controllers/Invoice.php', 99)
 2 SYSTEMPATH/CodeIgniter.php(941): Applications\USER\Controllers\Invoice->view('17')
 3 SYSTEMPATH/CodeIgniter.php(502): CodeIgniter\CodeIgniter->runController(Object(Applications\USER\Controllers\Invoice))
 4 SYSTEMPATH/CodeIgniter.php(361): CodeIgniter\CodeIgniter->handleRequest(null, Object(Config\Cache), false)
 5 FCPATH/index.php(80): CodeIgniter\CodeIgniter->run()
CRITICAL - 2024-08-10 12:50:50 --> ErrorException: Trying to access array offset on value of type null
in FCPATH/applications/USER/Controllers/Invoice.php on line 53.
 1 FCPATH/applications/USER/Controllers/Invoice.php(53): CodeIgniter\Debug\Exceptions->errorHandler(2, 'Trying to access array offset on value of type null', '/var/www/eazyhosting.in/public_html/applications/USER/Controllers/Invoice.php', 53)
 2 SYSTEMPATH/CodeIgniter.php(941): Applications\USER\Controllers\Invoice->index()
 3 SYSTEMPATH/CodeIgniter.php(502): CodeIgniter\CodeIgniter->runController(Object(Applications\USER\Controllers\Invoice))
 4 SYSTEMPATH/CodeIgniter.php(361): CodeIgniter\CodeIgniter->handleRequest(null, Object(Config\Cache), false)
 5 FCPATH/index.php(80): CodeIgniter\CodeIgniter->run()
CRITICAL - 2024-08-10 12:50:55 --> ErrorException: Trying to access array offset on value of type null
in FCPATH/applications/USER/Controllers/Invoice.php on line 99.
 1 FCPATH/applications/USER/Controllers/Invoice.php(99): CodeIgniter\Debug\Exceptions->errorHandler(2, 'Trying to access array offset on value of type null', '/var/www/eazyhosting.in/public_html/applications/USER/Controllers/Invoice.php', 99)
 2 SYSTEMPATH/CodeIgniter.php(941): Applications\USER\Controllers\Invoice->view('18')
 3 SYSTEMPATH/CodeIgniter.php(502): CodeIgniter\CodeIgniter->runController(Object(Applications\USER\Controllers\Invoice))
 4 SYSTEMPATH/CodeIgniter.php(361): CodeIgniter\CodeIgniter->handleRequest(null, Object(Config\Cache), false)
 5 FCPATH/index.php(80): CodeIgniter\CodeIgniter->run()
CRITICAL - 2024-08-10 12:50:55 --> ErrorException: Trying to access array offset on value of type null
in FCPATH/applications/USER/Controllers/Invoice.php on line 53.
 1 FCPATH/applications/USER/Controllers/Invoice.php(53): CodeIgniter\Debug\Exceptions->errorHandler(2, 'Trying to access array offset on value of type null', '/var/www/eazyhosting.in/public_html/applications/USER/Controllers/Invoice.php', 53)
 2 SYSTEMPATH/CodeIgniter.php(941): Applications\USER\Controllers\Invoice->index()
 3 SYSTEMPATH/CodeIgniter.php(502): CodeIgniter\CodeIgniter->runController(Object(Applications\USER\Controllers\Invoice))
 4 SYSTEMPATH/CodeIgniter.php(361): CodeIgniter\CodeIgniter->handleRequest(null, Object(Config\Cache), false)
 5 FCPATH/index.php(80): CodeIgniter\CodeIgniter->run()
CRITICAL - 2024-08-10 12:50:55 --> ErrorException: Trying to access array offset on value of type null
in FCPATH/applications/USER/Controllers/Invoice.php on line 99.
 1 FCPATH/applications/USER/Controllers/Invoice.php(99): CodeIgniter\Debug\Exceptions->errorHandler(2, 'Trying to access array offset on value of type null', '/var/www/eazyhosting.in/public_html/applications/USER/Controllers/Invoice.php', 99)
 2 SYSTEMPATH/CodeIgniter.php(941): Applications\USER\Controllers\Invoice->view('19')
 3 SYSTEMPATH/CodeIgniter.php(502): CodeIgniter\CodeIgniter->runController(Object(Applications\USER\Controllers\Invoice))
 4 SYSTEMPATH/CodeIgniter.php(361): CodeIgniter\CodeIgniter->handleRequest(null, Object(Config\Cache), false)
 5 FCPATH/index.php(80): CodeIgniter\CodeIgniter->run()
CRITICAL - 2024-08-10 12:50:55 --> ErrorException: Trying to access array offset on value of type null
in FCPATH/applications/USER/Controllers/Invoice.php on line 53.
 1 FCPATH/applications/USER/Controllers/Invoice.php(53): CodeIgniter\Debug\Exceptions->errorHandler(2, 'Trying to access array offset on value of type null', '/var/www/eazyhosting.in/public_html/applications/USER/Controllers/Invoice.php', 53)
 2 SYSTEMPATH/CodeIgniter.php(941): Applications\USER\Controllers\Invoice->index()
 3 SYSTEMPATH/CodeIgniter.php(502): CodeIgniter\CodeIgniter->runController(Object(Applications\USER\Controllers\Invoice))
 4 SYSTEMPATH/CodeIgniter.php(361): CodeIgniter\CodeIgniter->handleRequest(null, Object(Config\Cache), false)
 5 FCPATH/index.php(80): CodeIgniter\CodeIgniter->run()
CRITICAL - 2024-08-10 12:50:56 --> ErrorException: Trying to access array offset on value of type null
in FCPATH/applications/USER/Controllers/Invoice.php on line 99.
 1 FCPATH/applications/USER/Controllers/Invoice.php(99): CodeIgniter\Debug\Exceptions->errorHandler(2, 'Trying to access array offset on value of type null', '/var/www/eazyhosting.in/public_html/applications/USER/Controllers/Invoice.php', 99)
 2 SYSTEMPATH/CodeIgniter.php(941): Applications\USER\Controllers\Invoice->view('19')
 3 SYSTEMPATH/CodeIgniter.php(502): CodeIgniter\CodeIgniter->runController(Object(Applications\USER\Controllers\Invoice))
 4 SYSTEMPATH/CodeIgniter.php(361): CodeIgniter\CodeIgniter->handleRequest(null, Object(Config\Cache), false)
 5 FCPATH/index.php(80): CodeIgniter\CodeIgniter->run()
CRITICAL - 2024-08-10 12:50:56 --> ErrorException: Trying to access array offset on value of type null
in FCPATH/applications/USER/Controllers/Invoice.php on line 53.
 1 FCPATH/applications/USER/Controllers/Invoice.php(53): CodeIgniter\Debug\Exceptions->errorHandler(2, 'Trying to access array offset on value of type null', '/var/www/eazyhosting.in/public_html/applications/USER/Controllers/Invoice.php', 53)
 2 SYSTEMPATH/CodeIgniter.php(941): Applications\USER\Controllers\Invoice->index()
 3 SYSTEMPATH/CodeIgniter.php(502): CodeIgniter\CodeIgniter->runController(Object(Applications\USER\Controllers\Invoice))
 4 SYSTEMPATH/CodeIgniter.php(361): CodeIgniter\CodeIgniter->handleRequest(null, Object(Config\Cache), false)
 5 FCPATH/index.php(80): CodeIgniter\CodeIgniter->run()
CRITICAL - 2024-08-10 12:50:56 --> ErrorException: Trying to access array offset on value of type null
in FCPATH/applications/USER/Controllers/Invoice.php on line 99.
 1 FCPATH/applications/USER/Controllers/Invoice.php(99): CodeIgniter\Debug\Exceptions->errorHandler(2, 'Trying to access array offset on value of type null', '/var/www/eazyhosting.in/public_html/applications/USER/Controllers/Invoice.php', 99)
 2 SYSTEMPATH/CodeIgniter.php(941): Applications\USER\Controllers\Invoice->view('18')
 3 SYSTEMPATH/CodeIgniter.php(502): CodeIgniter\CodeIgniter->runController(Object(Applications\USER\Controllers\Invoice))
 4 SYSTEMPATH/CodeIgniter.php(361): CodeIgniter\CodeIgniter->handleRequest(null, Object(Config\Cache), false)
 5 FCPATH/index.php(80): CodeIgniter\CodeIgniter->run()
CRITICAL - 2024-08-10 12:50:56 --> ErrorException: Trying to access array offset on value of type null
in FCPATH/applications/USER/Controllers/Invoice.php on line 53.
 1 FCPATH/applications/USER/Controllers/Invoice.php(53): CodeIgniter\Debug\Exceptions->errorHandler(2, 'Trying to access array offset on value of type null', '/var/www/eazyhosting.in/public_html/applications/USER/Controllers/Invoice.php', 53)
 2 SYSTEMPATH/CodeIgniter.php(941): Applications\USER\Controllers\Invoice->index()
 3 SYSTEMPATH/CodeIgniter.php(502): CodeIgniter\CodeIgniter->runController(Object(Applications\USER\Controllers\Invoice))
 4 SYSTEMPATH/CodeIgniter.php(361): CodeIgniter\CodeIgniter->handleRequest(null, Object(Config\Cache), false)
 5 FCPATH/index.php(80): CodeIgniter\CodeIgniter->run()
CRITICAL - 2024-08-10 12:50:56 --> ErrorException: Trying to access array offset on value of type null
in FCPATH/applications/USER/Controllers/Invoice.php on line 99.
 1 FCPATH/applications/USER/Controllers/Invoice.php(99): CodeIgniter\Debug\Exceptions->errorHandler(2, 'Trying to access array offset on value of type null', '/var/www/eazyhosting.in/public_html/applications/USER/Controllers/Invoice.php', 99)
 2 SYSTEMPATH/CodeIgniter.php(941): Applications\USER\Controllers\Invoice->view('18')
 3 SYSTEMPATH/CodeIgniter.php(502): CodeIgniter\CodeIgniter->runController(Object(Applications\USER\Controllers\Invoice))
 4 SYSTEMPATH/CodeIgniter.php(361): CodeIgniter\CodeIgniter->handleRequest(null, Object(Config\Cache), false)
 5 FCPATH/index.php(80): CodeIgniter\CodeIgniter->run()
CRITICAL - 2024-08-10 12:50:57 --> ErrorException: Trying to access array offset on value of type null
in FCPATH/applications/USER/Controllers/Invoice.php on line 53.
 1 FCPATH/applications/USER/Controllers/Invoice.php(53): CodeIgniter\Debug\Exceptions->errorHandler(2, 'Trying to access array offset on value of type null', '/var/www/eazyhosting.in/public_html/applications/USER/Controllers/Invoice.php', 53)
 2 SYSTEMPATH/CodeIgniter.php(941): Applications\USER\Controllers\Invoice->index()
 3 SYSTEMPATH/CodeIgniter.php(502): CodeIgniter\CodeIgniter->runController(Object(Applications\USER\Controllers\Invoice))
 4 SYSTEMPATH/CodeIgniter.php(361): CodeIgniter\CodeIgniter->handleRequest(null, Object(Config\Cache), false)
 5 FCPATH/index.php(80): CodeIgniter\CodeIgniter->run()
CRITICAL - 2024-08-10 12:50:57 --> ErrorException: Trying to access array offset on value of type null
in FCPATH/applications/USER/Controllers/Invoice.php on line 99.
 1 FCPATH/applications/USER/Controllers/Invoice.php(99): CodeIgniter\Debug\Exceptions->errorHandler(2, 'Trying to access array offset on value of type null', '/var/www/eazyhosting.in/public_html/applications/USER/Controllers/Invoice.php', 99)
 2 SYSTEMPATH/CodeIgniter.php(941): Applications\USER\Controllers\Invoice->view('16')
 3 SYSTEMPATH/CodeIgniter.php(502): CodeIgniter\CodeIgniter->runController(Object(Applications\USER\Controllers\Invoice))
 4 SYSTEMPATH/CodeIgniter.php(361): CodeIgniter\CodeIgniter->handleRequest(null, Object(Config\Cache), false)
 5 FCPATH/index.php(80): CodeIgniter\CodeIgniter->run()
CRITICAL - 2024-08-10 12:50:57 --> ErrorException: Trying to access array offset on value of type null
in FCPATH/applications/USER/Controllers/Invoice.php on line 53.
 1 FCPATH/applications/USER/Controllers/Invoice.php(53): CodeIgniter\Debug\Exceptions->errorHandler(2, 'Trying to access array offset on value of type null', '/var/www/eazyhosting.in/public_html/applications/USER/Controllers/Invoice.php', 53)
 2 SYSTEMPATH/CodeIgniter.php(941): Applications\USER\Controllers\Invoice->index()
 3 SYSTEMPATH/CodeIgniter.php(502): CodeIgniter\CodeIgniter->runController(Object(Applications\USER\Controllers\Invoice))
 4 SYSTEMPATH/CodeIgniter.php(361): CodeIgniter\CodeIgniter->handleRequest(null, Object(Config\Cache), false)
 5 FCPATH/index.php(80): CodeIgniter\CodeIgniter->run()
CRITICAL - 2024-08-10 13:02:11 --> ErrorException: Undefined array key "seller_name"
in FCPATH/applications/USER/Views/DeliveryManagement/view.php on line 115.
 1 FCPATH/applications/USER/Views/DeliveryManagement/view.php(115): CodeIgniter\Debug\Exceptions->errorHandler(2, 'Undefined array key "seller_name"', '/var/www/eazyhosting.in/public_html/applications/USER/Views/DeliveryManagement/view.php', 115)
 2 SYSTEMPATH/View/View.php(228): include('/var/www/eazyhosting.in/public_html/applications/USER/Views/DeliveryManagement/view.php')
 3 SYSTEMPATH/View/View.php(231): CodeIgniter\View\View->CodeIgniter\View\{closure}()
 4 SYSTEMPATH/Common.php(1178): CodeIgniter\View\View->render('Applications\\USER\\Views\\DeliveryManagement\\view', [], true)
 5 FCPATH/applications/USER/Controllers/DeliveryManagement.php(100): view('Applications\\USER\\Views\\DeliveryManagement\\view', [...])
 6 SYSTEMPATH/CodeIgniter.php(941): Applications\USER\Controllers\DeliveryManagement->getDeliveryItems('3')
 7 SYSTEMPATH/CodeIgniter.php(502): CodeIgniter\CodeIgniter->runController(Object(Applications\USER\Controllers\DeliveryManagement))
 8 SYSTEMPATH/CodeIgniter.php(361): CodeIgniter\CodeIgniter->handleRequest(null, Object(Config\Cache), false)
 9 FCPATH/index.php(80): CodeIgniter\CodeIgniter->run()
CRITICAL - 2024-08-10 13:13:09 --> ErrorException: Undefined array key "inward_invoice_id"
in FCPATH/applications/USER/Views/Invoice/view.php on line 251.
 1 FCPATH/applications/USER/Views/Invoice/view.php(251): CodeIgniter\Debug\Exceptions->errorHandler(2, 'Undefined array key "inward_invoice_id"', '/var/www/eazyhosting.in/public_html/applications/USER/Views/Invoice/view.php', 251)
 2 SYSTEMPATH/View/View.php(228): include('/var/www/eazyhosting.in/public_html/applications/USER/Views/Invoice/view.php')
 3 SYSTEMPATH/View/View.php(231): CodeIgniter\View\View->CodeIgniter\View\{closure}()
 4 SYSTEMPATH/Common.php(1178): CodeIgniter\View\View->render('Applications\\USER\\Views\\Invoice\\view', [], true)
 5 FCPATH/applications/USER/Controllers/Invoice.php(100): view('Applications\\USER\\Views\\Invoice\\view', [...])
 6 SYSTEMPATH/CodeIgniter.php(941): Applications\USER\Controllers\Invoice->view('16')
 7 SYSTEMPATH/CodeIgniter.php(502): CodeIgniter\CodeIgniter->runController(Object(Applications\USER\Controllers\Invoice))
 8 SYSTEMPATH/CodeIgniter.php(361): CodeIgniter\CodeIgniter->handleRequest(null, Object(Config\Cache), false)
 9 FCPATH/index.php(80): CodeIgniter\CodeIgniter->run()
CRITICAL - 2024-08-10 13:13:49 --> ErrorException: Undefined array key "inward_invoice_id"
in FCPATH/applications/USER/Views/Invoice/view.php on line 251.
 1 FCPATH/applications/USER/Views/Invoice/view.php(251): CodeIgniter\Debug\Exceptions->errorHandler(2, 'Undefined array key "inward_invoice_id"', '/var/www/eazyhosting.in/public_html/applications/USER/Views/Invoice/view.php', 251)
 2 SYSTEMPATH/View/View.php(228): include('/var/www/eazyhosting.in/public_html/applications/USER/Views/Invoice/view.php')
 3 SYSTEMPATH/View/View.php(231): CodeIgniter\View\View->CodeIgniter\View\{closure}()
 4 SYSTEMPATH/Common.php(1178): CodeIgniter\View\View->render('Applications\\USER\\Views\\Invoice\\view', [], true)
 5 FCPATH/applications/USER/Controllers/Invoice.php(100): view('Applications\\USER\\Views\\Invoice\\view', [...])
 6 SYSTEMPATH/CodeIgniter.php(941): Applications\USER\Controllers\Invoice->view('10')
 7 SYSTEMPATH/CodeIgniter.php(502): CodeIgniter\CodeIgniter->runController(Object(Applications\USER\Controllers\Invoice))
 8 SYSTEMPATH/CodeIgniter.php(361): CodeIgniter\CodeIgniter->handleRequest(null, Object(Config\Cache), false)
 9 FCPATH/index.php(80): CodeIgniter\CodeIgniter->run()
CRITICAL - 2024-08-10 13:15:29 --> ErrorException: Undefined array key "inward_invoice_id"
in FCPATH/applications/USER/Views/Invoice/view.php on line 251.
 1 FCPATH/applications/USER/Views/Invoice/view.php(251): CodeIgniter\Debug\Exceptions->errorHandler(2, 'Undefined array key "inward_invoice_id"', '/var/www/eazyhosting.in/public_html/applications/USER/Views/Invoice/view.php', 251)
 2 SYSTEMPATH/View/View.php(228): include('/var/www/eazyhosting.in/public_html/applications/USER/Views/Invoice/view.php')
 3 SYSTEMPATH/View/View.php(231): CodeIgniter\View\View->CodeIgniter\View\{closure}()
 4 SYSTEMPATH/Common.php(1178): CodeIgniter\View\View->render('Applications\\USER\\Views\\Invoice\\view', [], true)
 5 FCPATH/applications/USER/Controllers/Invoice.php(100): view('Applications\\USER\\Views\\Invoice\\view', [...])
 6 SYSTEMPATH/CodeIgniter.php(941): Applications\USER\Controllers\Invoice->view('10')
 7 SYSTEMPATH/CodeIgniter.php(502): CodeIgniter\CodeIgniter->runController(Object(Applications\USER\Controllers\Invoice))
 8 SYSTEMPATH/CodeIgniter.php(361): CodeIgniter\CodeIgniter->handleRequest(null, Object(Config\Cache), false)
 9 FCPATH/index.php(80): CodeIgniter\CodeIgniter->run()
CRITICAL - 2024-08-10 17:05:53 --> ErrorException: Trying to access array offset on value of type null
in FCPATH/applications/USER/Controllers/DeliveryManagement.php on line 100.
 1 FCPATH/applications/USER/Controllers/DeliveryManagement.php(100): CodeIgniter\Debug\Exceptions->errorHandler(2, 'Trying to access array offset on value of type null', '/var/www/eazyhosting.in/public_html/applications/USER/Controllers/DeliveryManagement.php', 100)
 2 SYSTEMPATH/CodeIgniter.php(941): Applications\USER\Controllers\DeliveryManagement->getDeliveryItems('1')
 3 SYSTEMPATH/CodeIgniter.php(502): CodeIgniter\CodeIgniter->runController(Object(Applications\USER\Controllers\DeliveryManagement))
 4 SYSTEMPATH/CodeIgniter.php(361): CodeIgniter\CodeIgniter->handleRequest(null, Object(Config\Cache), false)
 5 FCPATH/index.php(80): CodeIgniter\CodeIgniter->run()
