CRITICAL - 2024-05-30 09:36:12 --> ErrorException: Undefined variable $status1
in FCPATH/applications/USER/Views/BiddingSession/view.php on line 184.
 1 FCPATH/applications/USER/Views/BiddingSession/view.php(184): CodeIgniter\Debug\Exceptions->errorHandler(2, 'Undefined variable $status1', '/var/www/eazyhosting.in/public_html/applications/USER/Views/BiddingSession/view.php', 184)
 2 SYSTEMPATH/View/View.php(228): include('/var/www/eazyhosting.in/public_html/applications/USER/Views/BiddingSession/view.php')
 3 SYSTEMPATH/View/View.php(231): CodeIgniter\View\View->CodeIgniter\View\{closure}()
 4 SYSTEMPATH/Common.php(1178): CodeIgniter\View\View->render('Applications\\USER\\Views\\BiddingSession\\view', [], true)
 5 FCPATH/applications/USER/Controllers/BiddingSession.php(416): view('Applications\\USER\\Views\\BiddingSession\\view', [...])
 6 SYSTEMPATH/CodeIgniter.php(941): Applications\USER\Controllers\BiddingSession->view('6')
 7 SYSTEMPATH/CodeIgniter.php(502): CodeIgniter\CodeIgniter->runController(Object(Applications\USER\Controllers\BiddingSession))
 8 SYSTEMPATH/CodeIgniter.php(361): CodeIgniter\CodeIgniter->handleRequest(null, Object(Config\Cache), false)
 9 FCPATH/index.php(80): CodeIgniter\CodeIgniter->run()
CRITICAL - 2024-05-30 09:36:23 --> ErrorException: Undefined variable $status1
in FCPATH/applications/USER/Views/BiddingSession/view.php on line 184.
 1 FCPATH/applications/USER/Views/BiddingSession/view.php(184): CodeIgniter\Debug\Exceptions->errorHandler(2, 'Undefined variable $status1', '/var/www/eazyhosting.in/public_html/applications/USER/Views/BiddingSession/view.php', 184)
 2 SYSTEMPATH/View/View.php(228): include('/var/www/eazyhosting.in/public_html/applications/USER/Views/BiddingSession/view.php')
 3 SYSTEMPATH/View/View.php(231): CodeIgniter\View\View->CodeIgniter\View\{closure}()
 4 SYSTEMPATH/Common.php(1178): CodeIgniter\View\View->render('Applications\\USER\\Views\\BiddingSession\\view', [], true)
 5 FCPATH/applications/USER/Controllers/BiddingSession.php(416): view('Applications\\USER\\Views\\BiddingSession\\view', [...])
 6 SYSTEMPATH/CodeIgniter.php(941): Applications\USER\Controllers\BiddingSession->view('6')
 7 SYSTEMPATH/CodeIgniter.php(502): CodeIgniter\CodeIgniter->runController(Object(Applications\USER\Controllers\BiddingSession))
 8 SYSTEMPATH/CodeIgniter.php(361): CodeIgniter\CodeIgniter->handleRequest(null, Object(Config\Cache), false)
 9 FCPATH/index.php(80): CodeIgniter\CodeIgniter->run()
CRITICAL - 2024-05-30 09:36:39 --> ErrorException: Undefined variable $status1
in FCPATH/applications/USER/Views/BiddingSession/view.php on line 184.
 1 FCPATH/applications/USER/Views/BiddingSession/view.php(184): CodeIgniter\Debug\Exceptions->errorHandler(2, 'Undefined variable $status1', '/var/www/eazyhosting.in/public_html/applications/USER/Views/BiddingSession/view.php', 184)
 2 SYSTEMPATH/View/View.php(228): include('/var/www/eazyhosting.in/public_html/applications/USER/Views/BiddingSession/view.php')
 3 SYSTEMPATH/View/View.php(231): CodeIgniter\View\View->CodeIgniter\View\{closure}()
 4 SYSTEMPATH/Common.php(1178): CodeIgniter\View\View->render('Applications\\USER\\Views\\BiddingSession\\view', [], true)
 5 FCPATH/applications/USER/Controllers/BiddingSession.php(416): view('Applications\\USER\\Views\\BiddingSession\\view', [...])
 6 SYSTEMPATH/CodeIgniter.php(941): Applications\USER\Controllers\BiddingSession->view('6')
 7 SYSTEMPATH/CodeIgniter.php(502): CodeIgniter\CodeIgniter->runController(Object(Applications\USER\Controllers\BiddingSession))
 8 SYSTEMPATH/CodeIgniter.php(361): CodeIgniter\CodeIgniter->handleRequest(null, Object(Config\Cache), false)
 9 FCPATH/index.php(80): CodeIgniter\CodeIgniter->run()
CRITICAL - 2024-05-30 09:37:09 --> ErrorException: Undefined variable $status1
in FCPATH/applications/USER/Views/BiddingSession/view.php on line 184.
 1 FCPATH/applications/USER/Views/BiddingSession/view.php(184): CodeIgniter\Debug\Exceptions->errorHandler(2, 'Undefined variable $status1', '/var/www/eazyhosting.in/public_html/applications/USER/Views/BiddingSession/view.php', 184)
 2 SYSTEMPATH/View/View.php(228): include('/var/www/eazyhosting.in/public_html/applications/USER/Views/BiddingSession/view.php')
 3 SYSTEMPATH/View/View.php(231): CodeIgniter\View\View->CodeIgniter\View\{closure}()
 4 SYSTEMPATH/Common.php(1178): CodeIgniter\View\View->render('Applications\\USER\\Views\\BiddingSession\\view', [], true)
 5 FCPATH/applications/USER/Controllers/BiddingSession.php(416): view('Applications\\USER\\Views\\BiddingSession\\view', [...])
 6 SYSTEMPATH/CodeIgniter.php(941): Applications\USER\Controllers\BiddingSession->view('6')
 7 SYSTEMPATH/CodeIgniter.php(502): CodeIgniter\CodeIgniter->runController(Object(Applications\USER\Controllers\BiddingSession))
 8 SYSTEMPATH/CodeIgniter.php(361): CodeIgniter\CodeIgniter->handleRequest(null, Object(Config\Cache), false)
 9 FCPATH/index.php(80): CodeIgniter\CodeIgniter->run()
CRITICAL - 2024-05-30 09:37:17 --> ErrorException: Undefined variable $status1
in FCPATH/applications/USER/Views/BiddingSession/view.php on line 184.
 1 FCPATH/applications/USER/Views/BiddingSession/view.php(184): CodeIgniter\Debug\Exceptions->errorHandler(2, 'Undefined variable $status1', '/var/www/eazyhosting.in/public_html/applications/USER/Views/BiddingSession/view.php', 184)
 2 SYSTEMPATH/View/View.php(228): include('/var/www/eazyhosting.in/public_html/applications/USER/Views/BiddingSession/view.php')
 3 SYSTEMPATH/View/View.php(231): CodeIgniter\View\View->CodeIgniter\View\{closure}()
 4 SYSTEMPATH/Common.php(1178): CodeIgniter\View\View->render('Applications\\USER\\Views\\BiddingSession\\view', [], true)
 5 FCPATH/applications/USER/Controllers/BiddingSession.php(416): view('Applications\\USER\\Views\\BiddingSession\\view', [...])
 6 SYSTEMPATH/CodeIgniter.php(941): Applications\USER\Controllers\BiddingSession->view('6')
 7 SYSTEMPATH/CodeIgniter.php(502): CodeIgniter\CodeIgniter->runController(Object(Applications\USER\Controllers\BiddingSession))
 8 SYSTEMPATH/CodeIgniter.php(361): CodeIgniter\CodeIgniter->handleRequest(null, Object(Config\Cache), false)
 9 FCPATH/index.php(80): CodeIgniter\CodeIgniter->run()
CRITICAL - 2024-05-30 09:46:25 --> ErrorException: Undefined array key "min_price"
in FCPATH/applications/USER/Views/BiddingSession/biddingFrameReserve.php on line 100.
 1 FCPATH/applications/USER/Views/BiddingSession/biddingFrameReserve.php(100): CodeIgniter\Debug\Exceptions->errorHandler(2, 'Undefined array key "min_price"', '/var/www/eazyhosting.in/public_html/applications/USER/Views/BiddingSession/biddingFrameReserve.php', 100)
 2 SYSTEMPATH/View/View.php(228): include('/var/www/eazyhosting.in/public_html/applications/USER/Views/BiddingSession/biddingFrameReserve.php')
 3 SYSTEMPATH/View/View.php(231): CodeIgniter\View\View->CodeIgniter\View\{closure}()
 4 SYSTEMPATH/Common.php(1178): CodeIgniter\View\View->render('Applications\\USER\\Views\\BiddingSession\\biddingFrameReserve', [], true)
 5 FCPATH/applications/USER/Controllers/BiddingSession.php(866): view('Applications\\USER\\Views\\BiddingSession\\biddingFrameReserve', [...])
 6 SYSTEMPATH/CodeIgniter.php(941): Applications\USER\Controllers\BiddingSession->editReserveBidframe('6')
 7 SYSTEMPATH/CodeIgniter.php(502): CodeIgniter\CodeIgniter->runController(Object(Applications\USER\Controllers\BiddingSession))
 8 SYSTEMPATH/CodeIgniter.php(361): CodeIgniter\CodeIgniter->handleRequest(null, Object(Config\Cache), false)
 9 FCPATH/index.php(80): CodeIgniter\CodeIgniter->run()
CRITICAL - 2024-05-30 10:10:58 --> ErrorException: Trying to access array offset on value of type null
in FCPATH/applications/USER/Controllers/BiddingSession.php on line 813.
 1 FCPATH/applications/USER/Controllers/BiddingSession.php(813): CodeIgniter\Debug\Exceptions->errorHandler(2, 'Trying to access array offset on value of type null', '/var/www/eazyhosting.in/public_html/applications/USER/Controllers/BiddingSession.php', 813)
 2 SYSTEMPATH/CodeIgniter.php(941): Applications\USER\Controllers\BiddingSession->editReserve('7')
 3 SYSTEMPATH/CodeIgniter.php(502): CodeIgniter\CodeIgniter->runController(Object(Applications\USER\Controllers\BiddingSession))
 4 SYSTEMPATH/CodeIgniter.php(361): CodeIgniter\CodeIgniter->handleRequest(null, Object(Config\Cache), false)
 5 FCPATH/index.php(80): CodeIgniter\CodeIgniter->run()
CRITICAL - 2024-05-30 10:11:13 --> ErrorException: Trying to access array offset on value of type null
in FCPATH/applications/USER/Controllers/BiddingSession.php on line 813.
 1 FCPATH/applications/USER/Controllers/BiddingSession.php(813): CodeIgniter\Debug\Exceptions->errorHandler(2, 'Trying to access array offset on value of type null', '/var/www/eazyhosting.in/public_html/applications/USER/Controllers/BiddingSession.php', 813)
 2 SYSTEMPATH/CodeIgniter.php(941): Applications\USER\Controllers\BiddingSession->editReserve('7')
 3 SYSTEMPATH/CodeIgniter.php(502): CodeIgniter\CodeIgniter->runController(Object(Applications\USER\Controllers\BiddingSession))
 4 SYSTEMPATH/CodeIgniter.php(361): CodeIgniter\CodeIgniter->handleRequest(null, Object(Config\Cache), false)
 5 FCPATH/index.php(80): CodeIgniter\CodeIgniter->run()
CRITICAL - 2024-05-30 10:11:26 --> ErrorException: Trying to access array offset on value of type null
in FCPATH/applications/USER/Controllers/BiddingSession.php on line 813.
 1 FCPATH/applications/USER/Controllers/BiddingSession.php(813): CodeIgniter\Debug\Exceptions->errorHandler(2, 'Trying to access array offset on value of type null', '/var/www/eazyhosting.in/public_html/applications/USER/Controllers/BiddingSession.php', 813)
 2 SYSTEMPATH/CodeIgniter.php(941): Applications\USER\Controllers\BiddingSession->editReserve('7')
 3 SYSTEMPATH/CodeIgniter.php(502): CodeIgniter\CodeIgniter->runController(Object(Applications\USER\Controllers\BiddingSession))
 4 SYSTEMPATH/CodeIgniter.php(361): CodeIgniter\CodeIgniter->handleRequest(null, Object(Config\Cache), false)
 5 FCPATH/index.php(80): CodeIgniter\CodeIgniter->run()
CRITICAL - 2024-05-30 10:11:28 --> ErrorException: Trying to access array offset on value of type null
in FCPATH/applications/USER/Controllers/BiddingSession.php on line 50.
 1 FCPATH/applications/USER/Controllers/BiddingSession.php(50): CodeIgniter\Debug\Exceptions->errorHandler(2, 'Trying to access array offset on value of type null', '/var/www/eazyhosting.in/public_html/applications/USER/Controllers/BiddingSession.php', 50)
 2 SYSTEMPATH/CodeIgniter.php(941): Applications\USER\Controllers\BiddingSession->index()
 3 SYSTEMPATH/CodeIgniter.php(502): CodeIgniter\CodeIgniter->runController(Object(Applications\USER\Controllers\BiddingSession))
 4 SYSTEMPATH/CodeIgniter.php(361): CodeIgniter\CodeIgniter->handleRequest(null, Object(Config\Cache), false)
 5 FCPATH/index.php(80): CodeIgniter\CodeIgniter->run()
CRITICAL - 2024-05-30 10:11:32 --> ErrorException: Trying to access array offset on value of type null
in FCPATH/applications/USER/Controllers/BiddingSession.php on line 50.
 1 FCPATH/applications/USER/Controllers/BiddingSession.php(50): CodeIgniter\Debug\Exceptions->errorHandler(2, 'Trying to access array offset on value of type null', '/var/www/eazyhosting.in/public_html/applications/USER/Controllers/BiddingSession.php', 50)
 2 SYSTEMPATH/CodeIgniter.php(941): Applications\USER\Controllers\BiddingSession->index()
 3 SYSTEMPATH/CodeIgniter.php(502): CodeIgniter\CodeIgniter->runController(Object(Applications\USER\Controllers\BiddingSession))
 4 SYSTEMPATH/CodeIgniter.php(361): CodeIgniter\CodeIgniter->handleRequest(null, Object(Config\Cache), false)
 5 FCPATH/index.php(80): CodeIgniter\CodeIgniter->run()
CRITICAL - 2024-05-30 10:11:35 --> ErrorException: Trying to access array offset on value of type null
in FCPATH/applications/USER/Controllers/AuctionStock.php on line 53.
 1 FCPATH/applications/USER/Controllers/AuctionStock.php(53): CodeIgniter\Debug\Exceptions->errorHandler(2, 'Trying to access array offset on value of type null', '/var/www/eazyhosting.in/public_html/applications/USER/Controllers/AuctionStock.php', 53)
 2 SYSTEMPATH/CodeIgniter.php(941): Applications\USER\Controllers\AuctionStock->index()
 3 SYSTEMPATH/CodeIgniter.php(502): CodeIgniter\CodeIgniter->runController(Object(Applications\USER\Controllers\AuctionStock))
 4 SYSTEMPATH/CodeIgniter.php(361): CodeIgniter\CodeIgniter->handleRequest(null, Object(Config\Cache), false)
 5 FCPATH/index.php(80): CodeIgniter\CodeIgniter->run()
CRITICAL - 2024-05-30 11:07:43 --> ErrorException: Undefined array key "auction"
in FCPATH/applications/USER/Controllers/BiddingSession.php on line 371.
 1 FCPATH/applications/USER/Controllers/BiddingSession.php(371): CodeIgniter\Debug\Exceptions->errorHandler(2, 'Undefined array key "auction"', '/var/www/eazyhosting.in/public_html/applications/USER/Controllers/BiddingSession.php', 371)
 2 SYSTEMPATH/CodeIgniter.php(941): Applications\USER\Controllers\BiddingSession->view('1')
 3 SYSTEMPATH/CodeIgniter.php(502): CodeIgniter\CodeIgniter->runController(Object(Applications\USER\Controllers\BiddingSession))
 4 SYSTEMPATH/CodeIgniter.php(361): CodeIgniter\CodeIgniter->handleRequest(null, Object(Config\Cache), false)
 5 FCPATH/index.php(80): CodeIgniter\CodeIgniter->run()
CRITICAL - 2024-05-30 16:25:22 --> ErrorException: Trying to access array offset on value of type null
in FCPATH/applications/USER/Controllers/Inward.php on line 354.
 1 FCPATH/applications/USER/Controllers/Inward.php(354): CodeIgniter\Debug\Exceptions->errorHandler(2, 'Trying to access array offset on value of type null', '/var/www/eazyhosting.in/public_html/applications/USER/Controllers/Inward.php', 354)
 2 SYSTEMPATH/CodeIgniter.php(941): Applications\USER\Controllers\Inward->View('Š{è‰Ç©®)í†Ù¥')
 3 SYSTEMPATH/CodeIgniter.php(502): CodeIgniter\CodeIgniter->runController(Object(Applications\USER\Controllers\Inward))
 4 SYSTEMPATH/CodeIgniter.php(361): CodeIgniter\CodeIgniter->handleRequest(null, Object(Config\Cache), false)
 5 FCPATH/index.php(80): CodeIgniter\CodeIgniter->run()
CRITICAL - 2024-05-30 17:51:14 --> ErrorException: Trying to access array offset on value of type null
in FCPATH/applications/USER/Controllers/Inward.php on line 316.
 1 FCPATH/applications/USER/Controllers/Inward.php(316): CodeIgniter\Debug\Exceptions->errorHandler(2, 'Trying to access array offset on value of type null', '/var/www/eazyhosting.in/public_html/applications/USER/Controllers/Inward.php', 316)
 2 SYSTEMPATH/CodeIgniter.php(941): Applications\USER\Controllers\Inward->GetGardenGrades()
 3 SYSTEMPATH/CodeIgniter.php(502): CodeIgniter\CodeIgniter->runController(Object(Applications\USER\Controllers\Inward))
 4 SYSTEMPATH/CodeIgniter.php(361): CodeIgniter\CodeIgniter->handleRequest(null, Object(Config\Cache), false)
 5 FCPATH/index.php(80): CodeIgniter\CodeIgniter->run()
