CRITICAL - 2024-04-02 07:58:32 --> ErrorException: Trying to access array offset on value of type null
in FCPATH\applications\BUYER\Views\dashboard.php on line 60.
 1 FCPATH\applications\BUYER\Views\dashboard.php(60): CodeIgniter\Debug\Exceptions->errorHandler(2, 'Trying to access array offset on value of type null', 'F:\\xampp\\htdocs\\oams_staging\\frontend\\applications\\BUYER\\Views\\dashboard.php', 60)
 2 SYSTEMPATH\View\View.php(228): include('F:\\xampp\\htdocs\\oams_staging\\frontend\\applications\\BUYER\\Views\\dashboard.php')
 3 SYSTEMPATH\View\View.php(231): CodeIgniter\View\View->CodeIgniter\View\{closure}()
 4 SYSTEMPATH\Common.php(1178): CodeIgniter\View\View->render('Applications\\BUYER\\Views\\dashboard', [], true)
 5 FCPATH\applications\BUYER\Controllers\Dashboard.php(52): view('Applications\\BUYER\\Views\\dashboard', [...])
 6 SYSTEMPATH\CodeIgniter.php(941): Applications\BUYER\Controllers\Dashboard->index()
 7 SYSTEMPATH\CodeIgniter.php(502): CodeIgniter\CodeIgniter->runController(Object(Applications\BUYER\Controllers\Dashboard))
 8 SYSTEMPATH\CodeIgniter.php(361): CodeIgniter\CodeIgniter->handleRequest(null, Object(Config\Cache), false)
 9 FCPATH\index.php(80): CodeIgniter\CodeIgniter->run()
CRITICAL - 2024-04-02 08:08:56 --> ErrorException: Trying to access array offset on value of type null
in FCPATH\applications\BUYER\Controllers\BiddingCenter.php on line 38.
 1 FCPATH\applications\BUYER\Controllers\BiddingCenter.php(38): CodeIgniter\Debug\Exceptions->errorHandler(2, 'Trying to access array offset on value of type null', 'F:\\xampp\\htdocs\\oams_staging\\frontend\\applications\\BUYER\\Controllers\\BiddingCenter.php', 38)
 2 SYSTEMPATH\CodeIgniter.php(941): Applications\BUYER\Controllers\BiddingCenter->index('1')
 3 SYSTEMPATH\CodeIgniter.php(502): CodeIgniter\CodeIgniter->runController(Object(Applications\BUYER\Controllers\BiddingCenter))
 4 SYSTEMPATH\CodeIgniter.php(361): CodeIgniter\CodeIgniter->handleRequest(null, Object(Config\Cache), false)
 5 FCPATH\index.php(80): CodeIgniter\CodeIgniter->run()
CRITICAL - 2024-04-02 08:10:16 --> ErrorException: Undefined array key 10
in FCPATH\applications\BUYER\Controllers\BiddingCenter.php on line 38.
 1 FCPATH\applications\BUYER\Controllers\BiddingCenter.php(38): CodeIgniter\Debug\Exceptions->errorHandler(2, 'Undefined array key 10', 'F:\\xampp\\htdocs\\oams_staging\\frontend\\applications\\BUYER\\Controllers\\BiddingCenter.php', 38)
 2 SYSTEMPATH\CodeIgniter.php(941): Applications\BUYER\Controllers\BiddingCenter->index('1')
 3 SYSTEMPATH\CodeIgniter.php(502): CodeIgniter\CodeIgniter->runController(Object(Applications\BUYER\Controllers\BiddingCenter))
 4 SYSTEMPATH\CodeIgniter.php(361): CodeIgniter\CodeIgniter->handleRequest(null, Object(Config\Cache), false)
 5 FCPATH\index.php(80): CodeIgniter\CodeIgniter->run()
CRITICAL - 2024-04-02 13:47:25 --> TypeError: array_column_recursive(): Argument #1 ($array) must be of type array, null given, called in F:\xampp\htdocs\oams_staging\frontend\applications\USER\Views\sidebar.php on line 23
in APPPATH\Helpers\curl_helper.php on line 67.
 1 FCPATH\applications\USER\Views\sidebar.php(23): array_column_recursive(null, 'module_id')
 2 SYSTEMPATH\View\View.php(228): include('F:\\xampp\\htdocs\\oams_staging\\frontend\\applications\\USER\\Views\\sidebar.php')
 3 SYSTEMPATH\View\View.php(231): CodeIgniter\View\View->CodeIgniter\View\{closure}()
 4 SYSTEMPATH\Common.php(1178): CodeIgniter\View\View->render('Applications\\USER\\Views\\sidebar', [], true)
 5 FCPATH\applications\USER\Controllers\Dashboard.php(26): view('Applications\\USER\\Views\\sidebar', [...])
 6 SYSTEMPATH\CodeIgniter.php(941): Applications\USER\Controllers\Dashboard->index()
 7 SYSTEMPATH\CodeIgniter.php(502): CodeIgniter\CodeIgniter->runController(Object(Applications\USER\Controllers\Dashboard))
 8 SYSTEMPATH\CodeIgniter.php(361): CodeIgniter\CodeIgniter->handleRequest(null, Object(Config\Cache), false)
 9 FCPATH\index.php(80): CodeIgniter\CodeIgniter->run()
