CRITICAL - 2024-05-21 10:51:04 --> ErrorException: Trying to access array offset on value of type null
in FCPATH/applications/SA/Controllers/roles.php on line 98.
 1 FCPATH/applications/SA/Controllers/roles.php(98): CodeIgniter\Debug\Exceptions->errorHandler(2, 'Trying to access array offset on value of type null', '/var/www/html/applications/SA/Controllers/roles.php', 98)
 2 SYSTEMPATH/CodeIgniter.php(941): Applications\SA\Controllers\roles->store()
 3 SYSTEMPATH/CodeIgniter.php(502): CodeIgniter\CodeIgniter->runController(Object(Applications\SA\Controllers\roles))
 4 SYSTEMPATH/CodeIgniter.php(361): CodeIgniter\CodeIgniter->handleRequest(null, Object(Config\Cache), false)
 5 FCPATH/index.php(80): CodeIgniter\CodeIgniter->run()
CRITICAL - 2024-05-21 10:52:45 --> ErrorException: Trying to access array offset on value of type null
in FCPATH/applications/SA/Controllers/roles.php on line 98.
 1 FCPATH/applications/SA/Controllers/roles.php(98): CodeIgniter\Debug\Exceptions->errorHandler(2, 'Trying to access array offset on value of type null', '/var/www/html/applications/SA/Controllers/roles.php', 98)
 2 SYSTEMPATH/CodeIgniter.php(941): Applications\SA\Controllers\roles->store()
 3 SYSTEMPATH/CodeIgniter.php(502): CodeIgniter\CodeIgniter->runController(Object(Applications\SA\Controllers\roles))
 4 SYSTEMPATH/CodeIgniter.php(361): CodeIgniter\CodeIgniter->handleRequest(null, Object(Config\Cache), false)
 5 FCPATH/index.php(80): CodeIgniter\CodeIgniter->run()
CRITICAL - 2024-05-21 15:49:31 --> ErrorException: Trying to access array offset on value of type null
in FCPATH/applications/USER/Controllers/Inward.php on line 314.
 1 FCPATH/applications/USER/Controllers/Inward.php(314): CodeIgniter\Debug\Exceptions->errorHandler(2, 'Trying to access array offset on value of type null', '/var/www/html/applications/USER/Controllers/Inward.php', 314)
 2 SYSTEMPATH/CodeIgniter.php(941): Applications\USER\Controllers\Inward->GetGardenGrades()
 3 SYSTEMPATH/CodeIgniter.php(502): CodeIgniter\CodeIgniter->runController(Object(Applications\USER\Controllers\Inward))
 4 SYSTEMPATH/CodeIgniter.php(361): CodeIgniter\CodeIgniter->handleRequest(null, Object(Config\Cache), false)
 5 FCPATH/index.php(80): CodeIgniter\CodeIgniter->run()
CRITICAL - 2024-05-21 18:03:03 --> ErrorException: Undefined variable $val
in FCPATH/applications/USER/Views/BiddingSession/view.php on line 151.
 1 FCPATH/applications/USER/Views/BiddingSession/view.php(151): CodeIgniter\Debug\Exceptions->errorHandler(2, 'Undefined variable $val', '/var/www/html/applications/USER/Views/BiddingSession/view.php', 151)
 2 SYSTEMPATH/View/View.php(228): include('/var/www/html/applications/USER/Views/BiddingSession/view.php')
 3 SYSTEMPATH/View/View.php(231): CodeIgniter\View\View->CodeIgniter\View\{closure}()
 4 SYSTEMPATH/Common.php(1178): CodeIgniter\View\View->render('Applications\\USER\\Views\\BiddingSession\\view', [], true)
 5 FCPATH/applications/USER/Controllers/BiddingSession.php(414): view('Applications\\USER\\Views\\BiddingSession\\view', [...])
 6 SYSTEMPATH/CodeIgniter.php(941): Applications\USER\Controllers\BiddingSession->view('1')
 7 SYSTEMPATH/CodeIgniter.php(502): CodeIgniter\CodeIgniter->runController(Object(Applications\USER\Controllers\BiddingSession))
 8 SYSTEMPATH/CodeIgniter.php(361): CodeIgniter\CodeIgniter->handleRequest(null, Object(Config\Cache), false)
 9 FCPATH/index.php(80): CodeIgniter\CodeIgniter->run()
CRITICAL - 2024-05-21 18:06:58 --> ErrorException: Undefined array key "start_time"
in FCPATH/applications/USER/Views/BiddingSession/view.php on line 151.
 1 FCPATH/applications/USER/Views/BiddingSession/view.php(151): CodeIgniter\Debug\Exceptions->errorHandler(2, 'Undefined array key "start_time"', '/var/www/html/applications/USER/Views/BiddingSession/view.php', 151)
 2 SYSTEMPATH/View/View.php(228): include('/var/www/html/applications/USER/Views/BiddingSession/view.php')
 3 SYSTEMPATH/View/View.php(231): CodeIgniter\View\View->CodeIgniter\View\{closure}()
 4 SYSTEMPATH/Common.php(1178): CodeIgniter\View\View->render('Applications\\USER\\Views\\BiddingSession\\view', [], true)
 5 FCPATH/applications/USER/Controllers/BiddingSession.php(414): view('Applications\\USER\\Views\\BiddingSession\\view', [...])
 6 SYSTEMPATH/CodeIgniter.php(941): Applications\USER\Controllers\BiddingSession->view('1')
 7 SYSTEMPATH/CodeIgniter.php(502): CodeIgniter\CodeIgniter->runController(Object(Applications\USER\Controllers\BiddingSession))
 8 SYSTEMPATH/CodeIgniter.php(361): CodeIgniter\CodeIgniter->handleRequest(null, Object(Config\Cache), false)
 9 FCPATH/index.php(80): CodeIgniter\CodeIgniter->run()
CRITICAL - 2024-05-21 18:16:58 --> ErrorException: Undefined array key "start_time"
in FCPATH/applications/USER/Views/BiddingSession/view.php on line 151.
 1 FCPATH/applications/USER/Views/BiddingSession/view.php(151): CodeIgniter\Debug\Exceptions->errorHandler(2, 'Undefined array key "start_time"', '/var/www/html/applications/USER/Views/BiddingSession/view.php', 151)
 2 SYSTEMPATH/View/View.php(228): include('/var/www/html/applications/USER/Views/BiddingSession/view.php')
 3 SYSTEMPATH/View/View.php(231): CodeIgniter\View\View->CodeIgniter\View\{closure}()
 4 SYSTEMPATH/Common.php(1178): CodeIgniter\View\View->render('Applications\\USER\\Views\\BiddingSession\\view', [], true)
 5 FCPATH/applications/USER/Controllers/BiddingSession.php(414): view('Applications\\USER\\Views\\BiddingSession\\view', [...])
 6 SYSTEMPATH/CodeIgniter.php(941): Applications\USER\Controllers\BiddingSession->view('1')
 7 SYSTEMPATH/CodeIgniter.php(502): CodeIgniter\CodeIgniter->runController(Object(Applications\USER\Controllers\BiddingSession))
 8 SYSTEMPATH/CodeIgniter.php(361): CodeIgniter\CodeIgniter->handleRequest(null, Object(Config\Cache), false)
 9 FCPATH/index.php(80): CodeIgniter\CodeIgniter->run()
CRITICAL - 2024-05-21 18:20:39 --> ErrorException: Undefined array key "start_time"
in FCPATH/applications/USER/Views/BiddingSession/view.php on line 151.
 1 FCPATH/applications/USER/Views/BiddingSession/view.php(151): CodeIgniter\Debug\Exceptions->errorHandler(2, 'Undefined array key "start_time"', '/var/www/html/applications/USER/Views/BiddingSession/view.php', 151)
 2 SYSTEMPATH/View/View.php(228): include('/var/www/html/applications/USER/Views/BiddingSession/view.php')
 3 SYSTEMPATH/View/View.php(231): CodeIgniter\View\View->CodeIgniter\View\{closure}()
 4 SYSTEMPATH/Common.php(1178): CodeIgniter\View\View->render('Applications\\USER\\Views\\BiddingSession\\view', [], true)
 5 FCPATH/applications/USER/Controllers/BiddingSession.php(414): view('Applications\\USER\\Views\\BiddingSession\\view', [...])
 6 SYSTEMPATH/CodeIgniter.php(941): Applications\USER\Controllers\BiddingSession->view('1')
 7 SYSTEMPATH/CodeIgniter.php(502): CodeIgniter\CodeIgniter->runController(Object(Applications\USER\Controllers\BiddingSession))
 8 SYSTEMPATH/CodeIgniter.php(361): CodeIgniter\CodeIgniter->handleRequest(null, Object(Config\Cache), false)
 9 FCPATH/index.php(80): CodeIgniter\CodeIgniter->run()
