CRITICAL - 2024-03-19 18:36:49 --> ErrorException: Undefined variable $category_data
in FCPATH\applications\USER\Views\Garden\create.php on line 35.
 1 FCPATH\applications\USER\Views\Garden\create.php(35): CodeIgniter\Debug\Exceptions->errorHandler(2, 'Undefined variable $category_data', 'F:\\xampp\\htdocs\\oams_staging\\frontend\\applications\\USER\\Views\\Garden\\create.php', 35)
 2 SYSTEMPATH\View\View.php(228): include('F:\\xampp\\htdocs\\oams_staging\\frontend\\applications\\USER\\Views\\Garden\\create.php')
 3 SYSTEMPATH\View\View.php(231): CodeIgniter\View\View->CodeIgniter\View\{closure}()
 4 SYSTEMPATH\Common.php(1178): CodeIgniter\View\View->render('Applications\\USER\\Views\\Garden\\create', [], true)
 5 FCPATH\applications\USER\Controllers\Garden.php(95): view('Applications\\USER\\Views\\Garden\\create', [...])
 6 SYSTEMPATH\CodeIgniter.php(941): Applications\USER\Controllers\Garden->create()
 7 SYSTEMPATH\CodeIgniter.php(502): CodeIgniter\CodeIgniter->runController(Object(Applications\USER\Controllers\Garden))
 8 SYSTEMPATH\CodeIgniter.php(361): CodeIgniter\CodeIgniter->handleRequest(null, Object(Config\Cache), false)
 9 FCPATH\index.php(80): CodeIgniter\CodeIgniter->run()
CRITICAL - 2024-03-19 18:38:22 --> ErrorException: Undefined variable $category_data
in FCPATH\applications\USER\Views\Garden\create.php on line 35.
 1 FCPATH\applications\USER\Views\Garden\create.php(35): CodeIgniter\Debug\Exceptions->errorHandler(2, 'Undefined variable $category_data', 'F:\\xampp\\htdocs\\oams_staging\\frontend\\applications\\USER\\Views\\Garden\\create.php', 35)
 2 SYSTEMPATH\View\View.php(228): include('F:\\xampp\\htdocs\\oams_staging\\frontend\\applications\\USER\\Views\\Garden\\create.php')
 3 SYSTEMPATH\View\View.php(231): CodeIgniter\View\View->CodeIgniter\View\{closure}()
 4 SYSTEMPATH\Common.php(1178): CodeIgniter\View\View->render('Applications\\USER\\Views\\Garden\\create', [], true)
 5 FCPATH\applications\USER\Controllers\Garden.php(95): view('Applications\\USER\\Views\\Garden\\create', [...])
 6 SYSTEMPATH\CodeIgniter.php(941): Applications\USER\Controllers\Garden->create()
 7 SYSTEMPATH\CodeIgniter.php(502): CodeIgniter\CodeIgniter->runController(Object(Applications\USER\Controllers\Garden))
 8 SYSTEMPATH\CodeIgniter.php(361): CodeIgniter\CodeIgniter->handleRequest(null, Object(Config\Cache), false)
 9 FCPATH\index.php(80): CodeIgniter\CodeIgniter->run()
CRITICAL - 2024-03-19 18:51:51 --> ErrorException: Trying to access array offset on value of type null
in FCPATH\applications\USER\Controllers\Garden.php on line 201.
 1 FCPATH\applications\USER\Controllers\Garden.php(201): CodeIgniter\Debug\Exceptions->errorHandler(2, 'Trying to access array offset on value of type null', 'F:\\xampp\\htdocs\\oams_staging\\frontend\\applications\\USER\\Controllers\\Garden.php', 201)
 2 SYSTEMPATH\CodeIgniter.php(941): Applications\USER\Controllers\Garden->store()
 3 SYSTEMPATH\CodeIgniter.php(502): CodeIgniter\CodeIgniter->runController(Object(Applications\USER\Controllers\Garden))
 4 SYSTEMPATH\CodeIgniter.php(361): CodeIgniter\CodeIgniter->handleRequest(null, Object(Config\Cache), false)
 5 FCPATH\index.php(80): CodeIgniter\CodeIgniter->run()
CRITICAL - 2024-03-19 18:53:05 --> ErrorException: Trying to access array offset on value of type null
in FCPATH\applications\USER\Controllers\Garden.php on line 201.
 1 FCPATH\applications\USER\Controllers\Garden.php(201): CodeIgniter\Debug\Exceptions->errorHandler(2, 'Trying to access array offset on value of type null', 'F:\\xampp\\htdocs\\oams_staging\\frontend\\applications\\USER\\Controllers\\Garden.php', 201)
 2 SYSTEMPATH\CodeIgniter.php(941): Applications\USER\Controllers\Garden->store()
 3 SYSTEMPATH\CodeIgniter.php(502): CodeIgniter\CodeIgniter->runController(Object(Applications\USER\Controllers\Garden))
 4 SYSTEMPATH\CodeIgniter.php(361): CodeIgniter\CodeIgniter->handleRequest(null, Object(Config\Cache), false)
 5 FCPATH\index.php(80): CodeIgniter\CodeIgniter->run()
