CRITICAL - 2024-09-30 14:20:28 --> ErrorException: Trying to access array offset on value of type null
in FCPATH/applications/BUYER/Controllers/Auctions.php on line 375.
 1 FCPATH/applications/BUYER/Controllers/Auctions.php(375): CodeIgniter\Debug\Exceptions->errorHandler(2, 'Trying to access array offset on value of type null', '/var/www/eazyhosting.in/public_html/applications/BUYER/Controllers/Auctions.php', 375)
 2 SYSTEMPATH/CodeIgniter.php(941): Applications\BUYER\Controllers\Auctions->movetoclosed()
 3 SYSTEMPATH/CodeIgniter.php(502): CodeIgniter\CodeIgniter->runController(Object(Applications\BUYER\Controllers\Auctions))
 4 SYSTEMPATH/CodeIgniter.php(361): CodeIgniter\CodeIgniter->handleRequest(null, Object(Config\Cache), false)
 5 FCPATH/index.php(80): CodeIgniter\CodeIgniter->run()
CRITICAL - 2024-09-30 14:32:50 --> ErrorException: Trying to access array offset on value of type null
in FCPATH/applications/BUYER/Controllers/Auctions.php on line 375.
 1 FCPATH/applications/BUYER/Controllers/Auctions.php(375): CodeIgniter\Debug\Exceptions->errorHandler(2, 'Trying to access array offset on value of type null', '/var/www/eazyhosting.in/public_html/applications/BUYER/Controllers/Auctions.php', 375)
 2 SYSTEMPATH/CodeIgniter.php(941): Applications\BUYER\Controllers\Auctions->movetoclosed()
 3 SYSTEMPATH/CodeIgniter.php(502): CodeIgniter\CodeIgniter->runController(Object(Applications\BUYER\Controllers\Auctions))
 4 SYSTEMPATH/CodeIgniter.php(361): CodeIgniter\CodeIgniter->handleRequest(null, Object(Config\Cache), false)
 5 FCPATH/index.php(80): CodeIgniter\CodeIgniter->run()
CRITICAL - 2024-09-30 14:43:44 --> ErrorException: Trying to access array offset on value of type null
in FCPATH/applications/BUYER/Controllers/Auctions.php on line 375.
 1 FCPATH/applications/BUYER/Controllers/Auctions.php(375): CodeIgniter\Debug\Exceptions->errorHandler(2, 'Trying to access array offset on value of type null', '/var/www/eazyhosting.in/public_html/applications/BUYER/Controllers/Auctions.php', 375)
 2 SYSTEMPATH/CodeIgniter.php(941): Applications\BUYER\Controllers\Auctions->movetoclosed()
 3 SYSTEMPATH/CodeIgniter.php(502): CodeIgniter\CodeIgniter->runController(Object(Applications\BUYER\Controllers\Auctions))
 4 SYSTEMPATH/CodeIgniter.php(361): CodeIgniter\CodeIgniter->handleRequest(null, Object(Config\Cache), false)
 5 FCPATH/index.php(80): CodeIgniter\CodeIgniter->run()
CRITICAL - 2024-09-30 14:44:48 --> ErrorException: Trying to access array offset on value of type null
in FCPATH/applications/BUYER/Controllers/Auctions.php on line 375.
 1 FCPATH/applications/BUYER/Controllers/Auctions.php(375): CodeIgniter\Debug\Exceptions->errorHandler(2, 'Trying to access array offset on value of type null', '/var/www/eazyhosting.in/public_html/applications/BUYER/Controllers/Auctions.php', 375)
 2 SYSTEMPATH/CodeIgniter.php(941): Applications\BUYER\Controllers\Auctions->movetoclosed()
 3 SYSTEMPATH/CodeIgniter.php(502): CodeIgniter\CodeIgniter->runController(Object(Applications\BUYER\Controllers\Auctions))
 4 SYSTEMPATH/CodeIgniter.php(361): CodeIgniter\CodeIgniter->handleRequest(null, Object(Config\Cache), false)
 5 FCPATH/index.php(80): CodeIgniter\CodeIgniter->run()
CRITICAL - 2024-09-30 14:55:25 --> ErrorException: Trying to access array offset on value of type null
in FCPATH/applications/BUYER/Controllers/Auctions.php on line 375.
 1 FCPATH/applications/BUYER/Controllers/Auctions.php(375): CodeIgniter\Debug\Exceptions->errorHandler(2, 'Trying to access array offset on value of type null', '/var/www/eazyhosting.in/public_html/applications/BUYER/Controllers/Auctions.php', 375)
 2 SYSTEMPATH/CodeIgniter.php(941): Applications\BUYER\Controllers\Auctions->movetoclosed()
 3 SYSTEMPATH/CodeIgniter.php(502): CodeIgniter\CodeIgniter->runController(Object(Applications\BUYER\Controllers\Auctions))
 4 SYSTEMPATH/CodeIgniter.php(361): CodeIgniter\CodeIgniter->handleRequest(null, Object(Config\Cache), false)
 5 FCPATH/index.php(80): CodeIgniter\CodeIgniter->run()
