CRITICAL - 2024-07-05 16:15:18 --> ErrorException: Trying to access array offset on value of type null
in FCPATH/applications/BUYER/Controllers/Auctions.php on line 174.
 1 FCPATH/applications/BUYER/Controllers/Auctions.php(174): CodeIgniter\Debug\Exceptions->errorHandler(2, 'Trying to access array offset on value of type null', '/var/www/eazyhosting.in/public_html/applications/BUYER/Controllers/Auctions.php', 174)
 2 SYSTEMPATH/CodeIgniter.php(941): Applications\BUYER\Controllers\Auctions->completedDetail('41')
 3 SYSTEMPATH/CodeIgniter.php(502): CodeIgniter\CodeIgniter->runController(Object(Applications\BUYER\Controllers\Auctions))
 4 SYSTEMPATH/CodeIgniter.php(361): CodeIgniter\CodeIgniter->handleRequest(null, Object(Config\Cache), false)
 5 FCPATH/index.php(80): CodeIgniter\CodeIgniter->run()
CRITICAL - 2024-07-05 16:15:26 --> ErrorException: Trying to access array offset on value of type null
in FCPATH/applications/BUYER/Controllers/Auctions.php on line 174.
 1 FCPATH/applications/BUYER/Controllers/Auctions.php(174): CodeIgniter\Debug\Exceptions->errorHandler(2, 'Trying to access array offset on value of type null', '/var/www/eazyhosting.in/public_html/applications/BUYER/Controllers/Auctions.php', 174)
 2 SYSTEMPATH/CodeIgniter.php(941): Applications\BUYER\Controllers\Auctions->completedDetail('38')
 3 SYSTEMPATH/CodeIgniter.php(502): CodeIgniter\CodeIgniter->runController(Object(Applications\BUYER\Controllers\Auctions))
 4 SYSTEMPATH/CodeIgniter.php(361): CodeIgniter\CodeIgniter->handleRequest(null, Object(Config\Cache), false)
 5 FCPATH/index.php(80): CodeIgniter\CodeIgniter->run()
CRITICAL - 2024-07-05 16:54:39 --> ErrorException: Undefined array key "settings_buyer_show"
in FCPATH/applications/USER/Views/BiddingSession/biddingFrameReserve.php on line 70.
 1 FCPATH/applications/USER/Views/BiddingSession/biddingFrameReserve.php(70): CodeIgniter\Debug\Exceptions->errorHandler(2, 'Undefined array key "settings_buyer_show"', '/var/www/eazyhosting.in/public_html/applications/USER/Views/BiddingSession/biddingFrameReserve.php', 70)
 2 SYSTEMPATH/View/View.php(228): include('/var/www/eazyhosting.in/public_html/applications/USER/Views/BiddingSession/biddingFrameReserve.php')
 3 SYSTEMPATH/View/View.php(231): CodeIgniter\View\View->CodeIgniter\View\{closure}()
 4 SYSTEMPATH/Common.php(1178): CodeIgniter\View\View->render('Applications\\USER\\Views\\BiddingSession\\biddingFrameReserve', [], true)
 5 FCPATH/applications/USER/Controllers/BiddingSession.php(828): view('Applications\\USER\\Views\\BiddingSession\\biddingFrameReserve', [...])
 6 SYSTEMPATH/CodeIgniter.php(941): Applications\USER\Controllers\BiddingSession->editReserveBidframe('42')
 7 SYSTEMPATH/CodeIgniter.php(502): CodeIgniter\CodeIgniter->runController(Object(Applications\USER\Controllers\BiddingSession))
 8 SYSTEMPATH/CodeIgniter.php(361): CodeIgniter\CodeIgniter->handleRequest(null, Object(Config\Cache), false)
 9 FCPATH/index.php(80): CodeIgniter\CodeIgniter->run()
CRITICAL - 2024-07-05 16:54:41 --> ErrorException: Undefined array key "settings_buyer_show"
in FCPATH/applications/USER/Views/BiddingSession/biddingFrameReserve.php on line 70.
 1 FCPATH/applications/USER/Views/BiddingSession/biddingFrameReserve.php(70): CodeIgniter\Debug\Exceptions->errorHandler(2, 'Undefined array key "settings_buyer_show"', '/var/www/eazyhosting.in/public_html/applications/USER/Views/BiddingSession/biddingFrameReserve.php', 70)
 2 SYSTEMPATH/View/View.php(228): include('/var/www/eazyhosting.in/public_html/applications/USER/Views/BiddingSession/biddingFrameReserve.php')
 3 SYSTEMPATH/View/View.php(231): CodeIgniter\View\View->CodeIgniter\View\{closure}()
 4 SYSTEMPATH/Common.php(1178): CodeIgniter\View\View->render('Applications\\USER\\Views\\BiddingSession\\biddingFrameReserve', [], true)
 5 FCPATH/applications/USER/Controllers/BiddingSession.php(828): view('Applications\\USER\\Views\\BiddingSession\\biddingFrameReserve', [...])
 6 SYSTEMPATH/CodeIgniter.php(941): Applications\USER\Controllers\BiddingSession->editReserveBidframe('42')
 7 SYSTEMPATH/CodeIgniter.php(502): CodeIgniter\CodeIgniter->runController(Object(Applications\USER\Controllers\BiddingSession))
 8 SYSTEMPATH/CodeIgniter.php(361): CodeIgniter\CodeIgniter->handleRequest(null, Object(Config\Cache), false)
 9 FCPATH/index.php(80): CodeIgniter\CodeIgniter->run()
CRITICAL - 2024-07-05 21:39:12 --> ErrorException: Trying to access array offset on value of type int
in FCPATH/applications/BUYER/Controllers/Auctions.php on line 297.
 1 FCPATH/applications/BUYER/Controllers/Auctions.php(297): CodeIgniter\Debug\Exceptions->errorHandler(2, 'Trying to access array offset on value of type int', '/var/www/eazyhosting.in/public_html/applications/BUYER/Controllers/Auctions.php', 297)
 2 SYSTEMPATH/CodeIgniter.php(941): Applications\BUYER\Controllers\Auctions->auctionLots('46')
 3 SYSTEMPATH/CodeIgniter.php(502): CodeIgniter\CodeIgniter->runController(Object(Applications\BUYER\Controllers\Auctions))
 4 SYSTEMPATH/CodeIgniter.php(361): CodeIgniter\CodeIgniter->handleRequest(null, Object(Config\Cache), false)
 5 FCPATH/index.php(80): CodeIgniter\CodeIgniter->run()
CRITICAL - 2024-07-05 21:39:15 --> ErrorException: Trying to access array offset on value of type int
in FCPATH/applications/BUYER/Controllers/Auctions.php on line 297.
 1 FCPATH/applications/BUYER/Controllers/Auctions.php(297): CodeIgniter\Debug\Exceptions->errorHandler(2, 'Trying to access array offset on value of type int', '/var/www/eazyhosting.in/public_html/applications/BUYER/Controllers/Auctions.php', 297)
 2 SYSTEMPATH/CodeIgniter.php(941): Applications\BUYER\Controllers\Auctions->auctionLots('46')
 3 SYSTEMPATH/CodeIgniter.php(502): CodeIgniter\CodeIgniter->runController(Object(Applications\BUYER\Controllers\Auctions))
 4 SYSTEMPATH/CodeIgniter.php(361): CodeIgniter\CodeIgniter->handleRequest(null, Object(Config\Cache), false)
 5 FCPATH/index.php(80): CodeIgniter\CodeIgniter->run()
CRITICAL - 2024-07-05 22:07:47 --> ErrorException: Trying to access array offset on value of type null
in FCPATH/applications/USER/Controllers/BiddingSession.php on line 777.
 1 FCPATH/applications/USER/Controllers/BiddingSession.php(777): CodeIgniter\Debug\Exceptions->errorHandler(2, 'Trying to access array offset on value of type null', '/var/www/eazyhosting.in/public_html/applications/USER/Controllers/BiddingSession.php', 777)
 2 SYSTEMPATH/CodeIgniter.php(941): Applications\USER\Controllers\BiddingSession->editReserve('')
 3 SYSTEMPATH/CodeIgniter.php(502): CodeIgniter\CodeIgniter->runController(Object(Applications\USER\Controllers\BiddingSession))
 4 SYSTEMPATH/CodeIgniter.php(361): CodeIgniter\CodeIgniter->handleRequest(null, Object(Config\Cache), false)
 5 FCPATH/index.php(80): CodeIgniter\CodeIgniter->run()
