CRITICAL - 2024-06-06 11:28:43 --> ErrorException: Trying to access array offset on value of type null
in FCPATH/applications/USER/Controllers/Inward.php on line 341.
 1 FCPATH/applications/USER/Controllers/Inward.php(341): CodeIgniter\Debug\Exceptions->errorHandler(2, 'Trying to access array offset on value of type null', '/var/www/eazyhosting.in/public_html/applications/USER/Controllers/Inward.php', 341)
 2 SYSTEMPATH/CodeIgniter.php(941): Applications\USER\Controllers\Inward->GetGardenGrades()
 3 SYSTEMPATH/CodeIgniter.php(502): CodeIgniter\CodeIgniter->runController(Object(Applications\USER\Controllers\Inward))
 4 SYSTEMPATH/CodeIgniter.php(361): CodeIgniter\CodeIgniter->handleRequest(null, Object(Config\Cache), false)
 5 FCPATH/index.php(80): CodeIgniter\CodeIgniter->run()
CRITICAL - 2024-06-06 11:30:45 --> ErrorException: Trying to access array offset on value of type null
in FCPATH/applications/USER/Controllers/Inward.php on line 341.
 1 FCPATH/applications/USER/Controllers/Inward.php(341): CodeIgniter\Debug\Exceptions->errorHandler(2, 'Trying to access array offset on value of type null', '/var/www/eazyhosting.in/public_html/applications/USER/Controllers/Inward.php', 341)
 2 SYSTEMPATH/CodeIgniter.php(941): Applications\USER\Controllers\Inward->GetGardenGrades()
 3 SYSTEMPATH/CodeIgniter.php(502): CodeIgniter\CodeIgniter->runController(Object(Applications\USER\Controllers\Inward))
 4 SYSTEMPATH/CodeIgniter.php(361): CodeIgniter\CodeIgniter->handleRequest(null, Object(Config\Cache), false)
 5 FCPATH/index.php(80): CodeIgniter\CodeIgniter->run()
CRITICAL - 2024-06-06 11:31:02 --> ErrorException: Trying to access array offset on value of type null
in FCPATH/applications/USER/Controllers/Inward.php on line 341.
 1 FCPATH/applications/USER/Controllers/Inward.php(341): CodeIgniter\Debug\Exceptions->errorHandler(2, 'Trying to access array offset on value of type null', '/var/www/eazyhosting.in/public_html/applications/USER/Controllers/Inward.php', 341)
 2 SYSTEMPATH/CodeIgniter.php(941): Applications\USER\Controllers\Inward->GetGardenGrades()
 3 SYSTEMPATH/CodeIgniter.php(502): CodeIgniter\CodeIgniter->runController(Object(Applications\USER\Controllers\Inward))
 4 SYSTEMPATH/CodeIgniter.php(361): CodeIgniter\CodeIgniter->handleRequest(null, Object(Config\Cache), false)
 5 FCPATH/index.php(80): CodeIgniter\CodeIgniter->run()
CRITICAL - 2024-06-06 11:31:02 --> ErrorException: Trying to access array offset on value of type null
in FCPATH/applications/USER/Controllers/Inward.php on line 341.
 1 FCPATH/applications/USER/Controllers/Inward.php(341): CodeIgniter\Debug\Exceptions->errorHandler(2, 'Trying to access array offset on value of type null', '/var/www/eazyhosting.in/public_html/applications/USER/Controllers/Inward.php', 341)
 2 SYSTEMPATH/CodeIgniter.php(941): Applications\USER\Controllers\Inward->GetGardenGrades()
 3 SYSTEMPATH/CodeIgniter.php(502): CodeIgniter\CodeIgniter->runController(Object(Applications\USER\Controllers\Inward))
 4 SYSTEMPATH/CodeIgniter.php(361): CodeIgniter\CodeIgniter->handleRequest(null, Object(Config\Cache), false)
 5 FCPATH/index.php(80): CodeIgniter\CodeIgniter->run()
CRITICAL - 2024-06-06 11:31:48 --> ErrorException: Trying to access array offset on value of type null
in FCPATH/applications/USER/Controllers/Inward.php on line 341.
 1 FCPATH/applications/USER/Controllers/Inward.php(341): CodeIgniter\Debug\Exceptions->errorHandler(2, 'Trying to access array offset on value of type null', '/var/www/eazyhosting.in/public_html/applications/USER/Controllers/Inward.php', 341)
 2 SYSTEMPATH/CodeIgniter.php(941): Applications\USER\Controllers\Inward->GetGardenGrades()
 3 SYSTEMPATH/CodeIgniter.php(502): CodeIgniter\CodeIgniter->runController(Object(Applications\USER\Controllers\Inward))
 4 SYSTEMPATH/CodeIgniter.php(361): CodeIgniter\CodeIgniter->handleRequest(null, Object(Config\Cache), false)
 5 FCPATH/index.php(80): CodeIgniter\CodeIgniter->run()
CRITICAL - 2024-06-06 11:37:55 --> ErrorException: Trying to access array offset on value of type null
in FCPATH/applications/USER/Controllers/Inward.php on line 341.
 1 FCPATH/applications/USER/Controllers/Inward.php(341): CodeIgniter\Debug\Exceptions->errorHandler(2, 'Trying to access array offset on value of type null', '/var/www/eazyhosting.in/public_html/applications/USER/Controllers/Inward.php', 341)
 2 SYSTEMPATH/CodeIgniter.php(941): Applications\USER\Controllers\Inward->GetGardenGrades()
 3 SYSTEMPATH/CodeIgniter.php(502): CodeIgniter\CodeIgniter->runController(Object(Applications\USER\Controllers\Inward))
 4 SYSTEMPATH/CodeIgniter.php(361): CodeIgniter\CodeIgniter->handleRequest(null, Object(Config\Cache), false)
 5 FCPATH/index.php(80): CodeIgniter\CodeIgniter->run()
CRITICAL - 2024-06-06 11:38:36 --> ErrorException: Trying to access array offset on value of type null
in FCPATH/applications/USER/Controllers/Inward.php on line 341.
 1 FCPATH/applications/USER/Controllers/Inward.php(341): CodeIgniter\Debug\Exceptions->errorHandler(2, 'Trying to access array offset on value of type null', '/var/www/eazyhosting.in/public_html/applications/USER/Controllers/Inward.php', 341)
 2 SYSTEMPATH/CodeIgniter.php(941): Applications\USER\Controllers\Inward->GetGardenGrades()
 3 SYSTEMPATH/CodeIgniter.php(502): CodeIgniter\CodeIgniter->runController(Object(Applications\USER\Controllers\Inward))
 4 SYSTEMPATH/CodeIgniter.php(361): CodeIgniter\CodeIgniter->handleRequest(null, Object(Config\Cache), false)
 5 FCPATH/index.php(80): CodeIgniter\CodeIgniter->run()
CRITICAL - 2024-06-06 18:09:02 --> ErrorException: Trying to access array offset on value of type null
in FCPATH/applications/USER/Controllers/AuctionToSellerInvoice.php on line 53.
 1 FCPATH/applications/USER/Controllers/AuctionToSellerInvoice.php(53): CodeIgniter\Debug\Exceptions->errorHandler(2, 'Trying to access array offset on value of type null', '/var/www/eazyhosting.in/public_html/applications/USER/Controllers/AuctionToSellerInvoice.php', 53)
 2 SYSTEMPATH/CodeIgniter.php(941): Applications\USER\Controllers\AuctionToSellerInvoice->index()
 3 SYSTEMPATH/CodeIgniter.php(502): CodeIgniter\CodeIgniter->runController(Object(Applications\USER\Controllers\AuctionToSellerInvoice))
 4 SYSTEMPATH/CodeIgniter.php(361): CodeIgniter\CodeIgniter->handleRequest(null, Object(Config\Cache), false)
 5 FCPATH/index.php(80): CodeIgniter\CodeIgniter->run()
CRITICAL - 2024-06-06 19:35:56 --> ErrorException: Undefined variable $value_price
in FCPATH/applications/USER/Views/Invoice/view.php on line 178.
 1 FCPATH/applications/USER/Views/Invoice/view.php(178): CodeIgniter\Debug\Exceptions->errorHandler(2, 'Undefined variable $value_price', '/var/www/eazyhosting.in/public_html/applications/USER/Views/Invoice/view.php', 178)
 2 SYSTEMPATH/View/View.php(228): include('/var/www/eazyhosting.in/public_html/applications/USER/Views/Invoice/view.php')
 3 SYSTEMPATH/View/View.php(231): CodeIgniter\View\View->CodeIgniter\View\{closure}()
 4 SYSTEMPATH/Common.php(1178): CodeIgniter\View\View->render('Applications\\USER\\Views\\Invoice\\view', [], true)
 5 FCPATH/applications/USER/Controllers/Invoice.php(89): view('Applications\\USER\\Views\\Invoice\\view', [...])
 6 SYSTEMPATH/CodeIgniter.php(941): Applications\USER\Controllers\Invoice->view('16')
 7 SYSTEMPATH/CodeIgniter.php(502): CodeIgniter\CodeIgniter->runController(Object(Applications\USER\Controllers\Invoice))
 8 SYSTEMPATH/CodeIgniter.php(361): CodeIgniter\CodeIgniter->handleRequest(null, Object(Config\Cache), false)
 9 FCPATH/index.php(80): CodeIgniter\CodeIgniter->run()
CRITICAL - 2024-06-06 20:30:10 --> Error: Call to undefined function cal_percentage()
in FCPATH/applications/USER/Views/Invoice/view.php on line 188.
 1 SYSTEMPATH/View/View.php(228): include()
 2 SYSTEMPATH/View/View.php(231): CodeIgniter\View\View->CodeIgniter\View\{closure}()
 3 SYSTEMPATH/Common.php(1178): CodeIgniter\View\View->render('Applications\\USER\\Views\\Invoice\\view', [], true)
 4 FCPATH/applications/USER/Controllers/Invoice.php(100): view('Applications\\USER\\Views\\Invoice\\view', [...])
 5 SYSTEMPATH/CodeIgniter.php(941): Applications\USER\Controllers\Invoice->view('16')
 6 SYSTEMPATH/CodeIgniter.php(502): CodeIgniter\CodeIgniter->runController(Object(Applications\USER\Controllers\Invoice))
 7 SYSTEMPATH/CodeIgniter.php(361): CodeIgniter\CodeIgniter->handleRequest(null, Object(Config\Cache), false)
 8 FCPATH/index.php(80): CodeIgniter\CodeIgniter->run()
