CRITICAL - 2024-06-14 09:44:22 --> ErrorException: Trying to access array offset on value of type null
in FCPATH/applications/USER/Controllers/BiddingSession.php on line 415.
 1 FCPATH/applications/USER/Controllers/BiddingSession.php(415): CodeIgniter\Debug\Exceptions->errorHandler(2, 'Trying to access array offset on value of type null', '/var/www/eazyhosting.in/public_html/applications/USER/Controllers/BiddingSession.php', 415)
 2 SYSTEMPATH/CodeIgniter.php(941): Applications\USER\Controllers\BiddingSession->view('2')
 3 SYSTEMPATH/CodeIgniter.php(502): CodeIgniter\CodeIgniter->runController(Object(Applications\USER\Controllers\BiddingSession))
 4 SYSTEMPATH/CodeIgniter.php(361): CodeIgniter\CodeIgniter->handleRequest(null, Object(Config\Cache), false)
 5 FCPATH/index.php(80): CodeIgniter\CodeIgniter->run()
CRITICAL - 2024-06-14 10:31:26 --> ErrorException: Trying to access array offset on value of type null
in FCPATH/applications/USER/Controllers/SoldStock.php on line 51.
 1 FCPATH/applications/USER/Controllers/SoldStock.php(51): CodeIgniter\Debug\Exceptions->errorHandler(2, 'Trying to access array offset on value of type null', '/var/www/eazyhosting.in/public_html/applications/USER/Controllers/SoldStock.php', 51)
 2 SYSTEMPATH/CodeIgniter.php(941): Applications\USER\Controllers\SoldStock->index()
 3 SYSTEMPATH/CodeIgniter.php(502): CodeIgniter\CodeIgniter->runController(Object(Applications\USER\Controllers\SoldStock))
 4 SYSTEMPATH/CodeIgniter.php(361): CodeIgniter\CodeIgniter->handleRequest(null, Object(Config\Cache), false)
 5 FCPATH/index.php(80): CodeIgniter\CodeIgniter->run()
CRITICAL - 2024-06-14 12:03:21 --> ErrorException: Undefined array key "id"
in FCPATH/applications/USER/Controllers/BiddingSession.php on line 1465.
 1 FCPATH/applications/USER/Controllers/BiddingSession.php(1465): CodeIgniter\Debug\Exceptions->errorHandler(2, 'Undefined array key "id"', '/var/www/eazyhosting.in/public_html/applications/USER/Controllers/BiddingSession.php', 1465)
 2 SYSTEMPATH/CodeIgniter.php(941): Applications\USER\Controllers\BiddingSession->reOrderGarden('1')
 3 SYSTEMPATH/CodeIgniter.php(502): CodeIgniter\CodeIgniter->runController(Object(Applications\USER\Controllers\BiddingSession))
 4 SYSTEMPATH/CodeIgniter.php(361): CodeIgniter\CodeIgniter->handleRequest(null, Object(Config\Cache), false)
 5 FCPATH/index.php(80): CodeIgniter\CodeIgniter->run()
CRITICAL - 2024-06-14 12:03:21 --> ErrorException: Undefined array key "id"
in FCPATH/applications/USER/Controllers/BiddingSession.php on line 1465.
 1 FCPATH/applications/USER/Controllers/BiddingSession.php(1465): CodeIgniter\Debug\Exceptions->errorHandler(2, 'Undefined array key "id"', '/var/www/eazyhosting.in/public_html/applications/USER/Controllers/BiddingSession.php', 1465)
 2 SYSTEMPATH/CodeIgniter.php(941): Applications\USER\Controllers\BiddingSession->reOrderGarden('1')
 3 SYSTEMPATH/CodeIgniter.php(502): CodeIgniter\CodeIgniter->runController(Object(Applications\USER\Controllers\BiddingSession))
 4 SYSTEMPATH/CodeIgniter.php(361): CodeIgniter\CodeIgniter->handleRequest(null, Object(Config\Cache), false)
 5 FCPATH/index.php(80): CodeIgniter\CodeIgniter->run()
CRITICAL - 2024-06-14 12:03:21 --> ErrorException: Undefined array key "id"
in FCPATH/applications/USER/Controllers/BiddingSession.php on line 1465.
 1 FCPATH/applications/USER/Controllers/BiddingSession.php(1465): CodeIgniter\Debug\Exceptions->errorHandler(2, 'Undefined array key "id"', '/var/www/eazyhosting.in/public_html/applications/USER/Controllers/BiddingSession.php', 1465)
 2 SYSTEMPATH/CodeIgniter.php(941): Applications\USER\Controllers\BiddingSession->reOrderGarden('1')
 3 SYSTEMPATH/CodeIgniter.php(502): CodeIgniter\CodeIgniter->runController(Object(Applications\USER\Controllers\BiddingSession))
 4 SYSTEMPATH/CodeIgniter.php(361): CodeIgniter\CodeIgniter->handleRequest(null, Object(Config\Cache), false)
 5 FCPATH/index.php(80): CodeIgniter\CodeIgniter->run()
CRITICAL - 2024-06-14 12:03:55 --> ErrorException: Undefined array key "id"
in FCPATH/applications/USER/Controllers/BiddingSession.php on line 1465.
 1 FCPATH/applications/USER/Controllers/BiddingSession.php(1465): CodeIgniter\Debug\Exceptions->errorHandler(2, 'Undefined array key "id"', '/var/www/eazyhosting.in/public_html/applications/USER/Controllers/BiddingSession.php', 1465)
 2 SYSTEMPATH/CodeIgniter.php(941): Applications\USER\Controllers\BiddingSession->reOrderGarden('1')
 3 SYSTEMPATH/CodeIgniter.php(502): CodeIgniter\CodeIgniter->runController(Object(Applications\USER\Controllers\BiddingSession))
 4 SYSTEMPATH/CodeIgniter.php(361): CodeIgniter\CodeIgniter->handleRequest(null, Object(Config\Cache), false)
 5 FCPATH/index.php(80): CodeIgniter\CodeIgniter->run()
CRITICAL - 2024-06-14 12:06:01 --> ErrorException: Undefined array key "id"
in FCPATH/applications/USER/Controllers/BiddingSession.php on line 1465.
 1 FCPATH/applications/USER/Controllers/BiddingSession.php(1465): CodeIgniter\Debug\Exceptions->errorHandler(2, 'Undefined array key "id"', '/var/www/eazyhosting.in/public_html/applications/USER/Controllers/BiddingSession.php', 1465)
 2 SYSTEMPATH/CodeIgniter.php(941): Applications\USER\Controllers\BiddingSession->reOrderGarden('1')
 3 SYSTEMPATH/CodeIgniter.php(502): CodeIgniter\CodeIgniter->runController(Object(Applications\USER\Controllers\BiddingSession))
 4 SYSTEMPATH/CodeIgniter.php(361): CodeIgniter\CodeIgniter->handleRequest(null, Object(Config\Cache), false)
 5 FCPATH/index.php(80): CodeIgniter\CodeIgniter->run()
CRITICAL - 2024-06-14 12:07:46 --> ErrorException: Undefined array key "id"
in FCPATH/applications/USER/Controllers/BiddingSession.php on line 1465.
 1 FCPATH/applications/USER/Controllers/BiddingSession.php(1465): CodeIgniter\Debug\Exceptions->errorHandler(2, 'Undefined array key "id"', '/var/www/eazyhosting.in/public_html/applications/USER/Controllers/BiddingSession.php', 1465)
 2 SYSTEMPATH/CodeIgniter.php(941): Applications\USER\Controllers\BiddingSession->reOrderGarden('1')
 3 SYSTEMPATH/CodeIgniter.php(502): CodeIgniter\CodeIgniter->runController(Object(Applications\USER\Controllers\BiddingSession))
 4 SYSTEMPATH/CodeIgniter.php(361): CodeIgniter\CodeIgniter->handleRequest(null, Object(Config\Cache), false)
 5 FCPATH/index.php(80): CodeIgniter\CodeIgniter->run()
CRITICAL - 2024-06-14 12:07:49 --> ErrorException: Undefined array key "id"
in FCPATH/applications/USER/Controllers/BiddingSession.php on line 1465.
 1 FCPATH/applications/USER/Controllers/BiddingSession.php(1465): CodeIgniter\Debug\Exceptions->errorHandler(2, 'Undefined array key "id"', '/var/www/eazyhosting.in/public_html/applications/USER/Controllers/BiddingSession.php', 1465)
 2 SYSTEMPATH/CodeIgniter.php(941): Applications\USER\Controllers\BiddingSession->reOrderGarden('1')
 3 SYSTEMPATH/CodeIgniter.php(502): CodeIgniter\CodeIgniter->runController(Object(Applications\USER\Controllers\BiddingSession))
 4 SYSTEMPATH/CodeIgniter.php(361): CodeIgniter\CodeIgniter->handleRequest(null, Object(Config\Cache), false)
 5 FCPATH/index.php(80): CodeIgniter\CodeIgniter->run()
CRITICAL - 2024-06-14 12:08:23 --> ErrorException: Undefined array key "id"
in FCPATH/applications/USER/Controllers/BiddingSession.php on line 1465.
 1 FCPATH/applications/USER/Controllers/BiddingSession.php(1465): CodeIgniter\Debug\Exceptions->errorHandler(2, 'Undefined array key "id"', '/var/www/eazyhosting.in/public_html/applications/USER/Controllers/BiddingSession.php', 1465)
 2 SYSTEMPATH/CodeIgniter.php(941): Applications\USER\Controllers\BiddingSession->reOrderGarden('1')
 3 SYSTEMPATH/CodeIgniter.php(502): CodeIgniter\CodeIgniter->runController(Object(Applications\USER\Controllers\BiddingSession))
 4 SYSTEMPATH/CodeIgniter.php(361): CodeIgniter\CodeIgniter->handleRequest(null, Object(Config\Cache), false)
 5 FCPATH/index.php(80): CodeIgniter\CodeIgniter->run()
CRITICAL - 2024-06-14 12:08:26 --> ErrorException: Undefined array key "id"
in FCPATH/applications/USER/Controllers/BiddingSession.php on line 1465.
 1 FCPATH/applications/USER/Controllers/BiddingSession.php(1465): CodeIgniter\Debug\Exceptions->errorHandler(2, 'Undefined array key "id"', '/var/www/eazyhosting.in/public_html/applications/USER/Controllers/BiddingSession.php', 1465)
 2 SYSTEMPATH/CodeIgniter.php(941): Applications\USER\Controllers\BiddingSession->reOrderGarden('1')
 3 SYSTEMPATH/CodeIgniter.php(502): CodeIgniter\CodeIgniter->runController(Object(Applications\USER\Controllers\BiddingSession))
 4 SYSTEMPATH/CodeIgniter.php(361): CodeIgniter\CodeIgniter->handleRequest(null, Object(Config\Cache), false)
 5 FCPATH/index.php(80): CodeIgniter\CodeIgniter->run()
CRITICAL - 2024-06-14 12:08:46 --> ErrorException: Undefined array key "id"
in FCPATH/applications/USER/Controllers/BiddingSession.php on line 1465.
 1 FCPATH/applications/USER/Controllers/BiddingSession.php(1465): CodeIgniter\Debug\Exceptions->errorHandler(2, 'Undefined array key "id"', '/var/www/eazyhosting.in/public_html/applications/USER/Controllers/BiddingSession.php', 1465)
 2 SYSTEMPATH/CodeIgniter.php(941): Applications\USER\Controllers\BiddingSession->reOrderGarden('1')
 3 SYSTEMPATH/CodeIgniter.php(502): CodeIgniter\CodeIgniter->runController(Object(Applications\USER\Controllers\BiddingSession))
 4 SYSTEMPATH/CodeIgniter.php(361): CodeIgniter\CodeIgniter->handleRequest(null, Object(Config\Cache), false)
 5 FCPATH/index.php(80): CodeIgniter\CodeIgniter->run()
CRITICAL - 2024-06-14 12:10:19 --> ErrorException: Undefined variable $centerdata
in FCPATH/applications/USER/Controllers/BiddingSession.php on line 1481.
 1 FCPATH/applications/USER/Controllers/BiddingSession.php(1481): CodeIgniter\Debug\Exceptions->errorHandler(2, 'Undefined variable $centerdata', '/var/www/eazyhosting.in/public_html/applications/USER/Controllers/BiddingSession.php', 1481)
 2 SYSTEMPATH/CodeIgniter.php(941): Applications\USER\Controllers\BiddingSession->reOrderGarden('1')
 3 SYSTEMPATH/CodeIgniter.php(502): CodeIgniter\CodeIgniter->runController(Object(Applications\USER\Controllers\BiddingSession))
 4 SYSTEMPATH/CodeIgniter.php(361): CodeIgniter\CodeIgniter->handleRequest(null, Object(Config\Cache), false)
 5 FCPATH/index.php(80): CodeIgniter\CodeIgniter->run()
CRITICAL - 2024-06-14 13:04:11 --> ParseError: Unclosed '{' on line 1570
in FCPATH/applications/USER/Controllers/BiddingSession.php on line 1571.
 1 SYSTEMPATH/Autoloader/Autoloader.php(288): CodeIgniter\Autoloader\Autoloader->includeFile('/var/www/eazyhosting.in/public_html/applications/USER/Controllers/BiddingSession.php')
 2 SYSTEMPATH/Autoloader/Autoloader.php(266): CodeIgniter\Autoloader\Autoloader->loadInNamespace('Applications\\USER\\Controllers\\BiddingSession')
 3 [internal function]: CodeIgniter\Autoloader\Autoloader->loadClass('Applications\\USER\\Controllers\\BiddingSession')
 4 SYSTEMPATH/CodeIgniter.php(899): class_exists('\\Applications\\USER\\Controllers\\BiddingSession', true)
 5 SYSTEMPATH/CodeIgniter.php(489): CodeIgniter\CodeIgniter->startController()
 6 SYSTEMPATH/CodeIgniter.php(361): CodeIgniter\CodeIgniter->handleRequest(null, Object(Config\Cache), false)
 7 FCPATH/index.php(80): CodeIgniter\CodeIgniter->run()
CRITICAL - 2024-06-14 13:38:46 --> ErrorException: Trying to access array offset on value of type null
in FCPATH/applications/USER/Controllers/Garden.php on line 360.
 1 FCPATH/applications/USER/Controllers/Garden.php(360): CodeIgniter\Debug\Exceptions->errorHandler(2, 'Trying to access array offset on value of type null', '/var/www/eazyhosting.in/public_html/applications/USER/Controllers/Garden.php', 360)
 2 SYSTEMPATH/CodeIgniter.php(941): Applications\USER\Controllers\Garden->AssignGrade()
 3 SYSTEMPATH/CodeIgniter.php(502): CodeIgniter\CodeIgniter->runController(Object(Applications\USER\Controllers\Garden))
 4 SYSTEMPATH/CodeIgniter.php(361): CodeIgniter\CodeIgniter->handleRequest(null, Object(Config\Cache), false)
 5 FCPATH/index.php(80): CodeIgniter\CodeIgniter->run()
CRITICAL - 2024-06-14 13:38:53 --> ErrorException: Trying to access array offset on value of type null
in FCPATH/applications/USER/Controllers/Garden.php on line 360.
 1 FCPATH/applications/USER/Controllers/Garden.php(360): CodeIgniter\Debug\Exceptions->errorHandler(2, 'Trying to access array offset on value of type null', '/var/www/eazyhosting.in/public_html/applications/USER/Controllers/Garden.php', 360)
 2 SYSTEMPATH/CodeIgniter.php(941): Applications\USER\Controllers\Garden->AssignGrade()
 3 SYSTEMPATH/CodeIgniter.php(502): CodeIgniter\CodeIgniter->runController(Object(Applications\USER\Controllers\Garden))
 4 SYSTEMPATH/CodeIgniter.php(361): CodeIgniter\CodeIgniter->handleRequest(null, Object(Config\Cache), false)
 5 FCPATH/index.php(80): CodeIgniter\CodeIgniter->run()
CRITICAL - 2024-06-14 13:49:35 --> ErrorException: Trying to access array offset on value of type null
in FCPATH/applications/USER/Controllers/Garden.php on line 360.
 1 FCPATH/applications/USER/Controllers/Garden.php(360): CodeIgniter\Debug\Exceptions->errorHandler(2, 'Trying to access array offset on value of type null', '/var/www/eazyhosting.in/public_html/applications/USER/Controllers/Garden.php', 360)
 2 SYSTEMPATH/CodeIgniter.php(941): Applications\USER\Controllers\Garden->AssignGrade()
 3 SYSTEMPATH/CodeIgniter.php(502): CodeIgniter\CodeIgniter->runController(Object(Applications\USER\Controllers\Garden))
 4 SYSTEMPATH/CodeIgniter.php(361): CodeIgniter\CodeIgniter->handleRequest(null, Object(Config\Cache), false)
 5 FCPATH/index.php(80): CodeIgniter\CodeIgniter->run()
CRITICAL - 2024-06-14 18:00:55 --> ErrorException: Trying to access array offset on value of type null
in FCPATH/applications/USER/Controllers/BiddingSession.php on line 415.
 1 FCPATH/applications/USER/Controllers/BiddingSession.php(415): CodeIgniter\Debug\Exceptions->errorHandler(2, 'Trying to access array offset on value of type null', '/var/www/eazyhosting.in/public_html/applications/USER/Controllers/BiddingSession.php', 415)
 2 SYSTEMPATH/CodeIgniter.php(941): Applications\USER\Controllers\BiddingSession->view('1')
 3 SYSTEMPATH/CodeIgniter.php(502): CodeIgniter\CodeIgniter->runController(Object(Applications\USER\Controllers\BiddingSession))
 4 SYSTEMPATH/CodeIgniter.php(361): CodeIgniter\CodeIgniter->handleRequest(null, Object(Config\Cache), false)
 5 FCPATH/index.php(80): CodeIgniter\CodeIgniter->run()
CRITICAL - 2024-06-14 18:18:22 --> ErrorException: Trying to access array offset on value of type null
in FCPATH/applications/USER/Controllers/BiddingSession.php on line 415.
 1 FCPATH/applications/USER/Controllers/BiddingSession.php(415): CodeIgniter\Debug\Exceptions->errorHandler(2, 'Trying to access array offset on value of type null', '/var/www/eazyhosting.in/public_html/applications/USER/Controllers/BiddingSession.php', 415)
 2 SYSTEMPATH/CodeIgniter.php(941): Applications\USER\Controllers\BiddingSession->view('1')
 3 SYSTEMPATH/CodeIgniter.php(502): CodeIgniter\CodeIgniter->runController(Object(Applications\USER\Controllers\BiddingSession))
 4 SYSTEMPATH/CodeIgniter.php(361): CodeIgniter\CodeIgniter->handleRequest(null, Object(Config\Cache), false)
 5 FCPATH/index.php(80): CodeIgniter\CodeIgniter->run()
CRITICAL - 2024-06-14 18:55:51 --> ErrorException: Trying to access array offset on value of type null
in FCPATH/applications/USER/Controllers/BiddingSession.php on line 415.
 1 FCPATH/applications/USER/Controllers/BiddingSession.php(415): CodeIgniter\Debug\Exceptions->errorHandler(2, 'Trying to access array offset on value of type null', '/var/www/eazyhosting.in/public_html/applications/USER/Controllers/BiddingSession.php', 415)
 2 SYSTEMPATH/CodeIgniter.php(941): Applications\USER\Controllers\BiddingSession->view('1')
 3 SYSTEMPATH/CodeIgniter.php(502): CodeIgniter\CodeIgniter->runController(Object(Applications\USER\Controllers\BiddingSession))
 4 SYSTEMPATH/CodeIgniter.php(361): CodeIgniter\CodeIgniter->handleRequest(null, Object(Config\Cache), false)
 5 FCPATH/index.php(80): CodeIgniter\CodeIgniter->run()
CRITICAL - 2024-06-14 19:07:20 --> ErrorException: Trying to access array offset on value of type null
in FCPATH/applications/USER/Controllers/BiddingSession.php on line 415.
 1 FCPATH/applications/USER/Controllers/BiddingSession.php(415): CodeIgniter\Debug\Exceptions->errorHandler(2, 'Trying to access array offset on value of type null', '/var/www/eazyhosting.in/public_html/applications/USER/Controllers/BiddingSession.php', 415)
 2 SYSTEMPATH/CodeIgniter.php(941): Applications\USER\Controllers\BiddingSession->view('1')
 3 SYSTEMPATH/CodeIgniter.php(502): CodeIgniter\CodeIgniter->runController(Object(Applications\USER\Controllers\BiddingSession))
 4 SYSTEMPATH/CodeIgniter.php(361): CodeIgniter\CodeIgniter->handleRequest(null, Object(Config\Cache), false)
 5 FCPATH/index.php(80): CodeIgniter\CodeIgniter->run()
CRITICAL - 2024-06-14 19:18:12 --> ErrorException: Trying to access array offset on value of type null
in FCPATH/applications/USER/Controllers/BiddingSession.php on line 415.
 1 FCPATH/applications/USER/Controllers/BiddingSession.php(415): CodeIgniter\Debug\Exceptions->errorHandler(2, 'Trying to access array offset on value of type null', '/var/www/eazyhosting.in/public_html/applications/USER/Controllers/BiddingSession.php', 415)
 2 SYSTEMPATH/CodeIgniter.php(941): Applications\USER\Controllers\BiddingSession->view('1')
 3 SYSTEMPATH/CodeIgniter.php(502): CodeIgniter\CodeIgniter->runController(Object(Applications\USER\Controllers\BiddingSession))
 4 SYSTEMPATH/CodeIgniter.php(361): CodeIgniter\CodeIgniter->handleRequest(null, Object(Config\Cache), false)
 5 FCPATH/index.php(80): CodeIgniter\CodeIgniter->run()
CRITICAL - 2024-06-14 21:03:17 --> ErrorException: Trying to access array offset on value of type null
in FCPATH/applications/USER/Controllers/BiddingSession.php on line 475.
 1 FCPATH/applications/USER/Controllers/BiddingSession.php(475): CodeIgniter\Debug\Exceptions->errorHandler(2, 'Trying to access array offset on value of type null', '/var/www/eazyhosting.in/public_html/applications/USER/Controllers/BiddingSession.php', 475)
 2 SYSTEMPATH/CodeIgniter.php(941): Applications\USER\Controllers\BiddingSession->completedAuctions('1')
 3 SYSTEMPATH/CodeIgniter.php(502): CodeIgniter\CodeIgniter->runController(Object(Applications\USER\Controllers\BiddingSession))
 4 SYSTEMPATH/CodeIgniter.php(361): CodeIgniter\CodeIgniter->handleRequest(null, Object(Config\Cache), false)
 5 FCPATH/index.php(80): CodeIgniter\CodeIgniter->run()
CRITICAL - 2024-06-14 21:05:50 --> ErrorException: Trying to access array offset on value of type null
in FCPATH/applications/USER/Controllers/BiddingSession.php on line 415.
 1 FCPATH/applications/USER/Controllers/BiddingSession.php(415): CodeIgniter\Debug\Exceptions->errorHandler(2, 'Trying to access array offset on value of type null', '/var/www/eazyhosting.in/public_html/applications/USER/Controllers/BiddingSession.php', 415)
 2 SYSTEMPATH/CodeIgniter.php(941): Applications\USER\Controllers\BiddingSession->view('1')
 3 SYSTEMPATH/CodeIgniter.php(502): CodeIgniter\CodeIgniter->runController(Object(Applications\USER\Controllers\BiddingSession))
 4 SYSTEMPATH/CodeIgniter.php(361): CodeIgniter\CodeIgniter->handleRequest(null, Object(Config\Cache), false)
 5 FCPATH/index.php(80): CodeIgniter\CodeIgniter->run()
CRITICAL - 2024-06-14 21:06:00 --> ErrorException: Trying to access array offset on value of type null
in FCPATH/applications/USER/Controllers/BiddingSession.php on line 415.
 1 FCPATH/applications/USER/Controllers/BiddingSession.php(415): CodeIgniter\Debug\Exceptions->errorHandler(2, 'Trying to access array offset on value of type null', '/var/www/eazyhosting.in/public_html/applications/USER/Controllers/BiddingSession.php', 415)
 2 SYSTEMPATH/CodeIgniter.php(941): Applications\USER\Controllers\BiddingSession->view('1')
 3 SYSTEMPATH/CodeIgniter.php(502): CodeIgniter\CodeIgniter->runController(Object(Applications\USER\Controllers\BiddingSession))
 4 SYSTEMPATH/CodeIgniter.php(361): CodeIgniter\CodeIgniter->handleRequest(null, Object(Config\Cache), false)
 5 FCPATH/index.php(80): CodeIgniter\CodeIgniter->run()
CRITICAL - 2024-06-14 21:06:06 --> ErrorException: Trying to access array offset on value of type null
in FCPATH/applications/USER/Controllers/BiddingSession.php on line 415.
 1 FCPATH/applications/USER/Controllers/BiddingSession.php(415): CodeIgniter\Debug\Exceptions->errorHandler(2, 'Trying to access array offset on value of type null', '/var/www/eazyhosting.in/public_html/applications/USER/Controllers/BiddingSession.php', 415)
 2 SYSTEMPATH/CodeIgniter.php(941): Applications\USER\Controllers\BiddingSession->view('1')
 3 SYSTEMPATH/CodeIgniter.php(502): CodeIgniter\CodeIgniter->runController(Object(Applications\USER\Controllers\BiddingSession))
 4 SYSTEMPATH/CodeIgniter.php(361): CodeIgniter\CodeIgniter->handleRequest(null, Object(Config\Cache), false)
 5 FCPATH/index.php(80): CodeIgniter\CodeIgniter->run()
CRITICAL - 2024-06-14 21:09:58 --> ErrorException: Trying to access array offset on value of type null
in FCPATH/applications/USER/Controllers/BiddingSession.php on line 415.
 1 FCPATH/applications/USER/Controllers/BiddingSession.php(415): CodeIgniter\Debug\Exceptions->errorHandler(2, 'Trying to access array offset on value of type null', '/var/www/eazyhosting.in/public_html/applications/USER/Controllers/BiddingSession.php', 415)
 2 SYSTEMPATH/CodeIgniter.php(941): Applications\USER\Controllers\BiddingSession->view('1')
 3 SYSTEMPATH/CodeIgniter.php(502): CodeIgniter\CodeIgniter->runController(Object(Applications\USER\Controllers\BiddingSession))
 4 SYSTEMPATH/CodeIgniter.php(361): CodeIgniter\CodeIgniter->handleRequest(null, Object(Config\Cache), false)
 5 FCPATH/index.php(80): CodeIgniter\CodeIgniter->run()
CRITICAL - 2024-06-14 21:10:06 --> ErrorException: Trying to access array offset on value of type null
in FCPATH/applications/USER/Controllers/BiddingSession.php on line 415.
 1 FCPATH/applications/USER/Controllers/BiddingSession.php(415): CodeIgniter\Debug\Exceptions->errorHandler(2, 'Trying to access array offset on value of type null', '/var/www/eazyhosting.in/public_html/applications/USER/Controllers/BiddingSession.php', 415)
 2 SYSTEMPATH/CodeIgniter.php(941): Applications\USER\Controllers\BiddingSession->view('1')
 3 SYSTEMPATH/CodeIgniter.php(502): CodeIgniter\CodeIgniter->runController(Object(Applications\USER\Controllers\BiddingSession))
 4 SYSTEMPATH/CodeIgniter.php(361): CodeIgniter\CodeIgniter->handleRequest(null, Object(Config\Cache), false)
 5 FCPATH/index.php(80): CodeIgniter\CodeIgniter->run()
