CRITICAL - 2024-02-28 14:08:54 --> ErrorException: Trying to access array offset on value of type null
in FCPATH/applications/USER/Controllers/Center.php on line 54.
 1 FCPATH/applications/USER/Controllers/Center.php(54): CodeIgniter\Debug\Exceptions->errorHandler()
 2 SYSTEMPATH/CodeIgniter.php(941): Applications\USER\Controllers\Center->index()
 3 SYSTEMPATH/CodeIgniter.php(502): CodeIgniter\CodeIgniter->runController()
 4 SYSTEMPATH/CodeIgniter.php(361): CodeIgniter\CodeIgniter->handleRequest()
 5 FCPATH/index.php(80): CodeIgniter\CodeIgniter->run()
CRITICAL - 2024-02-28 14:40:11 --> ErrorException: Trying to access array offset on value of type null
in FCPATH/applications/USER/Controllers/City.php on line 291.
 1 FCPATH/applications/USER/Controllers/City.php(291): CodeIgniter\Debug\Exceptions->errorHandler()
 2 SYSTEMPATH/CodeIgniter.php(941): Applications\USER\Controllers\City->stateCity()
 3 SYSTEMPATH/CodeIgniter.php(502): CodeIgniter\CodeIgniter->runController()
 4 SYSTEMPATH/CodeIgniter.php(361): CodeIgniter\CodeIgniter->handleRequest()
 5 FCPATH/index.php(80): CodeIgniter\CodeIgniter->run()
CRITICAL - 2024-02-28 14:40:38 --> ErrorException: Trying to access array offset on value of type null
in FCPATH/applications/USER/Controllers/Center.php on line 54.
 1 FCPATH/applications/USER/Controllers/Center.php(54): CodeIgniter\Debug\Exceptions->errorHandler()
 2 SYSTEMPATH/CodeIgniter.php(941): Applications\USER\Controllers\Center->index()
 3 SYSTEMPATH/CodeIgniter.php(502): CodeIgniter\CodeIgniter->runController()
 4 SYSTEMPATH/CodeIgniter.php(361): CodeIgniter\CodeIgniter->handleRequest()
 5 FCPATH/index.php(80): CodeIgniter\CodeIgniter->run()
CRITICAL - 2024-02-28 14:40:38 --> ErrorException: Trying to access array offset on value of type null
in FCPATH/applications/USER/Controllers/Center.php on line 54.
 1 FCPATH/applications/USER/Controllers/Center.php(54): CodeIgniter\Debug\Exceptions->errorHandler()
 2 SYSTEMPATH/CodeIgniter.php(941): Applications\USER\Controllers\Center->index()
 3 SYSTEMPATH/CodeIgniter.php(502): CodeIgniter\CodeIgniter->runController()
 4 SYSTEMPATH/CodeIgniter.php(361): CodeIgniter\CodeIgniter->handleRequest()
 5 FCPATH/index.php(80): CodeIgniter\CodeIgniter->run()
CRITICAL - 2024-02-28 14:40:38 --> ErrorException: Trying to access array offset on value of type null
in FCPATH/applications/USER/Controllers/Center.php on line 54.
 1 FCPATH/applications/USER/Controllers/Center.php(54): CodeIgniter\Debug\Exceptions->errorHandler()
 2 SYSTEMPATH/CodeIgniter.php(941): Applications\USER\Controllers\Center->index()
 3 SYSTEMPATH/CodeIgniter.php(502): CodeIgniter\CodeIgniter->runController()
 4 SYSTEMPATH/CodeIgniter.php(361): CodeIgniter\CodeIgniter->handleRequest()
 5 FCPATH/index.php(80): CodeIgniter\CodeIgniter->run()
CRITICAL - 2024-02-28 14:40:38 --> ErrorException: Trying to access array offset on value of type null
in FCPATH/applications/USER/Controllers/Center.php on line 54.
 1 FCPATH/applications/USER/Controllers/Center.php(54): CodeIgniter\Debug\Exceptions->errorHandler()
 2 SYSTEMPATH/CodeIgniter.php(941): Applications\USER\Controllers\Center->index()
 3 SYSTEMPATH/CodeIgniter.php(502): CodeIgniter\CodeIgniter->runController()
 4 SYSTEMPATH/CodeIgniter.php(361): CodeIgniter\CodeIgniter->handleRequest()
 5 FCPATH/index.php(80): CodeIgniter\CodeIgniter->run()
CRITICAL - 2024-02-28 14:40:38 --> ErrorException: Trying to access array offset on value of type null
in FCPATH/applications/USER/Controllers/Center.php on line 54.
 1 FCPATH/applications/USER/Controllers/Center.php(54): CodeIgniter\Debug\Exceptions->errorHandler()
 2 SYSTEMPATH/CodeIgniter.php(941): Applications\USER\Controllers\Center->index()
 3 SYSTEMPATH/CodeIgniter.php(502): CodeIgniter\CodeIgniter->runController()
 4 SYSTEMPATH/CodeIgniter.php(361): CodeIgniter\CodeIgniter->handleRequest()
 5 FCPATH/index.php(80): CodeIgniter\CodeIgniter->run()
CRITICAL - 2024-02-28 14:40:39 --> ErrorException: Trying to access array offset on value of type null
in FCPATH/applications/USER/Controllers/Center.php on line 54.
 1 FCPATH/applications/USER/Controllers/Center.php(54): CodeIgniter\Debug\Exceptions->errorHandler()
 2 SYSTEMPATH/CodeIgniter.php(941): Applications\USER\Controllers\Center->index()
 3 SYSTEMPATH/CodeIgniter.php(502): CodeIgniter\CodeIgniter->runController()
 4 SYSTEMPATH/CodeIgniter.php(361): CodeIgniter\CodeIgniter->handleRequest()
 5 FCPATH/index.php(80): CodeIgniter\CodeIgniter->run()
CRITICAL - 2024-02-28 14:40:39 --> ErrorException: Trying to access array offset on value of type null
in FCPATH/applications/USER/Controllers/Center.php on line 54.
 1 FCPATH/applications/USER/Controllers/Center.php(54): CodeIgniter\Debug\Exceptions->errorHandler()
 2 SYSTEMPATH/CodeIgniter.php(941): Applications\USER\Controllers\Center->index()
 3 SYSTEMPATH/CodeIgniter.php(502): CodeIgniter\CodeIgniter->runController()
 4 SYSTEMPATH/CodeIgniter.php(361): CodeIgniter\CodeIgniter->handleRequest()
 5 FCPATH/index.php(80): CodeIgniter\CodeIgniter->run()
CRITICAL - 2024-02-28 14:40:39 --> ErrorException: Trying to access array offset on value of type null
in FCPATH/applications/USER/Controllers/Center.php on line 54.
 1 FCPATH/applications/USER/Controllers/Center.php(54): CodeIgniter\Debug\Exceptions->errorHandler()
 2 SYSTEMPATH/CodeIgniter.php(941): Applications\USER\Controllers\Center->index()
 3 SYSTEMPATH/CodeIgniter.php(502): CodeIgniter\CodeIgniter->runController()
 4 SYSTEMPATH/CodeIgniter.php(361): CodeIgniter\CodeIgniter->handleRequest()
 5 FCPATH/index.php(80): CodeIgniter\CodeIgniter->run()
CRITICAL - 2024-02-28 14:40:39 --> ErrorException: Trying to access array offset on value of type null
in FCPATH/applications/USER/Controllers/Center.php on line 54.
 1 FCPATH/applications/USER/Controllers/Center.php(54): CodeIgniter\Debug\Exceptions->errorHandler()
 2 SYSTEMPATH/CodeIgniter.php(941): Applications\USER\Controllers\Center->index()
 3 SYSTEMPATH/CodeIgniter.php(502): CodeIgniter\CodeIgniter->runController()
 4 SYSTEMPATH/CodeIgniter.php(361): CodeIgniter\CodeIgniter->handleRequest()
 5 FCPATH/index.php(80): CodeIgniter\CodeIgniter->run()
CRITICAL - 2024-02-28 14:40:39 --> ErrorException: Trying to access array offset on value of type null
in FCPATH/applications/USER/Controllers/Center.php on line 54.
 1 FCPATH/applications/USER/Controllers/Center.php(54): CodeIgniter\Debug\Exceptions->errorHandler()
 2 SYSTEMPATH/CodeIgniter.php(941): Applications\USER\Controllers\Center->index()
 3 SYSTEMPATH/CodeIgniter.php(502): CodeIgniter\CodeIgniter->runController()
 4 SYSTEMPATH/CodeIgniter.php(361): CodeIgniter\CodeIgniter->handleRequest()
 5 FCPATH/index.php(80): CodeIgniter\CodeIgniter->run()
CRITICAL - 2024-02-28 14:44:04 --> ErrorException: Trying to access array offset on value of type null
in FCPATH/applications/USER/Controllers/Area.php on line 315.
 1 FCPATH/applications/USER/Controllers/Area.php(315): CodeIgniter\Debug\Exceptions->errorHandler()
 2 SYSTEMPATH/CodeIgniter.php(941): Applications\USER\Controllers\Area->cityArea()
 3 SYSTEMPATH/CodeIgniter.php(502): CodeIgniter\CodeIgniter->runController()
 4 SYSTEMPATH/CodeIgniter.php(361): CodeIgniter\CodeIgniter->handleRequest()
 5 FCPATH/index.php(80): CodeIgniter\CodeIgniter->run()
CRITICAL - 2024-02-28 14:44:22 --> ErrorException: Trying to access array offset on value of type null
in FCPATH/applications/USER/Controllers/Area.php on line 315.
 1 FCPATH/applications/USER/Controllers/Area.php(315): CodeIgniter\Debug\Exceptions->errorHandler()
 2 SYSTEMPATH/CodeIgniter.php(941): Applications\USER\Controllers\Area->cityArea()
 3 SYSTEMPATH/CodeIgniter.php(502): CodeIgniter\CodeIgniter->runController()
 4 SYSTEMPATH/CodeIgniter.php(361): CodeIgniter\CodeIgniter->handleRequest()
 5 FCPATH/index.php(80): CodeIgniter\CodeIgniter->run()
CRITICAL - 2024-02-28 14:45:24 --> ErrorException: Trying to access array offset on value of type null
in FCPATH/applications/USER/Controllers/Area.php on line 315.
 1 FCPATH/applications/USER/Controllers/Area.php(315): CodeIgniter\Debug\Exceptions->errorHandler()
 2 SYSTEMPATH/CodeIgniter.php(941): Applications\USER\Controllers\Area->cityArea()
 3 SYSTEMPATH/CodeIgniter.php(502): CodeIgniter\CodeIgniter->runController()
 4 SYSTEMPATH/CodeIgniter.php(361): CodeIgniter\CodeIgniter->handleRequest()
 5 FCPATH/index.php(80): CodeIgniter\CodeIgniter->run()
CRITICAL - 2024-02-28 14:48:57 --> ErrorException: Trying to access array offset on value of type null
in FCPATH/applications/USER/Controllers/Area.php on line 315.
 1 FCPATH/applications/USER/Controllers/Area.php(315): CodeIgniter\Debug\Exceptions->errorHandler()
 2 SYSTEMPATH/CodeIgniter.php(941): Applications\USER\Controllers\Area->cityArea()
 3 SYSTEMPATH/CodeIgniter.php(502): CodeIgniter\CodeIgniter->runController()
 4 SYSTEMPATH/CodeIgniter.php(361): CodeIgniter\CodeIgniter->handleRequest()
 5 FCPATH/index.php(80): CodeIgniter\CodeIgniter->run()
CRITICAL - 2024-02-28 14:49:10 --> ErrorException: Trying to access array offset on value of type null
in FCPATH/applications/USER/Controllers/Area.php on line 315.
 1 FCPATH/applications/USER/Controllers/Area.php(315): CodeIgniter\Debug\Exceptions->errorHandler()
 2 SYSTEMPATH/CodeIgniter.php(941): Applications\USER\Controllers\Area->cityArea()
 3 SYSTEMPATH/CodeIgniter.php(502): CodeIgniter\CodeIgniter->runController()
 4 SYSTEMPATH/CodeIgniter.php(361): CodeIgniter\CodeIgniter->handleRequest()
 5 FCPATH/index.php(80): CodeIgniter\CodeIgniter->run()
