CRITICAL - 2024-04-30 00:21:59 --> ParseError: syntax error, unexpected token "<"
in FCPATH\applications\USER\Controllers\BiddingSession.php on line 1288.
 1 SYSTEMPATH\Autoloader\Autoloader.php(288): CodeIgniter\Autoloader\Autoloader->includeFile('F:\\xampp\\htdocs\\oams_staging\\frontend\\applications\\USER\\Controllers\\BiddingSession.php')
 2 SYSTEMPATH\Autoloader\Autoloader.php(266): CodeIgniter\Autoloader\Autoloader->loadInNamespace('Applications\\USER\\Controllers\\BiddingSession')
 3 [internal function]: CodeIgniter\Autoloader\Autoloader->loadClass('Applications\\USER\\Controllers\\BiddingSession')
 4 SYSTEMPATH\CodeIgniter.php(899): class_exists('\\Applications\\USER\\Controllers\\BiddingSession', true)
 5 SYSTEMPATH\CodeIgniter.php(489): CodeIgniter\CodeIgniter->startController()
 6 SYSTEMPATH\CodeIgniter.php(361): CodeIgniter\CodeIgniter->handleRequest(null, Object(Config\Cache), false)
 7 FCPATH\index.php(80): CodeIgniter\CodeIgniter->run()
CRITICAL - 2024-04-30 11:55:52 --> TypeError: usort(): Argument #1 ($array) must be of type array, null given
in FCPATH\applications\USER\Controllers\BiddingSession.php on line 1323.
 1 FCPATH\applications\USER\Controllers\BiddingSession.php(1323): usort(null, Object(Closure))
 2 SYSTEMPATH\CodeIgniter.php(941): Applications\USER\Controllers\BiddingSession->cartItems('1')
 3 SYSTEMPATH\CodeIgniter.php(502): CodeIgniter\CodeIgniter->runController(Object(Applications\USER\Controllers\BiddingSession))
 4 SYSTEMPATH\CodeIgniter.php(361): CodeIgniter\CodeIgniter->handleRequest(null, Object(Config\Cache), false)
 5 FCPATH\index.php(80): CodeIgniter\CodeIgniter->run()
CRITICAL - 2024-04-30 11:56:15 --> TypeError: usort(): Argument #1 ($array) must be of type array, null given
in FCPATH\applications\USER\Controllers\BiddingSession.php on line 1323.
 1 FCPATH\applications\USER\Controllers\BiddingSession.php(1323): usort(null, Object(Closure))
 2 SYSTEMPATH\CodeIgniter.php(941): Applications\USER\Controllers\BiddingSession->cartItems('1')
 3 SYSTEMPATH\CodeIgniter.php(502): CodeIgniter\CodeIgniter->runController(Object(Applications\USER\Controllers\BiddingSession))
 4 SYSTEMPATH\CodeIgniter.php(361): CodeIgniter\CodeIgniter->handleRequest(null, Object(Config\Cache), false)
 5 FCPATH\index.php(80): CodeIgniter\CodeIgniter->run()
