CRITICAL - 2024-03-11 05:16:42 --> TypeError: array_column_recursive(): Argument #1 ($array) must be of type array, null given, called in /home/u553659265/domains/itechnocorp.com/public_html/oams/applications/USER/Views/sidebar.php on line 23
in APPPATH/Helpers/curl_helper.php on line 67.
 1 FCPATH/applications/USER/Views/sidebar.php(23): array_column_recursive()
 2 SYSTEMPATH/View/View.php(228): include('/home/u553659265/domains/itechnocorp.com/public_html/oams/applications/USER/Views/sidebar.php')
 3 SYSTEMPATH/View/View.php(231): CodeIgniter\View\View->CodeIgniter\View\{closure}()
 4 SYSTEMPATH/Common.php(1178): CodeIgniter\View\View->render()
 5 FCPATH/applications/USER/Controllers/Dashboard.php(26): view()
 6 SYSTEMPATH/CodeIgniter.php(941): Applications\USER\Controllers\Dashboard->index()
 7 SYSTEMPATH/CodeIgniter.php(502): CodeIgniter\CodeIgniter->runController()
 8 SYSTEMPATH/CodeIgniter.php(361): CodeIgniter\CodeIgniter->handleRequest()
 9 FCPATH/index.php(80): CodeIgniter\CodeIgniter->run()
CRITICAL - 2024-03-11 05:16:44 --> TypeError: array_column_recursive(): Argument #1 ($array) must be of type array, null given, called in /home/u553659265/domains/itechnocorp.com/public_html/oams/applications/USER/Views/sidebar.php on line 23
in APPPATH/Helpers/curl_helper.php on line 67.
 1 FCPATH/applications/USER/Views/sidebar.php(23): array_column_recursive()
 2 SYSTEMPATH/View/View.php(228): include('/home/u553659265/domains/itechnocorp.com/public_html/oams/applications/USER/Views/sidebar.php')
 3 SYSTEMPATH/View/View.php(231): CodeIgniter\View\View->CodeIgniter\View\{closure}()
 4 SYSTEMPATH/Common.php(1178): CodeIgniter\View\View->render()
 5 FCPATH/applications/USER/Controllers/Dashboard.php(26): view()
 6 SYSTEMPATH/CodeIgniter.php(941): Applications\USER\Controllers\Dashboard->index()
 7 SYSTEMPATH/CodeIgniter.php(502): CodeIgniter\CodeIgniter->runController()
 8 SYSTEMPATH/CodeIgniter.php(361): CodeIgniter\CodeIgniter->handleRequest()
 9 FCPATH/index.php(80): CodeIgniter\CodeIgniter->run()
CRITICAL - 2024-03-11 05:16:44 --> TypeError: array_column_recursive(): Argument #1 ($array) must be of type array, null given, called in /home/u553659265/domains/itechnocorp.com/public_html/oams/applications/USER/Views/sidebar.php on line 23
in APPPATH/Helpers/curl_helper.php on line 67.
 1 FCPATH/applications/USER/Views/sidebar.php(23): array_column_recursive()
 2 SYSTEMPATH/View/View.php(228): include('/home/u553659265/domains/itechnocorp.com/public_html/oams/applications/USER/Views/sidebar.php')
 3 SYSTEMPATH/View/View.php(231): CodeIgniter\View\View->CodeIgniter\View\{closure}()
 4 SYSTEMPATH/Common.php(1178): CodeIgniter\View\View->render()
 5 FCPATH/applications/USER/Controllers/Dashboard.php(26): view()
 6 SYSTEMPATH/CodeIgniter.php(941): Applications\USER\Controllers\Dashboard->index()
 7 SYSTEMPATH/CodeIgniter.php(502): CodeIgniter\CodeIgniter->runController()
 8 SYSTEMPATH/CodeIgniter.php(361): CodeIgniter\CodeIgniter->handleRequest()
 9 FCPATH/index.php(80): CodeIgniter\CodeIgniter->run()
CRITICAL - 2024-03-11 05:17:27 --> ErrorException: Undefined array key "data"
in FCPATH/applications/USER/Views/Center/create_edit.php on line 54.
 1 FCPATH/applications/USER/Views/Center/create_edit.php(54): CodeIgniter\Debug\Exceptions->errorHandler()
 2 SYSTEMPATH/View/View.php(228): include('/home/u553659265/domains/itechnocorp.com/public_html/oams/applications/USER/Views/Center/create_edit.php')
 3 SYSTEMPATH/View/View.php(231): CodeIgniter\View\View->CodeIgniter\View\{closure}()
 4 SYSTEMPATH/Common.php(1178): CodeIgniter\View\View->render()
 5 FCPATH/applications/USER/Controllers/Center.php(143): view()
 6 SYSTEMPATH/CodeIgniter.php(941): Applications\USER\Controllers\Center->show()
 7 SYSTEMPATH/CodeIgniter.php(502): CodeIgniter\CodeIgniter->runController()
 8 SYSTEMPATH/CodeIgniter.php(361): CodeIgniter\CodeIgniter->handleRequest()
 9 FCPATH/index.php(80): CodeIgniter\CodeIgniter->run()
CRITICAL - 2024-03-11 11:20:19 --> ErrorException: Undefined array key "footer"
in FCPATH/applications/USER/Views/Garden/index.php on line 155.
 1 FCPATH/applications/USER/Views/Garden/index.php(155): CodeIgniter\Debug\Exceptions->errorHandler()
 2 SYSTEMPATH/View/View.php(228): include('/home/u553659265/domains/itechnocorp.com/public_html/oams/applications/USER/Views/Garden/index.php')
 3 SYSTEMPATH/View/View.php(231): CodeIgniter\View\View->CodeIgniter\View\{closure}()
 4 SYSTEMPATH/Common.php(1178): CodeIgniter\View\View->render()
 5 FCPATH/applications/USER/Controllers/Garden.php(54): view()
 6 SYSTEMPATH/CodeIgniter.php(941): Applications\USER\Controllers\Garden->index()
 7 SYSTEMPATH/CodeIgniter.php(502): CodeIgniter\CodeIgniter->runController()
 8 SYSTEMPATH/CodeIgniter.php(361): CodeIgniter\CodeIgniter->handleRequest()
 9 FCPATH/index.php(80): CodeIgniter\CodeIgniter->run()
CRITICAL - 2024-03-11 11:20:35 --> ErrorException: Array to string conversion
in FCPATH/applications/USER/Views/Garden/index.php on line 155.
 1 FCPATH/applications/USER/Views/Garden/index.php(155): CodeIgniter\Debug\Exceptions->errorHandler()
 2 SYSTEMPATH/View/View.php(228): include('/home/u553659265/domains/itechnocorp.com/public_html/oams/applications/USER/Views/Garden/index.php')
 3 SYSTEMPATH/View/View.php(231): CodeIgniter\View\View->CodeIgniter\View\{closure}()
 4 SYSTEMPATH/Common.php(1178): CodeIgniter\View\View->render()
 5 FCPATH/applications/USER/Controllers/Garden.php(54): view()
 6 SYSTEMPATH/CodeIgniter.php(941): Applications\USER\Controllers\Garden->index()
 7 SYSTEMPATH/CodeIgniter.php(502): CodeIgniter\CodeIgniter->runController()
 8 SYSTEMPATH/CodeIgniter.php(361): CodeIgniter\CodeIgniter->handleRequest()
 9 FCPATH/index.php(80): CodeIgniter\CodeIgniter->run()
CRITICAL - 2024-03-11 11:32:58 --> Error: Call to undefined function array_column_recursive()
in FCPATH/applications/USER/Views/sidebar.php on line 23.
 1 SYSTEMPATH/View/View.php(228): include()
 2 SYSTEMPATH/View/View.php(231): CodeIgniter\View\View->CodeIgniter\View\{closure}()
 3 SYSTEMPATH/Common.php(1178): CodeIgniter\View\View->render()
 4 FCPATH/applications/USER/Controllers/Settings.php(23): view()
 5 SYSTEMPATH/CodeIgniter.php(941): Applications\USER\Controllers\Settings->index()
 6 SYSTEMPATH/CodeIgniter.php(502): CodeIgniter\CodeIgniter->runController()
 7 SYSTEMPATH/CodeIgniter.php(361): CodeIgniter\CodeIgniter->handleRequest()
 8 FCPATH/index.php(80): CodeIgniter\CodeIgniter->run()
CRITICAL - 2024-03-11 11:33:07 --> Error: Call to undefined function array_column_recursive()
in FCPATH/applications/USER/Views/sidebar.php on line 23.
 1 SYSTEMPATH/View/View.php(228): include()
 2 SYSTEMPATH/View/View.php(231): CodeIgniter\View\View->CodeIgniter\View\{closure}()
 3 SYSTEMPATH/Common.php(1178): CodeIgniter\View\View->render()
 4 FCPATH/applications/USER/Controllers/SoldStock.php(23): view()
 5 SYSTEMPATH/CodeIgniter.php(941): Applications\USER\Controllers\SoldStock->index()
 6 SYSTEMPATH/CodeIgniter.php(502): CodeIgniter\CodeIgniter->runController()
 7 SYSTEMPATH/CodeIgniter.php(361): CodeIgniter\CodeIgniter->handleRequest()
 8 FCPATH/index.php(80): CodeIgniter\CodeIgniter->run()
CRITICAL - 2024-03-11 11:33:11 --> Error: Call to undefined function array_column_recursive()
in FCPATH/applications/USER/Views/sidebar.php on line 23.
 1 SYSTEMPATH/View/View.php(228): include()
 2 SYSTEMPATH/View/View.php(231): CodeIgniter\View\View->CodeIgniter\View\{closure}()
 3 SYSTEMPATH/Common.php(1178): CodeIgniter\View\View->render()
 4 FCPATH/applications/USER/Controllers/DeliveryManagement.php(23): view()
 5 SYSTEMPATH/CodeIgniter.php(941): Applications\USER\Controllers\DeliveryManagement->index()
 6 SYSTEMPATH/CodeIgniter.php(502): CodeIgniter\CodeIgniter->runController()
 7 SYSTEMPATH/CodeIgniter.php(361): CodeIgniter\CodeIgniter->handleRequest()
 8 FCPATH/index.php(80): CodeIgniter\CodeIgniter->run()
CRITICAL - 2024-03-11 11:33:16 --> Error: Call to undefined function array_column_recursive()
in FCPATH/applications/USER/Views/sidebar.php on line 23.
 1 SYSTEMPATH/View/View.php(228): include()
 2 SYSTEMPATH/View/View.php(231): CodeIgniter\View\View->CodeIgniter\View\{closure}()
 3 SYSTEMPATH/Common.php(1178): CodeIgniter\View\View->render()
 4 FCPATH/applications/USER/Controllers/Invoice.php(23): view()
 5 SYSTEMPATH/CodeIgniter.php(941): Applications\USER\Controllers\Invoice->index()
 6 SYSTEMPATH/CodeIgniter.php(502): CodeIgniter\CodeIgniter->runController()
 7 SYSTEMPATH/CodeIgniter.php(361): CodeIgniter\CodeIgniter->handleRequest()
 8 FCPATH/index.php(80): CodeIgniter\CodeIgniter->run()
CRITICAL - 2024-03-11 12:47:56 --> Error: Call to undefined function array_column_recursive()
in FCPATH/applications/USER/Views/sidebar.php on line 23.
 1 SYSTEMPATH/View/View.php(228): include()
 2 SYSTEMPATH/View/View.php(231): CodeIgniter\View\View->CodeIgniter\View\{closure}()
 3 SYSTEMPATH/Common.php(1178): CodeIgniter\View\View->render()
 4 FCPATH/applications/USER/Controllers/SoldStock.php(23): view()
 5 SYSTEMPATH/CodeIgniter.php(941): Applications\USER\Controllers\SoldStock->index()
 6 SYSTEMPATH/CodeIgniter.php(502): CodeIgniter\CodeIgniter->runController()
 7 SYSTEMPATH/CodeIgniter.php(361): CodeIgniter\CodeIgniter->handleRequest()
 8 FCPATH/index.php(80): CodeIgniter\CodeIgniter->run()
