CRITICAL - 2024-03-13 04:49:09 --> ErrorException: Trying to access array offset on value of type null
in FCPATH/applications/USER/Controllers/Buyer.php on line 247.
 1 FCPATH/applications/USER/Controllers/Buyer.php(247): CodeIgniter\Debug\Exceptions->errorHandler()
 2 SYSTEMPATH/CodeIgniter.php(941): Applications\USER\Controllers\Buyer->update()
 3 SYSTEMPATH/CodeIgniter.php(502): CodeIgniter\CodeIgniter->runController()
 4 SYSTEMPATH/CodeIgniter.php(361): CodeIgniter\CodeIgniter->handleRequest()
 5 FCPATH/index.php(80): CodeIgniter\CodeIgniter->run()
CRITICAL - 2024-03-13 04:53:18 --> Error: Call to undefined function array_column_recursive()
in FCPATH/applications/USER/Views/sidebar.php on line 23.
 1 SYSTEMPATH/View/View.php(228): include()
 2 SYSTEMPATH/View/View.php(231): CodeIgniter\View\View->CodeIgniter\View\{closure}()
 3 SYSTEMPATH/Common.php(1178): CodeIgniter\View\View->render()
 4 FCPATH/applications/USER/Controllers/Settings.php(23): view()
 5 SYSTEMPATH/CodeIgniter.php(941): Applications\USER\Controllers\Settings->index()
 6 SYSTEMPATH/CodeIgniter.php(502): CodeIgniter\CodeIgniter->runController()
 7 SYSTEMPATH/CodeIgniter.php(361): CodeIgniter\CodeIgniter->handleRequest()
 8 FCPATH/index.php(80): CodeIgniter\CodeIgniter->run()
CRITICAL - 2024-03-13 04:57:44 --> Error: Call to undefined function array_column_recursive()
in FCPATH/applications/USER/Views/sidebar.php on line 23.
 1 SYSTEMPATH/View/View.php(228): include()
 2 SYSTEMPATH/View/View.php(231): CodeIgniter\View\View->CodeIgniter\View\{closure}()
 3 SYSTEMPATH/Common.php(1178): CodeIgniter\View\View->render()
 4 FCPATH/applications/USER/Controllers/SoldStock.php(23): view()
 5 SYSTEMPATH/CodeIgniter.php(941): Applications\USER\Controllers\SoldStock->index()
 6 SYSTEMPATH/CodeIgniter.php(502): CodeIgniter\CodeIgniter->runController()
 7 SYSTEMPATH/CodeIgniter.php(361): CodeIgniter\CodeIgniter->handleRequest()
 8 FCPATH/index.php(80): CodeIgniter\CodeIgniter->run()
CRITICAL - 2024-03-13 05:57:13 --> ErrorException: Trying to access array offset on value of type null
in FCPATH/applications/USER/Controllers/Buyer.php on line 248.
 1 FCPATH/applications/USER/Controllers/Buyer.php(248): CodeIgniter\Debug\Exceptions->errorHandler()
 2 SYSTEMPATH/CodeIgniter.php(941): Applications\USER\Controllers\Buyer->update()
 3 SYSTEMPATH/CodeIgniter.php(502): CodeIgniter\CodeIgniter->runController()
 4 SYSTEMPATH/CodeIgniter.php(361): CodeIgniter\CodeIgniter->handleRequest()
 5 FCPATH/index.php(80): CodeIgniter\CodeIgniter->run()
CRITICAL - 2024-03-13 05:58:22 --> ErrorException: Trying to access array offset on value of type null
in FCPATH/applications/USER/Controllers/Buyer.php on line 248.
 1 FCPATH/applications/USER/Controllers/Buyer.php(248): CodeIgniter\Debug\Exceptions->errorHandler()
 2 SYSTEMPATH/CodeIgniter.php(941): Applications\USER\Controllers\Buyer->update()
 3 SYSTEMPATH/CodeIgniter.php(502): CodeIgniter\CodeIgniter->runController()
 4 SYSTEMPATH/CodeIgniter.php(361): CodeIgniter\CodeIgniter->handleRequest()
 5 FCPATH/index.php(80): CodeIgniter\CodeIgniter->run()
CRITICAL - 2024-03-13 06:02:08 --> ErrorException: Trying to access array offset on value of type null
in FCPATH/applications/USER/Controllers/Buyer.php on line 248.
 1 FCPATH/applications/USER/Controllers/Buyer.php(248): CodeIgniter\Debug\Exceptions->errorHandler()
 2 SYSTEMPATH/CodeIgniter.php(941): Applications\USER\Controllers\Buyer->update()
 3 SYSTEMPATH/CodeIgniter.php(502): CodeIgniter\CodeIgniter->runController()
 4 SYSTEMPATH/CodeIgniter.php(361): CodeIgniter\CodeIgniter->handleRequest()
 5 FCPATH/index.php(80): CodeIgniter\CodeIgniter->run()
CRITICAL - 2024-03-13 06:13:23 --> ErrorException: Trying to access array offset on value of type null
in FCPATH/applications/USER/Controllers/Buyer.php on line 248.
 1 FCPATH/applications/USER/Controllers/Buyer.php(248): CodeIgniter\Debug\Exceptions->errorHandler()
 2 SYSTEMPATH/CodeIgniter.php(941): Applications\USER\Controllers\Buyer->update()
 3 SYSTEMPATH/CodeIgniter.php(502): CodeIgniter\CodeIgniter->runController()
 4 SYSTEMPATH/CodeIgniter.php(361): CodeIgniter\CodeIgniter->handleRequest()
 5 FCPATH/index.php(80): CodeIgniter\CodeIgniter->run()
CRITICAL - 2024-03-13 06:42:45 --> Error: Call to undefined function array_column_recursive()
in FCPATH/applications/USER/Views/sidebar.php on line 23.
 1 SYSTEMPATH/View/View.php(228): include()
 2 SYSTEMPATH/View/View.php(231): CodeIgniter\View\View->CodeIgniter\View\{closure}()
 3 SYSTEMPATH/Common.php(1178): CodeIgniter\View\View->render()
 4 FCPATH/applications/USER/Controllers/SoldStock.php(23): view()
 5 SYSTEMPATH/CodeIgniter.php(941): Applications\USER\Controllers\SoldStock->index()
 6 SYSTEMPATH/CodeIgniter.php(502): CodeIgniter\CodeIgniter->runController()
 7 SYSTEMPATH/CodeIgniter.php(361): CodeIgniter\CodeIgniter->handleRequest()
 8 FCPATH/index.php(80): CodeIgniter\CodeIgniter->run()
CRITICAL - 2024-03-13 06:42:49 --> Error: Call to undefined function array_column_recursive()
in FCPATH/applications/USER/Views/sidebar.php on line 23.
 1 SYSTEMPATH/View/View.php(228): include()
 2 SYSTEMPATH/View/View.php(231): CodeIgniter\View\View->CodeIgniter\View\{closure}()
 3 SYSTEMPATH/Common.php(1178): CodeIgniter\View\View->render()
 4 FCPATH/applications/USER/Controllers/Invoice.php(23): view()
 5 SYSTEMPATH/CodeIgniter.php(941): Applications\USER\Controllers\Invoice->index()
 6 SYSTEMPATH/CodeIgniter.php(502): CodeIgniter\CodeIgniter->runController()
 7 SYSTEMPATH/CodeIgniter.php(361): CodeIgniter\CodeIgniter->handleRequest()
 8 FCPATH/index.php(80): CodeIgniter\CodeIgniter->run()
CRITICAL - 2024-03-13 07:08:57 --> ErrorException: Trying to access array offset on value of type null
in FCPATH/applications/USER/Controllers/Center.php on line 232.
 1 FCPATH/applications/USER/Controllers/Center.php(232): CodeIgniter\Debug\Exceptions->errorHandler()
 2 SYSTEMPATH/CodeIgniter.php(941): Applications\USER\Controllers\Center->update()
 3 SYSTEMPATH/CodeIgniter.php(502): CodeIgniter\CodeIgniter->runController()
 4 SYSTEMPATH/CodeIgniter.php(361): CodeIgniter\CodeIgniter->handleRequest()
 5 FCPATH/index.php(80): CodeIgniter\CodeIgniter->run()
CRITICAL - 2024-03-13 07:42:38 --> ErrorException: Undefined array key "data"
in FCPATH/applications/USER/Views/Buyer/create_edit.php on line 94.
 1 FCPATH/applications/USER/Views/Buyer/create_edit.php(94): CodeIgniter\Debug\Exceptions->errorHandler()
 2 SYSTEMPATH/View/View.php(228): include('/home/u553659265/domains/itechnocorp.com/public_html/oams/applications/USER/Views/Buyer/create_edit.php')
 3 SYSTEMPATH/View/View.php(231): CodeIgniter\View\View->CodeIgniter\View\{closure}()
 4 SYSTEMPATH/Common.php(1178): CodeIgniter\View\View->render()
 5 FCPATH/applications/USER/Controllers/Buyer.php(143): view()
 6 SYSTEMPATH/CodeIgniter.php(941): Applications\USER\Controllers\Buyer->show()
 7 SYSTEMPATH/CodeIgniter.php(502): CodeIgniter\CodeIgniter->runController()
 8 SYSTEMPATH/CodeIgniter.php(361): CodeIgniter\CodeIgniter->handleRequest()
 9 FCPATH/index.php(80): CodeIgniter\CodeIgniter->run()
CRITICAL - 2024-03-13 08:04:50 --> TypeError: array_column_recursive(): Argument #1 ($array) must be of type array, null given, called in /home/u553659265/domains/itechnocorp.com/public_html/oams/applications/USER/Views/sidebar.php on line 23
in APPPATH/Helpers/curl_helper.php on line 67.
 1 FCPATH/applications/USER/Views/sidebar.php(23): array_column_recursive()
 2 SYSTEMPATH/View/View.php(228): include('/home/u553659265/domains/itechnocorp.com/public_html/oams/applications/USER/Views/sidebar.php')
 3 SYSTEMPATH/View/View.php(231): CodeIgniter\View\View->CodeIgniter\View\{closure}()
 4 SYSTEMPATH/Common.php(1178): CodeIgniter\View\View->render()
 5 FCPATH/applications/USER/Controllers/Dashboard.php(26): view()
 6 SYSTEMPATH/CodeIgniter.php(941): Applications\USER\Controllers\Dashboard->index()
 7 SYSTEMPATH/CodeIgniter.php(502): CodeIgniter\CodeIgniter->runController()
 8 SYSTEMPATH/CodeIgniter.php(361): CodeIgniter\CodeIgniter->handleRequest()
 9 FCPATH/index.php(80): CodeIgniter\CodeIgniter->run()
CRITICAL - 2024-03-13 08:05:16 --> TypeError: array_column_recursive(): Argument #1 ($array) must be of type array, null given, called in /home/u553659265/domains/itechnocorp.com/public_html/oams/applications/USER/Views/sidebar.php on line 23
in APPPATH/Helpers/curl_helper.php on line 67.
 1 FCPATH/applications/USER/Views/sidebar.php(23): array_column_recursive()
 2 SYSTEMPATH/View/View.php(228): include('/home/u553659265/domains/itechnocorp.com/public_html/oams/applications/USER/Views/sidebar.php')
 3 SYSTEMPATH/View/View.php(231): CodeIgniter\View\View->CodeIgniter\View\{closure}()
 4 SYSTEMPATH/Common.php(1178): CodeIgniter\View\View->render()
 5 FCPATH/applications/USER/Controllers/Dashboard.php(26): view()
 6 SYSTEMPATH/CodeIgniter.php(941): Applications\USER\Controllers\Dashboard->index()
 7 SYSTEMPATH/CodeIgniter.php(502): CodeIgniter\CodeIgniter->runController()
 8 SYSTEMPATH/CodeIgniter.php(361): CodeIgniter\CodeIgniter->handleRequest()
 9 FCPATH/index.php(80): CodeIgniter\CodeIgniter->run()
CRITICAL - 2024-03-13 08:16:36 --> Error: Call to undefined function array_column_recursive()
in FCPATH/applications/USER/Views/sidebar.php on line 23.
 1 SYSTEMPATH/View/View.php(228): include()
 2 SYSTEMPATH/View/View.php(231): CodeIgniter\View\View->CodeIgniter\View\{closure}()
 3 SYSTEMPATH/Common.php(1178): CodeIgniter\View\View->render()
 4 FCPATH/applications/USER/Controllers/Settings.php(23): view()
 5 SYSTEMPATH/CodeIgniter.php(941): Applications\USER\Controllers\Settings->index()
 6 SYSTEMPATH/CodeIgniter.php(502): CodeIgniter\CodeIgniter->runController()
 7 SYSTEMPATH/CodeIgniter.php(361): CodeIgniter\CodeIgniter->handleRequest()
 8 FCPATH/index.php(80): CodeIgniter\CodeIgniter->run()
CRITICAL - 2024-03-13 08:16:39 --> Error: Call to undefined function array_column_recursive()
in FCPATH/applications/USER/Views/sidebar.php on line 23.
 1 SYSTEMPATH/View/View.php(228): include()
 2 SYSTEMPATH/View/View.php(231): CodeIgniter\View\View->CodeIgniter\View\{closure}()
 3 SYSTEMPATH/Common.php(1178): CodeIgniter\View\View->render()
 4 FCPATH/applications/USER/Controllers/SoldStock.php(23): view()
 5 SYSTEMPATH/CodeIgniter.php(941): Applications\USER\Controllers\SoldStock->index()
 6 SYSTEMPATH/CodeIgniter.php(502): CodeIgniter\CodeIgniter->runController()
 7 SYSTEMPATH/CodeIgniter.php(361): CodeIgniter\CodeIgniter->handleRequest()
 8 FCPATH/index.php(80): CodeIgniter\CodeIgniter->run()
CRITICAL - 2024-03-13 08:16:44 --> Error: Call to undefined function array_column_recursive()
in FCPATH/applications/USER/Views/sidebar.php on line 23.
 1 SYSTEMPATH/View/View.php(228): include()
 2 SYSTEMPATH/View/View.php(231): CodeIgniter\View\View->CodeIgniter\View\{closure}()
 3 SYSTEMPATH/Common.php(1178): CodeIgniter\View\View->render()
 4 FCPATH/applications/USER/Controllers/DeliveryManagement.php(23): view()
 5 SYSTEMPATH/CodeIgniter.php(941): Applications\USER\Controllers\DeliveryManagement->index()
 6 SYSTEMPATH/CodeIgniter.php(502): CodeIgniter\CodeIgniter->runController()
 7 SYSTEMPATH/CodeIgniter.php(361): CodeIgniter\CodeIgniter->handleRequest()
 8 FCPATH/index.php(80): CodeIgniter\CodeIgniter->run()
CRITICAL - 2024-03-13 08:16:51 --> Error: Call to undefined function array_column_recursive()
in FCPATH/applications/USER/Views/sidebar.php on line 23.
 1 SYSTEMPATH/View/View.php(228): include()
 2 SYSTEMPATH/View/View.php(231): CodeIgniter\View\View->CodeIgniter\View\{closure}()
 3 SYSTEMPATH/Common.php(1178): CodeIgniter\View\View->render()
 4 FCPATH/applications/USER/Controllers/Invoice.php(23): view()
 5 SYSTEMPATH/CodeIgniter.php(941): Applications\USER\Controllers\Invoice->index()
 6 SYSTEMPATH/CodeIgniter.php(502): CodeIgniter\CodeIgniter->runController()
 7 SYSTEMPATH/CodeIgniter.php(361): CodeIgniter\CodeIgniter->handleRequest()
 8 FCPATH/index.php(80): CodeIgniter\CodeIgniter->run()
CRITICAL - 2024-03-13 09:07:54 --> ErrorException: Undefined array key "data"
in FCPATH/applications/USER/Views/Garden/edit.php on line 56.
 1 FCPATH/applications/USER/Views/Garden/edit.php(56): CodeIgniter\Debug\Exceptions->errorHandler()
 2 SYSTEMPATH/View/View.php(228): include('/home/u553659265/domains/itechnocorp.com/public_html/oams/applications/USER/Views/Garden/edit.php')
 3 SYSTEMPATH/View/View.php(231): CodeIgniter\View\View->CodeIgniter\View\{closure}()
 4 SYSTEMPATH/Common.php(1178): CodeIgniter\View\View->render()
 5 FCPATH/applications/USER/Controllers/Garden.php(163): view()
 6 SYSTEMPATH/CodeIgniter.php(941): Applications\USER\Controllers\Garden->show()
 7 SYSTEMPATH/CodeIgniter.php(502): CodeIgniter\CodeIgniter->runController()
 8 SYSTEMPATH/CodeIgniter.php(361): CodeIgniter\CodeIgniter->handleRequest()
 9 FCPATH/index.php(80): CodeIgniter\CodeIgniter->run()
CRITICAL - 2024-03-13 09:08:10 --> ErrorException: Undefined array key "data"
in FCPATH/applications/USER/Views/Garden/edit.php on line 56.
 1 FCPATH/applications/USER/Views/Garden/edit.php(56): CodeIgniter\Debug\Exceptions->errorHandler()
 2 SYSTEMPATH/View/View.php(228): include('/home/u553659265/domains/itechnocorp.com/public_html/oams/applications/USER/Views/Garden/edit.php')
 3 SYSTEMPATH/View/View.php(231): CodeIgniter\View\View->CodeIgniter\View\{closure}()
 4 SYSTEMPATH/Common.php(1178): CodeIgniter\View\View->render()
 5 FCPATH/applications/USER/Controllers/Garden.php(163): view()
 6 SYSTEMPATH/CodeIgniter.php(941): Applications\USER\Controllers\Garden->show()
 7 SYSTEMPATH/CodeIgniter.php(502): CodeIgniter\CodeIgniter->runController()
 8 SYSTEMPATH/CodeIgniter.php(361): CodeIgniter\CodeIgniter->handleRequest()
 9 FCPATH/index.php(80): CodeIgniter\CodeIgniter->run()
CRITICAL - 2024-03-13 09:24:35 --> ErrorException: Undefined array key "data"
in FCPATH/applications/USER/Views/Garden/edit.php on line 56.
 1 FCPATH/applications/USER/Views/Garden/edit.php(56): CodeIgniter\Debug\Exceptions->errorHandler()
 2 SYSTEMPATH/View/View.php(228): include('/home/u553659265/domains/itechnocorp.com/public_html/oams/applications/USER/Views/Garden/edit.php')
 3 SYSTEMPATH/View/View.php(231): CodeIgniter\View\View->CodeIgniter\View\{closure}()
 4 SYSTEMPATH/Common.php(1178): CodeIgniter\View\View->render()
 5 FCPATH/applications/USER/Controllers/Garden.php(163): view()
 6 SYSTEMPATH/CodeIgniter.php(941): Applications\USER\Controllers\Garden->show()
 7 SYSTEMPATH/CodeIgniter.php(502): CodeIgniter\CodeIgniter->runController()
 8 SYSTEMPATH/CodeIgniter.php(361): CodeIgniter\CodeIgniter->handleRequest()
 9 FCPATH/index.php(80): CodeIgniter\CodeIgniter->run()
CRITICAL - 2024-03-13 09:26:37 --> ErrorException: foreach() argument must be of type array|object, null given
in FCPATH/applications/USER/Views/Garden/edit.php on line 56.
 1 FCPATH/applications/USER/Views/Garden/edit.php(56): CodeIgniter\Debug\Exceptions->errorHandler()
 2 SYSTEMPATH/View/View.php(228): include('/home/u553659265/domains/itechnocorp.com/public_html/oams/applications/USER/Views/Garden/edit.php')
 3 SYSTEMPATH/View/View.php(231): CodeIgniter\View\View->CodeIgniter\View\{closure}()
 4 SYSTEMPATH/Common.php(1178): CodeIgniter\View\View->render()
 5 FCPATH/applications/USER/Controllers/Garden.php(163): view()
 6 SYSTEMPATH/CodeIgniter.php(941): Applications\USER\Controllers\Garden->show()
 7 SYSTEMPATH/CodeIgniter.php(502): CodeIgniter\CodeIgniter->runController()
 8 SYSTEMPATH/CodeIgniter.php(361): CodeIgniter\CodeIgniter->handleRequest()
 9 FCPATH/index.php(80): CodeIgniter\CodeIgniter->run()
CRITICAL - 2024-03-13 09:27:45 --> ErrorException: foreach() argument must be of type array|object, null given
in FCPATH/applications/USER/Views/Garden/edit.php on line 46.
 1 FCPATH/applications/USER/Views/Garden/edit.php(46): CodeIgniter\Debug\Exceptions->errorHandler()
 2 SYSTEMPATH/View/View.php(228): include('/home/u553659265/domains/itechnocorp.com/public_html/oams/applications/USER/Views/Garden/edit.php')
 3 SYSTEMPATH/View/View.php(231): CodeIgniter\View\View->CodeIgniter\View\{closure}()
 4 SYSTEMPATH/Common.php(1178): CodeIgniter\View\View->render()
 5 FCPATH/applications/USER/Controllers/Garden.php(163): view()
 6 SYSTEMPATH/CodeIgniter.php(941): Applications\USER\Controllers\Garden->show()
 7 SYSTEMPATH/CodeIgniter.php(502): CodeIgniter\CodeIgniter->runController()
 8 SYSTEMPATH/CodeIgniter.php(361): CodeIgniter\CodeIgniter->handleRequest()
 9 FCPATH/index.php(80): CodeIgniter\CodeIgniter->run()
CRITICAL - 2024-03-13 09:28:13 --> ErrorException: foreach() argument must be of type array|object, null given
in FCPATH/applications/USER/Views/Garden/edit.php on line 46.
 1 FCPATH/applications/USER/Views/Garden/edit.php(46): CodeIgniter\Debug\Exceptions->errorHandler()
 2 SYSTEMPATH/View/View.php(228): include('/home/u553659265/domains/itechnocorp.com/public_html/oams/applications/USER/Views/Garden/edit.php')
 3 SYSTEMPATH/View/View.php(231): CodeIgniter\View\View->CodeIgniter\View\{closure}()
 4 SYSTEMPATH/Common.php(1178): CodeIgniter\View\View->render()
 5 FCPATH/applications/USER/Controllers/Garden.php(163): view()
 6 SYSTEMPATH/CodeIgniter.php(941): Applications\USER\Controllers\Garden->show()
 7 SYSTEMPATH/CodeIgniter.php(502): CodeIgniter\CodeIgniter->runController()
 8 SYSTEMPATH/CodeIgniter.php(361): CodeIgniter\CodeIgniter->handleRequest()
 9 FCPATH/index.php(80): CodeIgniter\CodeIgniter->run()
CRITICAL - 2024-03-13 09:39:57 --> ErrorException: Undefined array key "data"
in FCPATH/applications/USER/Views/Garden/edit.php on line 56.
 1 FCPATH/applications/USER/Views/Garden/edit.php(56): CodeIgniter\Debug\Exceptions->errorHandler()
 2 SYSTEMPATH/View/View.php(228): include('/home/u553659265/domains/itechnocorp.com/public_html/oams/applications/USER/Views/Garden/edit.php')
 3 SYSTEMPATH/View/View.php(231): CodeIgniter\View\View->CodeIgniter\View\{closure}()
 4 SYSTEMPATH/Common.php(1178): CodeIgniter\View\View->render()
 5 FCPATH/applications/USER/Controllers/Garden.php(163): view()
 6 SYSTEMPATH/CodeIgniter.php(941): Applications\USER\Controllers\Garden->show()
 7 SYSTEMPATH/CodeIgniter.php(502): CodeIgniter\CodeIgniter->runController()
 8 SYSTEMPATH/CodeIgniter.php(361): CodeIgniter\CodeIgniter->handleRequest()
 9 FCPATH/index.php(80): CodeIgniter\CodeIgniter->run()
CRITICAL - 2024-03-13 09:41:16 --> ErrorException: foreach() argument must be of type array|object, null given
in FCPATH/applications/USER/Views/Garden/edit.php on line 56.
 1 FCPATH/applications/USER/Views/Garden/edit.php(56): CodeIgniter\Debug\Exceptions->errorHandler()
 2 SYSTEMPATH/View/View.php(228): include('/home/u553659265/domains/itechnocorp.com/public_html/oams/applications/USER/Views/Garden/edit.php')
 3 SYSTEMPATH/View/View.php(231): CodeIgniter\View\View->CodeIgniter\View\{closure}()
 4 SYSTEMPATH/Common.php(1178): CodeIgniter\View\View->render()
 5 FCPATH/applications/USER/Controllers/Garden.php(163): view()
 6 SYSTEMPATH/CodeIgniter.php(941): Applications\USER\Controllers\Garden->show()
 7 SYSTEMPATH/CodeIgniter.php(502): CodeIgniter\CodeIgniter->runController()
 8 SYSTEMPATH/CodeIgniter.php(361): CodeIgniter\CodeIgniter->handleRequest()
 9 FCPATH/index.php(80): CodeIgniter\CodeIgniter->run()
CRITICAL - 2024-03-13 09:41:30 --> ErrorException: foreach() argument must be of type array|object, null given
in FCPATH/applications/USER/Views/Garden/edit.php on line 56.
 1 FCPATH/applications/USER/Views/Garden/edit.php(56): CodeIgniter\Debug\Exceptions->errorHandler()
 2 SYSTEMPATH/View/View.php(228): include('/home/u553659265/domains/itechnocorp.com/public_html/oams/applications/USER/Views/Garden/edit.php')
 3 SYSTEMPATH/View/View.php(231): CodeIgniter\View\View->CodeIgniter\View\{closure}()
 4 SYSTEMPATH/Common.php(1178): CodeIgniter\View\View->render()
 5 FCPATH/applications/USER/Controllers/Garden.php(163): view()
 6 SYSTEMPATH/CodeIgniter.php(941): Applications\USER\Controllers\Garden->show()
 7 SYSTEMPATH/CodeIgniter.php(502): CodeIgniter\CodeIgniter->runController()
 8 SYSTEMPATH/CodeIgniter.php(361): CodeIgniter\CodeIgniter->handleRequest()
 9 FCPATH/index.php(80): CodeIgniter\CodeIgniter->run()
CRITICAL - 2024-03-13 09:41:31 --> Error: Call to undefined function array_column_recursive()
in FCPATH/applications/USER/Views/sidebar.php on line 23.
 1 SYSTEMPATH/View/View.php(228): include()
 2 SYSTEMPATH/View/View.php(231): CodeIgniter\View\View->CodeIgniter\View\{closure}()
 3 SYSTEMPATH/Common.php(1178): CodeIgniter\View\View->render()
 4 FCPATH/applications/USER/Controllers/SoldStock.php(23): view()
 5 SYSTEMPATH/CodeIgniter.php(941): Applications\USER\Controllers\SoldStock->index()
 6 SYSTEMPATH/CodeIgniter.php(502): CodeIgniter\CodeIgniter->runController()
 7 SYSTEMPATH/CodeIgniter.php(361): CodeIgniter\CodeIgniter->handleRequest()
 8 FCPATH/index.php(80): CodeIgniter\CodeIgniter->run()
CRITICAL - 2024-03-13 10:07:41 --> ErrorException: foreach() argument must be of type array|object, null given
in FCPATH/applications/USER/Views/Garden/edit.php on line 56.
 1 FCPATH/applications/USER/Views/Garden/edit.php(56): CodeIgniter\Debug\Exceptions->errorHandler()
 2 SYSTEMPATH/View/View.php(228): include('/home/u553659265/domains/itechnocorp.com/public_html/oams/applications/USER/Views/Garden/edit.php')
 3 SYSTEMPATH/View/View.php(231): CodeIgniter\View\View->CodeIgniter\View\{closure}()
 4 SYSTEMPATH/Common.php(1178): CodeIgniter\View\View->render()
 5 FCPATH/applications/USER/Controllers/Garden.php(163): view()
 6 SYSTEMPATH/CodeIgniter.php(941): Applications\USER\Controllers\Garden->show()
 7 SYSTEMPATH/CodeIgniter.php(502): CodeIgniter\CodeIgniter->runController()
 8 SYSTEMPATH/CodeIgniter.php(361): CodeIgniter\CodeIgniter->handleRequest()
 9 FCPATH/index.php(80): CodeIgniter\CodeIgniter->run()
CRITICAL - 2024-03-13 11:23:56 --> ErrorException: Trying to access array offset on value of type null
in FCPATH/applications/USER/Controllers/Area.php on line 315.
 1 FCPATH/applications/USER/Controllers/Area.php(315): CodeIgniter\Debug\Exceptions->errorHandler()
 2 SYSTEMPATH/CodeIgniter.php(941): Applications\USER\Controllers\Area->cityArea()
 3 SYSTEMPATH/CodeIgniter.php(502): CodeIgniter\CodeIgniter->runController()
 4 SYSTEMPATH/CodeIgniter.php(361): CodeIgniter\CodeIgniter->handleRequest()
 5 FCPATH/index.php(80): CodeIgniter\CodeIgniter->run()
CRITICAL - 2024-03-13 11:23:56 --> ErrorException: Trying to access array offset on value of type null
in FCPATH/applications/USER/Controllers/Area.php on line 315.
 1 FCPATH/applications/USER/Controllers/Area.php(315): CodeIgniter\Debug\Exceptions->errorHandler()
 2 SYSTEMPATH/CodeIgniter.php(941): Applications\USER\Controllers\Area->cityArea()
 3 SYSTEMPATH/CodeIgniter.php(502): CodeIgniter\CodeIgniter->runController()
 4 SYSTEMPATH/CodeIgniter.php(361): CodeIgniter\CodeIgniter->handleRequest()
 5 FCPATH/index.php(80): CodeIgniter\CodeIgniter->run()
CRITICAL - 2024-03-13 11:26:17 --> ErrorException: foreach() argument must be of type array|object, null given
in FCPATH/applications/USER/Views/Garden/edit.php on line 56.
 1 FCPATH/applications/USER/Views/Garden/edit.php(56): CodeIgniter\Debug\Exceptions->errorHandler()
 2 SYSTEMPATH/View/View.php(228): include('/home/u553659265/domains/itechnocorp.com/public_html/oams/applications/USER/Views/Garden/edit.php')
 3 SYSTEMPATH/View/View.php(231): CodeIgniter\View\View->CodeIgniter\View\{closure}()
 4 SYSTEMPATH/Common.php(1178): CodeIgniter\View\View->render()
 5 FCPATH/applications/USER/Controllers/Garden.php(163): view()
 6 SYSTEMPATH/CodeIgniter.php(941): Applications\USER\Controllers\Garden->show()
 7 SYSTEMPATH/CodeIgniter.php(502): CodeIgniter\CodeIgniter->runController()
 8 SYSTEMPATH/CodeIgniter.php(361): CodeIgniter\CodeIgniter->handleRequest()
 9 FCPATH/index.php(80): CodeIgniter\CodeIgniter->run()
CRITICAL - 2024-03-13 11:27:18 --> ErrorException: foreach() argument must be of type array|object, null given
in FCPATH/applications/USER/Views/Garden/edit.php on line 56.
 1 FCPATH/applications/USER/Views/Garden/edit.php(56): CodeIgniter\Debug\Exceptions->errorHandler()
 2 SYSTEMPATH/View/View.php(228): include('/home/u553659265/domains/itechnocorp.com/public_html/oams/applications/USER/Views/Garden/edit.php')
 3 SYSTEMPATH/View/View.php(231): CodeIgniter\View\View->CodeIgniter\View\{closure}()
 4 SYSTEMPATH/Common.php(1178): CodeIgniter\View\View->render()
 5 FCPATH/applications/USER/Controllers/Garden.php(163): view()
 6 SYSTEMPATH/CodeIgniter.php(941): Applications\USER\Controllers\Garden->show()
 7 SYSTEMPATH/CodeIgniter.php(502): CodeIgniter\CodeIgniter->runController()
 8 SYSTEMPATH/CodeIgniter.php(361): CodeIgniter\CodeIgniter->handleRequest()
 9 FCPATH/index.php(80): CodeIgniter\CodeIgniter->run()
CRITICAL - 2024-03-13 11:31:26 --> ErrorException: foreach() argument must be of type array|object, null given
in FCPATH/applications/USER/Views/Garden/edit.php on line 56.
 1 FCPATH/applications/USER/Views/Garden/edit.php(56): CodeIgniter\Debug\Exceptions->errorHandler()
 2 SYSTEMPATH/View/View.php(228): include('/home/u553659265/domains/itechnocorp.com/public_html/oams/applications/USER/Views/Garden/edit.php')
 3 SYSTEMPATH/View/View.php(231): CodeIgniter\View\View->CodeIgniter\View\{closure}()
 4 SYSTEMPATH/Common.php(1178): CodeIgniter\View\View->render()
 5 FCPATH/applications/USER/Controllers/Garden.php(163): view()
 6 SYSTEMPATH/CodeIgniter.php(941): Applications\USER\Controllers\Garden->show()
 7 SYSTEMPATH/CodeIgniter.php(502): CodeIgniter\CodeIgniter->runController()
 8 SYSTEMPATH/CodeIgniter.php(361): CodeIgniter\CodeIgniter->handleRequest()
 9 FCPATH/index.php(80): CodeIgniter\CodeIgniter->run()
CRITICAL - 2024-03-13 11:48:09 --> ErrorException: Undefined array key "data"
in FCPATH/applications/USER/Views/Garden/edit.php on line 56.
 1 FCPATH/applications/USER/Views/Garden/edit.php(56): CodeIgniter\Debug\Exceptions->errorHandler()
 2 SYSTEMPATH/View/View.php(228): include('/home/u553659265/domains/itechnocorp.com/public_html/oams/applications/USER/Views/Garden/edit.php')
 3 SYSTEMPATH/View/View.php(231): CodeIgniter\View\View->CodeIgniter\View\{closure}()
 4 SYSTEMPATH/Common.php(1178): CodeIgniter\View\View->render()
 5 FCPATH/applications/USER/Controllers/Garden.php(163): view()
 6 SYSTEMPATH/CodeIgniter.php(941): Applications\USER\Controllers\Garden->show()
 7 SYSTEMPATH/CodeIgniter.php(502): CodeIgniter\CodeIgniter->runController()
 8 SYSTEMPATH/CodeIgniter.php(361): CodeIgniter\CodeIgniter->handleRequest()
 9 FCPATH/index.php(80): CodeIgniter\CodeIgniter->run()
CRITICAL - 2024-03-13 12:21:35 --> ErrorException: Undefined array key "area"
in FCPATH/applications/USER/Views/Garden/edit.php on line 56.
 1 FCPATH/applications/USER/Views/Garden/edit.php(56): CodeIgniter\Debug\Exceptions->errorHandler()
 2 SYSTEMPATH/View/View.php(228): include('/home/u553659265/domains/itechnocorp.com/public_html/oams/applications/USER/Views/Garden/edit.php')
 3 SYSTEMPATH/View/View.php(231): CodeIgniter\View\View->CodeIgniter\View\{closure}()
 4 SYSTEMPATH/Common.php(1178): CodeIgniter\View\View->render()
 5 FCPATH/applications/USER/Controllers/Garden.php(163): view()
 6 SYSTEMPATH/CodeIgniter.php(941): Applications\USER\Controllers\Garden->show()
 7 SYSTEMPATH/CodeIgniter.php(502): CodeIgniter\CodeIgniter->runController()
 8 SYSTEMPATH/CodeIgniter.php(361): CodeIgniter\CodeIgniter->handleRequest()
 9 FCPATH/index.php(80): CodeIgniter\CodeIgniter->run()
CRITICAL - 2024-03-13 12:24:13 --> ErrorException: foreach() argument must be of type array|object, null given
in FCPATH/applications/USER/Views/Garden/edit.php on line 56.
 1 FCPATH/applications/USER/Views/Garden/edit.php(56): CodeIgniter\Debug\Exceptions->errorHandler()
 2 SYSTEMPATH/View/View.php(228): include('/home/u553659265/domains/itechnocorp.com/public_html/oams/applications/USER/Views/Garden/edit.php')
 3 SYSTEMPATH/View/View.php(231): CodeIgniter\View\View->CodeIgniter\View\{closure}()
 4 SYSTEMPATH/Common.php(1178): CodeIgniter\View\View->render()
 5 FCPATH/applications/USER/Controllers/Garden.php(163): view()
 6 SYSTEMPATH/CodeIgniter.php(941): Applications\USER\Controllers\Garden->show()
 7 SYSTEMPATH/CodeIgniter.php(502): CodeIgniter\CodeIgniter->runController()
 8 SYSTEMPATH/CodeIgniter.php(361): CodeIgniter\CodeIgniter->handleRequest()
 9 FCPATH/index.php(80): CodeIgniter\CodeIgniter->run()
CRITICAL - 2024-03-13 12:31:58 --> TypeError: count(): Argument #1 ($value) must be of type Countable|array, string given
in FCPATH/applications/USER/Views/Garden/edit.php on line 56.
 1 SYSTEMPATH/View/View.php(228): include()
 2 SYSTEMPATH/View/View.php(231): CodeIgniter\View\View->CodeIgniter\View\{closure}()
 3 SYSTEMPATH/Common.php(1178): CodeIgniter\View\View->render()
 4 FCPATH/applications/USER/Controllers/Garden.php(163): view()
 5 SYSTEMPATH/CodeIgniter.php(941): Applications\USER\Controllers\Garden->show()
 6 SYSTEMPATH/CodeIgniter.php(502): CodeIgniter\CodeIgniter->runController()
 7 SYSTEMPATH/CodeIgniter.php(361): CodeIgniter\CodeIgniter->handleRequest()
 8 FCPATH/index.php(80): CodeIgniter\CodeIgniter->run()
CRITICAL - 2024-03-13 13:10:32 --> ErrorException: Undefined array key "city"
in FCPATH/applications/USER/Views/Garden/edit.php on line 46.
 1 FCPATH/applications/USER/Views/Garden/edit.php(46): CodeIgniter\Debug\Exceptions->errorHandler()
 2 SYSTEMPATH/View/View.php(228): include('/home/u553659265/domains/itechnocorp.com/public_html/oams/applications/USER/Views/Garden/edit.php')
 3 SYSTEMPATH/View/View.php(231): CodeIgniter\View\View->CodeIgniter\View\{closure}()
 4 SYSTEMPATH/Common.php(1178): CodeIgniter\View\View->render()
 5 FCPATH/applications/USER/Controllers/Garden.php(163): view()
 6 SYSTEMPATH/CodeIgniter.php(941): Applications\USER\Controllers\Garden->show()
 7 SYSTEMPATH/CodeIgniter.php(502): CodeIgniter\CodeIgniter->runController()
 8 SYSTEMPATH/CodeIgniter.php(361): CodeIgniter\CodeIgniter->handleRequest()
 9 FCPATH/index.php(80): CodeIgniter\CodeIgniter->run()
CRITICAL - 2024-03-13 13:12:35 --> ErrorException: Undefined array key "city"
in FCPATH/applications/USER/Views/Garden/edit.php on line 46.
 1 FCPATH/applications/USER/Views/Garden/edit.php(46): CodeIgniter\Debug\Exceptions->errorHandler()
 2 SYSTEMPATH/View/View.php(228): include('/home/u553659265/domains/itechnocorp.com/public_html/oams/applications/USER/Views/Garden/edit.php')
 3 SYSTEMPATH/View/View.php(231): CodeIgniter\View\View->CodeIgniter\View\{closure}()
 4 SYSTEMPATH/Common.php(1178): CodeIgniter\View\View->render()
 5 FCPATH/applications/USER/Controllers/Garden.php(163): view()
 6 SYSTEMPATH/CodeIgniter.php(941): Applications\USER\Controllers\Garden->show()
 7 SYSTEMPATH/CodeIgniter.php(502): CodeIgniter\CodeIgniter->runController()
 8 SYSTEMPATH/CodeIgniter.php(361): CodeIgniter\CodeIgniter->handleRequest()
 9 FCPATH/index.php(80): CodeIgniter\CodeIgniter->run()
CRITICAL - 2024-03-13 13:12:54 --> ErrorException: Undefined array key "city"
in FCPATH/applications/USER/Views/Garden/edit.php on line 46.
 1 FCPATH/applications/USER/Views/Garden/edit.php(46): CodeIgniter\Debug\Exceptions->errorHandler()
 2 SYSTEMPATH/View/View.php(228): include('/home/u553659265/domains/itechnocorp.com/public_html/oams/applications/USER/Views/Garden/edit.php')
 3 SYSTEMPATH/View/View.php(231): CodeIgniter\View\View->CodeIgniter\View\{closure}()
 4 SYSTEMPATH/Common.php(1178): CodeIgniter\View\View->render()
 5 FCPATH/applications/USER/Controllers/Garden.php(163): view()
 6 SYSTEMPATH/CodeIgniter.php(941): Applications\USER\Controllers\Garden->show()
 7 SYSTEMPATH/CodeIgniter.php(502): CodeIgniter\CodeIgniter->runController()
 8 SYSTEMPATH/CodeIgniter.php(361): CodeIgniter\CodeIgniter->handleRequest()
 9 FCPATH/index.php(80): CodeIgniter\CodeIgniter->run()
CRITICAL - 2024-03-13 13:13:57 --> ErrorException: Undefined array key "city"
in FCPATH/applications/USER/Views/Garden/edit.php on line 46.
 1 FCPATH/applications/USER/Views/Garden/edit.php(46): CodeIgniter\Debug\Exceptions->errorHandler()
 2 SYSTEMPATH/View/View.php(228): include('/home/u553659265/domains/itechnocorp.com/public_html/oams/applications/USER/Views/Garden/edit.php')
 3 SYSTEMPATH/View/View.php(231): CodeIgniter\View\View->CodeIgniter\View\{closure}()
 4 SYSTEMPATH/Common.php(1178): CodeIgniter\View\View->render()
 5 FCPATH/applications/USER/Controllers/Garden.php(163): view()
 6 SYSTEMPATH/CodeIgniter.php(941): Applications\USER\Controllers\Garden->show()
 7 SYSTEMPATH/CodeIgniter.php(502): CodeIgniter\CodeIgniter->runController()
 8 SYSTEMPATH/CodeIgniter.php(361): CodeIgniter\CodeIgniter->handleRequest()
 9 FCPATH/index.php(80): CodeIgniter\CodeIgniter->run()
CRITICAL - 2024-03-13 13:18:38 --> ErrorException: Undefined array key "city"
in FCPATH/applications/USER/Views/Garden/edit.php on line 46.
 1 FCPATH/applications/USER/Views/Garden/edit.php(46): CodeIgniter\Debug\Exceptions->errorHandler()
 2 SYSTEMPATH/View/View.php(228): include('/home/u553659265/domains/itechnocorp.com/public_html/oams/applications/USER/Views/Garden/edit.php')
 3 SYSTEMPATH/View/View.php(231): CodeIgniter\View\View->CodeIgniter\View\{closure}()
 4 SYSTEMPATH/Common.php(1178): CodeIgniter\View\View->render()
 5 FCPATH/applications/USER/Controllers/Garden.php(163): view()
 6 SYSTEMPATH/CodeIgniter.php(941): Applications\USER\Controllers\Garden->show()
 7 SYSTEMPATH/CodeIgniter.php(502): CodeIgniter\CodeIgniter->runController()
 8 SYSTEMPATH/CodeIgniter.php(361): CodeIgniter\CodeIgniter->handleRequest()
 9 FCPATH/index.php(80): CodeIgniter\CodeIgniter->run()
CRITICAL - 2024-03-13 13:18:52 --> ErrorException: Undefined array key "city"
in FCPATH/applications/USER/Views/Garden/edit.php on line 46.
 1 FCPATH/applications/USER/Views/Garden/edit.php(46): CodeIgniter\Debug\Exceptions->errorHandler()
 2 SYSTEMPATH/View/View.php(228): include('/home/u553659265/domains/itechnocorp.com/public_html/oams/applications/USER/Views/Garden/edit.php')
 3 SYSTEMPATH/View/View.php(231): CodeIgniter\View\View->CodeIgniter\View\{closure}()
 4 SYSTEMPATH/Common.php(1178): CodeIgniter\View\View->render()
 5 FCPATH/applications/USER/Controllers/Garden.php(163): view()
 6 SYSTEMPATH/CodeIgniter.php(941): Applications\USER\Controllers\Garden->show()
 7 SYSTEMPATH/CodeIgniter.php(502): CodeIgniter\CodeIgniter->runController()
 8 SYSTEMPATH/CodeIgniter.php(361): CodeIgniter\CodeIgniter->handleRequest()
 9 FCPATH/index.php(80): CodeIgniter\CodeIgniter->run()
CRITICAL - 2024-03-13 14:45:08 --> ErrorException: Undefined array key "data"
in FCPATH/applications/USER/Views/Warehouse/edit.php on line 30.
 1 FCPATH/applications/USER/Views/Warehouse/edit.php(30): CodeIgniter\Debug\Exceptions->errorHandler()
 2 SYSTEMPATH/View/View.php(228): include('/home/u553659265/domains/itechnocorp.com/public_html/oams/applications/USER/Views/Warehouse/edit.php')
 3 SYSTEMPATH/View/View.php(231): CodeIgniter\View\View->CodeIgniter\View\{closure}()
 4 SYSTEMPATH/Common.php(1178): CodeIgniter\View\View->render()
 5 FCPATH/applications/USER/Controllers/Warehouse.php(136): view()
 6 SYSTEMPATH/CodeIgniter.php(941): Applications\USER\Controllers\Warehouse->show()
 7 SYSTEMPATH/CodeIgniter.php(502): CodeIgniter\CodeIgniter->runController()
 8 SYSTEMPATH/CodeIgniter.php(361): CodeIgniter\CodeIgniter->handleRequest()
 9 FCPATH/index.php(80): CodeIgniter\CodeIgniter->run()
