CRITICAL - 2024-03-30 18:55:59 --> TypeError: count(): Argument #1 ($value) must be of type Countable|array, null given
in FCPATH\applications\USER\Controllers\AuctionManagement.php on line 159.
 1 FCPATH\applications\USER\Controllers\AuctionManagement.php(159): count(null)
 2 SYSTEMPATH\CodeIgniter.php(941): Applications\USER\Controllers\AuctionManagement->storeSession()
 3 SYSTEMPATH\CodeIgniter.php(502): CodeIgniter\CodeIgniter->runController(Object(Applications\USER\Controllers\AuctionManagement))
 4 SYSTEMPATH\CodeIgniter.php(361): CodeIgniter\CodeIgniter->handleRequest(null, Object(Config\Cache), false)
 5 FCPATH\index.php(80): CodeIgniter\CodeIgniter->run()
CRITICAL - 2024-03-30 18:59:38 --> TypeError: usort(): Argument #1 ($array) must be of type array, null given
in FCPATH\applications\USER\Controllers\AuctionManagement.php on line 208.
 1 FCPATH\applications\USER\Controllers\AuctionManagement.php(208): usort(null, Object(Closure))
 2 SYSTEMPATH\CodeIgniter.php(941): Applications\USER\Controllers\AuctionManagement->steptwoCheck()
 3 SYSTEMPATH\CodeIgniter.php(502): CodeIgniter\CodeIgniter->runController(Object(Applications\USER\Controllers\AuctionManagement))
 4 SYSTEMPATH\CodeIgniter.php(361): CodeIgniter\CodeIgniter->handleRequest(null, Object(Config\Cache), false)
 5 FCPATH\index.php(80): CodeIgniter\CodeIgniter->run()
CRITICAL - 2024-03-30 19:00:08 --> TypeError: usort(): Argument #1 ($array) must be of type array, null given
in FCPATH\applications\USER\Controllers\AuctionManagement.php on line 208.
 1 FCPATH\applications\USER\Controllers\AuctionManagement.php(208): usort(null, Object(Closure))
 2 SYSTEMPATH\CodeIgniter.php(941): Applications\USER\Controllers\AuctionManagement->steptwoCheck()
 3 SYSTEMPATH\CodeIgniter.php(502): CodeIgniter\CodeIgniter->runController(Object(Applications\USER\Controllers\AuctionManagement))
 4 SYSTEMPATH\CodeIgniter.php(361): CodeIgniter\CodeIgniter->handleRequest(null, Object(Config\Cache), false)
 5 FCPATH\index.php(80): CodeIgniter\CodeIgniter->run()
