CRITICAL - 2024-06-26 11:06:08 --> ErrorException: Trying to access array offset on value of type null
in FCPATH/applications/USER/Controllers/BiddingSession.php on line 1791.
 1 FCPATH/applications/USER/Controllers/BiddingSession.php(1791): CodeIgniter\Debug\Exceptions->errorHandler(2, 'Trying to access array offset on value of type null', '/var/www/eazyhosting.in/public_html/applications/USER/Controllers/BiddingSession.php', 1791)
 2 SYSTEMPATH/CodeIgniter.php(941): Applications\USER\Controllers\BiddingSession->deleteCart()
 3 SYSTEMPATH/CodeIgniter.php(502): CodeIgniter\CodeIgniter->runController(Object(Applications\USER\Controllers\BiddingSession))
 4 SYSTEMPATH/CodeIgniter.php(361): CodeIgniter\CodeIgniter->handleRequest(null, Object(Config\Cache), false)
 5 FCPATH/index.php(80): CodeIgniter\CodeIgniter->run()
CRITICAL - 2024-06-26 11:06:10 --> ErrorException: Trying to access array offset on value of type null
in FCPATH/applications/USER/Controllers/BiddingSession.php on line 1791.
 1 FCPATH/applications/USER/Controllers/BiddingSession.php(1791): CodeIgniter\Debug\Exceptions->errorHandler(2, 'Trying to access array offset on value of type null', '/var/www/eazyhosting.in/public_html/applications/USER/Controllers/BiddingSession.php', 1791)
 2 SYSTEMPATH/CodeIgniter.php(941): Applications\USER\Controllers\BiddingSession->deleteCart()
 3 SYSTEMPATH/CodeIgniter.php(502): CodeIgniter\CodeIgniter->runController(Object(Applications\USER\Controllers\BiddingSession))
 4 SYSTEMPATH/CodeIgniter.php(361): CodeIgniter\CodeIgniter->handleRequest(null, Object(Config\Cache), false)
 5 FCPATH/index.php(80): CodeIgniter\CodeIgniter->run()
CRITICAL - 2024-06-26 11:06:12 --> ErrorException: Trying to access array offset on value of type null
in FCPATH/applications/USER/Controllers/BiddingSession.php on line 1791.
 1 FCPATH/applications/USER/Controllers/BiddingSession.php(1791): CodeIgniter\Debug\Exceptions->errorHandler(2, 'Trying to access array offset on value of type null', '/var/www/eazyhosting.in/public_html/applications/USER/Controllers/BiddingSession.php', 1791)
 2 SYSTEMPATH/CodeIgniter.php(941): Applications\USER\Controllers\BiddingSession->deleteCart()
 3 SYSTEMPATH/CodeIgniter.php(502): CodeIgniter\CodeIgniter->runController(Object(Applications\USER\Controllers\BiddingSession))
 4 SYSTEMPATH/CodeIgniter.php(361): CodeIgniter\CodeIgniter->handleRequest(null, Object(Config\Cache), false)
 5 FCPATH/index.php(80): CodeIgniter\CodeIgniter->run()
CRITICAL - 2024-06-26 11:06:17 --> ErrorException: Trying to access array offset on value of type null
in FCPATH/applications/USER/Controllers/BiddingSession.php on line 1791.
 1 FCPATH/applications/USER/Controllers/BiddingSession.php(1791): CodeIgniter\Debug\Exceptions->errorHandler(2, 'Trying to access array offset on value of type null', '/var/www/eazyhosting.in/public_html/applications/USER/Controllers/BiddingSession.php', 1791)
 2 SYSTEMPATH/CodeIgniter.php(941): Applications\USER\Controllers\BiddingSession->deleteCart()
 3 SYSTEMPATH/CodeIgniter.php(502): CodeIgniter\CodeIgniter->runController(Object(Applications\USER\Controllers\BiddingSession))
 4 SYSTEMPATH/CodeIgniter.php(361): CodeIgniter\CodeIgniter->handleRequest(null, Object(Config\Cache), false)
 5 FCPATH/index.php(80): CodeIgniter\CodeIgniter->run()
CRITICAL - 2024-06-26 11:06:21 --> ErrorException: Trying to access array offset on value of type null
in FCPATH/applications/USER/Controllers/BiddingSession.php on line 1791.
 1 FCPATH/applications/USER/Controllers/BiddingSession.php(1791): CodeIgniter\Debug\Exceptions->errorHandler(2, 'Trying to access array offset on value of type null', '/var/www/eazyhosting.in/public_html/applications/USER/Controllers/BiddingSession.php', 1791)
 2 SYSTEMPATH/CodeIgniter.php(941): Applications\USER\Controllers\BiddingSession->deleteCart()
 3 SYSTEMPATH/CodeIgniter.php(502): CodeIgniter\CodeIgniter->runController(Object(Applications\USER\Controllers\BiddingSession))
 4 SYSTEMPATH/CodeIgniter.php(361): CodeIgniter\CodeIgniter->handleRequest(null, Object(Config\Cache), false)
 5 FCPATH/index.php(80): CodeIgniter\CodeIgniter->run()
CRITICAL - 2024-06-26 11:07:29 --> ErrorException: Trying to access array offset on value of type null
in FCPATH/applications/USER/Controllers/BiddingSession.php on line 1791.
 1 FCPATH/applications/USER/Controllers/BiddingSession.php(1791): CodeIgniter\Debug\Exceptions->errorHandler(2, 'Trying to access array offset on value of type null', '/var/www/eazyhosting.in/public_html/applications/USER/Controllers/BiddingSession.php', 1791)
 2 SYSTEMPATH/CodeIgniter.php(941): Applications\USER\Controllers\BiddingSession->deleteCart()
 3 SYSTEMPATH/CodeIgniter.php(502): CodeIgniter\CodeIgniter->runController(Object(Applications\USER\Controllers\BiddingSession))
 4 SYSTEMPATH/CodeIgniter.php(361): CodeIgniter\CodeIgniter->handleRequest(null, Object(Config\Cache), false)
 5 FCPATH/index.php(80): CodeIgniter\CodeIgniter->run()
CRITICAL - 2024-06-26 11:08:28 --> ErrorException: Trying to access array offset on value of type null
in FCPATH/applications/USER/Controllers/BiddingSession.php on line 1791.
 1 FCPATH/applications/USER/Controllers/BiddingSession.php(1791): CodeIgniter\Debug\Exceptions->errorHandler(2, 'Trying to access array offset on value of type null', '/var/www/eazyhosting.in/public_html/applications/USER/Controllers/BiddingSession.php', 1791)
 2 SYSTEMPATH/CodeIgniter.php(941): Applications\USER\Controllers\BiddingSession->deleteCart()
 3 SYSTEMPATH/CodeIgniter.php(502): CodeIgniter\CodeIgniter->runController(Object(Applications\USER\Controllers\BiddingSession))
 4 SYSTEMPATH/CodeIgniter.php(361): CodeIgniter\CodeIgniter->handleRequest(null, Object(Config\Cache), false)
 5 FCPATH/index.php(80): CodeIgniter\CodeIgniter->run()
CRITICAL - 2024-06-26 11:08:33 --> ErrorException: Trying to access array offset on value of type null
in FCPATH/applications/USER/Controllers/BiddingSession.php on line 1791.
 1 FCPATH/applications/USER/Controllers/BiddingSession.php(1791): CodeIgniter\Debug\Exceptions->errorHandler(2, 'Trying to access array offset on value of type null', '/var/www/eazyhosting.in/public_html/applications/USER/Controllers/BiddingSession.php', 1791)
 2 SYSTEMPATH/CodeIgniter.php(941): Applications\USER\Controllers\BiddingSession->deleteCart()
 3 SYSTEMPATH/CodeIgniter.php(502): CodeIgniter\CodeIgniter->runController(Object(Applications\USER\Controllers\BiddingSession))
 4 SYSTEMPATH/CodeIgniter.php(361): CodeIgniter\CodeIgniter->handleRequest(null, Object(Config\Cache), false)
 5 FCPATH/index.php(80): CodeIgniter\CodeIgniter->run()
CRITICAL - 2024-06-26 11:09:14 --> ErrorException: Trying to access array offset on value of type null
in FCPATH/applications/USER/Controllers/BiddingSession.php on line 1791.
 1 FCPATH/applications/USER/Controllers/BiddingSession.php(1791): CodeIgniter\Debug\Exceptions->errorHandler(2, 'Trying to access array offset on value of type null', '/var/www/eazyhosting.in/public_html/applications/USER/Controllers/BiddingSession.php', 1791)
 2 SYSTEMPATH/CodeIgniter.php(941): Applications\USER\Controllers\BiddingSession->deleteCart()
 3 SYSTEMPATH/CodeIgniter.php(502): CodeIgniter\CodeIgniter->runController(Object(Applications\USER\Controllers\BiddingSession))
 4 SYSTEMPATH/CodeIgniter.php(361): CodeIgniter\CodeIgniter->handleRequest(null, Object(Config\Cache), false)
 5 FCPATH/index.php(80): CodeIgniter\CodeIgniter->run()
CRITICAL - 2024-06-26 11:09:16 --> ErrorException: Trying to access array offset on value of type null
in FCPATH/applications/USER/Controllers/BiddingSession.php on line 1791.
 1 FCPATH/applications/USER/Controllers/BiddingSession.php(1791): CodeIgniter\Debug\Exceptions->errorHandler(2, 'Trying to access array offset on value of type null', '/var/www/eazyhosting.in/public_html/applications/USER/Controllers/BiddingSession.php', 1791)
 2 SYSTEMPATH/CodeIgniter.php(941): Applications\USER\Controllers\BiddingSession->deleteCart()
 3 SYSTEMPATH/CodeIgniter.php(502): CodeIgniter\CodeIgniter->runController(Object(Applications\USER\Controllers\BiddingSession))
 4 SYSTEMPATH/CodeIgniter.php(361): CodeIgniter\CodeIgniter->handleRequest(null, Object(Config\Cache), false)
 5 FCPATH/index.php(80): CodeIgniter\CodeIgniter->run()
CRITICAL - 2024-06-26 11:13:22 --> ErrorException: Trying to access array offset on value of type null
in FCPATH/applications/USER/Controllers/BiddingSession.php on line 1791.
 1 FCPATH/applications/USER/Controllers/BiddingSession.php(1791): CodeIgniter\Debug\Exceptions->errorHandler(2, 'Trying to access array offset on value of type null', '/var/www/eazyhosting.in/public_html/applications/USER/Controllers/BiddingSession.php', 1791)
 2 SYSTEMPATH/CodeIgniter.php(941): Applications\USER\Controllers\BiddingSession->deleteCart()
 3 SYSTEMPATH/CodeIgniter.php(502): CodeIgniter\CodeIgniter->runController(Object(Applications\USER\Controllers\BiddingSession))
 4 SYSTEMPATH/CodeIgniter.php(361): CodeIgniter\CodeIgniter->handleRequest(null, Object(Config\Cache), false)
 5 FCPATH/index.php(80): CodeIgniter\CodeIgniter->run()
