CRITICAL - 2024-06-01 12:40:41 --> ErrorException: Trying to access array offset on value of type null
in FCPATH/applications/USER/Views/DeliveryManagement/index.php on line 87.
 1 FCPATH/applications/USER/Views/DeliveryManagement/index.php(87): CodeIgniter\Debug\Exceptions->errorHandler(2, 'Trying to access array offset on value of type null', '/var/www/eazyhosting.in/public_html/applications/USER/Views/DeliveryManagement/index.php', 87)
 2 SYSTEMPATH/View/View.php(228): include('/var/www/eazyhosting.in/public_html/applications/USER/Views/DeliveryManagement/index.php')
 3 SYSTEMPATH/View/View.php(231): CodeIgniter\View\View->CodeIgniter\View\{closure}()
 4 SYSTEMPATH/Common.php(1178): CodeIgniter\View\View->render('Applications\\USER\\Views\\DeliveryManagement\\index', [], true)
 5 FCPATH/applications/USER/Controllers/DeliveryManagement.php(55): view('Applications\\USER\\Views\\DeliveryManagement\\index', [...])
 6 SYSTEMPATH/CodeIgniter.php(941): Applications\USER\Controllers\DeliveryManagement->index()
 7 SYSTEMPATH/CodeIgniter.php(502): CodeIgniter\CodeIgniter->runController(Object(Applications\USER\Controllers\DeliveryManagement))
 8 SYSTEMPATH/CodeIgniter.php(361): CodeIgniter\CodeIgniter->handleRequest(null, Object(Config\Cache), false)
 9 FCPATH/index.php(80): CodeIgniter\CodeIgniter->run()
CRITICAL - 2024-06-01 12:59:34 --> ErrorException: Trying to access array offset on value of type null
in FCPATH/applications/USER/Controllers/DeliveryManagement.php on line 105.
 1 FCPATH/applications/USER/Controllers/DeliveryManagement.php(105): CodeIgniter\Debug\Exceptions->errorHandler(2, 'Trying to access array offset on value of type null', '/var/www/eazyhosting.in/public_html/applications/USER/Controllers/DeliveryManagement.php', 105)
 2 SYSTEMPATH/CodeIgniter.php(941): Applications\USER\Controllers\DeliveryManagement->editQty('1')
 3 SYSTEMPATH/CodeIgniter.php(502): CodeIgniter\CodeIgniter->runController(Object(Applications\USER\Controllers\DeliveryManagement))
 4 SYSTEMPATH/CodeIgniter.php(361): CodeIgniter\CodeIgniter->handleRequest(null, Object(Config\Cache), false)
 5 FCPATH/index.php(80): CodeIgniter\CodeIgniter->run()
CRITICAL - 2024-06-01 12:59:50 --> ErrorException: Trying to access array offset on value of type null
in FCPATH/applications/USER/Controllers/DeliveryManagement.php on line 105.
 1 FCPATH/applications/USER/Controllers/DeliveryManagement.php(105): CodeIgniter\Debug\Exceptions->errorHandler(2, 'Trying to access array offset on value of type null', '/var/www/eazyhosting.in/public_html/applications/USER/Controllers/DeliveryManagement.php', 105)
 2 SYSTEMPATH/CodeIgniter.php(941): Applications\USER\Controllers\DeliveryManagement->editQty('1')
 3 SYSTEMPATH/CodeIgniter.php(502): CodeIgniter\CodeIgniter->runController(Object(Applications\USER\Controllers\DeliveryManagement))
 4 SYSTEMPATH/CodeIgniter.php(361): CodeIgniter\CodeIgniter->handleRequest(null, Object(Config\Cache), false)
 5 FCPATH/index.php(80): CodeIgniter\CodeIgniter->run()
CRITICAL - 2024-06-01 18:19:00 --> TypeError: date(): Argument #2 ($timestamp) must be of type ?int, string given
in FCPATH/applications/USER/Views/DeliveryManagement/edit_qty.php on line 136.
 1 FCPATH/applications/USER/Views/DeliveryManagement/edit_qty.php(136): date('Y-m-d', '31-05-2024')
 2 SYSTEMPATH/View/View.php(228): include('/var/www/eazyhosting.in/public_html/applications/USER/Views/DeliveryManagement/edit_qty.php')
 3 SYSTEMPATH/View/View.php(231): CodeIgniter\View\View->CodeIgniter\View\{closure}()
 4 SYSTEMPATH/Common.php(1178): CodeIgniter\View\View->render('Applications\\USER\\Views\\DeliveryManagement\\edit_qty', [], true)
 5 FCPATH/applications/USER/Controllers/DeliveryManagement.php(105): view('Applications\\USER\\Views\\DeliveryManagement\\edit_qty', [...])
 6 SYSTEMPATH/CodeIgniter.php(941): Applications\USER\Controllers\DeliveryManagement->editQty('1')
 7 SYSTEMPATH/CodeIgniter.php(502): CodeIgniter\CodeIgniter->runController(Object(Applications\USER\Controllers\DeliveryManagement))
 8 SYSTEMPATH/CodeIgniter.php(361): CodeIgniter\CodeIgniter->handleRequest(null, Object(Config\Cache), false)
 9 FCPATH/index.php(80): CodeIgniter\CodeIgniter->run()
CRITICAL - 2024-06-01 18:19:35 --> TypeError: date(): Argument #2 ($timestamp) must be of type ?int, string given
in FCPATH/applications/USER/Views/DeliveryManagement/edit_qty.php on line 136.
 1 FCPATH/applications/USER/Views/DeliveryManagement/edit_qty.php(136): date('Y-m-d', '31-05-2024')
 2 SYSTEMPATH/View/View.php(228): include('/var/www/eazyhosting.in/public_html/applications/USER/Views/DeliveryManagement/edit_qty.php')
 3 SYSTEMPATH/View/View.php(231): CodeIgniter\View\View->CodeIgniter\View\{closure}()
 4 SYSTEMPATH/Common.php(1178): CodeIgniter\View\View->render('Applications\\USER\\Views\\DeliveryManagement\\edit_qty', [], true)
 5 FCPATH/applications/USER/Controllers/DeliveryManagement.php(105): view('Applications\\USER\\Views\\DeliveryManagement\\edit_qty', [...])
 6 SYSTEMPATH/CodeIgniter.php(941): Applications\USER\Controllers\DeliveryManagement->editQty('1')
 7 SYSTEMPATH/CodeIgniter.php(502): CodeIgniter\CodeIgniter->runController(Object(Applications\USER\Controllers\DeliveryManagement))
 8 SYSTEMPATH/CodeIgniter.php(361): CodeIgniter\CodeIgniter->handleRequest(null, Object(Config\Cache), false)
 9 FCPATH/index.php(80): CodeIgniter\CodeIgniter->run()
CRITICAL - 2024-06-01 20:48:40 --> ErrorException: Trying to access array offset on value of type null
in FCPATH/applications/USER/Controllers/SoldStock.php on line 51.
 1 FCPATH/applications/USER/Controllers/SoldStock.php(51): CodeIgniter\Debug\Exceptions->errorHandler(2, 'Trying to access array offset on value of type null', '/var/www/eazyhosting.in/public_html/applications/USER/Controllers/SoldStock.php', 51)
 2 SYSTEMPATH/CodeIgniter.php(941): Applications\USER\Controllers\SoldStock->index()
 3 SYSTEMPATH/CodeIgniter.php(502): CodeIgniter\CodeIgniter->runController(Object(Applications\USER\Controllers\SoldStock))
 4 SYSTEMPATH/CodeIgniter.php(361): CodeIgniter\CodeIgniter->handleRequest(null, Object(Config\Cache), false)
 5 FCPATH/index.php(80): CodeIgniter\CodeIgniter->run()
