CRITICAL - 2024-05-29 00:00:05 --> ErrorException: Undefined variable $flag
in FCPATH/applications/BUYER/Views/auction_details.php on line 180.
 1 FCPATH/applications/BUYER/Views/auction_details.php(180): CodeIgniter\Debug\Exceptions->errorHandler(2, 'Undefined variable $flag', '/var/www/eazyhosting.in/public_html/applications/BUYER/Views/auction_details.php', 180)
 2 SYSTEMPATH/View/View.php(228): include('/var/www/eazyhosting.in/public_html/applications/BUYER/Views/auction_details.php')
 3 SYSTEMPATH/View/View.php(231): CodeIgniter\View\View->CodeIgniter\View\{closure}()
 4 SYSTEMPATH/Common.php(1178): CodeIgniter\View\View->render('Applications\\BUYER\\Views\\auction_details', [], true)
 5 FCPATH/applications/BUYER/Controllers/Auctions.php(130): view('Applications\\BUYER\\Views\\auction_details', [...])
 6 SYSTEMPATH/CodeIgniter.php(941): Applications\BUYER\Controllers\Auctions->detail('4')
 7 SYSTEMPATH/CodeIgniter.php(502): CodeIgniter\CodeIgniter->runController(Object(Applications\BUYER\Controllers\Auctions))
 8 SYSTEMPATH/CodeIgniter.php(361): CodeIgniter\CodeIgniter->handleRequest(null, Object(Config\Cache), false)
 9 FCPATH/index.php(80): CodeIgniter\CodeIgniter->run()
CRITICAL - 2024-05-29 12:23:08 --> ErrorException: Undefined array key "start_time"
in FCPATH/applications/USER/Views/BiddingSession/completed_auctions.php on line 138.
 1 FCPATH/applications/USER/Views/BiddingSession/completed_auctions.php(138): CodeIgniter\Debug\Exceptions->errorHandler(2, 'Undefined array key "start_time"', '/var/www/eazyhosting.in/public_html/applications/USER/Views/BiddingSession/completed_auctions.php', 138)
 2 SYSTEMPATH/View/View.php(228): include('/var/www/eazyhosting.in/public_html/applications/USER/Views/BiddingSession/completed_auctions.php')
 3 SYSTEMPATH/View/View.php(231): CodeIgniter\View\View->CodeIgniter\View\{closure}()
 4 SYSTEMPATH/Common.php(1178): CodeIgniter\View\View->render('Applications\\USER\\Views\\BiddingSession\\completed_auctions', [], true)
 5 FCPATH/applications/USER/Controllers/BiddingSession.php(476): view('Applications\\USER\\Views\\BiddingSession\\completed_auctions', [...])
 6 SYSTEMPATH/CodeIgniter.php(941): Applications\USER\Controllers\BiddingSession->completedAuctions('3')
 7 SYSTEMPATH/CodeIgniter.php(502): CodeIgniter\CodeIgniter->runController(Object(Applications\USER\Controllers\BiddingSession))
 8 SYSTEMPATH/CodeIgniter.php(361): CodeIgniter\CodeIgniter->handleRequest(null, Object(Config\Cache), false)
 9 FCPATH/index.php(80): CodeIgniter\CodeIgniter->run()
CRITICAL - 2024-05-29 12:23:26 --> ErrorException: Undefined array key "start_time"
in FCPATH/applications/USER/Views/BiddingSession/completed_auctions.php on line 138.
 1 FCPATH/applications/USER/Views/BiddingSession/completed_auctions.php(138): CodeIgniter\Debug\Exceptions->errorHandler(2, 'Undefined array key "start_time"', '/var/www/eazyhosting.in/public_html/applications/USER/Views/BiddingSession/completed_auctions.php', 138)
 2 SYSTEMPATH/View/View.php(228): include('/var/www/eazyhosting.in/public_html/applications/USER/Views/BiddingSession/completed_auctions.php')
 3 SYSTEMPATH/View/View.php(231): CodeIgniter\View\View->CodeIgniter\View\{closure}()
 4 SYSTEMPATH/Common.php(1178): CodeIgniter\View\View->render('Applications\\USER\\Views\\BiddingSession\\completed_auctions', [], true)
 5 FCPATH/applications/USER/Controllers/BiddingSession.php(476): view('Applications\\USER\\Views\\BiddingSession\\completed_auctions', [...])
 6 SYSTEMPATH/CodeIgniter.php(941): Applications\USER\Controllers\BiddingSession->completedAuctions('3')
 7 SYSTEMPATH/CodeIgniter.php(502): CodeIgniter\CodeIgniter->runController(Object(Applications\USER\Controllers\BiddingSession))
 8 SYSTEMPATH/CodeIgniter.php(361): CodeIgniter\CodeIgniter->handleRequest(null, Object(Config\Cache), false)
 9 FCPATH/index.php(80): CodeIgniter\CodeIgniter->run()
CRITICAL - 2024-05-29 12:23:28 --> ErrorException: Undefined array key "start_time"
in FCPATH/applications/USER/Views/BiddingSession/completed_auctions.php on line 138.
 1 FCPATH/applications/USER/Views/BiddingSession/completed_auctions.php(138): CodeIgniter\Debug\Exceptions->errorHandler(2, 'Undefined array key "start_time"', '/var/www/eazyhosting.in/public_html/applications/USER/Views/BiddingSession/completed_auctions.php', 138)
 2 SYSTEMPATH/View/View.php(228): include('/var/www/eazyhosting.in/public_html/applications/USER/Views/BiddingSession/completed_auctions.php')
 3 SYSTEMPATH/View/View.php(231): CodeIgniter\View\View->CodeIgniter\View\{closure}()
 4 SYSTEMPATH/Common.php(1178): CodeIgniter\View\View->render('Applications\\USER\\Views\\BiddingSession\\completed_auctions', [], true)
 5 FCPATH/applications/USER/Controllers/BiddingSession.php(476): view('Applications\\USER\\Views\\BiddingSession\\completed_auctions', [...])
 6 SYSTEMPATH/CodeIgniter.php(941): Applications\USER\Controllers\BiddingSession->completedAuctions('3')
 7 SYSTEMPATH/CodeIgniter.php(502): CodeIgniter\CodeIgniter->runController(Object(Applications\USER\Controllers\BiddingSession))
 8 SYSTEMPATH/CodeIgniter.php(361): CodeIgniter\CodeIgniter->handleRequest(null, Object(Config\Cache), false)
 9 FCPATH/index.php(80): CodeIgniter\CodeIgniter->run()
CRITICAL - 2024-05-29 12:25:09 --> ErrorException: Undefined array key "start_time"
in FCPATH/applications/USER/Views/BiddingSession/completed_auctions.php on line 138.
 1 FCPATH/applications/USER/Views/BiddingSession/completed_auctions.php(138): CodeIgniter\Debug\Exceptions->errorHandler(2, 'Undefined array key "start_time"', '/var/www/eazyhosting.in/public_html/applications/USER/Views/BiddingSession/completed_auctions.php', 138)
 2 SYSTEMPATH/View/View.php(228): include('/var/www/eazyhosting.in/public_html/applications/USER/Views/BiddingSession/completed_auctions.php')
 3 SYSTEMPATH/View/View.php(231): CodeIgniter\View\View->CodeIgniter\View\{closure}()
 4 SYSTEMPATH/Common.php(1178): CodeIgniter\View\View->render('Applications\\USER\\Views\\BiddingSession\\completed_auctions', [], true)
 5 FCPATH/applications/USER/Controllers/BiddingSession.php(476): view('Applications\\USER\\Views\\BiddingSession\\completed_auctions', [...])
 6 SYSTEMPATH/CodeIgniter.php(941): Applications\USER\Controllers\BiddingSession->completedAuctions('3')
 7 SYSTEMPATH/CodeIgniter.php(502): CodeIgniter\CodeIgniter->runController(Object(Applications\USER\Controllers\BiddingSession))
 8 SYSTEMPATH/CodeIgniter.php(361): CodeIgniter\CodeIgniter->handleRequest(null, Object(Config\Cache), false)
 9 FCPATH/index.php(80): CodeIgniter\CodeIgniter->run()
CRITICAL - 2024-05-29 12:26:46 --> ErrorException: Undefined array key "start_time"
in FCPATH/applications/USER/Views/BiddingSession/completed_auctions.php on line 138.
 1 FCPATH/applications/USER/Views/BiddingSession/completed_auctions.php(138): CodeIgniter\Debug\Exceptions->errorHandler(2, 'Undefined array key "start_time"', '/var/www/eazyhosting.in/public_html/applications/USER/Views/BiddingSession/completed_auctions.php', 138)
 2 SYSTEMPATH/View/View.php(228): include('/var/www/eazyhosting.in/public_html/applications/USER/Views/BiddingSession/completed_auctions.php')
 3 SYSTEMPATH/View/View.php(231): CodeIgniter\View\View->CodeIgniter\View\{closure}()
 4 SYSTEMPATH/Common.php(1178): CodeIgniter\View\View->render('Applications\\USER\\Views\\BiddingSession\\completed_auctions', [], true)
 5 FCPATH/applications/USER/Controllers/BiddingSession.php(476): view('Applications\\USER\\Views\\BiddingSession\\completed_auctions', [...])
 6 SYSTEMPATH/CodeIgniter.php(941): Applications\USER\Controllers\BiddingSession->completedAuctions('3')
 7 SYSTEMPATH/CodeIgniter.php(502): CodeIgniter\CodeIgniter->runController(Object(Applications\USER\Controllers\BiddingSession))
 8 SYSTEMPATH/CodeIgniter.php(361): CodeIgniter\CodeIgniter->handleRequest(null, Object(Config\Cache), false)
 9 FCPATH/index.php(80): CodeIgniter\CodeIgniter->run()
CRITICAL - 2024-05-29 13:05:45 --> ErrorException: Undefined array key "auction"
in FCPATH/applications/USER/Controllers/BiddingSession.php on line 445.
 1 FCPATH/applications/USER/Controllers/BiddingSession.php(445): CodeIgniter\Debug\Exceptions->errorHandler(2, 'Undefined array key "auction"', '/var/www/eazyhosting.in/public_html/applications/USER/Controllers/BiddingSession.php', 445)
 2 SYSTEMPATH/CodeIgniter.php(941): Applications\USER\Controllers\BiddingSession->completedAuctions('3')
 3 SYSTEMPATH/CodeIgniter.php(502): CodeIgniter\CodeIgniter->runController(Object(Applications\USER\Controllers\BiddingSession))
 4 SYSTEMPATH/CodeIgniter.php(361): CodeIgniter\CodeIgniter->handleRequest(null, Object(Config\Cache), false)
 5 FCPATH/index.php(80): CodeIgniter\CodeIgniter->run()
CRITICAL - 2024-05-29 13:06:10 --> ErrorException: Undefined array key "auction"
in FCPATH/applications/USER/Controllers/BiddingSession.php on line 371.
 1 FCPATH/applications/USER/Controllers/BiddingSession.php(371): CodeIgniter\Debug\Exceptions->errorHandler(2, 'Undefined array key "auction"', '/var/www/eazyhosting.in/public_html/applications/USER/Controllers/BiddingSession.php', 371)
 2 SYSTEMPATH/CodeIgniter.php(941): Applications\USER\Controllers\BiddingSession->view('2')
 3 SYSTEMPATH/CodeIgniter.php(502): CodeIgniter\CodeIgniter->runController(Object(Applications\USER\Controllers\BiddingSession))
 4 SYSTEMPATH/CodeIgniter.php(361): CodeIgniter\CodeIgniter->handleRequest(null, Object(Config\Cache), false)
 5 FCPATH/index.php(80): CodeIgniter\CodeIgniter->run()
CRITICAL - 2024-05-29 16:09:28 --> ErrorException: Trying to access array offset on value of type null
in FCPATH/applications/BUYER/Controllers/Auctions.php on line 173.
 1 FCPATH/applications/BUYER/Controllers/Auctions.php(173): CodeIgniter\Debug\Exceptions->errorHandler(2, 'Trying to access array offset on value of type null', '/var/www/eazyhosting.in/public_html/applications/BUYER/Controllers/Auctions.php', 173)
 2 SYSTEMPATH/CodeIgniter.php(941): Applications\BUYER\Controllers\Auctions->completedDetail('1')
 3 SYSTEMPATH/CodeIgniter.php(502): CodeIgniter\CodeIgniter->runController(Object(Applications\BUYER\Controllers\Auctions))
 4 SYSTEMPATH/CodeIgniter.php(361): CodeIgniter\CodeIgniter->handleRequest(null, Object(Config\Cache), false)
 5 FCPATH/index.php(80): CodeIgniter\CodeIgniter->run()
CRITICAL - 2024-05-29 16:10:45 --> ErrorException: Trying to access array offset on value of type null
in FCPATH/applications/BUYER/Controllers/BiddingCenter.php on line 76.
 1 FCPATH/applications/BUYER/Controllers/BiddingCenter.php(76): CodeIgniter\Debug\Exceptions->errorHandler(2, 'Trying to access array offset on value of type null', '/var/www/eazyhosting.in/public_html/applications/BUYER/Controllers/BiddingCenter.php', 76)
 2 SYSTEMPATH/CodeIgniter.php(941): Applications\BUYER\Controllers\BiddingCenter->index('1')
 3 SYSTEMPATH/CodeIgniter.php(502): CodeIgniter\CodeIgniter->runController(Object(Applications\BUYER\Controllers\BiddingCenter))
 4 SYSTEMPATH/CodeIgniter.php(361): CodeIgniter\CodeIgniter->handleRequest(null, Object(Config\Cache), false)
 5 FCPATH/index.php(80): CodeIgniter\CodeIgniter->run()
CRITICAL - 2024-05-29 16:10:49 --> ErrorException: Trying to access array offset on value of type null
in FCPATH/applications/BUYER/Controllers/BiddingCenter.php on line 76.
 1 FCPATH/applications/BUYER/Controllers/BiddingCenter.php(76): CodeIgniter\Debug\Exceptions->errorHandler(2, 'Trying to access array offset on value of type null', '/var/www/eazyhosting.in/public_html/applications/BUYER/Controllers/BiddingCenter.php', 76)
 2 SYSTEMPATH/CodeIgniter.php(941): Applications\BUYER\Controllers\BiddingCenter->index('1')
 3 SYSTEMPATH/CodeIgniter.php(502): CodeIgniter\CodeIgniter->runController(Object(Applications\BUYER\Controllers\BiddingCenter))
 4 SYSTEMPATH/CodeIgniter.php(361): CodeIgniter\CodeIgniter->handleRequest(null, Object(Config\Cache), false)
 5 FCPATH/index.php(80): CodeIgniter\CodeIgniter->run()
CRITICAL - 2024-05-29 16:11:59 --> ErrorException: Trying to access array offset on value of type null
in FCPATH/applications/BUYER/Controllers/BiddingCenter.php on line 76.
 1 FCPATH/applications/BUYER/Controllers/BiddingCenter.php(76): CodeIgniter\Debug\Exceptions->errorHandler(2, 'Trying to access array offset on value of type null', '/var/www/eazyhosting.in/public_html/applications/BUYER/Controllers/BiddingCenter.php', 76)
 2 SYSTEMPATH/CodeIgniter.php(941): Applications\BUYER\Controllers\BiddingCenter->index('1')
 3 SYSTEMPATH/CodeIgniter.php(502): CodeIgniter\CodeIgniter->runController(Object(Applications\BUYER\Controllers\BiddingCenter))
 4 SYSTEMPATH/CodeIgniter.php(361): CodeIgniter\CodeIgniter->handleRequest(null, Object(Config\Cache), false)
 5 FCPATH/index.php(80): CodeIgniter\CodeIgniter->run()
CRITICAL - 2024-05-29 16:14:06 --> ErrorException: Trying to access array offset on value of type null
in FCPATH/applications/BUYER/Controllers/BiddingCenter.php on line 76.
 1 FCPATH/applications/BUYER/Controllers/BiddingCenter.php(76): CodeIgniter\Debug\Exceptions->errorHandler(2, 'Trying to access array offset on value of type null', '/var/www/eazyhosting.in/public_html/applications/BUYER/Controllers/BiddingCenter.php', 76)
 2 SYSTEMPATH/CodeIgniter.php(941): Applications\BUYER\Controllers\BiddingCenter->index('1')
 3 SYSTEMPATH/CodeIgniter.php(502): CodeIgniter\CodeIgniter->runController(Object(Applications\BUYER\Controllers\BiddingCenter))
 4 SYSTEMPATH/CodeIgniter.php(361): CodeIgniter\CodeIgniter->handleRequest(null, Object(Config\Cache), false)
 5 FCPATH/index.php(80): CodeIgniter\CodeIgniter->run()
CRITICAL - 2024-05-29 16:17:44 --> ErrorException: Trying to access array offset on value of type null
in FCPATH/applications/BUYER/Controllers/BiddingCenter.php on line 76.
 1 FCPATH/applications/BUYER/Controllers/BiddingCenter.php(76): CodeIgniter\Debug\Exceptions->errorHandler(2, 'Trying to access array offset on value of type null', '/var/www/eazyhosting.in/public_html/applications/BUYER/Controllers/BiddingCenter.php', 76)
 2 SYSTEMPATH/CodeIgniter.php(941): Applications\BUYER\Controllers\BiddingCenter->index('1')
 3 SYSTEMPATH/CodeIgniter.php(502): CodeIgniter\CodeIgniter->runController(Object(Applications\BUYER\Controllers\BiddingCenter))
 4 SYSTEMPATH/CodeIgniter.php(361): CodeIgniter\CodeIgniter->handleRequest(null, Object(Config\Cache), false)
 5 FCPATH/index.php(80): CodeIgniter\CodeIgniter->run()
CRITICAL - 2024-05-29 16:18:50 --> ErrorException: Trying to access array offset on value of type null
in FCPATH/applications/BUYER/Controllers/Auctions.php on line 173.
 1 FCPATH/applications/BUYER/Controllers/Auctions.php(173): CodeIgniter\Debug\Exceptions->errorHandler(2, 'Trying to access array offset on value of type null', '/var/www/eazyhosting.in/public_html/applications/BUYER/Controllers/Auctions.php', 173)
 2 SYSTEMPATH/CodeIgniter.php(941): Applications\BUYER\Controllers\Auctions->completedDetail('1')
 3 SYSTEMPATH/CodeIgniter.php(502): CodeIgniter\CodeIgniter->runController(Object(Applications\BUYER\Controllers\Auctions))
 4 SYSTEMPATH/CodeIgniter.php(361): CodeIgniter\CodeIgniter->handleRequest(null, Object(Config\Cache), false)
 5 FCPATH/index.php(80): CodeIgniter\CodeIgniter->run()
CRITICAL - 2024-05-29 16:20:52 --> ErrorException: Trying to access array offset on value of type null
in FCPATH/applications/BUYER/Controllers/Auctions.php on line 173.
 1 FCPATH/applications/BUYER/Controllers/Auctions.php(173): CodeIgniter\Debug\Exceptions->errorHandler(2, 'Trying to access array offset on value of type null', '/var/www/eazyhosting.in/public_html/applications/BUYER/Controllers/Auctions.php', 173)
 2 SYSTEMPATH/CodeIgniter.php(941): Applications\BUYER\Controllers\Auctions->completedDetail('1')
 3 SYSTEMPATH/CodeIgniter.php(502): CodeIgniter\CodeIgniter->runController(Object(Applications\BUYER\Controllers\Auctions))
 4 SYSTEMPATH/CodeIgniter.php(361): CodeIgniter\CodeIgniter->handleRequest(null, Object(Config\Cache), false)
 5 FCPATH/index.php(80): CodeIgniter\CodeIgniter->run()
CRITICAL - 2024-05-29 16:22:38 --> ErrorException: Trying to access array offset on value of type null
in FCPATH/applications/BUYER/Controllers/Auctions.php on line 173.
 1 FCPATH/applications/BUYER/Controllers/Auctions.php(173): CodeIgniter\Debug\Exceptions->errorHandler(2, 'Trying to access array offset on value of type null', '/var/www/eazyhosting.in/public_html/applications/BUYER/Controllers/Auctions.php', 173)
 2 SYSTEMPATH/CodeIgniter.php(941): Applications\BUYER\Controllers\Auctions->completedDetail('1')
 3 SYSTEMPATH/CodeIgniter.php(502): CodeIgniter\CodeIgniter->runController(Object(Applications\BUYER\Controllers\Auctions))
 4 SYSTEMPATH/CodeIgniter.php(361): CodeIgniter\CodeIgniter->handleRequest(null, Object(Config\Cache), false)
 5 FCPATH/index.php(80): CodeIgniter\CodeIgniter->run()
CRITICAL - 2024-05-29 16:31:04 --> ErrorException: Undefined array key "auction"
in FCPATH/applications/USER/Controllers/BiddingSession.php on line 445.
 1 FCPATH/applications/USER/Controllers/BiddingSession.php(445): CodeIgniter\Debug\Exceptions->errorHandler(2, 'Undefined array key "auction"', '/var/www/eazyhosting.in/public_html/applications/USER/Controllers/BiddingSession.php', 445)
 2 SYSTEMPATH/CodeIgniter.php(941): Applications\USER\Controllers\BiddingSession->completedAuctions('2')
 3 SYSTEMPATH/CodeIgniter.php(502): CodeIgniter\CodeIgniter->runController(Object(Applications\USER\Controllers\BiddingSession))
 4 SYSTEMPATH/CodeIgniter.php(361): CodeIgniter\CodeIgniter->handleRequest(null, Object(Config\Cache), false)
 5 FCPATH/index.php(80): CodeIgniter\CodeIgniter->run()
CRITICAL - 2024-05-29 19:52:10 --> ErrorException: Undefined variable $serverTime
in FCPATH/applications/BUYER/Views/view_centers.php on line 273.
 1 FCPATH/applications/BUYER/Views/view_centers.php(273): CodeIgniter\Debug\Exceptions->errorHandler(2, 'Undefined variable $serverTime', '/var/www/eazyhosting.in/public_html/applications/BUYER/Views/view_centers.php', 273)
 2 SYSTEMPATH/View/View.php(228): include('/var/www/eazyhosting.in/public_html/applications/BUYER/Views/view_centers.php')
 3 SYSTEMPATH/View/View.php(231): CodeIgniter\View\View->CodeIgniter\View\{closure}()
 4 SYSTEMPATH/Common.php(1178): CodeIgniter\View\View->render('Applications\\BUYER\\Views\\view_centers', [], true)
 5 FCPATH/applications/BUYER/Controllers/BiddingCenter.php(76): view('Applications\\BUYER\\Views\\view_centers', [...])
 6 SYSTEMPATH/CodeIgniter.php(941): Applications\BUYER\Controllers\BiddingCenter->index('1')
 7 SYSTEMPATH/CodeIgniter.php(502): CodeIgniter\CodeIgniter->runController(Object(Applications\BUYER\Controllers\BiddingCenter))
 8 SYSTEMPATH/CodeIgniter.php(361): CodeIgniter\CodeIgniter->handleRequest(null, Object(Config\Cache), false)
 9 FCPATH/index.php(80): CodeIgniter\CodeIgniter->run()
CRITICAL - 2024-05-29 20:59:09 --> ErrorException: Undefined array key "reserve_price"
in FCPATH/applications/BUYER/Views/biddingFrame.php on line 108.
 1 FCPATH/applications/BUYER/Views/biddingFrame.php(108): CodeIgniter\Debug\Exceptions->errorHandler(2, 'Undefined array key "reserve_price"', '/var/www/eazyhosting.in/public_html/applications/BUYER/Views/biddingFrame.php', 108)
 2 SYSTEMPATH/View/View.php(228): include('/var/www/eazyhosting.in/public_html/applications/BUYER/Views/biddingFrame.php')
 3 SYSTEMPATH/View/View.php(231): CodeIgniter\View\View->CodeIgniter\View\{closure}()
 4 SYSTEMPATH/Common.php(1178): CodeIgniter\View\View->render('Applications\\BUYER\\Views\\biddingFrame', [], true)
 5 FCPATH/applications/BUYER/Controllers/Auctions.php(298): view('Applications\\BUYER\\Views\\biddingFrame', [...])
 6 SYSTEMPATH/CodeIgniter.php(941): Applications\BUYER\Controllers\Auctions->auctionLots('3')
 7 SYSTEMPATH/CodeIgniter.php(502): CodeIgniter\CodeIgniter->runController(Object(Applications\BUYER\Controllers\Auctions))
 8 SYSTEMPATH/CodeIgniter.php(361): CodeIgniter\CodeIgniter->handleRequest(null, Object(Config\Cache), false)
 9 FCPATH/index.php(80): CodeIgniter\CodeIgniter->run()
