CRITICAL - 2024-11-23 15:17:40 --> ErrorException: Trying to access array offset on value of type null
in FCPATH/applications/BUYER/Controllers/BUYER.php on line 66.
 1 FCPATH/applications/BUYER/Controllers/BUYER.php(66): CodeIgniter\Debug\Exceptions->errorHandler(2, 'Trying to access array offset on value of type null', '/var/www/eazyhosting.in/public_html/applications/BUYER/Controllers/BUYER.php', 66)
 2 SYSTEMPATH/CodeIgniter.php(941): Applications\BUYER\Controllers\BUYER->Login()
 3 SYSTEMPATH/CodeIgniter.php(502): CodeIgniter\CodeIgniter->runController(Object(Applications\BUYER\Controllers\BUYER))
 4 SYSTEMPATH/CodeIgniter.php(361): CodeIgniter\CodeIgniter->handleRequest(null, Object(Config\Cache), false)
 5 FCPATH/index.php(80): CodeIgniter\CodeIgniter->run()
CRITICAL - 2024-11-23 15:18:09 --> ErrorException: Trying to access array offset on value of type null
in FCPATH/applications/BUYER/Controllers/BUYER.php on line 66.
 1 FCPATH/applications/BUYER/Controllers/BUYER.php(66): CodeIgniter\Debug\Exceptions->errorHandler(2, 'Trying to access array offset on value of type null', '/var/www/eazyhosting.in/public_html/applications/BUYER/Controllers/BUYER.php', 66)
 2 SYSTEMPATH/CodeIgniter.php(941): Applications\BUYER\Controllers\BUYER->Login()
 3 SYSTEMPATH/CodeIgniter.php(502): CodeIgniter\CodeIgniter->runController(Object(Applications\BUYER\Controllers\BUYER))
 4 SYSTEMPATH/CodeIgniter.php(361): CodeIgniter\CodeIgniter->handleRequest(null, Object(Config\Cache), false)
 5 FCPATH/index.php(80): CodeIgniter\CodeIgniter->run()
CRITICAL - 2024-11-23 15:19:07 --> ErrorException: Trying to access array offset on value of type null
in FCPATH/applications/BUYER/Controllers/BUYER.php on line 66.
 1 FCPATH/applications/BUYER/Controllers/BUYER.php(66): CodeIgniter\Debug\Exceptions->errorHandler(2, 'Trying to access array offset on value of type null', '/var/www/eazyhosting.in/public_html/applications/BUYER/Controllers/BUYER.php', 66)
 2 SYSTEMPATH/CodeIgniter.php(941): Applications\BUYER\Controllers\BUYER->Login()
 3 SYSTEMPATH/CodeIgniter.php(502): CodeIgniter\CodeIgniter->runController(Object(Applications\BUYER\Controllers\BUYER))
 4 SYSTEMPATH/CodeIgniter.php(361): CodeIgniter\CodeIgniter->handleRequest(null, Object(Config\Cache), false)
 5 FCPATH/index.php(80): CodeIgniter\CodeIgniter->run()
CRITICAL - 2024-11-23 15:19:45 --> ErrorException: Trying to access array offset on value of type null
in FCPATH/applications/BUYER/Controllers/BUYER.php on line 66.
 1 FCPATH/applications/BUYER/Controllers/BUYER.php(66): CodeIgniter\Debug\Exceptions->errorHandler(2, 'Trying to access array offset on value of type null', '/var/www/eazyhosting.in/public_html/applications/BUYER/Controllers/BUYER.php', 66)
 2 SYSTEMPATH/CodeIgniter.php(941): Applications\BUYER\Controllers\BUYER->Login()
 3 SYSTEMPATH/CodeIgniter.php(502): CodeIgniter\CodeIgniter->runController(Object(Applications\BUYER\Controllers\BUYER))
 4 SYSTEMPATH/CodeIgniter.php(361): CodeIgniter\CodeIgniter->handleRequest(null, Object(Config\Cache), false)
 5 FCPATH/index.php(80): CodeIgniter\CodeIgniter->run()
CRITICAL - 2024-11-23 15:20:10 --> ErrorException: Trying to access array offset on value of type null
in FCPATH/applications/USER/Controllers/BiddingSession.php on line 50.
 1 FCPATH/applications/USER/Controllers/BiddingSession.php(50): CodeIgniter\Debug\Exceptions->errorHandler(2, 'Trying to access array offset on value of type null', '/var/www/eazyhosting.in/public_html/applications/USER/Controllers/BiddingSession.php', 50)
 2 SYSTEMPATH/CodeIgniter.php(941): Applications\USER\Controllers\BiddingSession->index()
 3 SYSTEMPATH/CodeIgniter.php(502): CodeIgniter\CodeIgniter->runController(Object(Applications\USER\Controllers\BiddingSession))
 4 SYSTEMPATH/CodeIgniter.php(361): CodeIgniter\CodeIgniter->handleRequest(null, Object(Config\Cache), false)
 5 FCPATH/index.php(80): CodeIgniter\CodeIgniter->run()
CRITICAL - 2024-11-23 15:20:17 --> ErrorException: Trying to access array offset on value of type null
in FCPATH/applications/USER/Controllers/BiddingSession.php on line 50.
 1 FCPATH/applications/USER/Controllers/BiddingSession.php(50): CodeIgniter\Debug\Exceptions->errorHandler(2, 'Trying to access array offset on value of type null', '/var/www/eazyhosting.in/public_html/applications/USER/Controllers/BiddingSession.php', 50)
 2 SYSTEMPATH/CodeIgniter.php(941): Applications\USER\Controllers\BiddingSession->index()
 3 SYSTEMPATH/CodeIgniter.php(502): CodeIgniter\CodeIgniter->runController(Object(Applications\USER\Controllers\BiddingSession))
 4 SYSTEMPATH/CodeIgniter.php(361): CodeIgniter\CodeIgniter->handleRequest(null, Object(Config\Cache), false)
 5 FCPATH/index.php(80): CodeIgniter\CodeIgniter->run()
CRITICAL - 2024-11-23 15:20:18 --> ErrorException: Trying to access array offset on value of type null
in FCPATH/applications/USER/Controllers/BiddingSession.php on line 50.
 1 FCPATH/applications/USER/Controllers/BiddingSession.php(50): CodeIgniter\Debug\Exceptions->errorHandler(2, 'Trying to access array offset on value of type null', '/var/www/eazyhosting.in/public_html/applications/USER/Controllers/BiddingSession.php', 50)
 2 SYSTEMPATH/CodeIgniter.php(941): Applications\USER\Controllers\BiddingSession->index()
 3 SYSTEMPATH/CodeIgniter.php(502): CodeIgniter\CodeIgniter->runController(Object(Applications\USER\Controllers\BiddingSession))
 4 SYSTEMPATH/CodeIgniter.php(361): CodeIgniter\CodeIgniter->handleRequest(null, Object(Config\Cache), false)
 5 FCPATH/index.php(80): CodeIgniter\CodeIgniter->run()
CRITICAL - 2024-11-23 15:20:19 --> ErrorException: Trying to access array offset on value of type null
in FCPATH/applications/USER/Controllers/BiddingSession.php on line 50.
 1 FCPATH/applications/USER/Controllers/BiddingSession.php(50): CodeIgniter\Debug\Exceptions->errorHandler(2, 'Trying to access array offset on value of type null', '/var/www/eazyhosting.in/public_html/applications/USER/Controllers/BiddingSession.php', 50)
 2 SYSTEMPATH/CodeIgniter.php(941): Applications\USER\Controllers\BiddingSession->index()
 3 SYSTEMPATH/CodeIgniter.php(502): CodeIgniter\CodeIgniter->runController(Object(Applications\USER\Controllers\BiddingSession))
 4 SYSTEMPATH/CodeIgniter.php(361): CodeIgniter\CodeIgniter->handleRequest(null, Object(Config\Cache), false)
 5 FCPATH/index.php(80): CodeIgniter\CodeIgniter->run()
CRITICAL - 2024-11-23 15:20:20 --> ErrorException: Trying to access array offset on value of type null
in FCPATH/applications/USER/Controllers/BiddingSession.php on line 50.
 1 FCPATH/applications/USER/Controllers/BiddingSession.php(50): CodeIgniter\Debug\Exceptions->errorHandler(2, 'Trying to access array offset on value of type null', '/var/www/eazyhosting.in/public_html/applications/USER/Controllers/BiddingSession.php', 50)
 2 SYSTEMPATH/CodeIgniter.php(941): Applications\USER\Controllers\BiddingSession->index()
 3 SYSTEMPATH/CodeIgniter.php(502): CodeIgniter\CodeIgniter->runController(Object(Applications\USER\Controllers\BiddingSession))
 4 SYSTEMPATH/CodeIgniter.php(361): CodeIgniter\CodeIgniter->handleRequest(null, Object(Config\Cache), false)
 5 FCPATH/index.php(80): CodeIgniter\CodeIgniter->run()
CRITICAL - 2024-11-23 16:23:08 --> ErrorException: Trying to access array offset on value of type null
in FCPATH/applications/USER/Controllers/USER.php on line 76.
 1 FCPATH/applications/USER/Controllers/USER.php(76): CodeIgniter\Debug\Exceptions->errorHandler(2, 'Trying to access array offset on value of type null', '/var/www/eazyhosting.in/public_html/applications/USER/Controllers/USER.php', 76)
 2 SYSTEMPATH/CodeIgniter.php(941): Applications\USER\Controllers\USER->Login()
 3 SYSTEMPATH/CodeIgniter.php(502): CodeIgniter\CodeIgniter->runController(Object(Applications\USER\Controllers\USER))
 4 SYSTEMPATH/CodeIgniter.php(361): CodeIgniter\CodeIgniter->handleRequest(null, Object(Config\Cache), false)
 5 FCPATH/index.php(80): CodeIgniter\CodeIgniter->run()
CRITICAL - 2024-11-23 16:23:28 --> ErrorException: Trying to access array offset on value of type null
in FCPATH/applications/USER/Controllers/USER.php on line 76.
 1 FCPATH/applications/USER/Controllers/USER.php(76): CodeIgniter\Debug\Exceptions->errorHandler(2, 'Trying to access array offset on value of type null', '/var/www/eazyhosting.in/public_html/applications/USER/Controllers/USER.php', 76)
 2 SYSTEMPATH/CodeIgniter.php(941): Applications\USER\Controllers\USER->Login()
 3 SYSTEMPATH/CodeIgniter.php(502): CodeIgniter\CodeIgniter->runController(Object(Applications\USER\Controllers\USER))
 4 SYSTEMPATH/CodeIgniter.php(361): CodeIgniter\CodeIgniter->handleRequest(null, Object(Config\Cache), false)
 5 FCPATH/index.php(80): CodeIgniter\CodeIgniter->run()
CRITICAL - 2024-11-23 16:24:02 --> ErrorException: Trying to access array offset on value of type null
in FCPATH/applications/USER/Controllers/USER.php on line 76.
 1 FCPATH/applications/USER/Controllers/USER.php(76): CodeIgniter\Debug\Exceptions->errorHandler(2, 'Trying to access array offset on value of type null', '/var/www/eazyhosting.in/public_html/applications/USER/Controllers/USER.php', 76)
 2 SYSTEMPATH/CodeIgniter.php(941): Applications\USER\Controllers\USER->Login()
 3 SYSTEMPATH/CodeIgniter.php(502): CodeIgniter\CodeIgniter->runController(Object(Applications\USER\Controllers\USER))
 4 SYSTEMPATH/CodeIgniter.php(361): CodeIgniter\CodeIgniter->handleRequest(null, Object(Config\Cache), false)
 5 FCPATH/index.php(80): CodeIgniter\CodeIgniter->run()
CRITICAL - 2024-11-23 16:24:04 --> ErrorException: Trying to access array offset on value of type null
in FCPATH/applications/USER/Controllers/USER.php on line 76.
 1 FCPATH/applications/USER/Controllers/USER.php(76): CodeIgniter\Debug\Exceptions->errorHandler(2, 'Trying to access array offset on value of type null', '/var/www/eazyhosting.in/public_html/applications/USER/Controllers/USER.php', 76)
 2 SYSTEMPATH/CodeIgniter.php(941): Applications\USER\Controllers\USER->Login()
 3 SYSTEMPATH/CodeIgniter.php(502): CodeIgniter\CodeIgniter->runController(Object(Applications\USER\Controllers\USER))
 4 SYSTEMPATH/CodeIgniter.php(361): CodeIgniter\CodeIgniter->handleRequest(null, Object(Config\Cache), false)
 5 FCPATH/index.php(80): CodeIgniter\CodeIgniter->run()
CRITICAL - 2024-11-23 16:25:08 --> ErrorException: Trying to access array offset on value of type null
in FCPATH/applications/USER/Controllers/USER.php on line 76.
 1 FCPATH/applications/USER/Controllers/USER.php(76): CodeIgniter\Debug\Exceptions->errorHandler(2, 'Trying to access array offset on value of type null', '/var/www/eazyhosting.in/public_html/applications/USER/Controllers/USER.php', 76)
 2 SYSTEMPATH/CodeIgniter.php(941): Applications\USER\Controllers\USER->Login()
 3 SYSTEMPATH/CodeIgniter.php(502): CodeIgniter\CodeIgniter->runController(Object(Applications\USER\Controllers\USER))
 4 SYSTEMPATH/CodeIgniter.php(361): CodeIgniter\CodeIgniter->handleRequest(null, Object(Config\Cache), false)
 5 FCPATH/index.php(80): CodeIgniter\CodeIgniter->run()
CRITICAL - 2024-11-23 16:26:04 --> ErrorException: Trying to access array offset on value of type null
in FCPATH/applications/USER/Controllers/USER.php on line 76.
 1 FCPATH/applications/USER/Controllers/USER.php(76): CodeIgniter\Debug\Exceptions->errorHandler(2, 'Trying to access array offset on value of type null', '/var/www/eazyhosting.in/public_html/applications/USER/Controllers/USER.php', 76)
 2 SYSTEMPATH/CodeIgniter.php(941): Applications\USER\Controllers\USER->Login()
 3 SYSTEMPATH/CodeIgniter.php(502): CodeIgniter\CodeIgniter->runController(Object(Applications\USER\Controllers\USER))
 4 SYSTEMPATH/CodeIgniter.php(361): CodeIgniter\CodeIgniter->handleRequest(null, Object(Config\Cache), false)
 5 FCPATH/index.php(80): CodeIgniter\CodeIgniter->run()
CRITICAL - 2024-11-23 16:27:10 --> ErrorException: Trying to access array offset on value of type null
in FCPATH/applications/BUYER/Views/dashboard.php on line 60.
 1 FCPATH/applications/BUYER/Views/dashboard.php(60): CodeIgniter\Debug\Exceptions->errorHandler(2, 'Trying to access array offset on value of type null', '/var/www/eazyhosting.in/public_html/applications/BUYER/Views/dashboard.php', 60)
 2 SYSTEMPATH/View/View.php(228): include('/var/www/eazyhosting.in/public_html/applications/BUYER/Views/dashboard.php')
 3 SYSTEMPATH/View/View.php(231): CodeIgniter\View\View->CodeIgniter\View\{closure}()
 4 SYSTEMPATH/Common.php(1178): CodeIgniter\View\View->render('Applications\\BUYER\\Views\\dashboard', [], true)
 5 FCPATH/applications/BUYER/Controllers/Dashboard.php(57): view('Applications\\BUYER\\Views\\dashboard', [...])
 6 SYSTEMPATH/CodeIgniter.php(941): Applications\BUYER\Controllers\Dashboard->index()
 7 SYSTEMPATH/CodeIgniter.php(502): CodeIgniter\CodeIgniter->runController(Object(Applications\BUYER\Controllers\Dashboard))
 8 SYSTEMPATH/CodeIgniter.php(361): CodeIgniter\CodeIgniter->handleRequest(null, Object(Config\Cache), false)
 9 FCPATH/index.php(80): CodeIgniter\CodeIgniter->run()
CRITICAL - 2024-11-23 16:27:32 --> ErrorException: Trying to access array offset on value of type null
in FCPATH/applications/BUYER/Views/dashboard.php on line 60.
 1 FCPATH/applications/BUYER/Views/dashboard.php(60): CodeIgniter\Debug\Exceptions->errorHandler(2, 'Trying to access array offset on value of type null', '/var/www/eazyhosting.in/public_html/applications/BUYER/Views/dashboard.php', 60)
 2 SYSTEMPATH/View/View.php(228): include('/var/www/eazyhosting.in/public_html/applications/BUYER/Views/dashboard.php')
 3 SYSTEMPATH/View/View.php(231): CodeIgniter\View\View->CodeIgniter\View\{closure}()
 4 SYSTEMPATH/Common.php(1178): CodeIgniter\View\View->render('Applications\\BUYER\\Views\\dashboard', [], true)
 5 FCPATH/applications/BUYER/Controllers/Dashboard.php(57): view('Applications\\BUYER\\Views\\dashboard', [...])
 6 SYSTEMPATH/CodeIgniter.php(941): Applications\BUYER\Controllers\Dashboard->index()
 7 SYSTEMPATH/CodeIgniter.php(502): CodeIgniter\CodeIgniter->runController(Object(Applications\BUYER\Controllers\Dashboard))
 8 SYSTEMPATH/CodeIgniter.php(361): CodeIgniter\CodeIgniter->handleRequest(null, Object(Config\Cache), false)
 9 FCPATH/index.php(80): CodeIgniter\CodeIgniter->run()
CRITICAL - 2024-11-23 16:27:33 --> ErrorException: Trying to access array offset on value of type null
in FCPATH/applications/BUYER/Views/dashboard.php on line 60.
 1 FCPATH/applications/BUYER/Views/dashboard.php(60): CodeIgniter\Debug\Exceptions->errorHandler(2, 'Trying to access array offset on value of type null', '/var/www/eazyhosting.in/public_html/applications/BUYER/Views/dashboard.php', 60)
 2 SYSTEMPATH/View/View.php(228): include('/var/www/eazyhosting.in/public_html/applications/BUYER/Views/dashboard.php')
 3 SYSTEMPATH/View/View.php(231): CodeIgniter\View\View->CodeIgniter\View\{closure}()
 4 SYSTEMPATH/Common.php(1178): CodeIgniter\View\View->render('Applications\\BUYER\\Views\\dashboard', [], true)
 5 FCPATH/applications/BUYER/Controllers/Dashboard.php(57): view('Applications\\BUYER\\Views\\dashboard', [...])
 6 SYSTEMPATH/CodeIgniter.php(941): Applications\BUYER\Controllers\Dashboard->index()
 7 SYSTEMPATH/CodeIgniter.php(502): CodeIgniter\CodeIgniter->runController(Object(Applications\BUYER\Controllers\Dashboard))
 8 SYSTEMPATH/CodeIgniter.php(361): CodeIgniter\CodeIgniter->handleRequest(null, Object(Config\Cache), false)
 9 FCPATH/index.php(80): CodeIgniter\CodeIgniter->run()
CRITICAL - 2024-11-23 16:27:34 --> ErrorException: Trying to access array offset on value of type null
in FCPATH/applications/BUYER/Views/dashboard.php on line 60.
 1 FCPATH/applications/BUYER/Views/dashboard.php(60): CodeIgniter\Debug\Exceptions->errorHandler(2, 'Trying to access array offset on value of type null', '/var/www/eazyhosting.in/public_html/applications/BUYER/Views/dashboard.php', 60)
 2 SYSTEMPATH/View/View.php(228): include('/var/www/eazyhosting.in/public_html/applications/BUYER/Views/dashboard.php')
 3 SYSTEMPATH/View/View.php(231): CodeIgniter\View\View->CodeIgniter\View\{closure}()
 4 SYSTEMPATH/Common.php(1178): CodeIgniter\View\View->render('Applications\\BUYER\\Views\\dashboard', [], true)
 5 FCPATH/applications/BUYER/Controllers/Dashboard.php(57): view('Applications\\BUYER\\Views\\dashboard', [...])
 6 SYSTEMPATH/CodeIgniter.php(941): Applications\BUYER\Controllers\Dashboard->index()
 7 SYSTEMPATH/CodeIgniter.php(502): CodeIgniter\CodeIgniter->runController(Object(Applications\BUYER\Controllers\Dashboard))
 8 SYSTEMPATH/CodeIgniter.php(361): CodeIgniter\CodeIgniter->handleRequest(null, Object(Config\Cache), false)
 9 FCPATH/index.php(80): CodeIgniter\CodeIgniter->run()
CRITICAL - 2024-11-23 16:27:34 --> ErrorException: Trying to access array offset on value of type null
in FCPATH/applications/BUYER/Views/dashboard.php on line 60.
 1 FCPATH/applications/BUYER/Views/dashboard.php(60): CodeIgniter\Debug\Exceptions->errorHandler(2, 'Trying to access array offset on value of type null', '/var/www/eazyhosting.in/public_html/applications/BUYER/Views/dashboard.php', 60)
 2 SYSTEMPATH/View/View.php(228): include('/var/www/eazyhosting.in/public_html/applications/BUYER/Views/dashboard.php')
 3 SYSTEMPATH/View/View.php(231): CodeIgniter\View\View->CodeIgniter\View\{closure}()
 4 SYSTEMPATH/Common.php(1178): CodeIgniter\View\View->render('Applications\\BUYER\\Views\\dashboard', [], true)
 5 FCPATH/applications/BUYER/Controllers/Dashboard.php(57): view('Applications\\BUYER\\Views\\dashboard', [...])
 6 SYSTEMPATH/CodeIgniter.php(941): Applications\BUYER\Controllers\Dashboard->index()
 7 SYSTEMPATH/CodeIgniter.php(502): CodeIgniter\CodeIgniter->runController(Object(Applications\BUYER\Controllers\Dashboard))
 8 SYSTEMPATH/CodeIgniter.php(361): CodeIgniter\CodeIgniter->handleRequest(null, Object(Config\Cache), false)
 9 FCPATH/index.php(80): CodeIgniter\CodeIgniter->run()
CRITICAL - 2024-11-23 16:27:36 --> ErrorException: Trying to access array offset on value of type null
in FCPATH/applications/BUYER/Views/dashboard.php on line 60.
 1 FCPATH/applications/BUYER/Views/dashboard.php(60): CodeIgniter\Debug\Exceptions->errorHandler(2, 'Trying to access array offset on value of type null', '/var/www/eazyhosting.in/public_html/applications/BUYER/Views/dashboard.php', 60)
 2 SYSTEMPATH/View/View.php(228): include('/var/www/eazyhosting.in/public_html/applications/BUYER/Views/dashboard.php')
 3 SYSTEMPATH/View/View.php(231): CodeIgniter\View\View->CodeIgniter\View\{closure}()
 4 SYSTEMPATH/Common.php(1178): CodeIgniter\View\View->render('Applications\\BUYER\\Views\\dashboard', [], true)
 5 FCPATH/applications/BUYER/Controllers/Dashboard.php(57): view('Applications\\BUYER\\Views\\dashboard', [...])
 6 SYSTEMPATH/CodeIgniter.php(941): Applications\BUYER\Controllers\Dashboard->index()
 7 SYSTEMPATH/CodeIgniter.php(502): CodeIgniter\CodeIgniter->runController(Object(Applications\BUYER\Controllers\Dashboard))
 8 SYSTEMPATH/CodeIgniter.php(361): CodeIgniter\CodeIgniter->handleRequest(null, Object(Config\Cache), false)
 9 FCPATH/index.php(80): CodeIgniter\CodeIgniter->run()
CRITICAL - 2024-11-23 16:28:14 --> ErrorException: Trying to access array offset on value of type null
in FCPATH/applications/USER/Controllers/USER.php on line 76.
 1 FCPATH/applications/USER/Controllers/USER.php(76): CodeIgniter\Debug\Exceptions->errorHandler(2, 'Trying to access array offset on value of type null', '/var/www/eazyhosting.in/public_html/applications/USER/Controllers/USER.php', 76)
 2 SYSTEMPATH/CodeIgniter.php(941): Applications\USER\Controllers\USER->Login()
 3 SYSTEMPATH/CodeIgniter.php(502): CodeIgniter\CodeIgniter->runController(Object(Applications\USER\Controllers\USER))
 4 SYSTEMPATH/CodeIgniter.php(361): CodeIgniter\CodeIgniter->handleRequest(null, Object(Config\Cache), false)
 5 FCPATH/index.php(80): CodeIgniter\CodeIgniter->run()
CRITICAL - 2024-11-23 16:30:51 --> ErrorException: Trying to access array offset on value of type null
in FCPATH/applications/BUYER/Controllers/BUYER.php on line 66.
 1 FCPATH/applications/BUYER/Controllers/BUYER.php(66): CodeIgniter\Debug\Exceptions->errorHandler(2, 'Trying to access array offset on value of type null', '/var/www/eazyhosting.in/public_html/applications/BUYER/Controllers/BUYER.php', 66)
 2 SYSTEMPATH/CodeIgniter.php(941): Applications\BUYER\Controllers\BUYER->Login()
 3 SYSTEMPATH/CodeIgniter.php(502): CodeIgniter\CodeIgniter->runController(Object(Applications\BUYER\Controllers\BUYER))
 4 SYSTEMPATH/CodeIgniter.php(361): CodeIgniter\CodeIgniter->handleRequest(null, Object(Config\Cache), false)
 5 FCPATH/index.php(80): CodeIgniter\CodeIgniter->run()
CRITICAL - 2024-11-23 16:32:41 --> ErrorException: Trying to access array offset on value of type null
in FCPATH/applications/BUYER/Controllers/BUYER.php on line 66.
 1 FCPATH/applications/BUYER/Controllers/BUYER.php(66): CodeIgniter\Debug\Exceptions->errorHandler(2, 'Trying to access array offset on value of type null', '/var/www/eazyhosting.in/public_html/applications/BUYER/Controllers/BUYER.php', 66)
 2 SYSTEMPATH/CodeIgniter.php(941): Applications\BUYER\Controllers\BUYER->Login()
 3 SYSTEMPATH/CodeIgniter.php(502): CodeIgniter\CodeIgniter->runController(Object(Applications\BUYER\Controllers\BUYER))
 4 SYSTEMPATH/CodeIgniter.php(361): CodeIgniter\CodeIgniter->handleRequest(null, Object(Config\Cache), false)
 5 FCPATH/index.php(80): CodeIgniter\CodeIgniter->run()
CRITICAL - 2024-11-23 16:39:49 --> ErrorException: Trying to access array offset on value of type null
in FCPATH/applications/BUYER/Controllers/BUYER.php on line 66.
 1 FCPATH/applications/BUYER/Controllers/BUYER.php(66): CodeIgniter\Debug\Exceptions->errorHandler(2, 'Trying to access array offset on value of type null', '/var/www/eazyhosting.in/public_html/applications/BUYER/Controllers/BUYER.php', 66)
 2 SYSTEMPATH/CodeIgniter.php(941): Applications\BUYER\Controllers\BUYER->Login()
 3 SYSTEMPATH/CodeIgniter.php(502): CodeIgniter\CodeIgniter->runController(Object(Applications\BUYER\Controllers\BUYER))
 4 SYSTEMPATH/CodeIgniter.php(361): CodeIgniter\CodeIgniter->handleRequest(null, Object(Config\Cache), false)
 5 FCPATH/index.php(80): CodeIgniter\CodeIgniter->run()
CRITICAL - 2024-11-23 16:40:09 --> ErrorException: Trying to access array offset on value of type null
in FCPATH/applications/USER/Controllers/USER.php on line 76.
 1 FCPATH/applications/USER/Controllers/USER.php(76): CodeIgniter\Debug\Exceptions->errorHandler(2, 'Trying to access array offset on value of type null', '/var/www/eazyhosting.in/public_html/applications/USER/Controllers/USER.php', 76)
 2 SYSTEMPATH/CodeIgniter.php(941): Applications\USER\Controllers\USER->Login()
 3 SYSTEMPATH/CodeIgniter.php(502): CodeIgniter\CodeIgniter->runController(Object(Applications\USER\Controllers\USER))
 4 SYSTEMPATH/CodeIgniter.php(361): CodeIgniter\CodeIgniter->handleRequest(null, Object(Config\Cache), false)
 5 FCPATH/index.php(80): CodeIgniter\CodeIgniter->run()
CRITICAL - 2024-11-23 16:45:41 --> ErrorException: Trying to access array offset on value of type null
in FCPATH/applications/USER/Controllers/USER.php on line 76.
 1 FCPATH/applications/USER/Controllers/USER.php(76): CodeIgniter\Debug\Exceptions->errorHandler(2, 'Trying to access array offset on value of type null', '/var/www/eazyhosting.in/public_html/applications/USER/Controllers/USER.php', 76)
 2 SYSTEMPATH/CodeIgniter.php(941): Applications\USER\Controllers\USER->Login()
 3 SYSTEMPATH/CodeIgniter.php(502): CodeIgniter\CodeIgniter->runController(Object(Applications\USER\Controllers\USER))
 4 SYSTEMPATH/CodeIgniter.php(361): CodeIgniter\CodeIgniter->handleRequest(null, Object(Config\Cache), false)
 5 FCPATH/index.php(80): CodeIgniter\CodeIgniter->run()
CRITICAL - 2024-11-23 16:52:06 --> ErrorException: Trying to access array offset on value of type null
in FCPATH/applications/USER/Controllers/USER.php on line 76.
 1 FCPATH/applications/USER/Controllers/USER.php(76): CodeIgniter\Debug\Exceptions->errorHandler(2, 'Trying to access array offset on value of type null', '/var/www/eazyhosting.in/public_html/applications/USER/Controllers/USER.php', 76)
 2 SYSTEMPATH/CodeIgniter.php(941): Applications\USER\Controllers\USER->Login()
 3 SYSTEMPATH/CodeIgniter.php(502): CodeIgniter\CodeIgniter->runController(Object(Applications\USER\Controllers\USER))
 4 SYSTEMPATH/CodeIgniter.php(361): CodeIgniter\CodeIgniter->handleRequest(null, Object(Config\Cache), false)
 5 FCPATH/index.php(80): CodeIgniter\CodeIgniter->run()
CRITICAL - 2024-11-23 17:17:59 --> ErrorException: Trying to access array offset on value of type null
in FCPATH/applications/USER/Controllers/USER.php on line 76.
 1 FCPATH/applications/USER/Controllers/USER.php(76): CodeIgniter\Debug\Exceptions->errorHandler(2, 'Trying to access array offset on value of type null', '/var/www/eazyhosting.in/public_html/applications/USER/Controllers/USER.php', 76)
 2 SYSTEMPATH/CodeIgniter.php(941): Applications\USER\Controllers\USER->Login()
 3 SYSTEMPATH/CodeIgniter.php(502): CodeIgniter\CodeIgniter->runController(Object(Applications\USER\Controllers\USER))
 4 SYSTEMPATH/CodeIgniter.php(361): CodeIgniter\CodeIgniter->handleRequest(null, Object(Config\Cache), false)
 5 FCPATH/index.php(80): CodeIgniter\CodeIgniter->run()
CRITICAL - 2024-11-23 17:26:53 --> ErrorException: Trying to access array offset on value of type null
in FCPATH/applications/USER/Controllers/USER.php on line 76.
 1 FCPATH/applications/USER/Controllers/USER.php(76): CodeIgniter\Debug\Exceptions->errorHandler(2, 'Trying to access array offset on value of type null', '/var/www/eazyhosting.in/public_html/applications/USER/Controllers/USER.php', 76)
 2 SYSTEMPATH/CodeIgniter.php(941): Applications\USER\Controllers\USER->Login()
 3 SYSTEMPATH/CodeIgniter.php(502): CodeIgniter\CodeIgniter->runController(Object(Applications\USER\Controllers\USER))
 4 SYSTEMPATH/CodeIgniter.php(361): CodeIgniter\CodeIgniter->handleRequest(null, Object(Config\Cache), false)
 5 FCPATH/index.php(80): CodeIgniter\CodeIgniter->run()
CRITICAL - 2024-11-23 17:27:29 --> ErrorException: Trying to access array offset on value of type null
in FCPATH/applications/BUYER/Controllers/BUYER.php on line 66.
 1 FCPATH/applications/BUYER/Controllers/BUYER.php(66): CodeIgniter\Debug\Exceptions->errorHandler(2, 'Trying to access array offset on value of type null', '/var/www/eazyhosting.in/public_html/applications/BUYER/Controllers/BUYER.php', 66)
 2 SYSTEMPATH/CodeIgniter.php(941): Applications\BUYER\Controllers\BUYER->Login()
 3 SYSTEMPATH/CodeIgniter.php(502): CodeIgniter\CodeIgniter->runController(Object(Applications\BUYER\Controllers\BUYER))
 4 SYSTEMPATH/CodeIgniter.php(361): CodeIgniter\CodeIgniter->handleRequest(null, Object(Config\Cache), false)
 5 FCPATH/index.php(80): CodeIgniter\CodeIgniter->run()
CRITICAL - 2024-11-23 17:40:07 --> ErrorException: Trying to access array offset on value of type null
in FCPATH/applications/BUYER/Controllers/BUYER.php on line 66.
 1 FCPATH/applications/BUYER/Controllers/BUYER.php(66): CodeIgniter\Debug\Exceptions->errorHandler(2, 'Trying to access array offset on value of type null', '/var/www/eazyhosting.in/public_html/applications/BUYER/Controllers/BUYER.php', 66)
 2 SYSTEMPATH/CodeIgniter.php(941): Applications\BUYER\Controllers\BUYER->Login()
 3 SYSTEMPATH/CodeIgniter.php(502): CodeIgniter\CodeIgniter->runController(Object(Applications\BUYER\Controllers\BUYER))
 4 SYSTEMPATH/CodeIgniter.php(361): CodeIgniter\CodeIgniter->handleRequest(null, Object(Config\Cache), false)
 5 FCPATH/index.php(80): CodeIgniter\CodeIgniter->run()
CRITICAL - 2024-11-23 17:40:39 --> ErrorException: Trying to access array offset on value of type null
in FCPATH/applications/USER/Controllers/USER.php on line 76.
 1 FCPATH/applications/USER/Controllers/USER.php(76): CodeIgniter\Debug\Exceptions->errorHandler(2, 'Trying to access array offset on value of type null', '/var/www/eazyhosting.in/public_html/applications/USER/Controllers/USER.php', 76)
 2 SYSTEMPATH/CodeIgniter.php(941): Applications\USER\Controllers\USER->Login()
 3 SYSTEMPATH/CodeIgniter.php(502): CodeIgniter\CodeIgniter->runController(Object(Applications\USER\Controllers\USER))
 4 SYSTEMPATH/CodeIgniter.php(361): CodeIgniter\CodeIgniter->handleRequest(null, Object(Config\Cache), false)
 5 FCPATH/index.php(80): CodeIgniter\CodeIgniter->run()
CRITICAL - 2024-11-23 17:45:04 --> ErrorException: Trying to access array offset on value of type null
in FCPATH/applications/USER/Controllers/USER.php on line 76.
 1 FCPATH/applications/USER/Controllers/USER.php(76): CodeIgniter\Debug\Exceptions->errorHandler(2, 'Trying to access array offset on value of type null', '/var/www/eazyhosting.in/public_html/applications/USER/Controllers/USER.php', 76)
 2 SYSTEMPATH/CodeIgniter.php(941): Applications\USER\Controllers\USER->Login()
 3 SYSTEMPATH/CodeIgniter.php(502): CodeIgniter\CodeIgniter->runController(Object(Applications\USER\Controllers\USER))
 4 SYSTEMPATH/CodeIgniter.php(361): CodeIgniter\CodeIgniter->handleRequest(null, Object(Config\Cache), false)
 5 FCPATH/index.php(80): CodeIgniter\CodeIgniter->run()
CRITICAL - 2024-11-23 17:57:20 --> ErrorException: Trying to access array offset on value of type null
in FCPATH/applications/USER/Controllers/USER.php on line 76.
 1 FCPATH/applications/USER/Controllers/USER.php(76): CodeIgniter\Debug\Exceptions->errorHandler(2, 'Trying to access array offset on value of type null', '/var/www/eazyhosting.in/public_html/applications/USER/Controllers/USER.php', 76)
 2 SYSTEMPATH/CodeIgniter.php(941): Applications\USER\Controllers\USER->Login()
 3 SYSTEMPATH/CodeIgniter.php(502): CodeIgniter\CodeIgniter->runController(Object(Applications\USER\Controllers\USER))
 4 SYSTEMPATH/CodeIgniter.php(361): CodeIgniter\CodeIgniter->handleRequest(null, Object(Config\Cache), false)
 5 FCPATH/index.php(80): CodeIgniter\CodeIgniter->run()
CRITICAL - 2024-11-23 18:33:04 --> ErrorException: Trying to access array offset on value of type null
in FCPATH/applications/USER/Controllers/USER.php on line 76.
 1 FCPATH/applications/USER/Controllers/USER.php(76): CodeIgniter\Debug\Exceptions->errorHandler(2, 'Trying to access array offset on value of type null', '/var/www/eazyhosting.in/public_html/applications/USER/Controllers/USER.php', 76)
 2 SYSTEMPATH/CodeIgniter.php(941): Applications\USER\Controllers\USER->Login()
 3 SYSTEMPATH/CodeIgniter.php(502): CodeIgniter\CodeIgniter->runController(Object(Applications\USER\Controllers\USER))
 4 SYSTEMPATH/CodeIgniter.php(361): CodeIgniter\CodeIgniter->handleRequest(null, Object(Config\Cache), false)
 5 FCPATH/index.php(80): CodeIgniter\CodeIgniter->run()
CRITICAL - 2024-11-23 18:45:09 --> ErrorException: Trying to access array offset on value of type null
in FCPATH/applications/USER/Controllers/USER.php on line 76.
 1 FCPATH/applications/USER/Controllers/USER.php(76): CodeIgniter\Debug\Exceptions->errorHandler(2, 'Trying to access array offset on value of type null', '/var/www/eazyhosting.in/public_html/applications/USER/Controllers/USER.php', 76)
 2 SYSTEMPATH/CodeIgniter.php(941): Applications\USER\Controllers\USER->Login()
 3 SYSTEMPATH/CodeIgniter.php(502): CodeIgniter\CodeIgniter->runController(Object(Applications\USER\Controllers\USER))
 4 SYSTEMPATH/CodeIgniter.php(361): CodeIgniter\CodeIgniter->handleRequest(null, Object(Config\Cache), false)
 5 FCPATH/index.php(80): CodeIgniter\CodeIgniter->run()
CRITICAL - 2024-11-23 18:52:23 --> ErrorException: Trying to access array offset on value of type null
in FCPATH/applications/USER/Controllers/USER.php on line 76.
 1 FCPATH/applications/USER/Controllers/USER.php(76): CodeIgniter\Debug\Exceptions->errorHandler(2, 'Trying to access array offset on value of type null', '/var/www/eazyhosting.in/public_html/applications/USER/Controllers/USER.php', 76)
 2 SYSTEMPATH/CodeIgniter.php(941): Applications\USER\Controllers\USER->Login()
 3 SYSTEMPATH/CodeIgniter.php(502): CodeIgniter\CodeIgniter->runController(Object(Applications\USER\Controllers\USER))
 4 SYSTEMPATH/CodeIgniter.php(361): CodeIgniter\CodeIgniter->handleRequest(null, Object(Config\Cache), false)
 5 FCPATH/index.php(80): CodeIgniter\CodeIgniter->run()
