CRITICAL - 2024-09-26 15:16:24 --> ErrorException: Trying to access array offset on value of type null
in FCPATH/applications/BUYER/Controllers/BiddingCenter.php on line 76.
 1 FCPATH/applications/BUYER/Controllers/BiddingCenter.php(76): CodeIgniter\Debug\Exceptions->errorHandler(2, 'Trying to access array offset on value of type null', '/var/www/eazyhosting.in/public_html/applications/BUYER/Controllers/BiddingCenter.php', 76)
 2 SYSTEMPATH/CodeIgniter.php(941): Applications\BUYER\Controllers\BiddingCenter->index('1')
 3 SYSTEMPATH/CodeIgniter.php(502): CodeIgniter\CodeIgniter->runController(Object(Applications\BUYER\Controllers\BiddingCenter))
 4 SYSTEMPATH/CodeIgniter.php(361): CodeIgniter\CodeIgniter->handleRequest(null, Object(Config\Cache), false)
 5 FCPATH/index.php(80): CodeIgniter\CodeIgniter->run()
CRITICAL - 2024-09-26 15:16:28 --> ErrorException: Trying to access array offset on value of type null
in FCPATH/applications/BUYER/Controllers/BiddingCenter.php on line 76.
 1 FCPATH/applications/BUYER/Controllers/BiddingCenter.php(76): CodeIgniter\Debug\Exceptions->errorHandler(2, 'Trying to access array offset on value of type null', '/var/www/eazyhosting.in/public_html/applications/BUYER/Controllers/BiddingCenter.php', 76)
 2 SYSTEMPATH/CodeIgniter.php(941): Applications\BUYER\Controllers\BiddingCenter->index('1')
 3 SYSTEMPATH/CodeIgniter.php(502): CodeIgniter\CodeIgniter->runController(Object(Applications\BUYER\Controllers\BiddingCenter))
 4 SYSTEMPATH/CodeIgniter.php(361): CodeIgniter\CodeIgniter->handleRequest(null, Object(Config\Cache), false)
 5 FCPATH/index.php(80): CodeIgniter\CodeIgniter->run()
CRITICAL - 2024-09-26 15:17:09 --> ErrorException: Trying to access array offset on value of type null
in FCPATH/applications/BUYER/Controllers/BiddingCenter.php on line 76.
 1 FCPATH/applications/BUYER/Controllers/BiddingCenter.php(76): CodeIgniter\Debug\Exceptions->errorHandler(2, 'Trying to access array offset on value of type null', '/var/www/eazyhosting.in/public_html/applications/BUYER/Controllers/BiddingCenter.php', 76)
 2 SYSTEMPATH/CodeIgniter.php(941): Applications\BUYER\Controllers\BiddingCenter->index('1')
 3 SYSTEMPATH/CodeIgniter.php(502): CodeIgniter\CodeIgniter->runController(Object(Applications\BUYER\Controllers\BiddingCenter))
 4 SYSTEMPATH/CodeIgniter.php(361): CodeIgniter\CodeIgniter->handleRequest(null, Object(Config\Cache), false)
 5 FCPATH/index.php(80): CodeIgniter\CodeIgniter->run()
CRITICAL - 2024-09-26 15:17:10 --> ErrorException: Trying to access array offset on value of type null
in FCPATH/applications/BUYER/Controllers/BiddingCenter.php on line 76.
 1 FCPATH/applications/BUYER/Controllers/BiddingCenter.php(76): CodeIgniter\Debug\Exceptions->errorHandler(2, 'Trying to access array offset on value of type null', '/var/www/eazyhosting.in/public_html/applications/BUYER/Controllers/BiddingCenter.php', 76)
 2 SYSTEMPATH/CodeIgniter.php(941): Applications\BUYER\Controllers\BiddingCenter->index('1')
 3 SYSTEMPATH/CodeIgniter.php(502): CodeIgniter\CodeIgniter->runController(Object(Applications\BUYER\Controllers\BiddingCenter))
 4 SYSTEMPATH/CodeIgniter.php(361): CodeIgniter\CodeIgniter->handleRequest(null, Object(Config\Cache), false)
 5 FCPATH/index.php(80): CodeIgniter\CodeIgniter->run()
CRITICAL - 2024-09-26 15:28:49 --> ErrorException: Trying to access array offset on value of type null
in FCPATH/applications/BUYER/Controllers/BiddingCenter.php on line 76.
 1 FCPATH/applications/BUYER/Controllers/BiddingCenter.php(76): CodeIgniter\Debug\Exceptions->errorHandler(2, 'Trying to access array offset on value of type null', '/var/www/eazyhosting.in/public_html/applications/BUYER/Controllers/BiddingCenter.php', 76)
 2 SYSTEMPATH/CodeIgniter.php(941): Applications\BUYER\Controllers\BiddingCenter->index('1')
 3 SYSTEMPATH/CodeIgniter.php(502): CodeIgniter\CodeIgniter->runController(Object(Applications\BUYER\Controllers\BiddingCenter))
 4 SYSTEMPATH/CodeIgniter.php(361): CodeIgniter\CodeIgniter->handleRequest(null, Object(Config\Cache), false)
 5 FCPATH/index.php(80): CodeIgniter\CodeIgniter->run()
CRITICAL - 2024-09-26 15:31:45 --> ErrorException: Trying to access array offset on value of type null
in FCPATH/applications/BUYER/Controllers/BiddingCenter.php on line 76.
 1 FCPATH/applications/BUYER/Controllers/BiddingCenter.php(76): CodeIgniter\Debug\Exceptions->errorHandler(2, 'Trying to access array offset on value of type null', '/var/www/eazyhosting.in/public_html/applications/BUYER/Controllers/BiddingCenter.php', 76)
 2 SYSTEMPATH/CodeIgniter.php(941): Applications\BUYER\Controllers\BiddingCenter->index('1')
 3 SYSTEMPATH/CodeIgniter.php(502): CodeIgniter\CodeIgniter->runController(Object(Applications\BUYER\Controllers\BiddingCenter))
 4 SYSTEMPATH/CodeIgniter.php(361): CodeIgniter\CodeIgniter->handleRequest(null, Object(Config\Cache), false)
 5 FCPATH/index.php(80): CodeIgniter\CodeIgniter->run()
CRITICAL - 2024-09-26 15:33:01 --> ErrorException: Trying to access array offset on value of type null
in FCPATH/applications/BUYER/Controllers/BiddingCenter.php on line 76.
 1 FCPATH/applications/BUYER/Controllers/BiddingCenter.php(76): CodeIgniter\Debug\Exceptions->errorHandler(2, 'Trying to access array offset on value of type null', '/var/www/eazyhosting.in/public_html/applications/BUYER/Controllers/BiddingCenter.php', 76)
 2 SYSTEMPATH/CodeIgniter.php(941): Applications\BUYER\Controllers\BiddingCenter->index('1')
 3 SYSTEMPATH/CodeIgniter.php(502): CodeIgniter\CodeIgniter->runController(Object(Applications\BUYER\Controllers\BiddingCenter))
 4 SYSTEMPATH/CodeIgniter.php(361): CodeIgniter\CodeIgniter->handleRequest(null, Object(Config\Cache), false)
 5 FCPATH/index.php(80): CodeIgniter\CodeIgniter->run()
CRITICAL - 2024-09-26 15:33:35 --> ErrorException: Trying to access array offset on value of type null
in FCPATH/applications/BUYER/Controllers/BiddingCenter.php on line 51.
 1 FCPATH/applications/BUYER/Controllers/BiddingCenter.php(51): CodeIgniter\Debug\Exceptions->errorHandler(2, 'Trying to access array offset on value of type null', '/var/www/eazyhosting.in/public_html/applications/BUYER/Controllers/BiddingCenter.php', 51)
 2 SYSTEMPATH/CodeIgniter.php(941): Applications\BUYER\Controllers\BiddingCenter->index('1')
 3 SYSTEMPATH/CodeIgniter.php(502): CodeIgniter\CodeIgniter->runController(Object(Applications\BUYER\Controllers\BiddingCenter))
 4 SYSTEMPATH/CodeIgniter.php(361): CodeIgniter\CodeIgniter->handleRequest(null, Object(Config\Cache), false)
 5 FCPATH/index.php(80): CodeIgniter\CodeIgniter->run()
CRITICAL - 2024-09-26 15:33:37 --> ErrorException: Trying to access array offset on value of type null
in FCPATH/applications/BUYER/Controllers/BiddingCenter.php on line 51.
 1 FCPATH/applications/BUYER/Controllers/BiddingCenter.php(51): CodeIgniter\Debug\Exceptions->errorHandler(2, 'Trying to access array offset on value of type null', '/var/www/eazyhosting.in/public_html/applications/BUYER/Controllers/BiddingCenter.php', 51)
 2 SYSTEMPATH/CodeIgniter.php(941): Applications\BUYER\Controllers\BiddingCenter->index('1')
 3 SYSTEMPATH/CodeIgniter.php(502): CodeIgniter\CodeIgniter->runController(Object(Applications\BUYER\Controllers\BiddingCenter))
 4 SYSTEMPATH/CodeIgniter.php(361): CodeIgniter\CodeIgniter->handleRequest(null, Object(Config\Cache), false)
 5 FCPATH/index.php(80): CodeIgniter\CodeIgniter->run()
CRITICAL - 2024-09-26 15:33:37 --> ErrorException: Trying to access array offset on value of type null
in FCPATH/applications/BUYER/Controllers/BiddingCenter.php on line 51.
 1 FCPATH/applications/BUYER/Controllers/BiddingCenter.php(51): CodeIgniter\Debug\Exceptions->errorHandler(2, 'Trying to access array offset on value of type null', '/var/www/eazyhosting.in/public_html/applications/BUYER/Controllers/BiddingCenter.php', 51)
 2 SYSTEMPATH/CodeIgniter.php(941): Applications\BUYER\Controllers\BiddingCenter->index('1')
 3 SYSTEMPATH/CodeIgniter.php(502): CodeIgniter\CodeIgniter->runController(Object(Applications\BUYER\Controllers\BiddingCenter))
 4 SYSTEMPATH/CodeIgniter.php(361): CodeIgniter\CodeIgniter->handleRequest(null, Object(Config\Cache), false)
 5 FCPATH/index.php(80): CodeIgniter\CodeIgniter->run()
CRITICAL - 2024-09-26 15:33:37 --> ErrorException: Trying to access array offset on value of type null
in FCPATH/applications/BUYER/Controllers/BiddingCenter.php on line 51.
 1 FCPATH/applications/BUYER/Controllers/BiddingCenter.php(51): CodeIgniter\Debug\Exceptions->errorHandler(2, 'Trying to access array offset on value of type null', '/var/www/eazyhosting.in/public_html/applications/BUYER/Controllers/BiddingCenter.php', 51)
 2 SYSTEMPATH/CodeIgniter.php(941): Applications\BUYER\Controllers\BiddingCenter->index('1')
 3 SYSTEMPATH/CodeIgniter.php(502): CodeIgniter\CodeIgniter->runController(Object(Applications\BUYER\Controllers\BiddingCenter))
 4 SYSTEMPATH/CodeIgniter.php(361): CodeIgniter\CodeIgniter->handleRequest(null, Object(Config\Cache), false)
 5 FCPATH/index.php(80): CodeIgniter\CodeIgniter->run()
CRITICAL - 2024-09-26 15:33:38 --> ErrorException: Trying to access array offset on value of type null
in FCPATH/applications/BUYER/Controllers/BiddingCenter.php on line 51.
 1 FCPATH/applications/BUYER/Controllers/BiddingCenter.php(51): CodeIgniter\Debug\Exceptions->errorHandler(2, 'Trying to access array offset on value of type null', '/var/www/eazyhosting.in/public_html/applications/BUYER/Controllers/BiddingCenter.php', 51)
 2 SYSTEMPATH/CodeIgniter.php(941): Applications\BUYER\Controllers\BiddingCenter->index('1')
 3 SYSTEMPATH/CodeIgniter.php(502): CodeIgniter\CodeIgniter->runController(Object(Applications\BUYER\Controllers\BiddingCenter))
 4 SYSTEMPATH/CodeIgniter.php(361): CodeIgniter\CodeIgniter->handleRequest(null, Object(Config\Cache), false)
 5 FCPATH/index.php(80): CodeIgniter\CodeIgniter->run()
CRITICAL - 2024-09-26 15:33:56 --> ErrorException: Trying to access array offset on value of type null
in FCPATH/applications/BUYER/Controllers/BiddingCenter.php on line 51.
 1 FCPATH/applications/BUYER/Controllers/BiddingCenter.php(51): CodeIgniter\Debug\Exceptions->errorHandler(2, 'Trying to access array offset on value of type null', '/var/www/eazyhosting.in/public_html/applications/BUYER/Controllers/BiddingCenter.php', 51)
 2 SYSTEMPATH/CodeIgniter.php(941): Applications\BUYER\Controllers\BiddingCenter->index('1')
 3 SYSTEMPATH/CodeIgniter.php(502): CodeIgniter\CodeIgniter->runController(Object(Applications\BUYER\Controllers\BiddingCenter))
 4 SYSTEMPATH/CodeIgniter.php(361): CodeIgniter\CodeIgniter->handleRequest(null, Object(Config\Cache), false)
 5 FCPATH/index.php(80): CodeIgniter\CodeIgniter->run()
CRITICAL - 2024-09-26 15:34:00 --> ErrorException: Trying to access array offset on value of type null
in FCPATH/applications/BUYER/Controllers/BiddingCenter.php on line 51.
 1 FCPATH/applications/BUYER/Controllers/BiddingCenter.php(51): CodeIgniter\Debug\Exceptions->errorHandler(2, 'Trying to access array offset on value of type null', '/var/www/eazyhosting.in/public_html/applications/BUYER/Controllers/BiddingCenter.php', 51)
 2 SYSTEMPATH/CodeIgniter.php(941): Applications\BUYER\Controllers\BiddingCenter->index('1')
 3 SYSTEMPATH/CodeIgniter.php(502): CodeIgniter\CodeIgniter->runController(Object(Applications\BUYER\Controllers\BiddingCenter))
 4 SYSTEMPATH/CodeIgniter.php(361): CodeIgniter\CodeIgniter->handleRequest(null, Object(Config\Cache), false)
 5 FCPATH/index.php(80): CodeIgniter\CodeIgniter->run()
CRITICAL - 2024-09-26 15:34:01 --> ErrorException: Trying to access array offset on value of type null
in FCPATH/applications/BUYER/Controllers/BiddingCenter.php on line 51.
 1 FCPATH/applications/BUYER/Controllers/BiddingCenter.php(51): CodeIgniter\Debug\Exceptions->errorHandler(2, 'Trying to access array offset on value of type null', '/var/www/eazyhosting.in/public_html/applications/BUYER/Controllers/BiddingCenter.php', 51)
 2 SYSTEMPATH/CodeIgniter.php(941): Applications\BUYER\Controllers\BiddingCenter->index('1')
 3 SYSTEMPATH/CodeIgniter.php(502): CodeIgniter\CodeIgniter->runController(Object(Applications\BUYER\Controllers\BiddingCenter))
 4 SYSTEMPATH/CodeIgniter.php(361): CodeIgniter\CodeIgniter->handleRequest(null, Object(Config\Cache), false)
 5 FCPATH/index.php(80): CodeIgniter\CodeIgniter->run()
CRITICAL - 2024-09-26 15:34:01 --> ErrorException: Trying to access array offset on value of type null
in FCPATH/applications/BUYER/Controllers/BiddingCenter.php on line 51.
 1 FCPATH/applications/BUYER/Controllers/BiddingCenter.php(51): CodeIgniter\Debug\Exceptions->errorHandler(2, 'Trying to access array offset on value of type null', '/var/www/eazyhosting.in/public_html/applications/BUYER/Controllers/BiddingCenter.php', 51)
 2 SYSTEMPATH/CodeIgniter.php(941): Applications\BUYER\Controllers\BiddingCenter->index('1')
 3 SYSTEMPATH/CodeIgniter.php(502): CodeIgniter\CodeIgniter->runController(Object(Applications\BUYER\Controllers\BiddingCenter))
 4 SYSTEMPATH/CodeIgniter.php(361): CodeIgniter\CodeIgniter->handleRequest(null, Object(Config\Cache), false)
 5 FCPATH/index.php(80): CodeIgniter\CodeIgniter->run()
CRITICAL - 2024-09-26 15:34:01 --> ErrorException: Trying to access array offset on value of type null
in FCPATH/applications/BUYER/Controllers/BiddingCenter.php on line 51.
 1 FCPATH/applications/BUYER/Controllers/BiddingCenter.php(51): CodeIgniter\Debug\Exceptions->errorHandler(2, 'Trying to access array offset on value of type null', '/var/www/eazyhosting.in/public_html/applications/BUYER/Controllers/BiddingCenter.php', 51)
 2 SYSTEMPATH/CodeIgniter.php(941): Applications\BUYER\Controllers\BiddingCenter->index('1')
 3 SYSTEMPATH/CodeIgniter.php(502): CodeIgniter\CodeIgniter->runController(Object(Applications\BUYER\Controllers\BiddingCenter))
 4 SYSTEMPATH/CodeIgniter.php(361): CodeIgniter\CodeIgniter->handleRequest(null, Object(Config\Cache), false)
 5 FCPATH/index.php(80): CodeIgniter\CodeIgniter->run()
CRITICAL - 2024-09-26 15:34:02 --> ErrorException: Trying to access array offset on value of type null
in FCPATH/applications/BUYER/Controllers/BiddingCenter.php on line 51.
 1 FCPATH/applications/BUYER/Controllers/BiddingCenter.php(51): CodeIgniter\Debug\Exceptions->errorHandler(2, 'Trying to access array offset on value of type null', '/var/www/eazyhosting.in/public_html/applications/BUYER/Controllers/BiddingCenter.php', 51)
 2 SYSTEMPATH/CodeIgniter.php(941): Applications\BUYER\Controllers\BiddingCenter->index('1')
 3 SYSTEMPATH/CodeIgniter.php(502): CodeIgniter\CodeIgniter->runController(Object(Applications\BUYER\Controllers\BiddingCenter))
 4 SYSTEMPATH/CodeIgniter.php(361): CodeIgniter\CodeIgniter->handleRequest(null, Object(Config\Cache), false)
 5 FCPATH/index.php(80): CodeIgniter\CodeIgniter->run()
CRITICAL - 2024-09-26 15:34:02 --> ErrorException: Trying to access array offset on value of type null
in FCPATH/applications/BUYER/Controllers/BiddingCenter.php on line 51.
 1 FCPATH/applications/BUYER/Controllers/BiddingCenter.php(51): CodeIgniter\Debug\Exceptions->errorHandler(2, 'Trying to access array offset on value of type null', '/var/www/eazyhosting.in/public_html/applications/BUYER/Controllers/BiddingCenter.php', 51)
 2 SYSTEMPATH/CodeIgniter.php(941): Applications\BUYER\Controllers\BiddingCenter->index('1')
 3 SYSTEMPATH/CodeIgniter.php(502): CodeIgniter\CodeIgniter->runController(Object(Applications\BUYER\Controllers\BiddingCenter))
 4 SYSTEMPATH/CodeIgniter.php(361): CodeIgniter\CodeIgniter->handleRequest(null, Object(Config\Cache), false)
 5 FCPATH/index.php(80): CodeIgniter\CodeIgniter->run()
CRITICAL - 2024-09-26 15:34:02 --> ErrorException: Trying to access array offset on value of type null
in FCPATH/applications/BUYER/Controllers/BiddingCenter.php on line 51.
 1 FCPATH/applications/BUYER/Controllers/BiddingCenter.php(51): CodeIgniter\Debug\Exceptions->errorHandler(2, 'Trying to access array offset on value of type null', '/var/www/eazyhosting.in/public_html/applications/BUYER/Controllers/BiddingCenter.php', 51)
 2 SYSTEMPATH/CodeIgniter.php(941): Applications\BUYER\Controllers\BiddingCenter->index('1')
 3 SYSTEMPATH/CodeIgniter.php(502): CodeIgniter\CodeIgniter->runController(Object(Applications\BUYER\Controllers\BiddingCenter))
 4 SYSTEMPATH/CodeIgniter.php(361): CodeIgniter\CodeIgniter->handleRequest(null, Object(Config\Cache), false)
 5 FCPATH/index.php(80): CodeIgniter\CodeIgniter->run()
CRITICAL - 2024-09-26 15:34:02 --> ErrorException: Trying to access array offset on value of type null
in FCPATH/applications/BUYER/Controllers/BiddingCenter.php on line 51.
 1 FCPATH/applications/BUYER/Controllers/BiddingCenter.php(51): CodeIgniter\Debug\Exceptions->errorHandler(2, 'Trying to access array offset on value of type null', '/var/www/eazyhosting.in/public_html/applications/BUYER/Controllers/BiddingCenter.php', 51)
 2 SYSTEMPATH/CodeIgniter.php(941): Applications\BUYER\Controllers\BiddingCenter->index('1')
 3 SYSTEMPATH/CodeIgniter.php(502): CodeIgniter\CodeIgniter->runController(Object(Applications\BUYER\Controllers\BiddingCenter))
 4 SYSTEMPATH/CodeIgniter.php(361): CodeIgniter\CodeIgniter->handleRequest(null, Object(Config\Cache), false)
 5 FCPATH/index.php(80): CodeIgniter\CodeIgniter->run()
CRITICAL - 2024-09-26 15:34:02 --> ErrorException: Trying to access array offset on value of type null
in FCPATH/applications/BUYER/Controllers/BiddingCenter.php on line 51.
 1 FCPATH/applications/BUYER/Controllers/BiddingCenter.php(51): CodeIgniter\Debug\Exceptions->errorHandler(2, 'Trying to access array offset on value of type null', '/var/www/eazyhosting.in/public_html/applications/BUYER/Controllers/BiddingCenter.php', 51)
 2 SYSTEMPATH/CodeIgniter.php(941): Applications\BUYER\Controllers\BiddingCenter->index('1')
 3 SYSTEMPATH/CodeIgniter.php(502): CodeIgniter\CodeIgniter->runController(Object(Applications\BUYER\Controllers\BiddingCenter))
 4 SYSTEMPATH/CodeIgniter.php(361): CodeIgniter\CodeIgniter->handleRequest(null, Object(Config\Cache), false)
 5 FCPATH/index.php(80): CodeIgniter\CodeIgniter->run()
CRITICAL - 2024-09-26 15:34:18 --> ErrorException: Trying to access array offset on value of type null
in FCPATH/applications/BUYER/Controllers/BiddingCenter.php on line 51.
 1 FCPATH/applications/BUYER/Controllers/BiddingCenter.php(51): CodeIgniter\Debug\Exceptions->errorHandler(2, 'Trying to access array offset on value of type null', '/var/www/eazyhosting.in/public_html/applications/BUYER/Controllers/BiddingCenter.php', 51)
 2 SYSTEMPATH/CodeIgniter.php(941): Applications\BUYER\Controllers\BiddingCenter->index('1')
 3 SYSTEMPATH/CodeIgniter.php(502): CodeIgniter\CodeIgniter->runController(Object(Applications\BUYER\Controllers\BiddingCenter))
 4 SYSTEMPATH/CodeIgniter.php(361): CodeIgniter\CodeIgniter->handleRequest(null, Object(Config\Cache), false)
 5 FCPATH/index.php(80): CodeIgniter\CodeIgniter->run()
CRITICAL - 2024-09-26 15:34:20 --> ErrorException: Trying to access array offset on value of type null
in FCPATH/applications/BUYER/Controllers/BiddingCenter.php on line 51.
 1 FCPATH/applications/BUYER/Controllers/BiddingCenter.php(51): CodeIgniter\Debug\Exceptions->errorHandler(2, 'Trying to access array offset on value of type null', '/var/www/eazyhosting.in/public_html/applications/BUYER/Controllers/BiddingCenter.php', 51)
 2 SYSTEMPATH/CodeIgniter.php(941): Applications\BUYER\Controllers\BiddingCenter->index('1')
 3 SYSTEMPATH/CodeIgniter.php(502): CodeIgniter\CodeIgniter->runController(Object(Applications\BUYER\Controllers\BiddingCenter))
 4 SYSTEMPATH/CodeIgniter.php(361): CodeIgniter\CodeIgniter->handleRequest(null, Object(Config\Cache), false)
 5 FCPATH/index.php(80): CodeIgniter\CodeIgniter->run()
CRITICAL - 2024-09-26 15:34:20 --> ErrorException: Trying to access array offset on value of type null
in FCPATH/applications/BUYER/Controllers/BiddingCenter.php on line 51.
 1 FCPATH/applications/BUYER/Controllers/BiddingCenter.php(51): CodeIgniter\Debug\Exceptions->errorHandler(2, 'Trying to access array offset on value of type null', '/var/www/eazyhosting.in/public_html/applications/BUYER/Controllers/BiddingCenter.php', 51)
 2 SYSTEMPATH/CodeIgniter.php(941): Applications\BUYER\Controllers\BiddingCenter->index('1')
 3 SYSTEMPATH/CodeIgniter.php(502): CodeIgniter\CodeIgniter->runController(Object(Applications\BUYER\Controllers\BiddingCenter))
 4 SYSTEMPATH/CodeIgniter.php(361): CodeIgniter\CodeIgniter->handleRequest(null, Object(Config\Cache), false)
 5 FCPATH/index.php(80): CodeIgniter\CodeIgniter->run()
CRITICAL - 2024-09-26 15:34:20 --> ErrorException: Trying to access array offset on value of type null
in FCPATH/applications/BUYER/Controllers/BiddingCenter.php on line 51.
 1 FCPATH/applications/BUYER/Controllers/BiddingCenter.php(51): CodeIgniter\Debug\Exceptions->errorHandler(2, 'Trying to access array offset on value of type null', '/var/www/eazyhosting.in/public_html/applications/BUYER/Controllers/BiddingCenter.php', 51)
 2 SYSTEMPATH/CodeIgniter.php(941): Applications\BUYER\Controllers\BiddingCenter->index('1')
 3 SYSTEMPATH/CodeIgniter.php(502): CodeIgniter\CodeIgniter->runController(Object(Applications\BUYER\Controllers\BiddingCenter))
 4 SYSTEMPATH/CodeIgniter.php(361): CodeIgniter\CodeIgniter->handleRequest(null, Object(Config\Cache), false)
 5 FCPATH/index.php(80): CodeIgniter\CodeIgniter->run()
CRITICAL - 2024-09-26 15:35:46 --> ErrorException: Trying to access array offset on value of type null
in FCPATH/applications/BUYER/Controllers/BiddingCenter.php on line 76.
 1 FCPATH/applications/BUYER/Controllers/BiddingCenter.php(76): CodeIgniter\Debug\Exceptions->errorHandler(2, 'Trying to access array offset on value of type null', '/var/www/eazyhosting.in/public_html/applications/BUYER/Controllers/BiddingCenter.php', 76)
 2 SYSTEMPATH/CodeIgniter.php(941): Applications\BUYER\Controllers\BiddingCenter->index('1')
 3 SYSTEMPATH/CodeIgniter.php(502): CodeIgniter\CodeIgniter->runController(Object(Applications\BUYER\Controllers\BiddingCenter))
 4 SYSTEMPATH/CodeIgniter.php(361): CodeIgniter\CodeIgniter->handleRequest(null, Object(Config\Cache), false)
 5 FCPATH/index.php(80): CodeIgniter\CodeIgniter->run()
CRITICAL - 2024-09-26 15:35:46 --> ErrorException: Trying to access array offset on value of type null
in FCPATH/applications/BUYER/Controllers/BiddingCenter.php on line 76.
 1 FCPATH/applications/BUYER/Controllers/BiddingCenter.php(76): CodeIgniter\Debug\Exceptions->errorHandler(2, 'Trying to access array offset on value of type null', '/var/www/eazyhosting.in/public_html/applications/BUYER/Controllers/BiddingCenter.php', 76)
 2 SYSTEMPATH/CodeIgniter.php(941): Applications\BUYER\Controllers\BiddingCenter->index('1')
 3 SYSTEMPATH/CodeIgniter.php(502): CodeIgniter\CodeIgniter->runController(Object(Applications\BUYER\Controllers\BiddingCenter))
 4 SYSTEMPATH/CodeIgniter.php(361): CodeIgniter\CodeIgniter->handleRequest(null, Object(Config\Cache), false)
 5 FCPATH/index.php(80): CodeIgniter\CodeIgniter->run()
CRITICAL - 2024-09-26 15:35:46 --> ErrorException: Trying to access array offset on value of type null
in FCPATH/applications/BUYER/Controllers/BiddingCenter.php on line 76.
 1 FCPATH/applications/BUYER/Controllers/BiddingCenter.php(76): CodeIgniter\Debug\Exceptions->errorHandler(2, 'Trying to access array offset on value of type null', '/var/www/eazyhosting.in/public_html/applications/BUYER/Controllers/BiddingCenter.php', 76)
 2 SYSTEMPATH/CodeIgniter.php(941): Applications\BUYER\Controllers\BiddingCenter->index('1')
 3 SYSTEMPATH/CodeIgniter.php(502): CodeIgniter\CodeIgniter->runController(Object(Applications\BUYER\Controllers\BiddingCenter))
 4 SYSTEMPATH/CodeIgniter.php(361): CodeIgniter\CodeIgniter->handleRequest(null, Object(Config\Cache), false)
 5 FCPATH/index.php(80): CodeIgniter\CodeIgniter->run()
CRITICAL - 2024-09-26 15:35:46 --> ErrorException: Trying to access array offset on value of type null
in FCPATH/applications/BUYER/Controllers/BiddingCenter.php on line 76.
 1 FCPATH/applications/BUYER/Controllers/BiddingCenter.php(76): CodeIgniter\Debug\Exceptions->errorHandler(2, 'Trying to access array offset on value of type null', '/var/www/eazyhosting.in/public_html/applications/BUYER/Controllers/BiddingCenter.php', 76)
 2 SYSTEMPATH/CodeIgniter.php(941): Applications\BUYER\Controllers\BiddingCenter->index('1')
 3 SYSTEMPATH/CodeIgniter.php(502): CodeIgniter\CodeIgniter->runController(Object(Applications\BUYER\Controllers\BiddingCenter))
 4 SYSTEMPATH/CodeIgniter.php(361): CodeIgniter\CodeIgniter->handleRequest(null, Object(Config\Cache), false)
 5 FCPATH/index.php(80): CodeIgniter\CodeIgniter->run()
CRITICAL - 2024-09-26 15:35:46 --> ErrorException: Trying to access array offset on value of type null
in FCPATH/applications/BUYER/Controllers/BiddingCenter.php on line 76.
 1 FCPATH/applications/BUYER/Controllers/BiddingCenter.php(76): CodeIgniter\Debug\Exceptions->errorHandler(2, 'Trying to access array offset on value of type null', '/var/www/eazyhosting.in/public_html/applications/BUYER/Controllers/BiddingCenter.php', 76)
 2 SYSTEMPATH/CodeIgniter.php(941): Applications\BUYER\Controllers\BiddingCenter->index('1')
 3 SYSTEMPATH/CodeIgniter.php(502): CodeIgniter\CodeIgniter->runController(Object(Applications\BUYER\Controllers\BiddingCenter))
 4 SYSTEMPATH/CodeIgniter.php(361): CodeIgniter\CodeIgniter->handleRequest(null, Object(Config\Cache), false)
 5 FCPATH/index.php(80): CodeIgniter\CodeIgniter->run()
CRITICAL - 2024-09-26 15:35:56 --> ErrorException: Trying to access array offset on value of type null
in FCPATH/applications/BUYER/Controllers/BiddingCenter.php on line 76.
 1 FCPATH/applications/BUYER/Controllers/BiddingCenter.php(76): CodeIgniter\Debug\Exceptions->errorHandler(2, 'Trying to access array offset on value of type null', '/var/www/eazyhosting.in/public_html/applications/BUYER/Controllers/BiddingCenter.php', 76)
 2 SYSTEMPATH/CodeIgniter.php(941): Applications\BUYER\Controllers\BiddingCenter->index('1')
 3 SYSTEMPATH/CodeIgniter.php(502): CodeIgniter\CodeIgniter->runController(Object(Applications\BUYER\Controllers\BiddingCenter))
 4 SYSTEMPATH/CodeIgniter.php(361): CodeIgniter\CodeIgniter->handleRequest(null, Object(Config\Cache), false)
 5 FCPATH/index.php(80): CodeIgniter\CodeIgniter->run()
