CRITICAL - 2024-03-15 10:32:08 --> ErrorException: Trying to access array offset on value of type null
in FCPATH\applications\USER\Controllers\Center.php on line 274.
 1 FCPATH\applications\USER\Controllers\Center.php(274): CodeIgniter\Debug\Exceptions->errorHandler(2, 'Trying to access array offset on value of type null', 'F:\\xampp\\htdocs\\oams_staging\\frontend\\applications\\USER\\Controllers\\Center.php', 274)
 2 SYSTEMPATH\CodeIgniter.php(941): Applications\USER\Controllers\Center->AssignGarden()
 3 SYSTEMPATH\CodeIgniter.php(502): CodeIgniter\CodeIgniter->runController(Object(Applications\USER\Controllers\Center))
 4 SYSTEMPATH\CodeIgniter.php(361): CodeIgniter\CodeIgniter->handleRequest(null, Object(Config\Cache), false)
 5 FCPATH\index.php(80): CodeIgniter\CodeIgniter->run()
CRITICAL - 2024-03-15 10:32:25 --> ErrorException: Trying to access array offset on value of type null
in FCPATH\applications\USER\Controllers\Center.php on line 274.
 1 FCPATH\applications\USER\Controllers\Center.php(274): CodeIgniter\Debug\Exceptions->errorHandler(2, 'Trying to access array offset on value of type null', 'F:\\xampp\\htdocs\\oams_staging\\frontend\\applications\\USER\\Controllers\\Center.php', 274)
 2 SYSTEMPATH\CodeIgniter.php(941): Applications\USER\Controllers\Center->AssignGarden()
 3 SYSTEMPATH\CodeIgniter.php(502): CodeIgniter\CodeIgniter->runController(Object(Applications\USER\Controllers\Center))
 4 SYSTEMPATH\CodeIgniter.php(361): CodeIgniter\CodeIgniter->handleRequest(null, Object(Config\Cache), false)
 5 FCPATH\index.php(80): CodeIgniter\CodeIgniter->run()
CRITICAL - 2024-03-15 11:09:11 --> ErrorException: Trying to access array offset on value of type null
in FCPATH\applications\USER\Controllers\Center.php on line 274.
 1 FCPATH\applications\USER\Controllers\Center.php(274): CodeIgniter\Debug\Exceptions->errorHandler(2, 'Trying to access array offset on value of type null', 'F:\\xampp\\htdocs\\oams_staging\\frontend\\applications\\USER\\Controllers\\Center.php', 274)
 2 SYSTEMPATH\CodeIgniter.php(941): Applications\USER\Controllers\Center->AssignGarden()
 3 SYSTEMPATH\CodeIgniter.php(502): CodeIgniter\CodeIgniter->runController(Object(Applications\USER\Controllers\Center))
 4 SYSTEMPATH\CodeIgniter.php(361): CodeIgniter\CodeIgniter->handleRequest(null, Object(Config\Cache), false)
 5 FCPATH\index.php(80): CodeIgniter\CodeIgniter->run()
CRITICAL - 2024-03-15 11:11:51 --> ErrorException: Trying to access array offset on value of type null
in FCPATH\applications\USER\Controllers\Center.php on line 274.
 1 FCPATH\applications\USER\Controllers\Center.php(274): CodeIgniter\Debug\Exceptions->errorHandler(2, 'Trying to access array offset on value of type null', 'F:\\xampp\\htdocs\\oams_staging\\frontend\\applications\\USER\\Controllers\\Center.php', 274)
 2 SYSTEMPATH\CodeIgniter.php(941): Applications\USER\Controllers\Center->AssignGarden()
 3 SYSTEMPATH\CodeIgniter.php(502): CodeIgniter\CodeIgniter->runController(Object(Applications\USER\Controllers\Center))
 4 SYSTEMPATH\CodeIgniter.php(361): CodeIgniter\CodeIgniter->handleRequest(null, Object(Config\Cache), false)
 5 FCPATH\index.php(80): CodeIgniter\CodeIgniter->run()
CRITICAL - 2024-03-15 11:13:17 --> ErrorException: Trying to access array offset on value of type null
in FCPATH\applications\USER\Controllers\Center.php on line 274.
 1 FCPATH\applications\USER\Controllers\Center.php(274): CodeIgniter\Debug\Exceptions->errorHandler(2, 'Trying to access array offset on value of type null', 'F:\\xampp\\htdocs\\oams_staging\\frontend\\applications\\USER\\Controllers\\Center.php', 274)
 2 SYSTEMPATH\CodeIgniter.php(941): Applications\USER\Controllers\Center->AssignGarden()
 3 SYSTEMPATH\CodeIgniter.php(502): CodeIgniter\CodeIgniter->runController(Object(Applications\USER\Controllers\Center))
 4 SYSTEMPATH\CodeIgniter.php(361): CodeIgniter\CodeIgniter->handleRequest(null, Object(Config\Cache), false)
 5 FCPATH\index.php(80): CodeIgniter\CodeIgniter->run()
CRITICAL - 2024-03-15 11:18:05 --> ErrorException: Undefined array key "garden"
in FCPATH\applications\USER\Controllers\Center.php on line 276.
 1 FCPATH\applications\USER\Controllers\Center.php(276): CodeIgniter\Debug\Exceptions->errorHandler(2, 'Undefined array key "garden"', 'F:\\xampp\\htdocs\\oams_staging\\frontend\\applications\\USER\\Controllers\\Center.php', 276)
 2 SYSTEMPATH\CodeIgniter.php(941): Applications\USER\Controllers\Center->AssignGarden()
 3 SYSTEMPATH\CodeIgniter.php(502): CodeIgniter\CodeIgniter->runController(Object(Applications\USER\Controllers\Center))
 4 SYSTEMPATH\CodeIgniter.php(361): CodeIgniter\CodeIgniter->handleRequest(null, Object(Config\Cache), false)
 5 FCPATH\index.php(80): CodeIgniter\CodeIgniter->run()
CRITICAL - 2024-03-15 11:18:39 --> ErrorException: Undefined array key "name"
in FCPATH\applications\USER\Views\Center\assignGarden.php on line 39.
 1 FCPATH\applications\USER\Views\Center\assignGarden.php(39): CodeIgniter\Debug\Exceptions->errorHandler(2, 'Undefined array key "name"', 'F:\\xampp\\htdocs\\oams_staging\\frontend\\applications\\USER\\Views\\Center\\assignGarden.php', 39)
 2 SYSTEMPATH\View\View.php(228): include('F:\\xampp\\htdocs\\oams_staging\\frontend\\applications\\USER\\Views\\Center\\assignGarden.php')
 3 SYSTEMPATH\View\View.php(231): CodeIgniter\View\View->CodeIgniter\View\{closure}()
 4 SYSTEMPATH\Common.php(1178): CodeIgniter\View\View->render('Applications\\USER\\Views\\Center\\assignGarden', [], true)
 5 FCPATH\applications\USER\Controllers\Center.php(275): view('Applications\\USER\\Views\\Center\\assignGarden', [...])
 6 SYSTEMPATH\CodeIgniter.php(941): Applications\USER\Controllers\Center->AssignGarden()
 7 SYSTEMPATH\CodeIgniter.php(502): CodeIgniter\CodeIgniter->runController(Object(Applications\USER\Controllers\Center))
 8 SYSTEMPATH\CodeIgniter.php(361): CodeIgniter\CodeIgniter->handleRequest(null, Object(Config\Cache), false)
 9 FCPATH\index.php(80): CodeIgniter\CodeIgniter->run()
CRITICAL - 2024-03-15 11:18:46 --> ErrorException: Undefined array key "name"
in FCPATH\applications\USER\Views\Center\assignGarden.php on line 39.
 1 FCPATH\applications\USER\Views\Center\assignGarden.php(39): CodeIgniter\Debug\Exceptions->errorHandler(2, 'Undefined array key "name"', 'F:\\xampp\\htdocs\\oams_staging\\frontend\\applications\\USER\\Views\\Center\\assignGarden.php', 39)
 2 SYSTEMPATH\View\View.php(228): include('F:\\xampp\\htdocs\\oams_staging\\frontend\\applications\\USER\\Views\\Center\\assignGarden.php')
 3 SYSTEMPATH\View\View.php(231): CodeIgniter\View\View->CodeIgniter\View\{closure}()
 4 SYSTEMPATH\Common.php(1178): CodeIgniter\View\View->render('Applications\\USER\\Views\\Center\\assignGarden', [], true)
 5 FCPATH\applications\USER\Controllers\Center.php(275): view('Applications\\USER\\Views\\Center\\assignGarden', [...])
 6 SYSTEMPATH\CodeIgniter.php(941): Applications\USER\Controllers\Center->AssignGarden()
 7 SYSTEMPATH\CodeIgniter.php(502): CodeIgniter\CodeIgniter->runController(Object(Applications\USER\Controllers\Center))
 8 SYSTEMPATH\CodeIgniter.php(361): CodeIgniter\CodeIgniter->handleRequest(null, Object(Config\Cache), false)
 9 FCPATH\index.php(80): CodeIgniter\CodeIgniter->run()
