CRITICAL - 2024-03-12 04:59:05 --> Error: Call to undefined function array_column_recursive()
in FCPATH/applications/USER/Views/sidebar.php on line 23.
 1 SYSTEMPATH/View/View.php(228): include()
 2 SYSTEMPATH/View/View.php(231): CodeIgniter\View\View->CodeIgniter\View\{closure}()
 3 SYSTEMPATH/Common.php(1178): CodeIgniter\View\View->render()
 4 FCPATH/applications/USER/Controllers/SoldStock.php(23): view()
 5 SYSTEMPATH/CodeIgniter.php(941): Applications\USER\Controllers\SoldStock->index()
 6 SYSTEMPATH/CodeIgniter.php(502): CodeIgniter\CodeIgniter->runController()
 7 SYSTEMPATH/CodeIgniter.php(361): CodeIgniter\CodeIgniter->handleRequest()
 8 FCPATH/index.php(80): CodeIgniter\CodeIgniter->run()
CRITICAL - 2024-03-12 06:09:38 --> Error: Call to undefined function array_column_recursive()
in FCPATH/applications/USER/Views/sidebar.php on line 23.
 1 SYSTEMPATH/View/View.php(228): include()
 2 SYSTEMPATH/View/View.php(231): CodeIgniter\View\View->CodeIgniter\View\{closure}()
 3 SYSTEMPATH/Common.php(1178): CodeIgniter\View\View->render()
 4 FCPATH/applications/USER/Controllers/Settings.php(23): view()
 5 SYSTEMPATH/CodeIgniter.php(941): Applications\USER\Controllers\Settings->index()
 6 SYSTEMPATH/CodeIgniter.php(502): CodeIgniter\CodeIgniter->runController()
 7 SYSTEMPATH/CodeIgniter.php(361): CodeIgniter\CodeIgniter->handleRequest()
 8 FCPATH/index.php(80): CodeIgniter\CodeIgniter->run()
CRITICAL - 2024-03-12 06:43:17 --> ErrorException: Undefined variable $value
in FCPATH/applications/USER/Views/Area/index.php on line 106.
 1 FCPATH/applications/USER/Views/Area/index.php(106): CodeIgniter\Debug\Exceptions->errorHandler()
 2 SYSTEMPATH/View/View.php(228): include('/home/u553659265/domains/itechnocorp.com/public_html/oams/applications/USER/Views/Area/index.php')
 3 SYSTEMPATH/View/View.php(231): CodeIgniter\View\View->CodeIgniter\View\{closure}()
 4 SYSTEMPATH/Common.php(1178): CodeIgniter\View\View->render()
 5 FCPATH/applications/USER/Controllers/Area.php(54): view()
 6 SYSTEMPATH/CodeIgniter.php(941): Applications\USER\Controllers\Area->index()
 7 SYSTEMPATH/CodeIgniter.php(502): CodeIgniter\CodeIgniter->runController()
 8 SYSTEMPATH/CodeIgniter.php(361): CodeIgniter\CodeIgniter->handleRequest()
 9 FCPATH/index.php(80): CodeIgniter\CodeIgniter->run()
CRITICAL - 2024-03-12 06:43:42 --> ErrorException: Undefined variable $value
in FCPATH/applications/USER/Views/Area/index.php on line 106.
 1 FCPATH/applications/USER/Views/Area/index.php(106): CodeIgniter\Debug\Exceptions->errorHandler()
 2 SYSTEMPATH/View/View.php(228): include('/home/u553659265/domains/itechnocorp.com/public_html/oams/applications/USER/Views/Area/index.php')
 3 SYSTEMPATH/View/View.php(231): CodeIgniter\View\View->CodeIgniter\View\{closure}()
 4 SYSTEMPATH/Common.php(1178): CodeIgniter\View\View->render()
 5 FCPATH/applications/USER/Controllers/Area.php(54): view()
 6 SYSTEMPATH/CodeIgniter.php(941): Applications\USER\Controllers\Area->index()
 7 SYSTEMPATH/CodeIgniter.php(502): CodeIgniter\CodeIgniter->runController()
 8 SYSTEMPATH/CodeIgniter.php(361): CodeIgniter\CodeIgniter->handleRequest()
 9 FCPATH/index.php(80): CodeIgniter\CodeIgniter->run()
CRITICAL - 2024-03-12 06:43:43 --> ErrorException: Undefined variable $value
in FCPATH/applications/USER/Views/Area/index.php on line 106.
 1 FCPATH/applications/USER/Views/Area/index.php(106): CodeIgniter\Debug\Exceptions->errorHandler()
 2 SYSTEMPATH/View/View.php(228): include('/home/u553659265/domains/itechnocorp.com/public_html/oams/applications/USER/Views/Area/index.php')
 3 SYSTEMPATH/View/View.php(231): CodeIgniter\View\View->CodeIgniter\View\{closure}()
 4 SYSTEMPATH/Common.php(1178): CodeIgniter\View\View->render()
 5 FCPATH/applications/USER/Controllers/Area.php(54): view()
 6 SYSTEMPATH/CodeIgniter.php(941): Applications\USER\Controllers\Area->index()
 7 SYSTEMPATH/CodeIgniter.php(502): CodeIgniter\CodeIgniter->runController()
 8 SYSTEMPATH/CodeIgniter.php(361): CodeIgniter\CodeIgniter->handleRequest()
 9 FCPATH/index.php(80): CodeIgniter\CodeIgniter->run()
CRITICAL - 2024-03-12 06:43:44 --> ErrorException: Undefined variable $value
in FCPATH/applications/USER/Views/Area/index.php on line 106.
 1 FCPATH/applications/USER/Views/Area/index.php(106): CodeIgniter\Debug\Exceptions->errorHandler()
 2 SYSTEMPATH/View/View.php(228): include('/home/u553659265/domains/itechnocorp.com/public_html/oams/applications/USER/Views/Area/index.php')
 3 SYSTEMPATH/View/View.php(231): CodeIgniter\View\View->CodeIgniter\View\{closure}()
 4 SYSTEMPATH/Common.php(1178): CodeIgniter\View\View->render()
 5 FCPATH/applications/USER/Controllers/Area.php(54): view()
 6 SYSTEMPATH/CodeIgniter.php(941): Applications\USER\Controllers\Area->index()
 7 SYSTEMPATH/CodeIgniter.php(502): CodeIgniter\CodeIgniter->runController()
 8 SYSTEMPATH/CodeIgniter.php(361): CodeIgniter\CodeIgniter->handleRequest()
 9 FCPATH/index.php(80): CodeIgniter\CodeIgniter->run()
CRITICAL - 2024-03-12 06:43:45 --> ErrorException: Undefined variable $value
in FCPATH/applications/USER/Views/Area/index.php on line 106.
 1 FCPATH/applications/USER/Views/Area/index.php(106): CodeIgniter\Debug\Exceptions->errorHandler()
 2 SYSTEMPATH/View/View.php(228): include('/home/u553659265/domains/itechnocorp.com/public_html/oams/applications/USER/Views/Area/index.php')
 3 SYSTEMPATH/View/View.php(231): CodeIgniter\View\View->CodeIgniter\View\{closure}()
 4 SYSTEMPATH/Common.php(1178): CodeIgniter\View\View->render()
 5 FCPATH/applications/USER/Controllers/Area.php(54): view()
 6 SYSTEMPATH/CodeIgniter.php(941): Applications\USER\Controllers\Area->index()
 7 SYSTEMPATH/CodeIgniter.php(502): CodeIgniter\CodeIgniter->runController()
 8 SYSTEMPATH/CodeIgniter.php(361): CodeIgniter\CodeIgniter->handleRequest()
 9 FCPATH/index.php(80): CodeIgniter\CodeIgniter->run()
CRITICAL - 2024-03-12 06:43:45 --> ErrorException: Undefined variable $value
in FCPATH/applications/USER/Views/Area/index.php on line 106.
 1 FCPATH/applications/USER/Views/Area/index.php(106): CodeIgniter\Debug\Exceptions->errorHandler()
 2 SYSTEMPATH/View/View.php(228): include('/home/u553659265/domains/itechnocorp.com/public_html/oams/applications/USER/Views/Area/index.php')
 3 SYSTEMPATH/View/View.php(231): CodeIgniter\View\View->CodeIgniter\View\{closure}()
 4 SYSTEMPATH/Common.php(1178): CodeIgniter\View\View->render()
 5 FCPATH/applications/USER/Controllers/Area.php(54): view()
 6 SYSTEMPATH/CodeIgniter.php(941): Applications\USER\Controllers\Area->index()
 7 SYSTEMPATH/CodeIgniter.php(502): CodeIgniter\CodeIgniter->runController()
 8 SYSTEMPATH/CodeIgniter.php(361): CodeIgniter\CodeIgniter->handleRequest()
 9 FCPATH/index.php(80): CodeIgniter\CodeIgniter->run()
CRITICAL - 2024-03-12 06:43:45 --> ErrorException: Undefined variable $value
in FCPATH/applications/USER/Views/Area/index.php on line 106.
 1 FCPATH/applications/USER/Views/Area/index.php(106): CodeIgniter\Debug\Exceptions->errorHandler()
 2 SYSTEMPATH/View/View.php(228): include('/home/u553659265/domains/itechnocorp.com/public_html/oams/applications/USER/Views/Area/index.php')
 3 SYSTEMPATH/View/View.php(231): CodeIgniter\View\View->CodeIgniter\View\{closure}()
 4 SYSTEMPATH/Common.php(1178): CodeIgniter\View\View->render()
 5 FCPATH/applications/USER/Controllers/Area.php(54): view()
 6 SYSTEMPATH/CodeIgniter.php(941): Applications\USER\Controllers\Area->index()
 7 SYSTEMPATH/CodeIgniter.php(502): CodeIgniter\CodeIgniter->runController()
 8 SYSTEMPATH/CodeIgniter.php(361): CodeIgniter\CodeIgniter->handleRequest()
 9 FCPATH/index.php(80): CodeIgniter\CodeIgniter->run()
CRITICAL - 2024-03-12 06:43:45 --> ErrorException: Undefined variable $value
in FCPATH/applications/USER/Views/Area/index.php on line 106.
 1 FCPATH/applications/USER/Views/Area/index.php(106): CodeIgniter\Debug\Exceptions->errorHandler()
 2 SYSTEMPATH/View/View.php(228): include('/home/u553659265/domains/itechnocorp.com/public_html/oams/applications/USER/Views/Area/index.php')
 3 SYSTEMPATH/View/View.php(231): CodeIgniter\View\View->CodeIgniter\View\{closure}()
 4 SYSTEMPATH/Common.php(1178): CodeIgniter\View\View->render()
 5 FCPATH/applications/USER/Controllers/Area.php(54): view()
 6 SYSTEMPATH/CodeIgniter.php(941): Applications\USER\Controllers\Area->index()
 7 SYSTEMPATH/CodeIgniter.php(502): CodeIgniter\CodeIgniter->runController()
 8 SYSTEMPATH/CodeIgniter.php(361): CodeIgniter\CodeIgniter->handleRequest()
 9 FCPATH/index.php(80): CodeIgniter\CodeIgniter->run()
CRITICAL - 2024-03-12 06:43:47 --> ErrorException: Undefined variable $value
in FCPATH/applications/USER/Views/Area/index.php on line 106.
 1 FCPATH/applications/USER/Views/Area/index.php(106): CodeIgniter\Debug\Exceptions->errorHandler()
 2 SYSTEMPATH/View/View.php(228): include('/home/u553659265/domains/itechnocorp.com/public_html/oams/applications/USER/Views/Area/index.php')
 3 SYSTEMPATH/View/View.php(231): CodeIgniter\View\View->CodeIgniter\View\{closure}()
 4 SYSTEMPATH/Common.php(1178): CodeIgniter\View\View->render()
 5 FCPATH/applications/USER/Controllers/Area.php(54): view()
 6 SYSTEMPATH/CodeIgniter.php(941): Applications\USER\Controllers\Area->index()
 7 SYSTEMPATH/CodeIgniter.php(502): CodeIgniter\CodeIgniter->runController()
 8 SYSTEMPATH/CodeIgniter.php(361): CodeIgniter\CodeIgniter->handleRequest()
 9 FCPATH/index.php(80): CodeIgniter\CodeIgniter->run()
CRITICAL - 2024-03-12 06:44:05 --> ErrorException: Undefined variable $value
in FCPATH/applications/USER/Views/Area/index.php on line 106.
 1 FCPATH/applications/USER/Views/Area/index.php(106): CodeIgniter\Debug\Exceptions->errorHandler()
 2 SYSTEMPATH/View/View.php(228): include('/home/u553659265/domains/itechnocorp.com/public_html/oams/applications/USER/Views/Area/index.php')
 3 SYSTEMPATH/View/View.php(231): CodeIgniter\View\View->CodeIgniter\View\{closure}()
 4 SYSTEMPATH/Common.php(1178): CodeIgniter\View\View->render()
 5 FCPATH/applications/USER/Controllers/Area.php(54): view()
 6 SYSTEMPATH/CodeIgniter.php(941): Applications\USER\Controllers\Area->index()
 7 SYSTEMPATH/CodeIgniter.php(502): CodeIgniter\CodeIgniter->runController()
 8 SYSTEMPATH/CodeIgniter.php(361): CodeIgniter\CodeIgniter->handleRequest()
 9 FCPATH/index.php(80): CodeIgniter\CodeIgniter->run()
CRITICAL - 2024-03-12 06:44:06 --> ErrorException: Undefined variable $value
in FCPATH/applications/USER/Views/Area/index.php on line 106.
 1 FCPATH/applications/USER/Views/Area/index.php(106): CodeIgniter\Debug\Exceptions->errorHandler()
 2 SYSTEMPATH/View/View.php(228): include('/home/u553659265/domains/itechnocorp.com/public_html/oams/applications/USER/Views/Area/index.php')
 3 SYSTEMPATH/View/View.php(231): CodeIgniter\View\View->CodeIgniter\View\{closure}()
 4 SYSTEMPATH/Common.php(1178): CodeIgniter\View\View->render()
 5 FCPATH/applications/USER/Controllers/Area.php(54): view()
 6 SYSTEMPATH/CodeIgniter.php(941): Applications\USER\Controllers\Area->index()
 7 SYSTEMPATH/CodeIgniter.php(502): CodeIgniter\CodeIgniter->runController()
 8 SYSTEMPATH/CodeIgniter.php(361): CodeIgniter\CodeIgniter->handleRequest()
 9 FCPATH/index.php(80): CodeIgniter\CodeIgniter->run()
CRITICAL - 2024-03-12 06:44:06 --> ErrorException: Undefined variable $value
in FCPATH/applications/USER/Views/Area/index.php on line 106.
 1 FCPATH/applications/USER/Views/Area/index.php(106): CodeIgniter\Debug\Exceptions->errorHandler()
 2 SYSTEMPATH/View/View.php(228): include('/home/u553659265/domains/itechnocorp.com/public_html/oams/applications/USER/Views/Area/index.php')
 3 SYSTEMPATH/View/View.php(231): CodeIgniter\View\View->CodeIgniter\View\{closure}()
 4 SYSTEMPATH/Common.php(1178): CodeIgniter\View\View->render()
 5 FCPATH/applications/USER/Controllers/Area.php(54): view()
 6 SYSTEMPATH/CodeIgniter.php(941): Applications\USER\Controllers\Area->index()
 7 SYSTEMPATH/CodeIgniter.php(502): CodeIgniter\CodeIgniter->runController()
 8 SYSTEMPATH/CodeIgniter.php(361): CodeIgniter\CodeIgniter->handleRequest()
 9 FCPATH/index.php(80): CodeIgniter\CodeIgniter->run()
CRITICAL - 2024-03-12 06:44:12 --> ErrorException: Undefined variable $value
in FCPATH/applications/USER/Views/Area/index.php on line 106.
 1 FCPATH/applications/USER/Views/Area/index.php(106): CodeIgniter\Debug\Exceptions->errorHandler()
 2 SYSTEMPATH/View/View.php(228): include('/home/u553659265/domains/itechnocorp.com/public_html/oams/applications/USER/Views/Area/index.php')
 3 SYSTEMPATH/View/View.php(231): CodeIgniter\View\View->CodeIgniter\View\{closure}()
 4 SYSTEMPATH/Common.php(1178): CodeIgniter\View\View->render()
 5 FCPATH/applications/USER/Controllers/Area.php(54): view()
 6 SYSTEMPATH/CodeIgniter.php(941): Applications\USER\Controllers\Area->index()
 7 SYSTEMPATH/CodeIgniter.php(502): CodeIgniter\CodeIgniter->runController()
 8 SYSTEMPATH/CodeIgniter.php(361): CodeIgniter\CodeIgniter->handleRequest()
 9 FCPATH/index.php(80): CodeIgniter\CodeIgniter->run()
CRITICAL - 2024-03-12 06:44:23 --> ErrorException: Undefined variable $value
in FCPATH/applications/USER/Views/Area/index.php on line 106.
 1 FCPATH/applications/USER/Views/Area/index.php(106): CodeIgniter\Debug\Exceptions->errorHandler()
 2 SYSTEMPATH/View/View.php(228): include('/home/u553659265/domains/itechnocorp.com/public_html/oams/applications/USER/Views/Area/index.php')
 3 SYSTEMPATH/View/View.php(231): CodeIgniter\View\View->CodeIgniter\View\{closure}()
 4 SYSTEMPATH/Common.php(1178): CodeIgniter\View\View->render()
 5 FCPATH/applications/USER/Controllers/Area.php(54): view()
 6 SYSTEMPATH/CodeIgniter.php(941): Applications\USER\Controllers\Area->index()
 7 SYSTEMPATH/CodeIgniter.php(502): CodeIgniter\CodeIgniter->runController()
 8 SYSTEMPATH/CodeIgniter.php(361): CodeIgniter\CodeIgniter->handleRequest()
 9 FCPATH/index.php(80): CodeIgniter\CodeIgniter->run()
CRITICAL - 2024-03-12 06:44:43 --> ErrorException: Undefined variable $value
in FCPATH/applications/USER/Views/Area/index.php on line 106.
 1 FCPATH/applications/USER/Views/Area/index.php(106): CodeIgniter\Debug\Exceptions->errorHandler()
 2 SYSTEMPATH/View/View.php(228): include('/home/u553659265/domains/itechnocorp.com/public_html/oams/applications/USER/Views/Area/index.php')
 3 SYSTEMPATH/View/View.php(231): CodeIgniter\View\View->CodeIgniter\View\{closure}()
 4 SYSTEMPATH/Common.php(1178): CodeIgniter\View\View->render()
 5 FCPATH/applications/USER/Controllers/Area.php(54): view()
 6 SYSTEMPATH/CodeIgniter.php(941): Applications\USER\Controllers\Area->index()
 7 SYSTEMPATH/CodeIgniter.php(502): CodeIgniter\CodeIgniter->runController()
 8 SYSTEMPATH/CodeIgniter.php(361): CodeIgniter\CodeIgniter->handleRequest()
 9 FCPATH/index.php(80): CodeIgniter\CodeIgniter->run()
CRITICAL - 2024-03-12 06:44:44 --> ErrorException: Undefined variable $value
in FCPATH/applications/USER/Views/Area/index.php on line 106.
 1 FCPATH/applications/USER/Views/Area/index.php(106): CodeIgniter\Debug\Exceptions->errorHandler()
 2 SYSTEMPATH/View/View.php(228): include('/home/u553659265/domains/itechnocorp.com/public_html/oams/applications/USER/Views/Area/index.php')
 3 SYSTEMPATH/View/View.php(231): CodeIgniter\View\View->CodeIgniter\View\{closure}()
 4 SYSTEMPATH/Common.php(1178): CodeIgniter\View\View->render()
 5 FCPATH/applications/USER/Controllers/Area.php(54): view()
 6 SYSTEMPATH/CodeIgniter.php(941): Applications\USER\Controllers\Area->index()
 7 SYSTEMPATH/CodeIgniter.php(502): CodeIgniter\CodeIgniter->runController()
 8 SYSTEMPATH/CodeIgniter.php(361): CodeIgniter\CodeIgniter->handleRequest()
 9 FCPATH/index.php(80): CodeIgniter\CodeIgniter->run()
CRITICAL - 2024-03-12 06:49:34 --> ErrorException: Undefined variable $value
in FCPATH/applications/USER/Views/Area/index.php on line 106.
 1 FCPATH/applications/USER/Views/Area/index.php(106): CodeIgniter\Debug\Exceptions->errorHandler()
 2 SYSTEMPATH/View/View.php(228): include('/home/u553659265/domains/itechnocorp.com/public_html/oams/applications/USER/Views/Area/index.php')
 3 SYSTEMPATH/View/View.php(231): CodeIgniter\View\View->CodeIgniter\View\{closure}()
 4 SYSTEMPATH/Common.php(1178): CodeIgniter\View\View->render()
 5 FCPATH/applications/USER/Controllers/Area.php(54): view()
 6 SYSTEMPATH/CodeIgniter.php(941): Applications\USER\Controllers\Area->index()
 7 SYSTEMPATH/CodeIgniter.php(502): CodeIgniter\CodeIgniter->runController()
 8 SYSTEMPATH/CodeIgniter.php(361): CodeIgniter\CodeIgniter->handleRequest()
 9 FCPATH/index.php(80): CodeIgniter\CodeIgniter->run()
CRITICAL - 2024-03-12 06:49:43 --> ErrorException: Undefined variable $value
in FCPATH/applications/USER/Views/City/index.php on line 104.
 1 FCPATH/applications/USER/Views/City/index.php(104): CodeIgniter\Debug\Exceptions->errorHandler()
 2 SYSTEMPATH/View/View.php(228): include('/home/u553659265/domains/itechnocorp.com/public_html/oams/applications/USER/Views/City/index.php')
 3 SYSTEMPATH/View/View.php(231): CodeIgniter\View\View->CodeIgniter\View\{closure}()
 4 SYSTEMPATH/Common.php(1178): CodeIgniter\View\View->render()
 5 FCPATH/applications/USER/Controllers/City.php(54): view()
 6 SYSTEMPATH/CodeIgniter.php(941): Applications\USER\Controllers\City->index()
 7 SYSTEMPATH/CodeIgniter.php(502): CodeIgniter\CodeIgniter->runController()
 8 SYSTEMPATH/CodeIgniter.php(361): CodeIgniter\CodeIgniter->handleRequest()
 9 FCPATH/index.php(80): CodeIgniter\CodeIgniter->run()
CRITICAL - 2024-03-12 06:49:47 --> ErrorException: Undefined variable $value
in FCPATH/applications/USER/Views/Area/index.php on line 106.
 1 FCPATH/applications/USER/Views/Area/index.php(106): CodeIgniter\Debug\Exceptions->errorHandler()
 2 SYSTEMPATH/View/View.php(228): include('/home/u553659265/domains/itechnocorp.com/public_html/oams/applications/USER/Views/Area/index.php')
 3 SYSTEMPATH/View/View.php(231): CodeIgniter\View\View->CodeIgniter\View\{closure}()
 4 SYSTEMPATH/Common.php(1178): CodeIgniter\View\View->render()
 5 FCPATH/applications/USER/Controllers/Area.php(54): view()
 6 SYSTEMPATH/CodeIgniter.php(941): Applications\USER\Controllers\Area->index()
 7 SYSTEMPATH/CodeIgniter.php(502): CodeIgniter\CodeIgniter->runController()
 8 SYSTEMPATH/CodeIgniter.php(361): CodeIgniter\CodeIgniter->handleRequest()
 9 FCPATH/index.php(80): CodeIgniter\CodeIgniter->run()
CRITICAL - 2024-03-12 06:50:34 --> ErrorException: Undefined array key "footer"
in FCPATH/applications/USER/Views/Area/index.php on line 137.
 1 FCPATH/applications/USER/Views/Area/index.php(137): CodeIgniter\Debug\Exceptions->errorHandler()
 2 SYSTEMPATH/View/View.php(228): include('/home/u553659265/domains/itechnocorp.com/public_html/oams/applications/USER/Views/Area/index.php')
 3 SYSTEMPATH/View/View.php(231): CodeIgniter\View\View->CodeIgniter\View\{closure}()
 4 SYSTEMPATH/Common.php(1178): CodeIgniter\View\View->render()
 5 FCPATH/applications/USER/Controllers/Area.php(54): view()
 6 SYSTEMPATH/CodeIgniter.php(941): Applications\USER\Controllers\Area->index()
 7 SYSTEMPATH/CodeIgniter.php(502): CodeIgniter\CodeIgniter->runController()
 8 SYSTEMPATH/CodeIgniter.php(361): CodeIgniter\CodeIgniter->handleRequest()
 9 FCPATH/index.php(80): CodeIgniter\CodeIgniter->run()
CRITICAL - 2024-03-12 06:51:11 --> ErrorException: Undefined array key "footer"
in FCPATH/applications/USER/Views/Area/index.php on line 137.
 1 FCPATH/applications/USER/Views/Area/index.php(137): CodeIgniter\Debug\Exceptions->errorHandler()
 2 SYSTEMPATH/View/View.php(228): include('/home/u553659265/domains/itechnocorp.com/public_html/oams/applications/USER/Views/Area/index.php')
 3 SYSTEMPATH/View/View.php(231): CodeIgniter\View\View->CodeIgniter\View\{closure}()
 4 SYSTEMPATH/Common.php(1178): CodeIgniter\View\View->render()
 5 FCPATH/applications/USER/Controllers/Area.php(54): view()
 6 SYSTEMPATH/CodeIgniter.php(941): Applications\USER\Controllers\Area->index()
 7 SYSTEMPATH/CodeIgniter.php(502): CodeIgniter\CodeIgniter->runController()
 8 SYSTEMPATH/CodeIgniter.php(361): CodeIgniter\CodeIgniter->handleRequest()
 9 FCPATH/index.php(80): CodeIgniter\CodeIgniter->run()
CRITICAL - 2024-03-12 06:51:28 --> ErrorException: Undefined variable $value
in FCPATH/applications/USER/Views/City/index.php on line 104.
 1 FCPATH/applications/USER/Views/City/index.php(104): CodeIgniter\Debug\Exceptions->errorHandler()
 2 SYSTEMPATH/View/View.php(228): include('/home/u553659265/domains/itechnocorp.com/public_html/oams/applications/USER/Views/City/index.php')
 3 SYSTEMPATH/View/View.php(231): CodeIgniter\View\View->CodeIgniter\View\{closure}()
 4 SYSTEMPATH/Common.php(1178): CodeIgniter\View\View->render()
 5 FCPATH/applications/USER/Controllers/City.php(54): view()
 6 SYSTEMPATH/CodeIgniter.php(941): Applications\USER\Controllers\City->index()
 7 SYSTEMPATH/CodeIgniter.php(502): CodeIgniter\CodeIgniter->runController()
 8 SYSTEMPATH/CodeIgniter.php(361): CodeIgniter\CodeIgniter->handleRequest()
 9 FCPATH/index.php(80): CodeIgniter\CodeIgniter->run()
CRITICAL - 2024-03-12 06:51:40 --> ErrorException: Undefined variable $value
in FCPATH/applications/USER/Views/City/index.php on line 104.
 1 FCPATH/applications/USER/Views/City/index.php(104): CodeIgniter\Debug\Exceptions->errorHandler()
 2 SYSTEMPATH/View/View.php(228): include('/home/u553659265/domains/itechnocorp.com/public_html/oams/applications/USER/Views/City/index.php')
 3 SYSTEMPATH/View/View.php(231): CodeIgniter\View\View->CodeIgniter\View\{closure}()
 4 SYSTEMPATH/Common.php(1178): CodeIgniter\View\View->render()
 5 FCPATH/applications/USER/Controllers/City.php(54): view()
 6 SYSTEMPATH/CodeIgniter.php(941): Applications\USER\Controllers\City->index()
 7 SYSTEMPATH/CodeIgniter.php(502): CodeIgniter\CodeIgniter->runController()
 8 SYSTEMPATH/CodeIgniter.php(361): CodeIgniter\CodeIgniter->handleRequest()
 9 FCPATH/index.php(80): CodeIgniter\CodeIgniter->run()
CRITICAL - 2024-03-12 06:59:37 --> ErrorException: Undefined variable $value
in FCPATH/applications/USER/Views/City/index.php on line 104.
 1 FCPATH/applications/USER/Views/City/index.php(104): CodeIgniter\Debug\Exceptions->errorHandler()
 2 SYSTEMPATH/View/View.php(228): include('/home/u553659265/domains/itechnocorp.com/public_html/oams/applications/USER/Views/City/index.php')
 3 SYSTEMPATH/View/View.php(231): CodeIgniter\View\View->CodeIgniter\View\{closure}()
 4 SYSTEMPATH/Common.php(1178): CodeIgniter\View\View->render()
 5 FCPATH/applications/USER/Controllers/City.php(54): view()
 6 SYSTEMPATH/CodeIgniter.php(941): Applications\USER\Controllers\City->index()
 7 SYSTEMPATH/CodeIgniter.php(502): CodeIgniter\CodeIgniter->runController()
 8 SYSTEMPATH/CodeIgniter.php(361): CodeIgniter\CodeIgniter->handleRequest()
 9 FCPATH/index.php(80): CodeIgniter\CodeIgniter->run()
CRITICAL - 2024-03-12 07:52:26 --> Error: Call to undefined function array_column_recursive()
in FCPATH/applications/USER/Views/sidebar.php on line 23.
 1 SYSTEMPATH/View/View.php(228): include()
 2 SYSTEMPATH/View/View.php(231): CodeIgniter\View\View->CodeIgniter\View\{closure}()
 3 SYSTEMPATH/Common.php(1178): CodeIgniter\View\View->render()
 4 FCPATH/applications/USER/Controllers/Settings.php(23): view()
 5 SYSTEMPATH/CodeIgniter.php(941): Applications\USER\Controllers\Settings->index()
 6 SYSTEMPATH/CodeIgniter.php(502): CodeIgniter\CodeIgniter->runController()
 7 SYSTEMPATH/CodeIgniter.php(361): CodeIgniter\CodeIgniter->handleRequest()
 8 FCPATH/index.php(80): CodeIgniter\CodeIgniter->run()
CRITICAL - 2024-03-12 08:43:12 --> ErrorException: Trying to access array offset on value of type null
in FCPATH/applications/USER/Controllers/Inward.php on line 133.
 1 FCPATH/applications/USER/Controllers/Inward.php(133): CodeIgniter\Debug\Exceptions->errorHandler()
 2 SYSTEMPATH/CodeIgniter.php(941): Applications\USER\Controllers\Inward->Store()
 3 SYSTEMPATH/CodeIgniter.php(502): CodeIgniter\CodeIgniter->runController()
 4 SYSTEMPATH/CodeIgniter.php(361): CodeIgniter\CodeIgniter->handleRequest()
 5 FCPATH/index.php(80): CodeIgniter\CodeIgniter->run()
CRITICAL - 2024-03-12 08:43:12 --> ErrorException: Trying to access array offset on value of type null
in FCPATH/applications/USER/Controllers/Inward.php on line 133.
 1 FCPATH/applications/USER/Controllers/Inward.php(133): CodeIgniter\Debug\Exceptions->errorHandler()
 2 SYSTEMPATH/CodeIgniter.php(941): Applications\USER\Controllers\Inward->Store()
 3 SYSTEMPATH/CodeIgniter.php(502): CodeIgniter\CodeIgniter->runController()
 4 SYSTEMPATH/CodeIgniter.php(361): CodeIgniter\CodeIgniter->handleRequest()
 5 FCPATH/index.php(80): CodeIgniter\CodeIgniter->run()
CRITICAL - 2024-03-12 08:43:13 --> ErrorException: Trying to access array offset on value of type null
in FCPATH/applications/USER/Controllers/Inward.php on line 133.
 1 FCPATH/applications/USER/Controllers/Inward.php(133): CodeIgniter\Debug\Exceptions->errorHandler()
 2 SYSTEMPATH/CodeIgniter.php(941): Applications\USER\Controllers\Inward->Store()
 3 SYSTEMPATH/CodeIgniter.php(502): CodeIgniter\CodeIgniter->runController()
 4 SYSTEMPATH/CodeIgniter.php(361): CodeIgniter\CodeIgniter->handleRequest()
 5 FCPATH/index.php(80): CodeIgniter\CodeIgniter->run()
CRITICAL - 2024-03-12 08:43:13 --> ErrorException: Trying to access array offset on value of type null
in FCPATH/applications/USER/Controllers/Inward.php on line 133.
 1 FCPATH/applications/USER/Controllers/Inward.php(133): CodeIgniter\Debug\Exceptions->errorHandler()
 2 SYSTEMPATH/CodeIgniter.php(941): Applications\USER\Controllers\Inward->Store()
 3 SYSTEMPATH/CodeIgniter.php(502): CodeIgniter\CodeIgniter->runController()
 4 SYSTEMPATH/CodeIgniter.php(361): CodeIgniter\CodeIgniter->handleRequest()
 5 FCPATH/index.php(80): CodeIgniter\CodeIgniter->run()
CRITICAL - 2024-03-12 08:43:13 --> ErrorException: Trying to access array offset on value of type null
in FCPATH/applications/USER/Controllers/Inward.php on line 133.
 1 FCPATH/applications/USER/Controllers/Inward.php(133): CodeIgniter\Debug\Exceptions->errorHandler()
 2 SYSTEMPATH/CodeIgniter.php(941): Applications\USER\Controllers\Inward->Store()
 3 SYSTEMPATH/CodeIgniter.php(502): CodeIgniter\CodeIgniter->runController()
 4 SYSTEMPATH/CodeIgniter.php(361): CodeIgniter\CodeIgniter->handleRequest()
 5 FCPATH/index.php(80): CodeIgniter\CodeIgniter->run()
CRITICAL - 2024-03-12 08:43:13 --> ErrorException: Trying to access array offset on value of type null
in FCPATH/applications/USER/Controllers/Inward.php on line 133.
 1 FCPATH/applications/USER/Controllers/Inward.php(133): CodeIgniter\Debug\Exceptions->errorHandler()
 2 SYSTEMPATH/CodeIgniter.php(941): Applications\USER\Controllers\Inward->Store()
 3 SYSTEMPATH/CodeIgniter.php(502): CodeIgniter\CodeIgniter->runController()
 4 SYSTEMPATH/CodeIgniter.php(361): CodeIgniter\CodeIgniter->handleRequest()
 5 FCPATH/index.php(80): CodeIgniter\CodeIgniter->run()
CRITICAL - 2024-03-12 08:43:14 --> ErrorException: Trying to access array offset on value of type null
in FCPATH/applications/USER/Controllers/Inward.php on line 133.
 1 FCPATH/applications/USER/Controllers/Inward.php(133): CodeIgniter\Debug\Exceptions->errorHandler()
 2 SYSTEMPATH/CodeIgniter.php(941): Applications\USER\Controllers\Inward->Store()
 3 SYSTEMPATH/CodeIgniter.php(502): CodeIgniter\CodeIgniter->runController()
 4 SYSTEMPATH/CodeIgniter.php(361): CodeIgniter\CodeIgniter->handleRequest()
 5 FCPATH/index.php(80): CodeIgniter\CodeIgniter->run()
CRITICAL - 2024-03-12 08:43:14 --> ErrorException: Trying to access array offset on value of type null
in FCPATH/applications/USER/Controllers/Inward.php on line 133.
 1 FCPATH/applications/USER/Controllers/Inward.php(133): CodeIgniter\Debug\Exceptions->errorHandler()
 2 SYSTEMPATH/CodeIgniter.php(941): Applications\USER\Controllers\Inward->Store()
 3 SYSTEMPATH/CodeIgniter.php(502): CodeIgniter\CodeIgniter->runController()
 4 SYSTEMPATH/CodeIgniter.php(361): CodeIgniter\CodeIgniter->handleRequest()
 5 FCPATH/index.php(80): CodeIgniter\CodeIgniter->run()
CRITICAL - 2024-03-12 08:43:18 --> ErrorException: Trying to access array offset on value of type null
in FCPATH/applications/USER/Controllers/Inward.php on line 133.
 1 FCPATH/applications/USER/Controllers/Inward.php(133): CodeIgniter\Debug\Exceptions->errorHandler()
 2 SYSTEMPATH/CodeIgniter.php(941): Applications\USER\Controllers\Inward->Store()
 3 SYSTEMPATH/CodeIgniter.php(502): CodeIgniter\CodeIgniter->runController()
 4 SYSTEMPATH/CodeIgniter.php(361): CodeIgniter\CodeIgniter->handleRequest()
 5 FCPATH/index.php(80): CodeIgniter\CodeIgniter->run()
CRITICAL - 2024-03-12 08:43:18 --> ErrorException: Trying to access array offset on value of type null
in FCPATH/applications/USER/Controllers/Inward.php on line 133.
 1 FCPATH/applications/USER/Controllers/Inward.php(133): CodeIgniter\Debug\Exceptions->errorHandler()
 2 SYSTEMPATH/CodeIgniter.php(941): Applications\USER\Controllers\Inward->Store()
 3 SYSTEMPATH/CodeIgniter.php(502): CodeIgniter\CodeIgniter->runController()
 4 SYSTEMPATH/CodeIgniter.php(361): CodeIgniter\CodeIgniter->handleRequest()
 5 FCPATH/index.php(80): CodeIgniter\CodeIgniter->run()
CRITICAL - 2024-03-12 08:43:19 --> ErrorException: Trying to access array offset on value of type null
in FCPATH/applications/USER/Controllers/Inward.php on line 133.
 1 FCPATH/applications/USER/Controllers/Inward.php(133): CodeIgniter\Debug\Exceptions->errorHandler()
 2 SYSTEMPATH/CodeIgniter.php(941): Applications\USER\Controllers\Inward->Store()
 3 SYSTEMPATH/CodeIgniter.php(502): CodeIgniter\CodeIgniter->runController()
 4 SYSTEMPATH/CodeIgniter.php(361): CodeIgniter\CodeIgniter->handleRequest()
 5 FCPATH/index.php(80): CodeIgniter\CodeIgniter->run()
CRITICAL - 2024-03-12 08:43:19 --> ErrorException: Trying to access array offset on value of type null
in FCPATH/applications/USER/Controllers/Inward.php on line 133.
 1 FCPATH/applications/USER/Controllers/Inward.php(133): CodeIgniter\Debug\Exceptions->errorHandler()
 2 SYSTEMPATH/CodeIgniter.php(941): Applications\USER\Controllers\Inward->Store()
 3 SYSTEMPATH/CodeIgniter.php(502): CodeIgniter\CodeIgniter->runController()
 4 SYSTEMPATH/CodeIgniter.php(361): CodeIgniter\CodeIgniter->handleRequest()
 5 FCPATH/index.php(80): CodeIgniter\CodeIgniter->run()
CRITICAL - 2024-03-12 08:43:19 --> ErrorException: Trying to access array offset on value of type null
in FCPATH/applications/USER/Controllers/Inward.php on line 133.
 1 FCPATH/applications/USER/Controllers/Inward.php(133): CodeIgniter\Debug\Exceptions->errorHandler()
 2 SYSTEMPATH/CodeIgniter.php(941): Applications\USER\Controllers\Inward->Store()
 3 SYSTEMPATH/CodeIgniter.php(502): CodeIgniter\CodeIgniter->runController()
 4 SYSTEMPATH/CodeIgniter.php(361): CodeIgniter\CodeIgniter->handleRequest()
 5 FCPATH/index.php(80): CodeIgniter\CodeIgniter->run()
CRITICAL - 2024-03-12 08:44:26 --> ErrorException: Trying to access array offset on value of type null
in FCPATH/applications/USER/Controllers/Inward.php on line 133.
 1 FCPATH/applications/USER/Controllers/Inward.php(133): CodeIgniter\Debug\Exceptions->errorHandler()
 2 SYSTEMPATH/CodeIgniter.php(941): Applications\USER\Controllers\Inward->Store()
 3 SYSTEMPATH/CodeIgniter.php(502): CodeIgniter\CodeIgniter->runController()
 4 SYSTEMPATH/CodeIgniter.php(361): CodeIgniter\CodeIgniter->handleRequest()
 5 FCPATH/index.php(80): CodeIgniter\CodeIgniter->run()
CRITICAL - 2024-03-12 08:44:31 --> ErrorException: Trying to access array offset on value of type null
in FCPATH/applications/USER/Controllers/Inward.php on line 133.
 1 FCPATH/applications/USER/Controllers/Inward.php(133): CodeIgniter\Debug\Exceptions->errorHandler()
 2 SYSTEMPATH/CodeIgniter.php(941): Applications\USER\Controllers\Inward->Store()
 3 SYSTEMPATH/CodeIgniter.php(502): CodeIgniter\CodeIgniter->runController()
 4 SYSTEMPATH/CodeIgniter.php(361): CodeIgniter\CodeIgniter->handleRequest()
 5 FCPATH/index.php(80): CodeIgniter\CodeIgniter->run()
CRITICAL - 2024-03-12 08:44:32 --> ErrorException: Trying to access array offset on value of type null
in FCPATH/applications/USER/Controllers/Inward.php on line 133.
 1 FCPATH/applications/USER/Controllers/Inward.php(133): CodeIgniter\Debug\Exceptions->errorHandler()
 2 SYSTEMPATH/CodeIgniter.php(941): Applications\USER\Controllers\Inward->Store()
 3 SYSTEMPATH/CodeIgniter.php(502): CodeIgniter\CodeIgniter->runController()
 4 SYSTEMPATH/CodeIgniter.php(361): CodeIgniter\CodeIgniter->handleRequest()
 5 FCPATH/index.php(80): CodeIgniter\CodeIgniter->run()
CRITICAL - 2024-03-12 08:44:32 --> ErrorException: Trying to access array offset on value of type null
in FCPATH/applications/USER/Controllers/Inward.php on line 133.
 1 FCPATH/applications/USER/Controllers/Inward.php(133): CodeIgniter\Debug\Exceptions->errorHandler()
 2 SYSTEMPATH/CodeIgniter.php(941): Applications\USER\Controllers\Inward->Store()
 3 SYSTEMPATH/CodeIgniter.php(502): CodeIgniter\CodeIgniter->runController()
 4 SYSTEMPATH/CodeIgniter.php(361): CodeIgniter\CodeIgniter->handleRequest()
 5 FCPATH/index.php(80): CodeIgniter\CodeIgniter->run()
CRITICAL - 2024-03-12 08:44:32 --> ErrorException: Trying to access array offset on value of type null
in FCPATH/applications/USER/Controllers/Inward.php on line 133.
 1 FCPATH/applications/USER/Controllers/Inward.php(133): CodeIgniter\Debug\Exceptions->errorHandler()
 2 SYSTEMPATH/CodeIgniter.php(941): Applications\USER\Controllers\Inward->Store()
 3 SYSTEMPATH/CodeIgniter.php(502): CodeIgniter\CodeIgniter->runController()
 4 SYSTEMPATH/CodeIgniter.php(361): CodeIgniter\CodeIgniter->handleRequest()
 5 FCPATH/index.php(80): CodeIgniter\CodeIgniter->run()
CRITICAL - 2024-03-12 08:44:32 --> ErrorException: Trying to access array offset on value of type null
in FCPATH/applications/USER/Controllers/Inward.php on line 133.
 1 FCPATH/applications/USER/Controllers/Inward.php(133): CodeIgniter\Debug\Exceptions->errorHandler()
 2 SYSTEMPATH/CodeIgniter.php(941): Applications\USER\Controllers\Inward->Store()
 3 SYSTEMPATH/CodeIgniter.php(502): CodeIgniter\CodeIgniter->runController()
 4 SYSTEMPATH/CodeIgniter.php(361): CodeIgniter\CodeIgniter->handleRequest()
 5 FCPATH/index.php(80): CodeIgniter\CodeIgniter->run()
CRITICAL - 2024-03-12 08:44:32 --> ErrorException: Trying to access array offset on value of type null
in FCPATH/applications/USER/Controllers/Inward.php on line 133.
 1 FCPATH/applications/USER/Controllers/Inward.php(133): CodeIgniter\Debug\Exceptions->errorHandler()
 2 SYSTEMPATH/CodeIgniter.php(941): Applications\USER\Controllers\Inward->Store()
 3 SYSTEMPATH/CodeIgniter.php(502): CodeIgniter\CodeIgniter->runController()
 4 SYSTEMPATH/CodeIgniter.php(361): CodeIgniter\CodeIgniter->handleRequest()
 5 FCPATH/index.php(80): CodeIgniter\CodeIgniter->run()
CRITICAL - 2024-03-12 08:44:32 --> ErrorException: Trying to access array offset on value of type null
in FCPATH/applications/USER/Controllers/Inward.php on line 133.
 1 FCPATH/applications/USER/Controllers/Inward.php(133): CodeIgniter\Debug\Exceptions->errorHandler()
 2 SYSTEMPATH/CodeIgniter.php(941): Applications\USER\Controllers\Inward->Store()
 3 SYSTEMPATH/CodeIgniter.php(502): CodeIgniter\CodeIgniter->runController()
 4 SYSTEMPATH/CodeIgniter.php(361): CodeIgniter\CodeIgniter->handleRequest()
 5 FCPATH/index.php(80): CodeIgniter\CodeIgniter->run()
CRITICAL - 2024-03-12 08:44:32 --> ErrorException: Trying to access array offset on value of type null
in FCPATH/applications/USER/Controllers/Inward.php on line 133.
 1 FCPATH/applications/USER/Controllers/Inward.php(133): CodeIgniter\Debug\Exceptions->errorHandler()
 2 SYSTEMPATH/CodeIgniter.php(941): Applications\USER\Controllers\Inward->Store()
 3 SYSTEMPATH/CodeIgniter.php(502): CodeIgniter\CodeIgniter->runController()
 4 SYSTEMPATH/CodeIgniter.php(361): CodeIgniter\CodeIgniter->handleRequest()
 5 FCPATH/index.php(80): CodeIgniter\CodeIgniter->run()
CRITICAL - 2024-03-12 08:49:30 --> ErrorException: Trying to access array offset on value of type null
in FCPATH/applications/USER/Controllers/Inward.php on line 133.
 1 FCPATH/applications/USER/Controllers/Inward.php(133): CodeIgniter\Debug\Exceptions->errorHandler()
 2 SYSTEMPATH/CodeIgniter.php(941): Applications\USER\Controllers\Inward->Store()
 3 SYSTEMPATH/CodeIgniter.php(502): CodeIgniter\CodeIgniter->runController()
 4 SYSTEMPATH/CodeIgniter.php(361): CodeIgniter\CodeIgniter->handleRequest()
 5 FCPATH/index.php(80): CodeIgniter\CodeIgniter->run()
CRITICAL - 2024-03-12 08:49:32 --> ErrorException: Trying to access array offset on value of type null
in FCPATH/applications/USER/Controllers/Inward.php on line 133.
 1 FCPATH/applications/USER/Controllers/Inward.php(133): CodeIgniter\Debug\Exceptions->errorHandler()
 2 SYSTEMPATH/CodeIgniter.php(941): Applications\USER\Controllers\Inward->Store()
 3 SYSTEMPATH/CodeIgniter.php(502): CodeIgniter\CodeIgniter->runController()
 4 SYSTEMPATH/CodeIgniter.php(361): CodeIgniter\CodeIgniter->handleRequest()
 5 FCPATH/index.php(80): CodeIgniter\CodeIgniter->run()
CRITICAL - 2024-03-12 08:49:33 --> ErrorException: Trying to access array offset on value of type null
in FCPATH/applications/USER/Controllers/Inward.php on line 133.
 1 FCPATH/applications/USER/Controllers/Inward.php(133): CodeIgniter\Debug\Exceptions->errorHandler()
 2 SYSTEMPATH/CodeIgniter.php(941): Applications\USER\Controllers\Inward->Store()
 3 SYSTEMPATH/CodeIgniter.php(502): CodeIgniter\CodeIgniter->runController()
 4 SYSTEMPATH/CodeIgniter.php(361): CodeIgniter\CodeIgniter->handleRequest()
 5 FCPATH/index.php(80): CodeIgniter\CodeIgniter->run()
CRITICAL - 2024-03-12 08:49:34 --> ErrorException: Trying to access array offset on value of type null
in FCPATH/applications/USER/Controllers/Inward.php on line 133.
 1 FCPATH/applications/USER/Controllers/Inward.php(133): CodeIgniter\Debug\Exceptions->errorHandler()
 2 SYSTEMPATH/CodeIgniter.php(941): Applications\USER\Controllers\Inward->Store()
 3 SYSTEMPATH/CodeIgniter.php(502): CodeIgniter\CodeIgniter->runController()
 4 SYSTEMPATH/CodeIgniter.php(361): CodeIgniter\CodeIgniter->handleRequest()
 5 FCPATH/index.php(80): CodeIgniter\CodeIgniter->run()
CRITICAL - 2024-03-12 08:49:35 --> ErrorException: Trying to access array offset on value of type null
in FCPATH/applications/USER/Controllers/Inward.php on line 133.
 1 FCPATH/applications/USER/Controllers/Inward.php(133): CodeIgniter\Debug\Exceptions->errorHandler()
 2 SYSTEMPATH/CodeIgniter.php(941): Applications\USER\Controllers\Inward->Store()
 3 SYSTEMPATH/CodeIgniter.php(502): CodeIgniter\CodeIgniter->runController()
 4 SYSTEMPATH/CodeIgniter.php(361): CodeIgniter\CodeIgniter->handleRequest()
 5 FCPATH/index.php(80): CodeIgniter\CodeIgniter->run()
CRITICAL - 2024-03-12 09:25:10 --> ErrorException: Undefined variable $value
in FCPATH/applications/USER/Views/Grade/index.php on line 113.
 1 FCPATH/applications/USER/Views/Grade/index.php(113): CodeIgniter\Debug\Exceptions->errorHandler()
 2 SYSTEMPATH/View/View.php(228): include('/home/u553659265/domains/itechnocorp.com/public_html/oams/applications/USER/Views/Grade/index.php')
 3 SYSTEMPATH/View/View.php(231): CodeIgniter\View\View->CodeIgniter\View\{closure}()
 4 SYSTEMPATH/Common.php(1178): CodeIgniter\View\View->render()
 5 FCPATH/applications/USER/Controllers/Grade.php(53): view()
 6 SYSTEMPATH/CodeIgniter.php(941): Applications\USER\Controllers\Grade->index()
 7 SYSTEMPATH/CodeIgniter.php(502): CodeIgniter\CodeIgniter->runController()
 8 SYSTEMPATH/CodeIgniter.php(361): CodeIgniter\CodeIgniter->handleRequest()
 9 FCPATH/index.php(80): CodeIgniter\CodeIgniter->run()
CRITICAL - 2024-03-12 09:28:44 --> ErrorException: Undefined variable $value
in FCPATH/applications/USER/Views/Hsn/index.php on line 101.
 1 FCPATH/applications/USER/Views/Hsn/index.php(101): CodeIgniter\Debug\Exceptions->errorHandler()
 2 SYSTEMPATH/View/View.php(228): include('/home/u553659265/domains/itechnocorp.com/public_html/oams/applications/USER/Views/Hsn/index.php')
 3 SYSTEMPATH/View/View.php(231): CodeIgniter\View\View->CodeIgniter\View\{closure}()
 4 SYSTEMPATH/Common.php(1178): CodeIgniter\View\View->render()
 5 FCPATH/applications/USER/Controllers/Hsn.php(55): view()
 6 SYSTEMPATH/CodeIgniter.php(941): Applications\USER\Controllers\Hsn->index()
 7 SYSTEMPATH/CodeIgniter.php(502): CodeIgniter\CodeIgniter->runController()
 8 SYSTEMPATH/CodeIgniter.php(361): CodeIgniter\CodeIgniter->handleRequest()
 9 FCPATH/index.php(80): CodeIgniter\CodeIgniter->run()
CRITICAL - 2024-03-12 11:00:01 --> Error: Call to undefined function array_column_recursive()
in FCPATH/applications/USER/Views/sidebar.php on line 23.
 1 SYSTEMPATH/View/View.php(228): include()
 2 SYSTEMPATH/View/View.php(231): CodeIgniter\View\View->CodeIgniter\View\{closure}()
 3 SYSTEMPATH/Common.php(1178): CodeIgniter\View\View->render()
 4 FCPATH/applications/USER/Controllers/Settings.php(23): view()
 5 SYSTEMPATH/CodeIgniter.php(941): Applications\USER\Controllers\Settings->index()
 6 SYSTEMPATH/CodeIgniter.php(502): CodeIgniter\CodeIgniter->runController()
 7 SYSTEMPATH/CodeIgniter.php(361): CodeIgniter\CodeIgniter->handleRequest()
 8 FCPATH/index.php(80): CodeIgniter\CodeIgniter->run()
CRITICAL - 2024-03-12 11:00:20 --> Error: Call to undefined function array_column_recursive()
in FCPATH/applications/USER/Views/sidebar.php on line 23.
 1 SYSTEMPATH/View/View.php(228): include()
 2 SYSTEMPATH/View/View.php(231): CodeIgniter\View\View->CodeIgniter\View\{closure}()
 3 SYSTEMPATH/Common.php(1178): CodeIgniter\View\View->render()
 4 FCPATH/applications/USER/Controllers/Invoice.php(23): view()
 5 SYSTEMPATH/CodeIgniter.php(941): Applications\USER\Controllers\Invoice->index()
 6 SYSTEMPATH/CodeIgniter.php(502): CodeIgniter\CodeIgniter->runController()
 7 SYSTEMPATH/CodeIgniter.php(361): CodeIgniter\CodeIgniter->handleRequest()
 8 FCPATH/index.php(80): CodeIgniter\CodeIgniter->run()
CRITICAL - 2024-03-12 11:00:25 --> Error: Call to undefined function array_column_recursive()
in FCPATH/applications/USER/Views/sidebar.php on line 23.
 1 SYSTEMPATH/View/View.php(228): include()
 2 SYSTEMPATH/View/View.php(231): CodeIgniter\View\View->CodeIgniter\View\{closure}()
 3 SYSTEMPATH/Common.php(1178): CodeIgniter\View\View->render()
 4 FCPATH/applications/USER/Controllers/Settings.php(23): view()
 5 SYSTEMPATH/CodeIgniter.php(941): Applications\USER\Controllers\Settings->index()
 6 SYSTEMPATH/CodeIgniter.php(502): CodeIgniter\CodeIgniter->runController()
 7 SYSTEMPATH/CodeIgniter.php(361): CodeIgniter\CodeIgniter->handleRequest()
 8 FCPATH/index.php(80): CodeIgniter\CodeIgniter->run()
CRITICAL - 2024-03-12 13:43:51 --> ErrorException: Trying to access array offset on value of type null
in FCPATH/applications/USER/Controllers/Buyer.php on line 248.
 1 FCPATH/applications/USER/Controllers/Buyer.php(248): CodeIgniter\Debug\Exceptions->errorHandler()
 2 SYSTEMPATH/CodeIgniter.php(941): Applications\USER\Controllers\Buyer->update()
 3 SYSTEMPATH/CodeIgniter.php(502): CodeIgniter\CodeIgniter->runController()
 4 SYSTEMPATH/CodeIgniter.php(361): CodeIgniter\CodeIgniter->handleRequest()
 5 FCPATH/index.php(80): CodeIgniter\CodeIgniter->run()
CRITICAL - 2024-03-12 13:44:50 --> ErrorException: Trying to access array offset on value of type null
in FCPATH/applications/USER/Controllers/Buyer.php on line 248.
 1 FCPATH/applications/USER/Controllers/Buyer.php(248): CodeIgniter\Debug\Exceptions->errorHandler()
 2 SYSTEMPATH/CodeIgniter.php(941): Applications\USER\Controllers\Buyer->update()
 3 SYSTEMPATH/CodeIgniter.php(502): CodeIgniter\CodeIgniter->runController()
 4 SYSTEMPATH/CodeIgniter.php(361): CodeIgniter\CodeIgniter->handleRequest()
 5 FCPATH/index.php(80): CodeIgniter\CodeIgniter->run()
CRITICAL - 2024-03-12 13:47:31 --> ErrorException: Trying to access array offset on value of type null
in FCPATH/applications/USER/Controllers/Buyer.php on line 248.
 1 FCPATH/applications/USER/Controllers/Buyer.php(248): CodeIgniter\Debug\Exceptions->errorHandler()
 2 SYSTEMPATH/CodeIgniter.php(941): Applications\USER\Controllers\Buyer->update()
 3 SYSTEMPATH/CodeIgniter.php(502): CodeIgniter\CodeIgniter->runController()
 4 SYSTEMPATH/CodeIgniter.php(361): CodeIgniter\CodeIgniter->handleRequest()
 5 FCPATH/index.php(80): CodeIgniter\CodeIgniter->run()
CRITICAL - 2024-03-12 13:51:20 --> ErrorException: Trying to access array offset on value of type null
in FCPATH/applications/USER/Controllers/Buyer.php on line 248.
 1 FCPATH/applications/USER/Controllers/Buyer.php(248): CodeIgniter\Debug\Exceptions->errorHandler()
 2 SYSTEMPATH/CodeIgniter.php(941): Applications\USER\Controllers\Buyer->update()
 3 SYSTEMPATH/CodeIgniter.php(502): CodeIgniter\CodeIgniter->runController()
 4 SYSTEMPATH/CodeIgniter.php(361): CodeIgniter\CodeIgniter->handleRequest()
 5 FCPATH/index.php(80): CodeIgniter\CodeIgniter->run()
CRITICAL - 2024-03-12 13:52:47 --> ErrorException: Trying to access array offset on value of type null
in FCPATH/applications/USER/Controllers/Buyer.php on line 248.
 1 FCPATH/applications/USER/Controllers/Buyer.php(248): CodeIgniter\Debug\Exceptions->errorHandler()
 2 SYSTEMPATH/CodeIgniter.php(941): Applications\USER\Controllers\Buyer->update()
 3 SYSTEMPATH/CodeIgniter.php(502): CodeIgniter\CodeIgniter->runController()
 4 SYSTEMPATH/CodeIgniter.php(361): CodeIgniter\CodeIgniter->handleRequest()
 5 FCPATH/index.php(80): CodeIgniter\CodeIgniter->run()
CRITICAL - 2024-03-12 13:59:14 --> ErrorException: Trying to access array offset on value of type null
in FCPATH/applications/USER/Controllers/Buyer.php on line 248.
 1 FCPATH/applications/USER/Controllers/Buyer.php(248): CodeIgniter\Debug\Exceptions->errorHandler()
 2 SYSTEMPATH/CodeIgniter.php(941): Applications\USER\Controllers\Buyer->update()
 3 SYSTEMPATH/CodeIgniter.php(502): CodeIgniter\CodeIgniter->runController()
 4 SYSTEMPATH/CodeIgniter.php(361): CodeIgniter\CodeIgniter->handleRequest()
 5 FCPATH/index.php(80): CodeIgniter\CodeIgniter->run()
