CRITICAL - 2024-11-27 12:19:00 --> ErrorException: A non-numeric value encountered
in FCPATH/applications/BUYER/Views/view_centers.php on line 251.
 1 FCPATH/applications/BUYER/Views/view_centers.php(251): CodeIgniter\Debug\Exceptions->errorHandler(2, 'A non-numeric value encountered', '/var/www/eazyhosting.in/public_html/applications/BUYER/Views/view_centers.php', 251)
 2 SYSTEMPATH/View/View.php(228): include('/var/www/eazyhosting.in/public_html/applications/BUYER/Views/view_centers.php')
 3 SYSTEMPATH/View/View.php(231): CodeIgniter\View\View->CodeIgniter\View\{closure}()
 4 SYSTEMPATH/Common.php(1178): CodeIgniter\View\View->render('Applications\\BUYER\\Views\\view_centers', [], true)
 5 FCPATH/applications/BUYER/Controllers/BiddingCenter.php(76): view('Applications\\BUYER\\Views\\view_centers', [...])
 6 SYSTEMPATH/CodeIgniter.php(941): Applications\BUYER\Controllers\BiddingCenter->index('1')
 7 SYSTEMPATH/CodeIgniter.php(502): CodeIgniter\CodeIgniter->runController(Object(Applications\BUYER\Controllers\BiddingCenter))
 8 SYSTEMPATH/CodeIgniter.php(361): CodeIgniter\CodeIgniter->handleRequest(null, Object(Config\Cache), false)
 9 FCPATH/index.php(80): CodeIgniter\CodeIgniter->run()
CRITICAL - 2024-11-27 12:19:09 --> ErrorException: A non-numeric value encountered
in FCPATH/applications/BUYER/Views/view_centers.php on line 251.
 1 FCPATH/applications/BUYER/Views/view_centers.php(251): CodeIgniter\Debug\Exceptions->errorHandler(2, 'A non-numeric value encountered', '/var/www/eazyhosting.in/public_html/applications/BUYER/Views/view_centers.php', 251)
 2 SYSTEMPATH/View/View.php(228): include('/var/www/eazyhosting.in/public_html/applications/BUYER/Views/view_centers.php')
 3 SYSTEMPATH/View/View.php(231): CodeIgniter\View\View->CodeIgniter\View\{closure}()
 4 SYSTEMPATH/Common.php(1178): CodeIgniter\View\View->render('Applications\\BUYER\\Views\\view_centers', [], true)
 5 FCPATH/applications/BUYER/Controllers/BiddingCenter.php(76): view('Applications\\BUYER\\Views\\view_centers', [...])
 6 SYSTEMPATH/CodeIgniter.php(941): Applications\BUYER\Controllers\BiddingCenter->index('1')
 7 SYSTEMPATH/CodeIgniter.php(502): CodeIgniter\CodeIgniter->runController(Object(Applications\BUYER\Controllers\BiddingCenter))
 8 SYSTEMPATH/CodeIgniter.php(361): CodeIgniter\CodeIgniter->handleRequest(null, Object(Config\Cache), false)
 9 FCPATH/index.php(80): CodeIgniter\CodeIgniter->run()
CRITICAL - 2024-11-27 12:19:10 --> ErrorException: A non-numeric value encountered
in FCPATH/applications/BUYER/Views/view_centers.php on line 251.
 1 FCPATH/applications/BUYER/Views/view_centers.php(251): CodeIgniter\Debug\Exceptions->errorHandler(2, 'A non-numeric value encountered', '/var/www/eazyhosting.in/public_html/applications/BUYER/Views/view_centers.php', 251)
 2 SYSTEMPATH/View/View.php(228): include('/var/www/eazyhosting.in/public_html/applications/BUYER/Views/view_centers.php')
 3 SYSTEMPATH/View/View.php(231): CodeIgniter\View\View->CodeIgniter\View\{closure}()
 4 SYSTEMPATH/Common.php(1178): CodeIgniter\View\View->render('Applications\\BUYER\\Views\\view_centers', [], true)
 5 FCPATH/applications/BUYER/Controllers/BiddingCenter.php(76): view('Applications\\BUYER\\Views\\view_centers', [...])
 6 SYSTEMPATH/CodeIgniter.php(941): Applications\BUYER\Controllers\BiddingCenter->index('1')
 7 SYSTEMPATH/CodeIgniter.php(502): CodeIgniter\CodeIgniter->runController(Object(Applications\BUYER\Controllers\BiddingCenter))
 8 SYSTEMPATH/CodeIgniter.php(361): CodeIgniter\CodeIgniter->handleRequest(null, Object(Config\Cache), false)
 9 FCPATH/index.php(80): CodeIgniter\CodeIgniter->run()
CRITICAL - 2024-11-27 14:36:27 --> ErrorException: Undefined array key "auction"
in FCPATH/applications/USER/Controllers/BiddingSession.php on line 1215.
 1 FCPATH/applications/USER/Controllers/BiddingSession.php(1215): CodeIgniter\Debug\Exceptions->errorHandler(2, 'Undefined array key "auction"', '/var/www/eazyhosting.in/public_html/applications/USER/Controllers/BiddingSession.php', 1215)
 2 SYSTEMPATH/CodeIgniter.php(941): Applications\USER\Controllers\BiddingSession->addAuctionItems('73')
 3 SYSTEMPATH/CodeIgniter.php(502): CodeIgniter\CodeIgniter->runController(Object(Applications\USER\Controllers\BiddingSession))
 4 SYSTEMPATH/CodeIgniter.php(361): CodeIgniter\CodeIgniter->handleRequest(null, Object(Config\Cache), false)
 5 FCPATH/index.php(80): CodeIgniter\CodeIgniter->run()
CRITICAL - 2024-11-27 14:36:29 --> ErrorException: Undefined array key "auction"
in FCPATH/applications/USER/Controllers/BiddingSession.php on line 1215.
 1 FCPATH/applications/USER/Controllers/BiddingSession.php(1215): CodeIgniter\Debug\Exceptions->errorHandler(2, 'Undefined array key "auction"', '/var/www/eazyhosting.in/public_html/applications/USER/Controllers/BiddingSession.php', 1215)
 2 SYSTEMPATH/CodeIgniter.php(941): Applications\USER\Controllers\BiddingSession->addAuctionItems('73')
 3 SYSTEMPATH/CodeIgniter.php(502): CodeIgniter\CodeIgniter->runController(Object(Applications\USER\Controllers\BiddingSession))
 4 SYSTEMPATH/CodeIgniter.php(361): CodeIgniter\CodeIgniter->handleRequest(null, Object(Config\Cache), false)
 5 FCPATH/index.php(80): CodeIgniter\CodeIgniter->run()
CRITICAL - 2024-11-27 14:36:30 --> ErrorException: Undefined array key "auction"
in FCPATH/applications/USER/Controllers/BiddingSession.php on line 1215.
 1 FCPATH/applications/USER/Controllers/BiddingSession.php(1215): CodeIgniter\Debug\Exceptions->errorHandler(2, 'Undefined array key "auction"', '/var/www/eazyhosting.in/public_html/applications/USER/Controllers/BiddingSession.php', 1215)
 2 SYSTEMPATH/CodeIgniter.php(941): Applications\USER\Controllers\BiddingSession->addAuctionItems('73')
 3 SYSTEMPATH/CodeIgniter.php(502): CodeIgniter\CodeIgniter->runController(Object(Applications\USER\Controllers\BiddingSession))
 4 SYSTEMPATH/CodeIgniter.php(361): CodeIgniter\CodeIgniter->handleRequest(null, Object(Config\Cache), false)
 5 FCPATH/index.php(80): CodeIgniter\CodeIgniter->run()
CRITICAL - 2024-11-27 14:36:31 --> ErrorException: Undefined array key "auction"
in FCPATH/applications/USER/Controllers/BiddingSession.php on line 1215.
 1 FCPATH/applications/USER/Controllers/BiddingSession.php(1215): CodeIgniter\Debug\Exceptions->errorHandler(2, 'Undefined array key "auction"', '/var/www/eazyhosting.in/public_html/applications/USER/Controllers/BiddingSession.php', 1215)
 2 SYSTEMPATH/CodeIgniter.php(941): Applications\USER\Controllers\BiddingSession->addAuctionItems('73')
 3 SYSTEMPATH/CodeIgniter.php(502): CodeIgniter\CodeIgniter->runController(Object(Applications\USER\Controllers\BiddingSession))
 4 SYSTEMPATH/CodeIgniter.php(361): CodeIgniter\CodeIgniter->handleRequest(null, Object(Config\Cache), false)
 5 FCPATH/index.php(80): CodeIgniter\CodeIgniter->run()
CRITICAL - 2024-11-27 14:36:31 --> ErrorException: Undefined array key "auction"
in FCPATH/applications/USER/Controllers/BiddingSession.php on line 1215.
 1 FCPATH/applications/USER/Controllers/BiddingSession.php(1215): CodeIgniter\Debug\Exceptions->errorHandler(2, 'Undefined array key "auction"', '/var/www/eazyhosting.in/public_html/applications/USER/Controllers/BiddingSession.php', 1215)
 2 SYSTEMPATH/CodeIgniter.php(941): Applications\USER\Controllers\BiddingSession->addAuctionItems('73')
 3 SYSTEMPATH/CodeIgniter.php(502): CodeIgniter\CodeIgniter->runController(Object(Applications\USER\Controllers\BiddingSession))
 4 SYSTEMPATH/CodeIgniter.php(361): CodeIgniter\CodeIgniter->handleRequest(null, Object(Config\Cache), false)
 5 FCPATH/index.php(80): CodeIgniter\CodeIgniter->run()
