CRITICAL - 2024-03-25 08:55:14 --> ErrorException: Undefined array key "center"
in FCPATH\applications\BUYER\Views\dashboard.php on line 60.
 1 FCPATH\applications\BUYER\Views\dashboard.php(60): CodeIgniter\Debug\Exceptions->errorHandler(2, 'Undefined array key "center"', 'F:\\xampp\\htdocs\\oams_staging\\frontend\\applications\\BUYER\\Views\\dashboard.php', 60)
 2 SYSTEMPATH\View\View.php(228): include('F:\\xampp\\htdocs\\oams_staging\\frontend\\applications\\BUYER\\Views\\dashboard.php')
 3 SYSTEMPATH\View\View.php(231): CodeIgniter\View\View->CodeIgniter\View\{closure}()
 4 SYSTEMPATH\Common.php(1178): CodeIgniter\View\View->render('Applications\\BUYER\\Views\\dashboard', [], true)
 5 FCPATH\applications\BUYER\Controllers\Dashboard.php(52): view('Applications\\BUYER\\Views\\dashboard', [...])
 6 SYSTEMPATH\CodeIgniter.php(941): Applications\BUYER\Controllers\Dashboard->index()
 7 SYSTEMPATH\CodeIgniter.php(502): CodeIgniter\CodeIgniter->runController(Object(Applications\BUYER\Controllers\Dashboard))
 8 SYSTEMPATH\CodeIgniter.php(361): CodeIgniter\CodeIgniter->handleRequest(null, Object(Config\Cache), false)
 9 FCPATH\index.php(80): CodeIgniter\CodeIgniter->run()
CRITICAL - 2024-03-25 09:01:55 --> ErrorException: Undefined array key "center"
in FCPATH\applications\BUYER\Views\dashboard.php on line 60.
 1 FCPATH\applications\BUYER\Views\dashboard.php(60): CodeIgniter\Debug\Exceptions->errorHandler(2, 'Undefined array key "center"', 'F:\\xampp\\htdocs\\oams_staging\\frontend\\applications\\BUYER\\Views\\dashboard.php', 60)
 2 SYSTEMPATH\View\View.php(228): include('F:\\xampp\\htdocs\\oams_staging\\frontend\\applications\\BUYER\\Views\\dashboard.php')
 3 SYSTEMPATH\View\View.php(231): CodeIgniter\View\View->CodeIgniter\View\{closure}()
 4 SYSTEMPATH\Common.php(1178): CodeIgniter\View\View->render('Applications\\BUYER\\Views\\dashboard', [], true)
 5 FCPATH\applications\BUYER\Controllers\Dashboard.php(52): view('Applications\\BUYER\\Views\\dashboard', [...])
 6 SYSTEMPATH\CodeIgniter.php(941): Applications\BUYER\Controllers\Dashboard->index()
 7 SYSTEMPATH\CodeIgniter.php(502): CodeIgniter\CodeIgniter->runController(Object(Applications\BUYER\Controllers\Dashboard))
 8 SYSTEMPATH\CodeIgniter.php(361): CodeIgniter\CodeIgniter->handleRequest(null, Object(Config\Cache), false)
 9 FCPATH\index.php(80): CodeIgniter\CodeIgniter->run()
