CRITICAL - 2024-05-05 19:11:21 --> ErrorException: Undefined array key 0
in FCPATH\applications\BUYER\Views\view_centers.php on line 149.
 1 FCPATH\applications\BUYER\Views\view_centers.php(149): CodeIgniter\Debug\Exceptions->errorHandler(2, 'Undefined array key 0', 'F:\\xampp\\htdocs\\oams_staging\\frontend\\applications\\BUYER\\Views\\view_centers.php', 149)
 2 SYSTEMPATH\View\View.php(228): include('F:\\xampp\\htdocs\\oams_staging\\frontend\\applications\\BUYER\\Views\\view_centers.php')
 3 SYSTEMPATH\View\View.php(231): CodeIgniter\View\View->CodeIgniter\View\{closure}()
 4 SYSTEMPATH\Common.php(1178): CodeIgniter\View\View->render('Applications\\BUYER\\Views\\view_centers', [], true)
 5 FCPATH\applications\BUYER\Controllers\BiddingCenter.php(53): view('Applications\\BUYER\\Views\\view_centers', [...])
 6 SYSTEMPATH\CodeIgniter.php(941): Applications\BUYER\Controllers\BiddingCenter->index('18')
 7 SYSTEMPATH\CodeIgniter.php(502): CodeIgniter\CodeIgniter->runController(Object(Applications\BUYER\Controllers\BiddingCenter))
 8 SYSTEMPATH\CodeIgniter.php(361): CodeIgniter\CodeIgniter->handleRequest(null, Object(Config\Cache), false)
 9 FCPATH\index.php(80): CodeIgniter\CodeIgniter->run()
CRITICAL - 2024-05-05 19:11:44 --> ErrorException: Undefined array key 0
in FCPATH\applications\BUYER\Views\view_centers.php on line 149.
 1 FCPATH\applications\BUYER\Views\view_centers.php(149): CodeIgniter\Debug\Exceptions->errorHandler(2, 'Undefined array key 0', 'F:\\xampp\\htdocs\\oams_staging\\frontend\\applications\\BUYER\\Views\\view_centers.php', 149)
 2 SYSTEMPATH\View\View.php(228): include('F:\\xampp\\htdocs\\oams_staging\\frontend\\applications\\BUYER\\Views\\view_centers.php')
 3 SYSTEMPATH\View\View.php(231): CodeIgniter\View\View->CodeIgniter\View\{closure}()
 4 SYSTEMPATH\Common.php(1178): CodeIgniter\View\View->render('Applications\\BUYER\\Views\\view_centers', [], true)
 5 FCPATH\applications\BUYER\Controllers\BiddingCenter.php(53): view('Applications\\BUYER\\Views\\view_centers', [...])
 6 SYSTEMPATH\CodeIgniter.php(941): Applications\BUYER\Controllers\BiddingCenter->index('18')
 7 SYSTEMPATH\CodeIgniter.php(502): CodeIgniter\CodeIgniter->runController(Object(Applications\BUYER\Controllers\BiddingCenter))
 8 SYSTEMPATH\CodeIgniter.php(361): CodeIgniter\CodeIgniter->handleRequest(null, Object(Config\Cache), false)
 9 FCPATH\index.php(80): CodeIgniter\CodeIgniter->run()
CRITICAL - 2024-05-05 19:12:04 --> ErrorException: Undefined array key 0
in FCPATH\applications\BUYER\Views\view_centers.php on line 149.
 1 FCPATH\applications\BUYER\Views\view_centers.php(149): CodeIgniter\Debug\Exceptions->errorHandler(2, 'Undefined array key 0', 'F:\\xampp\\htdocs\\oams_staging\\frontend\\applications\\BUYER\\Views\\view_centers.php', 149)
 2 SYSTEMPATH\View\View.php(228): include('F:\\xampp\\htdocs\\oams_staging\\frontend\\applications\\BUYER\\Views\\view_centers.php')
 3 SYSTEMPATH\View\View.php(231): CodeIgniter\View\View->CodeIgniter\View\{closure}()
 4 SYSTEMPATH\Common.php(1178): CodeIgniter\View\View->render('Applications\\BUYER\\Views\\view_centers', [], true)
 5 FCPATH\applications\BUYER\Controllers\BiddingCenter.php(53): view('Applications\\BUYER\\Views\\view_centers', [...])
 6 SYSTEMPATH\CodeIgniter.php(941): Applications\BUYER\Controllers\BiddingCenter->index('18')
 7 SYSTEMPATH\CodeIgniter.php(502): CodeIgniter\CodeIgniter->runController(Object(Applications\BUYER\Controllers\BiddingCenter))
 8 SYSTEMPATH\CodeIgniter.php(361): CodeIgniter\CodeIgniter->handleRequest(null, Object(Config\Cache), false)
 9 FCPATH\index.php(80): CodeIgniter\CodeIgniter->run()
CRITICAL - 2024-05-05 19:15:10 --> ErrorException: Undefined array key 0
in FCPATH\applications\BUYER\Views\view_centers.php on line 149.
 1 FCPATH\applications\BUYER\Views\view_centers.php(149): CodeIgniter\Debug\Exceptions->errorHandler(2, 'Undefined array key 0', 'F:\\xampp\\htdocs\\oams_staging\\frontend\\applications\\BUYER\\Views\\view_centers.php', 149)
 2 SYSTEMPATH\View\View.php(228): include('F:\\xampp\\htdocs\\oams_staging\\frontend\\applications\\BUYER\\Views\\view_centers.php')
 3 SYSTEMPATH\View\View.php(231): CodeIgniter\View\View->CodeIgniter\View\{closure}()
 4 SYSTEMPATH\Common.php(1178): CodeIgniter\View\View->render('Applications\\BUYER\\Views\\view_centers', [], true)
 5 FCPATH\applications\BUYER\Controllers\BiddingCenter.php(53): view('Applications\\BUYER\\Views\\view_centers', [...])
 6 SYSTEMPATH\CodeIgniter.php(941): Applications\BUYER\Controllers\BiddingCenter->index('18')
 7 SYSTEMPATH\CodeIgniter.php(502): CodeIgniter\CodeIgniter->runController(Object(Applications\BUYER\Controllers\BiddingCenter))
 8 SYSTEMPATH\CodeIgniter.php(361): CodeIgniter\CodeIgniter->handleRequest(null, Object(Config\Cache), false)
 9 FCPATH\index.php(80): CodeIgniter\CodeIgniter->run()
