CRITICAL - 2024-04-29 00:07:58 --> ErrorException: foreach() argument must be of type array|object, null given
in FCPATH\applications\USER\Views\BiddingSession\center_gardens.php on line 89.
 1 FCPATH\applications\USER\Views\BiddingSession\center_gardens.php(89): CodeIgniter\Debug\Exceptions->errorHandler(2, 'foreach() argument must be of type array|object, null given', 'F:\\xampp\\htdocs\\oams_staging\\frontend\\applications\\USER\\Views\\BiddingSession\\center_gardens.php', 89)
 2 SYSTEMPATH\View\View.php(228): include('F:\\xampp\\htdocs\\oams_staging\\frontend\\applications\\USER\\Views\\BiddingSession\\center_gardens.php')
 3 SYSTEMPATH\View\View.php(231): CodeIgniter\View\View->CodeIgniter\View\{closure}()
 4 SYSTEMPATH\Common.php(1178): CodeIgniter\View\View->render('Applications\\USER\\Views\\BiddingSession\\center_gardens', [], true)
 5 FCPATH\applications\USER\Controllers\BiddingSession.php(1240): view('Applications\\USER\\Views\\BiddingSession\\center_gardens', [...])
 6 SYSTEMPATH\CodeIgniter.php(941): Applications\USER\Controllers\BiddingSession->reOrderGarden('12')
 7 SYSTEMPATH\CodeIgniter.php(502): CodeIgniter\CodeIgniter->runController(Object(Applications\USER\Controllers\BiddingSession))
 8 SYSTEMPATH\CodeIgniter.php(361): CodeIgniter\CodeIgniter->handleRequest(null, Object(Config\Cache), false)
 9 FCPATH\index.php(80): CodeIgniter\CodeIgniter->run()
CRITICAL - 2024-04-29 00:09:04 --> ErrorException: foreach() argument must be of type array|object, null given
in FCPATH\applications\USER\Views\BiddingSession\center_gardens.php on line 89.
 1 FCPATH\applications\USER\Views\BiddingSession\center_gardens.php(89): CodeIgniter\Debug\Exceptions->errorHandler(2, 'foreach() argument must be of type array|object, null given', 'F:\\xampp\\htdocs\\oams_staging\\frontend\\applications\\USER\\Views\\BiddingSession\\center_gardens.php', 89)
 2 SYSTEMPATH\View\View.php(228): include('F:\\xampp\\htdocs\\oams_staging\\frontend\\applications\\USER\\Views\\BiddingSession\\center_gardens.php')
 3 SYSTEMPATH\View\View.php(231): CodeIgniter\View\View->CodeIgniter\View\{closure}()
 4 SYSTEMPATH\Common.php(1178): CodeIgniter\View\View->render('Applications\\USER\\Views\\BiddingSession\\center_gardens', [], true)
 5 FCPATH\applications\USER\Controllers\BiddingSession.php(1240): view('Applications\\USER\\Views\\BiddingSession\\center_gardens', [...])
 6 SYSTEMPATH\CodeIgniter.php(941): Applications\USER\Controllers\BiddingSession->reOrderGarden('12')
 7 SYSTEMPATH\CodeIgniter.php(502): CodeIgniter\CodeIgniter->runController(Object(Applications\USER\Controllers\BiddingSession))
 8 SYSTEMPATH\CodeIgniter.php(361): CodeIgniter\CodeIgniter->handleRequest(null, Object(Config\Cache), false)
 9 FCPATH\index.php(80): CodeIgniter\CodeIgniter->run()
CRITICAL - 2024-04-29 00:27:31 --> ErrorException: foreach() argument must be of type array|object, null given
in FCPATH\applications\USER\Views\BiddingSession\center_gardens.php on line 89.
 1 FCPATH\applications\USER\Views\BiddingSession\center_gardens.php(89): CodeIgniter\Debug\Exceptions->errorHandler(2, 'foreach() argument must be of type array|object, null given', 'F:\\xampp\\htdocs\\oams_staging\\frontend\\applications\\USER\\Views\\BiddingSession\\center_gardens.php', 89)
 2 SYSTEMPATH\View\View.php(228): include('F:\\xampp\\htdocs\\oams_staging\\frontend\\applications\\USER\\Views\\BiddingSession\\center_gardens.php')
 3 SYSTEMPATH\View\View.php(231): CodeIgniter\View\View->CodeIgniter\View\{closure}()
 4 SYSTEMPATH\Common.php(1178): CodeIgniter\View\View->render('Applications\\USER\\Views\\BiddingSession\\center_gardens', [], true)
 5 FCPATH\applications\USER\Controllers\BiddingSession.php(1240): view('Applications\\USER\\Views\\BiddingSession\\center_gardens', [...])
 6 SYSTEMPATH\CodeIgniter.php(941): Applications\USER\Controllers\BiddingSession->reOrderGarden('12')
 7 SYSTEMPATH\CodeIgniter.php(502): CodeIgniter\CodeIgniter->runController(Object(Applications\USER\Controllers\BiddingSession))
 8 SYSTEMPATH\CodeIgniter.php(361): CodeIgniter\CodeIgniter->handleRequest(null, Object(Config\Cache), false)
 9 FCPATH\index.php(80): CodeIgniter\CodeIgniter->run()
CRITICAL - 2024-04-29 00:43:29 --> ErrorException: foreach() argument must be of type array|object, null given
in FCPATH\applications\USER\Views\BiddingSession\center_gardens.php on line 89.
 1 FCPATH\applications\USER\Views\BiddingSession\center_gardens.php(89): CodeIgniter\Debug\Exceptions->errorHandler(2, 'foreach() argument must be of type array|object, null given', 'F:\\xampp\\htdocs\\oams_staging\\frontend\\applications\\USER\\Views\\BiddingSession\\center_gardens.php', 89)
 2 SYSTEMPATH\View\View.php(228): include('F:\\xampp\\htdocs\\oams_staging\\frontend\\applications\\USER\\Views\\BiddingSession\\center_gardens.php')
 3 SYSTEMPATH\View\View.php(231): CodeIgniter\View\View->CodeIgniter\View\{closure}()
 4 SYSTEMPATH\Common.php(1178): CodeIgniter\View\View->render('Applications\\USER\\Views\\BiddingSession\\center_gardens', [], true)
 5 FCPATH\applications\USER\Controllers\BiddingSession.php(1240): view('Applications\\USER\\Views\\BiddingSession\\center_gardens', [...])
 6 SYSTEMPATH\CodeIgniter.php(941): Applications\USER\Controllers\BiddingSession->reOrderGarden('13')
 7 SYSTEMPATH\CodeIgniter.php(502): CodeIgniter\CodeIgniter->runController(Object(Applications\USER\Controllers\BiddingSession))
 8 SYSTEMPATH\CodeIgniter.php(361): CodeIgniter\CodeIgniter->handleRequest(null, Object(Config\Cache), false)
 9 FCPATH\index.php(80): CodeIgniter\CodeIgniter->run()
CRITICAL - 2024-04-29 00:44:33 --> ErrorException: foreach() argument must be of type array|object, null given
in FCPATH\applications\USER\Views\BiddingSession\center_gardens.php on line 89.
 1 FCPATH\applications\USER\Views\BiddingSession\center_gardens.php(89): CodeIgniter\Debug\Exceptions->errorHandler(2, 'foreach() argument must be of type array|object, null given', 'F:\\xampp\\htdocs\\oams_staging\\frontend\\applications\\USER\\Views\\BiddingSession\\center_gardens.php', 89)
 2 SYSTEMPATH\View\View.php(228): include('F:\\xampp\\htdocs\\oams_staging\\frontend\\applications\\USER\\Views\\BiddingSession\\center_gardens.php')
 3 SYSTEMPATH\View\View.php(231): CodeIgniter\View\View->CodeIgniter\View\{closure}()
 4 SYSTEMPATH\Common.php(1178): CodeIgniter\View\View->render('Applications\\USER\\Views\\BiddingSession\\center_gardens', [], true)
 5 FCPATH\applications\USER\Controllers\BiddingSession.php(1240): view('Applications\\USER\\Views\\BiddingSession\\center_gardens', [...])
 6 SYSTEMPATH\CodeIgniter.php(941): Applications\USER\Controllers\BiddingSession->reOrderGarden('13')
 7 SYSTEMPATH\CodeIgniter.php(502): CodeIgniter\CodeIgniter->runController(Object(Applications\USER\Controllers\BiddingSession))
 8 SYSTEMPATH\CodeIgniter.php(361): CodeIgniter\CodeIgniter->handleRequest(null, Object(Config\Cache), false)
 9 FCPATH\index.php(80): CodeIgniter\CodeIgniter->run()
CRITICAL - 2024-04-29 00:47:23 --> ErrorException: foreach() argument must be of type array|object, null given
in FCPATH\applications\USER\Views\BiddingSession\center_gardens.php on line 89.
 1 FCPATH\applications\USER\Views\BiddingSession\center_gardens.php(89): CodeIgniter\Debug\Exceptions->errorHandler(2, 'foreach() argument must be of type array|object, null given', 'F:\\xampp\\htdocs\\oams_staging\\frontend\\applications\\USER\\Views\\BiddingSession\\center_gardens.php', 89)
 2 SYSTEMPATH\View\View.php(228): include('F:\\xampp\\htdocs\\oams_staging\\frontend\\applications\\USER\\Views\\BiddingSession\\center_gardens.php')
 3 SYSTEMPATH\View\View.php(231): CodeIgniter\View\View->CodeIgniter\View\{closure}()
 4 SYSTEMPATH\Common.php(1178): CodeIgniter\View\View->render('Applications\\USER\\Views\\BiddingSession\\center_gardens', [], true)
 5 FCPATH\applications\USER\Controllers\BiddingSession.php(1240): view('Applications\\USER\\Views\\BiddingSession\\center_gardens', [...])
 6 SYSTEMPATH\CodeIgniter.php(941): Applications\USER\Controllers\BiddingSession->reOrderGarden('13')
 7 SYSTEMPATH\CodeIgniter.php(502): CodeIgniter\CodeIgniter->runController(Object(Applications\USER\Controllers\BiddingSession))
 8 SYSTEMPATH\CodeIgniter.php(361): CodeIgniter\CodeIgniter->handleRequest(null, Object(Config\Cache), false)
 9 FCPATH\index.php(80): CodeIgniter\CodeIgniter->run()
CRITICAL - 2024-04-29 00:47:58 --> ErrorException: foreach() argument must be of type array|object, null given
in FCPATH\applications\USER\Views\BiddingSession\center_gardens.php on line 89.
 1 FCPATH\applications\USER\Views\BiddingSession\center_gardens.php(89): CodeIgniter\Debug\Exceptions->errorHandler(2, 'foreach() argument must be of type array|object, null given', 'F:\\xampp\\htdocs\\oams_staging\\frontend\\applications\\USER\\Views\\BiddingSession\\center_gardens.php', 89)
 2 SYSTEMPATH\View\View.php(228): include('F:\\xampp\\htdocs\\oams_staging\\frontend\\applications\\USER\\Views\\BiddingSession\\center_gardens.php')
 3 SYSTEMPATH\View\View.php(231): CodeIgniter\View\View->CodeIgniter\View\{closure}()
 4 SYSTEMPATH\Common.php(1178): CodeIgniter\View\View->render('Applications\\USER\\Views\\BiddingSession\\center_gardens', [], true)
 5 FCPATH\applications\USER\Controllers\BiddingSession.php(1240): view('Applications\\USER\\Views\\BiddingSession\\center_gardens', [...])
 6 SYSTEMPATH\CodeIgniter.php(941): Applications\USER\Controllers\BiddingSession->reOrderGarden('13')
 7 SYSTEMPATH\CodeIgniter.php(502): CodeIgniter\CodeIgniter->runController(Object(Applications\USER\Controllers\BiddingSession))
 8 SYSTEMPATH\CodeIgniter.php(361): CodeIgniter\CodeIgniter->handleRequest(null, Object(Config\Cache), false)
 9 FCPATH\index.php(80): CodeIgniter\CodeIgniter->run()
CRITICAL - 2024-04-29 00:48:25 --> ErrorException: foreach() argument must be of type array|object, null given
in FCPATH\applications\USER\Views\BiddingSession\center_gardens.php on line 89.
 1 FCPATH\applications\USER\Views\BiddingSession\center_gardens.php(89): CodeIgniter\Debug\Exceptions->errorHandler(2, 'foreach() argument must be of type array|object, null given', 'F:\\xampp\\htdocs\\oams_staging\\frontend\\applications\\USER\\Views\\BiddingSession\\center_gardens.php', 89)
 2 SYSTEMPATH\View\View.php(228): include('F:\\xampp\\htdocs\\oams_staging\\frontend\\applications\\USER\\Views\\BiddingSession\\center_gardens.php')
 3 SYSTEMPATH\View\View.php(231): CodeIgniter\View\View->CodeIgniter\View\{closure}()
 4 SYSTEMPATH\Common.php(1178): CodeIgniter\View\View->render('Applications\\USER\\Views\\BiddingSession\\center_gardens', [], true)
 5 FCPATH\applications\USER\Controllers\BiddingSession.php(1240): view('Applications\\USER\\Views\\BiddingSession\\center_gardens', [...])
 6 SYSTEMPATH\CodeIgniter.php(941): Applications\USER\Controllers\BiddingSession->reOrderGarden('13')
 7 SYSTEMPATH\CodeIgniter.php(502): CodeIgniter\CodeIgniter->runController(Object(Applications\USER\Controllers\BiddingSession))
 8 SYSTEMPATH\CodeIgniter.php(361): CodeIgniter\CodeIgniter->handleRequest(null, Object(Config\Cache), false)
 9 FCPATH\index.php(80): CodeIgniter\CodeIgniter->run()
CRITICAL - 2024-04-29 09:33:19 --> TypeError: array_column_recursive(): Argument #1 ($array) must be of type array, null given, called in F:\xampp\htdocs\oams_staging\frontend\applications\USER\Views\sidebar.php on line 23
in APPPATH\Helpers\curl_helper.php on line 67.
 1 FCPATH\applications\USER\Views\sidebar.php(23): array_column_recursive(null, 'module_id')
 2 SYSTEMPATH\View\View.php(228): include('F:\\xampp\\htdocs\\oams_staging\\frontend\\applications\\USER\\Views\\sidebar.php')
 3 SYSTEMPATH\View\View.php(231): CodeIgniter\View\View->CodeIgniter\View\{closure}()
 4 SYSTEMPATH\Common.php(1178): CodeIgniter\View\View->render('Applications\\USER\\Views\\sidebar', [], true)
 5 FCPATH\applications\USER\Controllers\Dashboard.php(26): view('Applications\\USER\\Views\\sidebar', [...])
 6 SYSTEMPATH\CodeIgniter.php(941): Applications\USER\Controllers\Dashboard->index()
 7 SYSTEMPATH\CodeIgniter.php(502): CodeIgniter\CodeIgniter->runController(Object(Applications\USER\Controllers\Dashboard))
 8 SYSTEMPATH\CodeIgniter.php(361): CodeIgniter\CodeIgniter->handleRequest(null, Object(Config\Cache), false)
 9 FCPATH\index.php(80): CodeIgniter\CodeIgniter->run()
CRITICAL - 2024-04-29 09:36:33 --> ErrorException: foreach() argument must be of type array|object, null given
in FCPATH\applications\USER\Views\BiddingSession\center_gardens.php on line 89.
 1 FCPATH\applications\USER\Views\BiddingSession\center_gardens.php(89): CodeIgniter\Debug\Exceptions->errorHandler(2, 'foreach() argument must be of type array|object, null given', 'F:\\xampp\\htdocs\\oams_staging\\frontend\\applications\\USER\\Views\\BiddingSession\\center_gardens.php', 89)
 2 SYSTEMPATH\View\View.php(228): include('F:\\xampp\\htdocs\\oams_staging\\frontend\\applications\\USER\\Views\\BiddingSession\\center_gardens.php')
 3 SYSTEMPATH\View\View.php(231): CodeIgniter\View\View->CodeIgniter\View\{closure}()
 4 SYSTEMPATH\Common.php(1178): CodeIgniter\View\View->render('Applications\\USER\\Views\\BiddingSession\\center_gardens', [], true)
 5 FCPATH\applications\USER\Controllers\BiddingSession.php(1240): view('Applications\\USER\\Views\\BiddingSession\\center_gardens', [...])
 6 SYSTEMPATH\CodeIgniter.php(941): Applications\USER\Controllers\BiddingSession->reOrderGarden('14')
 7 SYSTEMPATH\CodeIgniter.php(502): CodeIgniter\CodeIgniter->runController(Object(Applications\USER\Controllers\BiddingSession))
 8 SYSTEMPATH\CodeIgniter.php(361): CodeIgniter\CodeIgniter->handleRequest(null, Object(Config\Cache), false)
 9 FCPATH\index.php(80): CodeIgniter\CodeIgniter->run()
