CRITICAL - 2024-06-13 12:14:03 --> ErrorException: Trying to access array offset on value of type null
in FCPATH/applications/USER/Controllers/Garden.php on line 484.
 1 FCPATH/applications/USER/Controllers/Garden.php(484): CodeIgniter\Debug\Exceptions->errorHandler(2, 'Trying to access array offset on value of type null', '/var/www/eazyhosting.in/public_html/applications/USER/Controllers/Garden.php', 484)
 2 SYSTEMPATH/CodeIgniter.php(941): Applications\USER\Controllers\Garden->AssignCategoryGrade()
 3 SYSTEMPATH/CodeIgniter.php(502): CodeIgniter\CodeIgniter->runController(Object(Applications\USER\Controllers\Garden))
 4 SYSTEMPATH/CodeIgniter.php(361): CodeIgniter\CodeIgniter->handleRequest(null, Object(Config\Cache), false)
 5 FCPATH/index.php(80): CodeIgniter\CodeIgniter->run()
CRITICAL - 2024-06-13 12:17:16 --> ErrorException: Trying to access array offset on value of type null
in FCPATH/applications/USER/Controllers/Garden.php on line 484.
 1 FCPATH/applications/USER/Controllers/Garden.php(484): CodeIgniter\Debug\Exceptions->errorHandler(2, 'Trying to access array offset on value of type null', '/var/www/eazyhosting.in/public_html/applications/USER/Controllers/Garden.php', 484)
 2 SYSTEMPATH/CodeIgniter.php(941): Applications\USER\Controllers\Garden->AssignCategoryGrade()
 3 SYSTEMPATH/CodeIgniter.php(502): CodeIgniter\CodeIgniter->runController(Object(Applications\USER\Controllers\Garden))
 4 SYSTEMPATH/CodeIgniter.php(361): CodeIgniter\CodeIgniter->handleRequest(null, Object(Config\Cache), false)
 5 FCPATH/index.php(80): CodeIgniter\CodeIgniter->run()
CRITICAL - 2024-06-13 12:17:58 --> ErrorException: Trying to access array offset on value of type null
in FCPATH/applications/USER/Controllers/Garden.php on line 484.
 1 FCPATH/applications/USER/Controllers/Garden.php(484): CodeIgniter\Debug\Exceptions->errorHandler(2, 'Trying to access array offset on value of type null', '/var/www/eazyhosting.in/public_html/applications/USER/Controllers/Garden.php', 484)
 2 SYSTEMPATH/CodeIgniter.php(941): Applications\USER\Controllers\Garden->AssignCategoryGrade()
 3 SYSTEMPATH/CodeIgniter.php(502): CodeIgniter\CodeIgniter->runController(Object(Applications\USER\Controllers\Garden))
 4 SYSTEMPATH/CodeIgniter.php(361): CodeIgniter\CodeIgniter->handleRequest(null, Object(Config\Cache), false)
 5 FCPATH/index.php(80): CodeIgniter\CodeIgniter->run()
CRITICAL - 2024-06-13 12:18:06 --> ErrorException: Trying to access array offset on value of type null
in FCPATH/applications/USER/Controllers/Garden.php on line 484.
 1 FCPATH/applications/USER/Controllers/Garden.php(484): CodeIgniter\Debug\Exceptions->errorHandler(2, 'Trying to access array offset on value of type null', '/var/www/eazyhosting.in/public_html/applications/USER/Controllers/Garden.php', 484)
 2 SYSTEMPATH/CodeIgniter.php(941): Applications\USER\Controllers\Garden->AssignCategoryGrade()
 3 SYSTEMPATH/CodeIgniter.php(502): CodeIgniter\CodeIgniter->runController(Object(Applications\USER\Controllers\Garden))
 4 SYSTEMPATH/CodeIgniter.php(361): CodeIgniter\CodeIgniter->handleRequest(null, Object(Config\Cache), false)
 5 FCPATH/index.php(80): CodeIgniter\CodeIgniter->run()
CRITICAL - 2024-06-13 12:18:51 --> ErrorException: Trying to access array offset on value of type null
in FCPATH/applications/USER/Controllers/Garden.php on line 484.
 1 FCPATH/applications/USER/Controllers/Garden.php(484): CodeIgniter\Debug\Exceptions->errorHandler(2, 'Trying to access array offset on value of type null', '/var/www/eazyhosting.in/public_html/applications/USER/Controllers/Garden.php', 484)
 2 SYSTEMPATH/CodeIgniter.php(941): Applications\USER\Controllers\Garden->AssignCategoryGrade()
 3 SYSTEMPATH/CodeIgniter.php(502): CodeIgniter\CodeIgniter->runController(Object(Applications\USER\Controllers\Garden))
 4 SYSTEMPATH/CodeIgniter.php(361): CodeIgniter\CodeIgniter->handleRequest(null, Object(Config\Cache), false)
 5 FCPATH/index.php(80): CodeIgniter\CodeIgniter->run()
CRITICAL - 2024-06-13 12:19:27 --> ErrorException: Trying to access array offset on value of type null
in FCPATH/applications/USER/Controllers/Garden.php on line 484.
 1 FCPATH/applications/USER/Controllers/Garden.php(484): CodeIgniter\Debug\Exceptions->errorHandler(2, 'Trying to access array offset on value of type null', '/var/www/eazyhosting.in/public_html/applications/USER/Controllers/Garden.php', 484)
 2 SYSTEMPATH/CodeIgniter.php(941): Applications\USER\Controllers\Garden->AssignCategoryGrade()
 3 SYSTEMPATH/CodeIgniter.php(502): CodeIgniter\CodeIgniter->runController(Object(Applications\USER\Controllers\Garden))
 4 SYSTEMPATH/CodeIgniter.php(361): CodeIgniter\CodeIgniter->handleRequest(null, Object(Config\Cache), false)
 5 FCPATH/index.php(80): CodeIgniter\CodeIgniter->run()
CRITICAL - 2024-06-13 12:26:32 --> ErrorException: Trying to access array offset on value of type null
in FCPATH/applications/USER/Controllers/Garden.php on line 484.
 1 FCPATH/applications/USER/Controllers/Garden.php(484): CodeIgniter\Debug\Exceptions->errorHandler(2, 'Trying to access array offset on value of type null', '/var/www/eazyhosting.in/public_html/applications/USER/Controllers/Garden.php', 484)
 2 SYSTEMPATH/CodeIgniter.php(941): Applications\USER\Controllers\Garden->AssignCategoryGrade()
 3 SYSTEMPATH/CodeIgniter.php(502): CodeIgniter\CodeIgniter->runController(Object(Applications\USER\Controllers\Garden))
 4 SYSTEMPATH/CodeIgniter.php(361): CodeIgniter\CodeIgniter->handleRequest(null, Object(Config\Cache), false)
 5 FCPATH/index.php(80): CodeIgniter\CodeIgniter->run()
CRITICAL - 2024-06-13 12:26:37 --> ErrorException: Trying to access array offset on value of type null
in FCPATH/applications/USER/Controllers/Garden.php on line 484.
 1 FCPATH/applications/USER/Controllers/Garden.php(484): CodeIgniter\Debug\Exceptions->errorHandler(2, 'Trying to access array offset on value of type null', '/var/www/eazyhosting.in/public_html/applications/USER/Controllers/Garden.php', 484)
 2 SYSTEMPATH/CodeIgniter.php(941): Applications\USER\Controllers\Garden->AssignCategoryGrade()
 3 SYSTEMPATH/CodeIgniter.php(502): CodeIgniter\CodeIgniter->runController(Object(Applications\USER\Controllers\Garden))
 4 SYSTEMPATH/CodeIgniter.php(361): CodeIgniter\CodeIgniter->handleRequest(null, Object(Config\Cache), false)
 5 FCPATH/index.php(80): CodeIgniter\CodeIgniter->run()
CRITICAL - 2024-06-13 17:17:45 --> ErrorException: Trying to access array offset on value of type null
in FCPATH/applications/USER/Controllers/BiddingSession.php on line 475.
 1 FCPATH/applications/USER/Controllers/BiddingSession.php(475): CodeIgniter\Debug\Exceptions->errorHandler(2, 'Trying to access array offset on value of type null', '/var/www/eazyhosting.in/public_html/applications/USER/Controllers/BiddingSession.php', 475)
 2 SYSTEMPATH/CodeIgniter.php(941): Applications\USER\Controllers\BiddingSession->completedAuctions('2')
 3 SYSTEMPATH/CodeIgniter.php(502): CodeIgniter\CodeIgniter->runController(Object(Applications\USER\Controllers\BiddingSession))
 4 SYSTEMPATH/CodeIgniter.php(361): CodeIgniter\CodeIgniter->handleRequest(null, Object(Config\Cache), false)
 5 FCPATH/index.php(80): CodeIgniter\CodeIgniter->run()
CRITICAL - 2024-06-13 17:17:48 --> ErrorException: Trying to access array offset on value of type null
in FCPATH/applications/USER/Controllers/BiddingSession.php on line 475.
 1 FCPATH/applications/USER/Controllers/BiddingSession.php(475): CodeIgniter\Debug\Exceptions->errorHandler(2, 'Trying to access array offset on value of type null', '/var/www/eazyhosting.in/public_html/applications/USER/Controllers/BiddingSession.php', 475)
 2 SYSTEMPATH/CodeIgniter.php(941): Applications\USER\Controllers\BiddingSession->completedAuctions('2')
 3 SYSTEMPATH/CodeIgniter.php(502): CodeIgniter\CodeIgniter->runController(Object(Applications\USER\Controllers\BiddingSession))
 4 SYSTEMPATH/CodeIgniter.php(361): CodeIgniter\CodeIgniter->handleRequest(null, Object(Config\Cache), false)
 5 FCPATH/index.php(80): CodeIgniter\CodeIgniter->run()
CRITICAL - 2024-06-13 17:17:51 --> ErrorException: Trying to access array offset on value of type null
in FCPATH/applications/USER/Controllers/BiddingSession.php on line 415.
 1 FCPATH/applications/USER/Controllers/BiddingSession.php(415): CodeIgniter\Debug\Exceptions->errorHandler(2, 'Trying to access array offset on value of type null', '/var/www/eazyhosting.in/public_html/applications/USER/Controllers/BiddingSession.php', 415)
 2 SYSTEMPATH/CodeIgniter.php(941): Applications\USER\Controllers\BiddingSession->view('2')
 3 SYSTEMPATH/CodeIgniter.php(502): CodeIgniter\CodeIgniter->runController(Object(Applications\USER\Controllers\BiddingSession))
 4 SYSTEMPATH/CodeIgniter.php(361): CodeIgniter\CodeIgniter->handleRequest(null, Object(Config\Cache), false)
 5 FCPATH/index.php(80): CodeIgniter\CodeIgniter->run()
CRITICAL - 2024-06-13 17:17:55 --> ErrorException: Trying to access array offset on value of type null
in FCPATH/applications/USER/Controllers/BiddingSession.php on line 415.
 1 FCPATH/applications/USER/Controllers/BiddingSession.php(415): CodeIgniter\Debug\Exceptions->errorHandler(2, 'Trying to access array offset on value of type null', '/var/www/eazyhosting.in/public_html/applications/USER/Controllers/BiddingSession.php', 415)
 2 SYSTEMPATH/CodeIgniter.php(941): Applications\USER\Controllers\BiddingSession->view('1')
 3 SYSTEMPATH/CodeIgniter.php(502): CodeIgniter\CodeIgniter->runController(Object(Applications\USER\Controllers\BiddingSession))
 4 SYSTEMPATH/CodeIgniter.php(361): CodeIgniter\CodeIgniter->handleRequest(null, Object(Config\Cache), false)
 5 FCPATH/index.php(80): CodeIgniter\CodeIgniter->run()
CRITICAL - 2024-06-13 17:19:21 --> ErrorException: Trying to access array offset on value of type null
in FCPATH/applications/USER/Controllers/BiddingSession.php on line 415.
 1 FCPATH/applications/USER/Controllers/BiddingSession.php(415): CodeIgniter\Debug\Exceptions->errorHandler(2, 'Trying to access array offset on value of type null', '/var/www/eazyhosting.in/public_html/applications/USER/Controllers/BiddingSession.php', 415)
 2 SYSTEMPATH/CodeIgniter.php(941): Applications\USER\Controllers\BiddingSession->view('2')
 3 SYSTEMPATH/CodeIgniter.php(502): CodeIgniter\CodeIgniter->runController(Object(Applications\USER\Controllers\BiddingSession))
 4 SYSTEMPATH/CodeIgniter.php(361): CodeIgniter\CodeIgniter->handleRequest(null, Object(Config\Cache), false)
 5 FCPATH/index.php(80): CodeIgniter\CodeIgniter->run()
CRITICAL - 2024-06-13 17:19:23 --> ErrorException: Trying to access array offset on value of type null
in FCPATH/applications/USER/Controllers/BiddingSession.php on line 475.
 1 FCPATH/applications/USER/Controllers/BiddingSession.php(475): CodeIgniter\Debug\Exceptions->errorHandler(2, 'Trying to access array offset on value of type null', '/var/www/eazyhosting.in/public_html/applications/USER/Controllers/BiddingSession.php', 475)
 2 SYSTEMPATH/CodeIgniter.php(941): Applications\USER\Controllers\BiddingSession->completedAuctions('2')
 3 SYSTEMPATH/CodeIgniter.php(502): CodeIgniter\CodeIgniter->runController(Object(Applications\USER\Controllers\BiddingSession))
 4 SYSTEMPATH/CodeIgniter.php(361): CodeIgniter\CodeIgniter->handleRequest(null, Object(Config\Cache), false)
 5 FCPATH/index.php(80): CodeIgniter\CodeIgniter->run()
