CRITICAL - 2024-03-07 13:08:51 --> ErrorException: Undefined array key "auction"
in FCPATH/applications/BUYER/Controllers/BiddingCenter.php on line 38.
 1 FCPATH/applications/BUYER/Controllers/BiddingCenter.php(38): CodeIgniter\Debug\Exceptions->errorHandler()
 2 SYSTEMPATH/CodeIgniter.php(941): Applications\BUYER\Controllers\BiddingCenter->index()
 3 SYSTEMPATH/CodeIgniter.php(502): CodeIgniter\CodeIgniter->runController()
 4 SYSTEMPATH/CodeIgniter.php(361): CodeIgniter\CodeIgniter->handleRequest()
 5 FCPATH/index.php(80): CodeIgniter\CodeIgniter->run()
CRITICAL - 2024-03-07 13:10:19 --> ErrorException: Undefined array key "auction"
in FCPATH/applications/BUYER/Controllers/BiddingCenter.php on line 38.
 1 FCPATH/applications/BUYER/Controllers/BiddingCenter.php(38): CodeIgniter\Debug\Exceptions->errorHandler()
 2 SYSTEMPATH/CodeIgniter.php(941): Applications\BUYER\Controllers\BiddingCenter->index()
 3 SYSTEMPATH/CodeIgniter.php(502): CodeIgniter\CodeIgniter->runController()
 4 SYSTEMPATH/CodeIgniter.php(361): CodeIgniter\CodeIgniter->handleRequest()
 5 FCPATH/index.php(80): CodeIgniter\CodeIgniter->run()
CRITICAL - 2024-03-07 13:56:50 --> ErrorException: Undefined array key 0
in FCPATH/applications/BUYER/Controllers/BiddingCenter.php on line 38.
 1 FCPATH/applications/BUYER/Controllers/BiddingCenter.php(38): CodeIgniter\Debug\Exceptions->errorHandler()
 2 SYSTEMPATH/CodeIgniter.php(941): Applications\BUYER\Controllers\BiddingCenter->index()
 3 SYSTEMPATH/CodeIgniter.php(502): CodeIgniter\CodeIgniter->runController()
 4 SYSTEMPATH/CodeIgniter.php(361): CodeIgniter\CodeIgniter->handleRequest()
 5 FCPATH/index.php(80): CodeIgniter\CodeIgniter->run()
CRITICAL - 2024-03-07 13:57:12 --> ErrorException: Undefined array key "id"
in FCPATH/applications/BUYER/Controllers/BiddingCenter.php on line 38.
 1 FCPATH/applications/BUYER/Controllers/BiddingCenter.php(38): CodeIgniter\Debug\Exceptions->errorHandler()
 2 SYSTEMPATH/CodeIgniter.php(941): Applications\BUYER\Controllers\BiddingCenter->index()
 3 SYSTEMPATH/CodeIgniter.php(502): CodeIgniter\CodeIgniter->runController()
 4 SYSTEMPATH/CodeIgniter.php(361): CodeIgniter\CodeIgniter->handleRequest()
 5 FCPATH/index.php(80): CodeIgniter\CodeIgniter->run()
CRITICAL - 2024-03-07 14:20:23 --> TypeError: Cannot access offset of type string on string
in FCPATH/applications/BUYER/Views/view_centers.php on line 257.
 1 SYSTEMPATH/View/View.php(228): include()
 2 SYSTEMPATH/View/View.php(231): CodeIgniter\View\View->CodeIgniter\View\{closure}()
 3 SYSTEMPATH/Common.php(1178): CodeIgniter\View\View->render()
 4 FCPATH/applications/BUYER/Controllers/BiddingCenter.php(54): view()
 5 SYSTEMPATH/CodeIgniter.php(941): Applications\BUYER\Controllers\BiddingCenter->index()
 6 SYSTEMPATH/CodeIgniter.php(502): CodeIgniter\CodeIgniter->runController()
 7 SYSTEMPATH/CodeIgniter.php(361): CodeIgniter\CodeIgniter->handleRequest()
 8 FCPATH/index.php(80): CodeIgniter\CodeIgniter->run()
CRITICAL - 2024-03-07 14:25:55 --> ErrorException: Undefined array key "lot_no"
in FCPATH/applications/BUYER/Views/view_centers.php on line 257.
 1 FCPATH/applications/BUYER/Views/view_centers.php(257): CodeIgniter\Debug\Exceptions->errorHandler()
 2 SYSTEMPATH/View/View.php(228): include('/home/u553659265/domains/itechnocorp.com/public_html/oams/applications/BUYER/Views/view_centers.php')
 3 SYSTEMPATH/View/View.php(231): CodeIgniter\View\View->CodeIgniter\View\{closure}()
 4 SYSTEMPATH/Common.php(1178): CodeIgniter\View\View->render()
 5 FCPATH/applications/BUYER/Controllers/BiddingCenter.php(54): view()
 6 SYSTEMPATH/CodeIgniter.php(941): Applications\BUYER\Controllers\BiddingCenter->index()
 7 SYSTEMPATH/CodeIgniter.php(502): CodeIgniter\CodeIgniter->runController()
 8 SYSTEMPATH/CodeIgniter.php(361): CodeIgniter\CodeIgniter->handleRequest()
 9 FCPATH/index.php(80): CodeIgniter\CodeIgniter->run()
CRITICAL - 2024-03-07 14:27:47 --> ErrorException: Undefined array key "auction_items"
in FCPATH/applications/BUYER/Views/view_centers.php on line 255.
 1 FCPATH/applications/BUYER/Views/view_centers.php(255): CodeIgniter\Debug\Exceptions->errorHandler()
 2 SYSTEMPATH/View/View.php(228): include('/home/u553659265/domains/itechnocorp.com/public_html/oams/applications/BUYER/Views/view_centers.php')
 3 SYSTEMPATH/View/View.php(231): CodeIgniter\View\View->CodeIgniter\View\{closure}()
 4 SYSTEMPATH/Common.php(1178): CodeIgniter\View\View->render()
 5 FCPATH/applications/BUYER/Controllers/BiddingCenter.php(54): view()
 6 SYSTEMPATH/CodeIgniter.php(941): Applications\BUYER\Controllers\BiddingCenter->index()
 7 SYSTEMPATH/CodeIgniter.php(502): CodeIgniter\CodeIgniter->runController()
 8 SYSTEMPATH/CodeIgniter.php(361): CodeIgniter\CodeIgniter->handleRequest()
 9 FCPATH/index.php(80): CodeIgniter\CodeIgniter->run()
