CRITICAL - 2024-07-02 12:30:07 --> ErrorException: Trying to access array offset on value of type null
in FCPATH/applications/BUYER/Controllers/Auctions.php on line 375.
 1 FCPATH/applications/BUYER/Controllers/Auctions.php(375): CodeIgniter\Debug\Exceptions->errorHandler(2, 'Trying to access array offset on value of type null', '/var/www/eazyhosting.in/public_html/applications/BUYER/Controllers/Auctions.php', 375)
 2 SYSTEMPATH/CodeIgniter.php(941): Applications\BUYER\Controllers\Auctions->movetoclosed()
 3 SYSTEMPATH/CodeIgniter.php(502): CodeIgniter\CodeIgniter->runController(Object(Applications\BUYER\Controllers\Auctions))
 4 SYSTEMPATH/CodeIgniter.php(361): CodeIgniter\CodeIgniter->handleRequest(null, Object(Config\Cache), false)
 5 FCPATH/index.php(80): CodeIgniter\CodeIgniter->run()
CRITICAL - 2024-07-02 12:33:00 --> ErrorException: Trying to access array offset on value of type null
in FCPATH/applications/BUYER/Controllers/Auctions.php on line 375.
 1 FCPATH/applications/BUYER/Controllers/Auctions.php(375): CodeIgniter\Debug\Exceptions->errorHandler(2, 'Trying to access array offset on value of type null', '/var/www/eazyhosting.in/public_html/applications/BUYER/Controllers/Auctions.php', 375)
 2 SYSTEMPATH/CodeIgniter.php(941): Applications\BUYER\Controllers\Auctions->movetoclosed()
 3 SYSTEMPATH/CodeIgniter.php(502): CodeIgniter\CodeIgniter->runController(Object(Applications\BUYER\Controllers\Auctions))
 4 SYSTEMPATH/CodeIgniter.php(361): CodeIgniter\CodeIgniter->handleRequest(null, Object(Config\Cache), false)
 5 FCPATH/index.php(80): CodeIgniter\CodeIgniter->run()
CRITICAL - 2024-07-02 12:36:04 --> ErrorException: Trying to access array offset on value of type null
in FCPATH/applications/BUYER/Controllers/Auctions.php on line 375.
 1 FCPATH/applications/BUYER/Controllers/Auctions.php(375): CodeIgniter\Debug\Exceptions->errorHandler(2, 'Trying to access array offset on value of type null', '/var/www/eazyhosting.in/public_html/applications/BUYER/Controllers/Auctions.php', 375)
 2 SYSTEMPATH/CodeIgniter.php(941): Applications\BUYER\Controllers\Auctions->movetoclosed()
 3 SYSTEMPATH/CodeIgniter.php(502): CodeIgniter\CodeIgniter->runController(Object(Applications\BUYER\Controllers\Auctions))
 4 SYSTEMPATH/CodeIgniter.php(361): CodeIgniter\CodeIgniter->handleRequest(null, Object(Config\Cache), false)
 5 FCPATH/index.php(80): CodeIgniter\CodeIgniter->run()
CRITICAL - 2024-07-02 12:39:00 --> ErrorException: Trying to access array offset on value of type null
in FCPATH/applications/BUYER/Controllers/Auctions.php on line 375.
 1 FCPATH/applications/BUYER/Controllers/Auctions.php(375): CodeIgniter\Debug\Exceptions->errorHandler(2, 'Trying to access array offset on value of type null', '/var/www/eazyhosting.in/public_html/applications/BUYER/Controllers/Auctions.php', 375)
 2 SYSTEMPATH/CodeIgniter.php(941): Applications\BUYER\Controllers\Auctions->movetoclosed()
 3 SYSTEMPATH/CodeIgniter.php(502): CodeIgniter\CodeIgniter->runController(Object(Applications\BUYER\Controllers\Auctions))
 4 SYSTEMPATH/CodeIgniter.php(361): CodeIgniter\CodeIgniter->handleRequest(null, Object(Config\Cache), false)
 5 FCPATH/index.php(80): CodeIgniter\CodeIgniter->run()
CRITICAL - 2024-07-02 12:42:20 --> ErrorException: Trying to access array offset on value of type null
in FCPATH/applications/BUYER/Controllers/Auctions.php on line 375.
 1 FCPATH/applications/BUYER/Controllers/Auctions.php(375): CodeIgniter\Debug\Exceptions->errorHandler(2, 'Trying to access array offset on value of type null', '/var/www/eazyhosting.in/public_html/applications/BUYER/Controllers/Auctions.php', 375)
 2 SYSTEMPATH/CodeIgniter.php(941): Applications\BUYER\Controllers\Auctions->movetoclosed()
 3 SYSTEMPATH/CodeIgniter.php(502): CodeIgniter\CodeIgniter->runController(Object(Applications\BUYER\Controllers\Auctions))
 4 SYSTEMPATH/CodeIgniter.php(361): CodeIgniter\CodeIgniter->handleRequest(null, Object(Config\Cache), false)
 5 FCPATH/index.php(80): CodeIgniter\CodeIgniter->run()
CRITICAL - 2024-07-02 12:47:01 --> ErrorException: Trying to access array offset on value of type null
in FCPATH/applications/BUYER/Controllers/Auctions.php on line 375.
 1 FCPATH/applications/BUYER/Controllers/Auctions.php(375): CodeIgniter\Debug\Exceptions->errorHandler(2, 'Trying to access array offset on value of type null', '/var/www/eazyhosting.in/public_html/applications/BUYER/Controllers/Auctions.php', 375)
 2 SYSTEMPATH/CodeIgniter.php(941): Applications\BUYER\Controllers\Auctions->movetoclosed()
 3 SYSTEMPATH/CodeIgniter.php(502): CodeIgniter\CodeIgniter->runController(Object(Applications\BUYER\Controllers\Auctions))
 4 SYSTEMPATH/CodeIgniter.php(361): CodeIgniter\CodeIgniter->handleRequest(null, Object(Config\Cache), false)
 5 FCPATH/index.php(80): CodeIgniter\CodeIgniter->run()
CRITICAL - 2024-07-02 12:50:20 --> ErrorException: Trying to access array offset on value of type null
in FCPATH/applications/BUYER/Controllers/Auctions.php on line 375.
 1 FCPATH/applications/BUYER/Controllers/Auctions.php(375): CodeIgniter\Debug\Exceptions->errorHandler(2, 'Trying to access array offset on value of type null', '/var/www/eazyhosting.in/public_html/applications/BUYER/Controllers/Auctions.php', 375)
 2 SYSTEMPATH/CodeIgniter.php(941): Applications\BUYER\Controllers\Auctions->movetoclosed()
 3 SYSTEMPATH/CodeIgniter.php(502): CodeIgniter\CodeIgniter->runController(Object(Applications\BUYER\Controllers\Auctions))
 4 SYSTEMPATH/CodeIgniter.php(361): CodeIgniter\CodeIgniter->handleRequest(null, Object(Config\Cache), false)
 5 FCPATH/index.php(80): CodeIgniter\CodeIgniter->run()
CRITICAL - 2024-07-02 12:53:02 --> ErrorException: Trying to access array offset on value of type null
in FCPATH/applications/BUYER/Controllers/Auctions.php on line 375.
 1 FCPATH/applications/BUYER/Controllers/Auctions.php(375): CodeIgniter\Debug\Exceptions->errorHandler(2, 'Trying to access array offset on value of type null', '/var/www/eazyhosting.in/public_html/applications/BUYER/Controllers/Auctions.php', 375)
 2 SYSTEMPATH/CodeIgniter.php(941): Applications\BUYER\Controllers\Auctions->movetoclosed()
 3 SYSTEMPATH/CodeIgniter.php(502): CodeIgniter\CodeIgniter->runController(Object(Applications\BUYER\Controllers\Auctions))
 4 SYSTEMPATH/CodeIgniter.php(361): CodeIgniter\CodeIgniter->handleRequest(null, Object(Config\Cache), false)
 5 FCPATH/index.php(80): CodeIgniter\CodeIgniter->run()
CRITICAL - 2024-07-02 12:55:49 --> ErrorException: Trying to access array offset on value of type null
in FCPATH/applications/BUYER/Controllers/Auctions.php on line 375.
 1 FCPATH/applications/BUYER/Controllers/Auctions.php(375): CodeIgniter\Debug\Exceptions->errorHandler(2, 'Trying to access array offset on value of type null', '/var/www/eazyhosting.in/public_html/applications/BUYER/Controllers/Auctions.php', 375)
 2 SYSTEMPATH/CodeIgniter.php(941): Applications\BUYER\Controllers\Auctions->movetoclosed()
 3 SYSTEMPATH/CodeIgniter.php(502): CodeIgniter\CodeIgniter->runController(Object(Applications\BUYER\Controllers\Auctions))
 4 SYSTEMPATH/CodeIgniter.php(361): CodeIgniter\CodeIgniter->handleRequest(null, Object(Config\Cache), false)
 5 FCPATH/index.php(80): CodeIgniter\CodeIgniter->run()
CRITICAL - 2024-07-02 13:38:40 --> ErrorException: Trying to access array offset on value of type null
in FCPATH/applications/BUYER/Controllers/BiddingCenter.php on line 76.
 1 FCPATH/applications/BUYER/Controllers/BiddingCenter.php(76): CodeIgniter\Debug\Exceptions->errorHandler(2, 'Trying to access array offset on value of type null', '/var/www/eazyhosting.in/public_html/applications/BUYER/Controllers/BiddingCenter.php', 76)
 2 SYSTEMPATH/CodeIgniter.php(941): Applications\BUYER\Controllers\BiddingCenter->index('')
 3 SYSTEMPATH/CodeIgniter.php(502): CodeIgniter\CodeIgniter->runController(Object(Applications\BUYER\Controllers\BiddingCenter))
 4 SYSTEMPATH/CodeIgniter.php(361): CodeIgniter\CodeIgniter->handleRequest(null, Object(Config\Cache), false)
 5 FCPATH/index.php(80): CodeIgniter\CodeIgniter->run()
CRITICAL - 2024-07-02 13:38:40 --> ErrorException: Trying to access array offset on value of type null
in FCPATH/applications/BUYER/Controllers/BiddingCenter.php on line 76.
 1 FCPATH/applications/BUYER/Controllers/BiddingCenter.php(76): CodeIgniter\Debug\Exceptions->errorHandler(2, 'Trying to access array offset on value of type null', '/var/www/eazyhosting.in/public_html/applications/BUYER/Controllers/BiddingCenter.php', 76)
 2 SYSTEMPATH/CodeIgniter.php(941): Applications\BUYER\Controllers\BiddingCenter->index('')
 3 SYSTEMPATH/CodeIgniter.php(502): CodeIgniter\CodeIgniter->runController(Object(Applications\BUYER\Controllers\BiddingCenter))
 4 SYSTEMPATH/CodeIgniter.php(361): CodeIgniter\CodeIgniter->handleRequest(null, Object(Config\Cache), false)
 5 FCPATH/index.php(80): CodeIgniter\CodeIgniter->run()
CRITICAL - 2024-07-02 13:39:25 --> TypeError: json_decode(): Argument #1 ($json) must be of type string, array given
in FCPATH/applications/BUYER/Controllers/BiddingCenter.php on line 35.
 1 FCPATH/applications/BUYER/Controllers/BiddingCenter.php(35): json_decode([...], true)
 2 SYSTEMPATH/CodeIgniter.php(941): Applications\BUYER\Controllers\BiddingCenter->index('F', 'completed-auctions')
 3 SYSTEMPATH/CodeIgniter.php(502): CodeIgniter\CodeIgniter->runController(Object(Applications\BUYER\Controllers\BiddingCenter))
 4 SYSTEMPATH/CodeIgniter.php(361): CodeIgniter\CodeIgniter->handleRequest(null, Object(Config\Cache), false)
 5 FCPATH/index.php(80): CodeIgniter\CodeIgniter->run()
CRITICAL - 2024-07-02 13:39:35 --> ErrorException: Trying to access array offset on value of type null
in FCPATH/applications/BUYER/Controllers/BiddingCenter.php on line 76.
 1 FCPATH/applications/BUYER/Controllers/BiddingCenter.php(76): CodeIgniter\Debug\Exceptions->errorHandler(2, 'Trying to access array offset on value of type null', '/var/www/eazyhosting.in/public_html/applications/BUYER/Controllers/BiddingCenter.php', 76)
 2 SYSTEMPATH/CodeIgniter.php(941): Applications\BUYER\Controllers\BiddingCenter->index('r‰©•ë^u«œ¶*\'')
 3 SYSTEMPATH/CodeIgniter.php(502): CodeIgniter\CodeIgniter->runController(Object(Applications\BUYER\Controllers\BiddingCenter))
 4 SYSTEMPATH/CodeIgniter.php(361): CodeIgniter\CodeIgniter->handleRequest(null, Object(Config\Cache), false)
 5 FCPATH/index.php(80): CodeIgniter\CodeIgniter->run()
