CRITICAL - 2024-04-05 09:04:36 --> ErrorException: Undefined array key "high_price"
in FCPATH\applications\USER\Views\BiddingSession\ajax_final_page.php on line 69.
 1 FCPATH\applications\USER\Views\BiddingSession\ajax_final_page.php(69): CodeIgniter\Debug\Exceptions->errorHandler(2, 'Undefined array key "high_price"', 'F:\\xampp\\htdocs\\oams_staging\\frontend\\applications\\USER\\Views\\BiddingSession\\ajax_final_page.php', 69)
 2 SYSTEMPATH\View\View.php(228): include('F:\\xampp\\htdocs\\oams_staging\\frontend\\applications\\USER\\Views\\BiddingSession\\ajax_final_page.php')
 3 SYSTEMPATH\View\View.php(231): CodeIgniter\View\View->CodeIgniter\View\{closure}()
 4 SYSTEMPATH\Common.php(1178): CodeIgniter\View\View->render('Applications\\USER\\Views\\BiddingSession\\ajax_final_page', [], true)
 5 FCPATH\applications\USER\Controllers\AuctionManagement.php(146): view('Applications\\USER\\Views\\BiddingSession\\ajax_final_page', [...])
 6 SYSTEMPATH\CodeIgniter.php(941): Applications\USER\Controllers\AuctionManagement->storeSession()
 7 SYSTEMPATH\CodeIgniter.php(502): CodeIgniter\CodeIgniter->runController(Object(Applications\USER\Controllers\AuctionManagement))
 8 SYSTEMPATH\CodeIgniter.php(361): CodeIgniter\CodeIgniter->handleRequest(null, Object(Config\Cache), false)
 9 FCPATH\index.php(80): CodeIgniter\CodeIgniter->run()
CRITICAL - 2024-04-05 11:11:03 --> TypeError: count(): Argument #1 ($value) must be of type Countable|array, null given
in FCPATH\applications\USER\Views\BiddingSession\ajax_final_page.php on line 83.
 1 SYSTEMPATH\View\View.php(228): include()
 2 SYSTEMPATH\View\View.php(231): CodeIgniter\View\View->CodeIgniter\View\{closure}()
 3 SYSTEMPATH\Common.php(1178): CodeIgniter\View\View->render('Applications\\USER\\Views\\BiddingSession\\ajax_final_page', [], true)
 4 FCPATH\applications\USER\Controllers\AuctionManagement.php(146): view('Applications\\USER\\Views\\BiddingSession\\ajax_final_page', [...])
 5 SYSTEMPATH\CodeIgniter.php(941): Applications\USER\Controllers\AuctionManagement->storeSession()
 6 SYSTEMPATH\CodeIgniter.php(502): CodeIgniter\CodeIgniter->runController(Object(Applications\USER\Controllers\AuctionManagement))
 7 SYSTEMPATH\CodeIgniter.php(361): CodeIgniter\CodeIgniter->handleRequest(null, Object(Config\Cache), false)
 8 FCPATH\index.php(80): CodeIgniter\CodeIgniter->run()
CRITICAL - 2024-04-05 11:11:04 --> TypeError: usort(): Argument #1 ($array) must be of type array, null given
in FCPATH\applications\USER\Controllers\AuctionManagement.php on line 163.
 1 FCPATH\applications\USER\Controllers\AuctionManagement.php(163): usort(null, Object(Closure))
 2 SYSTEMPATH\CodeIgniter.php(941): Applications\USER\Controllers\AuctionManagement->steptwoCheck()
 3 SYSTEMPATH\CodeIgniter.php(502): CodeIgniter\CodeIgniter->runController(Object(Applications\USER\Controllers\AuctionManagement))
 4 SYSTEMPATH\CodeIgniter.php(361): CodeIgniter\CodeIgniter->handleRequest(null, Object(Config\Cache), false)
 5 FCPATH\index.php(80): CodeIgniter\CodeIgniter->run()
CRITICAL - 2024-04-05 11:26:26 --> ErrorException: Array to string conversion
in APPPATH\Helpers\curl_helper.php on line 39.
 1 [internal function]: CodeIgniter\Debug\Exceptions->errorHandler(2, 'Array to string conversion', 'F:\\xampp\\htdocs\\oams_staging\\frontend\\app\\Helpers\\curl_helper.php', 39)
 2 APPPATH\Helpers\curl_helper.php(39): curl_setopt_array(Object(CurlHandle), [...])
 3 FCPATH\applications\USER\Controllers\BiddingSession.php(157): make_curl_request('http://localhost/oams_staging/api/api/user/auction', [...], 'POST', [...])
 4 SYSTEMPATH\CodeIgniter.php(941): Applications\USER\Controllers\BiddingSession->store()
 5 SYSTEMPATH\CodeIgniter.php(502): CodeIgniter\CodeIgniter->runController(Object(Applications\USER\Controllers\BiddingSession))
 6 SYSTEMPATH\CodeIgniter.php(361): CodeIgniter\CodeIgniter->handleRequest(null, Object(Config\Cache), false)
 7 FCPATH\index.php(80): CodeIgniter\CodeIgniter->run()
CRITICAL - 2024-04-05 11:27:19 --> ErrorException: Array to string conversion
in APPPATH\Helpers\curl_helper.php on line 39.
 1 [internal function]: CodeIgniter\Debug\Exceptions->errorHandler(2, 'Array to string conversion', 'F:\\xampp\\htdocs\\oams_staging\\frontend\\app\\Helpers\\curl_helper.php', 39)
 2 APPPATH\Helpers\curl_helper.php(39): curl_setopt_array(Object(CurlHandle), [...])
 3 FCPATH\applications\USER\Controllers\BiddingSession.php(157): make_curl_request('http://localhost/oams_staging/api/api/user/auction', [...], 'POST', [...])
 4 SYSTEMPATH\CodeIgniter.php(941): Applications\USER\Controllers\BiddingSession->store()
 5 SYSTEMPATH\CodeIgniter.php(502): CodeIgniter\CodeIgniter->runController(Object(Applications\USER\Controllers\BiddingSession))
 6 SYSTEMPATH\CodeIgniter.php(361): CodeIgniter\CodeIgniter->handleRequest(null, Object(Config\Cache), false)
 7 FCPATH\index.php(80): CodeIgniter\CodeIgniter->run()
CRITICAL - 2024-04-05 13:02:12 --> TypeError: count(): Argument #1 ($value) must be of type Countable|array, null given
in FCPATH\applications\USER\Views\BiddingSession\ajax_final_page.php on line 83.
 1 SYSTEMPATH\View\View.php(228): include()
 2 SYSTEMPATH\View\View.php(231): CodeIgniter\View\View->CodeIgniter\View\{closure}()
 3 SYSTEMPATH\Common.php(1178): CodeIgniter\View\View->render('Applications\\USER\\Views\\BiddingSession\\ajax_final_page', [], true)
 4 FCPATH\applications\USER\Controllers\AuctionManagement.php(146): view('Applications\\USER\\Views\\BiddingSession\\ajax_final_page', [...])
 5 SYSTEMPATH\CodeIgniter.php(941): Applications\USER\Controllers\AuctionManagement->storeSession()
 6 SYSTEMPATH\CodeIgniter.php(502): CodeIgniter\CodeIgniter->runController(Object(Applications\USER\Controllers\AuctionManagement))
 7 SYSTEMPATH\CodeIgniter.php(361): CodeIgniter\CodeIgniter->handleRequest(null, Object(Config\Cache), false)
 8 FCPATH\index.php(80): CodeIgniter\CodeIgniter->run()
