CRITICAL - 2024-04-13 00:58:59 --> ErrorException: Trying to access array offset on value of type null
in FCPATH\applications\BUYER\Views\dashboard.php on line 60.
 1 FCPATH\applications\BUYER\Views\dashboard.php(60): CodeIgniter\Debug\Exceptions->errorHandler(2, 'Trying to access array offset on value of type null', 'F:\\xampp\\htdocs\\oams_staging\\frontend\\applications\\BUYER\\Views\\dashboard.php', 60)
 2 SYSTEMPATH\View\View.php(228): include('F:\\xampp\\htdocs\\oams_staging\\frontend\\applications\\BUYER\\Views\\dashboard.php')
 3 SYSTEMPATH\View\View.php(231): CodeIgniter\View\View->CodeIgniter\View\{closure}()
 4 SYSTEMPATH\Common.php(1178): CodeIgniter\View\View->render('Applications\\BUYER\\Views\\dashboard', [], true)
 5 FCPATH\applications\BUYER\Controllers\Dashboard.php(53): view('Applications\\BUYER\\Views\\dashboard', [...])
 6 SYSTEMPATH\CodeIgniter.php(941): Applications\BUYER\Controllers\Dashboard->index()
 7 SYSTEMPATH\CodeIgniter.php(502): CodeIgniter\CodeIgniter->runController(Object(Applications\BUYER\Controllers\Dashboard))
 8 SYSTEMPATH\CodeIgniter.php(361): CodeIgniter\CodeIgniter->handleRequest(null, Object(Config\Cache), false)
 9 FCPATH\index.php(80): CodeIgniter\CodeIgniter->run()
CRITICAL - 2024-04-13 01:00:25 --> ErrorException: Undefined array key 0
in FCPATH\applications\BUYER\Views\view_centers.php on line 144.
 1 FCPATH\applications\BUYER\Views\view_centers.php(144): CodeIgniter\Debug\Exceptions->errorHandler(2, 'Undefined array key 0', 'F:\\xampp\\htdocs\\oams_staging\\frontend\\applications\\BUYER\\Views\\view_centers.php', 144)
 2 SYSTEMPATH\View\View.php(228): include('F:\\xampp\\htdocs\\oams_staging\\frontend\\applications\\BUYER\\Views\\view_centers.php')
 3 SYSTEMPATH\View\View.php(231): CodeIgniter\View\View->CodeIgniter\View\{closure}()
 4 SYSTEMPATH\Common.php(1178): CodeIgniter\View\View->render('Applications\\BUYER\\Views\\view_centers', [], true)
 5 FCPATH\applications\BUYER\Controllers\BiddingCenter.php(52): view('Applications\\BUYER\\Views\\view_centers', [...])
 6 SYSTEMPATH\CodeIgniter.php(941): Applications\BUYER\Controllers\BiddingCenter->index('1')
 7 SYSTEMPATH\CodeIgniter.php(502): CodeIgniter\CodeIgniter->runController(Object(Applications\BUYER\Controllers\BiddingCenter))
 8 SYSTEMPATH\CodeIgniter.php(361): CodeIgniter\CodeIgniter->handleRequest(null, Object(Config\Cache), false)
 9 FCPATH\index.php(80): CodeIgniter\CodeIgniter->run()
CRITICAL - 2024-04-13 01:00:34 --> ErrorException: Undefined array key 0
in FCPATH\applications\BUYER\Views\view_centers.php on line 144.
 1 FCPATH\applications\BUYER\Views\view_centers.php(144): CodeIgniter\Debug\Exceptions->errorHandler(2, 'Undefined array key 0', 'F:\\xampp\\htdocs\\oams_staging\\frontend\\applications\\BUYER\\Views\\view_centers.php', 144)
 2 SYSTEMPATH\View\View.php(228): include('F:\\xampp\\htdocs\\oams_staging\\frontend\\applications\\BUYER\\Views\\view_centers.php')
 3 SYSTEMPATH\View\View.php(231): CodeIgniter\View\View->CodeIgniter\View\{closure}()
 4 SYSTEMPATH\Common.php(1178): CodeIgniter\View\View->render('Applications\\BUYER\\Views\\view_centers', [], true)
 5 FCPATH\applications\BUYER\Controllers\BiddingCenter.php(52): view('Applications\\BUYER\\Views\\view_centers', [...])
 6 SYSTEMPATH\CodeIgniter.php(941): Applications\BUYER\Controllers\BiddingCenter->index('1')
 7 SYSTEMPATH\CodeIgniter.php(502): CodeIgniter\CodeIgniter->runController(Object(Applications\BUYER\Controllers\BiddingCenter))
 8 SYSTEMPATH\CodeIgniter.php(361): CodeIgniter\CodeIgniter->handleRequest(null, Object(Config\Cache), false)
 9 FCPATH\index.php(80): CodeIgniter\CodeIgniter->run()
CRITICAL - 2024-04-13 01:01:28 --> ErrorException: Undefined array key 0
in FCPATH\applications\BUYER\Views\view_centers.php on line 144.
 1 FCPATH\applications\BUYER\Views\view_centers.php(144): CodeIgniter\Debug\Exceptions->errorHandler(2, 'Undefined array key 0', 'F:\\xampp\\htdocs\\oams_staging\\frontend\\applications\\BUYER\\Views\\view_centers.php', 144)
 2 SYSTEMPATH\View\View.php(228): include('F:\\xampp\\htdocs\\oams_staging\\frontend\\applications\\BUYER\\Views\\view_centers.php')
 3 SYSTEMPATH\View\View.php(231): CodeIgniter\View\View->CodeIgniter\View\{closure}()
 4 SYSTEMPATH\Common.php(1178): CodeIgniter\View\View->render('Applications\\BUYER\\Views\\view_centers', [], true)
 5 FCPATH\applications\BUYER\Controllers\BiddingCenter.php(52): view('Applications\\BUYER\\Views\\view_centers', [...])
 6 SYSTEMPATH\CodeIgniter.php(941): Applications\BUYER\Controllers\BiddingCenter->index('1')
 7 SYSTEMPATH\CodeIgniter.php(502): CodeIgniter\CodeIgniter->runController(Object(Applications\BUYER\Controllers\BiddingCenter))
 8 SYSTEMPATH\CodeIgniter.php(361): CodeIgniter\CodeIgniter->handleRequest(null, Object(Config\Cache), false)
 9 FCPATH\index.php(80): CodeIgniter\CodeIgniter->run()
CRITICAL - 2024-04-13 01:01:46 --> ErrorException: Undefined array key 0
in FCPATH\applications\BUYER\Views\view_centers.php on line 144.
 1 FCPATH\applications\BUYER\Views\view_centers.php(144): CodeIgniter\Debug\Exceptions->errorHandler(2, 'Undefined array key 0', 'F:\\xampp\\htdocs\\oams_staging\\frontend\\applications\\BUYER\\Views\\view_centers.php', 144)
 2 SYSTEMPATH\View\View.php(228): include('F:\\xampp\\htdocs\\oams_staging\\frontend\\applications\\BUYER\\Views\\view_centers.php')
 3 SYSTEMPATH\View\View.php(231): CodeIgniter\View\View->CodeIgniter\View\{closure}()
 4 SYSTEMPATH\Common.php(1178): CodeIgniter\View\View->render('Applications\\BUYER\\Views\\view_centers', [], true)
 5 FCPATH\applications\BUYER\Controllers\BiddingCenter.php(52): view('Applications\\BUYER\\Views\\view_centers', [...])
 6 SYSTEMPATH\CodeIgniter.php(941): Applications\BUYER\Controllers\BiddingCenter->index('1')
 7 SYSTEMPATH\CodeIgniter.php(502): CodeIgniter\CodeIgniter->runController(Object(Applications\BUYER\Controllers\BiddingCenter))
 8 SYSTEMPATH\CodeIgniter.php(361): CodeIgniter\CodeIgniter->handleRequest(null, Object(Config\Cache), false)
 9 FCPATH\index.php(80): CodeIgniter\CodeIgniter->run()
