CRITICAL - 2024-03-08 07:34:21 --> ErrorException: Trying to access array offset on value of type null
in FCPATH/applications/SA/Controllers/roles.php on line 98.
 1 FCPATH/applications/SA/Controllers/roles.php(98): CodeIgniter\Debug\Exceptions->errorHandler()
 2 SYSTEMPATH/CodeIgniter.php(941): Applications\SA\Controllers\roles->store()
 3 SYSTEMPATH/CodeIgniter.php(502): CodeIgniter\CodeIgniter->runController()
 4 SYSTEMPATH/CodeIgniter.php(361): CodeIgniter\CodeIgniter->handleRequest()
 5 FCPATH/index.php(80): CodeIgniter\CodeIgniter->run()
CRITICAL - 2024-03-08 07:34:21 --> ErrorException: Trying to access array offset on value of type null
in FCPATH/applications/SA/Controllers/roles.php on line 98.
 1 FCPATH/applications/SA/Controllers/roles.php(98): CodeIgniter\Debug\Exceptions->errorHandler()
 2 SYSTEMPATH/CodeIgniter.php(941): Applications\SA\Controllers\roles->store()
 3 SYSTEMPATH/CodeIgniter.php(502): CodeIgniter\CodeIgniter->runController()
 4 SYSTEMPATH/CodeIgniter.php(361): CodeIgniter\CodeIgniter->handleRequest()
 5 FCPATH/index.php(80): CodeIgniter\CodeIgniter->run()
CRITICAL - 2024-03-08 07:34:21 --> ErrorException: Trying to access array offset on value of type null
in FCPATH/applications/SA/Controllers/roles.php on line 98.
 1 FCPATH/applications/SA/Controllers/roles.php(98): CodeIgniter\Debug\Exceptions->errorHandler()
 2 SYSTEMPATH/CodeIgniter.php(941): Applications\SA\Controllers\roles->store()
 3 SYSTEMPATH/CodeIgniter.php(502): CodeIgniter\CodeIgniter->runController()
 4 SYSTEMPATH/CodeIgniter.php(361): CodeIgniter\CodeIgniter->handleRequest()
 5 FCPATH/index.php(80): CodeIgniter\CodeIgniter->run()
CRITICAL - 2024-03-08 07:35:45 --> ErrorException: Trying to access array offset on value of type null
in FCPATH/applications/SA/Controllers/roles.php on line 98.
 1 FCPATH/applications/SA/Controllers/roles.php(98): CodeIgniter\Debug\Exceptions->errorHandler()
 2 SYSTEMPATH/CodeIgniter.php(941): Applications\SA\Controllers\roles->store()
 3 SYSTEMPATH/CodeIgniter.php(502): CodeIgniter\CodeIgniter->runController()
 4 SYSTEMPATH/CodeIgniter.php(361): CodeIgniter\CodeIgniter->handleRequest()
 5 FCPATH/index.php(80): CodeIgniter\CodeIgniter->run()
CRITICAL - 2024-03-08 08:18:08 --> ErrorException: Trying to access array offset on value of type null
in FCPATH/applications/SA/Controllers/SA.php on line 59.
 1 FCPATH/applications/SA/Controllers/SA.php(59): CodeIgniter\Debug\Exceptions->errorHandler()
 2 SYSTEMPATH/CodeIgniter.php(941): Applications\SA\Controllers\SA->Login()
 3 SYSTEMPATH/CodeIgniter.php(502): CodeIgniter\CodeIgniter->runController()
 4 SYSTEMPATH/CodeIgniter.php(361): CodeIgniter\CodeIgniter->handleRequest()
 5 FCPATH/index.php(80): CodeIgniter\CodeIgniter->run()
