CRITICAL - 2024-05-12 20:33:05 --> ErrorException: Trying to access array offset on value of type null
in FCPATH\applications\BUYER\Controllers\BiddingCenter.php on line 43.
 1 FCPATH\applications\BUYER\Controllers\BiddingCenter.php(43): CodeIgniter\Debug\Exceptions->errorHandler(2, 'Trying to access array offset on value of type null', 'F:\\xampp\\htdocs\\oams_staging\\frontend\\applications\\BUYER\\Controllers\\BiddingCenter.php', 43)
 2 SYSTEMPATH\CodeIgniter.php(941): Applications\BUYER\Controllers\BiddingCenter->index('Ê‹«±Êâ¦Úa')
 3 SYSTEMPATH\CodeIgniter.php(502): CodeIgniter\CodeIgniter->runController(Object(Applications\BUYER\Controllers\BiddingCenter))
 4 SYSTEMPATH\CodeIgniter.php(361): CodeIgniter\CodeIgniter->handleRequest(null, Object(Config\Cache), false)
 5 FCPATH\index.php(80): CodeIgniter\CodeIgniter->run()
CRITICAL - 2024-05-12 20:35:04 --> ErrorException: Trying to access array offset on value of type null
in FCPATH\applications\BUYER\Controllers\BiddingCenter.php on line 43.
 1 FCPATH\applications\BUYER\Controllers\BiddingCenter.php(43): CodeIgniter\Debug\Exceptions->errorHandler(2, 'Trying to access array offset on value of type null', 'F:\\xampp\\htdocs\\oams_staging\\frontend\\applications\\BUYER\\Controllers\\BiddingCenter.php', 43)
 2 SYSTEMPATH\CodeIgniter.php(941): Applications\BUYER\Controllers\BiddingCenter->index('Ê‹«±Êâ¦Úa')
 3 SYSTEMPATH\CodeIgniter.php(502): CodeIgniter\CodeIgniter->runController(Object(Applications\BUYER\Controllers\BiddingCenter))
 4 SYSTEMPATH\CodeIgniter.php(361): CodeIgniter\CodeIgniter->handleRequest(null, Object(Config\Cache), false)
 5 FCPATH\index.php(80): CodeIgniter\CodeIgniter->run()
CRITICAL - 2024-05-12 22:09:01 --> ErrorException: Undefined array key 0
in FCPATH\applications\BUYER\Controllers\BiddingCenter.php on line 43.
 1 FCPATH\applications\BUYER\Controllers\BiddingCenter.php(43): CodeIgniter\Debug\Exceptions->errorHandler(2, 'Undefined array key 0', 'F:\\xampp\\htdocs\\oams_staging\\frontend\\applications\\BUYER\\Controllers\\BiddingCenter.php', 43)
 2 SYSTEMPATH\CodeIgniter.php(941): Applications\BUYER\Controllers\BiddingCenter->index('18')
 3 SYSTEMPATH\CodeIgniter.php(502): CodeIgniter\CodeIgniter->runController(Object(Applications\BUYER\Controllers\BiddingCenter))
 4 SYSTEMPATH\CodeIgniter.php(361): CodeIgniter\CodeIgniter->handleRequest(null, Object(Config\Cache), false)
 5 FCPATH\index.php(80): CodeIgniter\CodeIgniter->run()
