CRITICAL - 2024-05-28 15:05:34 --> ErrorException: Undefined array key "auction"
in FCPATH/applications/USER/Controllers/BiddingSession.php on line 371.
 1 FCPATH/applications/USER/Controllers/BiddingSession.php(371): CodeIgniter\Debug\Exceptions->errorHandler(2, 'Undefined array key "auction"', '/var/www/eazyhosting.in/public_html/applications/USER/Controllers/BiddingSession.php', 371)
 2 SYSTEMPATH/CodeIgniter.php(941): Applications\USER\Controllers\BiddingSession->view('25')
 3 SYSTEMPATH/CodeIgniter.php(502): CodeIgniter\CodeIgniter->runController(Object(Applications\USER\Controllers\BiddingSession))
 4 SYSTEMPATH/CodeIgniter.php(361): CodeIgniter\CodeIgniter->handleRequest(null, Object(Config\Cache), false)
 5 FCPATH/index.php(80): CodeIgniter\CodeIgniter->run()
CRITICAL - 2024-05-28 21:45:56 --> ErrorException: Trying to access array offset on value of type null
in FCPATH/applications/BUYER/Controllers/Auctions.php on line 172.
 1 FCPATH/applications/BUYER/Controllers/Auctions.php(172): CodeIgniter\Debug\Exceptions->errorHandler(2, 'Trying to access array offset on value of type null', '/var/www/eazyhosting.in/public_html/applications/BUYER/Controllers/Auctions.php', 172)
 2 SYSTEMPATH/CodeIgniter.php(941): Applications\BUYER\Controllers\Auctions->completedDetail('1')
 3 SYSTEMPATH/CodeIgniter.php(502): CodeIgniter\CodeIgniter->runController(Object(Applications\BUYER\Controllers\Auctions))
 4 SYSTEMPATH/CodeIgniter.php(361): CodeIgniter\CodeIgniter->handleRequest(null, Object(Config\Cache), false)
 5 FCPATH/index.php(80): CodeIgniter\CodeIgniter->run()
CRITICAL - 2024-05-28 22:15:16 --> ErrorException: Undefined variable $bid_price1
in FCPATH/applications/BUYER/Views/auction_details.php on line 186.
 1 FCPATH/applications/BUYER/Views/auction_details.php(186): CodeIgniter\Debug\Exceptions->errorHandler(2, 'Undefined variable $bid_price1', '/var/www/eazyhosting.in/public_html/applications/BUYER/Views/auction_details.php', 186)
 2 SYSTEMPATH/View/View.php(228): include('/var/www/eazyhosting.in/public_html/applications/BUYER/Views/auction_details.php')
 3 SYSTEMPATH/View/View.php(231): CodeIgniter\View\View->CodeIgniter\View\{closure}()
 4 SYSTEMPATH/Common.php(1178): CodeIgniter\View\View->render('Applications\\BUYER\\Views\\auction_details', [], true)
 5 FCPATH/applications/BUYER/Controllers/Auctions.php(173): view('Applications\\BUYER\\Views\\auction_details', [...])
 6 SYSTEMPATH/CodeIgniter.php(941): Applications\BUYER\Controllers\Auctions->completedDetail('1')
 7 SYSTEMPATH/CodeIgniter.php(502): CodeIgniter\CodeIgniter->runController(Object(Applications\BUYER\Controllers\Auctions))
 8 SYSTEMPATH/CodeIgniter.php(361): CodeIgniter\CodeIgniter->handleRequest(null, Object(Config\Cache), false)
 9 FCPATH/index.php(80): CodeIgniter\CodeIgniter->run()
