CRITICAL - 2024-05-25 15:33:44 --> ErrorException: Trying to access array offset on value of type null
in FCPATH/applications/USER/Controllers/AuctionToBuyerInvoice.php on line 53.
 1 FCPATH/applications/USER/Controllers/AuctionToBuyerInvoice.php(53): CodeIgniter\Debug\Exceptions->errorHandler(2, 'Trying to access array offset on value of type null', '/var/www/eazyhosting.in/public_html/applications/USER/Controllers/AuctionToBuyerInvoice.php', 53)
 2 SYSTEMPATH/CodeIgniter.php(941): Applications\USER\Controllers\AuctionToBuyerInvoice->index()
 3 SYSTEMPATH/CodeIgniter.php(502): CodeIgniter\CodeIgniter->runController(Object(Applications\USER\Controllers\AuctionToBuyerInvoice))
 4 SYSTEMPATH/CodeIgniter.php(361): CodeIgniter\CodeIgniter->handleRequest(null, Object(Config\Cache), false)
 5 FCPATH/index.php(80): CodeIgniter\CodeIgniter->run()
CRITICAL - 2024-05-25 15:37:06 --> ErrorException: Undefined array key "buyer_name"
in FCPATH/applications/USER/Views/AuctionToSellerInvoice/view.php on line 85.
 1 FCPATH/applications/USER/Views/AuctionToSellerInvoice/view.php(85): CodeIgniter\Debug\Exceptions->errorHandler(2, 'Undefined array key "buyer_name"', '/var/www/eazyhosting.in/public_html/applications/USER/Views/AuctionToSellerInvoice/view.php', 85)
 2 SYSTEMPATH/View/View.php(228): include('/var/www/eazyhosting.in/public_html/applications/USER/Views/AuctionToSellerInvoice/view.php')
 3 SYSTEMPATH/View/View.php(231): CodeIgniter\View\View->CodeIgniter\View\{closure}()
 4 SYSTEMPATH/Common.php(1178): CodeIgniter\View\View->render('Applications\\USER\\Views\\AuctionToSellerInvoice\\view', [], true)
 5 FCPATH/applications/USER/Controllers/AuctionToSellerInvoice.php(88): view('Applications\\USER\\Views\\AuctionToSellerInvoice\\view', [...])
 6 SYSTEMPATH/CodeIgniter.php(941): Applications\USER\Controllers\AuctionToSellerInvoice->view('9')
 7 SYSTEMPATH/CodeIgniter.php(502): CodeIgniter\CodeIgniter->runController(Object(Applications\USER\Controllers\AuctionToSellerInvoice))
 8 SYSTEMPATH/CodeIgniter.php(361): CodeIgniter\CodeIgniter->handleRequest(null, Object(Config\Cache), false)
 9 FCPATH/index.php(80): CodeIgniter\CodeIgniter->run()
CRITICAL - 2024-05-25 20:05:49 --> Error: Call to undefined function cal_percentage()
in FCPATH/applications/USER/Views/Invoice/view.php on line 149.
 1 SYSTEMPATH/View/View.php(228): include()
 2 SYSTEMPATH/View/View.php(231): CodeIgniter\View\View->CodeIgniter\View\{closure}()
 3 SYSTEMPATH/Common.php(1178): CodeIgniter\View\View->render('Applications\\USER\\Views\\Invoice\\view', [], true)
 4 FCPATH/applications/USER/Controllers/Invoice.php(87): view('Applications\\USER\\Views\\Invoice\\view', [...])
 5 SYSTEMPATH/CodeIgniter.php(941): Applications\USER\Controllers\Invoice->view('1')
 6 SYSTEMPATH/CodeIgniter.php(502): CodeIgniter\CodeIgniter->runController(Object(Applications\USER\Controllers\Invoice))
 7 SYSTEMPATH/CodeIgniter.php(361): CodeIgniter\CodeIgniter->handleRequest(null, Object(Config\Cache), false)
 8 FCPATH/index.php(80): CodeIgniter\CodeIgniter->run()
CRITICAL - 2024-05-25 20:09:36 --> Error: Call to undefined function cal_percentage()
in FCPATH/applications/USER/Views/Invoice/view.php on line 149.
 1 SYSTEMPATH/View/View.php(228): include()
 2 SYSTEMPATH/View/View.php(231): CodeIgniter\View\View->CodeIgniter\View\{closure}()
 3 SYSTEMPATH/Common.php(1178): CodeIgniter\View\View->render('Applications\\USER\\Views\\Invoice\\view', [], true)
 4 FCPATH/applications/USER/Controllers/Invoice.php(87): view('Applications\\USER\\Views\\Invoice\\view', [...])
 5 SYSTEMPATH/CodeIgniter.php(941): Applications\USER\Controllers\Invoice->view('1')
 6 SYSTEMPATH/CodeIgniter.php(502): CodeIgniter\CodeIgniter->runController(Object(Applications\USER\Controllers\Invoice))
 7 SYSTEMPATH/CodeIgniter.php(361): CodeIgniter\CodeIgniter->handleRequest(null, Object(Config\Cache), false)
 8 FCPATH/index.php(80): CodeIgniter\CodeIgniter->run()
