CRITICAL - 2024-04-04 18:52:26 --> ErrorException: Trying to access array offset on value of type null
in FCPATH\applications\USER\Controllers\BiddingSession.php on line 652.
 1 FCPATH\applications\USER\Controllers\BiddingSession.php(652): CodeIgniter\Debug\Exceptions->errorHandler(2, 'Trying to access array offset on value of type null', 'F:\\xampp\\htdocs\\oams_staging\\frontend\\applications\\USER\\Controllers\\BiddingSession.php', 652)
 2 SYSTEMPATH\CodeIgniter.php(941): Applications\USER\Controllers\BiddingSession->storeEachSession()
 3 SYSTEMPATH\CodeIgniter.php(502): CodeIgniter\CodeIgniter->runController(Object(Applications\USER\Controllers\BiddingSession))
 4 SYSTEMPATH\CodeIgniter.php(361): CodeIgniter\CodeIgniter->handleRequest(null, Object(Config\Cache), false)
 5 FCPATH\index.php(80): CodeIgniter\CodeIgniter->run()
CRITICAL - 2024-04-04 18:54:50 --> ErrorException: Trying to access array offset on value of type null
in FCPATH\applications\USER\Controllers\BiddingSession.php on line 653.
 1 FCPATH\applications\USER\Controllers\BiddingSession.php(653): CodeIgniter\Debug\Exceptions->errorHandler(2, 'Trying to access array offset on value of type null', 'F:\\xampp\\htdocs\\oams_staging\\frontend\\applications\\USER\\Controllers\\BiddingSession.php', 653)
 2 SYSTEMPATH\CodeIgniter.php(941): Applications\USER\Controllers\BiddingSession->storeEachSession()
 3 SYSTEMPATH\CodeIgniter.php(502): CodeIgniter\CodeIgniter->runController(Object(Applications\USER\Controllers\BiddingSession))
 4 SYSTEMPATH\CodeIgniter.php(361): CodeIgniter\CodeIgniter->handleRequest(null, Object(Config\Cache), false)
 5 FCPATH\index.php(80): CodeIgniter\CodeIgniter->run()
CRITICAL - 2024-04-04 19:04:07 --> ErrorException: Undefined array key "grade_name"
in FCPATH\applications\USER\Views\BiddingSession\ajax_row.php on line 26.
 1 FCPATH\applications\USER\Views\BiddingSession\ajax_row.php(26): CodeIgniter\Debug\Exceptions->errorHandler(2, 'Undefined array key "grade_name"', 'F:\\xampp\\htdocs\\oams_staging\\frontend\\applications\\USER\\Views\\BiddingSession\\ajax_row.php', 26)
 2 SYSTEMPATH\View\View.php(228): include('F:\\xampp\\htdocs\\oams_staging\\frontend\\applications\\USER\\Views\\BiddingSession\\ajax_row.php')
 3 SYSTEMPATH\View\View.php(231): CodeIgniter\View\View->CodeIgniter\View\{closure}()
 4 SYSTEMPATH\Common.php(1178): CodeIgniter\View\View->render('Applications\\USER\\Views\\BiddingSession\\ajax_row', [], true)
 5 FCPATH\applications\USER\Controllers\BiddingSession.php(643): view('Applications\\USER\\Views\\BiddingSession\\ajax_row', [...])
 6 SYSTEMPATH\CodeIgniter.php(941): Applications\USER\Controllers\BiddingSession->storeEachSession()
 7 SYSTEMPATH\CodeIgniter.php(502): CodeIgniter\CodeIgniter->runController(Object(Applications\USER\Controllers\BiddingSession))
 8 SYSTEMPATH\CodeIgniter.php(361): CodeIgniter\CodeIgniter->handleRequest(null, Object(Config\Cache), false)
 9 FCPATH\index.php(80): CodeIgniter\CodeIgniter->run()
CRITICAL - 2024-04-04 19:26:28 --> TypeError: count(): Argument #1 ($value) must be of type Countable|array, null given
in FCPATH\applications\USER\Controllers\AuctionManagement.php on line 169.
 1 FCPATH\applications\USER\Controllers\AuctionManagement.php(169): count(null)
 2 SYSTEMPATH\CodeIgniter.php(941): Applications\USER\Controllers\AuctionManagement->storeSession()
 3 SYSTEMPATH\CodeIgniter.php(502): CodeIgniter\CodeIgniter->runController(Object(Applications\USER\Controllers\AuctionManagement))
 4 SYSTEMPATH\CodeIgniter.php(361): CodeIgniter\CodeIgniter->handleRequest(null, Object(Config\Cache), false)
 5 FCPATH\index.php(80): CodeIgniter\CodeIgniter->run()
CRITICAL - 2024-04-04 19:26:29 --> TypeError: usort(): Argument #1 ($array) must be of type array, null given
in FCPATH\applications\USER\Controllers\AuctionManagement.php on line 208.
 1 FCPATH\applications\USER\Controllers\AuctionManagement.php(208): usort(null, Object(Closure))
 2 SYSTEMPATH\CodeIgniter.php(941): Applications\USER\Controllers\AuctionManagement->steptwoCheck()
 3 SYSTEMPATH\CodeIgniter.php(502): CodeIgniter\CodeIgniter->runController(Object(Applications\USER\Controllers\AuctionManagement))
 4 SYSTEMPATH\CodeIgniter.php(361): CodeIgniter\CodeIgniter->handleRequest(null, Object(Config\Cache), false)
 5 FCPATH\index.php(80): CodeIgniter\CodeIgniter->run()
