CRITICAL - 2024-03-16 06:47:29 --> ErrorException: Trying to access array offset on value of type null
in FCPATH\applications\USER\Controllers\Inward.php on line 54.
 1 FCPATH\applications\USER\Controllers\Inward.php(54): CodeIgniter\Debug\Exceptions->errorHandler(2, 'Trying to access array offset on value of type null', 'F:\\xampp\\htdocs\\oams_staging\\frontend\\applications\\USER\\Controllers\\Inward.php', 54)
 2 SYSTEMPATH\CodeIgniter.php(941): Applications\USER\Controllers\Inward->index()
 3 SYSTEMPATH\CodeIgniter.php(502): CodeIgniter\CodeIgniter->runController(Object(Applications\USER\Controllers\Inward))
 4 SYSTEMPATH\CodeIgniter.php(361): CodeIgniter\CodeIgniter->handleRequest(null, Object(Config\Cache), false)
 5 FCPATH\index.php(80): CodeIgniter\CodeIgniter->run()
CRITICAL - 2024-03-16 06:47:34 --> ErrorException: Trying to access array offset on value of type null
in FCPATH\applications\USER\Controllers\Inward.php on line 54.
 1 FCPATH\applications\USER\Controllers\Inward.php(54): CodeIgniter\Debug\Exceptions->errorHandler(2, 'Trying to access array offset on value of type null', 'F:\\xampp\\htdocs\\oams_staging\\frontend\\applications\\USER\\Controllers\\Inward.php', 54)
 2 SYSTEMPATH\CodeIgniter.php(941): Applications\USER\Controllers\Inward->index()
 3 SYSTEMPATH\CodeIgniter.php(502): CodeIgniter\CodeIgniter->runController(Object(Applications\USER\Controllers\Inward))
 4 SYSTEMPATH\CodeIgniter.php(361): CodeIgniter\CodeIgniter->handleRequest(null, Object(Config\Cache), false)
 5 FCPATH\index.php(80): CodeIgniter\CodeIgniter->run()
CRITICAL - 2024-03-16 06:48:00 --> ErrorException: Trying to access array offset on value of type null
in FCPATH\applications\USER\Controllers\Inward.php on line 54.
 1 FCPATH\applications\USER\Controllers\Inward.php(54): CodeIgniter\Debug\Exceptions->errorHandler(2, 'Trying to access array offset on value of type null', 'F:\\xampp\\htdocs\\oams_staging\\frontend\\applications\\USER\\Controllers\\Inward.php', 54)
 2 SYSTEMPATH\CodeIgniter.php(941): Applications\USER\Controllers\Inward->index()
 3 SYSTEMPATH\CodeIgniter.php(502): CodeIgniter\CodeIgniter->runController(Object(Applications\USER\Controllers\Inward))
 4 SYSTEMPATH\CodeIgniter.php(361): CodeIgniter\CodeIgniter->handleRequest(null, Object(Config\Cache), false)
 5 FCPATH\index.php(80): CodeIgniter\CodeIgniter->run()
CRITICAL - 2024-03-16 06:48:00 --> ErrorException: Trying to access array offset on value of type null
in FCPATH\applications\USER\Controllers\Inward.php on line 54.
 1 FCPATH\applications\USER\Controllers\Inward.php(54): CodeIgniter\Debug\Exceptions->errorHandler(2, 'Trying to access array offset on value of type null', 'F:\\xampp\\htdocs\\oams_staging\\frontend\\applications\\USER\\Controllers\\Inward.php', 54)
 2 SYSTEMPATH\CodeIgniter.php(941): Applications\USER\Controllers\Inward->index()
 3 SYSTEMPATH\CodeIgniter.php(502): CodeIgniter\CodeIgniter->runController(Object(Applications\USER\Controllers\Inward))
 4 SYSTEMPATH\CodeIgniter.php(361): CodeIgniter\CodeIgniter->handleRequest(null, Object(Config\Cache), false)
 5 FCPATH\index.php(80): CodeIgniter\CodeIgniter->run()
