CRITICAL - 2024-07-29 13:29:06 --> ErrorException: Undefined variable $auction_data
in APPPATH/Controllers/Cart.php on line 426.
 1 APPPATH/Controllers/Cart.php(426): CodeIgniter\Debug\Exceptions->errorHandler(2, 'Undefined variable $auction_data', '/var/www/eazyhosting.in/public_html/api/app/Controllers/Cart.php', 426)
 2 SYSTEMPATH/CodeIgniter.php(941): App\Controllers\Cart->auctiongardenlist()
 3 SYSTEMPATH/CodeIgniter.php(502): CodeIgniter\CodeIgniter->runController(Object(App\Controllers\Cart))
 4 SYSTEMPATH/CodeIgniter.php(361): CodeIgniter\CodeIgniter->handleRequest(null, Object(Config\Cache), false)
 5 FCPATH/index.php(79): CodeIgniter\CodeIgniter->run()
CRITICAL - 2024-07-29 13:29:29 --> ErrorException: Undefined variable $auction_data
in APPPATH/Controllers/Cart.php on line 426.
 1 APPPATH/Controllers/Cart.php(426): CodeIgniter\Debug\Exceptions->errorHandler(2, 'Undefined variable $auction_data', '/var/www/eazyhosting.in/public_html/api/app/Controllers/Cart.php', 426)
 2 SYSTEMPATH/CodeIgniter.php(941): App\Controllers\Cart->auctiongardenlist()
 3 SYSTEMPATH/CodeIgniter.php(502): CodeIgniter\CodeIgniter->runController(Object(App\Controllers\Cart))
 4 SYSTEMPATH/CodeIgniter.php(361): CodeIgniter\CodeIgniter->handleRequest(null, Object(Config\Cache), false)
 5 FCPATH/index.php(79): CodeIgniter\CodeIgniter->run()
CRITICAL - 2024-07-29 13:29:35 --> ErrorException: Undefined variable $auction_data
in APPPATH/Controllers/Cart.php on line 426.
 1 APPPATH/Controllers/Cart.php(426): CodeIgniter\Debug\Exceptions->errorHandler(2, 'Undefined variable $auction_data', '/var/www/eazyhosting.in/public_html/api/app/Controllers/Cart.php', 426)
 2 SYSTEMPATH/CodeIgniter.php(941): App\Controllers\Cart->auctiongardenlist()
 3 SYSTEMPATH/CodeIgniter.php(502): CodeIgniter\CodeIgniter->runController(Object(App\Controllers\Cart))
 4 SYSTEMPATH/CodeIgniter.php(361): CodeIgniter\CodeIgniter->handleRequest(null, Object(Config\Cache), false)
 5 FCPATH/index.php(79): CodeIgniter\CodeIgniter->run()
CRITICAL - 2024-07-29 13:29:39 --> ErrorException: Undefined variable $auction_data
in APPPATH/Controllers/Cart.php on line 426.
 1 APPPATH/Controllers/Cart.php(426): CodeIgniter\Debug\Exceptions->errorHandler(2, 'Undefined variable $auction_data', '/var/www/eazyhosting.in/public_html/api/app/Controllers/Cart.php', 426)
 2 SYSTEMPATH/CodeIgniter.php(941): App\Controllers\Cart->auctiongardenlist()
 3 SYSTEMPATH/CodeIgniter.php(502): CodeIgniter\CodeIgniter->runController(Object(App\Controllers\Cart))
 4 SYSTEMPATH/CodeIgniter.php(361): CodeIgniter\CodeIgniter->handleRequest(null, Object(Config\Cache), false)
 5 FCPATH/index.php(79): CodeIgniter\CodeIgniter->run()
CRITICAL - 2024-07-29 13:29:57 --> ErrorException: Undefined variable $auction_data
in APPPATH/Controllers/Cart.php on line 426.
 1 APPPATH/Controllers/Cart.php(426): CodeIgniter\Debug\Exceptions->errorHandler(2, 'Undefined variable $auction_data', '/var/www/eazyhosting.in/public_html/api/app/Controllers/Cart.php', 426)
 2 SYSTEMPATH/CodeIgniter.php(941): App\Controllers\Cart->auctiongardenlist()
 3 SYSTEMPATH/CodeIgniter.php(502): CodeIgniter\CodeIgniter->runController(Object(App\Controllers\Cart))
 4 SYSTEMPATH/CodeIgniter.php(361): CodeIgniter\CodeIgniter->handleRequest(null, Object(Config\Cache), false)
 5 FCPATH/index.php(79): CodeIgniter\CodeIgniter->run()
CRITICAL - 2024-07-29 13:29:59 --> ErrorException: Undefined variable $auction_data
in APPPATH/Controllers/Cart.php on line 426.
 1 APPPATH/Controllers/Cart.php(426): CodeIgniter\Debug\Exceptions->errorHandler(2, 'Undefined variable $auction_data', '/var/www/eazyhosting.in/public_html/api/app/Controllers/Cart.php', 426)
 2 SYSTEMPATH/CodeIgniter.php(941): App\Controllers\Cart->auctiongardenlist()
 3 SYSTEMPATH/CodeIgniter.php(502): CodeIgniter\CodeIgniter->runController(Object(App\Controllers\Cart))
 4 SYSTEMPATH/CodeIgniter.php(361): CodeIgniter\CodeIgniter->handleRequest(null, Object(Config\Cache), false)
 5 FCPATH/index.php(79): CodeIgniter\CodeIgniter->run()
CRITICAL - 2024-07-29 21:12:09 --> ErrorException: Undefined variable $auction_data
in APPPATH/Controllers/Cart.php on line 427.
 1 APPPATH/Controllers/Cart.php(427): CodeIgniter\Debug\Exceptions->errorHandler(2, 'Undefined variable $auction_data', '/var/www/eazyhosting.in/public_html/api/app/Controllers/Cart.php', 427)
 2 SYSTEMPATH/CodeIgniter.php(941): App\Controllers\Cart->auctiongardenlist()
 3 SYSTEMPATH/CodeIgniter.php(502): CodeIgniter\CodeIgniter->runController(Object(App\Controllers\Cart))
 4 SYSTEMPATH/CodeIgniter.php(361): CodeIgniter\CodeIgniter->handleRequest(null, Object(Config\Cache), false)
 5 FCPATH/index.php(79): CodeIgniter\CodeIgniter->run()
CRITICAL - 2024-07-29 21:12:17 --> ErrorException: Undefined variable $auction_data
in APPPATH/Controllers/Cart.php on line 427.
 1 APPPATH/Controllers/Cart.php(427): CodeIgniter\Debug\Exceptions->errorHandler(2, 'Undefined variable $auction_data', '/var/www/eazyhosting.in/public_html/api/app/Controllers/Cart.php', 427)
 2 SYSTEMPATH/CodeIgniter.php(941): App\Controllers\Cart->auctiongardenlist()
 3 SYSTEMPATH/CodeIgniter.php(502): CodeIgniter\CodeIgniter->runController(Object(App\Controllers\Cart))
 4 SYSTEMPATH/CodeIgniter.php(361): CodeIgniter\CodeIgniter->handleRequest(null, Object(Config\Cache), false)
 5 FCPATH/index.php(79): CodeIgniter\CodeIgniter->run()
CRITICAL - 2024-07-29 21:12:19 --> ErrorException: Undefined variable $auction_data
in APPPATH/Controllers/Cart.php on line 427.
 1 APPPATH/Controllers/Cart.php(427): CodeIgniter\Debug\Exceptions->errorHandler(2, 'Undefined variable $auction_data', '/var/www/eazyhosting.in/public_html/api/app/Controllers/Cart.php', 427)
 2 SYSTEMPATH/CodeIgniter.php(941): App\Controllers\Cart->auctiongardenlist()
 3 SYSTEMPATH/CodeIgniter.php(502): CodeIgniter\CodeIgniter->runController(Object(App\Controllers\Cart))
 4 SYSTEMPATH/CodeIgniter.php(361): CodeIgniter\CodeIgniter->handleRequest(null, Object(Config\Cache), false)
 5 FCPATH/index.php(79): CodeIgniter\CodeIgniter->run()
CRITICAL - 2024-07-29 21:17:38 --> Error: Class "App\Controllers\SettingsModel" not found
in APPPATH/Controllers/Auction.php on line 1061.
 1 SYSTEMPATH/CodeIgniter.php(941): App\Controllers\Auction->closeAuction()
 2 SYSTEMPATH/CodeIgniter.php(502): CodeIgniter\CodeIgniter->runController(Object(App\Controllers\Auction))
 3 SYSTEMPATH/CodeIgniter.php(361): CodeIgniter\CodeIgniter->handleRequest(null, Object(Config\Cache), false)
 4 FCPATH/index.php(79): CodeIgniter\CodeIgniter->run()
CRITICAL - 2024-07-29 21:18:39 --> Error: Class "App\Controllers\SettingsModel" not found
in APPPATH/Controllers/Auction.php on line 1061.
 1 SYSTEMPATH/CodeIgniter.php(941): App\Controllers\Auction->closeAuction()
 2 SYSTEMPATH/CodeIgniter.php(502): CodeIgniter\CodeIgniter->runController(Object(App\Controllers\Auction))
 3 SYSTEMPATH/CodeIgniter.php(361): CodeIgniter\CodeIgniter->handleRequest(null, Object(Config\Cache), false)
 4 FCPATH/index.php(79): CodeIgniter\CodeIgniter->run()
CRITICAL - 2024-07-29 21:34:10 --> ErrorException: Undefined variable $auction_data
in APPPATH/Controllers/Cart.php on line 427.
 1 APPPATH/Controllers/Cart.php(427): CodeIgniter\Debug\Exceptions->errorHandler(2, 'Undefined variable $auction_data', '/var/www/eazyhosting.in/public_html/api/app/Controllers/Cart.php', 427)
 2 SYSTEMPATH/CodeIgniter.php(941): App\Controllers\Cart->auctiongardenlist()
 3 SYSTEMPATH/CodeIgniter.php(502): CodeIgniter\CodeIgniter->runController(Object(App\Controllers\Cart))
 4 SYSTEMPATH/CodeIgniter.php(361): CodeIgniter\CodeIgniter->handleRequest(null, Object(Config\Cache), false)
 5 FCPATH/index.php(79): CodeIgniter\CodeIgniter->run()
CRITICAL - 2024-07-29 21:34:27 --> ErrorException: Undefined variable $auction_data
in APPPATH/Controllers/Cart.php on line 427.
 1 APPPATH/Controllers/Cart.php(427): CodeIgniter\Debug\Exceptions->errorHandler(2, 'Undefined variable $auction_data', '/var/www/eazyhosting.in/public_html/api/app/Controllers/Cart.php', 427)
 2 SYSTEMPATH/CodeIgniter.php(941): App\Controllers\Cart->auctiongardenlist()
 3 SYSTEMPATH/CodeIgniter.php(502): CodeIgniter\CodeIgniter->runController(Object(App\Controllers\Cart))
 4 SYSTEMPATH/CodeIgniter.php(361): CodeIgniter\CodeIgniter->handleRequest(null, Object(Config\Cache), false)
 5 FCPATH/index.php(79): CodeIgniter\CodeIgniter->run()
CRITICAL - 2024-07-29 21:34:33 --> ErrorException: Undefined variable $auction_data
in APPPATH/Controllers/Cart.php on line 427.
 1 APPPATH/Controllers/Cart.php(427): CodeIgniter\Debug\Exceptions->errorHandler(2, 'Undefined variable $auction_data', '/var/www/eazyhosting.in/public_html/api/app/Controllers/Cart.php', 427)
 2 SYSTEMPATH/CodeIgniter.php(941): App\Controllers\Cart->auctiongardenlist()
 3 SYSTEMPATH/CodeIgniter.php(502): CodeIgniter\CodeIgniter->runController(Object(App\Controllers\Cart))
 4 SYSTEMPATH/CodeIgniter.php(361): CodeIgniter\CodeIgniter->handleRequest(null, Object(Config\Cache), false)
 5 FCPATH/index.php(79): CodeIgniter\CodeIgniter->run()
CRITICAL - 2024-07-29 21:40:44 --> ErrorException: Undefined array key "bidprice"
in APPPATH/Helpers/AuctionBiddingHelper.php on line 44.
 1 APPPATH/Helpers/AuctionBiddingHelper.php(44): CodeIgniter\Debug\Exceptions->errorHandler(2, 'Undefined array key "bidprice"', '/var/www/eazyhosting.in/public_html/api/app/Helpers/AuctionBiddingHelper.php', 44)
 2 APPPATH/Controllers/BuyerDashboard.php(478): App\Helpers\AuctionBiddingHelper::auctionBiddingCalculate('44', '110')
 3 SYSTEMPATH/CodeIgniter.php(941): App\Controllers\BuyerDashboard->movetoclosed()
 4 SYSTEMPATH/CodeIgniter.php(502): CodeIgniter\CodeIgniter->runController(Object(App\Controllers\BuyerDashboard))
 5 SYSTEMPATH/CodeIgniter.php(361): CodeIgniter\CodeIgniter->handleRequest(null, Object(Config\Cache), false)
 6 FCPATH/index.php(79): CodeIgniter\CodeIgniter->run()
CRITICAL - 2024-07-29 21:40:45 --> ErrorException: Undefined array key "bidprice"
in APPPATH/Helpers/AuctionBiddingHelper.php on line 44.
 1 APPPATH/Helpers/AuctionBiddingHelper.php(44): CodeIgniter\Debug\Exceptions->errorHandler(2, 'Undefined array key "bidprice"', '/var/www/eazyhosting.in/public_html/api/app/Helpers/AuctionBiddingHelper.php', 44)
 2 APPPATH/Controllers/BuyerDashboard.php(478): App\Helpers\AuctionBiddingHelper::auctionBiddingCalculate('44', '110')
 3 SYSTEMPATH/CodeIgniter.php(941): App\Controllers\BuyerDashboard->movetoclosed()
 4 SYSTEMPATH/CodeIgniter.php(502): CodeIgniter\CodeIgniter->runController(Object(App\Controllers\BuyerDashboard))
 5 SYSTEMPATH/CodeIgniter.php(361): CodeIgniter\CodeIgniter->handleRequest(null, Object(Config\Cache), false)
 6 FCPATH/index.php(79): CodeIgniter\CodeIgniter->run()
CRITICAL - 2024-07-29 21:42:55 --> ErrorException: Undefined array key "bidprice"
in APPPATH/Helpers/AuctionBiddingHelper.php on line 44.
 1 APPPATH/Helpers/AuctionBiddingHelper.php(44): CodeIgniter\Debug\Exceptions->errorHandler(2, 'Undefined array key "bidprice"', '/var/www/eazyhosting.in/public_html/api/app/Helpers/AuctionBiddingHelper.php', 44)
 2 APPPATH/Controllers/BuyerDashboard.php(478): App\Helpers\AuctionBiddingHelper::auctionBiddingCalculate('44', '110')
 3 SYSTEMPATH/CodeIgniter.php(941): App\Controllers\BuyerDashboard->movetoclosed()
 4 SYSTEMPATH/CodeIgniter.php(502): CodeIgniter\CodeIgniter->runController(Object(App\Controllers\BuyerDashboard))
 5 SYSTEMPATH/CodeIgniter.php(361): CodeIgniter\CodeIgniter->handleRequest(null, Object(Config\Cache), false)
 6 FCPATH/index.php(79): CodeIgniter\CodeIgniter->run()
CRITICAL - 2024-07-29 21:43:05 --> ErrorException: Undefined array key "bidprice"
in APPPATH/Helpers/AuctionBiddingHelper.php on line 44.
 1 APPPATH/Helpers/AuctionBiddingHelper.php(44): CodeIgniter\Debug\Exceptions->errorHandler(2, 'Undefined array key "bidprice"', '/var/www/eazyhosting.in/public_html/api/app/Helpers/AuctionBiddingHelper.php', 44)
 2 APPPATH/Controllers/BuyerDashboard.php(478): App\Helpers\AuctionBiddingHelper::auctionBiddingCalculate('44', '110')
 3 SYSTEMPATH/CodeIgniter.php(941): App\Controllers\BuyerDashboard->movetoclosed()
 4 SYSTEMPATH/CodeIgniter.php(502): CodeIgniter\CodeIgniter->runController(Object(App\Controllers\BuyerDashboard))
 5 SYSTEMPATH/CodeIgniter.php(361): CodeIgniter\CodeIgniter->handleRequest(null, Object(Config\Cache), false)
 6 FCPATH/index.php(79): CodeIgniter\CodeIgniter->run()
CRITICAL - 2024-07-29 21:44:30 --> ErrorException: Undefined array key "bidprice"
in APPPATH/Helpers/AuctionBiddingHelper.php on line 44.
 1 APPPATH/Helpers/AuctionBiddingHelper.php(44): CodeIgniter\Debug\Exceptions->errorHandler(2, 'Undefined array key "bidprice"', '/var/www/eazyhosting.in/public_html/api/app/Helpers/AuctionBiddingHelper.php', 44)
 2 APPPATH/Controllers/BuyerDashboard.php(478): App\Helpers\AuctionBiddingHelper::auctionBiddingCalculate('44', '110')
 3 SYSTEMPATH/CodeIgniter.php(941): App\Controllers\BuyerDashboard->movetoclosed()
 4 SYSTEMPATH/CodeIgniter.php(502): CodeIgniter\CodeIgniter->runController(Object(App\Controllers\BuyerDashboard))
 5 SYSTEMPATH/CodeIgniter.php(361): CodeIgniter\CodeIgniter->handleRequest(null, Object(Config\Cache), false)
 6 FCPATH/index.php(79): CodeIgniter\CodeIgniter->run()
CRITICAL - 2024-07-29 21:49:03 --> ErrorException: Undefined variable $auction_data
in APPPATH/Controllers/Cart.php on line 427.
 1 APPPATH/Controllers/Cart.php(427): CodeIgniter\Debug\Exceptions->errorHandler(2, 'Undefined variable $auction_data', '/var/www/eazyhosting.in/public_html/api/app/Controllers/Cart.php', 427)
 2 SYSTEMPATH/CodeIgniter.php(941): App\Controllers\Cart->auctiongardenlist()
 3 SYSTEMPATH/CodeIgniter.php(502): CodeIgniter\CodeIgniter->runController(Object(App\Controllers\Cart))
 4 SYSTEMPATH/CodeIgniter.php(361): CodeIgniter\CodeIgniter->handleRequest(null, Object(Config\Cache), false)
 5 FCPATH/index.php(79): CodeIgniter\CodeIgniter->run()
CRITICAL - 2024-07-29 21:49:18 --> ErrorException: Undefined variable $auction_data
in APPPATH/Controllers/Cart.php on line 427.
 1 APPPATH/Controllers/Cart.php(427): CodeIgniter\Debug\Exceptions->errorHandler(2, 'Undefined variable $auction_data', '/var/www/eazyhosting.in/public_html/api/app/Controllers/Cart.php', 427)
 2 SYSTEMPATH/CodeIgniter.php(941): App\Controllers\Cart->auctiongardenlist()
 3 SYSTEMPATH/CodeIgniter.php(502): CodeIgniter\CodeIgniter->runController(Object(App\Controllers\Cart))
 4 SYSTEMPATH/CodeIgniter.php(361): CodeIgniter\CodeIgniter->handleRequest(null, Object(Config\Cache), false)
 5 FCPATH/index.php(79): CodeIgniter\CodeIgniter->run()
CRITICAL - 2024-07-29 21:49:19 --> ErrorException: Undefined variable $auction_data
in APPPATH/Controllers/Cart.php on line 427.
 1 APPPATH/Controllers/Cart.php(427): CodeIgniter\Debug\Exceptions->errorHandler(2, 'Undefined variable $auction_data', '/var/www/eazyhosting.in/public_html/api/app/Controllers/Cart.php', 427)
 2 SYSTEMPATH/CodeIgniter.php(941): App\Controllers\Cart->auctiongardenlist()
 3 SYSTEMPATH/CodeIgniter.php(502): CodeIgniter\CodeIgniter->runController(Object(App\Controllers\Cart))
 4 SYSTEMPATH/CodeIgniter.php(361): CodeIgniter\CodeIgniter->handleRequest(null, Object(Config\Cache), false)
 5 FCPATH/index.php(79): CodeIgniter\CodeIgniter->run()
CRITICAL - 2024-07-29 21:50:13 --> ErrorException: Trying to access array offset on value of type null
in APPPATH/Controllers/BuyerDashboard.php on line 352.
 1 APPPATH/Controllers/BuyerDashboard.php(352): CodeIgniter\Debug\Exceptions->errorHandler(2, 'Trying to access array offset on value of type null', '/var/www/eazyhosting.in/public_html/api/app/Controllers/BuyerDashboard.php', 352)
 2 SYSTEMPATH/CodeIgniter.php(941): App\Controllers\BuyerDashboard->getAuctionItemsByAuction('8', 0)
 3 SYSTEMPATH/CodeIgniter.php(502): CodeIgniter\CodeIgniter->runController(Object(App\Controllers\BuyerDashboard))
 4 SYSTEMPATH/CodeIgniter.php(361): CodeIgniter\CodeIgniter->handleRequest(null, Object(Config\Cache), false)
 5 FCPATH/index.php(79): CodeIgniter\CodeIgniter->run()
CRITICAL - 2024-07-29 21:50:32 --> ErrorException: Trying to access array offset on value of type null
in APPPATH/Controllers/BuyerDashboard.php on line 352.
 1 APPPATH/Controllers/BuyerDashboard.php(352): CodeIgniter\Debug\Exceptions->errorHandler(2, 'Trying to access array offset on value of type null', '/var/www/eazyhosting.in/public_html/api/app/Controllers/BuyerDashboard.php', 352)
 2 SYSTEMPATH/CodeIgniter.php(941): App\Controllers\BuyerDashboard->getAuctionItemsByAuction('8', 0)
 3 SYSTEMPATH/CodeIgniter.php(502): CodeIgniter\CodeIgniter->runController(Object(App\Controllers\BuyerDashboard))
 4 SYSTEMPATH/CodeIgniter.php(361): CodeIgniter\CodeIgniter->handleRequest(null, Object(Config\Cache), false)
 5 FCPATH/index.php(79): CodeIgniter\CodeIgniter->run()
CRITICAL - 2024-07-29 21:50:35 --> ErrorException: Trying to access array offset on value of type null
in APPPATH/Controllers/BuyerDashboard.php on line 352.
 1 APPPATH/Controllers/BuyerDashboard.php(352): CodeIgniter\Debug\Exceptions->errorHandler(2, 'Trying to access array offset on value of type null', '/var/www/eazyhosting.in/public_html/api/app/Controllers/BuyerDashboard.php', 352)
 2 SYSTEMPATH/CodeIgniter.php(941): App\Controllers\BuyerDashboard->getAuctionItemsByAuction('8', 0)
 3 SYSTEMPATH/CodeIgniter.php(502): CodeIgniter\CodeIgniter->runController(Object(App\Controllers\BuyerDashboard))
 4 SYSTEMPATH/CodeIgniter.php(361): CodeIgniter\CodeIgniter->handleRequest(null, Object(Config\Cache), false)
 5 FCPATH/index.php(79): CodeIgniter\CodeIgniter->run()
CRITICAL - 2024-07-29 21:50:48 --> ErrorException: Trying to access array offset on value of type null
in APPPATH/Controllers/BuyerDashboard.php on line 352.
 1 APPPATH/Controllers/BuyerDashboard.php(352): CodeIgniter\Debug\Exceptions->errorHandler(2, 'Trying to access array offset on value of type null', '/var/www/eazyhosting.in/public_html/api/app/Controllers/BuyerDashboard.php', 352)
 2 SYSTEMPATH/CodeIgniter.php(941): App\Controllers\BuyerDashboard->getAuctionItemsByAuction('8', 0)
 3 SYSTEMPATH/CodeIgniter.php(502): CodeIgniter\CodeIgniter->runController(Object(App\Controllers\BuyerDashboard))
 4 SYSTEMPATH/CodeIgniter.php(361): CodeIgniter\CodeIgniter->handleRequest(null, Object(Config\Cache), false)
 5 FCPATH/index.php(79): CodeIgniter\CodeIgniter->run()
CRITICAL - 2024-07-29 21:51:21 --> ErrorException: Trying to access array offset on value of type null
in APPPATH/Controllers/BuyerDashboard.php on line 352.
 1 APPPATH/Controllers/BuyerDashboard.php(352): CodeIgniter\Debug\Exceptions->errorHandler(2, 'Trying to access array offset on value of type null', '/var/www/eazyhosting.in/public_html/api/app/Controllers/BuyerDashboard.php', 352)
 2 SYSTEMPATH/CodeIgniter.php(941): App\Controllers\BuyerDashboard->getAuctionItemsByAuction('8', 0)
 3 SYSTEMPATH/CodeIgniter.php(502): CodeIgniter\CodeIgniter->runController(Object(App\Controllers\BuyerDashboard))
 4 SYSTEMPATH/CodeIgniter.php(361): CodeIgniter\CodeIgniter->handleRequest(null, Object(Config\Cache), false)
 5 FCPATH/index.php(79): CodeIgniter\CodeIgniter->run()
CRITICAL - 2024-07-29 21:51:26 --> ErrorException: Trying to access array offset on value of type null
in APPPATH/Controllers/BuyerDashboard.php on line 352.
 1 APPPATH/Controllers/BuyerDashboard.php(352): CodeIgniter\Debug\Exceptions->errorHandler(2, 'Trying to access array offset on value of type null', '/var/www/eazyhosting.in/public_html/api/app/Controllers/BuyerDashboard.php', 352)
 2 SYSTEMPATH/CodeIgniter.php(941): App\Controllers\BuyerDashboard->getAuctionItemsByAuction('8', 0)
 3 SYSTEMPATH/CodeIgniter.php(502): CodeIgniter\CodeIgniter->runController(Object(App\Controllers\BuyerDashboard))
 4 SYSTEMPATH/CodeIgniter.php(361): CodeIgniter\CodeIgniter->handleRequest(null, Object(Config\Cache), false)
 5 FCPATH/index.php(79): CodeIgniter\CodeIgniter->run()
CRITICAL - 2024-07-29 21:55:01 --> ErrorException: Undefined variable $buyer_id
in APPPATH/Helpers/AuctionBiddingHelper.php on line 76.
 1 APPPATH/Helpers/AuctionBiddingHelper.php(76): CodeIgniter\Debug\Exceptions->errorHandler(2, 'Undefined variable $buyer_id', '/var/www/eazyhosting.in/public_html/api/app/Helpers/AuctionBiddingHelper.php', 76)
 2 APPPATH/Controllers/BuyerDashboard.php(478): App\Helpers\AuctionBiddingHelper::auctionBiddingCalculate('47', '110')
 3 SYSTEMPATH/CodeIgniter.php(941): App\Controllers\BuyerDashboard->movetoclosed()
 4 SYSTEMPATH/CodeIgniter.php(502): CodeIgniter\CodeIgniter->runController(Object(App\Controllers\BuyerDashboard))
 5 SYSTEMPATH/CodeIgniter.php(361): CodeIgniter\CodeIgniter->handleRequest(null, Object(Config\Cache), false)
 6 FCPATH/index.php(79): CodeIgniter\CodeIgniter->run()
CRITICAL - 2024-07-29 21:56:30 --> ErrorException: Undefined variable $buyer_id
in APPPATH/Helpers/AuctionBiddingHelper.php on line 76.
 1 APPPATH/Helpers/AuctionBiddingHelper.php(76): CodeIgniter\Debug\Exceptions->errorHandler(2, 'Undefined variable $buyer_id', '/var/www/eazyhosting.in/public_html/api/app/Helpers/AuctionBiddingHelper.php', 76)
 2 APPPATH/Controllers/BuyerDashboard.php(478): App\Helpers\AuctionBiddingHelper::auctionBiddingCalculate('47', '110')
 3 SYSTEMPATH/CodeIgniter.php(941): App\Controllers\BuyerDashboard->movetoclosed()
 4 SYSTEMPATH/CodeIgniter.php(502): CodeIgniter\CodeIgniter->runController(Object(App\Controllers\BuyerDashboard))
 5 SYSTEMPATH/CodeIgniter.php(361): CodeIgniter\CodeIgniter->handleRequest(null, Object(Config\Cache), false)
 6 FCPATH/index.php(79): CodeIgniter\CodeIgniter->run()
CRITICAL - 2024-07-29 21:56:32 --> ErrorException: Undefined variable $buyer_id
in APPPATH/Helpers/AuctionBiddingHelper.php on line 76.
 1 APPPATH/Helpers/AuctionBiddingHelper.php(76): CodeIgniter\Debug\Exceptions->errorHandler(2, 'Undefined variable $buyer_id', '/var/www/eazyhosting.in/public_html/api/app/Helpers/AuctionBiddingHelper.php', 76)
 2 APPPATH/Controllers/BuyerDashboard.php(478): App\Helpers\AuctionBiddingHelper::auctionBiddingCalculate('47', '110')
 3 SYSTEMPATH/CodeIgniter.php(941): App\Controllers\BuyerDashboard->movetoclosed()
 4 SYSTEMPATH/CodeIgniter.php(502): CodeIgniter\CodeIgniter->runController(Object(App\Controllers\BuyerDashboard))
 5 SYSTEMPATH/CodeIgniter.php(361): CodeIgniter\CodeIgniter->handleRequest(null, Object(Config\Cache), false)
 6 FCPATH/index.php(79): CodeIgniter\CodeIgniter->run()
CRITICAL - 2024-07-29 21:58:07 --> ErrorException: Undefined variable $buyer_id
in APPPATH/Helpers/AuctionBiddingHelper.php on line 76.
 1 APPPATH/Helpers/AuctionBiddingHelper.php(76): CodeIgniter\Debug\Exceptions->errorHandler(2, 'Undefined variable $buyer_id', '/var/www/eazyhosting.in/public_html/api/app/Helpers/AuctionBiddingHelper.php', 76)
 2 APPPATH/Controllers/BuyerDashboard.php(478): App\Helpers\AuctionBiddingHelper::auctionBiddingCalculate('47', '110')
 3 SYSTEMPATH/CodeIgniter.php(941): App\Controllers\BuyerDashboard->movetoclosed()
 4 SYSTEMPATH/CodeIgniter.php(502): CodeIgniter\CodeIgniter->runController(Object(App\Controllers\BuyerDashboard))
 5 SYSTEMPATH/CodeIgniter.php(361): CodeIgniter\CodeIgniter->handleRequest(null, Object(Config\Cache), false)
 6 FCPATH/index.php(79): CodeIgniter\CodeIgniter->run()
CRITICAL - 2024-07-29 22:09:55 --> Error: Call to a member function orderBy() on array
in APPPATH/Controllers/BuyerDashboard.php on line 695.
 1 SYSTEMPATH/CodeIgniter.php(941): App\Controllers\BuyerDashboard->InitialAutoCall()
 2 SYSTEMPATH/CodeIgniter.php(502): CodeIgniter\CodeIgniter->runController(Object(App\Controllers\BuyerDashboard))
 3 SYSTEMPATH/CodeIgniter.php(361): CodeIgniter\CodeIgniter->handleRequest(null, Object(Config\Cache), false)
 4 FCPATH/index.php(79): CodeIgniter\CodeIgniter->run()
CRITICAL - 2024-07-29 22:11:54 --> Error: Call to a member function orderBy() on array
in APPPATH/Controllers/BuyerDashboard.php on line 696.
 1 SYSTEMPATH/CodeIgniter.php(941): App\Controllers\BuyerDashboard->InitialAutoCall()
 2 SYSTEMPATH/CodeIgniter.php(502): CodeIgniter\CodeIgniter->runController(Object(App\Controllers\BuyerDashboard))
 3 SYSTEMPATH/CodeIgniter.php(361): CodeIgniter\CodeIgniter->handleRequest(null, Object(Config\Cache), false)
 4 FCPATH/index.php(79): CodeIgniter\CodeIgniter->run()
CRITICAL - 2024-07-29 22:12:06 --> Error: Call to a member function orderBy() on array
in APPPATH/Controllers/BuyerDashboard.php on line 696.
 1 SYSTEMPATH/CodeIgniter.php(941): App\Controllers\BuyerDashboard->InitialAutoCall()
 2 SYSTEMPATH/CodeIgniter.php(502): CodeIgniter\CodeIgniter->runController(Object(App\Controllers\BuyerDashboard))
 3 SYSTEMPATH/CodeIgniter.php(361): CodeIgniter\CodeIgniter->handleRequest(null, Object(Config\Cache), false)
 4 FCPATH/index.php(79): CodeIgniter\CodeIgniter->run()
CRITICAL - 2024-07-29 22:23:29 --> ErrorException: Undefined array key 1
in APPPATH/Helpers/AuctionBiddingHelper.php on line 42.
 1 APPPATH/Helpers/AuctionBiddingHelper.php(42): CodeIgniter\Debug\Exceptions->errorHandler(2, 'Undefined array key 1', '/var/www/eazyhosting.in/public_html/api/app/Helpers/AuctionBiddingHelper.php', 42)
 2 APPPATH/Controllers/BuyerDashboard.php(707): App\Helpers\AuctionBiddingHelper::auctionBiddingCalculate('48', '110')
 3 SYSTEMPATH/CodeIgniter.php(941): App\Controllers\BuyerDashboard->InitialAutoCall()
 4 SYSTEMPATH/CodeIgniter.php(502): CodeIgniter\CodeIgniter->runController(Object(App\Controllers\BuyerDashboard))
 5 SYSTEMPATH/CodeIgniter.php(361): CodeIgniter\CodeIgniter->handleRequest(null, Object(Config\Cache), false)
 6 FCPATH/index.php(79): CodeIgniter\CodeIgniter->run()
CRITICAL - 2024-07-29 22:23:41 --> ErrorException: Undefined array key 1
in APPPATH/Helpers/AuctionBiddingHelper.php on line 42.
 1 APPPATH/Helpers/AuctionBiddingHelper.php(42): CodeIgniter\Debug\Exceptions->errorHandler(2, 'Undefined array key 1', '/var/www/eazyhosting.in/public_html/api/app/Helpers/AuctionBiddingHelper.php', 42)
 2 APPPATH/Controllers/BuyerDashboard.php(478): App\Helpers\AuctionBiddingHelper::auctionBiddingCalculate('48', '110')
 3 SYSTEMPATH/CodeIgniter.php(941): App\Controllers\BuyerDashboard->movetoclosed()
 4 SYSTEMPATH/CodeIgniter.php(502): CodeIgniter\CodeIgniter->runController(Object(App\Controllers\BuyerDashboard))
 5 SYSTEMPATH/CodeIgniter.php(361): CodeIgniter\CodeIgniter->handleRequest(null, Object(Config\Cache), false)
 6 FCPATH/index.php(79): CodeIgniter\CodeIgniter->run()
CRITICAL - 2024-07-29 22:23:42 --> ErrorException: Undefined array key 1
in APPPATH/Helpers/AuctionBiddingHelper.php on line 42.
 1 APPPATH/Helpers/AuctionBiddingHelper.php(42): CodeIgniter\Debug\Exceptions->errorHandler(2, 'Undefined array key 1', '/var/www/eazyhosting.in/public_html/api/app/Helpers/AuctionBiddingHelper.php', 42)
 2 APPPATH/Controllers/BuyerDashboard.php(478): App\Helpers\AuctionBiddingHelper::auctionBiddingCalculate('48', '110')
 3 SYSTEMPATH/CodeIgniter.php(941): App\Controllers\BuyerDashboard->movetoclosed()
 4 SYSTEMPATH/CodeIgniter.php(502): CodeIgniter\CodeIgniter->runController(Object(App\Controllers\BuyerDashboard))
 5 SYSTEMPATH/CodeIgniter.php(361): CodeIgniter\CodeIgniter->handleRequest(null, Object(Config\Cache), false)
 6 FCPATH/index.php(79): CodeIgniter\CodeIgniter->run()
CRITICAL - 2024-07-29 22:24:44 --> ErrorException: Undefined array key 1
in APPPATH/Helpers/AuctionBiddingHelper.php on line 42.
 1 APPPATH/Helpers/AuctionBiddingHelper.php(42): CodeIgniter\Debug\Exceptions->errorHandler(2, 'Undefined array key 1', '/var/www/eazyhosting.in/public_html/api/app/Helpers/AuctionBiddingHelper.php', 42)
 2 APPPATH/Controllers/BuyerDashboard.php(707): App\Helpers\AuctionBiddingHelper::auctionBiddingCalculate('48', '110')
 3 SYSTEMPATH/CodeIgniter.php(941): App\Controllers\BuyerDashboard->InitialAutoCall()
 4 SYSTEMPATH/CodeIgniter.php(502): CodeIgniter\CodeIgniter->runController(Object(App\Controllers\BuyerDashboard))
 5 SYSTEMPATH/CodeIgniter.php(361): CodeIgniter\CodeIgniter->handleRequest(null, Object(Config\Cache), false)
 6 FCPATH/index.php(79): CodeIgniter\CodeIgniter->run()
CRITICAL - 2024-07-29 22:24:45 --> ErrorException: Undefined array key 1
in APPPATH/Helpers/AuctionBiddingHelper.php on line 42.
 1 APPPATH/Helpers/AuctionBiddingHelper.php(42): CodeIgniter\Debug\Exceptions->errorHandler(2, 'Undefined array key 1', '/var/www/eazyhosting.in/public_html/api/app/Helpers/AuctionBiddingHelper.php', 42)
 2 APPPATH/Controllers/BuyerDashboard.php(707): App\Helpers\AuctionBiddingHelper::auctionBiddingCalculate('48', '110')
 3 SYSTEMPATH/CodeIgniter.php(941): App\Controllers\BuyerDashboard->InitialAutoCall()
 4 SYSTEMPATH/CodeIgniter.php(502): CodeIgniter\CodeIgniter->runController(Object(App\Controllers\BuyerDashboard))
 5 SYSTEMPATH/CodeIgniter.php(361): CodeIgniter\CodeIgniter->handleRequest(null, Object(Config\Cache), false)
 6 FCPATH/index.php(79): CodeIgniter\CodeIgniter->run()
CRITICAL - 2024-07-29 22:25:18 --> ErrorException: Undefined array key 1
in APPPATH/Helpers/AuctionBiddingHelper.php on line 42.
 1 APPPATH/Helpers/AuctionBiddingHelper.php(42): CodeIgniter\Debug\Exceptions->errorHandler(2, 'Undefined array key 1', '/var/www/eazyhosting.in/public_html/api/app/Helpers/AuctionBiddingHelper.php', 42)
 2 APPPATH/Controllers/BuyerDashboard.php(478): App\Helpers\AuctionBiddingHelper::auctionBiddingCalculate('48', '110')
 3 SYSTEMPATH/CodeIgniter.php(941): App\Controllers\BuyerDashboard->movetoclosed()
 4 SYSTEMPATH/CodeIgniter.php(502): CodeIgniter\CodeIgniter->runController(Object(App\Controllers\BuyerDashboard))
 5 SYSTEMPATH/CodeIgniter.php(361): CodeIgniter\CodeIgniter->handleRequest(null, Object(Config\Cache), false)
 6 FCPATH/index.php(79): CodeIgniter\CodeIgniter->run()
CRITICAL - 2024-07-29 22:25:18 --> ErrorException: Undefined array key 1
in APPPATH/Helpers/AuctionBiddingHelper.php on line 42.
 1 APPPATH/Helpers/AuctionBiddingHelper.php(42): CodeIgniter\Debug\Exceptions->errorHandler(2, 'Undefined array key 1', '/var/www/eazyhosting.in/public_html/api/app/Helpers/AuctionBiddingHelper.php', 42)
 2 APPPATH/Controllers/BuyerDashboard.php(478): App\Helpers\AuctionBiddingHelper::auctionBiddingCalculate('48', '110')
 3 SYSTEMPATH/CodeIgniter.php(941): App\Controllers\BuyerDashboard->movetoclosed()
 4 SYSTEMPATH/CodeIgniter.php(502): CodeIgniter\CodeIgniter->runController(Object(App\Controllers\BuyerDashboard))
 5 SYSTEMPATH/CodeIgniter.php(361): CodeIgniter\CodeIgniter->handleRequest(null, Object(Config\Cache), false)
 6 FCPATH/index.php(79): CodeIgniter\CodeIgniter->run()
CRITICAL - 2024-07-29 22:28:58 --> ErrorException: Undefined array key 1
in APPPATH/Helpers/AuctionBiddingHelper.php on line 42.
 1 APPPATH/Helpers/AuctionBiddingHelper.php(42): CodeIgniter\Debug\Exceptions->errorHandler(2, 'Undefined array key 1', '/var/www/eazyhosting.in/public_html/api/app/Helpers/AuctionBiddingHelper.php', 42)
 2 APPPATH/Controllers/BuyerDashboard.php(707): App\Helpers\AuctionBiddingHelper::auctionBiddingCalculate('48', '110')
 3 SYSTEMPATH/CodeIgniter.php(941): App\Controllers\BuyerDashboard->InitialAutoCall()
 4 SYSTEMPATH/CodeIgniter.php(502): CodeIgniter\CodeIgniter->runController(Object(App\Controllers\BuyerDashboard))
 5 SYSTEMPATH/CodeIgniter.php(361): CodeIgniter\CodeIgniter->handleRequest(null, Object(Config\Cache), false)
 6 FCPATH/index.php(79): CodeIgniter\CodeIgniter->run()
CRITICAL - 2024-07-29 22:29:28 --> ErrorException: Undefined array key 1
in APPPATH/Helpers/AuctionBiddingHelper.php on line 42.
 1 APPPATH/Helpers/AuctionBiddingHelper.php(42): CodeIgniter\Debug\Exceptions->errorHandler(2, 'Undefined array key 1', '/var/www/eazyhosting.in/public_html/api/app/Helpers/AuctionBiddingHelper.php', 42)
 2 APPPATH/Controllers/BuyerDashboard.php(478): App\Helpers\AuctionBiddingHelper::auctionBiddingCalculate('48', '110')
 3 SYSTEMPATH/CodeIgniter.php(941): App\Controllers\BuyerDashboard->movetoclosed()
 4 SYSTEMPATH/CodeIgniter.php(502): CodeIgniter\CodeIgniter->runController(Object(App\Controllers\BuyerDashboard))
 5 SYSTEMPATH/CodeIgniter.php(361): CodeIgniter\CodeIgniter->handleRequest(null, Object(Config\Cache), false)
 6 FCPATH/index.php(79): CodeIgniter\CodeIgniter->run()
CRITICAL - 2024-07-29 22:29:28 --> ErrorException: Undefined array key 1
in APPPATH/Helpers/AuctionBiddingHelper.php on line 42.
 1 APPPATH/Helpers/AuctionBiddingHelper.php(42): CodeIgniter\Debug\Exceptions->errorHandler(2, 'Undefined array key 1', '/var/www/eazyhosting.in/public_html/api/app/Helpers/AuctionBiddingHelper.php', 42)
 2 APPPATH/Controllers/BuyerDashboard.php(478): App\Helpers\AuctionBiddingHelper::auctionBiddingCalculate('48', '110')
 3 SYSTEMPATH/CodeIgniter.php(941): App\Controllers\BuyerDashboard->movetoclosed()
 4 SYSTEMPATH/CodeIgniter.php(502): CodeIgniter\CodeIgniter->runController(Object(App\Controllers\BuyerDashboard))
 5 SYSTEMPATH/CodeIgniter.php(361): CodeIgniter\CodeIgniter->handleRequest(null, Object(Config\Cache), false)
 6 FCPATH/index.php(79): CodeIgniter\CodeIgniter->run()
CRITICAL - 2024-07-29 22:30:31 --> ErrorException: Undefined array key 1
in APPPATH/Helpers/AuctionBiddingHelper.php on line 42.
 1 APPPATH/Helpers/AuctionBiddingHelper.php(42): CodeIgniter\Debug\Exceptions->errorHandler(2, 'Undefined array key 1', '/var/www/eazyhosting.in/public_html/api/app/Helpers/AuctionBiddingHelper.php', 42)
 2 APPPATH/Controllers/BuyerDashboard.php(707): App\Helpers\AuctionBiddingHelper::auctionBiddingCalculate('48', '110')
 3 SYSTEMPATH/CodeIgniter.php(941): App\Controllers\BuyerDashboard->InitialAutoCall()
 4 SYSTEMPATH/CodeIgniter.php(502): CodeIgniter\CodeIgniter->runController(Object(App\Controllers\BuyerDashboard))
 5 SYSTEMPATH/CodeIgniter.php(361): CodeIgniter\CodeIgniter->handleRequest(null, Object(Config\Cache), false)
 6 FCPATH/index.php(79): CodeIgniter\CodeIgniter->run()
CRITICAL - 2024-07-29 22:30:31 --> ErrorException: Undefined array key 1
in APPPATH/Helpers/AuctionBiddingHelper.php on line 42.
 1 APPPATH/Helpers/AuctionBiddingHelper.php(42): CodeIgniter\Debug\Exceptions->errorHandler(2, 'Undefined array key 1', '/var/www/eazyhosting.in/public_html/api/app/Helpers/AuctionBiddingHelper.php', 42)
 2 APPPATH/Controllers/BuyerDashboard.php(707): App\Helpers\AuctionBiddingHelper::auctionBiddingCalculate('48', '110')
 3 SYSTEMPATH/CodeIgniter.php(941): App\Controllers\BuyerDashboard->InitialAutoCall()
 4 SYSTEMPATH/CodeIgniter.php(502): CodeIgniter\CodeIgniter->runController(Object(App\Controllers\BuyerDashboard))
 5 SYSTEMPATH/CodeIgniter.php(361): CodeIgniter\CodeIgniter->handleRequest(null, Object(Config\Cache), false)
 6 FCPATH/index.php(79): CodeIgniter\CodeIgniter->run()
CRITICAL - 2024-07-29 22:30:49 --> ErrorException: Undefined array key 1
in APPPATH/Helpers/AuctionBiddingHelper.php on line 42.
 1 APPPATH/Helpers/AuctionBiddingHelper.php(42): CodeIgniter\Debug\Exceptions->errorHandler(2, 'Undefined array key 1', '/var/www/eazyhosting.in/public_html/api/app/Helpers/AuctionBiddingHelper.php', 42)
 2 APPPATH/Controllers/BuyerDashboard.php(707): App\Helpers\AuctionBiddingHelper::auctionBiddingCalculate('48', '110')
 3 SYSTEMPATH/CodeIgniter.php(941): App\Controllers\BuyerDashboard->InitialAutoCall()
 4 SYSTEMPATH/CodeIgniter.php(502): CodeIgniter\CodeIgniter->runController(Object(App\Controllers\BuyerDashboard))
 5 SYSTEMPATH/CodeIgniter.php(361): CodeIgniter\CodeIgniter->handleRequest(null, Object(Config\Cache), false)
 6 FCPATH/index.php(79): CodeIgniter\CodeIgniter->run()
CRITICAL - 2024-07-29 22:31:01 --> ErrorException: Undefined array key 1
in APPPATH/Helpers/AuctionBiddingHelper.php on line 42.
 1 APPPATH/Helpers/AuctionBiddingHelper.php(42): CodeIgniter\Debug\Exceptions->errorHandler(2, 'Undefined array key 1', '/var/www/eazyhosting.in/public_html/api/app/Helpers/AuctionBiddingHelper.php', 42)
 2 APPPATH/Controllers/BuyerDashboard.php(478): App\Helpers\AuctionBiddingHelper::auctionBiddingCalculate('48', '110')
 3 SYSTEMPATH/CodeIgniter.php(941): App\Controllers\BuyerDashboard->movetoclosed()
 4 SYSTEMPATH/CodeIgniter.php(502): CodeIgniter\CodeIgniter->runController(Object(App\Controllers\BuyerDashboard))
 5 SYSTEMPATH/CodeIgniter.php(361): CodeIgniter\CodeIgniter->handleRequest(null, Object(Config\Cache), false)
 6 FCPATH/index.php(79): CodeIgniter\CodeIgniter->run()
CRITICAL - 2024-07-29 22:31:01 --> ErrorException: Undefined array key 1
in APPPATH/Helpers/AuctionBiddingHelper.php on line 42.
 1 APPPATH/Helpers/AuctionBiddingHelper.php(42): CodeIgniter\Debug\Exceptions->errorHandler(2, 'Undefined array key 1', '/var/www/eazyhosting.in/public_html/api/app/Helpers/AuctionBiddingHelper.php', 42)
 2 APPPATH/Controllers/BuyerDashboard.php(478): App\Helpers\AuctionBiddingHelper::auctionBiddingCalculate('48', '110')
 3 SYSTEMPATH/CodeIgniter.php(941): App\Controllers\BuyerDashboard->movetoclosed()
 4 SYSTEMPATH/CodeIgniter.php(502): CodeIgniter\CodeIgniter->runController(Object(App\Controllers\BuyerDashboard))
 5 SYSTEMPATH/CodeIgniter.php(361): CodeIgniter\CodeIgniter->handleRequest(null, Object(Config\Cache), false)
 6 FCPATH/index.php(79): CodeIgniter\CodeIgniter->run()
CRITICAL - 2024-07-29 22:32:15 --> ErrorException: Undefined array key 1
in APPPATH/Helpers/AuctionBiddingHelper.php on line 42.
 1 APPPATH/Helpers/AuctionBiddingHelper.php(42): CodeIgniter\Debug\Exceptions->errorHandler(2, 'Undefined array key 1', '/var/www/eazyhosting.in/public_html/api/app/Helpers/AuctionBiddingHelper.php', 42)
 2 APPPATH/Controllers/BuyerDashboard.php(707): App\Helpers\AuctionBiddingHelper::auctionBiddingCalculate('48', '110')
 3 SYSTEMPATH/CodeIgniter.php(941): App\Controllers\BuyerDashboard->InitialAutoCall()
 4 SYSTEMPATH/CodeIgniter.php(502): CodeIgniter\CodeIgniter->runController(Object(App\Controllers\BuyerDashboard))
 5 SYSTEMPATH/CodeIgniter.php(361): CodeIgniter\CodeIgniter->handleRequest(null, Object(Config\Cache), false)
 6 FCPATH/index.php(79): CodeIgniter\CodeIgniter->run()
CRITICAL - 2024-07-29 22:32:20 --> ErrorException: Undefined array key 1
in APPPATH/Helpers/AuctionBiddingHelper.php on line 42.
 1 APPPATH/Helpers/AuctionBiddingHelper.php(42): CodeIgniter\Debug\Exceptions->errorHandler(2, 'Undefined array key 1', '/var/www/eazyhosting.in/public_html/api/app/Helpers/AuctionBiddingHelper.php', 42)
 2 APPPATH/Controllers/BuyerDashboard.php(707): App\Helpers\AuctionBiddingHelper::auctionBiddingCalculate('48', '110')
 3 SYSTEMPATH/CodeIgniter.php(941): App\Controllers\BuyerDashboard->InitialAutoCall()
 4 SYSTEMPATH/CodeIgniter.php(502): CodeIgniter\CodeIgniter->runController(Object(App\Controllers\BuyerDashboard))
 5 SYSTEMPATH/CodeIgniter.php(361): CodeIgniter\CodeIgniter->handleRequest(null, Object(Config\Cache), false)
 6 FCPATH/index.php(79): CodeIgniter\CodeIgniter->run()
CRITICAL - 2024-07-29 22:32:32 --> ErrorException: Undefined array key 1
in APPPATH/Helpers/AuctionBiddingHelper.php on line 42.
 1 APPPATH/Helpers/AuctionBiddingHelper.php(42): CodeIgniter\Debug\Exceptions->errorHandler(2, 'Undefined array key 1', '/var/www/eazyhosting.in/public_html/api/app/Helpers/AuctionBiddingHelper.php', 42)
 2 APPPATH/Controllers/BuyerDashboard.php(707): App\Helpers\AuctionBiddingHelper::auctionBiddingCalculate('48', '110')
 3 SYSTEMPATH/CodeIgniter.php(941): App\Controllers\BuyerDashboard->InitialAutoCall()
 4 SYSTEMPATH/CodeIgniter.php(502): CodeIgniter\CodeIgniter->runController(Object(App\Controllers\BuyerDashboard))
 5 SYSTEMPATH/CodeIgniter.php(361): CodeIgniter\CodeIgniter->handleRequest(null, Object(Config\Cache), false)
 6 FCPATH/index.php(79): CodeIgniter\CodeIgniter->run()
CRITICAL - 2024-07-29 22:32:45 --> ErrorException: Undefined array key 1
in APPPATH/Helpers/AuctionBiddingHelper.php on line 42.
 1 APPPATH/Helpers/AuctionBiddingHelper.php(42): CodeIgniter\Debug\Exceptions->errorHandler(2, 'Undefined array key 1', '/var/www/eazyhosting.in/public_html/api/app/Helpers/AuctionBiddingHelper.php', 42)
 2 APPPATH/Controllers/BuyerDashboard.php(478): App\Helpers\AuctionBiddingHelper::auctionBiddingCalculate('48', '110')
 3 SYSTEMPATH/CodeIgniter.php(941): App\Controllers\BuyerDashboard->movetoclosed()
 4 SYSTEMPATH/CodeIgniter.php(502): CodeIgniter\CodeIgniter->runController(Object(App\Controllers\BuyerDashboard))
 5 SYSTEMPATH/CodeIgniter.php(361): CodeIgniter\CodeIgniter->handleRequest(null, Object(Config\Cache), false)
 6 FCPATH/index.php(79): CodeIgniter\CodeIgniter->run()
CRITICAL - 2024-07-29 22:32:46 --> ErrorException: Undefined array key 1
in APPPATH/Helpers/AuctionBiddingHelper.php on line 42.
 1 APPPATH/Helpers/AuctionBiddingHelper.php(42): CodeIgniter\Debug\Exceptions->errorHandler(2, 'Undefined array key 1', '/var/www/eazyhosting.in/public_html/api/app/Helpers/AuctionBiddingHelper.php', 42)
 2 APPPATH/Controllers/BuyerDashboard.php(478): App\Helpers\AuctionBiddingHelper::auctionBiddingCalculate('48', '110')
 3 SYSTEMPATH/CodeIgniter.php(941): App\Controllers\BuyerDashboard->movetoclosed()
 4 SYSTEMPATH/CodeIgniter.php(502): CodeIgniter\CodeIgniter->runController(Object(App\Controllers\BuyerDashboard))
 5 SYSTEMPATH/CodeIgniter.php(361): CodeIgniter\CodeIgniter->handleRequest(null, Object(Config\Cache), false)
 6 FCPATH/index.php(79): CodeIgniter\CodeIgniter->run()
