CRITICAL - 2024-10-16 10:33:13 --> ErrorException: Undefined variable $auction_data
in APPPATH/Controllers/Cart.php on line 427.
 1 APPPATH/Controllers/Cart.php(427): CodeIgniter\Debug\Exceptions->errorHandler(2, 'Undefined variable $auction_data', '/var/www/eazyhosting.in/public_html/api/app/Controllers/Cart.php', 427)
 2 SYSTEMPATH/CodeIgniter.php(941): App\Controllers\Cart->auctiongardenlist()
 3 SYSTEMPATH/CodeIgniter.php(502): CodeIgniter\CodeIgniter->runController(Object(App\Controllers\Cart))
 4 SYSTEMPATH/CodeIgniter.php(361): CodeIgniter\CodeIgniter->handleRequest(null, Object(Config\Cache), false)
 5 FCPATH/index.php(79): CodeIgniter\CodeIgniter->run()
CRITICAL - 2024-10-16 10:33:59 --> ErrorException: Undefined variable $auction_data
in APPPATH/Controllers/Cart.php on line 427.
 1 APPPATH/Controllers/Cart.php(427): CodeIgniter\Debug\Exceptions->errorHandler(2, 'Undefined variable $auction_data', '/var/www/eazyhosting.in/public_html/api/app/Controllers/Cart.php', 427)
 2 SYSTEMPATH/CodeIgniter.php(941): App\Controllers\Cart->auctiongardenlist()
 3 SYSTEMPATH/CodeIgniter.php(502): CodeIgniter\CodeIgniter->runController(Object(App\Controllers\Cart))
 4 SYSTEMPATH/CodeIgniter.php(361): CodeIgniter\CodeIgniter->handleRequest(null, Object(Config\Cache), false)
 5 FCPATH/index.php(79): CodeIgniter\CodeIgniter->run()
CRITICAL - 2024-10-16 10:34:31 --> ErrorException: Undefined variable $auction_data
in APPPATH/Controllers/Cart.php on line 427.
 1 APPPATH/Controllers/Cart.php(427): CodeIgniter\Debug\Exceptions->errorHandler(2, 'Undefined variable $auction_data', '/var/www/eazyhosting.in/public_html/api/app/Controllers/Cart.php', 427)
 2 SYSTEMPATH/CodeIgniter.php(941): App\Controllers\Cart->auctiongardenlist()
 3 SYSTEMPATH/CodeIgniter.php(502): CodeIgniter\CodeIgniter->runController(Object(App\Controllers\Cart))
 4 SYSTEMPATH/CodeIgniter.php(361): CodeIgniter\CodeIgniter->handleRequest(null, Object(Config\Cache), false)
 5 FCPATH/index.php(79): CodeIgniter\CodeIgniter->run()
CRITICAL - 2024-10-16 10:34:37 --> ErrorException: Undefined variable $auction_data
in APPPATH/Controllers/Cart.php on line 427.
 1 APPPATH/Controllers/Cart.php(427): CodeIgniter\Debug\Exceptions->errorHandler(2, 'Undefined variable $auction_data', '/var/www/eazyhosting.in/public_html/api/app/Controllers/Cart.php', 427)
 2 SYSTEMPATH/CodeIgniter.php(941): App\Controllers\Cart->auctiongardenlist()
 3 SYSTEMPATH/CodeIgniter.php(502): CodeIgniter\CodeIgniter->runController(Object(App\Controllers\Cart))
 4 SYSTEMPATH/CodeIgniter.php(361): CodeIgniter\CodeIgniter->handleRequest(null, Object(Config\Cache), false)
 5 FCPATH/index.php(79): CodeIgniter\CodeIgniter->run()
CRITICAL - 2024-10-16 10:56:29 --> Error: Cannot use object of type Closure as array
in APPPATH/Controllers/LastSoldPrice.php on line 62.
 1 SYSTEMPATH/CodeIgniter.php(941): App\Controllers\LastSoldPrice->lastSoldPrice()
 2 SYSTEMPATH/CodeIgniter.php(502): CodeIgniter\CodeIgniter->runController(Object(App\Controllers\LastSoldPrice))
 3 SYSTEMPATH/CodeIgniter.php(361): CodeIgniter\CodeIgniter->handleRequest(null, Object(Config\Cache), false)
 4 FCPATH/index.php(79): CodeIgniter\CodeIgniter->run()
ERROR - 2024-10-16 11:40:26 --> Both manual and auto bids exist
ERROR - 2024-10-16 11:40:26 --> Both manual and auto bids exist
ERROR - 2024-10-16 11:41:56 --> current items data:[{"id":"21","inward_invoice_id":"V2","inward_item_id":"2","auction_id":"2","lot_no":"1","lot_set":"1","auction_quantity":"10","sample_quantity":"2","auction_each_net":"13","base_price":"100","reverse_price":"105","high_price":"0","valuation_price":"110","last_sold_price":"111","status":"1","is_sold":"0","min_bid_added":"0","is_withdrawn":"0","created_at":"2024-10-16 10:34:40","updated_at":"2024-10-16 10:57:57","created_by":"5","updated_by":"5"},{"id":"22","inward_invoice_id":"V1","inward_item_id":"1","auction_id":"2","lot_no":"2","lot_set":"1","auction_quantity":"10","sample_quantity":"2","auction_each_net":"10","base_price":"100","reverse_price":"105","high_price":"0","valuation_price":"110","last_sold_price":"201","status":"1","is_sold":"0","min_bid_added":"0","is_withdrawn":"0","created_at":"2024-10-16 10:34:40","updated_at":"2024-10-16 10:57:57","created_by":"5","updated_by":"5"}], 2024-10-16 11:41:56
ERROR - 2024-10-16 11:41:56 --> Error code L001. auctionItemId:21, 2024-10-16 11:41:56
ERROR - 2024-10-16 11:41:56 --> bid calculation initiated auctionItemId:21, 1
ERROR - 2024-10-16 11:41:56 --> bidding value array:{"id":"349","auction_item_id":"21","buyer_id":"5","bid_price":"107.00","sq":"1.000","bq":"1.000","bid_type":"1","created_at":"2024-10-16 11:40:26","updated_at":"2024-10-16 11:40:26"}
ERROR - 2024-10-16 11:41:56 --> Error code 001. HBP:107.00, HABP: 110, 2024-10-16 11:41:56
ERROR - 2024-10-16 11:41:56 --> Error code 003. HBP:107.00, RP: 105, 2024-10-16 11:41:56
ERROR - 2024-10-16 11:41:56 --> Error code 005. HBP:107.00, SLHABP: 0, 2024-10-16 11:41:56
ERROR - 2024-10-16 11:41:56 --> bid calculation Ended auctionItemId:21, 2024-10-16 11:41:56
ERROR - 2024-10-16 11:41:56 --> Error code L002. auctionItemId:21, 2024-10-16 11:41:56
ERROR - 2024-10-16 11:41:56 --> Error code L003. auctionItemId:21, 2024-10-16 11:41:56
ERROR - 2024-10-16 11:41:56 --> Error code L001. auctionItemId:22, 2024-10-16 11:41:56
ERROR - 2024-10-16 11:41:56 --> bid calculation initiated auctionItemId:22, 1
ERROR - 2024-10-16 11:41:56 --> bidding value array:{"id":"350","auction_item_id":"22","buyer_id":"5","bid_price":"107.00","sq":"1.000","bq":"1.000","bid_type":"1","created_at":"2024-10-16 11:40:26","updated_at":"2024-10-16 11:40:26"}
ERROR - 2024-10-16 11:41:56 --> Error code 001. HBP:107.00, HABP: 110, 2024-10-16 11:41:56
ERROR - 2024-10-16 11:41:56 --> Error code 003. HBP:107.00, RP: 105, 2024-10-16 11:41:56
ERROR - 2024-10-16 11:41:56 --> Error code 005. HBP:107.00, SLHABP: 0, 2024-10-16 11:41:56
ERROR - 2024-10-16 11:41:56 --> bid calculation Ended auctionItemId:22, 2024-10-16 11:41:56
ERROR - 2024-10-16 11:41:56 --> Error code L002. auctionItemId:22, 2024-10-16 11:41:56
ERROR - 2024-10-16 11:41:56 --> Error code L003. auctionItemId:22, 2024-10-16 11:41:56
ERROR - 2024-10-16 11:41:58 --> Auto bid only
ERROR - 2024-10-16 11:41:58 --> Auto bid only:2
ERROR - 2024-10-16 11:41:58 --> Auto bid only
ERROR - 2024-10-16 11:41:58 --> Auto bid only:2
ERROR - 2024-10-16 11:43:28 --> current items data:[{"id":"23","inward_invoice_id":"V4","inward_item_id":"4","auction_id":"2","lot_no":"3","lot_set":"2","auction_quantity":"10","sample_quantity":"2","auction_each_net":"2","base_price":"100","reverse_price":"105","high_price":"0","valuation_price":"110","last_sold_price":"151","status":"1","is_sold":"0","min_bid_added":"0","is_withdrawn":"0","created_at":"2024-10-16 10:34:40","updated_at":"2024-10-16 10:57:57","created_by":"5","updated_by":"5"},{"id":"24","inward_invoice_id":"V3","inward_item_id":"3","auction_id":"2","lot_no":"4","lot_set":"2","auction_quantity":"10","sample_quantity":"2","auction_each_net":"9","base_price":"100","reverse_price":"105","high_price":"0","valuation_price":"110","last_sold_price":"242","status":"1","is_sold":"0","min_bid_added":"0","is_withdrawn":"0","created_at":"2024-10-16 10:34:40","updated_at":"2024-10-16 10:57:57","created_by":"5","updated_by":"5"}], 2024-10-16 11:43:28
ERROR - 2024-10-16 11:43:28 --> Error code L001. auctionItemId:23, 2024-10-16 11:43:28
ERROR - 2024-10-16 11:43:28 --> bid calculation initiated auctionItemId:23, 1
ERROR - 2024-10-16 11:43:28 --> bidding value array:{"id":"351","auction_item_id":"23","buyer_id":"5","bid_price":"101.00","sq":"1.000","bq":"1.000","bid_type":"1","created_at":"2024-10-16 11:41:58","updated_at":"2024-10-16 11:41:58"}
ERROR - 2024-10-16 11:43:28 --> Error code 001. HBP:101.00, HABP: 105, 2024-10-16 11:43:28
ERROR - 2024-10-16 11:43:28 --> Error code 002. HBP:101.00, RP: 105, 2024-10-16 11:43:28
ERROR - 2024-10-16 11:43:28 --> bid calculation Ended auctionItemId:23, 2024-10-16 11:43:28
ERROR - 2024-10-16 11:43:28 --> Error code L002. auctionItemId:23, 2024-10-16 11:43:28
ERROR - 2024-10-16 11:43:28 --> Error code L003. auctionItemId:23, 2024-10-16 11:43:28
ERROR - 2024-10-16 11:43:28 --> Error code L001. auctionItemId:24, 2024-10-16 11:43:28
ERROR - 2024-10-16 11:43:28 --> bid calculation initiated auctionItemId:24, 1
ERROR - 2024-10-16 11:43:28 --> bidding value array:{"id":"352","auction_item_id":"24","buyer_id":"5","bid_price":"101.00","sq":"1.000","bq":"1.000","bid_type":"1","created_at":"2024-10-16 11:41:58","updated_at":"2024-10-16 11:41:58"}
ERROR - 2024-10-16 11:43:28 --> Error code 007. HBP:101.00, HABP: 101, 2024-10-16 11:43:28
ERROR - 2024-10-16 11:43:28 --> bid calculation Ended auctionItemId:24, 2024-10-16 11:43:28
ERROR - 2024-10-16 11:43:28 --> Error code L002. auctionItemId:24, 2024-10-16 11:43:28
ERROR - 2024-10-16 11:43:28 --> Error code L003. auctionItemId:24, 2024-10-16 11:43:28
ERROR - 2024-10-16 11:43:29 --> Manual bid only
ERROR - 2024-10-16 11:43:29 --> Auto bid only
ERROR - 2024-10-16 11:43:29 --> Auto bid only:2
ERROR - 2024-10-16 11:45:00 --> current items data:[{"id":"25","inward_invoice_id":"V5","inward_item_id":"5","auction_id":"2","lot_no":"5","lot_set":"3","auction_quantity":"10","sample_quantity":"2","auction_each_net":"15","base_price":"100","reverse_price":"105","high_price":"0","valuation_price":"110","last_sold_price":"451","status":"1","is_sold":"0","min_bid_added":"0","is_withdrawn":"0","created_at":"2024-10-16 10:34:40","updated_at":"2024-10-16 10:57:57","created_by":"5","updated_by":"5"},{"id":"26","inward_invoice_id":"S1","inward_item_id":"6","auction_id":"2","lot_no":"6","lot_set":"3","auction_quantity":"10","sample_quantity":"2","auction_each_net":"17","base_price":"100","reverse_price":"105","high_price":"0","valuation_price":"110","last_sold_price":"109","status":"1","is_sold":"0","min_bid_added":"0","is_withdrawn":"0","created_at":"2024-10-16 10:34:40","updated_at":"2024-10-16 10:57:57","created_by":"5","updated_by":"5"}], 2024-10-16 11:45:00
ERROR - 2024-10-16 11:45:00 --> Error code L001. auctionItemId:25, 2024-10-16 11:45:00
ERROR - 2024-10-16 11:45:00 --> bid calculation initiated auctionItemId:25, 2
ERROR - 2024-10-16 11:45:00 --> bidding value array:{"id":"357","auction_item_id":"25","buyer_id":"4","bid_price":"103.00","sq":"1.000","bq":"1.000","bid_type":"1","created_at":"2024-10-16 11:43:49","updated_at":"2024-10-16 11:43:49"}
ERROR - 2024-10-16 11:45:00 --> Error code 001. HBP:103.00, HABP: 115, 2024-10-16 11:45:00
ERROR - 2024-10-16 11:45:00 --> Error code 002. HBP:103.00, RP: 105, 2024-10-16 11:45:00
ERROR - 2024-10-16 11:45:00 --> bid calculation Ended auctionItemId:25, 2024-10-16 11:45:00
ERROR - 2024-10-16 11:45:00 --> Error code L002. auctionItemId:25, 2024-10-16 11:45:00
ERROR - 2024-10-16 11:45:00 --> Error code L003. auctionItemId:25, 2024-10-16 11:45:00
ERROR - 2024-10-16 11:45:00 --> Error code L001. auctionItemId:26, 2024-10-16 11:45:00
ERROR - 2024-10-16 11:45:00 --> bid calculation initiated auctionItemId:26, 2
ERROR - 2024-10-16 11:45:00 --> bidding value array:{"id":"387","auction_item_id":"26","buyer_id":"4","bid_price":"151.00","sq":"1.000","bq":"1.000","bid_type":"1","created_at":"2024-10-16 11:44:59","updated_at":"2024-10-16 11:44:59"}
ERROR - 2024-10-16 11:45:00 --> Error code 001. HBP:151.00, HABP: 160, 2024-10-16 11:45:00
ERROR - 2024-10-16 11:45:00 --> Error code 003. HBP:151.00, RP: 105, 2024-10-16 11:45:00
ERROR - 2024-10-16 11:45:00 --> Error code 005. HBP:151.00, SLHABP: 150, 2024-10-16 11:45:00
ERROR - 2024-10-16 11:45:00 --> bid calculation Ended auctionItemId:26, 2024-10-16 11:45:00
ERROR - 2024-10-16 11:45:00 --> Error code L002. auctionItemId:26, 2024-10-16 11:45:00
ERROR - 2024-10-16 11:45:00 --> Error code L003. auctionItemId:26, 2024-10-16 11:45:00
ERROR - 2024-10-16 11:45:00 --> current items data:[], 2024-10-16 11:45:00
ERROR - 2024-10-16 11:45:01 --> Auto bid only
ERROR - 2024-10-16 11:45:01 --> Auto bid only:2
ERROR - 2024-10-16 11:45:01 --> Auto bid only
ERROR - 2024-10-16 11:45:01 --> Auto bid only:2
ERROR - 2024-10-16 11:46:31 --> current items data:[{"id":"27","inward_invoice_id":"S2","inward_item_id":"7","auction_id":"2","lot_no":"7","lot_set":"4","auction_quantity":"10","sample_quantity":"2","auction_each_net":"7","base_price":"100","reverse_price":"105","high_price":"0","valuation_price":"110","last_sold_price":"111","status":"1","is_sold":"0","min_bid_added":"0","is_withdrawn":"0","created_at":"2024-10-16 10:34:40","updated_at":"2024-10-16 10:57:57","created_by":"5","updated_by":"5"},{"id":"28","inward_invoice_id":"S3","inward_item_id":"8","auction_id":"2","lot_no":"8","lot_set":"4","auction_quantity":"10","sample_quantity":"2","auction_each_net":"21","base_price":"100","reverse_price":"105","high_price":"0","valuation_price":"110","last_sold_price":"160","status":"1","is_sold":"0","min_bid_added":"0","is_withdrawn":"0","created_at":"2024-10-16 10:34:40","updated_at":"2024-10-16 10:57:57","created_by":"5","updated_by":"5"}], 2024-10-16 11:46:31
ERROR - 2024-10-16 11:46:31 --> Error code L001. auctionItemId:27, 2024-10-16 11:46:31
ERROR - 2024-10-16 11:46:31 --> bid calculation initiated auctionItemId:27, 2
ERROR - 2024-10-16 11:46:31 --> bidding value array:{"id":"398","auction_item_id":"27","buyer_id":"5","bid_price":"106.00","sq":"1.000","bq":"1.000","bid_type":"1","created_at":"2024-10-16 11:46:03","updated_at":"2024-10-16 11:46:03"}
ERROR - 2024-10-16 11:46:31 --> Error code 001. HBP:106.00, HABP: 115, 2024-10-16 11:46:31
ERROR - 2024-10-16 11:46:31 --> Error code 003. HBP:106.00, RP: 105, 2024-10-16 11:46:31
ERROR - 2024-10-16 11:46:31 --> Error code 005. HBP:106.00, SLHABP: 104, 2024-10-16 11:46:31
ERROR - 2024-10-16 11:46:31 --> bid calculation Ended auctionItemId:27, 2024-10-16 11:46:31
ERROR - 2024-10-16 11:46:31 --> Error code L002. auctionItemId:27, 2024-10-16 11:46:31
ERROR - 2024-10-16 11:46:31 --> Error code L003. auctionItemId:27, 2024-10-16 11:46:31
ERROR - 2024-10-16 11:46:31 --> Error code L001. auctionItemId:28, 2024-10-16 11:46:31
ERROR - 2024-10-16 11:46:31 --> bid calculation initiated auctionItemId:28, 2
ERROR - 2024-10-16 11:46:31 --> bidding value array:{"id":"402","auction_item_id":"28","buyer_id":"5","bid_price":"107.00","sq":"1.000","bq":"1.000","bid_type":"1","created_at":"2024-10-16 11:46:11","updated_at":"2024-10-16 11:46:11"}
ERROR - 2024-10-16 11:46:31 --> Error code 001. HBP:107.00, HABP: 115, 2024-10-16 11:46:31
ERROR - 2024-10-16 11:46:31 --> Error code 003. HBP:107.00, RP: 105, 2024-10-16 11:46:31
ERROR - 2024-10-16 11:46:31 --> Error code 005. HBP:107.00, SLHABP: 106, 2024-10-16 11:46:31
ERROR - 2024-10-16 11:46:31 --> bid calculation Ended auctionItemId:28, 2024-10-16 11:46:31
ERROR - 2024-10-16 11:46:31 --> Error code L002. auctionItemId:28, 2024-10-16 11:46:31
ERROR - 2024-10-16 11:46:31 --> Error code L003. auctionItemId:28, 2024-10-16 11:46:31
ERROR - 2024-10-16 11:46:31 --> current items data:[], 2024-10-16 11:46:31
ERROR - 2024-10-16 11:46:32 --> Manual bid only
ERROR - 2024-10-16 11:46:32 --> Auto bid only
ERROR - 2024-10-16 11:46:32 --> Auto bid only:2
ERROR - 2024-10-16 11:48:03 --> current items data:[{"id":"29","inward_invoice_id":"S4","inward_item_id":"9","auction_id":"2","lot_no":"9","lot_set":"5","auction_quantity":"10","sample_quantity":"2","auction_each_net":"11","base_price":"100","reverse_price":"105","high_price":"0","valuation_price":"110","last_sold_price":"171","status":"1","is_sold":"0","min_bid_added":"0","is_withdrawn":"0","created_at":"2024-10-16 10:34:40","updated_at":"2024-10-16 10:57:57","created_by":"5","updated_by":"5"},{"id":"30","inward_invoice_id":"S5","inward_item_id":"10","auction_id":"2","lot_no":"10","lot_set":"5","auction_quantity":"10","sample_quantity":"2","auction_each_net":"12","base_price":"100","reverse_price":"105","high_price":"0","valuation_price":"110","last_sold_price":"242","status":"1","is_sold":"0","min_bid_added":"0","is_withdrawn":"0","created_at":"2024-10-16 10:34:40","updated_at":"2024-10-16 10:57:57","created_by":"5","updated_by":"5"}], 2024-10-16 11:48:03
ERROR - 2024-10-16 11:48:03 --> Error code L001. auctionItemId:29, 2024-10-16 11:48:03
ERROR - 2024-10-16 11:48:03 --> bid calculation initiated auctionItemId:29, 2
ERROR - 2024-10-16 11:48:03 --> bidding value array:{"id":"406","auction_item_id":"29","buyer_id":"4","bid_price":"109.00","sq":"1.000","bq":"1.000","bid_type":"1","created_at":"2024-10-16 11:46:56","updated_at":"2024-10-16 11:46:56"}
ERROR - 2024-10-16 11:48:03 --> Error code 001. HBP:109.00, HABP: 115, 2024-10-16 11:48:03
ERROR - 2024-10-16 11:48:03 --> Error code 003. HBP:109.00, RP: 105, 2024-10-16 11:48:03
ERROR - 2024-10-16 11:48:03 --> Error code 005. HBP:109.00, SLHABP: 0, 2024-10-16 11:48:03
ERROR - 2024-10-16 11:48:03 --> bid calculation Ended auctionItemId:29, 2024-10-16 11:48:03
ERROR - 2024-10-16 11:48:03 --> Error code L002. auctionItemId:29, 2024-10-16 11:48:03
ERROR - 2024-10-16 11:48:03 --> Error code L003. auctionItemId:29, 2024-10-16 11:48:03
ERROR - 2024-10-16 11:48:03 --> Error code L001. auctionItemId:30, 2024-10-16 11:48:03
ERROR - 2024-10-16 11:48:03 --> bid calculation initiated auctionItemId:30, 2
ERROR - 2024-10-16 11:48:03 --> bidding value array:{"id":"410","auction_item_id":"30","buyer_id":"5","bid_price":"110.00","sq":"1.000","bq":"1.000","bid_type":"1","created_at":"2024-10-16 11:47:24","updated_at":"2024-10-16 11:47:24"}
ERROR - 2024-10-16 11:48:03 --> Error code 007. HBP:110.00, HABP: 110, 2024-10-16 11:48:03
ERROR - 2024-10-16 11:48:03 --> bid calculation Ended auctionItemId:30, 2024-10-16 11:48:03
ERROR - 2024-10-16 11:48:03 --> Error code L002. auctionItemId:30, 2024-10-16 11:48:03
ERROR - 2024-10-16 11:48:03 --> Error code L003. auctionItemId:30, 2024-10-16 11:48:03
ERROR - 2024-10-16 11:48:04 --> current items data:[], 2024-10-16 11:48:04
CRITICAL - 2024-10-16 13:02:41 --> ErrorException: Undefined variable $auction_data
in APPPATH/Controllers/Cart.php on line 428.
 1 APPPATH/Controllers/Cart.php(428): CodeIgniter\Debug\Exceptions->errorHandler(2, 'Undefined variable $auction_data', '/var/www/eazyhosting.in/public_html/api/app/Controllers/Cart.php', 428)
 2 SYSTEMPATH/CodeIgniter.php(941): App\Controllers\Cart->auctiongardenlist()
 3 SYSTEMPATH/CodeIgniter.php(502): CodeIgniter\CodeIgniter->runController(Object(App\Controllers\Cart))
 4 SYSTEMPATH/CodeIgniter.php(361): CodeIgniter\CodeIgniter->handleRequest(null, Object(Config\Cache), false)
 5 FCPATH/index.php(79): CodeIgniter\CodeIgniter->run()
CRITICAL - 2024-10-16 13:02:56 --> ErrorException: Undefined variable $auction_data
in APPPATH/Controllers/Cart.php on line 428.
 1 APPPATH/Controllers/Cart.php(428): CodeIgniter\Debug\Exceptions->errorHandler(2, 'Undefined variable $auction_data', '/var/www/eazyhosting.in/public_html/api/app/Controllers/Cart.php', 428)
 2 SYSTEMPATH/CodeIgniter.php(941): App\Controllers\Cart->auctiongardenlist()
 3 SYSTEMPATH/CodeIgniter.php(502): CodeIgniter\CodeIgniter->runController(Object(App\Controllers\Cart))
 4 SYSTEMPATH/CodeIgniter.php(361): CodeIgniter\CodeIgniter->handleRequest(null, Object(Config\Cache), false)
 5 FCPATH/index.php(79): CodeIgniter\CodeIgniter->run()
CRITICAL - 2024-10-16 13:02:58 --> ErrorException: Undefined variable $auction_data
in APPPATH/Controllers/Cart.php on line 428.
 1 APPPATH/Controllers/Cart.php(428): CodeIgniter\Debug\Exceptions->errorHandler(2, 'Undefined variable $auction_data', '/var/www/eazyhosting.in/public_html/api/app/Controllers/Cart.php', 428)
 2 SYSTEMPATH/CodeIgniter.php(941): App\Controllers\Cart->auctiongardenlist()
 3 SYSTEMPATH/CodeIgniter.php(502): CodeIgniter\CodeIgniter->runController(Object(App\Controllers\Cart))
 4 SYSTEMPATH/CodeIgniter.php(361): CodeIgniter\CodeIgniter->handleRequest(null, Object(Config\Cache), false)
 5 FCPATH/index.php(79): CodeIgniter\CodeIgniter->run()
ERROR - 2024-10-16 13:16:09 --> mysqli_sql_exception: Unknown column 'auction.date' in 'where clause' in /var/www/eazyhosting.in/public_html/api/system/Database/MySQLi/Connection.php:306
Stack trace:
#0 /var/www/eazyhosting.in/public_html/api/system/Database/MySQLi/Connection.php(306): mysqli->query('SELECT `auction...', 0)
#1 /var/www/eazyhosting.in/public_html/api/system/Database/BaseConnection.php(693): CodeIgniter\Database\MySQLi\Connection->execute('SELECT `auction...')
#2 /var/www/eazyhosting.in/public_html/api/system/Database/BaseConnection.php(607): CodeIgniter\Database\BaseConnection->simpleQuery('SELECT `auction...')
#3 /var/www/eazyhosting.in/public_html/api/system/Database/BaseBuilder.php(1616): CodeIgniter\Database\BaseConnection->query('SELECT `auction...', Array, false)
#4 /var/www/eazyhosting.in/public_html/api/system/Model.php(872): CodeIgniter\Database\BaseBuilder->get()
#5 /var/www/eazyhosting.in/public_html/api/app/Controllers/LastSoldPrice.php(50): CodeIgniter\Model->__call('get', Array)
#6 /var/www/eazyhosting.in/public_html/api/system/CodeIgniter.php(941): App\Controllers\LastSoldPrice->lastSoldPrice()
#7 /var/www/eazyhosting.in/public_html/api/system/CodeIgniter.php(502): CodeIgniter\CodeIgniter->runController(Object(App\Controllers\LastSoldPrice))
#8 /var/www/eazyhosting.in/public_html/api/system/CodeIgniter.php(361): CodeIgniter\CodeIgniter->handleRequest(NULL, Object(Config\Cache), false)
#9 /var/www/eazyhosting.in/public_html/api/public/index.php(79): CodeIgniter\CodeIgniter->run()
#10 {main}
CRITICAL - 2024-10-16 13:16:09 --> CodeIgniter\Database\Exceptions\DatabaseException: Unknown column 'auction.date' in 'where clause'
in SYSTEMPATH/Database/BaseConnection.php on line 647.
 1 SYSTEMPATH/Database/BaseBuilder.php(1616): CodeIgniter\Database\BaseConnection->query('SELECT `auction_items`.`id`, `auction_items`.`auction_id`, `auction_biddings`.`bid_price`
FROM `auction_items`
LEFT JOIN `auction_biddings` ON `auction_biddings`.`auction_item_id` = `auction_items`.`id`
WHERE `auction_items`.`grade_id` = :auction_items.grade_id:
AND `auction`.`date` < :auction.date:
AND `auction_biddings`.`bid_type` != :auction_biddings.bid_type:
ORDER BY `auction_items`.`id` DESC
 LIMIT 3', [...], false)
 2 SYSTEMPATH/Model.php(872): CodeIgniter\Database\BaseBuilder->get()
 3 APPPATH/Controllers/LastSoldPrice.php(50): CodeIgniter\Model->__call('get', [])
 4 SYSTEMPATH/CodeIgniter.php(941): App\Controllers\LastSoldPrice->lastSoldPrice()
 5 SYSTEMPATH/CodeIgniter.php(502): CodeIgniter\CodeIgniter->runController(Object(App\Controllers\LastSoldPrice))
 6 SYSTEMPATH/CodeIgniter.php(361): CodeIgniter\CodeIgniter->handleRequest(null, Object(Config\Cache), false)
 7 FCPATH/index.php(79): CodeIgniter\CodeIgniter->run()
CRITICAL - 2024-10-16 13:16:09 --> [Caused by] CodeIgniter\Database\Exceptions\DatabaseException: Unknown column 'auction.date' in 'where clause'
in SYSTEMPATH/Database/MySQLi/Connection.php on line 311.
 1 SYSTEMPATH/Database/BaseConnection.php(693): CodeIgniter\Database\MySQLi\Connection->execute('SELECT `auction_items`.`id`, `auction_items`.`auction_id`, `auction_biddings`.`bid_price`
FROM `auction_items`
LEFT JOIN `auction_biddings` ON `auction_biddings`.`auction_item_id` = `auction_items`.`id`
WHERE `auction_items`.`grade_id` = \'4\'
AND `auction`.`date` < \'2024-10-16\'
AND `auction_biddings`.`bid_type` != 3
ORDER BY `auction_items`.`id` DESC
 LIMIT 3')
 2 SYSTEMPATH/Database/BaseConnection.php(607): CodeIgniter\Database\BaseConnection->simpleQuery('SELECT `auction_items`.`id`, `auction_items`.`auction_id`, `auction_biddings`.`bid_price`
FROM `auction_items`
LEFT JOIN `auction_biddings` ON `auction_biddings`.`auction_item_id` = `auction_items`.`id`
WHERE `auction_items`.`grade_id` = \'4\'
AND `auction`.`date` < \'2024-10-16\'
AND `auction_biddings`.`bid_type` != 3
ORDER BY `auction_items`.`id` DESC
 LIMIT 3')
 3 SYSTEMPATH/Database/BaseBuilder.php(1616): CodeIgniter\Database\BaseConnection->query('SELECT `auction_items`.`id`, `auction_items`.`auction_id`, `auction_biddings`.`bid_price`
FROM `auction_items`
LEFT JOIN `auction_biddings` ON `auction_biddings`.`auction_item_id` = `auction_items`.`id`
WHERE `auction_items`.`grade_id` = :auction_items.grade_id:
AND `auction`.`date` < :auction.date:
AND `auction_biddings`.`bid_type` != :auction_biddings.bid_type:
ORDER BY `auction_items`.`id` DESC
 LIMIT 3', [...], false)
 4 SYSTEMPATH/Model.php(872): CodeIgniter\Database\BaseBuilder->get()
 5 APPPATH/Controllers/LastSoldPrice.php(50): CodeIgniter\Model->__call('get', [])
 6 SYSTEMPATH/CodeIgniter.php(941): App\Controllers\LastSoldPrice->lastSoldPrice()
 7 SYSTEMPATH/CodeIgniter.php(502): CodeIgniter\CodeIgniter->runController(Object(App\Controllers\LastSoldPrice))
 8 SYSTEMPATH/CodeIgniter.php(361): CodeIgniter\CodeIgniter->handleRequest(null, Object(Config\Cache), false)
 9 FCPATH/index.php(79): CodeIgniter\CodeIgniter->run()
CRITICAL - 2024-10-16 13:16:09 --> [Caused by] mysqli_sql_exception: Unknown column 'auction.date' in 'where clause'
in SYSTEMPATH/Database/MySQLi/Connection.php on line 306.
 1 SYSTEMPATH/Database/MySQLi/Connection.php(306): mysqli->query('SELECT `auction_items`.`id`, `auction_items`.`auction_id`, `auction_biddings`.`bid_price`
FROM `auction_items`
LEFT JOIN `auction_biddings` ON `auction_biddings`.`auction_item_id` = `auction_items`.`id`
WHERE `auction_items`.`grade_id` = \'4\'
AND `auction`.`date` < \'2024-10-16\'
AND `auction_biddings`.`bid_type` != 3
ORDER BY `auction_items`.`id` DESC
 LIMIT 3', 0)
 2 SYSTEMPATH/Database/BaseConnection.php(693): CodeIgniter\Database\MySQLi\Connection->execute('SELECT `auction_items`.`id`, `auction_items`.`auction_id`, `auction_biddings`.`bid_price`
FROM `auction_items`
LEFT JOIN `auction_biddings` ON `auction_biddings`.`auction_item_id` = `auction_items`.`id`
WHERE `auction_items`.`grade_id` = \'4\'
AND `auction`.`date` < \'2024-10-16\'
AND `auction_biddings`.`bid_type` != 3
ORDER BY `auction_items`.`id` DESC
 LIMIT 3')
 3 SYSTEMPATH/Database/BaseConnection.php(607): CodeIgniter\Database\BaseConnection->simpleQuery('SELECT `auction_items`.`id`, `auction_items`.`auction_id`, `auction_biddings`.`bid_price`
FROM `auction_items`
LEFT JOIN `auction_biddings` ON `auction_biddings`.`auction_item_id` = `auction_items`.`id`
WHERE `auction_items`.`grade_id` = \'4\'
AND `auction`.`date` < \'2024-10-16\'
AND `auction_biddings`.`bid_type` != 3
ORDER BY `auction_items`.`id` DESC
 LIMIT 3')
 4 SYSTEMPATH/Database/BaseBuilder.php(1616): CodeIgniter\Database\BaseConnection->query('SELECT `auction_items`.`id`, `auction_items`.`auction_id`, `auction_biddings`.`bid_price`
FROM `auction_items`
LEFT JOIN `auction_biddings` ON `auction_biddings`.`auction_item_id` = `auction_items`.`id`
WHERE `auction_items`.`grade_id` = :auction_items.grade_id:
AND `auction`.`date` < :auction.date:
AND `auction_biddings`.`bid_type` != :auction_biddings.bid_type:
ORDER BY `auction_items`.`id` DESC
 LIMIT 3', [...], false)
 5 SYSTEMPATH/Model.php(872): CodeIgniter\Database\BaseBuilder->get()
 6 APPPATH/Controllers/LastSoldPrice.php(50): CodeIgniter\Model->__call('get', [])
 7 SYSTEMPATH/CodeIgniter.php(941): App\Controllers\LastSoldPrice->lastSoldPrice()
 8 SYSTEMPATH/CodeIgniter.php(502): CodeIgniter\CodeIgniter->runController(Object(App\Controllers\LastSoldPrice))
 9 SYSTEMPATH/CodeIgniter.php(361): CodeIgniter\CodeIgniter->handleRequest(null, Object(Config\Cache), false)
10 FCPATH/index.php(79): CodeIgniter\CodeIgniter->run()
ERROR - 2024-10-16 13:44:31 --> mysqli_sql_exception: Unknown column 'auction.date' in 'where clause' in /var/www/eazyhosting.in/public_html/api/system/Database/MySQLi/Connection.php:306
Stack trace:
#0 /var/www/eazyhosting.in/public_html/api/system/Database/MySQLi/Connection.php(306): mysqli->query('SELECT `auction...', 0)
#1 /var/www/eazyhosting.in/public_html/api/system/Database/BaseConnection.php(693): CodeIgniter\Database\MySQLi\Connection->execute('SELECT `auction...')
#2 /var/www/eazyhosting.in/public_html/api/system/Database/BaseConnection.php(607): CodeIgniter\Database\BaseConnection->simpleQuery('SELECT `auction...')
#3 /var/www/eazyhosting.in/public_html/api/system/Database/BaseBuilder.php(1616): CodeIgniter\Database\BaseConnection->query('SELECT `auction...', Array, false)
#4 /var/www/eazyhosting.in/public_html/api/system/Model.php(872): CodeIgniter\Database\BaseBuilder->get()
#5 /var/www/eazyhosting.in/public_html/api/app/Controllers/LastSoldPrice.php(50): CodeIgniter\Model->__call('get', Array)
#6 /var/www/eazyhosting.in/public_html/api/system/CodeIgniter.php(941): App\Controllers\LastSoldPrice->lastSoldPrice()
#7 /var/www/eazyhosting.in/public_html/api/system/CodeIgniter.php(502): CodeIgniter\CodeIgniter->runController(Object(App\Controllers\LastSoldPrice))
#8 /var/www/eazyhosting.in/public_html/api/system/CodeIgniter.php(361): CodeIgniter\CodeIgniter->handleRequest(NULL, Object(Config\Cache), false)
#9 /var/www/eazyhosting.in/public_html/api/public/index.php(79): CodeIgniter\CodeIgniter->run()
#10 {main}
CRITICAL - 2024-10-16 13:44:31 --> CodeIgniter\Database\Exceptions\DatabaseException: Unknown column 'auction.date' in 'where clause'
in SYSTEMPATH/Database/BaseConnection.php on line 647.
 1 SYSTEMPATH/Database/BaseBuilder.php(1616): CodeIgniter\Database\BaseConnection->query('SELECT `auction_items`.`id`, `auction_items`.`auction_id`, `auction_biddings`.`bid_price`
FROM `auction_items`
LEFT JOIN `auction_biddings` ON `auction_biddings`.`auction_item_id` = `auction_items`.`id`
WHERE `auction_items`.`grade_id` = :auction_items.grade_id:
AND `auction`.`date` < :auction.date:
AND `auction_biddings`.`bid_type` != :auction_biddings.bid_type:
ORDER BY `auction_items`.`id` DESC
 LIMIT 3', [...], false)
 2 SYSTEMPATH/Model.php(872): CodeIgniter\Database\BaseBuilder->get()
 3 APPPATH/Controllers/LastSoldPrice.php(50): CodeIgniter\Model->__call('get', [])
 4 SYSTEMPATH/CodeIgniter.php(941): App\Controllers\LastSoldPrice->lastSoldPrice()
 5 SYSTEMPATH/CodeIgniter.php(502): CodeIgniter\CodeIgniter->runController(Object(App\Controllers\LastSoldPrice))
 6 SYSTEMPATH/CodeIgniter.php(361): CodeIgniter\CodeIgniter->handleRequest(null, Object(Config\Cache), false)
 7 FCPATH/index.php(79): CodeIgniter\CodeIgniter->run()
CRITICAL - 2024-10-16 13:44:31 --> [Caused by] CodeIgniter\Database\Exceptions\DatabaseException: Unknown column 'auction.date' in 'where clause'
in SYSTEMPATH/Database/MySQLi/Connection.php on line 311.
 1 SYSTEMPATH/Database/BaseConnection.php(693): CodeIgniter\Database\MySQLi\Connection->execute('SELECT `auction_items`.`id`, `auction_items`.`auction_id`, `auction_biddings`.`bid_price`
FROM `auction_items`
LEFT JOIN `auction_biddings` ON `auction_biddings`.`auction_item_id` = `auction_items`.`id`
WHERE `auction_items`.`grade_id` = \'4\'
AND `auction`.`date` < \'2024-10-16\'
AND `auction_biddings`.`bid_type` != 3
ORDER BY `auction_items`.`id` DESC
 LIMIT 3')
 2 SYSTEMPATH/Database/BaseConnection.php(607): CodeIgniter\Database\BaseConnection->simpleQuery('SELECT `auction_items`.`id`, `auction_items`.`auction_id`, `auction_biddings`.`bid_price`
FROM `auction_items`
LEFT JOIN `auction_biddings` ON `auction_biddings`.`auction_item_id` = `auction_items`.`id`
WHERE `auction_items`.`grade_id` = \'4\'
AND `auction`.`date` < \'2024-10-16\'
AND `auction_biddings`.`bid_type` != 3
ORDER BY `auction_items`.`id` DESC
 LIMIT 3')
 3 SYSTEMPATH/Database/BaseBuilder.php(1616): CodeIgniter\Database\BaseConnection->query('SELECT `auction_items`.`id`, `auction_items`.`auction_id`, `auction_biddings`.`bid_price`
FROM `auction_items`
LEFT JOIN `auction_biddings` ON `auction_biddings`.`auction_item_id` = `auction_items`.`id`
WHERE `auction_items`.`grade_id` = :auction_items.grade_id:
AND `auction`.`date` < :auction.date:
AND `auction_biddings`.`bid_type` != :auction_biddings.bid_type:
ORDER BY `auction_items`.`id` DESC
 LIMIT 3', [...], false)
 4 SYSTEMPATH/Model.php(872): CodeIgniter\Database\BaseBuilder->get()
 5 APPPATH/Controllers/LastSoldPrice.php(50): CodeIgniter\Model->__call('get', [])
 6 SYSTEMPATH/CodeIgniter.php(941): App\Controllers\LastSoldPrice->lastSoldPrice()
 7 SYSTEMPATH/CodeIgniter.php(502): CodeIgniter\CodeIgniter->runController(Object(App\Controllers\LastSoldPrice))
 8 SYSTEMPATH/CodeIgniter.php(361): CodeIgniter\CodeIgniter->handleRequest(null, Object(Config\Cache), false)
 9 FCPATH/index.php(79): CodeIgniter\CodeIgniter->run()
CRITICAL - 2024-10-16 13:44:31 --> [Caused by] mysqli_sql_exception: Unknown column 'auction.date' in 'where clause'
in SYSTEMPATH/Database/MySQLi/Connection.php on line 306.
 1 SYSTEMPATH/Database/MySQLi/Connection.php(306): mysqli->query('SELECT `auction_items`.`id`, `auction_items`.`auction_id`, `auction_biddings`.`bid_price`
FROM `auction_items`
LEFT JOIN `auction_biddings` ON `auction_biddings`.`auction_item_id` = `auction_items`.`id`
WHERE `auction_items`.`grade_id` = \'4\'
AND `auction`.`date` < \'2024-10-16\'
AND `auction_biddings`.`bid_type` != 3
ORDER BY `auction_items`.`id` DESC
 LIMIT 3', 0)
 2 SYSTEMPATH/Database/BaseConnection.php(693): CodeIgniter\Database\MySQLi\Connection->execute('SELECT `auction_items`.`id`, `auction_items`.`auction_id`, `auction_biddings`.`bid_price`
FROM `auction_items`
LEFT JOIN `auction_biddings` ON `auction_biddings`.`auction_item_id` = `auction_items`.`id`
WHERE `auction_items`.`grade_id` = \'4\'
AND `auction`.`date` < \'2024-10-16\'
AND `auction_biddings`.`bid_type` != 3
ORDER BY `auction_items`.`id` DESC
 LIMIT 3')
 3 SYSTEMPATH/Database/BaseConnection.php(607): CodeIgniter\Database\BaseConnection->simpleQuery('SELECT `auction_items`.`id`, `auction_items`.`auction_id`, `auction_biddings`.`bid_price`
FROM `auction_items`
LEFT JOIN `auction_biddings` ON `auction_biddings`.`auction_item_id` = `auction_items`.`id`
WHERE `auction_items`.`grade_id` = \'4\'
AND `auction`.`date` < \'2024-10-16\'
AND `auction_biddings`.`bid_type` != 3
ORDER BY `auction_items`.`id` DESC
 LIMIT 3')
 4 SYSTEMPATH/Database/BaseBuilder.php(1616): CodeIgniter\Database\BaseConnection->query('SELECT `auction_items`.`id`, `auction_items`.`auction_id`, `auction_biddings`.`bid_price`
FROM `auction_items`
LEFT JOIN `auction_biddings` ON `auction_biddings`.`auction_item_id` = `auction_items`.`id`
WHERE `auction_items`.`grade_id` = :auction_items.grade_id:
AND `auction`.`date` < :auction.date:
AND `auction_biddings`.`bid_type` != :auction_biddings.bid_type:
ORDER BY `auction_items`.`id` DESC
 LIMIT 3', [...], false)
 5 SYSTEMPATH/Model.php(872): CodeIgniter\Database\BaseBuilder->get()
 6 APPPATH/Controllers/LastSoldPrice.php(50): CodeIgniter\Model->__call('get', [])
 7 SYSTEMPATH/CodeIgniter.php(941): App\Controllers\LastSoldPrice->lastSoldPrice()
 8 SYSTEMPATH/CodeIgniter.php(502): CodeIgniter\CodeIgniter->runController(Object(App\Controllers\LastSoldPrice))
 9 SYSTEMPATH/CodeIgniter.php(361): CodeIgniter\CodeIgniter->handleRequest(null, Object(Config\Cache), false)
10 FCPATH/index.php(79): CodeIgniter\CodeIgniter->run()
ERROR - 2024-10-16 13:44:52 --> mysqli_sql_exception: Unknown column 'auction.date' in 'where clause' in /var/www/eazyhosting.in/public_html/api/system/Database/MySQLi/Connection.php:306
Stack trace:
#0 /var/www/eazyhosting.in/public_html/api/system/Database/MySQLi/Connection.php(306): mysqli->query('SELECT `auction...', 0)
#1 /var/www/eazyhosting.in/public_html/api/system/Database/BaseConnection.php(693): CodeIgniter\Database\MySQLi\Connection->execute('SELECT `auction...')
#2 /var/www/eazyhosting.in/public_html/api/system/Database/BaseConnection.php(607): CodeIgniter\Database\BaseConnection->simpleQuery('SELECT `auction...')
#3 /var/www/eazyhosting.in/public_html/api/system/Database/BaseBuilder.php(1616): CodeIgniter\Database\BaseConnection->query('SELECT `auction...', Array, false)
#4 /var/www/eazyhosting.in/public_html/api/system/Model.php(872): CodeIgniter\Database\BaseBuilder->get()
#5 /var/www/eazyhosting.in/public_html/api/app/Controllers/LastSoldPrice.php(50): CodeIgniter\Model->__call('get', Array)
#6 /var/www/eazyhosting.in/public_html/api/system/CodeIgniter.php(941): App\Controllers\LastSoldPrice->lastSoldPrice()
#7 /var/www/eazyhosting.in/public_html/api/system/CodeIgniter.php(502): CodeIgniter\CodeIgniter->runController(Object(App\Controllers\LastSoldPrice))
#8 /var/www/eazyhosting.in/public_html/api/system/CodeIgniter.php(361): CodeIgniter\CodeIgniter->handleRequest(NULL, Object(Config\Cache), false)
#9 /var/www/eazyhosting.in/public_html/api/public/index.php(79): CodeIgniter\CodeIgniter->run()
#10 {main}
CRITICAL - 2024-10-16 13:44:52 --> CodeIgniter\Database\Exceptions\DatabaseException: Unknown column 'auction.date' in 'where clause'
in SYSTEMPATH/Database/BaseConnection.php on line 647.
 1 SYSTEMPATH/Database/BaseBuilder.php(1616): CodeIgniter\Database\BaseConnection->query('SELECT `auction_items`.`id`, `auction_items`.`auction_id`, `auction_biddings`.`bid_price`
FROM `auction_items`
LEFT JOIN `auction_biddings` ON `auction_biddings`.`auction_item_id` = `auction_items`.`id`
WHERE `auction_items`.`grade_id` = :auction_items.grade_id:
AND `auction`.`date` < :auction.date:
AND `auction_biddings`.`bid_type` != :auction_biddings.bid_type:
ORDER BY `auction_items`.`id` DESC
 LIMIT 3', [...], false)
 2 SYSTEMPATH/Model.php(872): CodeIgniter\Database\BaseBuilder->get()
 3 APPPATH/Controllers/LastSoldPrice.php(50): CodeIgniter\Model->__call('get', [])
 4 SYSTEMPATH/CodeIgniter.php(941): App\Controllers\LastSoldPrice->lastSoldPrice()
 5 SYSTEMPATH/CodeIgniter.php(502): CodeIgniter\CodeIgniter->runController(Object(App\Controllers\LastSoldPrice))
 6 SYSTEMPATH/CodeIgniter.php(361): CodeIgniter\CodeIgniter->handleRequest(null, Object(Config\Cache), false)
 7 FCPATH/index.php(79): CodeIgniter\CodeIgniter->run()
CRITICAL - 2024-10-16 13:44:52 --> [Caused by] CodeIgniter\Database\Exceptions\DatabaseException: Unknown column 'auction.date' in 'where clause'
in SYSTEMPATH/Database/MySQLi/Connection.php on line 311.
 1 SYSTEMPATH/Database/BaseConnection.php(693): CodeIgniter\Database\MySQLi\Connection->execute('SELECT `auction_items`.`id`, `auction_items`.`auction_id`, `auction_biddings`.`bid_price`
FROM `auction_items`
LEFT JOIN `auction_biddings` ON `auction_biddings`.`auction_item_id` = `auction_items`.`id`
WHERE `auction_items`.`grade_id` = \'4\'
AND `auction`.`date` < \'2024-10-16\'
AND `auction_biddings`.`bid_type` != 3
ORDER BY `auction_items`.`id` DESC
 LIMIT 3')
 2 SYSTEMPATH/Database/BaseConnection.php(607): CodeIgniter\Database\BaseConnection->simpleQuery('SELECT `auction_items`.`id`, `auction_items`.`auction_id`, `auction_biddings`.`bid_price`
FROM `auction_items`
LEFT JOIN `auction_biddings` ON `auction_biddings`.`auction_item_id` = `auction_items`.`id`
WHERE `auction_items`.`grade_id` = \'4\'
AND `auction`.`date` < \'2024-10-16\'
AND `auction_biddings`.`bid_type` != 3
ORDER BY `auction_items`.`id` DESC
 LIMIT 3')
 3 SYSTEMPATH/Database/BaseBuilder.php(1616): CodeIgniter\Database\BaseConnection->query('SELECT `auction_items`.`id`, `auction_items`.`auction_id`, `auction_biddings`.`bid_price`
FROM `auction_items`
LEFT JOIN `auction_biddings` ON `auction_biddings`.`auction_item_id` = `auction_items`.`id`
WHERE `auction_items`.`grade_id` = :auction_items.grade_id:
AND `auction`.`date` < :auction.date:
AND `auction_biddings`.`bid_type` != :auction_biddings.bid_type:
ORDER BY `auction_items`.`id` DESC
 LIMIT 3', [...], false)
 4 SYSTEMPATH/Model.php(872): CodeIgniter\Database\BaseBuilder->get()
 5 APPPATH/Controllers/LastSoldPrice.php(50): CodeIgniter\Model->__call('get', [])
 6 SYSTEMPATH/CodeIgniter.php(941): App\Controllers\LastSoldPrice->lastSoldPrice()
 7 SYSTEMPATH/CodeIgniter.php(502): CodeIgniter\CodeIgniter->runController(Object(App\Controllers\LastSoldPrice))
 8 SYSTEMPATH/CodeIgniter.php(361): CodeIgniter\CodeIgniter->handleRequest(null, Object(Config\Cache), false)
 9 FCPATH/index.php(79): CodeIgniter\CodeIgniter->run()
CRITICAL - 2024-10-16 13:44:52 --> [Caused by] mysqli_sql_exception: Unknown column 'auction.date' in 'where clause'
in SYSTEMPATH/Database/MySQLi/Connection.php on line 306.
 1 SYSTEMPATH/Database/MySQLi/Connection.php(306): mysqli->query('SELECT `auction_items`.`id`, `auction_items`.`auction_id`, `auction_biddings`.`bid_price`
FROM `auction_items`
LEFT JOIN `auction_biddings` ON `auction_biddings`.`auction_item_id` = `auction_items`.`id`
WHERE `auction_items`.`grade_id` = \'4\'
AND `auction`.`date` < \'2024-10-16\'
AND `auction_biddings`.`bid_type` != 3
ORDER BY `auction_items`.`id` DESC
 LIMIT 3', 0)
 2 SYSTEMPATH/Database/BaseConnection.php(693): CodeIgniter\Database\MySQLi\Connection->execute('SELECT `auction_items`.`id`, `auction_items`.`auction_id`, `auction_biddings`.`bid_price`
FROM `auction_items`
LEFT JOIN `auction_biddings` ON `auction_biddings`.`auction_item_id` = `auction_items`.`id`
WHERE `auction_items`.`grade_id` = \'4\'
AND `auction`.`date` < \'2024-10-16\'
AND `auction_biddings`.`bid_type` != 3
ORDER BY `auction_items`.`id` DESC
 LIMIT 3')
 3 SYSTEMPATH/Database/BaseConnection.php(607): CodeIgniter\Database\BaseConnection->simpleQuery('SELECT `auction_items`.`id`, `auction_items`.`auction_id`, `auction_biddings`.`bid_price`
FROM `auction_items`
LEFT JOIN `auction_biddings` ON `auction_biddings`.`auction_item_id` = `auction_items`.`id`
WHERE `auction_items`.`grade_id` = \'4\'
AND `auction`.`date` < \'2024-10-16\'
AND `auction_biddings`.`bid_type` != 3
ORDER BY `auction_items`.`id` DESC
 LIMIT 3')
 4 SYSTEMPATH/Database/BaseBuilder.php(1616): CodeIgniter\Database\BaseConnection->query('SELECT `auction_items`.`id`, `auction_items`.`auction_id`, `auction_biddings`.`bid_price`
FROM `auction_items`
LEFT JOIN `auction_biddings` ON `auction_biddings`.`auction_item_id` = `auction_items`.`id`
WHERE `auction_items`.`grade_id` = :auction_items.grade_id:
AND `auction`.`date` < :auction.date:
AND `auction_biddings`.`bid_type` != :auction_biddings.bid_type:
ORDER BY `auction_items`.`id` DESC
 LIMIT 3', [...], false)
 5 SYSTEMPATH/Model.php(872): CodeIgniter\Database\BaseBuilder->get()
 6 APPPATH/Controllers/LastSoldPrice.php(50): CodeIgniter\Model->__call('get', [])
 7 SYSTEMPATH/CodeIgniter.php(941): App\Controllers\LastSoldPrice->lastSoldPrice()
 8 SYSTEMPATH/CodeIgniter.php(502): CodeIgniter\CodeIgniter->runController(Object(App\Controllers\LastSoldPrice))
 9 SYSTEMPATH/CodeIgniter.php(361): CodeIgniter\CodeIgniter->handleRequest(null, Object(Config\Cache), false)
10 FCPATH/index.php(79): CodeIgniter\CodeIgniter->run()
ERROR - 2024-10-16 13:44:55 --> mysqli_sql_exception: Unknown column 'auction.date' in 'where clause' in /var/www/eazyhosting.in/public_html/api/system/Database/MySQLi/Connection.php:306
Stack trace:
#0 /var/www/eazyhosting.in/public_html/api/system/Database/MySQLi/Connection.php(306): mysqli->query('SELECT `auction...', 0)
#1 /var/www/eazyhosting.in/public_html/api/system/Database/BaseConnection.php(693): CodeIgniter\Database\MySQLi\Connection->execute('SELECT `auction...')
#2 /var/www/eazyhosting.in/public_html/api/system/Database/BaseConnection.php(607): CodeIgniter\Database\BaseConnection->simpleQuery('SELECT `auction...')
#3 /var/www/eazyhosting.in/public_html/api/system/Database/BaseBuilder.php(1616): CodeIgniter\Database\BaseConnection->query('SELECT `auction...', Array, false)
#4 /var/www/eazyhosting.in/public_html/api/system/Model.php(872): CodeIgniter\Database\BaseBuilder->get()
#5 /var/www/eazyhosting.in/public_html/api/app/Controllers/LastSoldPrice.php(50): CodeIgniter\Model->__call('get', Array)
#6 /var/www/eazyhosting.in/public_html/api/system/CodeIgniter.php(941): App\Controllers\LastSoldPrice->lastSoldPrice()
#7 /var/www/eazyhosting.in/public_html/api/system/CodeIgniter.php(502): CodeIgniter\CodeIgniter->runController(Object(App\Controllers\LastSoldPrice))
#8 /var/www/eazyhosting.in/public_html/api/system/CodeIgniter.php(361): CodeIgniter\CodeIgniter->handleRequest(NULL, Object(Config\Cache), false)
#9 /var/www/eazyhosting.in/public_html/api/public/index.php(79): CodeIgniter\CodeIgniter->run()
#10 {main}
CRITICAL - 2024-10-16 13:44:55 --> CodeIgniter\Database\Exceptions\DatabaseException: Unknown column 'auction.date' in 'where clause'
in SYSTEMPATH/Database/BaseConnection.php on line 647.
 1 SYSTEMPATH/Database/BaseBuilder.php(1616): CodeIgniter\Database\BaseConnection->query('SELECT `auction_items`.`id`, `auction_items`.`auction_id`, `auction_biddings`.`bid_price`
FROM `auction_items`
LEFT JOIN `auction_biddings` ON `auction_biddings`.`auction_item_id` = `auction_items`.`id`
WHERE `auction_items`.`grade_id` = :auction_items.grade_id:
AND `auction`.`date` < :auction.date:
AND `auction_biddings`.`bid_type` != :auction_biddings.bid_type:
ORDER BY `auction_items`.`id` DESC
 LIMIT 3', [...], false)
 2 SYSTEMPATH/Model.php(872): CodeIgniter\Database\BaseBuilder->get()
 3 APPPATH/Controllers/LastSoldPrice.php(50): CodeIgniter\Model->__call('get', [])
 4 SYSTEMPATH/CodeIgniter.php(941): App\Controllers\LastSoldPrice->lastSoldPrice()
 5 SYSTEMPATH/CodeIgniter.php(502): CodeIgniter\CodeIgniter->runController(Object(App\Controllers\LastSoldPrice))
 6 SYSTEMPATH/CodeIgniter.php(361): CodeIgniter\CodeIgniter->handleRequest(null, Object(Config\Cache), false)
 7 FCPATH/index.php(79): CodeIgniter\CodeIgniter->run()
CRITICAL - 2024-10-16 13:44:55 --> [Caused by] CodeIgniter\Database\Exceptions\DatabaseException: Unknown column 'auction.date' in 'where clause'
in SYSTEMPATH/Database/MySQLi/Connection.php on line 311.
 1 SYSTEMPATH/Database/BaseConnection.php(693): CodeIgniter\Database\MySQLi\Connection->execute('SELECT `auction_items`.`id`, `auction_items`.`auction_id`, `auction_biddings`.`bid_price`
FROM `auction_items`
LEFT JOIN `auction_biddings` ON `auction_biddings`.`auction_item_id` = `auction_items`.`id`
WHERE `auction_items`.`grade_id` = \'4\'
AND `auction`.`date` < \'2024-10-16\'
AND `auction_biddings`.`bid_type` != 3
ORDER BY `auction_items`.`id` DESC
 LIMIT 3')
 2 SYSTEMPATH/Database/BaseConnection.php(607): CodeIgniter\Database\BaseConnection->simpleQuery('SELECT `auction_items`.`id`, `auction_items`.`auction_id`, `auction_biddings`.`bid_price`
FROM `auction_items`
LEFT JOIN `auction_biddings` ON `auction_biddings`.`auction_item_id` = `auction_items`.`id`
WHERE `auction_items`.`grade_id` = \'4\'
AND `auction`.`date` < \'2024-10-16\'
AND `auction_biddings`.`bid_type` != 3
ORDER BY `auction_items`.`id` DESC
 LIMIT 3')
 3 SYSTEMPATH/Database/BaseBuilder.php(1616): CodeIgniter\Database\BaseConnection->query('SELECT `auction_items`.`id`, `auction_items`.`auction_id`, `auction_biddings`.`bid_price`
FROM `auction_items`
LEFT JOIN `auction_biddings` ON `auction_biddings`.`auction_item_id` = `auction_items`.`id`
WHERE `auction_items`.`grade_id` = :auction_items.grade_id:
AND `auction`.`date` < :auction.date:
AND `auction_biddings`.`bid_type` != :auction_biddings.bid_type:
ORDER BY `auction_items`.`id` DESC
 LIMIT 3', [...], false)
 4 SYSTEMPATH/Model.php(872): CodeIgniter\Database\BaseBuilder->get()
 5 APPPATH/Controllers/LastSoldPrice.php(50): CodeIgniter\Model->__call('get', [])
 6 SYSTEMPATH/CodeIgniter.php(941): App\Controllers\LastSoldPrice->lastSoldPrice()
 7 SYSTEMPATH/CodeIgniter.php(502): CodeIgniter\CodeIgniter->runController(Object(App\Controllers\LastSoldPrice))
 8 SYSTEMPATH/CodeIgniter.php(361): CodeIgniter\CodeIgniter->handleRequest(null, Object(Config\Cache), false)
 9 FCPATH/index.php(79): CodeIgniter\CodeIgniter->run()
CRITICAL - 2024-10-16 13:44:55 --> [Caused by] mysqli_sql_exception: Unknown column 'auction.date' in 'where clause'
in SYSTEMPATH/Database/MySQLi/Connection.php on line 306.
 1 SYSTEMPATH/Database/MySQLi/Connection.php(306): mysqli->query('SELECT `auction_items`.`id`, `auction_items`.`auction_id`, `auction_biddings`.`bid_price`
FROM `auction_items`
LEFT JOIN `auction_biddings` ON `auction_biddings`.`auction_item_id` = `auction_items`.`id`
WHERE `auction_items`.`grade_id` = \'4\'
AND `auction`.`date` < \'2024-10-16\'
AND `auction_biddings`.`bid_type` != 3
ORDER BY `auction_items`.`id` DESC
 LIMIT 3', 0)
 2 SYSTEMPATH/Database/BaseConnection.php(693): CodeIgniter\Database\MySQLi\Connection->execute('SELECT `auction_items`.`id`, `auction_items`.`auction_id`, `auction_biddings`.`bid_price`
FROM `auction_items`
LEFT JOIN `auction_biddings` ON `auction_biddings`.`auction_item_id` = `auction_items`.`id`
WHERE `auction_items`.`grade_id` = \'4\'
AND `auction`.`date` < \'2024-10-16\'
AND `auction_biddings`.`bid_type` != 3
ORDER BY `auction_items`.`id` DESC
 LIMIT 3')
 3 SYSTEMPATH/Database/BaseConnection.php(607): CodeIgniter\Database\BaseConnection->simpleQuery('SELECT `auction_items`.`id`, `auction_items`.`auction_id`, `auction_biddings`.`bid_price`
FROM `auction_items`
LEFT JOIN `auction_biddings` ON `auction_biddings`.`auction_item_id` = `auction_items`.`id`
WHERE `auction_items`.`grade_id` = \'4\'
AND `auction`.`date` < \'2024-10-16\'
AND `auction_biddings`.`bid_type` != 3
ORDER BY `auction_items`.`id` DESC
 LIMIT 3')
 4 SYSTEMPATH/Database/BaseBuilder.php(1616): CodeIgniter\Database\BaseConnection->query('SELECT `auction_items`.`id`, `auction_items`.`auction_id`, `auction_biddings`.`bid_price`
FROM `auction_items`
LEFT JOIN `auction_biddings` ON `auction_biddings`.`auction_item_id` = `auction_items`.`id`
WHERE `auction_items`.`grade_id` = :auction_items.grade_id:
AND `auction`.`date` < :auction.date:
AND `auction_biddings`.`bid_type` != :auction_biddings.bid_type:
ORDER BY `auction_items`.`id` DESC
 LIMIT 3', [...], false)
 5 SYSTEMPATH/Model.php(872): CodeIgniter\Database\BaseBuilder->get()
 6 APPPATH/Controllers/LastSoldPrice.php(50): CodeIgniter\Model->__call('get', [])
 7 SYSTEMPATH/CodeIgniter.php(941): App\Controllers\LastSoldPrice->lastSoldPrice()
 8 SYSTEMPATH/CodeIgniter.php(502): CodeIgniter\CodeIgniter->runController(Object(App\Controllers\LastSoldPrice))
 9 SYSTEMPATH/CodeIgniter.php(361): CodeIgniter\CodeIgniter->handleRequest(null, Object(Config\Cache), false)
10 FCPATH/index.php(79): CodeIgniter\CodeIgniter->run()
ERROR - 2024-10-16 13:44:55 --> mysqli_sql_exception: Unknown column 'auction.date' in 'where clause' in /var/www/eazyhosting.in/public_html/api/system/Database/MySQLi/Connection.php:306
Stack trace:
#0 /var/www/eazyhosting.in/public_html/api/system/Database/MySQLi/Connection.php(306): mysqli->query('SELECT `auction...', 0)
#1 /var/www/eazyhosting.in/public_html/api/system/Database/BaseConnection.php(693): CodeIgniter\Database\MySQLi\Connection->execute('SELECT `auction...')
#2 /var/www/eazyhosting.in/public_html/api/system/Database/BaseConnection.php(607): CodeIgniter\Database\BaseConnection->simpleQuery('SELECT `auction...')
#3 /var/www/eazyhosting.in/public_html/api/system/Database/BaseBuilder.php(1616): CodeIgniter\Database\BaseConnection->query('SELECT `auction...', Array, false)
#4 /var/www/eazyhosting.in/public_html/api/system/Model.php(872): CodeIgniter\Database\BaseBuilder->get()
#5 /var/www/eazyhosting.in/public_html/api/app/Controllers/LastSoldPrice.php(50): CodeIgniter\Model->__call('get', Array)
#6 /var/www/eazyhosting.in/public_html/api/system/CodeIgniter.php(941): App\Controllers\LastSoldPrice->lastSoldPrice()
#7 /var/www/eazyhosting.in/public_html/api/system/CodeIgniter.php(502): CodeIgniter\CodeIgniter->runController(Object(App\Controllers\LastSoldPrice))
#8 /var/www/eazyhosting.in/public_html/api/system/CodeIgniter.php(361): CodeIgniter\CodeIgniter->handleRequest(NULL, Object(Config\Cache), false)
#9 /var/www/eazyhosting.in/public_html/api/public/index.php(79): CodeIgniter\CodeIgniter->run()
#10 {main}
CRITICAL - 2024-10-16 13:44:55 --> CodeIgniter\Database\Exceptions\DatabaseException: Unknown column 'auction.date' in 'where clause'
in SYSTEMPATH/Database/BaseConnection.php on line 647.
 1 SYSTEMPATH/Database/BaseBuilder.php(1616): CodeIgniter\Database\BaseConnection->query('SELECT `auction_items`.`id`, `auction_items`.`auction_id`, `auction_biddings`.`bid_price`
FROM `auction_items`
LEFT JOIN `auction_biddings` ON `auction_biddings`.`auction_item_id` = `auction_items`.`id`
WHERE `auction_items`.`grade_id` = :auction_items.grade_id:
AND `auction`.`date` < :auction.date:
AND `auction_biddings`.`bid_type` != :auction_biddings.bid_type:
ORDER BY `auction_items`.`id` DESC
 LIMIT 3', [...], false)
 2 SYSTEMPATH/Model.php(872): CodeIgniter\Database\BaseBuilder->get()
 3 APPPATH/Controllers/LastSoldPrice.php(50): CodeIgniter\Model->__call('get', [])
 4 SYSTEMPATH/CodeIgniter.php(941): App\Controllers\LastSoldPrice->lastSoldPrice()
 5 SYSTEMPATH/CodeIgniter.php(502): CodeIgniter\CodeIgniter->runController(Object(App\Controllers\LastSoldPrice))
 6 SYSTEMPATH/CodeIgniter.php(361): CodeIgniter\CodeIgniter->handleRequest(null, Object(Config\Cache), false)
 7 FCPATH/index.php(79): CodeIgniter\CodeIgniter->run()
CRITICAL - 2024-10-16 13:44:55 --> [Caused by] CodeIgniter\Database\Exceptions\DatabaseException: Unknown column 'auction.date' in 'where clause'
in SYSTEMPATH/Database/MySQLi/Connection.php on line 311.
 1 SYSTEMPATH/Database/BaseConnection.php(693): CodeIgniter\Database\MySQLi\Connection->execute('SELECT `auction_items`.`id`, `auction_items`.`auction_id`, `auction_biddings`.`bid_price`
FROM `auction_items`
LEFT JOIN `auction_biddings` ON `auction_biddings`.`auction_item_id` = `auction_items`.`id`
WHERE `auction_items`.`grade_id` = \'4\'
AND `auction`.`date` < \'2024-10-16\'
AND `auction_biddings`.`bid_type` != 3
ORDER BY `auction_items`.`id` DESC
 LIMIT 3')
 2 SYSTEMPATH/Database/BaseConnection.php(607): CodeIgniter\Database\BaseConnection->simpleQuery('SELECT `auction_items`.`id`, `auction_items`.`auction_id`, `auction_biddings`.`bid_price`
FROM `auction_items`
LEFT JOIN `auction_biddings` ON `auction_biddings`.`auction_item_id` = `auction_items`.`id`
WHERE `auction_items`.`grade_id` = \'4\'
AND `auction`.`date` < \'2024-10-16\'
AND `auction_biddings`.`bid_type` != 3
ORDER BY `auction_items`.`id` DESC
 LIMIT 3')
 3 SYSTEMPATH/Database/BaseBuilder.php(1616): CodeIgniter\Database\BaseConnection->query('SELECT `auction_items`.`id`, `auction_items`.`auction_id`, `auction_biddings`.`bid_price`
FROM `auction_items`
LEFT JOIN `auction_biddings` ON `auction_biddings`.`auction_item_id` = `auction_items`.`id`
WHERE `auction_items`.`grade_id` = :auction_items.grade_id:
AND `auction`.`date` < :auction.date:
AND `auction_biddings`.`bid_type` != :auction_biddings.bid_type:
ORDER BY `auction_items`.`id` DESC
 LIMIT 3', [...], false)
 4 SYSTEMPATH/Model.php(872): CodeIgniter\Database\BaseBuilder->get()
 5 APPPATH/Controllers/LastSoldPrice.php(50): CodeIgniter\Model->__call('get', [])
 6 SYSTEMPATH/CodeIgniter.php(941): App\Controllers\LastSoldPrice->lastSoldPrice()
 7 SYSTEMPATH/CodeIgniter.php(502): CodeIgniter\CodeIgniter->runController(Object(App\Controllers\LastSoldPrice))
 8 SYSTEMPATH/CodeIgniter.php(361): CodeIgniter\CodeIgniter->handleRequest(null, Object(Config\Cache), false)
 9 FCPATH/index.php(79): CodeIgniter\CodeIgniter->run()
CRITICAL - 2024-10-16 13:44:55 --> [Caused by] mysqli_sql_exception: Unknown column 'auction.date' in 'where clause'
in SYSTEMPATH/Database/MySQLi/Connection.php on line 306.
 1 SYSTEMPATH/Database/MySQLi/Connection.php(306): mysqli->query('SELECT `auction_items`.`id`, `auction_items`.`auction_id`, `auction_biddings`.`bid_price`
FROM `auction_items`
LEFT JOIN `auction_biddings` ON `auction_biddings`.`auction_item_id` = `auction_items`.`id`
WHERE `auction_items`.`grade_id` = \'4\'
AND `auction`.`date` < \'2024-10-16\'
AND `auction_biddings`.`bid_type` != 3
ORDER BY `auction_items`.`id` DESC
 LIMIT 3', 0)
 2 SYSTEMPATH/Database/BaseConnection.php(693): CodeIgniter\Database\MySQLi\Connection->execute('SELECT `auction_items`.`id`, `auction_items`.`auction_id`, `auction_biddings`.`bid_price`
FROM `auction_items`
LEFT JOIN `auction_biddings` ON `auction_biddings`.`auction_item_id` = `auction_items`.`id`
WHERE `auction_items`.`grade_id` = \'4\'
AND `auction`.`date` < \'2024-10-16\'
AND `auction_biddings`.`bid_type` != 3
ORDER BY `auction_items`.`id` DESC
 LIMIT 3')
 3 SYSTEMPATH/Database/BaseConnection.php(607): CodeIgniter\Database\BaseConnection->simpleQuery('SELECT `auction_items`.`id`, `auction_items`.`auction_id`, `auction_biddings`.`bid_price`
FROM `auction_items`
LEFT JOIN `auction_biddings` ON `auction_biddings`.`auction_item_id` = `auction_items`.`id`
WHERE `auction_items`.`grade_id` = \'4\'
AND `auction`.`date` < \'2024-10-16\'
AND `auction_biddings`.`bid_type` != 3
ORDER BY `auction_items`.`id` DESC
 LIMIT 3')
 4 SYSTEMPATH/Database/BaseBuilder.php(1616): CodeIgniter\Database\BaseConnection->query('SELECT `auction_items`.`id`, `auction_items`.`auction_id`, `auction_biddings`.`bid_price`
FROM `auction_items`
LEFT JOIN `auction_biddings` ON `auction_biddings`.`auction_item_id` = `auction_items`.`id`
WHERE `auction_items`.`grade_id` = :auction_items.grade_id:
AND `auction`.`date` < :auction.date:
AND `auction_biddings`.`bid_type` != :auction_biddings.bid_type:
ORDER BY `auction_items`.`id` DESC
 LIMIT 3', [...], false)
 5 SYSTEMPATH/Model.php(872): CodeIgniter\Database\BaseBuilder->get()
 6 APPPATH/Controllers/LastSoldPrice.php(50): CodeIgniter\Model->__call('get', [])
 7 SYSTEMPATH/CodeIgniter.php(941): App\Controllers\LastSoldPrice->lastSoldPrice()
 8 SYSTEMPATH/CodeIgniter.php(502): CodeIgniter\CodeIgniter->runController(Object(App\Controllers\LastSoldPrice))
 9 SYSTEMPATH/CodeIgniter.php(361): CodeIgniter\CodeIgniter->handleRequest(null, Object(Config\Cache), false)
10 FCPATH/index.php(79): CodeIgniter\CodeIgniter->run()
ERROR - 2024-10-16 13:44:55 --> mysqli_sql_exception: Unknown column 'auction.date' in 'where clause' in /var/www/eazyhosting.in/public_html/api/system/Database/MySQLi/Connection.php:306
Stack trace:
#0 /var/www/eazyhosting.in/public_html/api/system/Database/MySQLi/Connection.php(306): mysqli->query('SELECT `auction...', 0)
#1 /var/www/eazyhosting.in/public_html/api/system/Database/BaseConnection.php(693): CodeIgniter\Database\MySQLi\Connection->execute('SELECT `auction...')
#2 /var/www/eazyhosting.in/public_html/api/system/Database/BaseConnection.php(607): CodeIgniter\Database\BaseConnection->simpleQuery('SELECT `auction...')
#3 /var/www/eazyhosting.in/public_html/api/system/Database/BaseBuilder.php(1616): CodeIgniter\Database\BaseConnection->query('SELECT `auction...', Array, false)
#4 /var/www/eazyhosting.in/public_html/api/system/Model.php(872): CodeIgniter\Database\BaseBuilder->get()
#5 /var/www/eazyhosting.in/public_html/api/app/Controllers/LastSoldPrice.php(50): CodeIgniter\Model->__call('get', Array)
#6 /var/www/eazyhosting.in/public_html/api/system/CodeIgniter.php(941): App\Controllers\LastSoldPrice->lastSoldPrice()
#7 /var/www/eazyhosting.in/public_html/api/system/CodeIgniter.php(502): CodeIgniter\CodeIgniter->runController(Object(App\Controllers\LastSoldPrice))
#8 /var/www/eazyhosting.in/public_html/api/system/CodeIgniter.php(361): CodeIgniter\CodeIgniter->handleRequest(NULL, Object(Config\Cache), false)
#9 /var/www/eazyhosting.in/public_html/api/public/index.php(79): CodeIgniter\CodeIgniter->run()
#10 {main}
CRITICAL - 2024-10-16 13:44:55 --> CodeIgniter\Database\Exceptions\DatabaseException: Unknown column 'auction.date' in 'where clause'
in SYSTEMPATH/Database/BaseConnection.php on line 647.
 1 SYSTEMPATH/Database/BaseBuilder.php(1616): CodeIgniter\Database\BaseConnection->query('SELECT `auction_items`.`id`, `auction_items`.`auction_id`, `auction_biddings`.`bid_price`
FROM `auction_items`
LEFT JOIN `auction_biddings` ON `auction_biddings`.`auction_item_id` = `auction_items`.`id`
WHERE `auction_items`.`grade_id` = :auction_items.grade_id:
AND `auction`.`date` < :auction.date:
AND `auction_biddings`.`bid_type` != :auction_biddings.bid_type:
ORDER BY `auction_items`.`id` DESC
 LIMIT 3', [...], false)
 2 SYSTEMPATH/Model.php(872): CodeIgniter\Database\BaseBuilder->get()
 3 APPPATH/Controllers/LastSoldPrice.php(50): CodeIgniter\Model->__call('get', [])
 4 SYSTEMPATH/CodeIgniter.php(941): App\Controllers\LastSoldPrice->lastSoldPrice()
 5 SYSTEMPATH/CodeIgniter.php(502): CodeIgniter\CodeIgniter->runController(Object(App\Controllers\LastSoldPrice))
 6 SYSTEMPATH/CodeIgniter.php(361): CodeIgniter\CodeIgniter->handleRequest(null, Object(Config\Cache), false)
 7 FCPATH/index.php(79): CodeIgniter\CodeIgniter->run()
CRITICAL - 2024-10-16 13:44:55 --> [Caused by] CodeIgniter\Database\Exceptions\DatabaseException: Unknown column 'auction.date' in 'where clause'
in SYSTEMPATH/Database/MySQLi/Connection.php on line 311.
 1 SYSTEMPATH/Database/BaseConnection.php(693): CodeIgniter\Database\MySQLi\Connection->execute('SELECT `auction_items`.`id`, `auction_items`.`auction_id`, `auction_biddings`.`bid_price`
FROM `auction_items`
LEFT JOIN `auction_biddings` ON `auction_biddings`.`auction_item_id` = `auction_items`.`id`
WHERE `auction_items`.`grade_id` = \'4\'
AND `auction`.`date` < \'2024-10-16\'
AND `auction_biddings`.`bid_type` != 3
ORDER BY `auction_items`.`id` DESC
 LIMIT 3')
 2 SYSTEMPATH/Database/BaseConnection.php(607): CodeIgniter\Database\BaseConnection->simpleQuery('SELECT `auction_items`.`id`, `auction_items`.`auction_id`, `auction_biddings`.`bid_price`
FROM `auction_items`
LEFT JOIN `auction_biddings` ON `auction_biddings`.`auction_item_id` = `auction_items`.`id`
WHERE `auction_items`.`grade_id` = \'4\'
AND `auction`.`date` < \'2024-10-16\'
AND `auction_biddings`.`bid_type` != 3
ORDER BY `auction_items`.`id` DESC
 LIMIT 3')
 3 SYSTEMPATH/Database/BaseBuilder.php(1616): CodeIgniter\Database\BaseConnection->query('SELECT `auction_items`.`id`, `auction_items`.`auction_id`, `auction_biddings`.`bid_price`
FROM `auction_items`
LEFT JOIN `auction_biddings` ON `auction_biddings`.`auction_item_id` = `auction_items`.`id`
WHERE `auction_items`.`grade_id` = :auction_items.grade_id:
AND `auction`.`date` < :auction.date:
AND `auction_biddings`.`bid_type` != :auction_biddings.bid_type:
ORDER BY `auction_items`.`id` DESC
 LIMIT 3', [...], false)
 4 SYSTEMPATH/Model.php(872): CodeIgniter\Database\BaseBuilder->get()
 5 APPPATH/Controllers/LastSoldPrice.php(50): CodeIgniter\Model->__call('get', [])
 6 SYSTEMPATH/CodeIgniter.php(941): App\Controllers\LastSoldPrice->lastSoldPrice()
 7 SYSTEMPATH/CodeIgniter.php(502): CodeIgniter\CodeIgniter->runController(Object(App\Controllers\LastSoldPrice))
 8 SYSTEMPATH/CodeIgniter.php(361): CodeIgniter\CodeIgniter->handleRequest(null, Object(Config\Cache), false)
 9 FCPATH/index.php(79): CodeIgniter\CodeIgniter->run()
CRITICAL - 2024-10-16 13:44:55 --> [Caused by] mysqli_sql_exception: Unknown column 'auction.date' in 'where clause'
in SYSTEMPATH/Database/MySQLi/Connection.php on line 306.
 1 SYSTEMPATH/Database/MySQLi/Connection.php(306): mysqli->query('SELECT `auction_items`.`id`, `auction_items`.`auction_id`, `auction_biddings`.`bid_price`
FROM `auction_items`
LEFT JOIN `auction_biddings` ON `auction_biddings`.`auction_item_id` = `auction_items`.`id`
WHERE `auction_items`.`grade_id` = \'4\'
AND `auction`.`date` < \'2024-10-16\'
AND `auction_biddings`.`bid_type` != 3
ORDER BY `auction_items`.`id` DESC
 LIMIT 3', 0)
 2 SYSTEMPATH/Database/BaseConnection.php(693): CodeIgniter\Database\MySQLi\Connection->execute('SELECT `auction_items`.`id`, `auction_items`.`auction_id`, `auction_biddings`.`bid_price`
FROM `auction_items`
LEFT JOIN `auction_biddings` ON `auction_biddings`.`auction_item_id` = `auction_items`.`id`
WHERE `auction_items`.`grade_id` = \'4\'
AND `auction`.`date` < \'2024-10-16\'
AND `auction_biddings`.`bid_type` != 3
ORDER BY `auction_items`.`id` DESC
 LIMIT 3')
 3 SYSTEMPATH/Database/BaseConnection.php(607): CodeIgniter\Database\BaseConnection->simpleQuery('SELECT `auction_items`.`id`, `auction_items`.`auction_id`, `auction_biddings`.`bid_price`
FROM `auction_items`
LEFT JOIN `auction_biddings` ON `auction_biddings`.`auction_item_id` = `auction_items`.`id`
WHERE `auction_items`.`grade_id` = \'4\'
AND `auction`.`date` < \'2024-10-16\'
AND `auction_biddings`.`bid_type` != 3
ORDER BY `auction_items`.`id` DESC
 LIMIT 3')
 4 SYSTEMPATH/Database/BaseBuilder.php(1616): CodeIgniter\Database\BaseConnection->query('SELECT `auction_items`.`id`, `auction_items`.`auction_id`, `auction_biddings`.`bid_price`
FROM `auction_items`
LEFT JOIN `auction_biddings` ON `auction_biddings`.`auction_item_id` = `auction_items`.`id`
WHERE `auction_items`.`grade_id` = :auction_items.grade_id:
AND `auction`.`date` < :auction.date:
AND `auction_biddings`.`bid_type` != :auction_biddings.bid_type:
ORDER BY `auction_items`.`id` DESC
 LIMIT 3', [...], false)
 5 SYSTEMPATH/Model.php(872): CodeIgniter\Database\BaseBuilder->get()
 6 APPPATH/Controllers/LastSoldPrice.php(50): CodeIgniter\Model->__call('get', [])
 7 SYSTEMPATH/CodeIgniter.php(941): App\Controllers\LastSoldPrice->lastSoldPrice()
 8 SYSTEMPATH/CodeIgniter.php(502): CodeIgniter\CodeIgniter->runController(Object(App\Controllers\LastSoldPrice))
 9 SYSTEMPATH/CodeIgniter.php(361): CodeIgniter\CodeIgniter->handleRequest(null, Object(Config\Cache), false)
10 FCPATH/index.php(79): CodeIgniter\CodeIgniter->run()
