ERROR - 2024-04-22 09:00:22 --> mysqli_sql_exception: Unknown table 'oams_2204.auction_items' in F:\xampp\htdocs\oams_staging\api\system\Database\MySQLi\Connection.php:306
Stack trace:
#0 F:\xampp\htdocs\oams_staging\api\system\Database\MySQLi\Connection.php(306): mysqli->query('SELECT `inward_...', 0)
#1 F:\xampp\htdocs\oams_staging\api\system\Database\BaseConnection.php(693): CodeIgniter\Database\MySQLi\Connection->execute('SELECT `inward_...')
#2 F:\xampp\htdocs\oams_staging\api\system\Database\BaseConnection.php(607): CodeIgniter\Database\BaseConnection->simpleQuery('SELECT `inward_...')
#3 F:\xampp\htdocs\oams_staging\api\system\Database\BaseBuilder.php(1616): CodeIgniter\Database\BaseConnection->query('SELECT `inward_...', Array, false)
#4 F:\xampp\htdocs\oams_staging\api\system\Model.php(242): CodeIgniter\Database\BaseBuilder->get()
#5 F:\xampp\htdocs\oams_staging\api\system\BaseModel.php(638): CodeIgniter\Model->doFindAll(0, 0)
#6 F:\xampp\htdocs\oams_staging\api\app\Controllers\Auction.php(895): CodeIgniter\BaseModel->findAll()
#7 F:\xampp\htdocs\oams_staging\api\system\CodeIgniter.php(941): App\Controllers\Auction->biddingSessionViewDetail()
#8 F:\xampp\htdocs\oams_staging\api\system\CodeIgniter.php(502): CodeIgniter\CodeIgniter->runController(Object(App\Controllers\Auction))
#9 F:\xampp\htdocs\oams_staging\api\system\CodeIgniter.php(361): CodeIgniter\CodeIgniter->handleRequest(NULL, Object(Config\Cache), false)
#10 F:\xampp\htdocs\oams_staging\api\public\index.php(79): CodeIgniter\CodeIgniter->run()
#11 {main}
CRITICAL - 2024-04-22 09:00:22 --> CodeIgniter\Database\Exceptions\DatabaseException: Unknown table 'oams_2204.auction_items'
in SYSTEMPATH\Database\BaseConnection.php on line 647.
 1 SYSTEMPATH\Database\BaseBuilder.php(1616): CodeIgniter\Database\BaseConnection->query('SELECT `inward_items`.*, `auction_items`.*, `auction`.*, `grade`.`name` AS `grade_name`, `garden`.`name` AS `garden_name`, `garden`.`id` AS `garden_id`, `grade`.`id` AS `grade_id`, `warehouse`.`name` AS `warehouse_name`, `stock`.`qty` AS `stock_qty`
FROM `stock`
LEFT JOIN `inward_items` ON `inward_items`.`id` = `stock`.`inward_item_id`
LEFT JOIN `inward` ON `inward`.`id` = `inward_items`.`inward_id`
LEFT JOIN `garden` ON `garden`.`id` = `inward`.`garden_id`
LEFT JOIN `auction` ON `auction`.`id` = `auction_items`.`auction_id`
LEFT JOIN `grade` ON `grade`.`id` = `inward_items`.`grade_id`
LEFT JOIN `warehouse` ON `warehouse`.`id` = `stock`.`warehouse_id`
WHERE `inward`.`center_id` = :inward.center_id:
AND `inward`.`id` = :inward.id:', [...], false)
 2 SYSTEMPATH\Model.php(242): CodeIgniter\Database\BaseBuilder->get()
 3 SYSTEMPATH\BaseModel.php(638): CodeIgniter\Model->doFindAll(0, 0)
 4 APPPATH\Controllers\Auction.php(895): CodeIgniter\BaseModel->findAll()
 5 SYSTEMPATH\CodeIgniter.php(941): App\Controllers\Auction->biddingSessionViewDetail()
 6 SYSTEMPATH\CodeIgniter.php(502): CodeIgniter\CodeIgniter->runController(Object(App\Controllers\Auction))
 7 SYSTEMPATH\CodeIgniter.php(361): CodeIgniter\CodeIgniter->handleRequest(null, Object(Config\Cache), false)
 8 FCPATH\index.php(79): CodeIgniter\CodeIgniter->run()
CRITICAL - 2024-04-22 09:00:22 --> [Caused by] CodeIgniter\Database\Exceptions\DatabaseException: Unknown table 'oams_2204.auction_items'
in SYSTEMPATH\Database\MySQLi\Connection.php on line 311.
 1 SYSTEMPATH\Database\BaseConnection.php(693): CodeIgniter\Database\MySQLi\Connection->execute('SELECT `inward_items`.*, `auction_items`.*, `auction`.*, `grade`.`name` AS `grade_name`, `garden`.`name` AS `garden_name`, `garden`.`id` AS `garden_id`, `grade`.`id` AS `grade_id`, `warehouse`.`name` AS `warehouse_name`, `stock`.`qty` AS `stock_qty`
FROM `stock`
LEFT JOIN `inward_items` ON `inward_items`.`id` = `stock`.`inward_item_id`
LEFT JOIN `inward` ON `inward`.`id` = `inward_items`.`inward_id`
LEFT JOIN `garden` ON `garden`.`id` = `inward`.`garden_id`
LEFT JOIN `auction` ON `auction`.`id` = `auction_items`.`auction_id`
LEFT JOIN `grade` ON `grade`.`id` = `inward_items`.`grade_id`
LEFT JOIN `warehouse` ON `warehouse`.`id` = `stock`.`warehouse_id`
WHERE `inward`.`center_id` = \'18\'
AND `inward`.`id` = \'2\'')
 2 SYSTEMPATH\Database\BaseConnection.php(607): CodeIgniter\Database\BaseConnection->simpleQuery('SELECT `inward_items`.*, `auction_items`.*, `auction`.*, `grade`.`name` AS `grade_name`, `garden`.`name` AS `garden_name`, `garden`.`id` AS `garden_id`, `grade`.`id` AS `grade_id`, `warehouse`.`name` AS `warehouse_name`, `stock`.`qty` AS `stock_qty`
FROM `stock`
LEFT JOIN `inward_items` ON `inward_items`.`id` = `stock`.`inward_item_id`
LEFT JOIN `inward` ON `inward`.`id` = `inward_items`.`inward_id`
LEFT JOIN `garden` ON `garden`.`id` = `inward`.`garden_id`
LEFT JOIN `auction` ON `auction`.`id` = `auction_items`.`auction_id`
LEFT JOIN `grade` ON `grade`.`id` = `inward_items`.`grade_id`
LEFT JOIN `warehouse` ON `warehouse`.`id` = `stock`.`warehouse_id`
WHERE `inward`.`center_id` = \'18\'
AND `inward`.`id` = \'2\'')
 3 SYSTEMPATH\Database\BaseBuilder.php(1616): CodeIgniter\Database\BaseConnection->query('SELECT `inward_items`.*, `auction_items`.*, `auction`.*, `grade`.`name` AS `grade_name`, `garden`.`name` AS `garden_name`, `garden`.`id` AS `garden_id`, `grade`.`id` AS `grade_id`, `warehouse`.`name` AS `warehouse_name`, `stock`.`qty` AS `stock_qty`
FROM `stock`
LEFT JOIN `inward_items` ON `inward_items`.`id` = `stock`.`inward_item_id`
LEFT JOIN `inward` ON `inward`.`id` = `inward_items`.`inward_id`
LEFT JOIN `garden` ON `garden`.`id` = `inward`.`garden_id`
LEFT JOIN `auction` ON `auction`.`id` = `auction_items`.`auction_id`
LEFT JOIN `grade` ON `grade`.`id` = `inward_items`.`grade_id`
LEFT JOIN `warehouse` ON `warehouse`.`id` = `stock`.`warehouse_id`
WHERE `inward`.`center_id` = :inward.center_id:
AND `inward`.`id` = :inward.id:', [...], false)
 4 SYSTEMPATH\Model.php(242): CodeIgniter\Database\BaseBuilder->get()
 5 SYSTEMPATH\BaseModel.php(638): CodeIgniter\Model->doFindAll(0, 0)
 6 APPPATH\Controllers\Auction.php(895): CodeIgniter\BaseModel->findAll()
 7 SYSTEMPATH\CodeIgniter.php(941): App\Controllers\Auction->biddingSessionViewDetail()
 8 SYSTEMPATH\CodeIgniter.php(502): CodeIgniter\CodeIgniter->runController(Object(App\Controllers\Auction))
 9 SYSTEMPATH\CodeIgniter.php(361): CodeIgniter\CodeIgniter->handleRequest(null, Object(Config\Cache), false)
10 FCPATH\index.php(79): CodeIgniter\CodeIgniter->run()
CRITICAL - 2024-04-22 09:00:22 --> [Caused by] mysqli_sql_exception: Unknown table 'oams_2204.auction_items'
in SYSTEMPATH\Database\MySQLi\Connection.php on line 306.
 1 SYSTEMPATH\Database\MySQLi\Connection.php(306): mysqli->query('SELECT `inward_items`.*, `auction_items`.*, `auction`.*, `grade`.`name` AS `grade_name`, `garden`.`name` AS `garden_name`, `garden`.`id` AS `garden_id`, `grade`.`id` AS `grade_id`, `warehouse`.`name` AS `warehouse_name`, `stock`.`qty` AS `stock_qty`
FROM `stock`
LEFT JOIN `inward_items` ON `inward_items`.`id` = `stock`.`inward_item_id`
LEFT JOIN `inward` ON `inward`.`id` = `inward_items`.`inward_id`
LEFT JOIN `garden` ON `garden`.`id` = `inward`.`garden_id`
LEFT JOIN `auction` ON `auction`.`id` = `auction_items`.`auction_id`
LEFT JOIN `grade` ON `grade`.`id` = `inward_items`.`grade_id`
LEFT JOIN `warehouse` ON `warehouse`.`id` = `stock`.`warehouse_id`
WHERE `inward`.`center_id` = \'18\'
AND `inward`.`id` = \'2\'', 0)
 2 SYSTEMPATH\Database\BaseConnection.php(693): CodeIgniter\Database\MySQLi\Connection->execute('SELECT `inward_items`.*, `auction_items`.*, `auction`.*, `grade`.`name` AS `grade_name`, `garden`.`name` AS `garden_name`, `garden`.`id` AS `garden_id`, `grade`.`id` AS `grade_id`, `warehouse`.`name` AS `warehouse_name`, `stock`.`qty` AS `stock_qty`
FROM `stock`
LEFT JOIN `inward_items` ON `inward_items`.`id` = `stock`.`inward_item_id`
LEFT JOIN `inward` ON `inward`.`id` = `inward_items`.`inward_id`
LEFT JOIN `garden` ON `garden`.`id` = `inward`.`garden_id`
LEFT JOIN `auction` ON `auction`.`id` = `auction_items`.`auction_id`
LEFT JOIN `grade` ON `grade`.`id` = `inward_items`.`grade_id`
LEFT JOIN `warehouse` ON `warehouse`.`id` = `stock`.`warehouse_id`
WHERE `inward`.`center_id` = \'18\'
AND `inward`.`id` = \'2\'')
 3 SYSTEMPATH\Database\BaseConnection.php(607): CodeIgniter\Database\BaseConnection->simpleQuery('SELECT `inward_items`.*, `auction_items`.*, `auction`.*, `grade`.`name` AS `grade_name`, `garden`.`name` AS `garden_name`, `garden`.`id` AS `garden_id`, `grade`.`id` AS `grade_id`, `warehouse`.`name` AS `warehouse_name`, `stock`.`qty` AS `stock_qty`
FROM `stock`
LEFT JOIN `inward_items` ON `inward_items`.`id` = `stock`.`inward_item_id`
LEFT JOIN `inward` ON `inward`.`id` = `inward_items`.`inward_id`
LEFT JOIN `garden` ON `garden`.`id` = `inward`.`garden_id`
LEFT JOIN `auction` ON `auction`.`id` = `auction_items`.`auction_id`
LEFT JOIN `grade` ON `grade`.`id` = `inward_items`.`grade_id`
LEFT JOIN `warehouse` ON `warehouse`.`id` = `stock`.`warehouse_id`
WHERE `inward`.`center_id` = \'18\'
AND `inward`.`id` = \'2\'')
 4 SYSTEMPATH\Database\BaseBuilder.php(1616): CodeIgniter\Database\BaseConnection->query('SELECT `inward_items`.*, `auction_items`.*, `auction`.*, `grade`.`name` AS `grade_name`, `garden`.`name` AS `garden_name`, `garden`.`id` AS `garden_id`, `grade`.`id` AS `grade_id`, `warehouse`.`name` AS `warehouse_name`, `stock`.`qty` AS `stock_qty`
FROM `stock`
LEFT JOIN `inward_items` ON `inward_items`.`id` = `stock`.`inward_item_id`
LEFT JOIN `inward` ON `inward`.`id` = `inward_items`.`inward_id`
LEFT JOIN `garden` ON `garden`.`id` = `inward`.`garden_id`
LEFT JOIN `auction` ON `auction`.`id` = `auction_items`.`auction_id`
LEFT JOIN `grade` ON `grade`.`id` = `inward_items`.`grade_id`
LEFT JOIN `warehouse` ON `warehouse`.`id` = `stock`.`warehouse_id`
WHERE `inward`.`center_id` = :inward.center_id:
AND `inward`.`id` = :inward.id:', [...], false)
 5 SYSTEMPATH\Model.php(242): CodeIgniter\Database\BaseBuilder->get()
 6 SYSTEMPATH\BaseModel.php(638): CodeIgniter\Model->doFindAll(0, 0)
 7 APPPATH\Controllers\Auction.php(895): CodeIgniter\BaseModel->findAll()
 8 SYSTEMPATH\CodeIgniter.php(941): App\Controllers\Auction->biddingSessionViewDetail()
 9 SYSTEMPATH\CodeIgniter.php(502): CodeIgniter\CodeIgniter->runController(Object(App\Controllers\Auction))
10 SYSTEMPATH\CodeIgniter.php(361): CodeIgniter\CodeIgniter->handleRequest(null, Object(Config\Cache), false)
11 FCPATH\index.php(79): CodeIgniter\CodeIgniter->run()
CRITICAL - 2024-04-22 13:13:12 --> CodeIgniter\Validation\Exceptions\ValidationException: "is_unique_with_grade_and_garden" is not a valid rule.
in SYSTEMPATH\Validation\Validation.php on line 336.
 1 SYSTEMPATH\Validation\Validation.php(336): CodeIgniter\Validation\Exceptions\ValidationException::forRuleNotFound('is_unique_with_grade_and_garden')
 2 SYSTEMPATH\Validation\Validation.php(196): CodeIgniter\Validation\Validation->processRules('invoice_no.0', 'invoice_no.*', '121', [...], [...], 'invoice_no.*')
 3 SYSTEMPATH\Controller.php(152): CodeIgniter\Validation\Validation->run()
 4 APPPATH\Controllers\Inward.php(170): CodeIgniter\Controller->validate([...], [...])
 5 SYSTEMPATH\CodeIgniter.php(941): App\Controllers\Inward->create()
 6 SYSTEMPATH\CodeIgniter.php(502): CodeIgniter\CodeIgniter->runController(Object(App\Controllers\Inward))
 7 SYSTEMPATH\CodeIgniter.php(361): CodeIgniter\CodeIgniter->handleRequest(null, Object(Config\Cache), false)
 8 FCPATH\index.php(79): CodeIgniter\CodeIgniter->run()
CRITICAL - 2024-04-22 13:13:19 --> CodeIgniter\Validation\Exceptions\ValidationException: "is_unique_with_grade_and_garden" is not a valid rule.
in SYSTEMPATH\Validation\Validation.php on line 336.
 1 SYSTEMPATH\Validation\Validation.php(336): CodeIgniter\Validation\Exceptions\ValidationException::forRuleNotFound('is_unique_with_grade_and_garden')
 2 SYSTEMPATH\Validation\Validation.php(196): CodeIgniter\Validation\Validation->processRules('invoice_no.0', 'invoice_no.*', '121', [...], [...], 'invoice_no.*')
 3 SYSTEMPATH\Controller.php(152): CodeIgniter\Validation\Validation->run()
 4 APPPATH\Controllers\Inward.php(170): CodeIgniter\Controller->validate([...], [...])
 5 SYSTEMPATH\CodeIgniter.php(941): App\Controllers\Inward->create()
 6 SYSTEMPATH\CodeIgniter.php(502): CodeIgniter\CodeIgniter->runController(Object(App\Controllers\Inward))
 7 SYSTEMPATH\CodeIgniter.php(361): CodeIgniter\CodeIgniter->handleRequest(null, Object(Config\Cache), false)
 8 FCPATH\index.php(79): CodeIgniter\CodeIgniter->run()
CRITICAL - 2024-04-22 13:13:29 --> CodeIgniter\Validation\Exceptions\ValidationException: "is_unique_with_grade_and_garden" is not a valid rule.
in SYSTEMPATH\Validation\Validation.php on line 336.
 1 SYSTEMPATH\Validation\Validation.php(336): CodeIgniter\Validation\Exceptions\ValidationException::forRuleNotFound('is_unique_with_grade_and_garden')
 2 SYSTEMPATH\Validation\Validation.php(196): CodeIgniter\Validation\Validation->processRules('invoice_no.0', 'invoice_no.*', '121', [...], [...], 'invoice_no.*')
 3 SYSTEMPATH\Controller.php(152): CodeIgniter\Validation\Validation->run()
 4 APPPATH\Controllers\Inward.php(170): CodeIgniter\Controller->validate([...], [...])
 5 SYSTEMPATH\CodeIgniter.php(941): App\Controllers\Inward->create()
 6 SYSTEMPATH\CodeIgniter.php(502): CodeIgniter\CodeIgniter->runController(Object(App\Controllers\Inward))
 7 SYSTEMPATH\CodeIgniter.php(361): CodeIgniter\CodeIgniter->handleRequest(null, Object(Config\Cache), false)
 8 FCPATH\index.php(79): CodeIgniter\CodeIgniter->run()
