ERROR - 2024-03-13 14:12:36 --> mysqli_sql_exception: Unknown column 'invoice_no' in 'where clause' in /home/u553659265/domains/itechnocorp.com/public_html/oams-api/system/Database/MySQLi/Connection.php:306
Stack trace:
#0 /home/u553659265/domains/itechnocorp.com/public_html/oams-api/system/Database/MySQLi/Connection.php(306): mysqli->query()
#1 /home/u553659265/domains/itechnocorp.com/public_html/oams-api/system/Database/BaseConnection.php(693): CodeIgniter\Database\MySQLi\Connection->execute()
#2 /home/u553659265/domains/itechnocorp.com/public_html/oams-api/system/Database/BaseConnection.php(607): CodeIgniter\Database\BaseConnection->simpleQuery()
#3 /home/u553659265/domains/itechnocorp.com/public_html/oams-api/system/Database/BaseBuilder.php(1616): CodeIgniter\Database\BaseConnection->query()
#4 /home/u553659265/domains/itechnocorp.com/public_html/oams-api/system/Validation/StrictRules/Rules.php(227): CodeIgniter\Database\BaseBuilder->get()
#5 /home/u553659265/domains/itechnocorp.com/public_html/oams-api/system/Validation/Validation.php(328): CodeIgniter\Validation\StrictRules\Rules->is_unique()
#6 /home/u553659265/domains/itechnocorp.com/public_html/oams-api/system/Validation/Validation.php(196): CodeIgniter\Validation\Validation->processRules()
#7 /home/u553659265/domains/itechnocorp.com/public_html/oams-api/system/Controller.php(152): CodeIgniter\Validation\Validation->run()
#8 /home/u553659265/domains/itechnocorp.com/public_html/oams-api/app/Controllers/Inward.php(172): CodeIgniter\Controller->validate()
#9 /home/u553659265/domains/itechnocorp.com/public_html/oams-api/system/CodeIgniter.php(941): App\Controllers\Inward->create()
#10 /home/u553659265/domains/itechnocorp.com/public_html/oams-api/system/CodeIgniter.php(502): CodeIgniter\CodeIgniter->runController()
#11 /home/u553659265/domains/itechnocorp.com/public_html/oams-api/system/CodeIgniter.php(361): CodeIgniter\CodeIgniter->handleRequest()
#12 /home/u553659265/domains/itechnocorp.com/public_html/oams-api/public/index.php(79): CodeIgniter\CodeIgniter->run()
#13 {main}
CRITICAL - 2024-03-13 14:12:36 --> CodeIgniter\Database\Exceptions\DatabaseException: Unknown column 'invoice_no' in 'where clause'
in SYSTEMPATH/Database/BaseConnection.php on line 647.
 1 SYSTEMPATH/Database/BaseBuilder.php(1616): CodeIgniter\Database\BaseConnection->query()
 2 SYSTEMPATH/Validation/StrictRules/Rules.php(227): CodeIgniter\Database\BaseBuilder->get()
 3 SYSTEMPATH/Validation/Validation.php(328): CodeIgniter\Validation\StrictRules\Rules->is_unique()
 4 SYSTEMPATH/Validation/Validation.php(196): CodeIgniter\Validation\Validation->processRules()
 5 SYSTEMPATH/Controller.php(152): CodeIgniter\Validation\Validation->run()
 6 APPPATH/Controllers/Inward.php(172): CodeIgniter\Controller->validate()
 7 SYSTEMPATH/CodeIgniter.php(941): App\Controllers\Inward->create()
 8 SYSTEMPATH/CodeIgniter.php(502): CodeIgniter\CodeIgniter->runController()
 9 SYSTEMPATH/CodeIgniter.php(361): CodeIgniter\CodeIgniter->handleRequest()
10 FCPATH/index.php(79): CodeIgniter\CodeIgniter->run()
CRITICAL - 2024-03-13 14:12:36 --> [Caused by] CodeIgniter\Database\Exceptions\DatabaseException: Unknown column 'invoice_no' in 'where clause'
in SYSTEMPATH/Database/MySQLi/Connection.php on line 311.
 1 SYSTEMPATH/Database/BaseConnection.php(693): CodeIgniter\Database\MySQLi\Connection->execute()
 2 SYSTEMPATH/Database/BaseConnection.php(607): CodeIgniter\Database\BaseConnection->simpleQuery()
 3 SYSTEMPATH/Database/BaseBuilder.php(1616): CodeIgniter\Database\BaseConnection->query()
 4 SYSTEMPATH/Validation/StrictRules/Rules.php(227): CodeIgniter\Database\BaseBuilder->get()
 5 SYSTEMPATH/Validation/Validation.php(328): CodeIgniter\Validation\StrictRules\Rules->is_unique()
 6 SYSTEMPATH/Validation/Validation.php(196): CodeIgniter\Validation\Validation->processRules()
 7 SYSTEMPATH/Controller.php(152): CodeIgniter\Validation\Validation->run()
 8 APPPATH/Controllers/Inward.php(172): CodeIgniter\Controller->validate()
 9 SYSTEMPATH/CodeIgniter.php(941): App\Controllers\Inward->create()
10 SYSTEMPATH/CodeIgniter.php(502): CodeIgniter\CodeIgniter->runController()
11 SYSTEMPATH/CodeIgniter.php(361): CodeIgniter\CodeIgniter->handleRequest()
12 FCPATH/index.php(79): CodeIgniter\CodeIgniter->run()
CRITICAL - 2024-03-13 14:12:36 --> [Caused by] mysqli_sql_exception: Unknown column 'invoice_no' in 'where clause'
in SYSTEMPATH/Database/MySQLi/Connection.php on line 306.
 1 SYSTEMPATH/Database/MySQLi/Connection.php(306): mysqli->query()
 2 SYSTEMPATH/Database/BaseConnection.php(693): CodeIgniter\Database\MySQLi\Connection->execute()
 3 SYSTEMPATH/Database/BaseConnection.php(607): CodeIgniter\Database\BaseConnection->simpleQuery()
 4 SYSTEMPATH/Database/BaseBuilder.php(1616): CodeIgniter\Database\BaseConnection->query()
 5 SYSTEMPATH/Validation/StrictRules/Rules.php(227): CodeIgniter\Database\BaseBuilder->get()
 6 SYSTEMPATH/Validation/Validation.php(328): CodeIgniter\Validation\StrictRules\Rules->is_unique()
 7 SYSTEMPATH/Validation/Validation.php(196): CodeIgniter\Validation\Validation->processRules()
 8 SYSTEMPATH/Controller.php(152): CodeIgniter\Validation\Validation->run()
 9 APPPATH/Controllers/Inward.php(172): CodeIgniter\Controller->validate()
10 SYSTEMPATH/CodeIgniter.php(941): App\Controllers\Inward->create()
11 SYSTEMPATH/CodeIgniter.php(502): CodeIgniter\CodeIgniter->runController()
12 SYSTEMPATH/CodeIgniter.php(361): CodeIgniter\CodeIgniter->handleRequest()
13 FCPATH/index.php(79): CodeIgniter\CodeIgniter->run()
