CRITICAL - 2024-10-30 09:41:52 --> ErrorException: Undefined variable $auction_data
in APPPATH/Controllers/Cart.php on line 428.
 1 APPPATH/Controllers/Cart.php(428): CodeIgniter\Debug\Exceptions->errorHandler(2, 'Undefined variable $auction_data', '/var/www/eazyhosting.in/public_html/api/app/Controllers/Cart.php', 428)
 2 SYSTEMPATH/CodeIgniter.php(941): App\Controllers\Cart->auctiongardenlist()
 3 SYSTEMPATH/CodeIgniter.php(502): CodeIgniter\CodeIgniter->runController(Object(App\Controllers\Cart))
 4 SYSTEMPATH/CodeIgniter.php(361): CodeIgniter\CodeIgniter->handleRequest(null, Object(Config\Cache), false)
 5 FCPATH/index.php(79): CodeIgniter\CodeIgniter->run()
ERROR - 2024-10-30 09:42:05 --> bid calculation initiated auctionItemId:127, 0
ERROR - 2024-10-30 09:42:05 --> bid calculation Ended auctionItemId:127, 2024-10-30 09:42:05
ERROR - 2024-10-30 09:42:05 --> bid calculation initiated auctionItemId:128, 0
ERROR - 2024-10-30 09:42:05 --> bid calculation Ended auctionItemId:128, 2024-10-30 09:42:05
CRITICAL - 2024-10-30 09:42:09 --> ErrorException: Undefined variable $auction_data
in APPPATH/Controllers/Cart.php on line 428.
 1 APPPATH/Controllers/Cart.php(428): CodeIgniter\Debug\Exceptions->errorHandler(2, 'Undefined variable $auction_data', '/var/www/eazyhosting.in/public_html/api/app/Controllers/Cart.php', 428)
 2 SYSTEMPATH/CodeIgniter.php(941): App\Controllers\Cart->auctiongardenlist()
 3 SYSTEMPATH/CodeIgniter.php(502): CodeIgniter\CodeIgniter->runController(Object(App\Controllers\Cart))
 4 SYSTEMPATH/CodeIgniter.php(361): CodeIgniter\CodeIgniter->handleRequest(null, Object(Config\Cache), false)
 5 FCPATH/index.php(79): CodeIgniter\CodeIgniter->run()
CRITICAL - 2024-10-30 09:42:31 --> ErrorException: Undefined variable $auction_data
in APPPATH/Controllers/Cart.php on line 428.
 1 APPPATH/Controllers/Cart.php(428): CodeIgniter\Debug\Exceptions->errorHandler(2, 'Undefined variable $auction_data', '/var/www/eazyhosting.in/public_html/api/app/Controllers/Cart.php', 428)
 2 SYSTEMPATH/CodeIgniter.php(941): App\Controllers\Cart->auctiongardenlist()
 3 SYSTEMPATH/CodeIgniter.php(502): CodeIgniter\CodeIgniter->runController(Object(App\Controllers\Cart))
 4 SYSTEMPATH/CodeIgniter.php(361): CodeIgniter\CodeIgniter->handleRequest(null, Object(Config\Cache), false)
 5 FCPATH/index.php(79): CodeIgniter\CodeIgniter->run()
CRITICAL - 2024-10-30 09:42:32 --> ErrorException: Undefined variable $auction_data
in APPPATH/Controllers/Cart.php on line 428.
 1 APPPATH/Controllers/Cart.php(428): CodeIgniter\Debug\Exceptions->errorHandler(2, 'Undefined variable $auction_data', '/var/www/eazyhosting.in/public_html/api/app/Controllers/Cart.php', 428)
 2 SYSTEMPATH/CodeIgniter.php(941): App\Controllers\Cart->auctiongardenlist()
 3 SYSTEMPATH/CodeIgniter.php(502): CodeIgniter\CodeIgniter->runController(Object(App\Controllers\Cart))
 4 SYSTEMPATH/CodeIgniter.php(361): CodeIgniter\CodeIgniter->handleRequest(null, Object(Config\Cache), false)
 5 FCPATH/index.php(79): CodeIgniter\CodeIgniter->run()
ERROR - 2024-10-30 09:50:09 --> Both manual and auto bids exist
ERROR - 2024-10-30 09:50:09 --> Manual bid only
ERROR - 2024-10-30 09:51:08 --> current items data:[{"id":"129","inward_invoice_id":"S1","inward_item_id":"6","auction_id":"27","grade_id":"4","lot_no":"1","lot_set":"1","auction_quantity":"3","sample_quantity":"2","auction_each_net":"17","base_price":"100","reverse_price":"105","high_price":"0","valuation_price":"110","last_sold_price":null,"status":"1","is_sold":"0","min_bid_added":"0","is_withdrawn":"0","created_at":"2024-10-30 09:42:38","updated_at":"2024-10-30 09:43:04","created_by":"5","updated_by":"5"},{"id":"130","inward_invoice_id":"S2","inward_item_id":"7","auction_id":"27","grade_id":"5","lot_no":"2","lot_set":"1","auction_quantity":"3","sample_quantity":"2","auction_each_net":"7","base_price":"100","reverse_price":"105","high_price":"0","valuation_price":"110","last_sold_price":null,"status":"1","is_sold":"0","min_bid_added":"0","is_withdrawn":"0","created_at":"2024-10-30 09:42:38","updated_at":"2024-10-30 09:43:04","created_by":"5","updated_by":"5"}], 2024-10-30 09:51:08
ERROR - 2024-10-30 09:51:08 --> Error code L001. auctionItemId:129, 2024-10-30 09:51:08
ERROR - 2024-10-30 09:51:08 --> bid calculation initiated auctionItemId:129, 1
ERROR - 2024-10-30 09:51:08 --> bidding value array:{"id":"546","auction_item_id":"129","buyer_id":"3","bid_price":"600.00","sq":"1.000","bq":"1.000","bid_type":"0","created_at":"2024-10-30 09:50:47","updated_at":"2024-10-30 09:50:47"}
ERROR - 2024-10-30 09:51:08 --> Error code 006. HBP:600.00, HABP: 300, 2024-10-30 09:51:08
ERROR - 2024-10-30 09:51:08 --> bid calculation Ended auctionItemId:129, 2024-10-30 09:51:08
ERROR - 2024-10-30 09:51:08 --> Error code L002. auctionItemId:129, 2024-10-30 09:51:08
ERROR - 2024-10-30 09:51:08 --> Error code L003. auctionItemId:129, 2024-10-30 09:51:08
ERROR - 2024-10-30 09:51:08 --> Error code L001. auctionItemId:130, 2024-10-30 09:51:08
ERROR - 2024-10-30 09:51:08 --> bid calculation initiated auctionItemId:130, 1
ERROR - 2024-10-30 09:51:08 --> bidding value array:{"id":"542","auction_item_id":"130","buyer_id":"3","bid_price":"160.00","sq":"1.000","bq":"1.000","bid_type":"0","created_at":"2024-10-30 09:50:09","updated_at":"2024-10-30 09:50:09"}
ERROR - 2024-10-30 09:51:08 --> Error code 006. HBP:160.00, HABP: 0, 2024-10-30 09:51:08
ERROR - 2024-10-30 09:51:08 --> bid calculation Ended auctionItemId:130, 2024-10-30 09:51:08
ERROR - 2024-10-30 09:51:08 --> Error code L002. auctionItemId:130, 2024-10-30 09:51:08
ERROR - 2024-10-30 09:51:08 --> Error code L003. auctionItemId:130, 2024-10-30 09:51:08
