CRITICAL - 2024-08-22 07:31:57 --> ErrorException: Undefined variable $auction_data
in APPPATH/Controllers/Cart.php on line 427.
 1 APPPATH/Controllers/Cart.php(427): CodeIgniter\Debug\Exceptions->errorHandler(2, 'Undefined variable $auction_data', '/var/www/eazyhosting.in/public_html/api/app/Controllers/Cart.php', 427)
 2 SYSTEMPATH/CodeIgniter.php(941): App\Controllers\Cart->auctiongardenlist()
 3 SYSTEMPATH/CodeIgniter.php(502): CodeIgniter\CodeIgniter->runController(Object(App\Controllers\Cart))
 4 SYSTEMPATH/CodeIgniter.php(361): CodeIgniter\CodeIgniter->handleRequest(null, Object(Config\Cache), false)
 5 FCPATH/index.php(79): CodeIgniter\CodeIgniter->run()
CRITICAL - 2024-08-22 07:34:33 --> ErrorException: Undefined variable $auction_data
in APPPATH/Controllers/Cart.php on line 427.
 1 APPPATH/Controllers/Cart.php(427): CodeIgniter\Debug\Exceptions->errorHandler(2, 'Undefined variable $auction_data', '/var/www/eazyhosting.in/public_html/api/app/Controllers/Cart.php', 427)
 2 SYSTEMPATH/CodeIgniter.php(941): App\Controllers\Cart->auctiongardenlist()
 3 SYSTEMPATH/CodeIgniter.php(502): CodeIgniter\CodeIgniter->runController(Object(App\Controllers\Cart))
 4 SYSTEMPATH/CodeIgniter.php(361): CodeIgniter\CodeIgniter->handleRequest(null, Object(Config\Cache), false)
 5 FCPATH/index.php(79): CodeIgniter\CodeIgniter->run()
CRITICAL - 2024-08-22 07:35:08 --> ErrorException: Undefined variable $auction_data
in APPPATH/Controllers/Cart.php on line 427.
 1 APPPATH/Controllers/Cart.php(427): CodeIgniter\Debug\Exceptions->errorHandler(2, 'Undefined variable $auction_data', '/var/www/eazyhosting.in/public_html/api/app/Controllers/Cart.php', 427)
 2 SYSTEMPATH/CodeIgniter.php(941): App\Controllers\Cart->auctiongardenlist()
 3 SYSTEMPATH/CodeIgniter.php(502): CodeIgniter\CodeIgniter->runController(Object(App\Controllers\Cart))
 4 SYSTEMPATH/CodeIgniter.php(361): CodeIgniter\CodeIgniter->handleRequest(null, Object(Config\Cache), false)
 5 FCPATH/index.php(79): CodeIgniter\CodeIgniter->run()
ERROR - 2024-08-22 07:45:57 --> current items data:[{"id":"24","inward_invoice_id":"V1","inward_item_id":"1","auction_id":"4","lot_no":"1","lot_set":"1","auction_quantity":"3","sample_quantity":"1","auction_each_net":"10","base_price":"100","reverse_price":"105","high_price":"0","valuation_price":"110","last_sold_price":null,"status":"1","is_sold":"0","min_bid_added":"0","is_withdrawn":"0","created_at":"2024-08-22 07:35:22","updated_at":"2024-08-22 07:36:40","created_by":"3","updated_by":"3"},{"id":"25","inward_invoice_id":"V5","inward_item_id":"5","auction_id":"4","lot_no":"2","lot_set":"1","auction_quantity":"3","sample_quantity":"1","auction_each_net":"15","base_price":"100","reverse_price":"105","high_price":"0","valuation_price":"110","last_sold_price":null,"status":"1","is_sold":"0","min_bid_added":"0","is_withdrawn":"0","created_at":"2024-08-22 07:35:22","updated_at":"2024-08-22 07:36:40","created_by":"3","updated_by":"3"}], 2024-08-22 07:45:57
ERROR - 2024-08-22 07:45:57 --> Error code L001. auctionItemId:24, 2024-08-22 07:45:57
ERROR - 2024-08-22 07:45:57 --> bid calculation initiated auctionItemId:24, 2024-08-22 07:45:57
ERROR - 2024-08-22 07:45:57 --> Error code 001. HBP:109.00,HABP: 111.00, 2024-08-22 07:45:57
ERROR - 2024-08-22 07:45:57 --> Error code 003. HBP:109.00,RP: 105, 2024-08-22 07:45:57
ERROR - 2024-08-22 07:45:57 --> Error code 005. HBP:109.00,SLHABP: 0.00, 2024-08-22 07:45:57
ERROR - 2024-08-22 07:45:57 --> bid calculation Ended auctionItemId:24, 2024-08-22 07:45:57
ERROR - 2024-08-22 07:45:57 --> Error code L002. auctionItemId:24, 2024-08-22 07:45:57
ERROR - 2024-08-22 07:45:57 --> Error code L003. auctionItemId:24, 2024-08-22 07:45:57
ERROR - 2024-08-22 07:45:57 --> Error code L001. auctionItemId:25, 2024-08-22 07:45:57
ERROR - 2024-08-22 07:45:57 --> bid calculation initiated auctionItemId:25, 2024-08-22 07:45:57
ERROR - 2024-08-22 07:45:57 --> Error code 001. HBP:116.00,HABP: 118.00, 2024-08-22 07:45:57
ERROR - 2024-08-22 07:45:57 --> Error code 003. HBP:116.00,RP: 105, 2024-08-22 07:45:57
ERROR - 2024-08-22 07:45:57 --> Error code 005. HBP:116.00,SLHABP: 0.00, 2024-08-22 07:45:57
ERROR - 2024-08-22 07:45:57 --> bid calculation Ended auctionItemId:25, 2024-08-22 07:45:57
ERROR - 2024-08-22 07:45:57 --> Error code L002. auctionItemId:25, 2024-08-22 07:45:57
ERROR - 2024-08-22 07:45:57 --> Error code L003. auctionItemId:25, 2024-08-22 07:45:57
ERROR - 2024-08-22 07:48:28 --> current items data:[{"id":"26","inward_invoice_id":"S3","inward_item_id":"8","auction_id":"4","lot_no":"3","lot_set":"2","auction_quantity":"3","sample_quantity":"1","auction_each_net":"21","base_price":"100","reverse_price":"105","high_price":"0","valuation_price":"110","last_sold_price":null,"status":"1","is_sold":"0","min_bid_added":"0","is_withdrawn":"0","created_at":"2024-08-22 07:35:22","updated_at":"2024-08-22 07:36:40","created_by":"3","updated_by":"3"}], 2024-08-22 07:48:28
ERROR - 2024-08-22 07:48:28 --> Error code L001. auctionItemId:26, 2024-08-22 07:48:28
ERROR - 2024-08-22 07:48:28 --> bid calculation initiated auctionItemId:26, 2024-08-22 07:48:28
ERROR - 2024-08-22 07:48:28 --> bid calculation Ended auctionItemId:26, 2024-08-22 07:48:28
ERROR - 2024-08-22 07:48:28 --> Error code L002. auctionItemId:26, 2024-08-22 07:48:28
ERROR - 2024-08-22 07:48:28 --> Error code L003. auctionItemId:26, 2024-08-22 07:48:28
