CRITICAL - 2024-06-10 11:13:43 --> ErrorException: Undefined variable $data
in APPPATH/Controllers/Cart.php on line 500.
 1 APPPATH/Controllers/Cart.php(500): CodeIgniter\Debug\Exceptions->errorHandler(2, 'Undefined variable $data', '/var/www/eazyhosting.in/public_html/api/app/Controllers/Cart.php', 500)
 2 SYSTEMPATH/CodeIgniter.php(941): App\Controllers\Cart->auctiongardenlist()
 3 SYSTEMPATH/CodeIgniter.php(502): CodeIgniter\CodeIgniter->runController(Object(App\Controllers\Cart))
 4 SYSTEMPATH/CodeIgniter.php(361): CodeIgniter\CodeIgniter->handleRequest(null, Object(Config\Cache), false)
 5 FCPATH/index.php(79): CodeIgniter\CodeIgniter->run()
CRITICAL - 2024-06-10 11:16:03 --> ErrorException: foreach() argument must be of type array|object, null given
in APPPATH/Controllers/Cart.php on line 476.
 1 APPPATH/Controllers/Cart.php(476): CodeIgniter\Debug\Exceptions->errorHandler(2, 'foreach() argument must be of type array|object, null given', '/var/www/eazyhosting.in/public_html/api/app/Controllers/Cart.php', 476)
 2 SYSTEMPATH/CodeIgniter.php(941): App\Controllers\Cart->auctiongardenlist()
 3 SYSTEMPATH/CodeIgniter.php(502): CodeIgniter\CodeIgniter->runController(Object(App\Controllers\Cart))
 4 SYSTEMPATH/CodeIgniter.php(361): CodeIgniter\CodeIgniter->handleRequest(null, Object(Config\Cache), false)
 5 FCPATH/index.php(79): CodeIgniter\CodeIgniter->run()
CRITICAL - 2024-06-10 11:18:01 --> ErrorException: foreach() argument must be of type array|object, null given
in APPPATH/Controllers/Cart.php on line 476.
 1 APPPATH/Controllers/Cart.php(476): CodeIgniter\Debug\Exceptions->errorHandler(2, 'foreach() argument must be of type array|object, null given', '/var/www/eazyhosting.in/public_html/api/app/Controllers/Cart.php', 476)
 2 SYSTEMPATH/CodeIgniter.php(941): App\Controllers\Cart->auctiongardenlist()
 3 SYSTEMPATH/CodeIgniter.php(502): CodeIgniter\CodeIgniter->runController(Object(App\Controllers\Cart))
 4 SYSTEMPATH/CodeIgniter.php(361): CodeIgniter\CodeIgniter->handleRequest(null, Object(Config\Cache), false)
 5 FCPATH/index.php(79): CodeIgniter\CodeIgniter->run()
CRITICAL - 2024-06-10 11:18:19 --> ErrorException: foreach() argument must be of type array|object, null given
in APPPATH/Controllers/Cart.php on line 476.
 1 APPPATH/Controllers/Cart.php(476): CodeIgniter\Debug\Exceptions->errorHandler(2, 'foreach() argument must be of type array|object, null given', '/var/www/eazyhosting.in/public_html/api/app/Controllers/Cart.php', 476)
 2 SYSTEMPATH/CodeIgniter.php(941): App\Controllers\Cart->auctiongardenlist()
 3 SYSTEMPATH/CodeIgniter.php(502): CodeIgniter\CodeIgniter->runController(Object(App\Controllers\Cart))
 4 SYSTEMPATH/CodeIgniter.php(361): CodeIgniter\CodeIgniter->handleRequest(null, Object(Config\Cache), false)
 5 FCPATH/index.php(79): CodeIgniter\CodeIgniter->run()
CRITICAL - 2024-06-10 11:18:50 --> ErrorException: foreach() argument must be of type array|object, null given
in APPPATH/Controllers/Cart.php on line 476.
 1 APPPATH/Controllers/Cart.php(476): CodeIgniter\Debug\Exceptions->errorHandler(2, 'foreach() argument must be of type array|object, null given', '/var/www/eazyhosting.in/public_html/api/app/Controllers/Cart.php', 476)
 2 SYSTEMPATH/CodeIgniter.php(941): App\Controllers\Cart->auctiongardenlist()
 3 SYSTEMPATH/CodeIgniter.php(502): CodeIgniter\CodeIgniter->runController(Object(App\Controllers\Cart))
 4 SYSTEMPATH/CodeIgniter.php(361): CodeIgniter\CodeIgniter->handleRequest(null, Object(Config\Cache), false)
 5 FCPATH/index.php(79): CodeIgniter\CodeIgniter->run()
CRITICAL - 2024-06-10 13:03:14 --> ErrorException: Undefined variable $data
in APPPATH/Controllers/Cart.php on line 500.
 1 APPPATH/Controllers/Cart.php(500): CodeIgniter\Debug\Exceptions->errorHandler(2, 'Undefined variable $data', '/var/www/eazyhosting.in/public_html/api/app/Controllers/Cart.php', 500)
 2 SYSTEMPATH/CodeIgniter.php(941): App\Controllers\Cart->auctiongardenlist()
 3 SYSTEMPATH/CodeIgniter.php(502): CodeIgniter\CodeIgniter->runController(Object(App\Controllers\Cart))
 4 SYSTEMPATH/CodeIgniter.php(361): CodeIgniter\CodeIgniter->handleRequest(null, Object(Config\Cache), false)
 5 FCPATH/index.php(79): CodeIgniter\CodeIgniter->run()
CRITICAL - 2024-06-10 13:03:33 --> ErrorException: Undefined variable $data
in APPPATH/Controllers/Cart.php on line 500.
 1 APPPATH/Controllers/Cart.php(500): CodeIgniter\Debug\Exceptions->errorHandler(2, 'Undefined variable $data', '/var/www/eazyhosting.in/public_html/api/app/Controllers/Cart.php', 500)
 2 SYSTEMPATH/CodeIgniter.php(941): App\Controllers\Cart->auctiongardenlist()
 3 SYSTEMPATH/CodeIgniter.php(502): CodeIgniter\CodeIgniter->runController(Object(App\Controllers\Cart))
 4 SYSTEMPATH/CodeIgniter.php(361): CodeIgniter\CodeIgniter->handleRequest(null, Object(Config\Cache), false)
 5 FCPATH/index.php(79): CodeIgniter\CodeIgniter->run()
CRITICAL - 2024-06-10 13:03:38 --> ErrorException: Undefined variable $data
in APPPATH/Controllers/Cart.php on line 500.
 1 APPPATH/Controllers/Cart.php(500): CodeIgniter\Debug\Exceptions->errorHandler(2, 'Undefined variable $data', '/var/www/eazyhosting.in/public_html/api/app/Controllers/Cart.php', 500)
 2 SYSTEMPATH/CodeIgniter.php(941): App\Controllers\Cart->auctiongardenlist()
 3 SYSTEMPATH/CodeIgniter.php(502): CodeIgniter\CodeIgniter->runController(Object(App\Controllers\Cart))
 4 SYSTEMPATH/CodeIgniter.php(361): CodeIgniter\CodeIgniter->handleRequest(null, Object(Config\Cache), false)
 5 FCPATH/index.php(79): CodeIgniter\CodeIgniter->run()
CRITICAL - 2024-06-10 13:03:38 --> ErrorException: foreach() argument must be of type array|object, null given
in APPPATH/Controllers/Cart.php on line 476.
 1 APPPATH/Controllers/Cart.php(476): CodeIgniter\Debug\Exceptions->errorHandler(2, 'foreach() argument must be of type array|object, null given', '/var/www/eazyhosting.in/public_html/api/app/Controllers/Cart.php', 476)
 2 SYSTEMPATH/CodeIgniter.php(941): App\Controllers\Cart->auctiongardenlist()
 3 SYSTEMPATH/CodeIgniter.php(502): CodeIgniter\CodeIgniter->runController(Object(App\Controllers\Cart))
 4 SYSTEMPATH/CodeIgniter.php(361): CodeIgniter\CodeIgniter->handleRequest(null, Object(Config\Cache), false)
 5 FCPATH/index.php(79): CodeIgniter\CodeIgniter->run()
CRITICAL - 2024-06-10 13:04:21 --> ErrorException: Undefined variable $data
in APPPATH/Controllers/Cart.php on line 500.
 1 APPPATH/Controllers/Cart.php(500): CodeIgniter\Debug\Exceptions->errorHandler(2, 'Undefined variable $data', '/var/www/eazyhosting.in/public_html/api/app/Controllers/Cart.php', 500)
 2 SYSTEMPATH/CodeIgniter.php(941): App\Controllers\Cart->auctiongardenlist()
 3 SYSTEMPATH/CodeIgniter.php(502): CodeIgniter\CodeIgniter->runController(Object(App\Controllers\Cart))
 4 SYSTEMPATH/CodeIgniter.php(361): CodeIgniter\CodeIgniter->handleRequest(null, Object(Config\Cache), false)
 5 FCPATH/index.php(79): CodeIgniter\CodeIgniter->run()
CRITICAL - 2024-06-10 13:04:43 --> ErrorException: Undefined variable $data
in APPPATH/Controllers/Cart.php on line 500.
 1 APPPATH/Controllers/Cart.php(500): CodeIgniter\Debug\Exceptions->errorHandler(2, 'Undefined variable $data', '/var/www/eazyhosting.in/public_html/api/app/Controllers/Cart.php', 500)
 2 SYSTEMPATH/CodeIgniter.php(941): App\Controllers\Cart->auctiongardenlist()
 3 SYSTEMPATH/CodeIgniter.php(502): CodeIgniter\CodeIgniter->runController(Object(App\Controllers\Cart))
 4 SYSTEMPATH/CodeIgniter.php(361): CodeIgniter\CodeIgniter->handleRequest(null, Object(Config\Cache), false)
 5 FCPATH/index.php(79): CodeIgniter\CodeIgniter->run()
CRITICAL - 2024-06-10 15:49:20 --> ErrorException: Undefined variable $data
in APPPATH/Controllers/Cart.php on line 500.
 1 APPPATH/Controllers/Cart.php(500): CodeIgniter\Debug\Exceptions->errorHandler(2, 'Undefined variable $data', '/var/www/eazyhosting.in/public_html/api/app/Controllers/Cart.php', 500)
 2 SYSTEMPATH/CodeIgniter.php(941): App\Controllers\Cart->auctiongardenlist()
 3 SYSTEMPATH/CodeIgniter.php(502): CodeIgniter\CodeIgniter->runController(Object(App\Controllers\Cart))
 4 SYSTEMPATH/CodeIgniter.php(361): CodeIgniter\CodeIgniter->handleRequest(null, Object(Config\Cache), false)
 5 FCPATH/index.php(79): CodeIgniter\CodeIgniter->run()
CRITICAL - 2024-06-10 15:50:55 --> ErrorException: Undefined variable $data
in APPPATH/Controllers/Cart.php on line 500.
 1 APPPATH/Controllers/Cart.php(500): CodeIgniter\Debug\Exceptions->errorHandler(2, 'Undefined variable $data', '/var/www/eazyhosting.in/public_html/api/app/Controllers/Cart.php', 500)
 2 SYSTEMPATH/CodeIgniter.php(941): App\Controllers\Cart->auctiongardenlist()
 3 SYSTEMPATH/CodeIgniter.php(502): CodeIgniter\CodeIgniter->runController(Object(App\Controllers\Cart))
 4 SYSTEMPATH/CodeIgniter.php(361): CodeIgniter\CodeIgniter->handleRequest(null, Object(Config\Cache), false)
 5 FCPATH/index.php(79): CodeIgniter\CodeIgniter->run()
CRITICAL - 2024-06-10 15:51:36 --> ErrorException: foreach() argument must be of type array|object, null given
in APPPATH/Controllers/Cart.php on line 476.
 1 APPPATH/Controllers/Cart.php(476): CodeIgniter\Debug\Exceptions->errorHandler(2, 'foreach() argument must be of type array|object, null given', '/var/www/eazyhosting.in/public_html/api/app/Controllers/Cart.php', 476)
 2 SYSTEMPATH/CodeIgniter.php(941): App\Controllers\Cart->auctiongardenlist()
 3 SYSTEMPATH/CodeIgniter.php(502): CodeIgniter\CodeIgniter->runController(Object(App\Controllers\Cart))
 4 SYSTEMPATH/CodeIgniter.php(361): CodeIgniter\CodeIgniter->handleRequest(null, Object(Config\Cache), false)
 5 FCPATH/index.php(79): CodeIgniter\CodeIgniter->run()
