ERROR - 2024-05-14 13:03:55 --> mysqli_sql_exception: Unknown column 'bid_price' in 'where clause' in F:\xampp\htdocs\oams_staging\api\system\Database\MySQLi\Connection.php:306
Stack trace:
#0 F:\xampp\htdocs\oams_staging\api\system\Database\MySQLi\Connection.php(306): mysqli->query('SELECT `auction...', 0)
#1 F:\xampp\htdocs\oams_staging\api\system\Database\BaseConnection.php(693): CodeIgniter\Database\MySQLi\Connection->execute('SELECT `auction...')
#2 F:\xampp\htdocs\oams_staging\api\system\Database\BaseConnection.php(607): CodeIgniter\Database\BaseConnection->simpleQuery('SELECT `auction...')
#3 F:\xampp\htdocs\oams_staging\api\system\Database\BaseBuilder.php(1616): CodeIgniter\Database\BaseConnection->query('SELECT `auction...', Array, false)
#4 F:\xampp\htdocs\oams_staging\api\system\Model.php(242): CodeIgniter\Database\BaseBuilder->get()
#5 F:\xampp\htdocs\oams_staging\api\system\BaseModel.php(638): CodeIgniter\Model->doFindAll(0, 0)
#6 F:\xampp\htdocs\oams_staging\api\app\Controllers\BuyerDashboard.php(255): CodeIgniter\BaseModel->findAll()
#7 F:\xampp\htdocs\oams_staging\api\system\CodeIgniter.php(941): App\Controllers\BuyerDashboard->getmyBidbookByAuction('4', '2')
#8 F:\xampp\htdocs\oams_staging\api\system\CodeIgniter.php(502): CodeIgniter\CodeIgniter->runController(Object(App\Controllers\BuyerDashboard))
#9 F:\xampp\htdocs\oams_staging\api\system\CodeIgniter.php(361): CodeIgniter\CodeIgniter->handleRequest(NULL, Object(Config\Cache), false)
#10 F:\xampp\htdocs\oams_staging\api\public\index.php(79): CodeIgniter\CodeIgniter->run()
#11 {main}
CRITICAL - 2024-05-14 13:03:55 --> CodeIgniter\Database\Exceptions\DatabaseException: Unknown column 'bid_price' in 'where clause'
in SYSTEMPATH\Database\BaseConnection.php on line 647.
 1 SYSTEMPATH\Database\BaseBuilder.php(1616): CodeIgniter\Database\BaseConnection->query('SELECT `auction_items`.*, `inward_items`.`weight_net`, `inward_items`.`total_net`, `grade`.`name` AS `gradename`, `garden`.`name` AS `gardenname`, `inward_items`.`bag_type`, (SELECT MAX(bid_price) FROM auction_biddings WHERE auction_biddings.auction_item_id = auction_items.id) AS bid_price
FROM `auction_items`
LEFT JOIN `inward_items` ON `inward_items`.`id` = `auction_items`.`inward_item_id`
LEFT JOIN `inward` ON `inward_items`.`inward_id` = `inward`.`id`
LEFT JOIN `garden` ON `inward`.`garden_id` = `garden`.`id`
LEFT JOIN `grade` ON `grade`.`id` = `inward_items`.`grade_id`
WHERE `auction_items`.`auction_id` = :auction_items.auction_id:
AND (SELECT MAX(bid_price) FROM auction_biddings WHERE auction_biddings.auction_item_id = `auction_items`.`id` AND auction_biddings.buyer_id = 2) = bid_price', [...], false)
 2 SYSTEMPATH\Model.php(242): CodeIgniter\Database\BaseBuilder->get()
 3 SYSTEMPATH\BaseModel.php(638): CodeIgniter\Model->doFindAll(0, 0)
 4 APPPATH\Controllers\BuyerDashboard.php(255): CodeIgniter\BaseModel->findAll()
 5 SYSTEMPATH\CodeIgniter.php(941): App\Controllers\BuyerDashboard->getmyBidbookByAuction('4', '2')
 6 SYSTEMPATH\CodeIgniter.php(502): CodeIgniter\CodeIgniter->runController(Object(App\Controllers\BuyerDashboard))
 7 SYSTEMPATH\CodeIgniter.php(361): CodeIgniter\CodeIgniter->handleRequest(null, Object(Config\Cache), false)
 8 FCPATH\index.php(79): CodeIgniter\CodeIgniter->run()
CRITICAL - 2024-05-14 13:03:55 --> [Caused by] CodeIgniter\Database\Exceptions\DatabaseException: Unknown column 'bid_price' in 'where clause'
in SYSTEMPATH\Database\MySQLi\Connection.php on line 311.
 1 SYSTEMPATH\Database\BaseConnection.php(693): CodeIgniter\Database\MySQLi\Connection->execute('SELECT `auction_items`.*, `inward_items`.`weight_net`, `inward_items`.`total_net`, `grade`.`name` AS `gradename`, `garden`.`name` AS `gardenname`, `inward_items`.`bag_type`, (SELECT MAX(bid_price) FROM auction_biddings WHERE auction_biddings.auction_item_id = auction_items.id) AS bid_price
FROM `auction_items`
LEFT JOIN `inward_items` ON `inward_items`.`id` = `auction_items`.`inward_item_id`
LEFT JOIN `inward` ON `inward_items`.`inward_id` = `inward`.`id`
LEFT JOIN `garden` ON `inward`.`garden_id` = `garden`.`id`
LEFT JOIN `grade` ON `grade`.`id` = `inward_items`.`grade_id`
WHERE `auction_items`.`auction_id` = \'4\'
AND (SELECT MAX(bid_price) FROM auction_biddings WHERE auction_biddings.auction_item_id = `auction_items`.`id` AND auction_biddings.buyer_id = 2) = bid_price')
 2 SYSTEMPATH\Database\BaseConnection.php(607): CodeIgniter\Database\BaseConnection->simpleQuery('SELECT `auction_items`.*, `inward_items`.`weight_net`, `inward_items`.`total_net`, `grade`.`name` AS `gradename`, `garden`.`name` AS `gardenname`, `inward_items`.`bag_type`, (SELECT MAX(bid_price) FROM auction_biddings WHERE auction_biddings.auction_item_id = auction_items.id) AS bid_price
FROM `auction_items`
LEFT JOIN `inward_items` ON `inward_items`.`id` = `auction_items`.`inward_item_id`
LEFT JOIN `inward` ON `inward_items`.`inward_id` = `inward`.`id`
LEFT JOIN `garden` ON `inward`.`garden_id` = `garden`.`id`
LEFT JOIN `grade` ON `grade`.`id` = `inward_items`.`grade_id`
WHERE `auction_items`.`auction_id` = \'4\'
AND (SELECT MAX(bid_price) FROM auction_biddings WHERE auction_biddings.auction_item_id = `auction_items`.`id` AND auction_biddings.buyer_id = 2) = bid_price')
 3 SYSTEMPATH\Database\BaseBuilder.php(1616): CodeIgniter\Database\BaseConnection->query('SELECT `auction_items`.*, `inward_items`.`weight_net`, `inward_items`.`total_net`, `grade`.`name` AS `gradename`, `garden`.`name` AS `gardenname`, `inward_items`.`bag_type`, (SELECT MAX(bid_price) FROM auction_biddings WHERE auction_biddings.auction_item_id = auction_items.id) AS bid_price
FROM `auction_items`
LEFT JOIN `inward_items` ON `inward_items`.`id` = `auction_items`.`inward_item_id`
LEFT JOIN `inward` ON `inward_items`.`inward_id` = `inward`.`id`
LEFT JOIN `garden` ON `inward`.`garden_id` = `garden`.`id`
LEFT JOIN `grade` ON `grade`.`id` = `inward_items`.`grade_id`
WHERE `auction_items`.`auction_id` = :auction_items.auction_id:
AND (SELECT MAX(bid_price) FROM auction_biddings WHERE auction_biddings.auction_item_id = `auction_items`.`id` AND auction_biddings.buyer_id = 2) = bid_price', [...], false)
 4 SYSTEMPATH\Model.php(242): CodeIgniter\Database\BaseBuilder->get()
 5 SYSTEMPATH\BaseModel.php(638): CodeIgniter\Model->doFindAll(0, 0)
 6 APPPATH\Controllers\BuyerDashboard.php(255): CodeIgniter\BaseModel->findAll()
 7 SYSTEMPATH\CodeIgniter.php(941): App\Controllers\BuyerDashboard->getmyBidbookByAuction('4', '2')
 8 SYSTEMPATH\CodeIgniter.php(502): CodeIgniter\CodeIgniter->runController(Object(App\Controllers\BuyerDashboard))
 9 SYSTEMPATH\CodeIgniter.php(361): CodeIgniter\CodeIgniter->handleRequest(null, Object(Config\Cache), false)
10 FCPATH\index.php(79): CodeIgniter\CodeIgniter->run()
CRITICAL - 2024-05-14 13:03:55 --> [Caused by] mysqli_sql_exception: Unknown column 'bid_price' in 'where clause'
in SYSTEMPATH\Database\MySQLi\Connection.php on line 306.
 1 SYSTEMPATH\Database\MySQLi\Connection.php(306): mysqli->query('SELECT `auction_items`.*, `inward_items`.`weight_net`, `inward_items`.`total_net`, `grade`.`name` AS `gradename`, `garden`.`name` AS `gardenname`, `inward_items`.`bag_type`, (SELECT MAX(bid_price) FROM auction_biddings WHERE auction_biddings.auction_item_id = auction_items.id) AS bid_price
FROM `auction_items`
LEFT JOIN `inward_items` ON `inward_items`.`id` = `auction_items`.`inward_item_id`
LEFT JOIN `inward` ON `inward_items`.`inward_id` = `inward`.`id`
LEFT JOIN `garden` ON `inward`.`garden_id` = `garden`.`id`
LEFT JOIN `grade` ON `grade`.`id` = `inward_items`.`grade_id`
WHERE `auction_items`.`auction_id` = \'4\'
AND (SELECT MAX(bid_price) FROM auction_biddings WHERE auction_biddings.auction_item_id = `auction_items`.`id` AND auction_biddings.buyer_id = 2) = bid_price', 0)
 2 SYSTEMPATH\Database\BaseConnection.php(693): CodeIgniter\Database\MySQLi\Connection->execute('SELECT `auction_items`.*, `inward_items`.`weight_net`, `inward_items`.`total_net`, `grade`.`name` AS `gradename`, `garden`.`name` AS `gardenname`, `inward_items`.`bag_type`, (SELECT MAX(bid_price) FROM auction_biddings WHERE auction_biddings.auction_item_id = auction_items.id) AS bid_price
FROM `auction_items`
LEFT JOIN `inward_items` ON `inward_items`.`id` = `auction_items`.`inward_item_id`
LEFT JOIN `inward` ON `inward_items`.`inward_id` = `inward`.`id`
LEFT JOIN `garden` ON `inward`.`garden_id` = `garden`.`id`
LEFT JOIN `grade` ON `grade`.`id` = `inward_items`.`grade_id`
WHERE `auction_items`.`auction_id` = \'4\'
AND (SELECT MAX(bid_price) FROM auction_biddings WHERE auction_biddings.auction_item_id = `auction_items`.`id` AND auction_biddings.buyer_id = 2) = bid_price')
 3 SYSTEMPATH\Database\BaseConnection.php(607): CodeIgniter\Database\BaseConnection->simpleQuery('SELECT `auction_items`.*, `inward_items`.`weight_net`, `inward_items`.`total_net`, `grade`.`name` AS `gradename`, `garden`.`name` AS `gardenname`, `inward_items`.`bag_type`, (SELECT MAX(bid_price) FROM auction_biddings WHERE auction_biddings.auction_item_id = auction_items.id) AS bid_price
FROM `auction_items`
LEFT JOIN `inward_items` ON `inward_items`.`id` = `auction_items`.`inward_item_id`
LEFT JOIN `inward` ON `inward_items`.`inward_id` = `inward`.`id`
LEFT JOIN `garden` ON `inward`.`garden_id` = `garden`.`id`
LEFT JOIN `grade` ON `grade`.`id` = `inward_items`.`grade_id`
WHERE `auction_items`.`auction_id` = \'4\'
AND (SELECT MAX(bid_price) FROM auction_biddings WHERE auction_biddings.auction_item_id = `auction_items`.`id` AND auction_biddings.buyer_id = 2) = bid_price')
 4 SYSTEMPATH\Database\BaseBuilder.php(1616): CodeIgniter\Database\BaseConnection->query('SELECT `auction_items`.*, `inward_items`.`weight_net`, `inward_items`.`total_net`, `grade`.`name` AS `gradename`, `garden`.`name` AS `gardenname`, `inward_items`.`bag_type`, (SELECT MAX(bid_price) FROM auction_biddings WHERE auction_biddings.auction_item_id = auction_items.id) AS bid_price
FROM `auction_items`
LEFT JOIN `inward_items` ON `inward_items`.`id` = `auction_items`.`inward_item_id`
LEFT JOIN `inward` ON `inward_items`.`inward_id` = `inward`.`id`
LEFT JOIN `garden` ON `inward`.`garden_id` = `garden`.`id`
LEFT JOIN `grade` ON `grade`.`id` = `inward_items`.`grade_id`
WHERE `auction_items`.`auction_id` = :auction_items.auction_id:
AND (SELECT MAX(bid_price) FROM auction_biddings WHERE auction_biddings.auction_item_id = `auction_items`.`id` AND auction_biddings.buyer_id = 2) = bid_price', [...], false)
 5 SYSTEMPATH\Model.php(242): CodeIgniter\Database\BaseBuilder->get()
 6 SYSTEMPATH\BaseModel.php(638): CodeIgniter\Model->doFindAll(0, 0)
 7 APPPATH\Controllers\BuyerDashboard.php(255): CodeIgniter\BaseModel->findAll()
 8 SYSTEMPATH\CodeIgniter.php(941): App\Controllers\BuyerDashboard->getmyBidbookByAuction('4', '2')
 9 SYSTEMPATH\CodeIgniter.php(502): CodeIgniter\CodeIgniter->runController(Object(App\Controllers\BuyerDashboard))
10 SYSTEMPATH\CodeIgniter.php(361): CodeIgniter\CodeIgniter->handleRequest(null, Object(Config\Cache), false)
11 FCPATH\index.php(79): CodeIgniter\CodeIgniter->run()
CRITICAL - 2024-05-14 19:05:34 --> ErrorException: Undefined variable $data
in APPPATH\Controllers\Cart.php on line 494.
 1 APPPATH\Controllers\Cart.php(494): CodeIgniter\Debug\Exceptions->errorHandler(2, 'Undefined variable $data', 'F:\\xampp\\htdocs\\oams_staging\\api\\app\\Controllers\\Cart.php', 494)
 2 SYSTEMPATH\CodeIgniter.php(941): App\Controllers\Cart->auctiongardenlist()
 3 SYSTEMPATH\CodeIgniter.php(502): CodeIgniter\CodeIgniter->runController(Object(App\Controllers\Cart))
 4 SYSTEMPATH\CodeIgniter.php(361): CodeIgniter\CodeIgniter->handleRequest(null, Object(Config\Cache), false)
 5 FCPATH\index.php(79): CodeIgniter\CodeIgniter->run()
CRITICAL - 2024-05-14 19:05:37 --> ErrorException: Undefined variable $data
in APPPATH\Controllers\Cart.php on line 494.
 1 APPPATH\Controllers\Cart.php(494): CodeIgniter\Debug\Exceptions->errorHandler(2, 'Undefined variable $data', 'F:\\xampp\\htdocs\\oams_staging\\api\\app\\Controllers\\Cart.php', 494)
 2 SYSTEMPATH\CodeIgniter.php(941): App\Controllers\Cart->auctiongardenlist()
 3 SYSTEMPATH\CodeIgniter.php(502): CodeIgniter\CodeIgniter->runController(Object(App\Controllers\Cart))
 4 SYSTEMPATH\CodeIgniter.php(361): CodeIgniter\CodeIgniter->handleRequest(null, Object(Config\Cache), false)
 5 FCPATH\index.php(79): CodeIgniter\CodeIgniter->run()
CRITICAL - 2024-05-14 23:55:28 --> ErrorException: Undefined variable $data
in APPPATH\Controllers\Cart.php on line 494.
 1 APPPATH\Controllers\Cart.php(494): CodeIgniter\Debug\Exceptions->errorHandler(2, 'Undefined variable $data', 'F:\\xampp\\htdocs\\oams_staging\\api\\app\\Controllers\\Cart.php', 494)
 2 SYSTEMPATH\CodeIgniter.php(941): App\Controllers\Cart->auctiongardenlist()
 3 SYSTEMPATH\CodeIgniter.php(502): CodeIgniter\CodeIgniter->runController(Object(App\Controllers\Cart))
 4 SYSTEMPATH\CodeIgniter.php(361): CodeIgniter\CodeIgniter->handleRequest(null, Object(Config\Cache), false)
 5 FCPATH\index.php(79): CodeIgniter\CodeIgniter->run()
CRITICAL - 2024-05-14 23:55:32 --> ErrorException: Undefined variable $data
in APPPATH\Controllers\Cart.php on line 494.
 1 APPPATH\Controllers\Cart.php(494): CodeIgniter\Debug\Exceptions->errorHandler(2, 'Undefined variable $data', 'F:\\xampp\\htdocs\\oams_staging\\api\\app\\Controllers\\Cart.php', 494)
 2 SYSTEMPATH\CodeIgniter.php(941): App\Controllers\Cart->auctiongardenlist()
 3 SYSTEMPATH\CodeIgniter.php(502): CodeIgniter\CodeIgniter->runController(Object(App\Controllers\Cart))
 4 SYSTEMPATH\CodeIgniter.php(361): CodeIgniter\CodeIgniter->handleRequest(null, Object(Config\Cache), false)
 5 FCPATH\index.php(79): CodeIgniter\CodeIgniter->run()
CRITICAL - 2024-05-14 23:56:26 --> ErrorException: foreach() argument must be of type array|object, null given
in APPPATH\Controllers\Cart.php on line 470.
 1 APPPATH\Controllers\Cart.php(470): CodeIgniter\Debug\Exceptions->errorHandler(2, 'foreach() argument must be of type array|object, null given', 'F:\\xampp\\htdocs\\oams_staging\\api\\app\\Controllers\\Cart.php', 470)
 2 SYSTEMPATH\CodeIgniter.php(941): App\Controllers\Cart->auctiongardenlist()
 3 SYSTEMPATH\CodeIgniter.php(502): CodeIgniter\CodeIgniter->runController(Object(App\Controllers\Cart))
 4 SYSTEMPATH\CodeIgniter.php(361): CodeIgniter\CodeIgniter->handleRequest(null, Object(Config\Cache), false)
 5 FCPATH\index.php(79): CodeIgniter\CodeIgniter->run()
