CRITICAL - 2024-06-01 11:14:04 --> ErrorException: Undefined variable $data
in APPPATH/Controllers/Cart.php on line 500.
 1 APPPATH/Controllers/Cart.php(500): CodeIgniter\Debug\Exceptions->errorHandler(2, 'Undefined variable $data', '/var/www/eazyhosting.in/public_html/api/app/Controllers/Cart.php', 500)
 2 SYSTEMPATH/CodeIgniter.php(941): App\Controllers\Cart->auctiongardenlist()
 3 SYSTEMPATH/CodeIgniter.php(502): CodeIgniter\CodeIgniter->runController(Object(App\Controllers\Cart))
 4 SYSTEMPATH/CodeIgniter.php(361): CodeIgniter\CodeIgniter->handleRequest(null, Object(Config\Cache), false)
 5 FCPATH/index.php(79): CodeIgniter\CodeIgniter->run()
CRITICAL - 2024-06-01 11:20:31 --> ErrorException: Undefined variable $data
in APPPATH/Controllers/Cart.php on line 500.
 1 APPPATH/Controllers/Cart.php(500): CodeIgniter\Debug\Exceptions->errorHandler(2, 'Undefined variable $data', '/var/www/eazyhosting.in/public_html/api/app/Controllers/Cart.php', 500)
 2 SYSTEMPATH/CodeIgniter.php(941): App\Controllers\Cart->auctiongardenlist()
 3 SYSTEMPATH/CodeIgniter.php(502): CodeIgniter\CodeIgniter->runController(Object(App\Controllers\Cart))
 4 SYSTEMPATH/CodeIgniter.php(361): CodeIgniter\CodeIgniter->handleRequest(null, Object(Config\Cache), false)
 5 FCPATH/index.php(79): CodeIgniter\CodeIgniter->run()
CRITICAL - 2024-06-01 11:54:01 --> ErrorException: Undefined array key 0
in APPPATH/Controllers/BuyerDashboard.php on line 353.
 1 APPPATH/Controllers/BuyerDashboard.php(353): CodeIgniter\Debug\Exceptions->errorHandler(2, 'Undefined array key 0', '/var/www/eazyhosting.in/public_html/api/app/Controllers/BuyerDashboard.php', 353)
 2 SYSTEMPATH/CodeIgniter.php(941): App\Controllers\BuyerDashboard->getAuctionItemsByAuction('3', '3')
 3 SYSTEMPATH/CodeIgniter.php(502): CodeIgniter\CodeIgniter->runController(Object(App\Controllers\BuyerDashboard))
 4 SYSTEMPATH/CodeIgniter.php(361): CodeIgniter\CodeIgniter->handleRequest(null, Object(Config\Cache), false)
 5 FCPATH/index.php(79): CodeIgniter\CodeIgniter->run()
CRITICAL - 2024-06-01 17:04:10 --> Error: Class "App\Models\DeliveryManagementModel" not found
in APPPATH/Controllers/Deliverymanagement.php on line 143.
 1 SYSTEMPATH/CodeIgniter.php(941): App\Controllers\Deliverymanagement->history()
 2 SYSTEMPATH/CodeIgniter.php(502): CodeIgniter\CodeIgniter->runController(Object(App\Controllers\Deliverymanagement))
 3 SYSTEMPATH/CodeIgniter.php(361): CodeIgniter\CodeIgniter->handleRequest(null, Object(Config\Cache), false)
 4 FCPATH/index.php(79): CodeIgniter\CodeIgniter->run()
CRITICAL - 2024-06-01 18:03:37 --> Error: Class "App\Models\DeliveryManagementModel" not found
in APPPATH/Controllers/Deliverymanagement.php on line 143.
 1 SYSTEMPATH/CodeIgniter.php(941): App\Controllers\Deliverymanagement->history()
 2 SYSTEMPATH/CodeIgniter.php(502): CodeIgniter\CodeIgniter->runController(Object(App\Controllers\Deliverymanagement))
 3 SYSTEMPATH/CodeIgniter.php(361): CodeIgniter\CodeIgniter->handleRequest(null, Object(Config\Cache), false)
 4 FCPATH/index.php(79): CodeIgniter\CodeIgniter->run()
CRITICAL - 2024-06-01 18:03:47 --> Error: Class "App\Models\DeliveryManagementModel" not found
in APPPATH/Controllers/Deliverymanagement.php on line 83.
 1 SYSTEMPATH/CodeIgniter.php(941): App\Controllers\Deliverymanagement->updateStock()
 2 SYSTEMPATH/CodeIgniter.php(502): CodeIgniter\CodeIgniter->runController(Object(App\Controllers\Deliverymanagement))
 3 SYSTEMPATH/CodeIgniter.php(361): CodeIgniter\CodeIgniter->handleRequest(null, Object(Config\Cache), false)
 4 FCPATH/index.php(79): CodeIgniter\CodeIgniter->run()
CRITICAL - 2024-06-01 18:03:50 --> Error: Class "App\Models\DeliveryManagementModel" not found
in APPPATH/Controllers/Deliverymanagement.php on line 143.
 1 SYSTEMPATH/CodeIgniter.php(941): App\Controllers\Deliverymanagement->history()
 2 SYSTEMPATH/CodeIgniter.php(502): CodeIgniter\CodeIgniter->runController(Object(App\Controllers\Deliverymanagement))
 3 SYSTEMPATH/CodeIgniter.php(361): CodeIgniter\CodeIgniter->handleRequest(null, Object(Config\Cache), false)
 4 FCPATH/index.php(79): CodeIgniter\CodeIgniter->run()
CRITICAL - 2024-06-01 18:04:17 --> Error: Class "App\Models\DeliveryManagementModel" not found
in APPPATH/Controllers/Deliverymanagement.php on line 83.
 1 SYSTEMPATH/CodeIgniter.php(941): App\Controllers\Deliverymanagement->updateStock()
 2 SYSTEMPATH/CodeIgniter.php(502): CodeIgniter\CodeIgniter->runController(Object(App\Controllers\Deliverymanagement))
 3 SYSTEMPATH/CodeIgniter.php(361): CodeIgniter\CodeIgniter->handleRequest(null, Object(Config\Cache), false)
 4 FCPATH/index.php(79): CodeIgniter\CodeIgniter->run()
CRITICAL - 2024-06-01 18:04:20 --> Error: Class "App\Models\DeliveryManagementModel" not found
in APPPATH/Controllers/Deliverymanagement.php on line 143.
 1 SYSTEMPATH/CodeIgniter.php(941): App\Controllers\Deliverymanagement->history()
 2 SYSTEMPATH/CodeIgniter.php(502): CodeIgniter\CodeIgniter->runController(Object(App\Controllers\Deliverymanagement))
 3 SYSTEMPATH/CodeIgniter.php(361): CodeIgniter\CodeIgniter->handleRequest(null, Object(Config\Cache), false)
 4 FCPATH/index.php(79): CodeIgniter\CodeIgniter->run()
CRITICAL - 2024-06-01 18:06:40 --> Error: Class "App\Models\DeliveryManagementModel" not found
in APPPATH/Controllers/Deliverymanagement.php on line 143.
 1 SYSTEMPATH/CodeIgniter.php(941): App\Controllers\Deliverymanagement->history()
 2 SYSTEMPATH/CodeIgniter.php(502): CodeIgniter\CodeIgniter->runController(Object(App\Controllers\Deliverymanagement))
 3 SYSTEMPATH/CodeIgniter.php(361): CodeIgniter\CodeIgniter->handleRequest(null, Object(Config\Cache), false)
 4 FCPATH/index.php(79): CodeIgniter\CodeIgniter->run()
CRITICAL - 2024-06-01 18:06:47 --> Error: Class "App\Models\DeliveryManagementModel" not found
in APPPATH/Controllers/Deliverymanagement.php on line 83.
 1 SYSTEMPATH/CodeIgniter.php(941): App\Controllers\Deliverymanagement->updateStock()
 2 SYSTEMPATH/CodeIgniter.php(502): CodeIgniter\CodeIgniter->runController(Object(App\Controllers\Deliverymanagement))
 3 SYSTEMPATH/CodeIgniter.php(361): CodeIgniter\CodeIgniter->handleRequest(null, Object(Config\Cache), false)
 4 FCPATH/index.php(79): CodeIgniter\CodeIgniter->run()
CRITICAL - 2024-06-01 18:07:01 --> Error: Class "App\Models\DeliveryManagementModel" not found
in APPPATH/Controllers/Deliverymanagement.php on line 83.
 1 SYSTEMPATH/CodeIgniter.php(941): App\Controllers\Deliverymanagement->updateStock()
 2 SYSTEMPATH/CodeIgniter.php(502): CodeIgniter\CodeIgniter->runController(Object(App\Controllers\Deliverymanagement))
 3 SYSTEMPATH/CodeIgniter.php(361): CodeIgniter\CodeIgniter->handleRequest(null, Object(Config\Cache), false)
 4 FCPATH/index.php(79): CodeIgniter\CodeIgniter->run()
CRITICAL - 2024-06-01 18:07:03 --> Error: Class "App\Models\DeliveryManagementModel" not found
in APPPATH/Controllers/Deliverymanagement.php on line 143.
 1 SYSTEMPATH/CodeIgniter.php(941): App\Controllers\Deliverymanagement->history()
 2 SYSTEMPATH/CodeIgniter.php(502): CodeIgniter\CodeIgniter->runController(Object(App\Controllers\Deliverymanagement))
 3 SYSTEMPATH/CodeIgniter.php(361): CodeIgniter\CodeIgniter->handleRequest(null, Object(Config\Cache), false)
 4 FCPATH/index.php(79): CodeIgniter\CodeIgniter->run()
CRITICAL - 2024-06-01 18:07:06 --> Error: Class "App\Models\DeliveryManagementModel" not found
in APPPATH/Controllers/Deliverymanagement.php on line 143.
 1 SYSTEMPATH/CodeIgniter.php(941): App\Controllers\Deliverymanagement->history()
 2 SYSTEMPATH/CodeIgniter.php(502): CodeIgniter\CodeIgniter->runController(Object(App\Controllers\Deliverymanagement))
 3 SYSTEMPATH/CodeIgniter.php(361): CodeIgniter\CodeIgniter->handleRequest(null, Object(Config\Cache), false)
 4 FCPATH/index.php(79): CodeIgniter\CodeIgniter->run()
CRITICAL - 2024-06-01 18:07:06 --> Error: Class "App\Models\DeliveryManagementModel" not found
in APPPATH/Controllers/Deliverymanagement.php on line 83.
 1 SYSTEMPATH/CodeIgniter.php(941): App\Controllers\Deliverymanagement->updateStock()
 2 SYSTEMPATH/CodeIgniter.php(502): CodeIgniter\CodeIgniter->runController(Object(App\Controllers\Deliverymanagement))
 3 SYSTEMPATH/CodeIgniter.php(361): CodeIgniter\CodeIgniter->handleRequest(null, Object(Config\Cache), false)
 4 FCPATH/index.php(79): CodeIgniter\CodeIgniter->run()
CRITICAL - 2024-06-01 18:34:52 --> ErrorException: Undefined variable $data
in APPPATH/Controllers/Cart.php on line 500.
 1 APPPATH/Controllers/Cart.php(500): CodeIgniter\Debug\Exceptions->errorHandler(2, 'Undefined variable $data', '/var/www/eazyhosting.in/public_html/api/app/Controllers/Cart.php', 500)
 2 SYSTEMPATH/CodeIgniter.php(941): App\Controllers\Cart->auctiongardenlist()
 3 SYSTEMPATH/CodeIgniter.php(502): CodeIgniter\CodeIgniter->runController(Object(App\Controllers\Cart))
 4 SYSTEMPATH/CodeIgniter.php(361): CodeIgniter\CodeIgniter->handleRequest(null, Object(Config\Cache), false)
 5 FCPATH/index.php(79): CodeIgniter\CodeIgniter->run()
CRITICAL - 2024-06-01 18:46:38 --> ErrorException: Undefined array key 0
in APPPATH/Controllers/Auction.php on line 1751.
 1 APPPATH/Controllers/Auction.php(1751): CodeIgniter\Debug\Exceptions->errorHandler(2, 'Undefined array key 0', '/var/www/eazyhosting.in/public_html/api/app/Controllers/Auction.php', 1751)
 2 SYSTEMPATH/CodeIgniter.php(941): App\Controllers\Auction->getResesrveBidframe()
 3 SYSTEMPATH/CodeIgniter.php(502): CodeIgniter\CodeIgniter->runController(Object(App\Controllers\Auction))
 4 SYSTEMPATH/CodeIgniter.php(361): CodeIgniter\CodeIgniter->handleRequest(null, Object(Config\Cache), false)
 5 FCPATH/index.php(79): CodeIgniter\CodeIgniter->run()
CRITICAL - 2024-06-01 18:52:33 --> TypeError: count(): Argument #1 ($value) must be of type Countable|array, null given
in APPPATH/Controllers/Deliverymanagement.php on line 101.
 1 APPPATH/Controllers/Deliverymanagement.php(101): count(null)
 2 SYSTEMPATH/CodeIgniter.php(941): App\Controllers\Deliverymanagement->updateStock()
 3 SYSTEMPATH/CodeIgniter.php(502): CodeIgniter\CodeIgniter->runController(Object(App\Controllers\Deliverymanagement))
 4 SYSTEMPATH/CodeIgniter.php(361): CodeIgniter\CodeIgniter->handleRequest(null, Object(Config\Cache), false)
 5 FCPATH/index.php(79): CodeIgniter\CodeIgniter->run()
CRITICAL - 2024-06-01 18:54:36 --> TypeError: count(): Argument #1 ($value) must be of type Countable|array, null given
in APPPATH/Controllers/Deliverymanagement.php on line 101.
 1 APPPATH/Controllers/Deliverymanagement.php(101): count(null)
 2 SYSTEMPATH/CodeIgniter.php(941): App\Controllers\Deliverymanagement->updateStock()
 3 SYSTEMPATH/CodeIgniter.php(502): CodeIgniter\CodeIgniter->runController(Object(App\Controllers\Deliverymanagement))
 4 SYSTEMPATH/CodeIgniter.php(361): CodeIgniter\CodeIgniter->handleRequest(null, Object(Config\Cache), false)
 5 FCPATH/index.php(79): CodeIgniter\CodeIgniter->run()
CRITICAL - 2024-06-01 18:55:31 --> TypeError: count(): Argument #1 ($value) must be of type Countable|array, null given
in APPPATH/Controllers/Deliverymanagement.php on line 101.
 1 APPPATH/Controllers/Deliverymanagement.php(101): count(null)
 2 SYSTEMPATH/CodeIgniter.php(941): App\Controllers\Deliverymanagement->updateStock()
 3 SYSTEMPATH/CodeIgniter.php(502): CodeIgniter\CodeIgniter->runController(Object(App\Controllers\Deliverymanagement))
 4 SYSTEMPATH/CodeIgniter.php(361): CodeIgniter\CodeIgniter->handleRequest(null, Object(Config\Cache), false)
 5 FCPATH/index.php(79): CodeIgniter\CodeIgniter->run()
CRITICAL - 2024-06-01 18:56:32 --> TypeError: count(): Argument #1 ($value) must be of type Countable|array, null given
in APPPATH/Controllers/Deliverymanagement.php on line 101.
 1 APPPATH/Controllers/Deliverymanagement.php(101): count(null)
 2 SYSTEMPATH/CodeIgniter.php(941): App\Controllers\Deliverymanagement->updateStock()
 3 SYSTEMPATH/CodeIgniter.php(502): CodeIgniter\CodeIgniter->runController(Object(App\Controllers\Deliverymanagement))
 4 SYSTEMPATH/CodeIgniter.php(361): CodeIgniter\CodeIgniter->handleRequest(null, Object(Config\Cache), false)
 5 FCPATH/index.php(79): CodeIgniter\CodeIgniter->run()
CRITICAL - 2024-06-01 18:56:49 --> TypeError: count(): Argument #1 ($value) must be of type Countable|array, null given
in APPPATH/Controllers/Deliverymanagement.php on line 101.
 1 APPPATH/Controllers/Deliverymanagement.php(101): count(null)
 2 SYSTEMPATH/CodeIgniter.php(941): App\Controllers\Deliverymanagement->updateStock()
 3 SYSTEMPATH/CodeIgniter.php(502): CodeIgniter\CodeIgniter->runController(Object(App\Controllers\Deliverymanagement))
 4 SYSTEMPATH/CodeIgniter.php(361): CodeIgniter\CodeIgniter->handleRequest(null, Object(Config\Cache), false)
 5 FCPATH/index.php(79): CodeIgniter\CodeIgniter->run()
ERROR - 2024-06-01 20:48:40 --> mysqli_sql_exception: Unknown column 'stock' in 'where clause' in /var/www/eazyhosting.in/public_html/api/system/Database/MySQLi/Connection.php:306
Stack trace:
#0 /var/www/eazyhosting.in/public_html/api/system/Database/MySQLi/Connection.php(306): mysqli->query('SELECT `sold_st...', 0)
#1 /var/www/eazyhosting.in/public_html/api/system/Database/BaseConnection.php(693): CodeIgniter\Database\MySQLi\Connection->execute('SELECT `sold_st...')
#2 /var/www/eazyhosting.in/public_html/api/system/Database/BaseConnection.php(607): CodeIgniter\Database\BaseConnection->simpleQuery('SELECT `sold_st...')
#3 /var/www/eazyhosting.in/public_html/api/system/Database/BaseBuilder.php(1616): CodeIgniter\Database\BaseConnection->query('SELECT `sold_st...', Array, false)
#4 /var/www/eazyhosting.in/public_html/api/system/Model.php(242): CodeIgniter\Database\BaseBuilder->get()
#5 /var/www/eazyhosting.in/public_html/api/system/BaseModel.php(638): CodeIgniter\Model->doFindAll(0, 0)
#6 /var/www/eazyhosting.in/public_html/api/app/Controllers/SoldStock.php(61): CodeIgniter\BaseModel->findAll()
#7 /var/www/eazyhosting.in/public_html/api/system/CodeIgniter.php(941): App\Controllers\SoldStock->index()
#8 /var/www/eazyhosting.in/public_html/api/system/CodeIgniter.php(502): CodeIgniter\CodeIgniter->runController(Object(App\Controllers\SoldStock))
#9 /var/www/eazyhosting.in/public_html/api/system/CodeIgniter.php(361): CodeIgniter\CodeIgniter->handleRequest(NULL, Object(Config\Cache), false)
#10 /var/www/eazyhosting.in/public_html/api/public/index.php(79): CodeIgniter\CodeIgniter->run()
#11 {main}
CRITICAL - 2024-06-01 20:48:40 --> CodeIgniter\Database\Exceptions\DatabaseException: Unknown column 'stock' in 'where clause'
in SYSTEMPATH/Database/BaseConnection.php on line 647.
 1 SYSTEMPATH/Database/BaseBuilder.php(1616): CodeIgniter\Database\BaseConnection->query('SELECT `sold_stock`.*, `auction`.`sale_no` AS `sale_no`, `inward_items`.`weight_net`, `auction_items`.`lot_no`, `auction_items`.`sample_quantity` AS `auction_items_sample_quantity`, `grade`.`name` AS `grade_name`, `center`.`name` AS `center_name`, `garden`.`name` AS `garden_name`, `warehouse`.`name` AS `warehouse_name`, `bid_info`.`bid_price` AS `highest_bid_price`, `bid_info`.`buyer_id`, `bid_info`.`buyer_name` AS `highest_bidder_name`
FROM `sold_stock`
LEFT JOIN `auction` ON `auction`.`id` = `sold_stock`.`auction_id`
LEFT JOIN `auction_items` ON `auction_items`.`id` = `sold_stock`.`auction_item_id`
LEFT JOIN `inward_items` ON `inward_items`.`id` = `auction_items`.`inward_item_id`
LEFT JOIN `inward` ON `inward`.`id` = `inward_items`.`inward_id`
LEFT JOIN `garden` ON `garden`.`id` = `inward`.`garden_id`
LEFT JOIN `grade` ON `grade`.`id` = `inward_items`.`grade_id`
LEFT JOIN `warehouse` ON `warehouse`.`id` = `inward`.`warehouse_id`
LEFT JOIN (SELECT ab.auction_item_id, 
             ab.bid_price, 
             ab.buyer_id, 
             b.name AS buyer_name 
      FROM auction_biddings ab 
      LEFT JOIN buyer b ON ab.buyer_id = b.id 
      WHERE ab.bid_price = (
          SELECT MAX(ab2.bid_price) 
          FROM auction_biddings ab2 
          WHERE ab2.auction_item_id = ab.auction_item_id
      ) 
      GROUP BY ab.auction_item_id) AS bid_info ON `bid_info`.`auction_item_id` = `auction_items`.`id`
LEFT JOIN `center` ON `center`.`id` = `inward`.`center_id`
WHERE `stock` != :stock:', [...], false)
 2 SYSTEMPATH/Model.php(242): CodeIgniter\Database\BaseBuilder->get()
 3 SYSTEMPATH/BaseModel.php(638): CodeIgniter\Model->doFindAll(0, 0)
 4 APPPATH/Controllers/SoldStock.php(61): CodeIgniter\BaseModel->findAll()
 5 SYSTEMPATH/CodeIgniter.php(941): App\Controllers\SoldStock->index()
 6 SYSTEMPATH/CodeIgniter.php(502): CodeIgniter\CodeIgniter->runController(Object(App\Controllers\SoldStock))
 7 SYSTEMPATH/CodeIgniter.php(361): CodeIgniter\CodeIgniter->handleRequest(null, Object(Config\Cache), false)
 8 FCPATH/index.php(79): CodeIgniter\CodeIgniter->run()
CRITICAL - 2024-06-01 20:48:40 --> [Caused by] CodeIgniter\Database\Exceptions\DatabaseException: Unknown column 'stock' in 'where clause'
in SYSTEMPATH/Database/MySQLi/Connection.php on line 311.
 1 SYSTEMPATH/Database/BaseConnection.php(693): CodeIgniter\Database\MySQLi\Connection->execute('SELECT `sold_stock`.*, `auction`.`sale_no` AS `sale_no`, `inward_items`.`weight_net`, `auction_items`.`lot_no`, `auction_items`.`sample_quantity` AS `auction_items_sample_quantity`, `grade`.`name` AS `grade_name`, `center`.`name` AS `center_name`, `garden`.`name` AS `garden_name`, `warehouse`.`name` AS `warehouse_name`, `bid_info`.`bid_price` AS `highest_bid_price`, `bid_info`.`buyer_id`, `bid_info`.`buyer_name` AS `highest_bidder_name`
FROM `sold_stock`
LEFT JOIN `auction` ON `auction`.`id` = `sold_stock`.`auction_id`
LEFT JOIN `auction_items` ON `auction_items`.`id` = `sold_stock`.`auction_item_id`
LEFT JOIN `inward_items` ON `inward_items`.`id` = `auction_items`.`inward_item_id`
LEFT JOIN `inward` ON `inward`.`id` = `inward_items`.`inward_id`
LEFT JOIN `garden` ON `garden`.`id` = `inward`.`garden_id`
LEFT JOIN `grade` ON `grade`.`id` = `inward_items`.`grade_id`
LEFT JOIN `warehouse` ON `warehouse`.`id` = `inward`.`warehouse_id`
LEFT JOIN (SELECT ab.auction_item_id, 
             ab.bid_price, 
             ab.buyer_id, 
             b.name AS buyer_name 
      FROM auction_biddings ab 
      LEFT JOIN buyer b ON ab.buyer_id = b.id 
      WHERE ab.bid_price = (
          SELECT MAX(ab2.bid_price) 
          FROM auction_biddings ab2 
          WHERE ab2.auction_item_id = ab.auction_item_id
      ) 
      GROUP BY ab.auction_item_id) AS bid_info ON `bid_info`.`auction_item_id` = `auction_items`.`id`
LEFT JOIN `center` ON `center`.`id` = `inward`.`center_id`
WHERE `stock` != 0')
 2 SYSTEMPATH/Database/BaseConnection.php(607): CodeIgniter\Database\BaseConnection->simpleQuery('SELECT `sold_stock`.*, `auction`.`sale_no` AS `sale_no`, `inward_items`.`weight_net`, `auction_items`.`lot_no`, `auction_items`.`sample_quantity` AS `auction_items_sample_quantity`, `grade`.`name` AS `grade_name`, `center`.`name` AS `center_name`, `garden`.`name` AS `garden_name`, `warehouse`.`name` AS `warehouse_name`, `bid_info`.`bid_price` AS `highest_bid_price`, `bid_info`.`buyer_id`, `bid_info`.`buyer_name` AS `highest_bidder_name`
FROM `sold_stock`
LEFT JOIN `auction` ON `auction`.`id` = `sold_stock`.`auction_id`
LEFT JOIN `auction_items` ON `auction_items`.`id` = `sold_stock`.`auction_item_id`
LEFT JOIN `inward_items` ON `inward_items`.`id` = `auction_items`.`inward_item_id`
LEFT JOIN `inward` ON `inward`.`id` = `inward_items`.`inward_id`
LEFT JOIN `garden` ON `garden`.`id` = `inward`.`garden_id`
LEFT JOIN `grade` ON `grade`.`id` = `inward_items`.`grade_id`
LEFT JOIN `warehouse` ON `warehouse`.`id` = `inward`.`warehouse_id`
LEFT JOIN (SELECT ab.auction_item_id, 
             ab.bid_price, 
             ab.buyer_id, 
             b.name AS buyer_name 
      FROM auction_biddings ab 
      LEFT JOIN buyer b ON ab.buyer_id = b.id 
      WHERE ab.bid_price = (
          SELECT MAX(ab2.bid_price) 
          FROM auction_biddings ab2 
          WHERE ab2.auction_item_id = ab.auction_item_id
      ) 
      GROUP BY ab.auction_item_id) AS bid_info ON `bid_info`.`auction_item_id` = `auction_items`.`id`
LEFT JOIN `center` ON `center`.`id` = `inward`.`center_id`
WHERE `stock` != 0')
 3 SYSTEMPATH/Database/BaseBuilder.php(1616): CodeIgniter\Database\BaseConnection->query('SELECT `sold_stock`.*, `auction`.`sale_no` AS `sale_no`, `inward_items`.`weight_net`, `auction_items`.`lot_no`, `auction_items`.`sample_quantity` AS `auction_items_sample_quantity`, `grade`.`name` AS `grade_name`, `center`.`name` AS `center_name`, `garden`.`name` AS `garden_name`, `warehouse`.`name` AS `warehouse_name`, `bid_info`.`bid_price` AS `highest_bid_price`, `bid_info`.`buyer_id`, `bid_info`.`buyer_name` AS `highest_bidder_name`
FROM `sold_stock`
LEFT JOIN `auction` ON `auction`.`id` = `sold_stock`.`auction_id`
LEFT JOIN `auction_items` ON `auction_items`.`id` = `sold_stock`.`auction_item_id`
LEFT JOIN `inward_items` ON `inward_items`.`id` = `auction_items`.`inward_item_id`
LEFT JOIN `inward` ON `inward`.`id` = `inward_items`.`inward_id`
LEFT JOIN `garden` ON `garden`.`id` = `inward`.`garden_id`
LEFT JOIN `grade` ON `grade`.`id` = `inward_items`.`grade_id`
LEFT JOIN `warehouse` ON `warehouse`.`id` = `inward`.`warehouse_id`
LEFT JOIN (SELECT ab.auction_item_id, 
             ab.bid_price, 
             ab.buyer_id, 
             b.name AS buyer_name 
      FROM auction_biddings ab 
      LEFT JOIN buyer b ON ab.buyer_id = b.id 
      WHERE ab.bid_price = (
          SELECT MAX(ab2.bid_price) 
          FROM auction_biddings ab2 
          WHERE ab2.auction_item_id = ab.auction_item_id
      ) 
      GROUP BY ab.auction_item_id) AS bid_info ON `bid_info`.`auction_item_id` = `auction_items`.`id`
LEFT JOIN `center` ON `center`.`id` = `inward`.`center_id`
WHERE `stock` != :stock:', [...], false)
 4 SYSTEMPATH/Model.php(242): CodeIgniter\Database\BaseBuilder->get()
 5 SYSTEMPATH/BaseModel.php(638): CodeIgniter\Model->doFindAll(0, 0)
 6 APPPATH/Controllers/SoldStock.php(61): CodeIgniter\BaseModel->findAll()
 7 SYSTEMPATH/CodeIgniter.php(941): App\Controllers\SoldStock->index()
 8 SYSTEMPATH/CodeIgniter.php(502): CodeIgniter\CodeIgniter->runController(Object(App\Controllers\SoldStock))
 9 SYSTEMPATH/CodeIgniter.php(361): CodeIgniter\CodeIgniter->handleRequest(null, Object(Config\Cache), false)
10 FCPATH/index.php(79): CodeIgniter\CodeIgniter->run()
CRITICAL - 2024-06-01 20:48:40 --> [Caused by] mysqli_sql_exception: Unknown column 'stock' in 'where clause'
in SYSTEMPATH/Database/MySQLi/Connection.php on line 306.
 1 SYSTEMPATH/Database/MySQLi/Connection.php(306): mysqli->query('SELECT `sold_stock`.*, `auction`.`sale_no` AS `sale_no`, `inward_items`.`weight_net`, `auction_items`.`lot_no`, `auction_items`.`sample_quantity` AS `auction_items_sample_quantity`, `grade`.`name` AS `grade_name`, `center`.`name` AS `center_name`, `garden`.`name` AS `garden_name`, `warehouse`.`name` AS `warehouse_name`, `bid_info`.`bid_price` AS `highest_bid_price`, `bid_info`.`buyer_id`, `bid_info`.`buyer_name` AS `highest_bidder_name`
FROM `sold_stock`
LEFT JOIN `auction` ON `auction`.`id` = `sold_stock`.`auction_id`
LEFT JOIN `auction_items` ON `auction_items`.`id` = `sold_stock`.`auction_item_id`
LEFT JOIN `inward_items` ON `inward_items`.`id` = `auction_items`.`inward_item_id`
LEFT JOIN `inward` ON `inward`.`id` = `inward_items`.`inward_id`
LEFT JOIN `garden` ON `garden`.`id` = `inward`.`garden_id`
LEFT JOIN `grade` ON `grade`.`id` = `inward_items`.`grade_id`
LEFT JOIN `warehouse` ON `warehouse`.`id` = `inward`.`warehouse_id`
LEFT JOIN (SELECT ab.auction_item_id, 
             ab.bid_price, 
             ab.buyer_id, 
             b.name AS buyer_name 
      FROM auction_biddings ab 
      LEFT JOIN buyer b ON ab.buyer_id = b.id 
      WHERE ab.bid_price = (
          SELECT MAX(ab2.bid_price) 
          FROM auction_biddings ab2 
          WHERE ab2.auction_item_id = ab.auction_item_id
      ) 
      GROUP BY ab.auction_item_id) AS bid_info ON `bid_info`.`auction_item_id` = `auction_items`.`id`
LEFT JOIN `center` ON `center`.`id` = `inward`.`center_id`
WHERE `stock` != 0', 0)
 2 SYSTEMPATH/Database/BaseConnection.php(693): CodeIgniter\Database\MySQLi\Connection->execute('SELECT `sold_stock`.*, `auction`.`sale_no` AS `sale_no`, `inward_items`.`weight_net`, `auction_items`.`lot_no`, `auction_items`.`sample_quantity` AS `auction_items_sample_quantity`, `grade`.`name` AS `grade_name`, `center`.`name` AS `center_name`, `garden`.`name` AS `garden_name`, `warehouse`.`name` AS `warehouse_name`, `bid_info`.`bid_price` AS `highest_bid_price`, `bid_info`.`buyer_id`, `bid_info`.`buyer_name` AS `highest_bidder_name`
FROM `sold_stock`
LEFT JOIN `auction` ON `auction`.`id` = `sold_stock`.`auction_id`
LEFT JOIN `auction_items` ON `auction_items`.`id` = `sold_stock`.`auction_item_id`
LEFT JOIN `inward_items` ON `inward_items`.`id` = `auction_items`.`inward_item_id`
LEFT JOIN `inward` ON `inward`.`id` = `inward_items`.`inward_id`
LEFT JOIN `garden` ON `garden`.`id` = `inward`.`garden_id`
LEFT JOIN `grade` ON `grade`.`id` = `inward_items`.`grade_id`
LEFT JOIN `warehouse` ON `warehouse`.`id` = `inward`.`warehouse_id`
LEFT JOIN (SELECT ab.auction_item_id, 
             ab.bid_price, 
             ab.buyer_id, 
             b.name AS buyer_name 
      FROM auction_biddings ab 
      LEFT JOIN buyer b ON ab.buyer_id = b.id 
      WHERE ab.bid_price = (
          SELECT MAX(ab2.bid_price) 
          FROM auction_biddings ab2 
          WHERE ab2.auction_item_id = ab.auction_item_id
      ) 
      GROUP BY ab.auction_item_id) AS bid_info ON `bid_info`.`auction_item_id` = `auction_items`.`id`
LEFT JOIN `center` ON `center`.`id` = `inward`.`center_id`
WHERE `stock` != 0')
 3 SYSTEMPATH/Database/BaseConnection.php(607): CodeIgniter\Database\BaseConnection->simpleQuery('SELECT `sold_stock`.*, `auction`.`sale_no` AS `sale_no`, `inward_items`.`weight_net`, `auction_items`.`lot_no`, `auction_items`.`sample_quantity` AS `auction_items_sample_quantity`, `grade`.`name` AS `grade_name`, `center`.`name` AS `center_name`, `garden`.`name` AS `garden_name`, `warehouse`.`name` AS `warehouse_name`, `bid_info`.`bid_price` AS `highest_bid_price`, `bid_info`.`buyer_id`, `bid_info`.`buyer_name` AS `highest_bidder_name`
FROM `sold_stock`
LEFT JOIN `auction` ON `auction`.`id` = `sold_stock`.`auction_id`
LEFT JOIN `auction_items` ON `auction_items`.`id` = `sold_stock`.`auction_item_id`
LEFT JOIN `inward_items` ON `inward_items`.`id` = `auction_items`.`inward_item_id`
LEFT JOIN `inward` ON `inward`.`id` = `inward_items`.`inward_id`
LEFT JOIN `garden` ON `garden`.`id` = `inward`.`garden_id`
LEFT JOIN `grade` ON `grade`.`id` = `inward_items`.`grade_id`
LEFT JOIN `warehouse` ON `warehouse`.`id` = `inward`.`warehouse_id`
LEFT JOIN (SELECT ab.auction_item_id, 
             ab.bid_price, 
             ab.buyer_id, 
             b.name AS buyer_name 
      FROM auction_biddings ab 
      LEFT JOIN buyer b ON ab.buyer_id = b.id 
      WHERE ab.bid_price = (
          SELECT MAX(ab2.bid_price) 
          FROM auction_biddings ab2 
          WHERE ab2.auction_item_id = ab.auction_item_id
      ) 
      GROUP BY ab.auction_item_id) AS bid_info ON `bid_info`.`auction_item_id` = `auction_items`.`id`
LEFT JOIN `center` ON `center`.`id` = `inward`.`center_id`
WHERE `stock` != 0')
 4 SYSTEMPATH/Database/BaseBuilder.php(1616): CodeIgniter\Database\BaseConnection->query('SELECT `sold_stock`.*, `auction`.`sale_no` AS `sale_no`, `inward_items`.`weight_net`, `auction_items`.`lot_no`, `auction_items`.`sample_quantity` AS `auction_items_sample_quantity`, `grade`.`name` AS `grade_name`, `center`.`name` AS `center_name`, `garden`.`name` AS `garden_name`, `warehouse`.`name` AS `warehouse_name`, `bid_info`.`bid_price` AS `highest_bid_price`, `bid_info`.`buyer_id`, `bid_info`.`buyer_name` AS `highest_bidder_name`
FROM `sold_stock`
LEFT JOIN `auction` ON `auction`.`id` = `sold_stock`.`auction_id`
LEFT JOIN `auction_items` ON `auction_items`.`id` = `sold_stock`.`auction_item_id`
LEFT JOIN `inward_items` ON `inward_items`.`id` = `auction_items`.`inward_item_id`
LEFT JOIN `inward` ON `inward`.`id` = `inward_items`.`inward_id`
LEFT JOIN `garden` ON `garden`.`id` = `inward`.`garden_id`
LEFT JOIN `grade` ON `grade`.`id` = `inward_items`.`grade_id`
LEFT JOIN `warehouse` ON `warehouse`.`id` = `inward`.`warehouse_id`
LEFT JOIN (SELECT ab.auction_item_id, 
             ab.bid_price, 
             ab.buyer_id, 
             b.name AS buyer_name 
      FROM auction_biddings ab 
      LEFT JOIN buyer b ON ab.buyer_id = b.id 
      WHERE ab.bid_price = (
          SELECT MAX(ab2.bid_price) 
          FROM auction_biddings ab2 
          WHERE ab2.auction_item_id = ab.auction_item_id
      ) 
      GROUP BY ab.auction_item_id) AS bid_info ON `bid_info`.`auction_item_id` = `auction_items`.`id`
LEFT JOIN `center` ON `center`.`id` = `inward`.`center_id`
WHERE `stock` != :stock:', [...], false)
 5 SYSTEMPATH/Model.php(242): CodeIgniter\Database\BaseBuilder->get()
 6 SYSTEMPATH/BaseModel.php(638): CodeIgniter\Model->doFindAll(0, 0)
 7 APPPATH/Controllers/SoldStock.php(61): CodeIgniter\BaseModel->findAll()
 8 SYSTEMPATH/CodeIgniter.php(941): App\Controllers\SoldStock->index()
 9 SYSTEMPATH/CodeIgniter.php(502): CodeIgniter\CodeIgniter->runController(Object(App\Controllers\SoldStock))
10 SYSTEMPATH/CodeIgniter.php(361): CodeIgniter\CodeIgniter->handleRequest(null, Object(Config\Cache), false)
11 FCPATH/index.php(79): CodeIgniter\CodeIgniter->run()
CRITICAL - 2024-06-01 21:52:22 --> TypeError: count(): Argument #1 ($value) must be of type Countable|array, null given
in APPPATH/Controllers/Deliverymanagement.php on line 102.
 1 APPPATH/Controllers/Deliverymanagement.php(102): count(null)
 2 SYSTEMPATH/CodeIgniter.php(941): App\Controllers\Deliverymanagement->updateStock()
 3 SYSTEMPATH/CodeIgniter.php(502): CodeIgniter\CodeIgniter->runController(Object(App\Controllers\Deliverymanagement))
 4 SYSTEMPATH/CodeIgniter.php(361): CodeIgniter\CodeIgniter->handleRequest(null, Object(Config\Cache), false)
 5 FCPATH/index.php(79): CodeIgniter\CodeIgniter->run()
