CRITICAL - 2024-07-31 12:20:24 --> ErrorException: Undefined variable $auction_data
in APPPATH/Controllers/Cart.php on line 427.
 1 APPPATH/Controllers/Cart.php(427): CodeIgniter\Debug\Exceptions->errorHandler(2, 'Undefined variable $auction_data', '/var/www/eazyhosting.in/public_html/api/app/Controllers/Cart.php', 427)
 2 SYSTEMPATH/CodeIgniter.php(941): App\Controllers\Cart->auctiongardenlist()
 3 SYSTEMPATH/CodeIgniter.php(502): CodeIgniter\CodeIgniter->runController(Object(App\Controllers\Cart))
 4 SYSTEMPATH/CodeIgniter.php(361): CodeIgniter\CodeIgniter->handleRequest(null, Object(Config\Cache), false)
 5 FCPATH/index.php(79): CodeIgniter\CodeIgniter->run()
CRITICAL - 2024-07-31 12:20:46 --> ErrorException: Undefined variable $auction_data
in APPPATH/Controllers/Cart.php on line 427.
 1 APPPATH/Controllers/Cart.php(427): CodeIgniter\Debug\Exceptions->errorHandler(2, 'Undefined variable $auction_data', '/var/www/eazyhosting.in/public_html/api/app/Controllers/Cart.php', 427)
 2 SYSTEMPATH/CodeIgniter.php(941): App\Controllers\Cart->auctiongardenlist()
 3 SYSTEMPATH/CodeIgniter.php(502): CodeIgniter\CodeIgniter->runController(Object(App\Controllers\Cart))
 4 SYSTEMPATH/CodeIgniter.php(361): CodeIgniter\CodeIgniter->handleRequest(null, Object(Config\Cache), false)
 5 FCPATH/index.php(79): CodeIgniter\CodeIgniter->run()
CRITICAL - 2024-07-31 12:20:48 --> ErrorException: Undefined variable $auction_data
in APPPATH/Controllers/Cart.php on line 427.
 1 APPPATH/Controllers/Cart.php(427): CodeIgniter\Debug\Exceptions->errorHandler(2, 'Undefined variable $auction_data', '/var/www/eazyhosting.in/public_html/api/app/Controllers/Cart.php', 427)
 2 SYSTEMPATH/CodeIgniter.php(941): App\Controllers\Cart->auctiongardenlist()
 3 SYSTEMPATH/CodeIgniter.php(502): CodeIgniter\CodeIgniter->runController(Object(App\Controllers\Cart))
 4 SYSTEMPATH/CodeIgniter.php(361): CodeIgniter\CodeIgniter->handleRequest(null, Object(Config\Cache), false)
 5 FCPATH/index.php(79): CodeIgniter\CodeIgniter->run()
ERROR - 2024-07-31 12:25:59 --> bid calculation initiated auctionItemId:105, 2024-07-31 12:25:59
ERROR - 2024-07-31 12:25:59 --> Error code 001. HBP:101.00,HABP: 110.00, 2024-07-31 12:25:59
ERROR - 2024-07-31 12:25:59 --> Error code 002. HBP:101.00,RP: 102, 2024-07-31 12:25:59
ERROR - 2024-07-31 12:25:59 --> bid calculation Ended auctionItemId:105, 2024-07-31 12:25:59
ERROR - 2024-07-31 12:25:59 --> bid calculation initiated auctionItemId:106, 2024-07-31 12:25:59
ERROR - 2024-07-31 12:25:59 --> bid calculation Ended auctionItemId:106, 2024-07-31 12:25:59
ERROR - 2024-07-31 12:25:59 --> bid calculation initiated auctionItemId:105, 2024-07-31 12:25:59
ERROR - 2024-07-31 12:25:59 --> Error code 001. HBP:102.00,HABP: 110.00, 2024-07-31 12:25:59
ERROR - 2024-07-31 12:25:59 --> Error code 002. HBP:102.00,RP: 102, 2024-07-31 12:25:59
ERROR - 2024-07-31 12:25:59 --> bid calculation Ended auctionItemId:105, 2024-07-31 12:25:59
ERROR - 2024-07-31 12:25:59 --> bid calculation initiated auctionItemId:106, 2024-07-31 12:25:59
ERROR - 2024-07-31 12:25:59 --> bid calculation Ended auctionItemId:106, 2024-07-31 12:25:59
ERROR - 2024-07-31 12:27:00 --> bid calculation initiated auctionItemId:107, 2024-07-31 12:27:00
ERROR - 2024-07-31 12:27:00 --> Error code 001. HBP:0,HABP: 120.00, 2024-07-31 12:27:00
ERROR - 2024-07-31 12:27:00 --> Error code 002. HBP:0,RP: 102, 2024-07-31 12:27:00
ERROR - 2024-07-31 12:27:00 --> bid calculation Ended auctionItemId:107, 2024-07-31 12:27:00
ERROR - 2024-07-31 12:27:00 --> bid calculation initiated auctionItemId:108, 2024-07-31 12:27:00
ERROR - 2024-07-31 12:27:00 --> Error code 001. HBP:0,HABP: 110.00, 2024-07-31 12:27:00
ERROR - 2024-07-31 12:27:00 --> Error code 002. HBP:0,RP: 102, 2024-07-31 12:27:00
ERROR - 2024-07-31 12:27:00 --> bid calculation Ended auctionItemId:108, 2024-07-31 12:27:00
ERROR - 2024-07-31 12:27:00 --> bid calculation initiated auctionItemId:107, 2024-07-31 12:27:00
ERROR - 2024-07-31 12:27:00 --> Error code 001. HBP:102.00,HABP: 120.00, 2024-07-31 12:27:00
ERROR - 2024-07-31 12:27:00 --> Error code 002. HBP:102.00,RP: 102, 2024-07-31 12:27:00
ERROR - 2024-07-31 12:27:00 --> bid calculation Ended auctionItemId:107, 2024-07-31 12:27:00
ERROR - 2024-07-31 12:27:00 --> bid calculation initiated auctionItemId:108, 2024-07-31 12:27:00
ERROR - 2024-07-31 12:27:00 --> Error code 001. HBP:102.00,HABP: 110.00, 2024-07-31 12:27:00
ERROR - 2024-07-31 12:27:00 --> Error code 002. HBP:102.00,RP: 102, 2024-07-31 12:27:00
ERROR - 2024-07-31 12:27:00 --> bid calculation Ended auctionItemId:108, 2024-07-31 12:27:00
ERROR - 2024-07-31 12:27:30 --> bid calculation initiated auctionItemId:107, 2024-07-31 12:27:30
ERROR - 2024-07-31 12:27:30 --> Error code 001. HBP:102.00,HABP: 120.00, 2024-07-31 12:27:30
ERROR - 2024-07-31 12:27:30 --> Error code 002. HBP:102.00,RP: 102, 2024-07-31 12:27:30
ERROR - 2024-07-31 12:27:30 --> bid calculation Ended auctionItemId:107, 2024-07-31 12:27:30
ERROR - 2024-07-31 12:27:30 --> bid calculation initiated auctionItemId:108, 2024-07-31 12:27:30
ERROR - 2024-07-31 12:27:30 --> Error code 001. HBP:102.00,HABP: 110.00, 2024-07-31 12:27:30
ERROR - 2024-07-31 12:27:30 --> Error code 002. HBP:102.00,RP: 102, 2024-07-31 12:27:30
ERROR - 2024-07-31 12:27:30 --> bid calculation Ended auctionItemId:108, 2024-07-31 12:27:30
ERROR - 2024-07-31 12:29:14 --> bid calculation initiated auctionItemId:109, 2024-07-31 12:29:14
ERROR - 2024-07-31 12:29:14 --> Error code 001. HBP:104.00,HABP: 110.00, 2024-07-31 12:29:14
ERROR - 2024-07-31 12:29:14 --> Error code 003. HBP:104.00,RP: 102, 2024-07-31 12:29:14
ERROR - 2024-07-31 12:29:14 --> Error code 004. HBP:104.00,SLHABP: 110.00, 2024-07-31 12:29:14
ERROR - 2024-07-31 12:29:14 --> bid calculation Ended auctionItemId:109, 2024-07-31 12:29:14
CRITICAL - 2024-07-31 12:41:25 --> ErrorException: Undefined variable $auction_data
in APPPATH/Controllers/Cart.php on line 427.
 1 APPPATH/Controllers/Cart.php(427): CodeIgniter\Debug\Exceptions->errorHandler(2, 'Undefined variable $auction_data', '/var/www/eazyhosting.in/public_html/api/app/Controllers/Cart.php', 427)
 2 SYSTEMPATH/CodeIgniter.php(941): App\Controllers\Cart->auctiongardenlist()
 3 SYSTEMPATH/CodeIgniter.php(502): CodeIgniter\CodeIgniter->runController(Object(App\Controllers\Cart))
 4 SYSTEMPATH/CodeIgniter.php(361): CodeIgniter\CodeIgniter->handleRequest(null, Object(Config\Cache), false)
 5 FCPATH/index.php(79): CodeIgniter\CodeIgniter->run()
CRITICAL - 2024-07-31 12:41:41 --> ErrorException: Undefined variable $auction_data
in APPPATH/Controllers/Cart.php on line 427.
 1 APPPATH/Controllers/Cart.php(427): CodeIgniter\Debug\Exceptions->errorHandler(2, 'Undefined variable $auction_data', '/var/www/eazyhosting.in/public_html/api/app/Controllers/Cart.php', 427)
 2 SYSTEMPATH/CodeIgniter.php(941): App\Controllers\Cart->auctiongardenlist()
 3 SYSTEMPATH/CodeIgniter.php(502): CodeIgniter\CodeIgniter->runController(Object(App\Controllers\Cart))
 4 SYSTEMPATH/CodeIgniter.php(361): CodeIgniter\CodeIgniter->handleRequest(null, Object(Config\Cache), false)
 5 FCPATH/index.php(79): CodeIgniter\CodeIgniter->run()
CRITICAL - 2024-07-31 12:42:09 --> ErrorException: Undefined variable $auction_data
in APPPATH/Controllers/Cart.php on line 427.
 1 APPPATH/Controllers/Cart.php(427): CodeIgniter\Debug\Exceptions->errorHandler(2, 'Undefined variable $auction_data', '/var/www/eazyhosting.in/public_html/api/app/Controllers/Cart.php', 427)
 2 SYSTEMPATH/CodeIgniter.php(941): App\Controllers\Cart->auctiongardenlist()
 3 SYSTEMPATH/CodeIgniter.php(502): CodeIgniter\CodeIgniter->runController(Object(App\Controllers\Cart))
 4 SYSTEMPATH/CodeIgniter.php(361): CodeIgniter\CodeIgniter->handleRequest(null, Object(Config\Cache), false)
 5 FCPATH/index.php(79): CodeIgniter\CodeIgniter->run()
ERROR - 2024-07-31 12:51:05 --> bid calculation initiated auctionItemId:110, 2024-07-31 12:51:05
ERROR - 2024-07-31 12:51:05 --> Error code 001. HBP:104.00,HABP: 110.00, 2024-07-31 12:51:05
ERROR - 2024-07-31 12:51:05 --> Error code 003. HBP:104.00,RP: 102, 2024-07-31 12:51:05
ERROR - 2024-07-31 12:51:05 --> Error code 004. HBP:104.00,SLHABP: 110.00, 2024-07-31 12:51:05
ERROR - 2024-07-31 12:51:05 --> bid calculation Ended auctionItemId:110, 2024-07-31 12:51:05
ERROR - 2024-07-31 12:51:05 --> bid calculation initiated auctionItemId:111, 2024-07-31 12:51:05
ERROR - 2024-07-31 12:51:05 --> Error code 001. HBP:104.00,HABP: 110.00, 2024-07-31 12:51:05
ERROR - 2024-07-31 12:51:05 --> Error code 003. HBP:104.00,RP: 102, 2024-07-31 12:51:05
ERROR - 2024-07-31 12:51:05 --> Error code 005. HBP:104.00,SLHABP: 101.00, 2024-07-31 12:51:05
ERROR - 2024-07-31 12:51:05 --> bid calculation Ended auctionItemId:111, 2024-07-31 12:51:05
ERROR - 2024-07-31 12:52:07 --> bid calculation initiated auctionItemId:112, 2024-07-31 12:52:07
ERROR - 2024-07-31 12:52:07 --> Error code 001. HBP:0,HABP: 110.00, 2024-07-31 12:52:07
ERROR - 2024-07-31 12:52:07 --> Error code 002. HBP:0,RP: 102, 2024-07-31 12:52:07
ERROR - 2024-07-31 12:52:07 --> bid calculation Ended auctionItemId:112, 2024-07-31 12:52:07
ERROR - 2024-07-31 12:52:33 --> bid calculation initiated auctionItemId:112, 2024-07-31 12:52:33
ERROR - 2024-07-31 12:52:33 --> Error code 001. HBP:102.00,HABP: 110.00, 2024-07-31 12:52:33
ERROR - 2024-07-31 12:52:33 --> Error code 002. HBP:102.00,RP: 102, 2024-07-31 12:52:33
ERROR - 2024-07-31 12:52:33 --> bid calculation Ended auctionItemId:112, 2024-07-31 12:52:33
ERROR - 2024-07-31 12:52:37 --> bid calculation initiated auctionItemId:112, 2024-07-31 12:52:37
ERROR - 2024-07-31 12:52:37 --> Error code 001. HBP:102.00,HABP: 110.00, 2024-07-31 12:52:37
ERROR - 2024-07-31 12:52:37 --> Error code 002. HBP:102.00,RP: 102, 2024-07-31 12:52:37
ERROR - 2024-07-31 12:52:37 --> bid calculation Ended auctionItemId:112, 2024-07-31 12:52:37
CRITICAL - 2024-07-31 13:05:40 --> ErrorException: Undefined variable $auction_data
in APPPATH/Controllers/Cart.php on line 427.
 1 APPPATH/Controllers/Cart.php(427): CodeIgniter\Debug\Exceptions->errorHandler(2, 'Undefined variable $auction_data', '/var/www/eazyhosting.in/public_html/api/app/Controllers/Cart.php', 427)
 2 SYSTEMPATH/CodeIgniter.php(941): App\Controllers\Cart->auctiongardenlist()
 3 SYSTEMPATH/CodeIgniter.php(502): CodeIgniter\CodeIgniter->runController(Object(App\Controllers\Cart))
 4 SYSTEMPATH/CodeIgniter.php(361): CodeIgniter\CodeIgniter->handleRequest(null, Object(Config\Cache), false)
 5 FCPATH/index.php(79): CodeIgniter\CodeIgniter->run()
CRITICAL - 2024-07-31 13:05:54 --> ErrorException: Undefined variable $auction_data
in APPPATH/Controllers/Cart.php on line 427.
 1 APPPATH/Controllers/Cart.php(427): CodeIgniter\Debug\Exceptions->errorHandler(2, 'Undefined variable $auction_data', '/var/www/eazyhosting.in/public_html/api/app/Controllers/Cart.php', 427)
 2 SYSTEMPATH/CodeIgniter.php(941): App\Controllers\Cart->auctiongardenlist()
 3 SYSTEMPATH/CodeIgniter.php(502): CodeIgniter\CodeIgniter->runController(Object(App\Controllers\Cart))
 4 SYSTEMPATH/CodeIgniter.php(361): CodeIgniter\CodeIgniter->handleRequest(null, Object(Config\Cache), false)
 5 FCPATH/index.php(79): CodeIgniter\CodeIgniter->run()
CRITICAL - 2024-07-31 13:05:56 --> ErrorException: Undefined variable $auction_data
in APPPATH/Controllers/Cart.php on line 427.
 1 APPPATH/Controllers/Cart.php(427): CodeIgniter\Debug\Exceptions->errorHandler(2, 'Undefined variable $auction_data', '/var/www/eazyhosting.in/public_html/api/app/Controllers/Cart.php', 427)
 2 SYSTEMPATH/CodeIgniter.php(941): App\Controllers\Cart->auctiongardenlist()
 3 SYSTEMPATH/CodeIgniter.php(502): CodeIgniter\CodeIgniter->runController(Object(App\Controllers\Cart))
 4 SYSTEMPATH/CodeIgniter.php(361): CodeIgniter\CodeIgniter->handleRequest(null, Object(Config\Cache), false)
 5 FCPATH/index.php(79): CodeIgniter\CodeIgniter->run()
CRITICAL - 2024-07-31 13:09:57 --> ErrorException: Undefined variable $auction_data
in APPPATH/Controllers/Cart.php on line 427.
 1 APPPATH/Controllers/Cart.php(427): CodeIgniter\Debug\Exceptions->errorHandler(2, 'Undefined variable $auction_data', '/var/www/eazyhosting.in/public_html/api/app/Controllers/Cart.php', 427)
 2 SYSTEMPATH/CodeIgniter.php(941): App\Controllers\Cart->auctiongardenlist()
 3 SYSTEMPATH/CodeIgniter.php(502): CodeIgniter\CodeIgniter->runController(Object(App\Controllers\Cart))
 4 SYSTEMPATH/CodeIgniter.php(361): CodeIgniter\CodeIgniter->handleRequest(null, Object(Config\Cache), false)
 5 FCPATH/index.php(79): CodeIgniter\CodeIgniter->run()
ERROR - 2024-07-31 13:10:20 --> bid calculation initiated auctionItemId:113, 2024-07-31 01:10:20
ERROR - 2024-07-31 13:10:20 --> bid calculation Ended auctionItemId:113, 2024-07-31 01:10:20
CRITICAL - 2024-07-31 13:10:21 --> ErrorException: Undefined variable $auction_data
in APPPATH/Controllers/Cart.php on line 427.
 1 APPPATH/Controllers/Cart.php(427): CodeIgniter\Debug\Exceptions->errorHandler(2, 'Undefined variable $auction_data', '/var/www/eazyhosting.in/public_html/api/app/Controllers/Cart.php', 427)
 2 SYSTEMPATH/CodeIgniter.php(941): App\Controllers\Cart->auctiongardenlist()
 3 SYSTEMPATH/CodeIgniter.php(502): CodeIgniter\CodeIgniter->runController(Object(App\Controllers\Cart))
 4 SYSTEMPATH/CodeIgniter.php(361): CodeIgniter\CodeIgniter->handleRequest(null, Object(Config\Cache), false)
 5 FCPATH/index.php(79): CodeIgniter\CodeIgniter->run()
CRITICAL - 2024-07-31 13:10:22 --> ErrorException: Undefined variable $auction_data
in APPPATH/Controllers/Cart.php on line 427.
 1 APPPATH/Controllers/Cart.php(427): CodeIgniter\Debug\Exceptions->errorHandler(2, 'Undefined variable $auction_data', '/var/www/eazyhosting.in/public_html/api/app/Controllers/Cart.php', 427)
 2 SYSTEMPATH/CodeIgniter.php(941): App\Controllers\Cart->auctiongardenlist()
 3 SYSTEMPATH/CodeIgniter.php(502): CodeIgniter\CodeIgniter->runController(Object(App\Controllers\Cart))
 4 SYSTEMPATH/CodeIgniter.php(361): CodeIgniter\CodeIgniter->handleRequest(null, Object(Config\Cache), false)
 5 FCPATH/index.php(79): CodeIgniter\CodeIgniter->run()
ERROR - 2024-07-31 13:10:50 --> bid calculation initiated auctionItemId:113, 2024-07-31 01:10:50
ERROR - 2024-07-31 13:10:50 --> bid calculation Ended auctionItemId:113, 2024-07-31 01:10:50
ERROR - 2024-07-31 13:17:26 --> bid calculation initiated auctionItemId:114, 2024-07-31 01:17:26
ERROR - 2024-07-31 13:17:26 --> Error code 001. HBP:103.00,HABP: 110.00, 2024-07-31 01:17:26
ERROR - 2024-07-31 13:17:26 --> Error code 003. HBP:103.00,RP: 102, 2024-07-31 01:17:26
ERROR - 2024-07-31 13:17:26 --> Error code 005. HBP:103.00,SLHABP: 0.00, 2024-07-31 01:17:26
ERROR - 2024-07-31 13:17:26 --> bid calculation Ended auctionItemId:114, 2024-07-31 01:17:26
ERROR - 2024-07-31 13:17:26 --> bid calculation initiated auctionItemId:115, 2024-07-31 01:17:26
ERROR - 2024-07-31 13:17:26 --> Error code 001. HBP:106.00,HABP: 110.00, 2024-07-31 01:17:26
ERROR - 2024-07-31 13:17:26 --> Error code 003. HBP:106.00,RP: 102, 2024-07-31 01:17:26
ERROR - 2024-07-31 13:17:26 --> Error code 004. HBP:106.00,SLHABP: 110.00, 2024-07-31 01:17:26
ERROR - 2024-07-31 13:17:26 --> bid calculation Ended auctionItemId:115, 2024-07-31 01:17:26
ERROR - 2024-07-31 13:19:09 --> bid calculation initiated auctionItemId:116, 2024-07-31 01:19:09
ERROR - 2024-07-31 13:19:09 --> Error code 001. HBP:0,HABP: 120.00, 2024-07-31 01:19:09
ERROR - 2024-07-31 13:19:09 --> Error code 002. HBP:0,RP: 102, 2024-07-31 01:19:09
ERROR - 2024-07-31 13:19:09 --> bid calculation Ended auctionItemId:116, 2024-07-31 01:19:09
ERROR - 2024-07-31 13:19:09 --> bid calculation initiated auctionItemId:117, 2024-07-31 01:19:09
ERROR - 2024-07-31 13:19:09 --> Error code 006. HBP:106.00,HABP: 105.00, 2024-07-31 01:19:09
ERROR - 2024-07-31 13:19:09 --> bid calculation Ended auctionItemId:117, 2024-07-31 01:19:09
CRITICAL - 2024-07-31 13:24:30 --> ErrorException: Undefined variable $auction_data
in APPPATH/Controllers/Cart.php on line 427.
 1 APPPATH/Controllers/Cart.php(427): CodeIgniter\Debug\Exceptions->errorHandler(2, 'Undefined variable $auction_data', '/var/www/eazyhosting.in/public_html/api/app/Controllers/Cart.php', 427)
 2 SYSTEMPATH/CodeIgniter.php(941): App\Controllers\Cart->auctiongardenlist()
 3 SYSTEMPATH/CodeIgniter.php(502): CodeIgniter\CodeIgniter->runController(Object(App\Controllers\Cart))
 4 SYSTEMPATH/CodeIgniter.php(361): CodeIgniter\CodeIgniter->handleRequest(null, Object(Config\Cache), false)
 5 FCPATH/index.php(79): CodeIgniter\CodeIgniter->run()
CRITICAL - 2024-07-31 13:24:52 --> ErrorException: Undefined variable $auction_data
in APPPATH/Controllers/Cart.php on line 427.
 1 APPPATH/Controllers/Cart.php(427): CodeIgniter\Debug\Exceptions->errorHandler(2, 'Undefined variable $auction_data', '/var/www/eazyhosting.in/public_html/api/app/Controllers/Cart.php', 427)
 2 SYSTEMPATH/CodeIgniter.php(941): App\Controllers\Cart->auctiongardenlist()
 3 SYSTEMPATH/CodeIgniter.php(502): CodeIgniter\CodeIgniter->runController(Object(App\Controllers\Cart))
 4 SYSTEMPATH/CodeIgniter.php(361): CodeIgniter\CodeIgniter->handleRequest(null, Object(Config\Cache), false)
 5 FCPATH/index.php(79): CodeIgniter\CodeIgniter->run()
CRITICAL - 2024-07-31 13:24:54 --> ErrorException: Undefined variable $auction_data
in APPPATH/Controllers/Cart.php on line 427.
 1 APPPATH/Controllers/Cart.php(427): CodeIgniter\Debug\Exceptions->errorHandler(2, 'Undefined variable $auction_data', '/var/www/eazyhosting.in/public_html/api/app/Controllers/Cart.php', 427)
 2 SYSTEMPATH/CodeIgniter.php(941): App\Controllers\Cart->auctiongardenlist()
 3 SYSTEMPATH/CodeIgniter.php(502): CodeIgniter\CodeIgniter->runController(Object(App\Controllers\Cart))
 4 SYSTEMPATH/CodeIgniter.php(361): CodeIgniter\CodeIgniter->handleRequest(null, Object(Config\Cache), false)
 5 FCPATH/index.php(79): CodeIgniter\CodeIgniter->run()
