CRITICAL - 2024-09-20 10:15:59 --> ErrorException: Undefined variable $auction_data
in APPPATH/Controllers/Cart.php on line 427.
 1 APPPATH/Controllers/Cart.php(427): CodeIgniter\Debug\Exceptions->errorHandler(2, 'Undefined variable $auction_data', '/var/www/eazyhosting.in/public_html/api/app/Controllers/Cart.php', 427)
 2 SYSTEMPATH/CodeIgniter.php(941): App\Controllers\Cart->auctiongardenlist()
 3 SYSTEMPATH/CodeIgniter.php(502): CodeIgniter\CodeIgniter->runController(Object(App\Controllers\Cart))
 4 SYSTEMPATH/CodeIgniter.php(361): CodeIgniter\CodeIgniter->handleRequest(null, Object(Config\Cache), false)
 5 FCPATH/index.php(79): CodeIgniter\CodeIgniter->run()
CRITICAL - 2024-09-20 10:16:37 --> ErrorException: Undefined variable $auction_data
in APPPATH/Controllers/Cart.php on line 427.
 1 APPPATH/Controllers/Cart.php(427): CodeIgniter\Debug\Exceptions->errorHandler(2, 'Undefined variable $auction_data', '/var/www/eazyhosting.in/public_html/api/app/Controllers/Cart.php', 427)
 2 SYSTEMPATH/CodeIgniter.php(941): App\Controllers\Cart->auctiongardenlist()
 3 SYSTEMPATH/CodeIgniter.php(502): CodeIgniter\CodeIgniter->runController(Object(App\Controllers\Cart))
 4 SYSTEMPATH/CodeIgniter.php(361): CodeIgniter\CodeIgniter->handleRequest(null, Object(Config\Cache), false)
 5 FCPATH/index.php(79): CodeIgniter\CodeIgniter->run()
CRITICAL - 2024-09-20 10:16:39 --> ErrorException: Undefined variable $auction_data
in APPPATH/Controllers/Cart.php on line 427.
 1 APPPATH/Controllers/Cart.php(427): CodeIgniter\Debug\Exceptions->errorHandler(2, 'Undefined variable $auction_data', '/var/www/eazyhosting.in/public_html/api/app/Controllers/Cart.php', 427)
 2 SYSTEMPATH/CodeIgniter.php(941): App\Controllers\Cart->auctiongardenlist()
 3 SYSTEMPATH/CodeIgniter.php(502): CodeIgniter\CodeIgniter->runController(Object(App\Controllers\Cart))
 4 SYSTEMPATH/CodeIgniter.php(361): CodeIgniter\CodeIgniter->handleRequest(null, Object(Config\Cache), false)
 5 FCPATH/index.php(79): CodeIgniter\CodeIgniter->run()
ERROR - 2024-09-20 10:21:03 --> E002 - 2024-09-20 10:21:03
ERROR - 2024-09-20 10:21:03 --> E003 - 2024-09-20 10:21:03
ERROR - 2024-09-20 10:21:03 --> E003.1 - 2024-09-20 10:21:03
ERROR - 2024-09-20 10:21:03 --> E002 - 2024-09-20 10:21:03
ERROR - 2024-09-20 10:21:03 --> E003 - 2024-09-20 10:21:03
ERROR - 2024-09-20 10:21:03 --> E003.1 - 2024-09-20 10:21:03
ERROR - 2024-09-20 10:22:32 --> E004 - 2024-09-20 10:22:32
ERROR - 2024-09-20 10:22:32 --> E004.1 - 2024-09-20 10:22:32
ERROR - 2024-09-20 10:22:32 --> E004 - 2024-09-20 10:22:32
ERROR - 2024-09-20 10:22:32 --> E004.1 - 2024-09-20 10:22:32
ERROR - 2024-09-20 10:22:33 --> E004 - 2024-09-20 10:22:33
ERROR - 2024-09-20 10:22:33 --> E004.1 - 2024-09-20 10:22:33
ERROR - 2024-09-20 10:22:33 --> E004 - 2024-09-20 10:22:33
ERROR - 2024-09-20 10:22:33 --> E004.1 - 2024-09-20 10:22:33
ERROR - 2024-09-20 10:23:33 --> current items data:[{"id":"73","inward_invoice_id":"K2","inward_item_id":"17","auction_id":"18","lot_no":"1","lot_set":"1","auction_quantity":"2","sample_quantity":"1","auction_each_net":"8","base_price":"100","reverse_price":"105","high_price":"0","valuation_price":"110","last_sold_price":null,"status":"1","is_sold":"0","min_bid_added":"0","is_withdrawn":"0","created_at":"2024-09-20 10:16:42","updated_at":"2024-09-20 10:17:05","created_by":"5","updated_by":"5"},{"id":"74","inward_invoice_id":"K4","inward_item_id":"19","auction_id":"18","lot_no":"2","lot_set":"1","auction_quantity":"4","sample_quantity":"1","auction_each_net":"6","base_price":"100","reverse_price":"105","high_price":"0","valuation_price":"110","last_sold_price":null,"status":"1","is_sold":"0","min_bid_added":"0","is_withdrawn":"0","created_at":"2024-09-20 10:16:42","updated_at":"2024-09-20 10:17:05","created_by":"5","updated_by":"5"}], 2024-09-20 10:23:33
ERROR - 2024-09-20 10:23:33 --> Error code L001. auctionItemId:73, 2024-09-20 10:23:33
ERROR - 2024-09-20 10:23:33 --> bid calculation initiated auctionItemId:73, 2
ERROR - 2024-09-20 10:23:33 --> Error code 007. HBP:110.00,HABP: 110.00, 2024-09-20 10:23:33
ERROR - 2024-09-20 10:23:33 --> bid calculation Ended auctionItemId:73, 2024-09-20 10:23:33
ERROR - 2024-09-20 10:23:33 --> Error code L002. auctionItemId:73, 2024-09-20 10:23:33
ERROR - 2024-09-20 10:23:33 --> Error code L003. auctionItemId:73, 2024-09-20 10:23:33
ERROR - 2024-09-20 10:23:33 --> Error code L001. auctionItemId:74, 2024-09-20 10:23:33
ERROR - 2024-09-20 10:23:33 --> bid calculation initiated auctionItemId:74, 2
ERROR - 2024-09-20 10:23:33 --> Error code 007. HBP:110.00,HABP: 110.00, 2024-09-20 10:23:33
ERROR - 2024-09-20 10:23:33 --> bid calculation Ended auctionItemId:74, 2024-09-20 10:23:33
ERROR - 2024-09-20 10:23:33 --> Error code L002. auctionItemId:74, 2024-09-20 10:23:33
ERROR - 2024-09-20 10:23:33 --> Error code L003. auctionItemId:74, 2024-09-20 10:23:33
ERROR - 2024-09-20 10:23:34 --> E002 - 2024-09-20 10:23:34
ERROR - 2024-09-20 10:23:34 --> E003 - 2024-09-20 10:23:34
ERROR - 2024-09-20 10:23:34 --> E003.1 - 2024-09-20 10:23:34
ERROR - 2024-09-20 10:23:52 --> current items data:[], 2024-09-20 10:23:52
ERROR - 2024-09-20 10:27:11 --> E004 - 2024-09-20 10:27:11
ERROR - 2024-09-20 10:27:11 --> E004.1 - 2024-09-20 10:27:11
ERROR - 2024-09-20 10:27:43 --> current items data:[{"id":"75","inward_invoice_id":"K3","inward_item_id":"18","auction_id":"18","lot_no":"3","lot_set":"2","auction_quantity":"2","sample_quantity":"1","auction_each_net":"4","base_price":"100","reverse_price":"105","high_price":"0","valuation_price":"110","last_sold_price":null,"status":"1","is_sold":"0","min_bid_added":"0","is_withdrawn":"0","created_at":"2024-09-20 10:16:42","updated_at":"2024-09-20 10:17:05","created_by":"5","updated_by":"5"},{"id":"76","inward_invoice_id":"K5","inward_item_id":"20","auction_id":"18","lot_no":"4","lot_set":"2","auction_quantity":"3","sample_quantity":"1","auction_each_net":"10","base_price":"100","reverse_price":"105","high_price":"0","valuation_price":"110","last_sold_price":null,"status":"1","is_sold":"0","min_bid_added":"0","is_withdrawn":"0","created_at":"2024-09-20 10:16:42","updated_at":"2024-09-20 10:17:05","created_by":"5","updated_by":"5"}], 2024-09-20 10:27:43
ERROR - 2024-09-20 10:27:43 --> Error code L001. auctionItemId:75, 2024-09-20 10:27:43
ERROR - 2024-09-20 10:27:43 --> bid calculation initiated auctionItemId:75, 2
ERROR - 2024-09-20 10:27:43 --> Error code 007. HBP:110.00,HABP: 110.00, 2024-09-20 10:27:43
ERROR - 2024-09-20 10:27:43 --> bid calculation Ended auctionItemId:75, 2024-09-20 10:27:43
ERROR - 2024-09-20 10:27:43 --> Error code L002. auctionItemId:75, 2024-09-20 10:27:43
ERROR - 2024-09-20 10:27:43 --> Error code L003. auctionItemId:75, 2024-09-20 10:27:43
ERROR - 2024-09-20 10:27:43 --> Error code L001. auctionItemId:76, 2024-09-20 10:27:43
ERROR - 2024-09-20 10:27:43 --> bid calculation initiated auctionItemId:76, 2
ERROR - 2024-09-20 10:27:43 --> Error code 006. HBP:125.00,HABP: 0.00, 2024-09-20 10:27:43
ERROR - 2024-09-20 10:27:43 --> bid calculation Ended auctionItemId:76, 2024-09-20 10:27:43
ERROR - 2024-09-20 10:27:43 --> Error code L002. auctionItemId:76, 2024-09-20 10:27:43
ERROR - 2024-09-20 10:27:43 --> Error code L003. auctionItemId:76, 2024-09-20 10:27:43
ERROR - 2024-09-20 10:27:45 --> E002 - 2024-09-20 10:27:45
ERROR - 2024-09-20 10:27:45 --> E003 - 2024-09-20 10:27:45
ERROR - 2024-09-20 10:27:45 --> E003.1 - 2024-09-20 10:27:45
ERROR - 2024-09-20 10:28:10 --> current items data:[], 2024-09-20 10:28:10
ERROR - 2024-09-20 10:34:36 --> E004 - 2024-09-20 10:34:36
ERROR - 2024-09-20 10:34:36 --> E004.1 - 2024-09-20 10:34:36
ERROR - 2024-09-20 10:35:38 --> current items data:[{"id":"77","inward_invoice_id":"K1","inward_item_id":"16","auction_id":"18","lot_no":"5","lot_set":"3","auction_quantity":"5","sample_quantity":"1","auction_each_net":"2","base_price":"100","reverse_price":"105","high_price":"0","valuation_price":"110","last_sold_price":null,"status":"1","is_sold":"0","min_bid_added":"0","is_withdrawn":"0","created_at":"2024-09-20 10:16:42","updated_at":"2024-09-20 10:17:05","created_by":"5","updated_by":"5"}], 2024-09-20 10:35:38
ERROR - 2024-09-20 10:35:38 --> Error code L001. auctionItemId:77, 2024-09-20 10:35:38
ERROR - 2024-09-20 10:35:38 --> bid calculation initiated auctionItemId:77, 2
ERROR - 2024-09-20 10:35:38 --> Error code 007. HBP:200.00,HABP: 200.00, 2024-09-20 10:35:38
ERROR - 2024-09-20 10:35:38 --> bid calculation Ended auctionItemId:77, 2024-09-20 10:35:38
ERROR - 2024-09-20 10:35:38 --> Error code L002. auctionItemId:77, 2024-09-20 10:35:38
ERROR - 2024-09-20 10:35:38 --> Error code L003. auctionItemId:77, 2024-09-20 10:35:38
CRITICAL - 2024-09-20 10:42:26 --> ErrorException: Undefined variable $auction_data
in APPPATH/Controllers/Cart.php on line 427.
 1 APPPATH/Controllers/Cart.php(427): CodeIgniter\Debug\Exceptions->errorHandler(2, 'Undefined variable $auction_data', '/var/www/eazyhosting.in/public_html/api/app/Controllers/Cart.php', 427)
 2 SYSTEMPATH/CodeIgniter.php(941): App\Controllers\Cart->auctiongardenlist()
 3 SYSTEMPATH/CodeIgniter.php(502): CodeIgniter\CodeIgniter->runController(Object(App\Controllers\Cart))
 4 SYSTEMPATH/CodeIgniter.php(361): CodeIgniter\CodeIgniter->handleRequest(null, Object(Config\Cache), false)
 5 FCPATH/index.php(79): CodeIgniter\CodeIgniter->run()
CRITICAL - 2024-09-20 10:42:45 --> ErrorException: Undefined variable $auction_data
in APPPATH/Controllers/Cart.php on line 427.
 1 APPPATH/Controllers/Cart.php(427): CodeIgniter\Debug\Exceptions->errorHandler(2, 'Undefined variable $auction_data', '/var/www/eazyhosting.in/public_html/api/app/Controllers/Cart.php', 427)
 2 SYSTEMPATH/CodeIgniter.php(941): App\Controllers\Cart->auctiongardenlist()
 3 SYSTEMPATH/CodeIgniter.php(502): CodeIgniter\CodeIgniter->runController(Object(App\Controllers\Cart))
 4 SYSTEMPATH/CodeIgniter.php(361): CodeIgniter\CodeIgniter->handleRequest(null, Object(Config\Cache), false)
 5 FCPATH/index.php(79): CodeIgniter\CodeIgniter->run()
CRITICAL - 2024-09-20 10:43:08 --> ErrorException: Undefined variable $auction_data
in APPPATH/Controllers/Cart.php on line 427.
 1 APPPATH/Controllers/Cart.php(427): CodeIgniter\Debug\Exceptions->errorHandler(2, 'Undefined variable $auction_data', '/var/www/eazyhosting.in/public_html/api/app/Controllers/Cart.php', 427)
 2 SYSTEMPATH/CodeIgniter.php(941): App\Controllers\Cart->auctiongardenlist()
 3 SYSTEMPATH/CodeIgniter.php(502): CodeIgniter\CodeIgniter->runController(Object(App\Controllers\Cart))
 4 SYSTEMPATH/CodeIgniter.php(361): CodeIgniter\CodeIgniter->handleRequest(null, Object(Config\Cache), false)
 5 FCPATH/index.php(79): CodeIgniter\CodeIgniter->run()
CRITICAL - 2024-09-20 10:43:13 --> ErrorException: Undefined variable $auction_data
in APPPATH/Controllers/Cart.php on line 427.
 1 APPPATH/Controllers/Cart.php(427): CodeIgniter\Debug\Exceptions->errorHandler(2, 'Undefined variable $auction_data', '/var/www/eazyhosting.in/public_html/api/app/Controllers/Cart.php', 427)
 2 SYSTEMPATH/CodeIgniter.php(941): App\Controllers\Cart->auctiongardenlist()
 3 SYSTEMPATH/CodeIgniter.php(502): CodeIgniter\CodeIgniter->runController(Object(App\Controllers\Cart))
 4 SYSTEMPATH/CodeIgniter.php(361): CodeIgniter\CodeIgniter->handleRequest(null, Object(Config\Cache), false)
 5 FCPATH/index.php(79): CodeIgniter\CodeIgniter->run()
CRITICAL - 2024-09-20 10:43:18 --> ErrorException: Undefined variable $auction_data
in APPPATH/Controllers/Cart.php on line 427.
 1 APPPATH/Controllers/Cart.php(427): CodeIgniter\Debug\Exceptions->errorHandler(2, 'Undefined variable $auction_data', '/var/www/eazyhosting.in/public_html/api/app/Controllers/Cart.php', 427)
 2 SYSTEMPATH/CodeIgniter.php(941): App\Controllers\Cart->auctiongardenlist()
 3 SYSTEMPATH/CodeIgniter.php(502): CodeIgniter\CodeIgniter->runController(Object(App\Controllers\Cart))
 4 SYSTEMPATH/CodeIgniter.php(361): CodeIgniter\CodeIgniter->handleRequest(null, Object(Config\Cache), false)
 5 FCPATH/index.php(79): CodeIgniter\CodeIgniter->run()
CRITICAL - 2024-09-20 10:43:23 --> ErrorException: Undefined variable $auction_data
in APPPATH/Controllers/Cart.php on line 427.
 1 APPPATH/Controllers/Cart.php(427): CodeIgniter\Debug\Exceptions->errorHandler(2, 'Undefined variable $auction_data', '/var/www/eazyhosting.in/public_html/api/app/Controllers/Cart.php', 427)
 2 SYSTEMPATH/CodeIgniter.php(941): App\Controllers\Cart->auctiongardenlist()
 3 SYSTEMPATH/CodeIgniter.php(502): CodeIgniter\CodeIgniter->runController(Object(App\Controllers\Cart))
 4 SYSTEMPATH/CodeIgniter.php(361): CodeIgniter\CodeIgniter->handleRequest(null, Object(Config\Cache), false)
 5 FCPATH/index.php(79): CodeIgniter\CodeIgniter->run()
ERROR - 2024-09-20 10:49:59 --> current items data:[{"id":"78","inward_invoice_id":"K2","inward_item_id":"17","auction_id":"19","lot_no":"1","lot_set":"1","auction_quantity":"2","sample_quantity":"1","auction_each_net":"8","base_price":"100","reverse_price":"105","high_price":"0","valuation_price":"110","last_sold_price":null,"status":"1","is_sold":"0","min_bid_added":"0","is_withdrawn":"0","created_at":"2024-09-20 10:43:27","updated_at":"2024-09-20 10:44:07","created_by":"5","updated_by":"5"},{"id":"79","inward_invoice_id":"K3","inward_item_id":"18","auction_id":"19","lot_no":"2","lot_set":"1","auction_quantity":"2","sample_quantity":"1","auction_each_net":"4","base_price":"100","reverse_price":"105","high_price":"0","valuation_price":"110","last_sold_price":null,"status":"1","is_sold":"0","min_bid_added":"0","is_withdrawn":"0","created_at":"2024-09-20 10:43:27","updated_at":"2024-09-20 10:44:07","created_by":"5","updated_by":"5"}], 2024-09-20 10:49:59
ERROR - 2024-09-20 10:49:59 --> Error code L001. auctionItemId:78, 2024-09-20 10:49:59
ERROR - 2024-09-20 10:49:59 --> bid calculation initiated auctionItemId:78, 2
ERROR - 2024-09-20 10:49:59 --> Error code 007. HBP:0,HABP: 0.00, 2024-09-20 10:49:59
CRITICAL - 2024-09-20 10:49:59 --> ErrorException: Trying to access array offset on value of type null
in APPPATH/Helpers/AuctionBiddingHelper.php on line 458.
 1 APPPATH/Helpers/AuctionBiddingHelper.php(458): CodeIgniter\Debug\Exceptions->errorHandler(2, 'Trying to access array offset on value of type null', '/var/www/eazyhosting.in/public_html/api/app/Helpers/AuctionBiddingHelper.php', 458)
 2 APPPATH/Controllers/BuyerDashboard.php(443): App\Helpers\AuctionBiddingHelper::auctionBiddingCalculate('78', '105')
 3 SYSTEMPATH/CodeIgniter.php(941): App\Controllers\BuyerDashboard->movetoclosed()
 4 SYSTEMPATH/CodeIgniter.php(502): CodeIgniter\CodeIgniter->runController(Object(App\Controllers\BuyerDashboard))
 5 SYSTEMPATH/CodeIgniter.php(361): CodeIgniter\CodeIgniter->handleRequest(null, Object(Config\Cache), false)
 6 FCPATH/index.php(79): CodeIgniter\CodeIgniter->run()
ERROR - 2024-09-20 10:49:59 --> current items data:[{"id":"78","inward_invoice_id":"K2","inward_item_id":"17","auction_id":"19","lot_no":"1","lot_set":"1","auction_quantity":"2","sample_quantity":"1","auction_each_net":"8","base_price":"100","reverse_price":"105","high_price":"0","valuation_price":"110","last_sold_price":null,"status":"1","is_sold":"0","min_bid_added":"0","is_withdrawn":"0","created_at":"2024-09-20 10:43:27","updated_at":"2024-09-20 10:44:07","created_by":"5","updated_by":"5"},{"id":"79","inward_invoice_id":"K3","inward_item_id":"18","auction_id":"19","lot_no":"2","lot_set":"1","auction_quantity":"2","sample_quantity":"1","auction_each_net":"4","base_price":"100","reverse_price":"105","high_price":"0","valuation_price":"110","last_sold_price":null,"status":"1","is_sold":"0","min_bid_added":"0","is_withdrawn":"0","created_at":"2024-09-20 10:43:27","updated_at":"2024-09-20 10:44:07","created_by":"5","updated_by":"5"}], 2024-09-20 10:49:59
ERROR - 2024-09-20 10:49:59 --> Error code L001. auctionItemId:78, 2024-09-20 10:49:59
ERROR - 2024-09-20 10:49:59 --> bid calculation initiated auctionItemId:78, 2
ERROR - 2024-09-20 10:49:59 --> Error code 007. HBP:0,HABP: 0.00, 2024-09-20 10:49:59
CRITICAL - 2024-09-20 10:49:59 --> ErrorException: Trying to access array offset on value of type null
in APPPATH/Helpers/AuctionBiddingHelper.php on line 458.
 1 APPPATH/Helpers/AuctionBiddingHelper.php(458): CodeIgniter\Debug\Exceptions->errorHandler(2, 'Trying to access array offset on value of type null', '/var/www/eazyhosting.in/public_html/api/app/Helpers/AuctionBiddingHelper.php', 458)
 2 APPPATH/Controllers/BuyerDashboard.php(443): App\Helpers\AuctionBiddingHelper::auctionBiddingCalculate('78', '105')
 3 SYSTEMPATH/CodeIgniter.php(941): App\Controllers\BuyerDashboard->movetoclosed()
 4 SYSTEMPATH/CodeIgniter.php(502): CodeIgniter\CodeIgniter->runController(Object(App\Controllers\BuyerDashboard))
 5 SYSTEMPATH/CodeIgniter.php(361): CodeIgniter\CodeIgniter->handleRequest(null, Object(Config\Cache), false)
 6 FCPATH/index.php(79): CodeIgniter\CodeIgniter->run()
ERROR - 2024-09-20 11:01:27 --> current items data:[{"id":"78","inward_invoice_id":"K2","inward_item_id":"17","auction_id":"19","lot_no":"1","lot_set":"1","auction_quantity":"2","sample_quantity":"1","auction_each_net":"8","base_price":"100","reverse_price":"105","high_price":"0","valuation_price":"110","last_sold_price":null,"status":"1","is_sold":"0","min_bid_added":"0","is_withdrawn":"0","created_at":"2024-09-20 10:43:27","updated_at":"2024-09-20 10:44:07","created_by":"5","updated_by":"5"},{"id":"79","inward_invoice_id":"K3","inward_item_id":"18","auction_id":"19","lot_no":"2","lot_set":"1","auction_quantity":"2","sample_quantity":"1","auction_each_net":"4","base_price":"100","reverse_price":"105","high_price":"0","valuation_price":"110","last_sold_price":null,"status":"1","is_sold":"0","min_bid_added":"0","is_withdrawn":"0","created_at":"2024-09-20 10:43:27","updated_at":"2024-09-20 10:44:07","created_by":"5","updated_by":"5"}], 2024-09-20 11:01:27
ERROR - 2024-09-20 11:01:27 --> Error code L001. auctionItemId:78, 2024-09-20 11:01:27
ERROR - 2024-09-20 11:01:27 --> bid calculation initiated auctionItemId:78, 2
ERROR - 2024-09-20 11:01:27 --> Error code 007. HBP:0,HABP: 0.00, 2024-09-20 11:01:27
CRITICAL - 2024-09-20 11:01:27 --> ErrorException: Trying to access array offset on value of type null
in APPPATH/Helpers/AuctionBiddingHelper.php on line 458.
 1 APPPATH/Helpers/AuctionBiddingHelper.php(458): CodeIgniter\Debug\Exceptions->errorHandler(2, 'Trying to access array offset on value of type null', '/var/www/eazyhosting.in/public_html/api/app/Helpers/AuctionBiddingHelper.php', 458)
 2 APPPATH/Controllers/BuyerDashboard.php(443): App\Helpers\AuctionBiddingHelper::auctionBiddingCalculate('78', '105')
 3 SYSTEMPATH/CodeIgniter.php(941): App\Controllers\BuyerDashboard->movetoclosed()
 4 SYSTEMPATH/CodeIgniter.php(502): CodeIgniter\CodeIgniter->runController(Object(App\Controllers\BuyerDashboard))
 5 SYSTEMPATH/CodeIgniter.php(361): CodeIgniter\CodeIgniter->handleRequest(null, Object(Config\Cache), false)
 6 FCPATH/index.php(79): CodeIgniter\CodeIgniter->run()
ERROR - 2024-09-20 11:52:25 --> current items data:[{"id":"78","inward_invoice_id":"K2","inward_item_id":"17","auction_id":"19","lot_no":"1","lot_set":"1","auction_quantity":"2","sample_quantity":"1","auction_each_net":"8","base_price":"100","reverse_price":"105","high_price":"0","valuation_price":"110","last_sold_price":null,"status":"1","is_sold":"0","min_bid_added":"0","is_withdrawn":"0","created_at":"2024-09-20 10:43:27","updated_at":"2024-09-20 10:44:07","created_by":"5","updated_by":"5"},{"id":"79","inward_invoice_id":"K3","inward_item_id":"18","auction_id":"19","lot_no":"2","lot_set":"1","auction_quantity":"2","sample_quantity":"1","auction_each_net":"4","base_price":"100","reverse_price":"105","high_price":"0","valuation_price":"110","last_sold_price":null,"status":"1","is_sold":"0","min_bid_added":"0","is_withdrawn":"0","created_at":"2024-09-20 10:43:27","updated_at":"2024-09-20 10:44:07","created_by":"5","updated_by":"5"}], 2024-09-20 11:52:25
ERROR - 2024-09-20 11:52:25 --> Error code L001. auctionItemId:78, 2024-09-20 11:52:25
ERROR - 2024-09-20 11:52:25 --> bid calculation initiated auctionItemId:78, 2
ERROR - 2024-09-20 11:52:25 --> Error code 007. HBP:0,HABP: 0.00, 2024-09-20 11:52:25
CRITICAL - 2024-09-20 11:52:25 --> ErrorException: Trying to access array offset on value of type null
in APPPATH/Helpers/AuctionBiddingHelper.php on line 458.
 1 APPPATH/Helpers/AuctionBiddingHelper.php(458): CodeIgniter\Debug\Exceptions->errorHandler(2, 'Trying to access array offset on value of type null', '/var/www/eazyhosting.in/public_html/api/app/Helpers/AuctionBiddingHelper.php', 458)
 2 APPPATH/Controllers/BuyerDashboard.php(443): App\Helpers\AuctionBiddingHelper::auctionBiddingCalculate('78', '105')
 3 SYSTEMPATH/CodeIgniter.php(941): App\Controllers\BuyerDashboard->movetoclosed()
 4 SYSTEMPATH/CodeIgniter.php(502): CodeIgniter\CodeIgniter->runController(Object(App\Controllers\BuyerDashboard))
 5 SYSTEMPATH/CodeIgniter.php(361): CodeIgniter\CodeIgniter->handleRequest(null, Object(Config\Cache), false)
 6 FCPATH/index.php(79): CodeIgniter\CodeIgniter->run()
ERROR - 2024-09-20 11:55:43 --> current items data:[{"id":"78","inward_invoice_id":"K2","inward_item_id":"17","auction_id":"19","lot_no":"1","lot_set":"1","auction_quantity":"2","sample_quantity":"1","auction_each_net":"8","base_price":"100","reverse_price":"105","high_price":"0","valuation_price":"110","last_sold_price":null,"status":"1","is_sold":"0","min_bid_added":"0","is_withdrawn":"0","created_at":"2024-09-20 10:43:27","updated_at":"2024-09-20 10:44:07","created_by":"5","updated_by":"5"},{"id":"79","inward_invoice_id":"K3","inward_item_id":"18","auction_id":"19","lot_no":"2","lot_set":"1","auction_quantity":"2","sample_quantity":"1","auction_each_net":"4","base_price":"100","reverse_price":"105","high_price":"0","valuation_price":"110","last_sold_price":null,"status":"1","is_sold":"0","min_bid_added":"0","is_withdrawn":"0","created_at":"2024-09-20 10:43:27","updated_at":"2024-09-20 10:44:07","created_by":"5","updated_by":"5"}], 2024-09-20 11:55:43
ERROR - 2024-09-20 11:55:43 --> Error code L001. auctionItemId:78, 2024-09-20 11:55:43
ERROR - 2024-09-20 11:55:43 --> bid calculation initiated auctionItemId:78, 2
ERROR - 2024-09-20 11:55:43 --> Error code 007. HBP:0,HABP: 0.00, 2024-09-20 11:55:43
CRITICAL - 2024-09-20 11:55:43 --> ErrorException: Trying to access array offset on value of type null
in APPPATH/Helpers/AuctionBiddingHelper.php on line 458.
 1 APPPATH/Helpers/AuctionBiddingHelper.php(458): CodeIgniter\Debug\Exceptions->errorHandler(2, 'Trying to access array offset on value of type null', '/var/www/eazyhosting.in/public_html/api/app/Helpers/AuctionBiddingHelper.php', 458)
 2 APPPATH/Controllers/BuyerDashboard.php(443): App\Helpers\AuctionBiddingHelper::auctionBiddingCalculate('78', '105')
 3 SYSTEMPATH/CodeIgniter.php(941): App\Controllers\BuyerDashboard->movetoclosed()
 4 SYSTEMPATH/CodeIgniter.php(502): CodeIgniter\CodeIgniter->runController(Object(App\Controllers\BuyerDashboard))
 5 SYSTEMPATH/CodeIgniter.php(361): CodeIgniter\CodeIgniter->handleRequest(null, Object(Config\Cache), false)
 6 FCPATH/index.php(79): CodeIgniter\CodeIgniter->run()
ERROR - 2024-09-20 12:05:33 --> current items data:[{"id":"78","inward_invoice_id":"K2","inward_item_id":"17","auction_id":"19","lot_no":"1","lot_set":"1","auction_quantity":"2","sample_quantity":"1","auction_each_net":"8","base_price":"100","reverse_price":"105","high_price":"0","valuation_price":"110","last_sold_price":null,"status":"1","is_sold":"0","min_bid_added":"0","is_withdrawn":"0","created_at":"2024-09-20 10:43:27","updated_at":"2024-09-20 10:44:07","created_by":"5","updated_by":"5"},{"id":"79","inward_invoice_id":"K3","inward_item_id":"18","auction_id":"19","lot_no":"2","lot_set":"1","auction_quantity":"2","sample_quantity":"1","auction_each_net":"4","base_price":"100","reverse_price":"105","high_price":"0","valuation_price":"110","last_sold_price":null,"status":"1","is_sold":"0","min_bid_added":"0","is_withdrawn":"0","created_at":"2024-09-20 10:43:27","updated_at":"2024-09-20 10:44:07","created_by":"5","updated_by":"5"}], 2024-09-20 12:05:33
ERROR - 2024-09-20 12:05:33 --> Error code L001. auctionItemId:78, 2024-09-20 12:05:33
ERROR - 2024-09-20 12:05:33 --> bid calculation initiated auctionItemId:78, 2
ERROR - 2024-09-20 12:05:33 --> Error code 007. HBP:0,HABP: 0.00, 2024-09-20 12:05:33
CRITICAL - 2024-09-20 12:05:33 --> ErrorException: Trying to access array offset on value of type null
in APPPATH/Helpers/AuctionBiddingHelper.php on line 458.
 1 APPPATH/Helpers/AuctionBiddingHelper.php(458): CodeIgniter\Debug\Exceptions->errorHandler(2, 'Trying to access array offset on value of type null', '/var/www/eazyhosting.in/public_html/api/app/Helpers/AuctionBiddingHelper.php', 458)
 2 APPPATH/Controllers/BuyerDashboard.php(443): App\Helpers\AuctionBiddingHelper::auctionBiddingCalculate('78', '105')
 3 SYSTEMPATH/CodeIgniter.php(941): App\Controllers\BuyerDashboard->movetoclosed()
 4 SYSTEMPATH/CodeIgniter.php(502): CodeIgniter\CodeIgniter->runController(Object(App\Controllers\BuyerDashboard))
 5 SYSTEMPATH/CodeIgniter.php(361): CodeIgniter\CodeIgniter->handleRequest(null, Object(Config\Cache), false)
 6 FCPATH/index.php(79): CodeIgniter\CodeIgniter->run()
ERROR - 2024-09-20 19:23:34 --> E001 - 2024-09-20 07:23:34
ERROR - 2024-09-20 19:23:38 --> current items data:[{"id":"78","inward_invoice_id":"K2","inward_item_id":"17","auction_id":"19","lot_no":"1","lot_set":"1","auction_quantity":"2","sample_quantity":"1","auction_each_net":"8","base_price":"100","reverse_price":"105","high_price":"0","valuation_price":"110","last_sold_price":null,"status":"1","is_sold":"0","min_bid_added":"0","is_withdrawn":"0","created_at":"2024-09-20 10:43:27","updated_at":"2024-09-20 10:44:07","created_by":"5","updated_by":"5"},{"id":"79","inward_invoice_id":"K3","inward_item_id":"18","auction_id":"19","lot_no":"2","lot_set":"1","auction_quantity":"2","sample_quantity":"1","auction_each_net":"4","base_price":"100","reverse_price":"105","high_price":"0","valuation_price":"110","last_sold_price":null,"status":"1","is_sold":"0","min_bid_added":"0","is_withdrawn":"0","created_at":"2024-09-20 10:43:27","updated_at":"2024-09-20 10:44:07","created_by":"5","updated_by":"5"}], 2024-09-20 07:23:38
ERROR - 2024-09-20 19:23:38 --> Error code L001. auctionItemId:78, 2024-09-20 07:23:38
ERROR - 2024-09-20 19:23:38 --> bid calculation initiated auctionItemId:78, 2
ERROR - 2024-09-20 19:23:38 --> bidding value array:{"id":"214","auction_item_id":"78","buyer_id":"3","bid_price":"102.00","sq":"1.000","bq":"1.000","bid_type":"0","created_at":"2024-09-20 19:23:34","updated_at":"2024-09-20 19:23:34"}
ERROR - 2024-09-20 19:23:38 --> Error code 006. HBP:102.00,HABP: 0, 2024-09-20 07:23:38
ERROR - 2024-09-20 19:23:38 --> bid calculation Ended auctionItemId:78, 2024-09-20 07:23:38
ERROR - 2024-09-20 19:23:38 --> Error code L002. auctionItemId:78, 2024-09-20 07:23:38
ERROR - 2024-09-20 19:23:38 --> Error code L003. auctionItemId:78, 2024-09-20 07:23:38
ERROR - 2024-09-20 19:23:38 --> Error code L001. auctionItemId:79, 2024-09-20 07:23:38
ERROR - 2024-09-20 19:23:38 --> bid calculation initiated auctionItemId:79, 2
ERROR - 2024-09-20 19:23:38 --> bidding value array:{"id":"213","auction_item_id":"79","buyer_id":"3","bid_price":"130.00","sq":"1.000","bq":"1.000","bid_type":"0","created_at":"2024-09-20 10:48:27","updated_at":"2024-09-20 10:48:27"}
ERROR - 2024-09-20 19:23:38 --> Error code 006. HBP:130.00,HABP: 0, 2024-09-20 07:23:38
ERROR - 2024-09-20 19:23:38 --> bid calculation Ended auctionItemId:79, 2024-09-20 07:23:38
ERROR - 2024-09-20 19:23:38 --> Error code L002. auctionItemId:79, 2024-09-20 07:23:38
ERROR - 2024-09-20 19:23:38 --> Error code L003. auctionItemId:79, 2024-09-20 07:23:38
ERROR - 2024-09-20 19:23:39 --> E004 - 2024-09-20 07:23:39
ERROR - 2024-09-20 19:23:39 --> E004.3 - 2024-09-20 07:23:39
ERROR - 2024-09-20 19:23:39 --> E004 - 2024-09-20 07:23:39
ERROR - 2024-09-20 19:23:39 --> E004.3 - 2024-09-20 07:23:39
ERROR - 2024-09-20 19:26:09 --> current items data:[{"id":"80","inward_invoice_id":"K1","inward_item_id":"16","auction_id":"19","lot_no":"3","lot_set":"2","auction_quantity":"2","sample_quantity":"1","auction_each_net":"2","base_price":"100","reverse_price":"105","high_price":"0","valuation_price":"110","last_sold_price":null,"status":"1","is_sold":"0","min_bid_added":"0","is_withdrawn":"0","created_at":"2024-09-20 10:43:27","updated_at":"2024-09-20 10:44:07","created_by":"5","updated_by":"5"},{"id":"81","inward_invoice_id":"WA1","inward_item_id":"21","auction_id":"19","lot_no":"4","lot_set":"2","auction_quantity":"1","sample_quantity":"0","auction_each_net":"35","base_price":"100","reverse_price":"105","high_price":"0","valuation_price":"110","last_sold_price":null,"status":"1","is_sold":"0","min_bid_added":"0","is_withdrawn":"0","created_at":"2024-09-20 10:43:27","updated_at":"2024-09-20 10:44:07","created_by":"5","updated_by":"5"}], 2024-09-20 07:26:09
ERROR - 2024-09-20 19:26:09 --> Error code L001. auctionItemId:80, 2024-09-20 07:26:09
ERROR - 2024-09-20 19:26:09 --> bid calculation initiated auctionItemId:80, 2
ERROR - 2024-09-20 19:26:09 --> bidding value array:{"id":"217","auction_item_id":"80","buyer_id":"3","bid_price":"110.00","sq":"1.000","bq":"1.000","bid_type":"1","created_at":"2024-09-20 19:23:39","updated_at":"2024-09-20 19:23:39"}
ERROR - 2024-09-20 19:26:09 --> Error code 007. HBP:110.00,HABP: 110, 2024-09-20 07:26:09
ERROR - 2024-09-20 19:26:09 --> bid calculation Ended auctionItemId:80, 2024-09-20 07:26:09
ERROR - 2024-09-20 19:26:09 --> Error code L002. auctionItemId:80, 2024-09-20 07:26:09
ERROR - 2024-09-20 19:26:09 --> Error code L003. auctionItemId:80, 2024-09-20 07:26:09
ERROR - 2024-09-20 19:26:09 --> Error code L001. auctionItemId:81, 2024-09-20 07:26:09
ERROR - 2024-09-20 19:26:09 --> bid calculation initiated auctionItemId:81, 2
ERROR - 2024-09-20 19:26:09 --> bidding value array:{"id":"218","auction_item_id":"81","buyer_id":"3","bid_price":"120.00","sq":"1.000","bq":"1.000","bid_type":"1","created_at":"2024-09-20 19:23:39","updated_at":"2024-09-20 19:23:39"}
ERROR - 2024-09-20 19:26:09 --> Error code 007. HBP:120.00,HABP: 120, 2024-09-20 07:26:09
ERROR - 2024-09-20 19:26:09 --> bid calculation Ended auctionItemId:81, 2024-09-20 07:26:09
ERROR - 2024-09-20 19:26:09 --> Error code L002. auctionItemId:81, 2024-09-20 07:26:09
ERROR - 2024-09-20 19:26:09 --> Error code L003. auctionItemId:81, 2024-09-20 07:26:09
ERROR - 2024-09-20 19:36:44 --> current items data:[{"id":"82","inward_invoice_id":"WA5","inward_item_id":"25","auction_id":"19","lot_no":"5","lot_set":"3","auction_quantity":"2","sample_quantity":"0","auction_each_net":"21","base_price":"100","reverse_price":"105","high_price":"0","valuation_price":"110","last_sold_price":null,"status":"1","is_sold":"0","min_bid_added":"0","is_withdrawn":"0","created_at":"2024-09-20 10:43:27","updated_at":"2024-09-20 10:44:07","created_by":"5","updated_by":"5"},{"id":"83","inward_invoice_id":"WA2","inward_item_id":"22","auction_id":"19","lot_no":"6","lot_set":"3","auction_quantity":"2","sample_quantity":"0","auction_each_net":"5","base_price":"100","reverse_price":"105","high_price":"0","valuation_price":"110","last_sold_price":null,"status":"1","is_sold":"0","min_bid_added":"0","is_withdrawn":"0","created_at":"2024-09-20 10:43:27","updated_at":"2024-09-20 10:44:07","created_by":"5","updated_by":"5"}], 2024-09-20 07:36:44
ERROR - 2024-09-20 19:36:44 --> Error code L001. auctionItemId:82, 2024-09-20 07:36:44
ERROR - 2024-09-20 19:36:44 --> bid calculation initiated auctionItemId:82, 0
ERROR - 2024-09-20 19:36:44 --> bid calculation Ended auctionItemId:82, 2024-09-20 07:36:44
ERROR - 2024-09-20 19:36:44 --> Error code L002. auctionItemId:82, 2024-09-20 07:36:44
ERROR - 2024-09-20 19:36:44 --> Error code L003. auctionItemId:82, 2024-09-20 07:36:44
ERROR - 2024-09-20 19:36:44 --> Error code L001. auctionItemId:83, 2024-09-20 07:36:44
ERROR - 2024-09-20 19:36:44 --> bid calculation initiated auctionItemId:83, 0
ERROR - 2024-09-20 19:36:44 --> bid calculation Ended auctionItemId:83, 2024-09-20 07:36:44
ERROR - 2024-09-20 19:36:44 --> Error code L002. auctionItemId:83, 2024-09-20 07:36:44
ERROR - 2024-09-20 19:36:44 --> Error code L003. auctionItemId:83, 2024-09-20 07:36:44
ERROR - 2024-09-20 19:45:21 --> current items data:[{"id":"84","inward_invoice_id":"WA3","inward_item_id":"23","auction_id":"19","lot_no":"7","lot_set":"4","auction_quantity":"3","sample_quantity":"0","auction_each_net":"17","base_price":"100","reverse_price":"105","high_price":"0","valuation_price":"110","last_sold_price":null,"status":"1","is_sold":"0","min_bid_added":"0","is_withdrawn":"0","created_at":"2024-09-20 10:43:27","updated_at":"2024-09-20 10:44:07","created_by":"5","updated_by":"5"},{"id":"85","inward_invoice_id":"WA4","inward_item_id":"24","auction_id":"19","lot_no":"8","lot_set":"4","auction_quantity":"1","sample_quantity":"0","auction_each_net":"11","base_price":"100","reverse_price":"105","high_price":"0","valuation_price":"110","last_sold_price":null,"status":"1","is_sold":"0","min_bid_added":"0","is_withdrawn":"0","created_at":"2024-09-20 10:43:27","updated_at":"2024-09-20 10:44:07","created_by":"5","updated_by":"5"}], 2024-09-20 07:45:21
ERROR - 2024-09-20 19:45:21 --> Error code L001. auctionItemId:84, 2024-09-20 07:45:21
ERROR - 2024-09-20 19:45:21 --> bid calculation initiated auctionItemId:84, 0
ERROR - 2024-09-20 19:45:21 --> bid calculation Ended auctionItemId:84, 2024-09-20 07:45:21
ERROR - 2024-09-20 19:45:21 --> Error code L002. auctionItemId:84, 2024-09-20 07:45:21
ERROR - 2024-09-20 19:45:21 --> Error code L003. auctionItemId:84, 2024-09-20 07:45:21
ERROR - 2024-09-20 19:45:21 --> Error code L001. auctionItemId:85, 2024-09-20 07:45:21
ERROR - 2024-09-20 19:45:21 --> bid calculation initiated auctionItemId:85, 0
ERROR - 2024-09-20 19:45:21 --> bid calculation Ended auctionItemId:85, 2024-09-20 07:45:21
ERROR - 2024-09-20 19:45:21 --> Error code L002. auctionItemId:85, 2024-09-20 07:45:21
ERROR - 2024-09-20 19:45:21 --> Error code L003. auctionItemId:85, 2024-09-20 07:45:21
CRITICAL - 2024-09-20 19:46:33 --> ErrorException: Undefined variable $auction_data
in APPPATH/Controllers/Cart.php on line 427.
 1 APPPATH/Controllers/Cart.php(427): CodeIgniter\Debug\Exceptions->errorHandler(2, 'Undefined variable $auction_data', '/var/www/eazyhosting.in/public_html/api/app/Controllers/Cart.php', 427)
 2 SYSTEMPATH/CodeIgniter.php(941): App\Controllers\Cart->auctiongardenlist()
 3 SYSTEMPATH/CodeIgniter.php(502): CodeIgniter\CodeIgniter->runController(Object(App\Controllers\Cart))
 4 SYSTEMPATH/CodeIgniter.php(361): CodeIgniter\CodeIgniter->handleRequest(null, Object(Config\Cache), false)
 5 FCPATH/index.php(79): CodeIgniter\CodeIgniter->run()
CRITICAL - 2024-09-20 19:46:57 --> ErrorException: Undefined variable $auction_data
in APPPATH/Controllers/Cart.php on line 427.
 1 APPPATH/Controllers/Cart.php(427): CodeIgniter\Debug\Exceptions->errorHandler(2, 'Undefined variable $auction_data', '/var/www/eazyhosting.in/public_html/api/app/Controllers/Cart.php', 427)
 2 SYSTEMPATH/CodeIgniter.php(941): App\Controllers\Cart->auctiongardenlist()
 3 SYSTEMPATH/CodeIgniter.php(502): CodeIgniter\CodeIgniter->runController(Object(App\Controllers\Cart))
 4 SYSTEMPATH/CodeIgniter.php(361): CodeIgniter\CodeIgniter->handleRequest(null, Object(Config\Cache), false)
 5 FCPATH/index.php(79): CodeIgniter\CodeIgniter->run()
CRITICAL - 2024-09-20 19:47:02 --> ErrorException: Undefined variable $auction_data
in APPPATH/Controllers/Cart.php on line 427.
 1 APPPATH/Controllers/Cart.php(427): CodeIgniter\Debug\Exceptions->errorHandler(2, 'Undefined variable $auction_data', '/var/www/eazyhosting.in/public_html/api/app/Controllers/Cart.php', 427)
 2 SYSTEMPATH/CodeIgniter.php(941): App\Controllers\Cart->auctiongardenlist()
 3 SYSTEMPATH/CodeIgniter.php(502): CodeIgniter\CodeIgniter->runController(Object(App\Controllers\Cart))
 4 SYSTEMPATH/CodeIgniter.php(361): CodeIgniter\CodeIgniter->handleRequest(null, Object(Config\Cache), false)
 5 FCPATH/index.php(79): CodeIgniter\CodeIgniter->run()
ERROR - 2024-09-20 19:51:56 --> E001 - 2024-09-20 07:51:56
ERROR - 2024-09-20 19:51:56 --> E002 - 2024-09-20 07:51:56
ERROR - 2024-09-20 19:51:56 --> E002.1 - 2024-09-20 07:51:56
ERROR - 2024-09-20 19:54:27 --> current items data:[{"id":"86","inward_invoice_id":"WA5","inward_item_id":"25","auction_id":"20","lot_no":"1","lot_set":"1","auction_quantity":"1","sample_quantity":"0","auction_each_net":"21","base_price":"100","reverse_price":"200","high_price":"0","valuation_price":"300","last_sold_price":null,"status":"1","is_sold":"0","min_bid_added":"0","is_withdrawn":"0","created_at":"2024-09-20 19:47:05","updated_at":"2024-09-20 19:47:49","created_by":"3","updated_by":"3"},{"id":"87","inward_invoice_id":"WA4","inward_item_id":"24","auction_id":"20","lot_no":"2","lot_set":"1","auction_quantity":"1","sample_quantity":"0","auction_each_net":"11","base_price":"100","reverse_price":"200","high_price":"0","valuation_price":"300","last_sold_price":null,"status":"1","is_sold":"0","min_bid_added":"0","is_withdrawn":"0","created_at":"2024-09-20 19:47:05","updated_at":"2024-09-20 19:47:49","created_by":"3","updated_by":"3"}], 2024-09-20 07:54:27
ERROR - 2024-09-20 19:54:27 --> Error code L001. auctionItemId:86, 2024-09-20 07:54:27
ERROR - 2024-09-20 19:54:27 --> bid calculation initiated auctionItemId:86, 1
ERROR - 2024-09-20 19:54:27 --> bidding value array:{"id":"221","auction_item_id":"86","buyer_id":"1","bid_price":"120.00","sq":"1.000","bq":"1.000","bid_type":"0","created_at":"2024-09-20 19:51:56","updated_at":"2024-09-20 19:51:56"}
ERROR - 2024-09-20 19:54:27 --> Error code 006. HBP:120.00,HABP: 0, 2024-09-20 07:54:27
ERROR - 2024-09-20 19:54:27 --> bid calculation Ended auctionItemId:86, 2024-09-20 07:54:27
ERROR - 2024-09-20 19:54:27 --> Error code L002. auctionItemId:86, 2024-09-20 07:54:27
ERROR - 2024-09-20 19:54:27 --> Error code L003. auctionItemId:86, 2024-09-20 07:54:27
ERROR - 2024-09-20 19:54:27 --> Error code L001. auctionItemId:87, 2024-09-20 07:54:27
ERROR - 2024-09-20 19:54:27 --> bid calculation initiated auctionItemId:87, 1
ERROR - 2024-09-20 19:54:27 --> bidding value array:{"id":"222","auction_item_id":"87","buyer_id":"1","bid_price":"105.00","sq":"1.000","bq":"1.000","bid_type":"1","created_at":"2024-09-20 19:51:56","updated_at":"2024-09-20 19:51:56"}
ERROR - 2024-09-20 19:54:27 --> Error code 001. HBP:105.00,HABP: 1000, 2024-09-20 07:54:27
ERROR - 2024-09-20 19:54:27 --> Error code 002. HBP:105.00,RP: 200, 2024-09-20 07:54:27
ERROR - 2024-09-20 19:54:27 --> bid calculation Ended auctionItemId:87, 2024-09-20 07:54:27
ERROR - 2024-09-20 19:54:27 --> Error code L002. auctionItemId:87, 2024-09-20 07:54:27
ERROR - 2024-09-20 19:54:27 --> Error code L003. auctionItemId:87, 2024-09-20 07:54:27
ERROR - 2024-09-20 19:54:28 --> E004 - 2024-09-20 07:54:28
ERROR - 2024-09-20 19:54:28 --> E004.2 - 2024-09-20 07:54:28
ERROR - 2024-09-20 19:54:28 --> E001 - 2024-09-20 07:54:28
ERROR - 2024-09-20 19:57:44 --> current items data:[{"id":"88","inward_invoice_id":"R1","inward_item_id":"26","auction_id":"20","lot_no":"3","lot_set":"2","auction_quantity":"1","sample_quantity":"1","auction_each_net":"20","base_price":"100","reverse_price":"200","high_price":"0","valuation_price":"300","last_sold_price":null,"status":"1","is_sold":"0","min_bid_added":"0","is_withdrawn":"0","created_at":"2024-09-20 19:47:05","updated_at":"2024-09-20 19:47:49","created_by":"3","updated_by":"3"},{"id":"89","inward_invoice_id":"R4","inward_item_id":"29","auction_id":"20","lot_no":"4","lot_set":"2","auction_quantity":"1","sample_quantity":"1","auction_each_net":"11","base_price":"100","reverse_price":"200","high_price":"0","valuation_price":"300","last_sold_price":null,"status":"1","is_sold":"0","min_bid_added":"0","is_withdrawn":"0","created_at":"2024-09-20 19:47:05","updated_at":"2024-09-20 19:47:49","created_by":"3","updated_by":"3"}], 2024-09-20 07:57:44
ERROR - 2024-09-20 19:57:44 --> Error code L001. auctionItemId:88, 2024-09-20 07:57:44
ERROR - 2024-09-20 19:57:44 --> bid calculation initiated auctionItemId:88, 1
ERROR - 2024-09-20 19:57:44 --> bidding value array:{"id":"225","auction_item_id":"88","buyer_id":"1","bid_price":"155.00","sq":"1.000","bq":"1.000","bid_type":"1","created_at":"2024-09-20 19:54:28","updated_at":"2024-09-20 19:54:28"}
ERROR - 2024-09-20 19:57:44 --> Error code 001. HBP:155.00,HABP: 1200, 2024-09-20 07:57:44
ERROR - 2024-09-20 19:57:44 --> Error code 002. HBP:155.00,RP: 200, 2024-09-20 07:57:44
ERROR - 2024-09-20 19:57:44 --> bid calculation Ended auctionItemId:88, 2024-09-20 07:57:44
ERROR - 2024-09-20 19:57:44 --> Error code L002. auctionItemId:88, 2024-09-20 07:57:44
ERROR - 2024-09-20 19:57:44 --> Error code L003. auctionItemId:88, 2024-09-20 07:57:44
ERROR - 2024-09-20 19:57:44 --> Error code L001. auctionItemId:89, 2024-09-20 07:57:44
ERROR - 2024-09-20 19:57:44 --> bid calculation initiated auctionItemId:89, 1
ERROR - 2024-09-20 19:57:44 --> bidding value array:{"id":"226","auction_item_id":"89","buyer_id":"1","bid_price":"101.00","sq":"1.000","bq":"1.000","bid_type":"0","created_at":"2024-09-20 19:54:28","updated_at":"2024-09-20 19:54:28"}
ERROR - 2024-09-20 19:57:44 --> Error code 006. HBP:101.00,HABP: 0, 2024-09-20 07:57:44
ERROR - 2024-09-20 19:57:44 --> bid calculation Ended auctionItemId:89, 2024-09-20 07:57:44
ERROR - 2024-09-20 19:57:44 --> Error code L002. auctionItemId:89, 2024-09-20 07:57:44
ERROR - 2024-09-20 19:57:44 --> Error code L003. auctionItemId:89, 2024-09-20 07:57:44
ERROR - 2024-09-20 20:00:40 --> current items data:[{"id":"90","inward_invoice_id":"WD3","inward_item_id":"43","auction_id":"20","lot_no":"5","lot_set":"3","auction_quantity":"1","sample_quantity":"1","auction_each_net":"6","base_price":"100","reverse_price":"200","high_price":"0","valuation_price":"300","last_sold_price":null,"status":"1","is_sold":"0","min_bid_added":"0","is_withdrawn":"0","created_at":"2024-09-20 19:47:05","updated_at":"2024-09-20 19:47:49","created_by":"3","updated_by":"3"}], 2024-09-20 08:00:40
ERROR - 2024-09-20 20:00:40 --> Error code L001. auctionItemId:90, 2024-09-20 08:00:40
ERROR - 2024-09-20 20:00:40 --> bid calculation initiated auctionItemId:90, 0
ERROR - 2024-09-20 20:00:40 --> bid calculation Ended auctionItemId:90, 2024-09-20 08:00:40
ERROR - 2024-09-20 20:00:40 --> Error code L002. auctionItemId:90, 2024-09-20 08:00:40
ERROR - 2024-09-20 20:00:40 --> Error code L003. auctionItemId:90, 2024-09-20 08:00:40
