CRITICAL - 2024-05-15 12:32:19 --> ErrorException: Undefined variable $data
in APPPATH\Controllers\Cart.php on line 494.
 1 APPPATH\Controllers\Cart.php(494): CodeIgniter\Debug\Exceptions->errorHandler(2, 'Undefined variable $data', 'F:\\xampp\\htdocs\\oams_staging\\api\\app\\Controllers\\Cart.php', 494)
 2 SYSTEMPATH\CodeIgniter.php(941): App\Controllers\Cart->auctiongardenlist()
 3 SYSTEMPATH\CodeIgniter.php(502): CodeIgniter\CodeIgniter->runController(Object(App\Controllers\Cart))
 4 SYSTEMPATH\CodeIgniter.php(361): CodeIgniter\CodeIgniter->handleRequest(null, Object(Config\Cache), false)
 5 FCPATH\index.php(79): CodeIgniter\CodeIgniter->run()
CRITICAL - 2024-05-15 12:32:22 --> ErrorException: Undefined variable $data
in APPPATH\Controllers\Cart.php on line 494.
 1 APPPATH\Controllers\Cart.php(494): CodeIgniter\Debug\Exceptions->errorHandler(2, 'Undefined variable $data', 'F:\\xampp\\htdocs\\oams_staging\\api\\app\\Controllers\\Cart.php', 494)
 2 SYSTEMPATH\CodeIgniter.php(941): App\Controllers\Cart->auctiongardenlist()
 3 SYSTEMPATH\CodeIgniter.php(502): CodeIgniter\CodeIgniter->runController(Object(App\Controllers\Cart))
 4 SYSTEMPATH\CodeIgniter.php(361): CodeIgniter\CodeIgniter->handleRequest(null, Object(Config\Cache), false)
 5 FCPATH\index.php(79): CodeIgniter\CodeIgniter->run()
CRITICAL - 2024-05-15 13:01:01 --> ErrorException: Undefined variable $data
in APPPATH\Controllers\Cart.php on line 494.
 1 APPPATH\Controllers\Cart.php(494): CodeIgniter\Debug\Exceptions->errorHandler(2, 'Undefined variable $data', 'F:\\xampp\\htdocs\\oams_staging\\api\\app\\Controllers\\Cart.php', 494)
 2 SYSTEMPATH\CodeIgniter.php(941): App\Controllers\Cart->auctiongardenlist()
 3 SYSTEMPATH\CodeIgniter.php(502): CodeIgniter\CodeIgniter->runController(Object(App\Controllers\Cart))
 4 SYSTEMPATH\CodeIgniter.php(361): CodeIgniter\CodeIgniter->handleRequest(null, Object(Config\Cache), false)
 5 FCPATH\index.php(79): CodeIgniter\CodeIgniter->run()
CRITICAL - 2024-05-15 13:01:33 --> ErrorException: Undefined variable $data
in APPPATH\Controllers\Cart.php on line 494.
 1 APPPATH\Controllers\Cart.php(494): CodeIgniter\Debug\Exceptions->errorHandler(2, 'Undefined variable $data', 'F:\\xampp\\htdocs\\oams_staging\\api\\app\\Controllers\\Cart.php', 494)
 2 SYSTEMPATH\CodeIgniter.php(941): App\Controllers\Cart->auctiongardenlist()
 3 SYSTEMPATH\CodeIgniter.php(502): CodeIgniter\CodeIgniter->runController(Object(App\Controllers\Cart))
 4 SYSTEMPATH\CodeIgniter.php(361): CodeIgniter\CodeIgniter->handleRequest(null, Object(Config\Cache), false)
 5 FCPATH\index.php(79): CodeIgniter\CodeIgniter->run()
CRITICAL - 2024-05-15 14:58:06 --> ErrorException: Undefined variable $data
in APPPATH\Controllers\Cart.php on line 494.
 1 APPPATH\Controllers\Cart.php(494): CodeIgniter\Debug\Exceptions->errorHandler(2, 'Undefined variable $data', 'F:\\xampp\\htdocs\\oams_staging\\api\\app\\Controllers\\Cart.php', 494)
 2 SYSTEMPATH\CodeIgniter.php(941): App\Controllers\Cart->auctiongardenlist()
 3 SYSTEMPATH\CodeIgniter.php(502): CodeIgniter\CodeIgniter->runController(Object(App\Controllers\Cart))
 4 SYSTEMPATH\CodeIgniter.php(361): CodeIgniter\CodeIgniter->handleRequest(null, Object(Config\Cache), false)
 5 FCPATH\index.php(79): CodeIgniter\CodeIgniter->run()
CRITICAL - 2024-05-15 14:58:11 --> ErrorException: Undefined variable $data
in APPPATH\Controllers\Cart.php on line 494.
 1 APPPATH\Controllers\Cart.php(494): CodeIgniter\Debug\Exceptions->errorHandler(2, 'Undefined variable $data', 'F:\\xampp\\htdocs\\oams_staging\\api\\app\\Controllers\\Cart.php', 494)
 2 SYSTEMPATH\CodeIgniter.php(941): App\Controllers\Cart->auctiongardenlist()
 3 SYSTEMPATH\CodeIgniter.php(502): CodeIgniter\CodeIgniter->runController(Object(App\Controllers\Cart))
 4 SYSTEMPATH\CodeIgniter.php(361): CodeIgniter\CodeIgniter->handleRequest(null, Object(Config\Cache), false)
 5 FCPATH\index.php(79): CodeIgniter\CodeIgniter->run()
CRITICAL - 2024-05-15 15:01:11 --> ErrorException: foreach() argument must be of type array|object, null given
in APPPATH\Controllers\Cart.php on line 470.
 1 APPPATH\Controllers\Cart.php(470): CodeIgniter\Debug\Exceptions->errorHandler(2, 'foreach() argument must be of type array|object, null given', 'F:\\xampp\\htdocs\\oams_staging\\api\\app\\Controllers\\Cart.php', 470)
 2 SYSTEMPATH\CodeIgniter.php(941): App\Controllers\Cart->auctiongardenlist()
 3 SYSTEMPATH\CodeIgniter.php(502): CodeIgniter\CodeIgniter->runController(Object(App\Controllers\Cart))
 4 SYSTEMPATH\CodeIgniter.php(361): CodeIgniter\CodeIgniter->handleRequest(null, Object(Config\Cache), false)
 5 FCPATH\index.php(79): CodeIgniter\CodeIgniter->run()
ERROR - 2024-05-15 15:49:06 --> mysqli_sql_exception: Column 'bid_price' cannot be null in F:\xampp\htdocs\oams_staging\api\system\Database\MySQLi\Connection.php:306
Stack trace:
#0 F:\xampp\htdocs\oams_staging\api\system\Database\MySQLi\Connection.php(306): mysqli->query('INSERT INTO `in...', 0)
#1 F:\xampp\htdocs\oams_staging\api\system\Database\BaseConnection.php(693): CodeIgniter\Database\MySQLi\Connection->execute('INSERT INTO `in...')
#2 F:\xampp\htdocs\oams_staging\api\system\Database\BaseConnection.php(607): CodeIgniter\Database\BaseConnection->simpleQuery('INSERT INTO `in...')
#3 F:\xampp\htdocs\oams_staging\api\system\Database\BaseBuilder.php(2307): CodeIgniter\Database\BaseConnection->query('INSERT INTO `in...', Array, false)
#4 F:\xampp\htdocs\oams_staging\api\system\Model.php(326): CodeIgniter\Database\BaseBuilder->insert()
#5 F:\xampp\htdocs\oams_staging\api\system\BaseModel.php(802): CodeIgniter\Model->doInsert(Array)
#6 F:\xampp\htdocs\oams_staging\api\system\Model.php(744): CodeIgniter\BaseModel->insert(Array, true)
#7 F:\xampp\htdocs\oams_staging\api\app\Controllers\Auction.php(1289): CodeIgniter\Model->insert(Array)
#8 F:\xampp\htdocs\oams_staging\api\system\CodeIgniter.php(941): App\Controllers\Auction->closeAuction()
#9 F:\xampp\htdocs\oams_staging\api\system\CodeIgniter.php(502): CodeIgniter\CodeIgniter->runController(Object(App\Controllers\Auction))
#10 F:\xampp\htdocs\oams_staging\api\system\CodeIgniter.php(361): CodeIgniter\CodeIgniter->handleRequest(NULL, Object(Config\Cache), false)
#11 F:\xampp\htdocs\oams_staging\api\public\index.php(79): CodeIgniter\CodeIgniter->run()
#12 {main}
CRITICAL - 2024-05-15 15:49:06 --> CodeIgniter\Database\Exceptions\DatabaseException: Column 'bid_price' cannot be null
in SYSTEMPATH\Database\BaseConnection.php on line 647.
 1 SYSTEMPATH\Database\BaseBuilder.php(2307): CodeIgniter\Database\BaseConnection->query('INSERT INTO `invoice_item` (`invoice_id`, `auction_item_id`, `inward_item_id`, `qty`, `bid_price`) VALUES (:invoice_id:, :auction_item_id:, :inward_item_id:, :qty:, :bid_price:)', [...], false)
 2 SYSTEMPATH\Model.php(326): CodeIgniter\Database\BaseBuilder->insert()
 3 SYSTEMPATH\BaseModel.php(802): CodeIgniter\Model->doInsert([...])
 4 SYSTEMPATH\Model.php(744): CodeIgniter\BaseModel->insert([...], true)
 5 APPPATH\Controllers\Auction.php(1289): CodeIgniter\Model->insert([...])
 6 SYSTEMPATH\CodeIgniter.php(941): App\Controllers\Auction->closeAuction()
 7 SYSTEMPATH\CodeIgniter.php(502): CodeIgniter\CodeIgniter->runController(Object(App\Controllers\Auction))
 8 SYSTEMPATH\CodeIgniter.php(361): CodeIgniter\CodeIgniter->handleRequest(null, Object(Config\Cache), false)
 9 FCPATH\index.php(79): CodeIgniter\CodeIgniter->run()
CRITICAL - 2024-05-15 15:49:06 --> [Caused by] CodeIgniter\Database\Exceptions\DatabaseException: Column 'bid_price' cannot be null
in SYSTEMPATH\Database\MySQLi\Connection.php on line 311.
 1 SYSTEMPATH\Database\BaseConnection.php(693): CodeIgniter\Database\MySQLi\Connection->execute('INSERT INTO `invoice_item` (`invoice_id`, `auction_item_id`, `inward_item_id`, `qty`, `bid_price`) VALUES (4, \'11\', \'1\', \'50\', NULL)')
 2 SYSTEMPATH\Database\BaseConnection.php(607): CodeIgniter\Database\BaseConnection->simpleQuery('INSERT INTO `invoice_item` (`invoice_id`, `auction_item_id`, `inward_item_id`, `qty`, `bid_price`) VALUES (4, \'11\', \'1\', \'50\', NULL)')
 3 SYSTEMPATH\Database\BaseBuilder.php(2307): CodeIgniter\Database\BaseConnection->query('INSERT INTO `invoice_item` (`invoice_id`, `auction_item_id`, `inward_item_id`, `qty`, `bid_price`) VALUES (:invoice_id:, :auction_item_id:, :inward_item_id:, :qty:, :bid_price:)', [...], false)
 4 SYSTEMPATH\Model.php(326): CodeIgniter\Database\BaseBuilder->insert()
 5 SYSTEMPATH\BaseModel.php(802): CodeIgniter\Model->doInsert([...])
 6 SYSTEMPATH\Model.php(744): CodeIgniter\BaseModel->insert([...], true)
 7 APPPATH\Controllers\Auction.php(1289): CodeIgniter\Model->insert([...])
 8 SYSTEMPATH\CodeIgniter.php(941): App\Controllers\Auction->closeAuction()
 9 SYSTEMPATH\CodeIgniter.php(502): CodeIgniter\CodeIgniter->runController(Object(App\Controllers\Auction))
10 SYSTEMPATH\CodeIgniter.php(361): CodeIgniter\CodeIgniter->handleRequest(null, Object(Config\Cache), false)
11 FCPATH\index.php(79): CodeIgniter\CodeIgniter->run()
CRITICAL - 2024-05-15 15:49:06 --> [Caused by] mysqli_sql_exception: Column 'bid_price' cannot be null
in SYSTEMPATH\Database\MySQLi\Connection.php on line 306.
 1 SYSTEMPATH\Database\MySQLi\Connection.php(306): mysqli->query('INSERT INTO `invoice_item` (`invoice_id`, `auction_item_id`, `inward_item_id`, `qty`, `bid_price`) VALUES (4, \'11\', \'1\', \'50\', NULL)', 0)
 2 SYSTEMPATH\Database\BaseConnection.php(693): CodeIgniter\Database\MySQLi\Connection->execute('INSERT INTO `invoice_item` (`invoice_id`, `auction_item_id`, `inward_item_id`, `qty`, `bid_price`) VALUES (4, \'11\', \'1\', \'50\', NULL)')
 3 SYSTEMPATH\Database\BaseConnection.php(607): CodeIgniter\Database\BaseConnection->simpleQuery('INSERT INTO `invoice_item` (`invoice_id`, `auction_item_id`, `inward_item_id`, `qty`, `bid_price`) VALUES (4, \'11\', \'1\', \'50\', NULL)')
 4 SYSTEMPATH\Database\BaseBuilder.php(2307): CodeIgniter\Database\BaseConnection->query('INSERT INTO `invoice_item` (`invoice_id`, `auction_item_id`, `inward_item_id`, `qty`, `bid_price`) VALUES (:invoice_id:, :auction_item_id:, :inward_item_id:, :qty:, :bid_price:)', [...], false)
 5 SYSTEMPATH\Model.php(326): CodeIgniter\Database\BaseBuilder->insert()
 6 SYSTEMPATH\BaseModel.php(802): CodeIgniter\Model->doInsert([...])
 7 SYSTEMPATH\Model.php(744): CodeIgniter\BaseModel->insert([...], true)
 8 APPPATH\Controllers\Auction.php(1289): CodeIgniter\Model->insert([...])
 9 SYSTEMPATH\CodeIgniter.php(941): App\Controllers\Auction->closeAuction()
10 SYSTEMPATH\CodeIgniter.php(502): CodeIgniter\CodeIgniter->runController(Object(App\Controllers\Auction))
11 SYSTEMPATH\CodeIgniter.php(361): CodeIgniter\CodeIgniter->handleRequest(null, Object(Config\Cache), false)
12 FCPATH\index.php(79): CodeIgniter\CodeIgniter->run()
ERROR - 2024-05-15 15:50:15 --> mysqli_sql_exception: Column 'bid_price' cannot be null in F:\xampp\htdocs\oams_staging\api\system\Database\MySQLi\Connection.php:306
Stack trace:
#0 F:\xampp\htdocs\oams_staging\api\system\Database\MySQLi\Connection.php(306): mysqli->query('INSERT INTO `in...', 0)
#1 F:\xampp\htdocs\oams_staging\api\system\Database\BaseConnection.php(693): CodeIgniter\Database\MySQLi\Connection->execute('INSERT INTO `in...')
#2 F:\xampp\htdocs\oams_staging\api\system\Database\BaseConnection.php(607): CodeIgniter\Database\BaseConnection->simpleQuery('INSERT INTO `in...')
#3 F:\xampp\htdocs\oams_staging\api\system\Database\BaseBuilder.php(2307): CodeIgniter\Database\BaseConnection->query('INSERT INTO `in...', Array, false)
#4 F:\xampp\htdocs\oams_staging\api\system\Model.php(326): CodeIgniter\Database\BaseBuilder->insert()
#5 F:\xampp\htdocs\oams_staging\api\system\BaseModel.php(802): CodeIgniter\Model->doInsert(Array)
#6 F:\xampp\htdocs\oams_staging\api\system\Model.php(744): CodeIgniter\BaseModel->insert(Array, true)
#7 F:\xampp\htdocs\oams_staging\api\app\Controllers\Auction.php(1289): CodeIgniter\Model->insert(Array)
#8 F:\xampp\htdocs\oams_staging\api\system\CodeIgniter.php(941): App\Controllers\Auction->closeAuction()
#9 F:\xampp\htdocs\oams_staging\api\system\CodeIgniter.php(502): CodeIgniter\CodeIgniter->runController(Object(App\Controllers\Auction))
#10 F:\xampp\htdocs\oams_staging\api\system\CodeIgniter.php(361): CodeIgniter\CodeIgniter->handleRequest(NULL, Object(Config\Cache), false)
#11 F:\xampp\htdocs\oams_staging\api\public\index.php(79): CodeIgniter\CodeIgniter->run()
#12 {main}
CRITICAL - 2024-05-15 15:50:15 --> CodeIgniter\Database\Exceptions\DatabaseException: Column 'bid_price' cannot be null
in SYSTEMPATH\Database\BaseConnection.php on line 647.
 1 SYSTEMPATH\Database\BaseBuilder.php(2307): CodeIgniter\Database\BaseConnection->query('INSERT INTO `invoice_item` (`invoice_id`, `auction_item_id`, `inward_item_id`, `qty`, `bid_price`) VALUES (:invoice_id:, :auction_item_id:, :inward_item_id:, :qty:, :bid_price:)', [...], false)
 2 SYSTEMPATH\Model.php(326): CodeIgniter\Database\BaseBuilder->insert()
 3 SYSTEMPATH\BaseModel.php(802): CodeIgniter\Model->doInsert([...])
 4 SYSTEMPATH\Model.php(744): CodeIgniter\BaseModel->insert([...], true)
 5 APPPATH\Controllers\Auction.php(1289): CodeIgniter\Model->insert([...])
 6 SYSTEMPATH\CodeIgniter.php(941): App\Controllers\Auction->closeAuction()
 7 SYSTEMPATH\CodeIgniter.php(502): CodeIgniter\CodeIgniter->runController(Object(App\Controllers\Auction))
 8 SYSTEMPATH\CodeIgniter.php(361): CodeIgniter\CodeIgniter->handleRequest(null, Object(Config\Cache), false)
 9 FCPATH\index.php(79): CodeIgniter\CodeIgniter->run()
CRITICAL - 2024-05-15 15:50:15 --> [Caused by] CodeIgniter\Database\Exceptions\DatabaseException: Column 'bid_price' cannot be null
in SYSTEMPATH\Database\MySQLi\Connection.php on line 311.
 1 SYSTEMPATH\Database\BaseConnection.php(693): CodeIgniter\Database\MySQLi\Connection->execute('INSERT INTO `invoice_item` (`invoice_id`, `auction_item_id`, `inward_item_id`, `qty`, `bid_price`) VALUES (6, \'11\', \'1\', \'50\', NULL)')
 2 SYSTEMPATH\Database\BaseConnection.php(607): CodeIgniter\Database\BaseConnection->simpleQuery('INSERT INTO `invoice_item` (`invoice_id`, `auction_item_id`, `inward_item_id`, `qty`, `bid_price`) VALUES (6, \'11\', \'1\', \'50\', NULL)')
 3 SYSTEMPATH\Database\BaseBuilder.php(2307): CodeIgniter\Database\BaseConnection->query('INSERT INTO `invoice_item` (`invoice_id`, `auction_item_id`, `inward_item_id`, `qty`, `bid_price`) VALUES (:invoice_id:, :auction_item_id:, :inward_item_id:, :qty:, :bid_price:)', [...], false)
 4 SYSTEMPATH\Model.php(326): CodeIgniter\Database\BaseBuilder->insert()
 5 SYSTEMPATH\BaseModel.php(802): CodeIgniter\Model->doInsert([...])
 6 SYSTEMPATH\Model.php(744): CodeIgniter\BaseModel->insert([...], true)
 7 APPPATH\Controllers\Auction.php(1289): CodeIgniter\Model->insert([...])
 8 SYSTEMPATH\CodeIgniter.php(941): App\Controllers\Auction->closeAuction()
 9 SYSTEMPATH\CodeIgniter.php(502): CodeIgniter\CodeIgniter->runController(Object(App\Controllers\Auction))
10 SYSTEMPATH\CodeIgniter.php(361): CodeIgniter\CodeIgniter->handleRequest(null, Object(Config\Cache), false)
11 FCPATH\index.php(79): CodeIgniter\CodeIgniter->run()
CRITICAL - 2024-05-15 15:50:15 --> [Caused by] mysqli_sql_exception: Column 'bid_price' cannot be null
in SYSTEMPATH\Database\MySQLi\Connection.php on line 306.
 1 SYSTEMPATH\Database\MySQLi\Connection.php(306): mysqli->query('INSERT INTO `invoice_item` (`invoice_id`, `auction_item_id`, `inward_item_id`, `qty`, `bid_price`) VALUES (6, \'11\', \'1\', \'50\', NULL)', 0)
 2 SYSTEMPATH\Database\BaseConnection.php(693): CodeIgniter\Database\MySQLi\Connection->execute('INSERT INTO `invoice_item` (`invoice_id`, `auction_item_id`, `inward_item_id`, `qty`, `bid_price`) VALUES (6, \'11\', \'1\', \'50\', NULL)')
 3 SYSTEMPATH\Database\BaseConnection.php(607): CodeIgniter\Database\BaseConnection->simpleQuery('INSERT INTO `invoice_item` (`invoice_id`, `auction_item_id`, `inward_item_id`, `qty`, `bid_price`) VALUES (6, \'11\', \'1\', \'50\', NULL)')
 4 SYSTEMPATH\Database\BaseBuilder.php(2307): CodeIgniter\Database\BaseConnection->query('INSERT INTO `invoice_item` (`invoice_id`, `auction_item_id`, `inward_item_id`, `qty`, `bid_price`) VALUES (:invoice_id:, :auction_item_id:, :inward_item_id:, :qty:, :bid_price:)', [...], false)
 5 SYSTEMPATH\Model.php(326): CodeIgniter\Database\BaseBuilder->insert()
 6 SYSTEMPATH\BaseModel.php(802): CodeIgniter\Model->doInsert([...])
 7 SYSTEMPATH\Model.php(744): CodeIgniter\BaseModel->insert([...], true)
 8 APPPATH\Controllers\Auction.php(1289): CodeIgniter\Model->insert([...])
 9 SYSTEMPATH\CodeIgniter.php(941): App\Controllers\Auction->closeAuction()
10 SYSTEMPATH\CodeIgniter.php(502): CodeIgniter\CodeIgniter->runController(Object(App\Controllers\Auction))
11 SYSTEMPATH\CodeIgniter.php(361): CodeIgniter\CodeIgniter->handleRequest(null, Object(Config\Cache), false)
12 FCPATH\index.php(79): CodeIgniter\CodeIgniter->run()
ERROR - 2024-05-15 15:50:40 --> mysqli_sql_exception: Column 'bid_price' cannot be null in F:\xampp\htdocs\oams_staging\api\system\Database\MySQLi\Connection.php:306
Stack trace:
#0 F:\xampp\htdocs\oams_staging\api\system\Database\MySQLi\Connection.php(306): mysqli->query('INSERT INTO `in...', 0)
#1 F:\xampp\htdocs\oams_staging\api\system\Database\BaseConnection.php(693): CodeIgniter\Database\MySQLi\Connection->execute('INSERT INTO `in...')
#2 F:\xampp\htdocs\oams_staging\api\system\Database\BaseConnection.php(607): CodeIgniter\Database\BaseConnection->simpleQuery('INSERT INTO `in...')
#3 F:\xampp\htdocs\oams_staging\api\system\Database\BaseBuilder.php(2307): CodeIgniter\Database\BaseConnection->query('INSERT INTO `in...', Array, false)
#4 F:\xampp\htdocs\oams_staging\api\system\Model.php(326): CodeIgniter\Database\BaseBuilder->insert()
#5 F:\xampp\htdocs\oams_staging\api\system\BaseModel.php(802): CodeIgniter\Model->doInsert(Array)
#6 F:\xampp\htdocs\oams_staging\api\system\Model.php(744): CodeIgniter\BaseModel->insert(Array, true)
#7 F:\xampp\htdocs\oams_staging\api\app\Controllers\Auction.php(1289): CodeIgniter\Model->insert(Array)
#8 F:\xampp\htdocs\oams_staging\api\system\CodeIgniter.php(941): App\Controllers\Auction->closeAuction()
#9 F:\xampp\htdocs\oams_staging\api\system\CodeIgniter.php(502): CodeIgniter\CodeIgniter->runController(Object(App\Controllers\Auction))
#10 F:\xampp\htdocs\oams_staging\api\system\CodeIgniter.php(361): CodeIgniter\CodeIgniter->handleRequest(NULL, Object(Config\Cache), false)
#11 F:\xampp\htdocs\oams_staging\api\public\index.php(79): CodeIgniter\CodeIgniter->run()
#12 {main}
CRITICAL - 2024-05-15 15:50:40 --> CodeIgniter\Database\Exceptions\DatabaseException: Column 'bid_price' cannot be null
in SYSTEMPATH\Database\BaseConnection.php on line 647.
 1 SYSTEMPATH\Database\BaseBuilder.php(2307): CodeIgniter\Database\BaseConnection->query('INSERT INTO `invoice_item` (`invoice_id`, `auction_item_id`, `inward_item_id`, `qty`, `bid_price`) VALUES (:invoice_id:, :auction_item_id:, :inward_item_id:, :qty:, :bid_price:)', [...], false)
 2 SYSTEMPATH\Model.php(326): CodeIgniter\Database\BaseBuilder->insert()
 3 SYSTEMPATH\BaseModel.php(802): CodeIgniter\Model->doInsert([...])
 4 SYSTEMPATH\Model.php(744): CodeIgniter\BaseModel->insert([...], true)
 5 APPPATH\Controllers\Auction.php(1289): CodeIgniter\Model->insert([...])
 6 SYSTEMPATH\CodeIgniter.php(941): App\Controllers\Auction->closeAuction()
 7 SYSTEMPATH\CodeIgniter.php(502): CodeIgniter\CodeIgniter->runController(Object(App\Controllers\Auction))
 8 SYSTEMPATH\CodeIgniter.php(361): CodeIgniter\CodeIgniter->handleRequest(null, Object(Config\Cache), false)
 9 FCPATH\index.php(79): CodeIgniter\CodeIgniter->run()
CRITICAL - 2024-05-15 15:50:40 --> [Caused by] CodeIgniter\Database\Exceptions\DatabaseException: Column 'bid_price' cannot be null
in SYSTEMPATH\Database\MySQLi\Connection.php on line 311.
 1 SYSTEMPATH\Database\BaseConnection.php(693): CodeIgniter\Database\MySQLi\Connection->execute('INSERT INTO `invoice_item` (`invoice_id`, `auction_item_id`, `inward_item_id`, `qty`, `bid_price`) VALUES (8, \'6\', \'2\', \'3\', NULL)')
 2 SYSTEMPATH\Database\BaseConnection.php(607): CodeIgniter\Database\BaseConnection->simpleQuery('INSERT INTO `invoice_item` (`invoice_id`, `auction_item_id`, `inward_item_id`, `qty`, `bid_price`) VALUES (8, \'6\', \'2\', \'3\', NULL)')
 3 SYSTEMPATH\Database\BaseBuilder.php(2307): CodeIgniter\Database\BaseConnection->query('INSERT INTO `invoice_item` (`invoice_id`, `auction_item_id`, `inward_item_id`, `qty`, `bid_price`) VALUES (:invoice_id:, :auction_item_id:, :inward_item_id:, :qty:, :bid_price:)', [...], false)
 4 SYSTEMPATH\Model.php(326): CodeIgniter\Database\BaseBuilder->insert()
 5 SYSTEMPATH\BaseModel.php(802): CodeIgniter\Model->doInsert([...])
 6 SYSTEMPATH\Model.php(744): CodeIgniter\BaseModel->insert([...], true)
 7 APPPATH\Controllers\Auction.php(1289): CodeIgniter\Model->insert([...])
 8 SYSTEMPATH\CodeIgniter.php(941): App\Controllers\Auction->closeAuction()
 9 SYSTEMPATH\CodeIgniter.php(502): CodeIgniter\CodeIgniter->runController(Object(App\Controllers\Auction))
10 SYSTEMPATH\CodeIgniter.php(361): CodeIgniter\CodeIgniter->handleRequest(null, Object(Config\Cache), false)
11 FCPATH\index.php(79): CodeIgniter\CodeIgniter->run()
CRITICAL - 2024-05-15 15:50:40 --> [Caused by] mysqli_sql_exception: Column 'bid_price' cannot be null
in SYSTEMPATH\Database\MySQLi\Connection.php on line 306.
 1 SYSTEMPATH\Database\MySQLi\Connection.php(306): mysqli->query('INSERT INTO `invoice_item` (`invoice_id`, `auction_item_id`, `inward_item_id`, `qty`, `bid_price`) VALUES (8, \'6\', \'2\', \'3\', NULL)', 0)
 2 SYSTEMPATH\Database\BaseConnection.php(693): CodeIgniter\Database\MySQLi\Connection->execute('INSERT INTO `invoice_item` (`invoice_id`, `auction_item_id`, `inward_item_id`, `qty`, `bid_price`) VALUES (8, \'6\', \'2\', \'3\', NULL)')
 3 SYSTEMPATH\Database\BaseConnection.php(607): CodeIgniter\Database\BaseConnection->simpleQuery('INSERT INTO `invoice_item` (`invoice_id`, `auction_item_id`, `inward_item_id`, `qty`, `bid_price`) VALUES (8, \'6\', \'2\', \'3\', NULL)')
 4 SYSTEMPATH\Database\BaseBuilder.php(2307): CodeIgniter\Database\BaseConnection->query('INSERT INTO `invoice_item` (`invoice_id`, `auction_item_id`, `inward_item_id`, `qty`, `bid_price`) VALUES (:invoice_id:, :auction_item_id:, :inward_item_id:, :qty:, :bid_price:)', [...], false)
 5 SYSTEMPATH\Model.php(326): CodeIgniter\Database\BaseBuilder->insert()
 6 SYSTEMPATH\BaseModel.php(802): CodeIgniter\Model->doInsert([...])
 7 SYSTEMPATH\Model.php(744): CodeIgniter\BaseModel->insert([...], true)
 8 APPPATH\Controllers\Auction.php(1289): CodeIgniter\Model->insert([...])
 9 SYSTEMPATH\CodeIgniter.php(941): App\Controllers\Auction->closeAuction()
10 SYSTEMPATH\CodeIgniter.php(502): CodeIgniter\CodeIgniter->runController(Object(App\Controllers\Auction))
11 SYSTEMPATH\CodeIgniter.php(361): CodeIgniter\CodeIgniter->handleRequest(null, Object(Config\Cache), false)
12 FCPATH\index.php(79): CodeIgniter\CodeIgniter->run()
CRITICAL - 2024-05-15 16:18:31 --> ErrorException: Undefined variable $data
in APPPATH\Controllers\Cart.php on line 494.
 1 APPPATH\Controllers\Cart.php(494): CodeIgniter\Debug\Exceptions->errorHandler(2, 'Undefined variable $data', 'F:\\xampp\\htdocs\\oams_staging\\api\\app\\Controllers\\Cart.php', 494)
 2 SYSTEMPATH\CodeIgniter.php(941): App\Controllers\Cart->auctiongardenlist()
 3 SYSTEMPATH\CodeIgniter.php(502): CodeIgniter\CodeIgniter->runController(Object(App\Controllers\Cart))
 4 SYSTEMPATH\CodeIgniter.php(361): CodeIgniter\CodeIgniter->handleRequest(null, Object(Config\Cache), false)
 5 FCPATH\index.php(79): CodeIgniter\CodeIgniter->run()
CRITICAL - 2024-05-15 16:18:34 --> ErrorException: Undefined variable $data
in APPPATH\Controllers\Cart.php on line 494.
 1 APPPATH\Controllers\Cart.php(494): CodeIgniter\Debug\Exceptions->errorHandler(2, 'Undefined variable $data', 'F:\\xampp\\htdocs\\oams_staging\\api\\app\\Controllers\\Cart.php', 494)
 2 SYSTEMPATH\CodeIgniter.php(941): App\Controllers\Cart->auctiongardenlist()
 3 SYSTEMPATH\CodeIgniter.php(502): CodeIgniter\CodeIgniter->runController(Object(App\Controllers\Cart))
 4 SYSTEMPATH\CodeIgniter.php(361): CodeIgniter\CodeIgniter->handleRequest(null, Object(Config\Cache), false)
 5 FCPATH\index.php(79): CodeIgniter\CodeIgniter->run()
CRITICAL - 2024-05-15 18:53:31 --> ErrorException: Undefined variable $data
in APPPATH\Controllers\Cart.php on line 494.
 1 APPPATH\Controllers\Cart.php(494): CodeIgniter\Debug\Exceptions->errorHandler(2, 'Undefined variable $data', 'F:\\xampp\\htdocs\\oams_staging\\api\\app\\Controllers\\Cart.php', 494)
 2 SYSTEMPATH\CodeIgniter.php(941): App\Controllers\Cart->auctiongardenlist()
 3 SYSTEMPATH\CodeIgniter.php(502): CodeIgniter\CodeIgniter->runController(Object(App\Controllers\Cart))
 4 SYSTEMPATH\CodeIgniter.php(361): CodeIgniter\CodeIgniter->handleRequest(null, Object(Config\Cache), false)
 5 FCPATH\index.php(79): CodeIgniter\CodeIgniter->run()
CRITICAL - 2024-05-15 18:53:41 --> ErrorException: Undefined variable $data
in APPPATH\Controllers\Cart.php on line 494.
 1 APPPATH\Controllers\Cart.php(494): CodeIgniter\Debug\Exceptions->errorHandler(2, 'Undefined variable $data', 'F:\\xampp\\htdocs\\oams_staging\\api\\app\\Controllers\\Cart.php', 494)
 2 SYSTEMPATH\CodeIgniter.php(941): App\Controllers\Cart->auctiongardenlist()
 3 SYSTEMPATH\CodeIgniter.php(502): CodeIgniter\CodeIgniter->runController(Object(App\Controllers\Cart))
 4 SYSTEMPATH\CodeIgniter.php(361): CodeIgniter\CodeIgniter->handleRequest(null, Object(Config\Cache), false)
 5 FCPATH\index.php(79): CodeIgniter\CodeIgniter->run()
CRITICAL - 2024-05-15 18:54:27 --> ErrorException: Undefined variable $data
in APPPATH\Controllers\Cart.php on line 494.
 1 APPPATH\Controllers\Cart.php(494): CodeIgniter\Debug\Exceptions->errorHandler(2, 'Undefined variable $data', 'F:\\xampp\\htdocs\\oams_staging\\api\\app\\Controllers\\Cart.php', 494)
 2 SYSTEMPATH\CodeIgniter.php(941): App\Controllers\Cart->auctiongardenlist()
 3 SYSTEMPATH\CodeIgniter.php(502): CodeIgniter\CodeIgniter->runController(Object(App\Controllers\Cart))
 4 SYSTEMPATH\CodeIgniter.php(361): CodeIgniter\CodeIgniter->handleRequest(null, Object(Config\Cache), false)
 5 FCPATH\index.php(79): CodeIgniter\CodeIgniter->run()
CRITICAL - 2024-05-15 19:17:29 --> ErrorException: Undefined variable $data
in APPPATH\Controllers\Cart.php on line 494.
 1 APPPATH\Controllers\Cart.php(494): CodeIgniter\Debug\Exceptions->errorHandler(2, 'Undefined variable $data', 'F:\\xampp\\htdocs\\oams_staging\\api\\app\\Controllers\\Cart.php', 494)
 2 SYSTEMPATH\CodeIgniter.php(941): App\Controllers\Cart->auctiongardenlist()
 3 SYSTEMPATH\CodeIgniter.php(502): CodeIgniter\CodeIgniter->runController(Object(App\Controllers\Cart))
 4 SYSTEMPATH\CodeIgniter.php(361): CodeIgniter\CodeIgniter->handleRequest(null, Object(Config\Cache), false)
 5 FCPATH\index.php(79): CodeIgniter\CodeIgniter->run()
CRITICAL - 2024-05-15 19:17:33 --> ErrorException: Undefined variable $data
in APPPATH\Controllers\Cart.php on line 494.
 1 APPPATH\Controllers\Cart.php(494): CodeIgniter\Debug\Exceptions->errorHandler(2, 'Undefined variable $data', 'F:\\xampp\\htdocs\\oams_staging\\api\\app\\Controllers\\Cart.php', 494)
 2 SYSTEMPATH\CodeIgniter.php(941): App\Controllers\Cart->auctiongardenlist()
 3 SYSTEMPATH\CodeIgniter.php(502): CodeIgniter\CodeIgniter->runController(Object(App\Controllers\Cart))
 4 SYSTEMPATH\CodeIgniter.php(361): CodeIgniter\CodeIgniter->handleRequest(null, Object(Config\Cache), false)
 5 FCPATH\index.php(79): CodeIgniter\CodeIgniter->run()
