ERROR - 2024-05-05 00:18:43 --> mysqli_sql_exception: You have an error in your SQL syntax; check the manual that corresponds to your MariaDB server version for the right syntax to use near '< '00:18:43'
ORDER BY `auction`.`id` DESC' at line 6 in F:\xampp\htdocs\oams_staging\api\system\Database\MySQLi\Connection.php:306
Stack trace:
#0 F:\xampp\htdocs\oams_staging\api\system\Database\MySQLi\Connection.php(306): mysqli->query('SELECT `auction...', 0)
#1 F:\xampp\htdocs\oams_staging\api\system\Database\BaseConnection.php(693): CodeIgniter\Database\MySQLi\Connection->execute('SELECT `auction...')
#2 F:\xampp\htdocs\oams_staging\api\system\Database\BaseConnection.php(607): CodeIgniter\Database\BaseConnection->simpleQuery('SELECT `auction...')
#3 F:\xampp\htdocs\oams_staging\api\system\Database\BaseBuilder.php(1616): CodeIgniter\Database\BaseConnection->query('SELECT `auction...', Array, false)
#4 F:\xampp\htdocs\oams_staging\api\system\Model.php(242): CodeIgniter\Database\BaseBuilder->get()
#5 F:\xampp\htdocs\oams_staging\api\system\BaseModel.php(638): CodeIgniter\Model->doFindAll(0, 0)
#6 F:\xampp\htdocs\oams_staging\api\app\Controllers\BuyerAuctions.php(47): CodeIgniter\BaseModel->findAll()
#7 F:\xampp\htdocs\oams_staging\api\system\CodeIgniter.php(941): App\Controllers\BuyerAuctions->upcomingAuctions()
#8 F:\xampp\htdocs\oams_staging\api\system\CodeIgniter.php(502): CodeIgniter\CodeIgniter->runController(Object(App\Controllers\BuyerAuctions))
#9 F:\xampp\htdocs\oams_staging\api\system\CodeIgniter.php(361): CodeIgniter\CodeIgniter->handleRequest(NULL, Object(Config\Cache), false)
#10 F:\xampp\htdocs\oams_staging\api\public\index.php(79): CodeIgniter\CodeIgniter->run()
#11 {main}
CRITICAL - 2024-05-05 00:18:43 --> CodeIgniter\Database\Exceptions\DatabaseException: You have an error in your SQL syntax; check the manual that corresponds to your MariaDB server version for the right syntax to use near '< '00:18:43'
ORDER BY `auction`.`id` DESC' at line 6
in SYSTEMPATH\Database\BaseConnection.php on line 647.
 1 SYSTEMPATH\Database\BaseBuilder.php(1616): CodeIgniter\Database\BaseConnection->query('SELECT `auction`.*, `center`.`name` AS `center_name`
FROM `auction`
LEFT JOIN `center` ON `center`.`id` = `auction`.`center_id`
WHERE `auction`.`status` = :auction.status:
AND `date` = :date:
AND `end_time` = < :end_time =:
ORDER BY `auction`.`id` DESC', [...], false)
 2 SYSTEMPATH\Model.php(242): CodeIgniter\Database\BaseBuilder->get()
 3 SYSTEMPATH\BaseModel.php(638): CodeIgniter\Model->doFindAll(0, 0)
 4 APPPATH\Controllers\BuyerAuctions.php(47): CodeIgniter\BaseModel->findAll()
 5 SYSTEMPATH\CodeIgniter.php(941): App\Controllers\BuyerAuctions->upcomingAuctions()
 6 SYSTEMPATH\CodeIgniter.php(502): CodeIgniter\CodeIgniter->runController(Object(App\Controllers\BuyerAuctions))
 7 SYSTEMPATH\CodeIgniter.php(361): CodeIgniter\CodeIgniter->handleRequest(null, Object(Config\Cache), false)
 8 FCPATH\index.php(79): CodeIgniter\CodeIgniter->run()
CRITICAL - 2024-05-05 00:18:43 --> [Caused by] CodeIgniter\Database\Exceptions\DatabaseException: You have an error in your SQL syntax; check the manual that corresponds to your MariaDB server version for the right syntax to use near '< '00:18:43'
ORDER BY `auction`.`id` DESC' at line 6
in SYSTEMPATH\Database\MySQLi\Connection.php on line 311.
 1 SYSTEMPATH\Database\BaseConnection.php(693): CodeIgniter\Database\MySQLi\Connection->execute('SELECT `auction`.*, `center`.`name` AS `center_name`
FROM `auction`
LEFT JOIN `center` ON `center`.`id` = `auction`.`center_id`
WHERE `auction`.`status` = 1
AND `date` = \'2024-05-05\'
AND `end_time` = < \'00:18:43\'
ORDER BY `auction`.`id` DESC')
 2 SYSTEMPATH\Database\BaseConnection.php(607): CodeIgniter\Database\BaseConnection->simpleQuery('SELECT `auction`.*, `center`.`name` AS `center_name`
FROM `auction`
LEFT JOIN `center` ON `center`.`id` = `auction`.`center_id`
WHERE `auction`.`status` = 1
AND `date` = \'2024-05-05\'
AND `end_time` = < \'00:18:43\'
ORDER BY `auction`.`id` DESC')
 3 SYSTEMPATH\Database\BaseBuilder.php(1616): CodeIgniter\Database\BaseConnection->query('SELECT `auction`.*, `center`.`name` AS `center_name`
FROM `auction`
LEFT JOIN `center` ON `center`.`id` = `auction`.`center_id`
WHERE `auction`.`status` = :auction.status:
AND `date` = :date:
AND `end_time` = < :end_time =:
ORDER BY `auction`.`id` DESC', [...], false)
 4 SYSTEMPATH\Model.php(242): CodeIgniter\Database\BaseBuilder->get()
 5 SYSTEMPATH\BaseModel.php(638): CodeIgniter\Model->doFindAll(0, 0)
 6 APPPATH\Controllers\BuyerAuctions.php(47): CodeIgniter\BaseModel->findAll()
 7 SYSTEMPATH\CodeIgniter.php(941): App\Controllers\BuyerAuctions->upcomingAuctions()
 8 SYSTEMPATH\CodeIgniter.php(502): CodeIgniter\CodeIgniter->runController(Object(App\Controllers\BuyerAuctions))
 9 SYSTEMPATH\CodeIgniter.php(361): CodeIgniter\CodeIgniter->handleRequest(null, Object(Config\Cache), false)
10 FCPATH\index.php(79): CodeIgniter\CodeIgniter->run()
CRITICAL - 2024-05-05 00:18:43 --> [Caused by] mysqli_sql_exception: You have an error in your SQL syntax; check the manual that corresponds to your MariaDB server version for the right syntax to use near '< '00:18:43'
ORDER BY `auction`.`id` DESC' at line 6
in SYSTEMPATH\Database\MySQLi\Connection.php on line 306.
 1 SYSTEMPATH\Database\MySQLi\Connection.php(306): mysqli->query('SELECT `auction`.*, `center`.`name` AS `center_name`
FROM `auction`
LEFT JOIN `center` ON `center`.`id` = `auction`.`center_id`
WHERE `auction`.`status` = 1
AND `date` = \'2024-05-05\'
AND `end_time` = < \'00:18:43\'
ORDER BY `auction`.`id` DESC', 0)
 2 SYSTEMPATH\Database\BaseConnection.php(693): CodeIgniter\Database\MySQLi\Connection->execute('SELECT `auction`.*, `center`.`name` AS `center_name`
FROM `auction`
LEFT JOIN `center` ON `center`.`id` = `auction`.`center_id`
WHERE `auction`.`status` = 1
AND `date` = \'2024-05-05\'
AND `end_time` = < \'00:18:43\'
ORDER BY `auction`.`id` DESC')
 3 SYSTEMPATH\Database\BaseConnection.php(607): CodeIgniter\Database\BaseConnection->simpleQuery('SELECT `auction`.*, `center`.`name` AS `center_name`
FROM `auction`
LEFT JOIN `center` ON `center`.`id` = `auction`.`center_id`
WHERE `auction`.`status` = 1
AND `date` = \'2024-05-05\'
AND `end_time` = < \'00:18:43\'
ORDER BY `auction`.`id` DESC')
 4 SYSTEMPATH\Database\BaseBuilder.php(1616): CodeIgniter\Database\BaseConnection->query('SELECT `auction`.*, `center`.`name` AS `center_name`
FROM `auction`
LEFT JOIN `center` ON `center`.`id` = `auction`.`center_id`
WHERE `auction`.`status` = :auction.status:
AND `date` = :date:
AND `end_time` = < :end_time =:
ORDER BY `auction`.`id` DESC', [...], false)
 5 SYSTEMPATH\Model.php(242): CodeIgniter\Database\BaseBuilder->get()
 6 SYSTEMPATH\BaseModel.php(638): CodeIgniter\Model->doFindAll(0, 0)
 7 APPPATH\Controllers\BuyerAuctions.php(47): CodeIgniter\BaseModel->findAll()
 8 SYSTEMPATH\CodeIgniter.php(941): App\Controllers\BuyerAuctions->upcomingAuctions()
 9 SYSTEMPATH\CodeIgniter.php(502): CodeIgniter\CodeIgniter->runController(Object(App\Controllers\BuyerAuctions))
10 SYSTEMPATH\CodeIgniter.php(361): CodeIgniter\CodeIgniter->handleRequest(null, Object(Config\Cache), false)
11 FCPATH\index.php(79): CodeIgniter\CodeIgniter->run()
