CRITICAL - 2024-10-18 13:53:58 --> ErrorException: Undefined variable $auction_data
in APPPATH/Controllers/Cart.php on line 428.
 1 APPPATH/Controllers/Cart.php(428): CodeIgniter\Debug\Exceptions->errorHandler(2, 'Undefined variable $auction_data', '/var/www/eazyhosting.in/public_html/api/app/Controllers/Cart.php', 428)
 2 SYSTEMPATH/CodeIgniter.php(941): App\Controllers\Cart->auctiongardenlist()
 3 SYSTEMPATH/CodeIgniter.php(502): CodeIgniter\CodeIgniter->runController(Object(App\Controllers\Cart))
 4 SYSTEMPATH/CodeIgniter.php(361): CodeIgniter\CodeIgniter->handleRequest(null, Object(Config\Cache), false)
 5 FCPATH/index.php(79): CodeIgniter\CodeIgniter->run()
CRITICAL - 2024-10-18 13:55:13 --> ErrorException: Undefined variable $auction_data
in APPPATH/Controllers/Cart.php on line 428.
 1 APPPATH/Controllers/Cart.php(428): CodeIgniter\Debug\Exceptions->errorHandler(2, 'Undefined variable $auction_data', '/var/www/eazyhosting.in/public_html/api/app/Controllers/Cart.php', 428)
 2 SYSTEMPATH/CodeIgniter.php(941): App\Controllers\Cart->auctiongardenlist()
 3 SYSTEMPATH/CodeIgniter.php(502): CodeIgniter\CodeIgniter->runController(Object(App\Controllers\Cart))
 4 SYSTEMPATH/CodeIgniter.php(361): CodeIgniter\CodeIgniter->handleRequest(null, Object(Config\Cache), false)
 5 FCPATH/index.php(79): CodeIgniter\CodeIgniter->run()
CRITICAL - 2024-10-18 13:55:17 --> ErrorException: Undefined variable $auction_data
in APPPATH/Controllers/Cart.php on line 428.
 1 APPPATH/Controllers/Cart.php(428): CodeIgniter\Debug\Exceptions->errorHandler(2, 'Undefined variable $auction_data', '/var/www/eazyhosting.in/public_html/api/app/Controllers/Cart.php', 428)
 2 SYSTEMPATH/CodeIgniter.php(941): App\Controllers\Cart->auctiongardenlist()
 3 SYSTEMPATH/CodeIgniter.php(502): CodeIgniter\CodeIgniter->runController(Object(App\Controllers\Cart))
 4 SYSTEMPATH/CodeIgniter.php(361): CodeIgniter\CodeIgniter->handleRequest(null, Object(Config\Cache), false)
 5 FCPATH/index.php(79): CodeIgniter\CodeIgniter->run()
CRITICAL - 2024-10-18 13:57:04 --> ErrorException: Undefined variable $auction_data
in APPPATH/Controllers/Cart.php on line 428.
 1 APPPATH/Controllers/Cart.php(428): CodeIgniter\Debug\Exceptions->errorHandler(2, 'Undefined variable $auction_data', '/var/www/eazyhosting.in/public_html/api/app/Controllers/Cart.php', 428)
 2 SYSTEMPATH/CodeIgniter.php(941): App\Controllers\Cart->auctiongardenlist()
 3 SYSTEMPATH/CodeIgniter.php(502): CodeIgniter\CodeIgniter->runController(Object(App\Controllers\Cart))
 4 SYSTEMPATH/CodeIgniter.php(361): CodeIgniter\CodeIgniter->handleRequest(null, Object(Config\Cache), false)
 5 FCPATH/index.php(79): CodeIgniter\CodeIgniter->run()
CRITICAL - 2024-10-18 13:57:40 --> ErrorException: Undefined variable $auction_data
in APPPATH/Controllers/Cart.php on line 428.
 1 APPPATH/Controllers/Cart.php(428): CodeIgniter\Debug\Exceptions->errorHandler(2, 'Undefined variable $auction_data', '/var/www/eazyhosting.in/public_html/api/app/Controllers/Cart.php', 428)
 2 SYSTEMPATH/CodeIgniter.php(941): App\Controllers\Cart->auctiongardenlist()
 3 SYSTEMPATH/CodeIgniter.php(502): CodeIgniter\CodeIgniter->runController(Object(App\Controllers\Cart))
 4 SYSTEMPATH/CodeIgniter.php(361): CodeIgniter\CodeIgniter->handleRequest(null, Object(Config\Cache), false)
 5 FCPATH/index.php(79): CodeIgniter\CodeIgniter->run()
CRITICAL - 2024-10-18 13:57:45 --> ErrorException: Undefined variable $auction_data
in APPPATH/Controllers/Cart.php on line 428.
 1 APPPATH/Controllers/Cart.php(428): CodeIgniter\Debug\Exceptions->errorHandler(2, 'Undefined variable $auction_data', '/var/www/eazyhosting.in/public_html/api/app/Controllers/Cart.php', 428)
 2 SYSTEMPATH/CodeIgniter.php(941): App\Controllers\Cart->auctiongardenlist()
 3 SYSTEMPATH/CodeIgniter.php(502): CodeIgniter\CodeIgniter->runController(Object(App\Controllers\Cart))
 4 SYSTEMPATH/CodeIgniter.php(361): CodeIgniter\CodeIgniter->handleRequest(null, Object(Config\Cache), false)
 5 FCPATH/index.php(79): CodeIgniter\CodeIgniter->run()
ERROR - 2024-10-18 14:37:46 --> Manual bid only
ERROR - 2024-10-18 14:37:46 --> Both manual and auto bids exist
ERROR - 2024-10-18 14:38:46 --> current items data:[{"id":"38","inward_invoice_id":"WA1","inward_item_id":"21","auction_id":"5","grade_id":"4","lot_no":"1","lot_set":"1","auction_quantity":"1","sample_quantity":"0","auction_each_net":"35","base_price":"100","reverse_price":"105","high_price":"0","valuation_price":"110","last_sold_price":null,"status":"1","is_sold":"0","min_bid_added":"0","is_withdrawn":"0","created_at":"2024-10-18 13:57:49","updated_at":"2024-10-18 13:58:54","created_by":"5","updated_by":"5"},{"id":"39","inward_invoice_id":"WA5","inward_item_id":"25","auction_id":"5","grade_id":"4","lot_no":"2","lot_set":"1","auction_quantity":"1","sample_quantity":"0","auction_each_net":"21","base_price":"100","reverse_price":"105","high_price":"0","valuation_price":"110","last_sold_price":null,"status":"1","is_sold":"0","min_bid_added":"0","is_withdrawn":"0","created_at":"2024-10-18 13:57:49","updated_at":"2024-10-18 13:58:54","created_by":"5","updated_by":"5"}], 2024-10-18 02:38:46
ERROR - 2024-10-18 14:38:46 --> Error code L001. auctionItemId:38, 2024-10-18 02:38:46
ERROR - 2024-10-18 14:38:46 --> bid calculation initiated auctionItemId:38, 1
ERROR - 2024-10-18 14:38:46 --> bidding value array:{"id":"411","auction_item_id":"38","buyer_id":"3","bid_price":"101.00","sq":"1.000","bq":"1.000","bid_type":"0","created_at":"2024-10-18 14:37:46","updated_at":"2024-10-18 14:37:46"}
ERROR - 2024-10-18 14:38:46 --> Error code 006. HBP:101.00, HABP: 0, 2024-10-18 02:38:46
ERROR - 2024-10-18 14:38:46 --> bid calculation Ended auctionItemId:38, 2024-10-18 02:38:46
ERROR - 2024-10-18 14:38:46 --> Error code L002. auctionItemId:38, 2024-10-18 02:38:46
ERROR - 2024-10-18 14:38:46 --> Error code L003. auctionItemId:38, 2024-10-18 02:38:46
ERROR - 2024-10-18 14:38:46 --> Error code L001. auctionItemId:39, 2024-10-18 02:38:46
ERROR - 2024-10-18 14:38:46 --> bid calculation initiated auctionItemId:39, 1
ERROR - 2024-10-18 14:38:46 --> bidding value array:{"id":"412","auction_item_id":"39","buyer_id":"3","bid_price":"102.00","sq":"1.000","bq":"1.000","bid_type":"1","created_at":"2024-10-18 14:37:46","updated_at":"2024-10-18 14:37:46"}
ERROR - 2024-10-18 14:38:46 --> Error code 001. HBP:102.00, HABP: 110, 2024-10-18 02:38:46
ERROR - 2024-10-18 14:38:46 --> Error code 002. HBP:102.00, RP: 105, 2024-10-18 02:38:46
ERROR - 2024-10-18 14:38:46 --> bid calculation Ended auctionItemId:39, 2024-10-18 02:38:46
ERROR - 2024-10-18 14:38:46 --> Error code L002. auctionItemId:39, 2024-10-18 02:38:46
ERROR - 2024-10-18 14:38:46 --> Error code L003. auctionItemId:39, 2024-10-18 02:38:46
ERROR - 2024-10-18 14:38:47 --> Manual bid only
ERROR - 2024-10-18 14:38:47 --> Auto bid only
ERROR - 2024-10-18 14:38:47 --> Auto bid only:2
ERROR - 2024-10-18 14:40:29 --> current items data:[{"id":"40","inward_invoice_id":"WA2","inward_item_id":"22","auction_id":"5","grade_id":"26","lot_no":"3","lot_set":"2","auction_quantity":"1","sample_quantity":"0","auction_each_net":"5","base_price":"100","reverse_price":"105","high_price":"0","valuation_price":"110","last_sold_price":null,"status":"1","is_sold":"0","min_bid_added":"0","is_withdrawn":"0","created_at":"2024-10-18 13:57:49","updated_at":"2024-10-18 13:58:54","created_by":"5","updated_by":"5"},{"id":"41","inward_invoice_id":"WA3","inward_item_id":"23","auction_id":"5","grade_id":"26","lot_no":"4","lot_set":"2","auction_quantity":"1","sample_quantity":"0","auction_each_net":"17","base_price":"100","reverse_price":"105","high_price":"0","valuation_price":"110","last_sold_price":null,"status":"1","is_sold":"0","min_bid_added":"0","is_withdrawn":"0","created_at":"2024-10-18 13:57:49","updated_at":"2024-10-18 13:58:54","created_by":"5","updated_by":"5"}], 2024-10-18 02:40:29
ERROR - 2024-10-18 14:40:29 --> Error code L001. auctionItemId:40, 2024-10-18 02:40:29
ERROR - 2024-10-18 14:40:29 --> bid calculation initiated auctionItemId:40, 1
ERROR - 2024-10-18 14:40:29 --> bidding value array:{"id":"414","auction_item_id":"40","buyer_id":"3","bid_price":"200.00","sq":"1.000","bq":"1.000","bid_type":"0","created_at":"2024-10-18 14:38:47","updated_at":"2024-10-18 14:38:47"}
ERROR - 2024-10-18 14:40:29 --> Error code 006. HBP:200.00, HABP: 0, 2024-10-18 02:40:29
ERROR - 2024-10-18 14:40:29 --> bid calculation Ended auctionItemId:40, 2024-10-18 02:40:29
ERROR - 2024-10-18 14:40:29 --> Error code L002. auctionItemId:40, 2024-10-18 02:40:29
ERROR - 2024-10-18 14:40:29 --> Error code L003. auctionItemId:40, 2024-10-18 02:40:29
ERROR - 2024-10-18 14:40:29 --> Error code L001. auctionItemId:41, 2024-10-18 02:40:29
ERROR - 2024-10-18 14:40:29 --> bid calculation initiated auctionItemId:41, 1
ERROR - 2024-10-18 14:40:29 --> bidding value array:{"id":"415","auction_item_id":"41","buyer_id":"3","bid_price":"101.00","sq":"1.000","bq":"1.000","bid_type":"1","created_at":"2024-10-18 14:38:47","updated_at":"2024-10-18 14:38:47"}
ERROR - 2024-10-18 14:40:29 --> Error code 001. HBP:101.00, HABP: 300, 2024-10-18 02:40:29
ERROR - 2024-10-18 14:40:29 --> Error code 002. HBP:101.00, RP: 105, 2024-10-18 02:40:29
ERROR - 2024-10-18 14:40:29 --> bid calculation Ended auctionItemId:41, 2024-10-18 02:40:29
ERROR - 2024-10-18 14:40:29 --> Error code L002. auctionItemId:41, 2024-10-18 02:40:29
ERROR - 2024-10-18 14:40:29 --> Error code L003. auctionItemId:41, 2024-10-18 02:40:29
ERROR - 2024-10-18 14:40:30 --> Both manual and auto bids exist
ERROR - 2024-10-18 14:41:31 --> current items data:[{"id":"42","inward_invoice_id":"WA4","inward_item_id":"24","auction_id":"5","grade_id":"9","lot_no":"5","lot_set":"3","auction_quantity":"1","sample_quantity":"0","auction_each_net":"11","base_price":"100","reverse_price":"105","high_price":"0","valuation_price":"110","last_sold_price":null,"status":"1","is_sold":"0","min_bid_added":"0","is_withdrawn":"0","created_at":"2024-10-18 13:57:49","updated_at":"2024-10-18 13:58:54","created_by":"5","updated_by":"5"}], 2024-10-18 02:41:31
ERROR - 2024-10-18 14:41:31 --> Error code L001. auctionItemId:42, 2024-10-18 02:41:31
ERROR - 2024-10-18 14:41:31 --> bid calculation initiated auctionItemId:42, 1
ERROR - 2024-10-18 14:41:31 --> bidding value array:{"id":"417","auction_item_id":"42","buyer_id":"3","bid_price":"201.00","sq":"1.000","bq":"1.000","bid_type":"1","created_at":"2024-10-18 14:40:30","updated_at":"2024-10-18 14:40:30"}
ERROR - 2024-10-18 14:41:31 --> Error code 001. HBP:201.00, HABP: 500, 2024-10-18 02:41:31
ERROR - 2024-10-18 14:41:31 --> Error code 003. HBP:201.00, RP: 105, 2024-10-18 02:41:31
ERROR - 2024-10-18 14:41:31 --> Error code 005. HBP:201.00, SLHABP: 0, 2024-10-18 02:41:31
ERROR - 2024-10-18 14:41:31 --> bid calculation Ended auctionItemId:42, 2024-10-18 02:41:31
ERROR - 2024-10-18 14:41:31 --> Error code L002. auctionItemId:42, 2024-10-18 02:41:31
ERROR - 2024-10-18 14:41:31 --> Error code L003. auctionItemId:42, 2024-10-18 02:41:31
CRITICAL - 2024-10-18 14:42:58 --> ErrorException: Undefined variable $auction_data
in APPPATH/Controllers/Cart.php on line 428.
 1 APPPATH/Controllers/Cart.php(428): CodeIgniter\Debug\Exceptions->errorHandler(2, 'Undefined variable $auction_data', '/var/www/eazyhosting.in/public_html/api/app/Controllers/Cart.php', 428)
 2 SYSTEMPATH/CodeIgniter.php(941): App\Controllers\Cart->auctiongardenlist()
 3 SYSTEMPATH/CodeIgniter.php(502): CodeIgniter\CodeIgniter->runController(Object(App\Controllers\Cart))
 4 SYSTEMPATH/CodeIgniter.php(361): CodeIgniter\CodeIgniter->handleRequest(null, Object(Config\Cache), false)
 5 FCPATH/index.php(79): CodeIgniter\CodeIgniter->run()
CRITICAL - 2024-10-18 14:43:35 --> ErrorException: Undefined variable $auction_data
in APPPATH/Controllers/Cart.php on line 428.
 1 APPPATH/Controllers/Cart.php(428): CodeIgniter\Debug\Exceptions->errorHandler(2, 'Undefined variable $auction_data', '/var/www/eazyhosting.in/public_html/api/app/Controllers/Cart.php', 428)
 2 SYSTEMPATH/CodeIgniter.php(941): App\Controllers\Cart->auctiongardenlist()
 3 SYSTEMPATH/CodeIgniter.php(502): CodeIgniter\CodeIgniter->runController(Object(App\Controllers\Cart))
 4 SYSTEMPATH/CodeIgniter.php(361): CodeIgniter\CodeIgniter->handleRequest(null, Object(Config\Cache), false)
 5 FCPATH/index.php(79): CodeIgniter\CodeIgniter->run()
CRITICAL - 2024-10-18 14:43:37 --> ErrorException: Undefined variable $auction_data
in APPPATH/Controllers/Cart.php on line 428.
 1 APPPATH/Controllers/Cart.php(428): CodeIgniter\Debug\Exceptions->errorHandler(2, 'Undefined variable $auction_data', '/var/www/eazyhosting.in/public_html/api/app/Controllers/Cart.php', 428)
 2 SYSTEMPATH/CodeIgniter.php(941): App\Controllers\Cart->auctiongardenlist()
 3 SYSTEMPATH/CodeIgniter.php(502): CodeIgniter\CodeIgniter->runController(Object(App\Controllers\Cart))
 4 SYSTEMPATH/CodeIgniter.php(361): CodeIgniter\CodeIgniter->handleRequest(null, Object(Config\Cache), false)
 5 FCPATH/index.php(79): CodeIgniter\CodeIgniter->run()
ERROR - 2024-10-18 16:05:37 --> Both manual and auto bids exist
ERROR - 2024-10-18 16:05:37 --> Both manual and auto bids exist
ERROR - 2024-10-18 16:06:36 --> current items data:[{"id":"43","inward_invoice_id":"V2","inward_item_id":"2","auction_id":"6","grade_id":"5","lot_no":"1","lot_set":"1","auction_quantity":"5","sample_quantity":"2","auction_each_net":"13","base_price":"100","reverse_price":"105","high_price":"0","valuation_price":"110","last_sold_price":null,"status":"1","is_sold":"0","min_bid_added":"0","is_withdrawn":"0","created_at":"2024-10-18 14:43:40","updated_at":"2024-10-18 14:45:30","created_by":"5","updated_by":"5"},{"id":"44","inward_invoice_id":"V1","inward_item_id":"1","auction_id":"6","grade_id":"26","lot_no":"2","lot_set":"1","auction_quantity":"5","sample_quantity":"2","auction_each_net":"10","base_price":"100","reverse_price":"105","high_price":"0","valuation_price":"110","last_sold_price":null,"status":"1","is_sold":"0","min_bid_added":"0","is_withdrawn":"0","created_at":"2024-10-18 14:43:40","updated_at":"2024-10-18 14:45:30","created_by":"5","updated_by":"5"}], 2024-10-18 04:06:36
ERROR - 2024-10-18 16:06:36 --> Error code L001. auctionItemId:43, 2024-10-18 04:06:36
ERROR - 2024-10-18 16:06:36 --> bid calculation initiated auctionItemId:43, 4
ERROR - 2024-10-18 16:06:36 --> bidding value array:{"id":"418","auction_item_id":"43","buyer_id":"10","bid_price":"99999999.99","sq":"1.000","bq":"1.000","bid_type":"1","created_at":"2024-10-18 16:05:37","updated_at":"2024-10-18 16:05:37"}
ERROR - 2024-10-18 16:06:36 --> Error code 001. HBP:99999999.99, HABP: 1.7976931348623157e308, 2024-10-18 04:06:36
ERROR - 2024-10-18 16:06:36 --> Error code 003. HBP:99999999.99, RP: 105, 2024-10-18 04:06:36
ERROR - 2024-10-18 16:06:36 --> Error code 004. HBP:99999999.99, SLHABP: 1e94, 2024-10-18 04:06:36
ERROR - 2024-10-18 16:06:36 --> bid calculation Ended auctionItemId:43, 2024-10-18 04:06:36
ERROR - 2024-10-18 16:06:36 --> Error code L002. auctionItemId:43, 2024-10-18 04:06:36
ERROR - 2024-10-18 16:06:36 --> Error code L003. auctionItemId:43, 2024-10-18 04:06:36
ERROR - 2024-10-18 16:06:36 --> Error code L001. auctionItemId:44, 2024-10-18 04:06:36
ERROR - 2024-10-18 16:06:36 --> bid calculation initiated auctionItemId:44, 4
ERROR - 2024-10-18 16:06:36 --> bidding value array:{"id":"439","auction_item_id":"44","buyer_id":"11","bid_price":"164.00","sq":"1.000","bq":"1.000","bid_type":"1","created_at":"2024-10-18 16:06:29","updated_at":"2024-10-18 16:06:29"}
ERROR - 2024-10-18 16:06:36 --> Error code 001. HBP:164.00, HABP: 200, 2024-10-18 04:06:36
ERROR - 2024-10-18 16:06:36 --> Error code 003. HBP:164.00, RP: 105, 2024-10-18 04:06:36
ERROR - 2024-10-18 16:06:36 --> Error code 005. HBP:164.00, SLHABP: 163, 2024-10-18 04:06:36
ERROR - 2024-10-18 16:06:36 --> bid calculation Ended auctionItemId:44, 2024-10-18 04:06:36
ERROR - 2024-10-18 16:06:36 --> Error code L002. auctionItemId:44, 2024-10-18 04:06:36
ERROR - 2024-10-18 16:06:36 --> Error code L003. auctionItemId:44, 2024-10-18 04:06:36
ERROR - 2024-10-18 16:06:36 --> current items data:[], 2024-10-18 04:06:36
ERROR - 2024-10-18 16:06:36 --> current items data:[], 2024-10-18 04:06:36
ERROR - 2024-10-18 16:06:37 --> Both manual and auto bids exist
ERROR - 2024-10-18 16:06:37 --> Both manual and auto bids exist
ERROR - 2024-10-18 16:06:37 --> current items data:[], 2024-10-18 04:06:37
ERROR - 2024-10-18 16:07:37 --> current items data:[{"id":"45","inward_invoice_id":"V4","inward_item_id":"4","auction_id":"6","grade_id":"7","lot_no":"3","lot_set":"2","auction_quantity":"5","sample_quantity":"2","auction_each_net":"2","base_price":"100","reverse_price":"105","high_price":"0","valuation_price":"110","last_sold_price":null,"status":"1","is_sold":"0","min_bid_added":"0","is_withdrawn":"0","created_at":"2024-10-18 14:43:40","updated_at":"2024-10-18 14:45:30","created_by":"5","updated_by":"5"},{"id":"46","inward_invoice_id":"V3","inward_item_id":"3","auction_id":"6","grade_id":"9","lot_no":"4","lot_set":"2","auction_quantity":"5","sample_quantity":"2","auction_each_net":"9","base_price":"100","reverse_price":"105","high_price":"0","valuation_price":"110","last_sold_price":null,"status":"1","is_sold":"0","min_bid_added":"0","is_withdrawn":"0","created_at":"2024-10-18 14:43:40","updated_at":"2024-10-18 14:45:30","created_by":"5","updated_by":"5"}], 2024-10-18 04:07:37
ERROR - 2024-10-18 16:07:37 --> Error code L001. auctionItemId:45, 2024-10-18 04:07:37
ERROR - 2024-10-18 16:07:37 --> bid calculation initiated auctionItemId:45, 4
ERROR - 2024-10-18 16:07:37 --> bidding value array:{"id":"488","auction_item_id":"45","buyer_id":"11","bid_price":"200.00","sq":"1.000","bq":"1.000","bid_type":"1","created_at":"2024-10-18 16:07:37","updated_at":"2024-10-18 16:07:37"}
ERROR - 2024-10-18 16:07:37 --> Error code 001. HBP:200.00, HABP: 250, 2024-10-18 04:07:37
ERROR - 2024-10-18 16:07:37 --> Error code 003. HBP:200.00, RP: 105, 2024-10-18 04:07:37
ERROR - 2024-10-18 16:07:37 --> Error code 005. HBP:200.00, SLHABP: 199, 2024-10-18 04:07:37
ERROR - 2024-10-18 16:07:37 --> bid calculation Ended auctionItemId:45, 2024-10-18 04:07:37
ERROR - 2024-10-18 16:07:37 --> Error code L002. auctionItemId:45, 2024-10-18 04:07:37
ERROR - 2024-10-18 16:07:37 --> Error code L003. auctionItemId:45, 2024-10-18 04:07:37
ERROR - 2024-10-18 16:07:37 --> Error code L001. auctionItemId:46, 2024-10-18 04:07:37
ERROR - 2024-10-18 16:07:37 --> bid calculation initiated auctionItemId:46, 3
ERROR - 2024-10-18 16:07:37 --> bidding value array:{"id":"486","auction_item_id":"46","buyer_id":"11","bid_price":"601.00","sq":"1.000","bq":"1.000","bid_type":"1","created_at":"2024-10-18 16:07:36","updated_at":"2024-10-18 16:07:36"}
ERROR - 2024-10-18 16:07:37 --> Error code 001. HBP:601.00, HABP: 1070, 2024-10-18 04:07:37
ERROR - 2024-10-18 16:07:37 --> Error code 003. HBP:601.00, RP: 105, 2024-10-18 04:07:37
ERROR - 2024-10-18 16:07:37 --> Error code 005. HBP:601.00, SLHABP: 600, 2024-10-18 04:07:37
ERROR - 2024-10-18 16:07:37 --> bid calculation Ended auctionItemId:46, 2024-10-18 04:07:37
ERROR - 2024-10-18 16:07:37 --> Error code L002. auctionItemId:46, 2024-10-18 04:07:37
ERROR - 2024-10-18 16:07:37 --> Error code L003. auctionItemId:46, 2024-10-18 04:07:37
ERROR - 2024-10-18 16:07:37 --> current items data:[], 2024-10-18 04:07:37
ERROR - 2024-10-18 16:07:38 --> current items data:[], 2024-10-18 04:07:38
ERROR - 2024-10-18 16:07:38 --> current items data:[], 2024-10-18 04:07:38
ERROR - 2024-10-18 16:07:38 --> Both manual and auto bids exist
ERROR - 2024-10-18 16:07:38 --> Both manual and auto bids exist
ERROR - 2024-10-18 16:07:38 --> current items data:[], 2024-10-18 04:07:38
ERROR - 2024-10-18 16:08:39 --> current items data:[{"id":"47","inward_invoice_id":"V5","inward_item_id":"5","auction_id":"6","grade_id":"11","lot_no":"5","lot_set":"3","auction_quantity":"5","sample_quantity":"2","auction_each_net":"15","base_price":"100","reverse_price":"105","high_price":"0","valuation_price":"110","last_sold_price":null,"status":"1","is_sold":"0","min_bid_added":"0","is_withdrawn":"0","created_at":"2024-10-18 14:43:40","updated_at":"2024-10-18 14:45:30","created_by":"5","updated_by":"5"},{"id":"48","inward_invoice_id":"S1","inward_item_id":"6","auction_id":"6","grade_id":"4","lot_no":"6","lot_set":"3","auction_quantity":"5","sample_quantity":"2","auction_each_net":"17","base_price":"100","reverse_price":"105","high_price":"0","valuation_price":"110","last_sold_price":null,"status":"1","is_sold":"0","min_bid_added":"0","is_withdrawn":"0","created_at":"2024-10-18 14:43:40","updated_at":"2024-10-18 14:45:30","created_by":"5","updated_by":"5"}], 2024-10-18 04:08:39
ERROR - 2024-10-18 16:08:39 --> Error code L001. auctionItemId:47, 2024-10-18 04:08:39
ERROR - 2024-10-18 16:08:39 --> bid calculation initiated auctionItemId:47, 4
ERROR - 2024-10-18 16:08:39 --> bidding value array:{"id":"528","auction_item_id":"47","buyer_id":"13","bid_price":"1501.00","sq":"1.000","bq":"1.000","bid_type":"1","created_at":"2024-10-18 16:08:37","updated_at":"2024-10-18 16:08:37"}
ERROR - 2024-10-18 16:08:39 --> Error code 001. HBP:1501.00, HABP: 5500, 2024-10-18 04:08:39
ERROR - 2024-10-18 16:08:39 --> Error code 003. HBP:1501.00, RP: 105, 2024-10-18 04:08:39
ERROR - 2024-10-18 16:08:39 --> Error code 005. HBP:1501.00, SLHABP: 1500, 2024-10-18 04:08:39
ERROR - 2024-10-18 16:08:39 --> bid calculation Ended auctionItemId:47, 2024-10-18 04:08:39
ERROR - 2024-10-18 16:08:39 --> Error code L002. auctionItemId:47, 2024-10-18 04:08:39
ERROR - 2024-10-18 16:08:39 --> Error code L003. auctionItemId:47, 2024-10-18 04:08:39
ERROR - 2024-10-18 16:08:39 --> Error code L001. auctionItemId:48, 2024-10-18 04:08:39
ERROR - 2024-10-18 16:08:39 --> bid calculation initiated auctionItemId:48, 3
ERROR - 2024-10-18 16:08:39 --> bidding value array:{"id":"524","auction_item_id":"48","buyer_id":"13","bid_price":"296.00","sq":"1.000","bq":"1.000","bid_type":"1","created_at":"2024-10-18 16:08:29","updated_at":"2024-10-18 16:08:29"}
ERROR - 2024-10-18 16:08:39 --> Error code 001. HBP:296.00, HABP: 700, 2024-10-18 04:08:39
ERROR - 2024-10-18 16:08:39 --> Error code 003. HBP:296.00, RP: 105, 2024-10-18 04:08:39
ERROR - 2024-10-18 16:08:39 --> Error code 005. HBP:296.00, SLHABP: 295, 2024-10-18 04:08:39
ERROR - 2024-10-18 16:08:39 --> bid calculation Ended auctionItemId:48, 2024-10-18 04:08:39
ERROR - 2024-10-18 16:08:39 --> Error code L002. auctionItemId:48, 2024-10-18 04:08:39
ERROR - 2024-10-18 16:08:39 --> Error code L003. auctionItemId:48, 2024-10-18 04:08:39
ERROR - 2024-10-18 16:08:39 --> current items data:[], 2024-10-18 04:08:39
ERROR - 2024-10-18 16:08:39 --> current items data:[], 2024-10-18 04:08:39
ERROR - 2024-10-18 16:08:40 --> current items data:[], 2024-10-18 04:08:40
ERROR - 2024-10-18 16:08:40 --> current items data:[], 2024-10-18 04:08:40
ERROR - 2024-10-18 16:08:40 --> Both manual and auto bids exist
ERROR - 2024-10-18 16:08:40 --> Both manual and auto bids exist
ERROR - 2024-10-18 16:09:40 --> current items data:[{"id":"49","inward_invoice_id":"S2","inward_item_id":"7","auction_id":"6","grade_id":"5","lot_no":"7","lot_set":"4","auction_quantity":"5","sample_quantity":"2","auction_each_net":"7","base_price":"100","reverse_price":"105","high_price":"0","valuation_price":"110","last_sold_price":null,"status":"1","is_sold":"0","min_bid_added":"0","is_withdrawn":"0","created_at":"2024-10-18 14:43:40","updated_at":"2024-10-18 14:45:30","created_by":"5","updated_by":"5"},{"id":"50","inward_invoice_id":"S3","inward_item_id":"8","auction_id":"6","grade_id":"6","lot_no":"8","lot_set":"4","auction_quantity":"5","sample_quantity":"2","auction_each_net":"21","base_price":"100","reverse_price":"105","high_price":"0","valuation_price":"110","last_sold_price":null,"status":"1","is_sold":"0","min_bid_added":"0","is_withdrawn":"0","created_at":"2024-10-18 14:43:40","updated_at":"2024-10-18 14:45:30","created_by":"5","updated_by":"5"}], 2024-10-18 04:09:40
ERROR - 2024-10-18 16:09:40 --> Error code L001. auctionItemId:49, 2024-10-18 04:09:40
ERROR - 2024-10-18 16:09:40 --> bid calculation initiated auctionItemId:49, 4
ERROR - 2024-10-18 16:09:40 --> bidding value array:{"id":"532","auction_item_id":"49","buyer_id":"13","bid_price":"131.00","sq":"1.000","bq":"1.000","bid_type":"1","created_at":"2024-10-18 16:08:48","updated_at":"2024-10-18 16:08:48"}
ERROR - 2024-10-18 16:09:40 --> Error code 001. HBP:131.00, HABP: 850, 2024-10-18 04:09:40
ERROR - 2024-10-18 16:09:40 --> Error code 003. HBP:131.00, RP: 105, 2024-10-18 04:09:40
ERROR - 2024-10-18 16:09:40 --> Error code 005. HBP:131.00, SLHABP: 130, 2024-10-18 04:09:40
ERROR - 2024-10-18 16:09:40 --> bid calculation Ended auctionItemId:49, 2024-10-18 04:09:40
ERROR - 2024-10-18 16:09:40 --> Error code L002. auctionItemId:49, 2024-10-18 04:09:40
ERROR - 2024-10-18 16:09:40 --> Error code L003. auctionItemId:49, 2024-10-18 04:09:40
ERROR - 2024-10-18 16:09:40 --> Error code L001. auctionItemId:50, 2024-10-18 04:09:40
ERROR - 2024-10-18 16:09:40 --> bid calculation initiated auctionItemId:50, 4
ERROR - 2024-10-18 16:09:40 --> bidding value array:{"id":"556","auction_item_id":"50","buyer_id":"11","bid_price":"5001.00","sq":"1.000","bq":"1.000","bid_type":"1","created_at":"2024-10-18 16:09:38","updated_at":"2024-10-18 16:09:38"}
ERROR - 2024-10-18 16:09:40 --> Error code 001. HBP:5001.00, HABP: 20000, 2024-10-18 04:09:40
ERROR - 2024-10-18 16:09:40 --> Error code 003. HBP:5001.00, RP: 105, 2024-10-18 04:09:40
ERROR - 2024-10-18 16:09:40 --> Error code 005. HBP:5001.00, SLHABP: 5000, 2024-10-18 04:09:40
ERROR - 2024-10-18 16:09:40 --> bid calculation Ended auctionItemId:50, 2024-10-18 04:09:40
ERROR - 2024-10-18 16:09:40 --> Error code L002. auctionItemId:50, 2024-10-18 04:09:40
ERROR - 2024-10-18 16:09:40 --> Error code L003. auctionItemId:50, 2024-10-18 04:09:40
ERROR - 2024-10-18 16:09:40 --> current items data:[], 2024-10-18 04:09:40
ERROR - 2024-10-18 16:09:41 --> current items data:[], 2024-10-18 04:09:41
ERROR - 2024-10-18 16:09:41 --> current items data:[], 2024-10-18 04:09:41
ERROR - 2024-10-18 16:09:41 --> current items data:[], 2024-10-18 04:09:41
ERROR - 2024-10-18 16:09:41 --> Both manual and auto bids exist
ERROR - 2024-10-18 16:09:41 --> Both manual and auto bids exist
ERROR - 2024-10-18 16:10:42 --> current items data:[{"id":"51","inward_invoice_id":"S4","inward_item_id":"9","auction_id":"6","grade_id":"8","lot_no":"9","lot_set":"5","auction_quantity":"5","sample_quantity":"2","auction_each_net":"11","base_price":"100","reverse_price":"105","high_price":"0","valuation_price":"110","last_sold_price":null,"status":"1","is_sold":"0","min_bid_added":"0","is_withdrawn":"0","created_at":"2024-10-18 14:43:40","updated_at":"2024-10-18 14:45:31","created_by":"5","updated_by":"5"},{"id":"52","inward_invoice_id":"S5","inward_item_id":"10","auction_id":"6","grade_id":"9","lot_no":"10","lot_set":"5","auction_quantity":"5","sample_quantity":"2","auction_each_net":"12","base_price":"100","reverse_price":"105","high_price":"0","valuation_price":"110","last_sold_price":null,"status":"1","is_sold":"0","min_bid_added":"0","is_withdrawn":"0","created_at":"2024-10-18 14:43:40","updated_at":"2024-10-18 14:45:31","created_by":"5","updated_by":"5"}], 2024-10-18 04:10:42
ERROR - 2024-10-18 16:10:42 --> Error code L001. auctionItemId:51, 2024-10-18 04:10:42
ERROR - 2024-10-18 16:10:42 --> bid calculation initiated auctionItemId:51, 4
ERROR - 2024-10-18 16:10:42 --> bidding value array:{"id":"592","auction_item_id":"51","buyer_id":"11","bid_price":"15001.00","sq":"1.000","bq":"1.000","bid_type":"1","created_at":"2024-10-18 16:10:37","updated_at":"2024-10-18 16:10:37"}
ERROR - 2024-10-18 16:10:42 --> Error code 001. HBP:15001.00, HABP: 150000, 2024-10-18 04:10:42
ERROR - 2024-10-18 16:10:42 --> Error code 003. HBP:15001.00, RP: 105, 2024-10-18 04:10:42
ERROR - 2024-10-18 16:10:42 --> Error code 005. HBP:15001.00, SLHABP: 15000, 2024-10-18 04:10:42
ERROR - 2024-10-18 16:10:42 --> bid calculation Ended auctionItemId:51, 2024-10-18 04:10:42
ERROR - 2024-10-18 16:10:42 --> Error code L002. auctionItemId:51, 2024-10-18 04:10:42
ERROR - 2024-10-18 16:10:42 --> Error code L003. auctionItemId:51, 2024-10-18 04:10:42
ERROR - 2024-10-18 16:10:42 --> Error code L001. auctionItemId:52, 2024-10-18 04:10:42
ERROR - 2024-10-18 16:10:42 --> bid calculation initiated auctionItemId:52, 4
ERROR - 2024-10-18 16:10:42 --> bidding value array:{"id":"596","auction_item_id":"52","buyer_id":"10","bid_price":"6001.00","sq":"1.000","bq":"1.000","bid_type":"1","created_at":"2024-10-18 16:10:40","updated_at":"2024-10-18 16:10:40"}
ERROR - 2024-10-18 16:10:42 --> Error code 001. HBP:6001.00, HABP: 15000, 2024-10-18 04:10:42
ERROR - 2024-10-18 16:10:42 --> Error code 003. HBP:6001.00, RP: 105, 2024-10-18 04:10:42
ERROR - 2024-10-18 16:10:42 --> Error code 005. HBP:6001.00, SLHABP: 6000, 2024-10-18 04:10:42
ERROR - 2024-10-18 16:10:42 --> bid calculation Ended auctionItemId:52, 2024-10-18 04:10:42
ERROR - 2024-10-18 16:10:42 --> Error code L002. auctionItemId:52, 2024-10-18 04:10:42
ERROR - 2024-10-18 16:10:42 --> Error code L003. auctionItemId:52, 2024-10-18 04:10:42
ERROR - 2024-10-18 16:10:43 --> current items data:[], 2024-10-18 04:10:43
ERROR - 2024-10-18 16:10:43 --> current items data:[], 2024-10-18 04:10:43
ERROR - 2024-10-18 16:10:43 --> current items data:[], 2024-10-18 04:10:43
ERROR - 2024-10-18 16:10:43 --> current items data:[], 2024-10-18 04:10:43
CRITICAL - 2024-10-18 17:05:11 --> ErrorException: Undefined variable $auction_data
in APPPATH/Controllers/Cart.php on line 428.
 1 APPPATH/Controllers/Cart.php(428): CodeIgniter\Debug\Exceptions->errorHandler(2, 'Undefined variable $auction_data', '/var/www/eazyhosting.in/public_html/api/app/Controllers/Cart.php', 428)
 2 SYSTEMPATH/CodeIgniter.php(941): App\Controllers\Cart->auctiongardenlist()
 3 SYSTEMPATH/CodeIgniter.php(502): CodeIgniter\CodeIgniter->runController(Object(App\Controllers\Cart))
 4 SYSTEMPATH/CodeIgniter.php(361): CodeIgniter\CodeIgniter->handleRequest(null, Object(Config\Cache), false)
 5 FCPATH/index.php(79): CodeIgniter\CodeIgniter->run()
CRITICAL - 2024-10-18 17:05:39 --> ErrorException: Undefined variable $auction_data
in APPPATH/Controllers/Cart.php on line 428.
 1 APPPATH/Controllers/Cart.php(428): CodeIgniter\Debug\Exceptions->errorHandler(2, 'Undefined variable $auction_data', '/var/www/eazyhosting.in/public_html/api/app/Controllers/Cart.php', 428)
 2 SYSTEMPATH/CodeIgniter.php(941): App\Controllers\Cart->auctiongardenlist()
 3 SYSTEMPATH/CodeIgniter.php(502): CodeIgniter\CodeIgniter->runController(Object(App\Controllers\Cart))
 4 SYSTEMPATH/CodeIgniter.php(361): CodeIgniter\CodeIgniter->handleRequest(null, Object(Config\Cache), false)
 5 FCPATH/index.php(79): CodeIgniter\CodeIgniter->run()
CRITICAL - 2024-10-18 17:05:43 --> ErrorException: Undefined variable $auction_data
in APPPATH/Controllers/Cart.php on line 428.
 1 APPPATH/Controllers/Cart.php(428): CodeIgniter\Debug\Exceptions->errorHandler(2, 'Undefined variable $auction_data', '/var/www/eazyhosting.in/public_html/api/app/Controllers/Cart.php', 428)
 2 SYSTEMPATH/CodeIgniter.php(941): App\Controllers\Cart->auctiongardenlist()
 3 SYSTEMPATH/CodeIgniter.php(502): CodeIgniter\CodeIgniter->runController(Object(App\Controllers\Cart))
 4 SYSTEMPATH/CodeIgniter.php(361): CodeIgniter\CodeIgniter->handleRequest(null, Object(Config\Cache), false)
 5 FCPATH/index.php(79): CodeIgniter\CodeIgniter->run()
ERROR - 2024-10-18 17:15:44 --> Both manual and auto bids exist
ERROR - 2024-10-18 17:15:44 --> Both manual and auto bids exist
ERROR - 2024-10-18 17:16:44 --> current items data:[{"id":"53","inward_invoice_id":"V2","inward_item_id":"2","auction_id":"7","grade_id":"5","lot_no":"1","lot_set":"1","auction_quantity":"5","sample_quantity":"2","auction_each_net":"13","base_price":"100","reverse_price":"105","high_price":"0","valuation_price":"110","last_sold_price":"105","status":"1","is_sold":"0","min_bid_added":"0","is_withdrawn":"0","created_at":"2024-10-18 17:05:46","updated_at":"2024-10-18 17:09:38","created_by":"5","updated_by":"5"},{"id":"54","inward_invoice_id":"V1","inward_item_id":"1","auction_id":"7","grade_id":"26","lot_no":"2","lot_set":"1","auction_quantity":"5","sample_quantity":"2","auction_each_net":"10","base_price":"100","reverse_price":"105","high_price":"0","valuation_price":"110","last_sold_price":"107","status":"1","is_sold":"0","min_bid_added":"0","is_withdrawn":"0","created_at":"2024-10-18 17:05:46","updated_at":"2024-10-18 17:09:39","created_by":"5","updated_by":"5"}], 2024-10-18 05:16:44
ERROR - 2024-10-18 17:16:44 --> Error code L001. auctionItemId:53, 2024-10-18 05:16:44
ERROR - 2024-10-18 17:16:44 --> bid calculation initiated auctionItemId:53, 1
ERROR - 2024-10-18 17:16:44 --> bidding value array:{"id":"597","auction_item_id":"53","buyer_id":"3","bid_price":"101.50","sq":"1.000","bq":"1.000","bid_type":"1","created_at":"2024-10-18 17:15:44","updated_at":"2024-10-18 17:15:44"}
ERROR - 2024-10-18 17:16:44 --> Error code 001. HBP:101.50, HABP: 500.5222, 2024-10-18 05:16:44
ERROR - 2024-10-18 17:16:44 --> Error code 002. HBP:101.50, RP: 105, 2024-10-18 05:16:44
ERROR - 2024-10-18 17:16:44 --> bid calculation Ended auctionItemId:53, 2024-10-18 05:16:44
ERROR - 2024-10-18 17:16:44 --> Error code L002. auctionItemId:53, 2024-10-18 05:16:44
ERROR - 2024-10-18 17:16:44 --> Error code L003. auctionItemId:53, 2024-10-18 05:16:44
ERROR - 2024-10-18 17:16:44 --> Error code L001. auctionItemId:54, 2024-10-18 05:16:44
ERROR - 2024-10-18 17:16:44 --> bid calculation initiated auctionItemId:54, 1
ERROR - 2024-10-18 17:16:44 --> bidding value array:{"id":"598","auction_item_id":"54","buyer_id":"3","bid_price":"150.00","sq":"1.000","bq":"1.000","bid_type":"0","created_at":"2024-10-18 17:15:44","updated_at":"2024-10-18 17:15:44"}
ERROR - 2024-10-18 17:16:44 --> Error code 006. HBP:150.00, HABP: 1, 2024-10-18 05:16:44
ERROR - 2024-10-18 17:16:44 --> bid calculation Ended auctionItemId:54, 2024-10-18 05:16:44
ERROR - 2024-10-18 17:16:44 --> Error code L002. auctionItemId:54, 2024-10-18 05:16:44
ERROR - 2024-10-18 17:16:44 --> Error code L003. auctionItemId:54, 2024-10-18 05:16:44
ERROR - 2024-10-18 17:17:45 --> current items data:[{"id":"55","inward_invoice_id":"V4","inward_item_id":"4","auction_id":"7","grade_id":"7","lot_no":"3","lot_set":"2","auction_quantity":"5","sample_quantity":"2","auction_each_net":"2","base_price":"100","reverse_price":"105","high_price":"0","valuation_price":"110","last_sold_price":"105","status":"1","is_sold":"0","min_bid_added":"0","is_withdrawn":"0","created_at":"2024-10-18 17:05:46","updated_at":"2024-10-18 17:09:38","created_by":"5","updated_by":"5"},{"id":"56","inward_invoice_id":"V3","inward_item_id":"3","auction_id":"7","grade_id":"9","lot_no":"4","lot_set":"2","auction_quantity":"5","sample_quantity":"2","auction_each_net":"9","base_price":"100","reverse_price":"105","high_price":"0","valuation_price":"110","last_sold_price":"110","status":"1","is_sold":"0","min_bid_added":"0","is_withdrawn":"0","created_at":"2024-10-18 17:05:46","updated_at":"2024-10-18 17:09:38","created_by":"5","updated_by":"5"}], 2024-10-18 05:17:45
ERROR - 2024-10-18 17:17:45 --> Error code L001. auctionItemId:55, 2024-10-18 05:17:45
ERROR - 2024-10-18 17:17:45 --> bid calculation initiated auctionItemId:55, 0
ERROR - 2024-10-18 17:17:45 --> bid calculation Ended auctionItemId:55, 2024-10-18 05:17:45
ERROR - 2024-10-18 17:17:45 --> Error code L002. auctionItemId:55, 2024-10-18 05:17:45
ERROR - 2024-10-18 17:17:45 --> Error code L003. auctionItemId:55, 2024-10-18 05:17:45
ERROR - 2024-10-18 17:17:45 --> Error code L001. auctionItemId:56, 2024-10-18 05:17:45
ERROR - 2024-10-18 17:17:45 --> bid calculation initiated auctionItemId:56, 0
ERROR - 2024-10-18 17:17:45 --> bid calculation Ended auctionItemId:56, 2024-10-18 05:17:45
ERROR - 2024-10-18 17:17:45 --> Error code L002. auctionItemId:56, 2024-10-18 05:17:45
ERROR - 2024-10-18 17:17:45 --> Error code L003. auctionItemId:56, 2024-10-18 05:17:45
ERROR - 2024-10-18 17:18:47 --> current items data:[{"id":"57","inward_invoice_id":"V5","inward_item_id":"5","auction_id":"7","grade_id":"11","lot_no":"5","lot_set":"3","auction_quantity":"5","sample_quantity":"2","auction_each_net":"15","base_price":"100","reverse_price":"105","high_price":"0","valuation_price":"110","last_sold_price":"105","status":"1","is_sold":"0","min_bid_added":"0","is_withdrawn":"0","created_at":"2024-10-18 17:05:46","updated_at":"2024-10-18 17:09:39","created_by":"5","updated_by":"5"}], 2024-10-18 05:18:47
ERROR - 2024-10-18 17:18:47 --> Error code L001. auctionItemId:57, 2024-10-18 05:18:47
ERROR - 2024-10-18 17:18:47 --> bid calculation initiated auctionItemId:57, 1
ERROR - 2024-10-18 17:18:47 --> bidding value array:{"id":"603","auction_item_id":"57","buyer_id":"3","bid_price":"55556.55","sq":"1.000","bq":"1.000","bid_type":"1","created_at":"2024-10-18 17:18:00","updated_at":"2024-10-18 17:18:00"}
ERROR - 2024-10-18 17:18:47 --> Error code 001. HBP:55556.55, HABP: 1000000, 2024-10-18 05:18:47
ERROR - 2024-10-18 17:18:47 --> Error code 003. HBP:55556.55, RP: 105, 2024-10-18 05:18:47
ERROR - 2024-10-18 17:18:47 --> Error code 005. HBP:55556.55, SLHABP: 0, 2024-10-18 05:18:47
ERROR - 2024-10-18 17:18:47 --> bid calculation Ended auctionItemId:57, 2024-10-18 05:18:47
ERROR - 2024-10-18 17:18:47 --> Error code L002. auctionItemId:57, 2024-10-18 05:18:47
ERROR - 2024-10-18 17:18:47 --> Error code L003. auctionItemId:57, 2024-10-18 05:18:47
