CRITICAL - 2024-10-14 16:06:00 --> ErrorException: Undefined variable $auction_data
in APPPATH/Controllers/Cart.php on line 427.
 1 APPPATH/Controllers/Cart.php(427): CodeIgniter\Debug\Exceptions->errorHandler(2, 'Undefined variable $auction_data', '/var/www/eazyhosting.in/public_html/api/app/Controllers/Cart.php', 427)
 2 SYSTEMPATH/CodeIgniter.php(941): App\Controllers\Cart->auctiongardenlist()
 3 SYSTEMPATH/CodeIgniter.php(502): CodeIgniter\CodeIgniter->runController(Object(App\Controllers\Cart))
 4 SYSTEMPATH/CodeIgniter.php(361): CodeIgniter\CodeIgniter->handleRequest(null, Object(Config\Cache), false)
 5 FCPATH/index.php(79): CodeIgniter\CodeIgniter->run()
CRITICAL - 2024-10-14 16:06:28 --> ErrorException: Undefined variable $auction_data
in APPPATH/Controllers/Cart.php on line 427.
 1 APPPATH/Controllers/Cart.php(427): CodeIgniter\Debug\Exceptions->errorHandler(2, 'Undefined variable $auction_data', '/var/www/eazyhosting.in/public_html/api/app/Controllers/Cart.php', 427)
 2 SYSTEMPATH/CodeIgniter.php(941): App\Controllers\Cart->auctiongardenlist()
 3 SYSTEMPATH/CodeIgniter.php(502): CodeIgniter\CodeIgniter->runController(Object(App\Controllers\Cart))
 4 SYSTEMPATH/CodeIgniter.php(361): CodeIgniter\CodeIgniter->handleRequest(null, Object(Config\Cache), false)
 5 FCPATH/index.php(79): CodeIgniter\CodeIgniter->run()
CRITICAL - 2024-10-14 16:06:30 --> ErrorException: Undefined variable $auction_data
in APPPATH/Controllers/Cart.php on line 427.
 1 APPPATH/Controllers/Cart.php(427): CodeIgniter\Debug\Exceptions->errorHandler(2, 'Undefined variable $auction_data', '/var/www/eazyhosting.in/public_html/api/app/Controllers/Cart.php', 427)
 2 SYSTEMPATH/CodeIgniter.php(941): App\Controllers\Cart->auctiongardenlist()
 3 SYSTEMPATH/CodeIgniter.php(502): CodeIgniter\CodeIgniter->runController(Object(App\Controllers\Cart))
 4 SYSTEMPATH/CodeIgniter.php(361): CodeIgniter\CodeIgniter->handleRequest(null, Object(Config\Cache), false)
 5 FCPATH/index.php(79): CodeIgniter\CodeIgniter->run()
ERROR - 2024-10-14 16:18:49 --> current items data:[{"id":"64","inward_invoice_id":"V1","inward_item_id":"53","auction_id":"6","lot_no":"1","lot_set":"1","auction_quantity":"1","sample_quantity":"0","auction_each_net":"15","base_price":"100","reverse_price":"105","high_price":"0","valuation_price":"110","last_sold_price":"120","status":"1","is_sold":"0","min_bid_added":"0","is_withdrawn":"0","created_at":"2024-10-14 16:06:32","updated_at":"2024-10-14 16:07:23","created_by":"5","updated_by":"5"},{"id":"65","inward_invoice_id":"W1","inward_item_id":"11","auction_id":"6","lot_no":"2","lot_set":"1","auction_quantity":"1","sample_quantity":"0","auction_each_net":"21","base_price":"100","reverse_price":"105","high_price":"0","valuation_price":"110","last_sold_price":"11000","status":"1","is_sold":"0","min_bid_added":"0","is_withdrawn":"0","created_at":"2024-10-14 16:06:32","updated_at":"2024-10-14 16:07:23","created_by":"5","updated_by":"5"}], 2024-10-14 04:18:49
ERROR - 2024-10-14 16:18:49 --> Error code L001. auctionItemId:64, 2024-10-14 04:18:49
ERROR - 2024-10-14 16:18:49 --> bid calculation initiated auctionItemId:64, 0
ERROR - 2024-10-14 16:18:49 --> bid calculation Ended auctionItemId:64, 2024-10-14 04:18:49
ERROR - 2024-10-14 16:18:49 --> Error code L002. auctionItemId:64, 2024-10-14 04:18:49
ERROR - 2024-10-14 16:18:49 --> Error code L003. auctionItemId:64, 2024-10-14 04:18:49
ERROR - 2024-10-14 16:18:49 --> Error code L001. auctionItemId:65, 2024-10-14 04:18:49
ERROR - 2024-10-14 16:18:49 --> bid calculation initiated auctionItemId:65, 0
ERROR - 2024-10-14 16:18:49 --> bid calculation Ended auctionItemId:65, 2024-10-14 04:18:49
ERROR - 2024-10-14 16:18:49 --> Error code L002. auctionItemId:65, 2024-10-14 04:18:49
ERROR - 2024-10-14 16:18:49 --> Error code L003. auctionItemId:65, 2024-10-14 04:18:49
ERROR - 2024-10-14 16:23:41 --> current items data:[{"id":"66","inward_invoice_id":"WA1","inward_item_id":"21","auction_id":"6","lot_no":"3","lot_set":"2","auction_quantity":"1","sample_quantity":"0","auction_each_net":"35","base_price":"100","reverse_price":"105","high_price":"0","valuation_price":"110","last_sold_price":"120","status":"1","is_sold":"0","min_bid_added":"0","is_withdrawn":"0","created_at":"2024-10-14 16:06:32","updated_at":"2024-10-14 16:07:23","created_by":"5","updated_by":"5"}], 2024-10-14 04:23:41
ERROR - 2024-10-14 16:23:41 --> Error code L001. auctionItemId:66, 2024-10-14 04:23:41
ERROR - 2024-10-14 16:23:41 --> bid calculation initiated auctionItemId:66, 0
ERROR - 2024-10-14 16:23:41 --> bid calculation Ended auctionItemId:66, 2024-10-14 04:23:41
ERROR - 2024-10-14 16:23:41 --> Error code L002. auctionItemId:66, 2024-10-14 04:23:41
ERROR - 2024-10-14 16:23:41 --> Error code L003. auctionItemId:66, 2024-10-14 04:23:41
CRITICAL - 2024-10-14 17:00:49 --> ErrorException: Undefined variable $auction_data
in APPPATH/Controllers/Cart.php on line 427.
 1 APPPATH/Controllers/Cart.php(427): CodeIgniter\Debug\Exceptions->errorHandler(2, 'Undefined variable $auction_data', '/var/www/eazyhosting.in/public_html/api/app/Controllers/Cart.php', 427)
 2 SYSTEMPATH/CodeIgniter.php(941): App\Controllers\Cart->auctiongardenlist()
 3 SYSTEMPATH/CodeIgniter.php(502): CodeIgniter\CodeIgniter->runController(Object(App\Controllers\Cart))
 4 SYSTEMPATH/CodeIgniter.php(361): CodeIgniter\CodeIgniter->handleRequest(null, Object(Config\Cache), false)
 5 FCPATH/index.php(79): CodeIgniter\CodeIgniter->run()
CRITICAL - 2024-10-14 17:01:29 --> ErrorException: Undefined variable $auction_data
in APPPATH/Controllers/Cart.php on line 427.
 1 APPPATH/Controllers/Cart.php(427): CodeIgniter\Debug\Exceptions->errorHandler(2, 'Undefined variable $auction_data', '/var/www/eazyhosting.in/public_html/api/app/Controllers/Cart.php', 427)
 2 SYSTEMPATH/CodeIgniter.php(941): App\Controllers\Cart->auctiongardenlist()
 3 SYSTEMPATH/CodeIgniter.php(502): CodeIgniter\CodeIgniter->runController(Object(App\Controllers\Cart))
 4 SYSTEMPATH/CodeIgniter.php(361): CodeIgniter\CodeIgniter->handleRequest(null, Object(Config\Cache), false)
 5 FCPATH/index.php(79): CodeIgniter\CodeIgniter->run()
CRITICAL - 2024-10-14 17:01:31 --> ErrorException: Undefined variable $auction_data
in APPPATH/Controllers/Cart.php on line 427.
 1 APPPATH/Controllers/Cart.php(427): CodeIgniter\Debug\Exceptions->errorHandler(2, 'Undefined variable $auction_data', '/var/www/eazyhosting.in/public_html/api/app/Controllers/Cart.php', 427)
 2 SYSTEMPATH/CodeIgniter.php(941): App\Controllers\Cart->auctiongardenlist()
 3 SYSTEMPATH/CodeIgniter.php(502): CodeIgniter\CodeIgniter->runController(Object(App\Controllers\Cart))
 4 SYSTEMPATH/CodeIgniter.php(361): CodeIgniter\CodeIgniter->handleRequest(null, Object(Config\Cache), false)
 5 FCPATH/index.php(79): CodeIgniter\CodeIgniter->run()
ERROR - 2024-10-14 17:18:39 --> current items data:[{"id":"67","inward_invoice_id":"W1","inward_item_id":"11","auction_id":"7","lot_no":"1","lot_set":"1","auction_quantity":"1","sample_quantity":"0","auction_each_net":"21","base_price":"100","reverse_price":"105","high_price":"0","valuation_price":"110","last_sold_price":"11000","status":"1","is_sold":"0","min_bid_added":"0","is_withdrawn":"0","created_at":"2024-10-14 17:01:34","updated_at":"2024-10-14 17:03:13","created_by":"5","updated_by":"5"},{"id":"68","inward_invoice_id":"W3","inward_item_id":"14","auction_id":"7","lot_no":"2","lot_set":"1","auction_quantity":"1","sample_quantity":"0","auction_each_net":"9","base_price":"100","reverse_price":"105","high_price":"0","valuation_price":"110","last_sold_price":"140","status":"1","is_sold":"0","min_bid_added":"0","is_withdrawn":"0","created_at":"2024-10-14 17:01:34","updated_at":"2024-10-14 17:03:12","created_by":"5","updated_by":"5"}], 2024-10-14 05:18:39
ERROR - 2024-10-14 17:18:39 --> Error code L001. auctionItemId:67, 2024-10-14 05:18:39
ERROR - 2024-10-14 17:18:39 --> bid calculation initiated auctionItemId:67, 0
ERROR - 2024-10-14 17:18:39 --> bid calculation Ended auctionItemId:67, 2024-10-14 05:18:39
ERROR - 2024-10-14 17:18:39 --> Error code L002. auctionItemId:67, 2024-10-14 05:18:39
ERROR - 2024-10-14 17:18:39 --> Error code L003. auctionItemId:67, 2024-10-14 05:18:39
ERROR - 2024-10-14 17:18:39 --> Error code L001. auctionItemId:68, 2024-10-14 05:18:39
ERROR - 2024-10-14 17:18:39 --> bid calculation initiated auctionItemId:68, 0
ERROR - 2024-10-14 17:18:39 --> bid calculation Ended auctionItemId:68, 2024-10-14 05:18:39
ERROR - 2024-10-14 17:18:39 --> Error code L002. auctionItemId:68, 2024-10-14 05:18:39
ERROR - 2024-10-14 17:18:39 --> Error code L003. auctionItemId:68, 2024-10-14 05:18:39
ERROR - 2024-10-14 17:22:40 --> current items data:[{"id":"69","inward_invoice_id":"W2","inward_item_id":"12","auction_id":"7","lot_no":"3","lot_set":"2","auction_quantity":"1","sample_quantity":"0","auction_each_net":"23","base_price":"100","reverse_price":"105","high_price":"0","valuation_price":"110","last_sold_price":"115","status":"1","is_sold":"0","min_bid_added":"0","is_withdrawn":"0","created_at":"2024-10-14 17:01:34","updated_at":"2024-10-14 17:03:12","created_by":"5","updated_by":"5"},{"id":"70","inward_invoice_id":"WD3","inward_item_id":"43","auction_id":"7","lot_no":"4","lot_set":"2","auction_quantity":"1","sample_quantity":"0","auction_each_net":"6","base_price":"100","reverse_price":"105","high_price":"0","valuation_price":"110","last_sold_price":"110","status":"1","is_sold":"0","min_bid_added":"0","is_withdrawn":"0","created_at":"2024-10-14 17:01:34","updated_at":"2024-10-14 17:03:12","created_by":"5","updated_by":"5"}], 2024-10-14 05:22:40
ERROR - 2024-10-14 17:22:40 --> Error code L001. auctionItemId:69, 2024-10-14 05:22:40
ERROR - 2024-10-14 17:22:40 --> bid calculation initiated auctionItemId:69, 0
ERROR - 2024-10-14 17:22:40 --> bid calculation Ended auctionItemId:69, 2024-10-14 05:22:40
ERROR - 2024-10-14 17:22:40 --> Error code L002. auctionItemId:69, 2024-10-14 05:22:40
ERROR - 2024-10-14 17:22:40 --> Error code L003. auctionItemId:69, 2024-10-14 05:22:40
ERROR - 2024-10-14 17:22:40 --> Error code L001. auctionItemId:70, 2024-10-14 05:22:40
ERROR - 2024-10-14 17:22:40 --> bid calculation initiated auctionItemId:70, 0
ERROR - 2024-10-14 17:22:40 --> bid calculation Ended auctionItemId:70, 2024-10-14 05:22:40
ERROR - 2024-10-14 17:22:40 --> Error code L002. auctionItemId:70, 2024-10-14 05:22:40
ERROR - 2024-10-14 17:22:40 --> Error code L003. auctionItemId:70, 2024-10-14 05:22:40
ERROR - 2024-10-14 17:26:40 --> current items data:[{"id":"71","inward_invoice_id":"W5","inward_item_id":"15","auction_id":"7","lot_no":"5","lot_set":"3","auction_quantity":"1","sample_quantity":"0","auction_each_net":"4","base_price":"100","reverse_price":"105","high_price":"0","valuation_price":"110","last_sold_price":"110","status":"1","is_sold":"0","min_bid_added":"0","is_withdrawn":"0","created_at":"2024-10-14 17:01:34","updated_at":"2024-10-14 17:03:12","created_by":"5","updated_by":"5"},{"id":"72","inward_invoice_id":"W3","inward_item_id":"13","auction_id":"7","lot_no":"6","lot_set":"3","auction_quantity":"1","sample_quantity":"0","auction_each_net":"14","base_price":"100","reverse_price":"105","high_price":"0","valuation_price":"110","last_sold_price":"110","status":"1","is_sold":"0","min_bid_added":"0","is_withdrawn":"0","created_at":"2024-10-14 17:01:34","updated_at":"2024-10-14 17:03:12","created_by":"5","updated_by":"5"}], 2024-10-14 05:26:40
ERROR - 2024-10-14 17:26:40 --> Error code L001. auctionItemId:71, 2024-10-14 05:26:40
ERROR - 2024-10-14 17:26:40 --> bid calculation initiated auctionItemId:71, 0
ERROR - 2024-10-14 17:26:40 --> bid calculation Ended auctionItemId:71, 2024-10-14 05:26:40
ERROR - 2024-10-14 17:26:40 --> Error code L002. auctionItemId:71, 2024-10-14 05:26:40
ERROR - 2024-10-14 17:26:40 --> Error code L003. auctionItemId:71, 2024-10-14 05:26:40
ERROR - 2024-10-14 17:26:40 --> Error code L001. auctionItemId:72, 2024-10-14 05:26:40
ERROR - 2024-10-14 17:26:40 --> bid calculation initiated auctionItemId:72, 0
ERROR - 2024-10-14 17:26:40 --> bid calculation Ended auctionItemId:72, 2024-10-14 05:26:40
ERROR - 2024-10-14 17:26:40 --> Error code L002. auctionItemId:72, 2024-10-14 05:26:40
ERROR - 2024-10-14 17:26:40 --> Error code L003. auctionItemId:72, 2024-10-14 05:26:40
ERROR - 2024-10-14 17:30:40 --> current items data:[{"id":"73","inward_invoice_id":"WA5","inward_item_id":"25","auction_id":"7","lot_no":"7","lot_set":"4","auction_quantity":"1","sample_quantity":"0","auction_each_net":"21","base_price":"100","reverse_price":"105","high_price":"0","valuation_price":"110","last_sold_price":"120","status":"1","is_sold":"0","min_bid_added":"0","is_withdrawn":"0","created_at":"2024-10-14 17:01:34","updated_at":"2024-10-14 17:03:12","created_by":"5","updated_by":"5"},{"id":"74","inward_invoice_id":"WA1","inward_item_id":"21","auction_id":"7","lot_no":"8","lot_set":"4","auction_quantity":"1","sample_quantity":"0","auction_each_net":"35","base_price":"100","reverse_price":"105","high_price":"0","valuation_price":"110","last_sold_price":"120","status":"1","is_sold":"0","min_bid_added":"0","is_withdrawn":"0","created_at":"2024-10-14 17:01:34","updated_at":"2024-10-14 17:03:12","created_by":"5","updated_by":"5"}], 2024-10-14 05:30:40
ERROR - 2024-10-14 17:30:40 --> Error code L001. auctionItemId:73, 2024-10-14 05:30:40
ERROR - 2024-10-14 17:30:40 --> bid calculation initiated auctionItemId:73, 0
ERROR - 2024-10-14 17:30:40 --> bid calculation Ended auctionItemId:73, 2024-10-14 05:30:40
ERROR - 2024-10-14 17:30:40 --> Error code L002. auctionItemId:73, 2024-10-14 05:30:40
ERROR - 2024-10-14 17:30:40 --> Error code L003. auctionItemId:73, 2024-10-14 05:30:40
ERROR - 2024-10-14 17:30:40 --> Error code L001. auctionItemId:74, 2024-10-14 05:30:40
ERROR - 2024-10-14 17:30:40 --> bid calculation initiated auctionItemId:74, 0
ERROR - 2024-10-14 17:30:40 --> bid calculation Ended auctionItemId:74, 2024-10-14 05:30:40
ERROR - 2024-10-14 17:30:40 --> Error code L002. auctionItemId:74, 2024-10-14 05:30:40
ERROR - 2024-10-14 17:30:40 --> Error code L003. auctionItemId:74, 2024-10-14 05:30:40
ERROR - 2024-10-14 17:31:40 --> current items data:[{"id":"75","inward_invoice_id":"WA3","inward_item_id":"23","auction_id":"7","lot_no":"9","lot_set":"5","auction_quantity":"1","sample_quantity":"0","auction_each_net":"17","base_price":"100","reverse_price":"105","high_price":"0","valuation_price":"110","last_sold_price":"11000","status":"1","is_sold":"0","min_bid_added":"0","is_withdrawn":"0","created_at":"2024-10-14 17:01:34","updated_at":"2024-10-14 17:03:13","created_by":"5","updated_by":"5"},{"id":"76","inward_invoice_id":"WA2","inward_item_id":"22","auction_id":"7","lot_no":"10","lot_set":"5","auction_quantity":"1","sample_quantity":"0","auction_each_net":"5","base_price":"100","reverse_price":"105","high_price":"0","valuation_price":"110","last_sold_price":"11000","status":"1","is_sold":"0","min_bid_added":"0","is_withdrawn":"0","created_at":"2024-10-14 17:01:34","updated_at":"2024-10-14 17:03:13","created_by":"5","updated_by":"5"}], 2024-10-14 05:31:40
ERROR - 2024-10-14 17:31:40 --> Error code L001. auctionItemId:75, 2024-10-14 05:31:40
ERROR - 2024-10-14 17:31:40 --> bid calculation initiated auctionItemId:75, 0
ERROR - 2024-10-14 17:31:40 --> bid calculation Ended auctionItemId:75, 2024-10-14 05:31:40
ERROR - 2024-10-14 17:31:40 --> Error code L002. auctionItemId:75, 2024-10-14 05:31:40
ERROR - 2024-10-14 17:31:40 --> Error code L003. auctionItemId:75, 2024-10-14 05:31:40
ERROR - 2024-10-14 17:31:40 --> Error code L001. auctionItemId:76, 2024-10-14 05:31:40
ERROR - 2024-10-14 17:31:40 --> bid calculation initiated auctionItemId:76, 0
ERROR - 2024-10-14 17:31:40 --> bid calculation Ended auctionItemId:76, 2024-10-14 05:31:40
ERROR - 2024-10-14 17:31:40 --> Error code L002. auctionItemId:76, 2024-10-14 05:31:40
ERROR - 2024-10-14 17:31:40 --> Error code L003. auctionItemId:76, 2024-10-14 05:31:40
ERROR - 2024-10-14 17:34:41 --> current items data:[{"id":"77","inward_invoice_id":"WA4","inward_item_id":"24","auction_id":"7","lot_no":"11","lot_set":"6","auction_quantity":"1","sample_quantity":"0","auction_each_net":"11","base_price":"100","reverse_price":"105","high_price":"0","valuation_price":"110","last_sold_price":"140","status":"1","is_sold":"0","min_bid_added":"0","is_withdrawn":"0","created_at":"2024-10-14 17:01:34","updated_at":"2024-10-14 17:03:12","created_by":"5","updated_by":"5"},{"id":"78","inward_invoice_id":"R1","inward_item_id":"26","auction_id":"7","lot_no":"12","lot_set":"6","auction_quantity":"1","sample_quantity":"0","auction_each_net":"20","base_price":"100","reverse_price":"105","high_price":"0","valuation_price":"110","last_sold_price":null,"status":"1","is_sold":"0","min_bid_added":"0","is_withdrawn":"0","created_at":"2024-10-14 17:01:34","updated_at":"2024-10-14 17:02:44","created_by":"5","updated_by":"5"}], 2024-10-14 05:34:41
ERROR - 2024-10-14 17:34:41 --> Error code L001. auctionItemId:77, 2024-10-14 05:34:41
ERROR - 2024-10-14 17:34:41 --> bid calculation initiated auctionItemId:77, 0
ERROR - 2024-10-14 17:34:41 --> bid calculation Ended auctionItemId:77, 2024-10-14 05:34:41
ERROR - 2024-10-14 17:34:41 --> Error code L002. auctionItemId:77, 2024-10-14 05:34:41
ERROR - 2024-10-14 17:34:41 --> Error code L003. auctionItemId:77, 2024-10-14 05:34:41
ERROR - 2024-10-14 17:34:41 --> Error code L001. auctionItemId:78, 2024-10-14 05:34:41
ERROR - 2024-10-14 17:34:41 --> bid calculation initiated auctionItemId:78, 0
ERROR - 2024-10-14 17:34:41 --> bid calculation Ended auctionItemId:78, 2024-10-14 05:34:41
ERROR - 2024-10-14 17:34:41 --> Error code L002. auctionItemId:78, 2024-10-14 05:34:41
ERROR - 2024-10-14 17:34:41 --> Error code L003. auctionItemId:78, 2024-10-14 05:34:41
ERROR - 2024-10-14 17:36:16 --> current items data:[{"id":"79","inward_invoice_id":"R4","inward_item_id":"29","auction_id":"7","lot_no":"13","lot_set":"7","auction_quantity":"1","sample_quantity":"0","auction_each_net":"11","base_price":"100","reverse_price":"105","high_price":"0","valuation_price":"110","last_sold_price":null,"status":"1","is_sold":"0","min_bid_added":"0","is_withdrawn":"0","created_at":"2024-10-14 17:01:34","updated_at":"2024-10-14 17:02:44","created_by":"5","updated_by":"5"},{"id":"80","inward_invoice_id":"V1","inward_item_id":"53","auction_id":"7","lot_no":"14","lot_set":"7","auction_quantity":"1","sample_quantity":"0","auction_each_net":"15","base_price":"100","reverse_price":"105","high_price":"0","valuation_price":"110","last_sold_price":"120","status":"1","is_sold":"0","min_bid_added":"0","is_withdrawn":"0","created_at":"2024-10-14 17:01:34","updated_at":"2024-10-14 17:03:12","created_by":"5","updated_by":"5"}], 2024-10-14 05:36:16
ERROR - 2024-10-14 17:36:16 --> Error code L001. auctionItemId:79, 2024-10-14 05:36:16
ERROR - 2024-10-14 17:36:16 --> bid calculation initiated auctionItemId:79, 0
ERROR - 2024-10-14 17:36:16 --> bid calculation Ended auctionItemId:79, 2024-10-14 05:36:16
ERROR - 2024-10-14 17:36:16 --> Error code L002. auctionItemId:79, 2024-10-14 05:36:16
ERROR - 2024-10-14 17:36:16 --> Error code L003. auctionItemId:79, 2024-10-14 05:36:16
ERROR - 2024-10-14 17:36:16 --> Error code L001. auctionItemId:80, 2024-10-14 05:36:16
ERROR - 2024-10-14 17:36:16 --> bid calculation initiated auctionItemId:80, 0
ERROR - 2024-10-14 17:36:16 --> bid calculation Ended auctionItemId:80, 2024-10-14 05:36:16
ERROR - 2024-10-14 17:36:16 --> Error code L002. auctionItemId:80, 2024-10-14 05:36:16
ERROR - 2024-10-14 17:36:16 --> Error code L003. auctionItemId:80, 2024-10-14 05:36:16
ERROR - 2024-10-14 17:38:47 --> current items data:[{"id":"81","inward_invoice_id":"V5","inward_item_id":"57","auction_id":"7","lot_no":"15","lot_set":"8","auction_quantity":"1","sample_quantity":"0","auction_each_net":"15","base_price":"100","reverse_price":"105","high_price":"0","valuation_price":"110","last_sold_price":"121","status":"1","is_sold":"0","min_bid_added":"0","is_withdrawn":"0","created_at":"2024-10-14 17:01:34","updated_at":"2024-10-14 17:03:12","created_by":"5","updated_by":"5"},{"id":"82","inward_invoice_id":"V2","inward_item_id":"54","auction_id":"7","lot_no":"16","lot_set":"8","auction_quantity":"1","sample_quantity":"0","auction_each_net":"15","base_price":"100","reverse_price":"105","high_price":"0","valuation_price":"110","last_sold_price":"11000","status":"1","is_sold":"0","min_bid_added":"0","is_withdrawn":"0","created_at":"2024-10-14 17:01:34","updated_at":"2024-10-14 17:03:13","created_by":"5","updated_by":"5"}], 2024-10-14 05:38:47
ERROR - 2024-10-14 17:38:47 --> Error code L001. auctionItemId:81, 2024-10-14 05:38:47
ERROR - 2024-10-14 17:38:47 --> bid calculation initiated auctionItemId:81, 0
ERROR - 2024-10-14 17:38:47 --> bid calculation Ended auctionItemId:81, 2024-10-14 05:38:47
ERROR - 2024-10-14 17:38:47 --> Error code L002. auctionItemId:81, 2024-10-14 05:38:47
ERROR - 2024-10-14 17:38:47 --> Error code L003. auctionItemId:81, 2024-10-14 05:38:47
ERROR - 2024-10-14 17:38:47 --> Error code L001. auctionItemId:82, 2024-10-14 05:38:47
ERROR - 2024-10-14 17:38:47 --> bid calculation initiated auctionItemId:82, 0
ERROR - 2024-10-14 17:38:47 --> bid calculation Ended auctionItemId:82, 2024-10-14 05:38:47
ERROR - 2024-10-14 17:38:47 --> Error code L002. auctionItemId:82, 2024-10-14 05:38:47
ERROR - 2024-10-14 17:38:47 --> Error code L003. auctionItemId:82, 2024-10-14 05:38:47
ERROR - 2024-10-14 17:40:22 --> current items data:[{"id":"83","inward_invoice_id":"V4","inward_item_id":"56","auction_id":"7","lot_no":"17","lot_set":"9","auction_quantity":"1","sample_quantity":"0","auction_each_net":"15","base_price":"100","reverse_price":"105","high_price":"0","valuation_price":"110","last_sold_price":"114","status":"1","is_sold":"0","min_bid_added":"0","is_withdrawn":"0","created_at":"2024-10-14 17:01:34","updated_at":"2024-10-14 17:03:12","created_by":"5","updated_by":"5"},{"id":"84","inward_invoice_id":"V3","inward_item_id":"55","auction_id":"7","lot_no":"18","lot_set":"9","auction_quantity":"1","sample_quantity":"0","auction_each_net":"15","base_price":"100","reverse_price":"105","high_price":"0","valuation_price":"110","last_sold_price":"115","status":"1","is_sold":"0","min_bid_added":"0","is_withdrawn":"0","created_at":"2024-10-14 17:01:34","updated_at":"2024-10-14 17:03:13","created_by":"5","updated_by":"5"}], 2024-10-14 05:40:22
ERROR - 2024-10-14 17:40:22 --> Error code L001. auctionItemId:83, 2024-10-14 05:40:22
ERROR - 2024-10-14 17:40:22 --> bid calculation initiated auctionItemId:83, 0
ERROR - 2024-10-14 17:40:22 --> bid calculation Ended auctionItemId:83, 2024-10-14 05:40:22
ERROR - 2024-10-14 17:40:22 --> Error code L002. auctionItemId:83, 2024-10-14 05:40:22
ERROR - 2024-10-14 17:40:22 --> Error code L003. auctionItemId:83, 2024-10-14 05:40:22
ERROR - 2024-10-14 17:40:22 --> Error code L001. auctionItemId:84, 2024-10-14 05:40:22
ERROR - 2024-10-14 17:40:22 --> bid calculation initiated auctionItemId:84, 0
ERROR - 2024-10-14 17:40:22 --> bid calculation Ended auctionItemId:84, 2024-10-14 05:40:22
ERROR - 2024-10-14 17:40:22 --> Error code L002. auctionItemId:84, 2024-10-14 05:40:22
ERROR - 2024-10-14 17:40:22 --> Error code L003. auctionItemId:84, 2024-10-14 05:40:22
