CRITICAL - 2024-11-28 08:23:13 --> ErrorException: Undefined variable $auction_data
in APPPATH/Controllers/Cart.php on line 428.
 1 APPPATH/Controllers/Cart.php(428): CodeIgniter\Debug\Exceptions->errorHandler(2, 'Undefined variable $auction_data', '/var/www/eazyhosting.in/public_html/api/app/Controllers/Cart.php', 428)
 2 SYSTEMPATH/CodeIgniter.php(941): App\Controllers\Cart->auctiongardenlist()
 3 SYSTEMPATH/CodeIgniter.php(502): CodeIgniter\CodeIgniter->runController(Object(App\Controllers\Cart))
 4 SYSTEMPATH/CodeIgniter.php(361): CodeIgniter\CodeIgniter->handleRequest(null, Object(Config\Cache), false)
 5 FCPATH/index.php(79): CodeIgniter\CodeIgniter->run()
CRITICAL - 2024-11-28 08:24:03 --> ErrorException: Undefined variable $auction_data
in APPPATH/Controllers/Cart.php on line 428.
 1 APPPATH/Controllers/Cart.php(428): CodeIgniter\Debug\Exceptions->errorHandler(2, 'Undefined variable $auction_data', '/var/www/eazyhosting.in/public_html/api/app/Controllers/Cart.php', 428)
 2 SYSTEMPATH/CodeIgniter.php(941): App\Controllers\Cart->auctiongardenlist()
 3 SYSTEMPATH/CodeIgniter.php(502): CodeIgniter\CodeIgniter->runController(Object(App\Controllers\Cart))
 4 SYSTEMPATH/CodeIgniter.php(361): CodeIgniter\CodeIgniter->handleRequest(null, Object(Config\Cache), false)
 5 FCPATH/index.php(79): CodeIgniter\CodeIgniter->run()
CRITICAL - 2024-11-28 08:24:06 --> ErrorException: Undefined variable $auction_data
in APPPATH/Controllers/Cart.php on line 428.
 1 APPPATH/Controllers/Cart.php(428): CodeIgniter\Debug\Exceptions->errorHandler(2, 'Undefined variable $auction_data', '/var/www/eazyhosting.in/public_html/api/app/Controllers/Cart.php', 428)
 2 SYSTEMPATH/CodeIgniter.php(941): App\Controllers\Cart->auctiongardenlist()
 3 SYSTEMPATH/CodeIgniter.php(502): CodeIgniter\CodeIgniter->runController(Object(App\Controllers\Cart))
 4 SYSTEMPATH/CodeIgniter.php(361): CodeIgniter\CodeIgniter->handleRequest(null, Object(Config\Cache), false)
 5 FCPATH/index.php(79): CodeIgniter\CodeIgniter->run()
ERROR - 2024-11-28 08:26:22 --> current items data:[{"id":"78","inward_invoice_id":"V2","inward_item_id":"2","auction_id":"14","grade_id":"5","lot_no":"1","lot_set":"1","auction_quantity":"36","sample_quantity":"1","auction_each_net":"13","base_price":"0","reverse_price":"0","high_price":"0","valuation_price":"0","last_sold_price":null,"status":"1","is_sold":"0","min_bid_added":"0","is_withdrawn":"0","created_at":"2024-11-28 08:24:09","updated_at":"2024-11-28 08:24:09","created_by":"3","updated_by":"0"},{"id":"79","inward_invoice_id":"V1","inward_item_id":"1","auction_id":"14","grade_id":"26","lot_no":"2","lot_set":"1","auction_quantity":"36","sample_quantity":"1","auction_each_net":"10","base_price":"0","reverse_price":"0","high_price":"0","valuation_price":"0","last_sold_price":null,"status":"1","is_sold":"0","min_bid_added":"0","is_withdrawn":"0","created_at":"2024-11-28 08:24:09","updated_at":"2024-11-28 08:24:09","created_by":"3","updated_by":"0"}], 2024-11-28 08:26:22
ERROR - 2024-11-28 08:26:22 --> Error code L001. auctionItemId:78, 2024-11-28 08:26:22
ERROR - 2024-11-28 08:26:22 --> bid calculation initiated auctionItemId:78, 0
ERROR - 2024-11-28 08:26:22 --> bid calculation Ended auctionItemId:78, 2024-11-28 08:26:22
ERROR - 2024-11-28 08:26:22 --> Error code L002. auctionItemId:78, 2024-11-28 08:26:22
ERROR - 2024-11-28 08:26:22 --> Error code L003. auctionItemId:78, 2024-11-28 08:26:22
ERROR - 2024-11-28 08:26:22 --> Error code L001. auctionItemId:79, 2024-11-28 08:26:22
ERROR - 2024-11-28 08:26:22 --> bid calculation initiated auctionItemId:79, 0
ERROR - 2024-11-28 08:26:22 --> bid calculation Ended auctionItemId:79, 2024-11-28 08:26:22
ERROR - 2024-11-28 08:26:22 --> Error code L002. auctionItemId:79, 2024-11-28 08:26:22
ERROR - 2024-11-28 08:26:22 --> Error code L003. auctionItemId:79, 2024-11-28 08:26:22
ERROR - 2024-11-28 08:26:24 --> current items data:[], 2024-11-28 08:26:24
ERROR - 2024-11-28 08:26:34 --> current items data:[{"id":"80","inward_invoice_id":"V4","inward_item_id":"4","auction_id":"14","grade_id":"7","lot_no":"3","lot_set":"2","auction_quantity":"36","sample_quantity":"1","auction_each_net":"2","base_price":"0","reverse_price":"0","high_price":"0","valuation_price":"0","last_sold_price":null,"status":"1","is_sold":"0","min_bid_added":"0","is_withdrawn":"0","created_at":"2024-11-28 08:24:09","updated_at":"2024-11-28 08:24:09","created_by":"3","updated_by":"0"},{"id":"81","inward_invoice_id":"V3","inward_item_id":"3","auction_id":"14","grade_id":"9","lot_no":"4","lot_set":"2","auction_quantity":"36","sample_quantity":"1","auction_each_net":"9","base_price":"0","reverse_price":"0","high_price":"0","valuation_price":"0","last_sold_price":null,"status":"1","is_sold":"0","min_bid_added":"0","is_withdrawn":"0","created_at":"2024-11-28 08:24:09","updated_at":"2024-11-28 08:24:09","created_by":"3","updated_by":"0"}], 2024-11-28 08:26:34
ERROR - 2024-11-28 08:26:34 --> Error code L001. auctionItemId:80, 2024-11-28 08:26:34
ERROR - 2024-11-28 08:26:34 --> bid calculation initiated auctionItemId:80, 0
ERROR - 2024-11-28 08:26:34 --> bid calculation Ended auctionItemId:80, 2024-11-28 08:26:34
ERROR - 2024-11-28 08:26:34 --> Error code L002. auctionItemId:80, 2024-11-28 08:26:34
ERROR - 2024-11-28 08:26:34 --> Error code L003. auctionItemId:80, 2024-11-28 08:26:34
ERROR - 2024-11-28 08:26:34 --> Error code L001. auctionItemId:81, 2024-11-28 08:26:34
ERROR - 2024-11-28 08:26:34 --> bid calculation initiated auctionItemId:81, 0
ERROR - 2024-11-28 08:26:34 --> bid calculation Ended auctionItemId:81, 2024-11-28 08:26:34
ERROR - 2024-11-28 08:26:34 --> Error code L002. auctionItemId:81, 2024-11-28 08:26:34
ERROR - 2024-11-28 08:26:34 --> Error code L003. auctionItemId:81, 2024-11-28 08:26:34
ERROR - 2024-11-28 08:26:36 --> current items data:[], 2024-11-28 08:26:36
CRITICAL - 2024-11-28 08:27:05 --> ErrorException: Undefined variable $auction_data
in APPPATH/Controllers/Cart.php on line 428.
 1 APPPATH/Controllers/Cart.php(428): CodeIgniter\Debug\Exceptions->errorHandler(2, 'Undefined variable $auction_data', '/var/www/eazyhosting.in/public_html/api/app/Controllers/Cart.php', 428)
 2 SYSTEMPATH/CodeIgniter.php(941): App\Controllers\Cart->auctiongardenlist()
 3 SYSTEMPATH/CodeIgniter.php(502): CodeIgniter\CodeIgniter->runController(Object(App\Controllers\Cart))
 4 SYSTEMPATH/CodeIgniter.php(361): CodeIgniter\CodeIgniter->handleRequest(null, Object(Config\Cache), false)
 5 FCPATH/index.php(79): CodeIgniter\CodeIgniter->run()
CRITICAL - 2024-11-28 08:27:32 --> ErrorException: Undefined variable $auction_data
in APPPATH/Controllers/Cart.php on line 428.
 1 APPPATH/Controllers/Cart.php(428): CodeIgniter\Debug\Exceptions->errorHandler(2, 'Undefined variable $auction_data', '/var/www/eazyhosting.in/public_html/api/app/Controllers/Cart.php', 428)
 2 SYSTEMPATH/CodeIgniter.php(941): App\Controllers\Cart->auctiongardenlist()
 3 SYSTEMPATH/CodeIgniter.php(502): CodeIgniter\CodeIgniter->runController(Object(App\Controllers\Cart))
 4 SYSTEMPATH/CodeIgniter.php(361): CodeIgniter\CodeIgniter->handleRequest(null, Object(Config\Cache), false)
 5 FCPATH/index.php(79): CodeIgniter\CodeIgniter->run()
CRITICAL - 2024-11-28 08:27:36 --> ErrorException: Undefined variable $auction_data
in APPPATH/Controllers/Cart.php on line 428.
 1 APPPATH/Controllers/Cart.php(428): CodeIgniter\Debug\Exceptions->errorHandler(2, 'Undefined variable $auction_data', '/var/www/eazyhosting.in/public_html/api/app/Controllers/Cart.php', 428)
 2 SYSTEMPATH/CodeIgniter.php(941): App\Controllers\Cart->auctiongardenlist()
 3 SYSTEMPATH/CodeIgniter.php(502): CodeIgniter\CodeIgniter->runController(Object(App\Controllers\Cart))
 4 SYSTEMPATH/CodeIgniter.php(361): CodeIgniter\CodeIgniter->handleRequest(null, Object(Config\Cache), false)
 5 FCPATH/index.php(79): CodeIgniter\CodeIgniter->run()
ERROR - 2024-11-28 08:31:10 --> current items data:[{"id":"82","inward_invoice_id":"V5","inward_item_id":"5","auction_id":"15","grade_id":"11","lot_no":"1","lot_set":"1","auction_quantity":"1","sample_quantity":"0","auction_each_net":"15","base_price":"0","reverse_price":"0","high_price":"0","valuation_price":"0","last_sold_price":null,"status":"1","is_sold":"0","min_bid_added":"0","is_withdrawn":"0","created_at":"2024-11-28 08:27:40","updated_at":"2024-11-28 08:27:40","created_by":"3","updated_by":"0"},{"id":"83","inward_invoice_id":"S1","inward_item_id":"6","auction_id":"15","grade_id":"4","lot_no":"2","lot_set":"1","auction_quantity":"1","sample_quantity":"0","auction_each_net":"17","base_price":"0","reverse_price":"0","high_price":"0","valuation_price":"0","last_sold_price":null,"status":"1","is_sold":"0","min_bid_added":"0","is_withdrawn":"0","created_at":"2024-11-28 08:27:40","updated_at":"2024-11-28 08:27:40","created_by":"3","updated_by":"0"}], 2024-11-28 08:31:10
ERROR - 2024-11-28 08:31:10 --> Error code L001. auctionItemId:82, 2024-11-28 08:31:10
ERROR - 2024-11-28 08:31:10 --> bid calculation initiated auctionItemId:82, 0
ERROR - 2024-11-28 08:31:10 --> bid calculation Ended auctionItemId:82, 2024-11-28 08:31:10
ERROR - 2024-11-28 08:31:10 --> Error code L002. auctionItemId:82, 2024-11-28 08:31:10
ERROR - 2024-11-28 08:31:10 --> Error code L003. auctionItemId:82, 2024-11-28 08:31:10
ERROR - 2024-11-28 08:31:10 --> Error code L001. auctionItemId:83, 2024-11-28 08:31:10
ERROR - 2024-11-28 08:31:10 --> bid calculation initiated auctionItemId:83, 0
ERROR - 2024-11-28 08:31:10 --> bid calculation Ended auctionItemId:83, 2024-11-28 08:31:10
ERROR - 2024-11-28 08:31:10 --> Error code L002. auctionItemId:83, 2024-11-28 08:31:10
ERROR - 2024-11-28 08:31:10 --> Error code L003. auctionItemId:83, 2024-11-28 08:31:10
ERROR - 2024-11-28 08:31:12 --> current items data:[], 2024-11-28 08:31:12
ERROR - 2024-11-28 08:31:21 --> current items data:[{"id":"84","inward_invoice_id":"S2","inward_item_id":"7","auction_id":"15","grade_id":"5","lot_no":"3","lot_set":"2","auction_quantity":"1","sample_quantity":"0","auction_each_net":"7","base_price":"0","reverse_price":"0","high_price":"0","valuation_price":"0","last_sold_price":null,"status":"1","is_sold":"0","min_bid_added":"0","is_withdrawn":"0","created_at":"2024-11-28 08:27:40","updated_at":"2024-11-28 08:27:40","created_by":"3","updated_by":"0"},{"id":"85","inward_invoice_id":"S3","inward_item_id":"8","auction_id":"15","grade_id":"6","lot_no":"4","lot_set":"2","auction_quantity":"1","sample_quantity":"0","auction_each_net":"21","base_price":"0","reverse_price":"0","high_price":"0","valuation_price":"0","last_sold_price":null,"status":"1","is_sold":"0","min_bid_added":"0","is_withdrawn":"0","created_at":"2024-11-28 08:27:40","updated_at":"2024-11-28 08:27:40","created_by":"3","updated_by":"0"}], 2024-11-28 08:31:21
ERROR - 2024-11-28 08:31:21 --> Error code L001. auctionItemId:84, 2024-11-28 08:31:21
ERROR - 2024-11-28 08:31:21 --> bid calculation initiated auctionItemId:84, 0
ERROR - 2024-11-28 08:31:21 --> bid calculation Ended auctionItemId:84, 2024-11-28 08:31:21
ERROR - 2024-11-28 08:31:21 --> Error code L002. auctionItemId:84, 2024-11-28 08:31:21
ERROR - 2024-11-28 08:31:21 --> Error code L003. auctionItemId:84, 2024-11-28 08:31:21
ERROR - 2024-11-28 08:31:21 --> Error code L001. auctionItemId:85, 2024-11-28 08:31:21
ERROR - 2024-11-28 08:31:21 --> bid calculation initiated auctionItemId:85, 0
ERROR - 2024-11-28 08:31:21 --> bid calculation Ended auctionItemId:85, 2024-11-28 08:31:21
ERROR - 2024-11-28 08:31:21 --> Error code L002. auctionItemId:85, 2024-11-28 08:31:21
ERROR - 2024-11-28 08:31:21 --> Error code L003. auctionItemId:85, 2024-11-28 08:31:21
ERROR - 2024-11-28 08:31:23 --> current items data:[], 2024-11-28 08:31:23
CRITICAL - 2024-11-28 09:02:37 --> ErrorException: Undefined variable $auction_data
in APPPATH/Controllers/Cart.php on line 428.
 1 APPPATH/Controllers/Cart.php(428): CodeIgniter\Debug\Exceptions->errorHandler(2, 'Undefined variable $auction_data', '/var/www/eazyhosting.in/public_html/api/app/Controllers/Cart.php', 428)
 2 SYSTEMPATH/CodeIgniter.php(941): App\Controllers\Cart->auctiongardenlist()
 3 SYSTEMPATH/CodeIgniter.php(502): CodeIgniter\CodeIgniter->runController(Object(App\Controllers\Cart))
 4 SYSTEMPATH/CodeIgniter.php(361): CodeIgniter\CodeIgniter->handleRequest(null, Object(Config\Cache), false)
 5 FCPATH/index.php(79): CodeIgniter\CodeIgniter->run()
CRITICAL - 2024-11-28 09:03:04 --> ErrorException: Undefined variable $auction_data
in APPPATH/Controllers/Cart.php on line 428.
 1 APPPATH/Controllers/Cart.php(428): CodeIgniter\Debug\Exceptions->errorHandler(2, 'Undefined variable $auction_data', '/var/www/eazyhosting.in/public_html/api/app/Controllers/Cart.php', 428)
 2 SYSTEMPATH/CodeIgniter.php(941): App\Controllers\Cart->auctiongardenlist()
 3 SYSTEMPATH/CodeIgniter.php(502): CodeIgniter\CodeIgniter->runController(Object(App\Controllers\Cart))
 4 SYSTEMPATH/CodeIgniter.php(361): CodeIgniter\CodeIgniter->handleRequest(null, Object(Config\Cache), false)
 5 FCPATH/index.php(79): CodeIgniter\CodeIgniter->run()
CRITICAL - 2024-11-28 09:03:07 --> ErrorException: Undefined variable $auction_data
in APPPATH/Controllers/Cart.php on line 428.
 1 APPPATH/Controllers/Cart.php(428): CodeIgniter\Debug\Exceptions->errorHandler(2, 'Undefined variable $auction_data', '/var/www/eazyhosting.in/public_html/api/app/Controllers/Cart.php', 428)
 2 SYSTEMPATH/CodeIgniter.php(941): App\Controllers\Cart->auctiongardenlist()
 3 SYSTEMPATH/CodeIgniter.php(502): CodeIgniter\CodeIgniter->runController(Object(App\Controllers\Cart))
 4 SYSTEMPATH/CodeIgniter.php(361): CodeIgniter\CodeIgniter->handleRequest(null, Object(Config\Cache), false)
 5 FCPATH/index.php(79): CodeIgniter\CodeIgniter->run()
ERROR - 2024-11-28 09:05:41 --> current items data:[{"id":"86","inward_invoice_id":"V5","inward_item_id":"5","auction_id":"16","grade_id":"11","lot_no":"1","lot_set":"1","auction_quantity":"1","sample_quantity":"0","auction_each_net":"15","base_price":"0","reverse_price":"0","high_price":"0","valuation_price":"0","last_sold_price":null,"status":"1","is_sold":"0","min_bid_added":"0","is_withdrawn":"0","created_at":"2024-11-28 09:03:13","updated_at":"2024-11-28 09:03:13","created_by":"3","updated_by":"0"},{"id":"87","inward_invoice_id":"S1","inward_item_id":"6","auction_id":"16","grade_id":"4","lot_no":"2","lot_set":"1","auction_quantity":"1","sample_quantity":"0","auction_each_net":"17","base_price":"0","reverse_price":"0","high_price":"0","valuation_price":"0","last_sold_price":null,"status":"1","is_sold":"0","min_bid_added":"0","is_withdrawn":"0","created_at":"2024-11-28 09:03:13","updated_at":"2024-11-28 09:03:13","created_by":"3","updated_by":"0"}], 2024-11-28 09:05:41
ERROR - 2024-11-28 09:05:41 --> Error code L001. auctionItemId:86, 2024-11-28 09:05:41
ERROR - 2024-11-28 09:05:41 --> bid calculation initiated auctionItemId:86, 0
ERROR - 2024-11-28 09:05:41 --> bid calculation Ended auctionItemId:86, 2024-11-28 09:05:41
ERROR - 2024-11-28 09:05:41 --> Error code L002. auctionItemId:86, 2024-11-28 09:05:41
ERROR - 2024-11-28 09:05:41 --> Error code L003. auctionItemId:86, 2024-11-28 09:05:41
ERROR - 2024-11-28 09:05:41 --> Error code L001. auctionItemId:87, 2024-11-28 09:05:41
ERROR - 2024-11-28 09:05:41 --> bid calculation initiated auctionItemId:87, 0
ERROR - 2024-11-28 09:05:41 --> bid calculation Ended auctionItemId:87, 2024-11-28 09:05:41
ERROR - 2024-11-28 09:05:41 --> Error code L002. auctionItemId:87, 2024-11-28 09:05:41
ERROR - 2024-11-28 09:05:41 --> Error code L003. auctionItemId:87, 2024-11-28 09:05:41
ERROR - 2024-11-28 09:05:52 --> current items data:[{"id":"88","inward_invoice_id":"S2","inward_item_id":"7","auction_id":"16","grade_id":"5","lot_no":"3","lot_set":"2","auction_quantity":"1","sample_quantity":"0","auction_each_net":"7","base_price":"0","reverse_price":"0","high_price":"0","valuation_price":"0","last_sold_price":null,"status":"1","is_sold":"0","min_bid_added":"0","is_withdrawn":"0","created_at":"2024-11-28 09:03:13","updated_at":"2024-11-28 09:03:13","created_by":"3","updated_by":"0"},{"id":"89","inward_invoice_id":"S3","inward_item_id":"8","auction_id":"16","grade_id":"6","lot_no":"4","lot_set":"2","auction_quantity":"1","sample_quantity":"0","auction_each_net":"21","base_price":"0","reverse_price":"0","high_price":"0","valuation_price":"0","last_sold_price":null,"status":"1","is_sold":"0","min_bid_added":"0","is_withdrawn":"0","created_at":"2024-11-28 09:03:13","updated_at":"2024-11-28 09:03:13","created_by":"3","updated_by":"0"}], 2024-11-28 09:05:52
ERROR - 2024-11-28 09:05:52 --> Error code L001. auctionItemId:88, 2024-11-28 09:05:52
ERROR - 2024-11-28 09:05:52 --> bid calculation initiated auctionItemId:88, 0
ERROR - 2024-11-28 09:05:52 --> bid calculation Ended auctionItemId:88, 2024-11-28 09:05:52
ERROR - 2024-11-28 09:05:52 --> Error code L002. auctionItemId:88, 2024-11-28 09:05:52
ERROR - 2024-11-28 09:05:52 --> Error code L003. auctionItemId:88, 2024-11-28 09:05:52
ERROR - 2024-11-28 09:05:52 --> Error code L001. auctionItemId:89, 2024-11-28 09:05:52
ERROR - 2024-11-28 09:05:52 --> bid calculation initiated auctionItemId:89, 0
ERROR - 2024-11-28 09:05:52 --> bid calculation Ended auctionItemId:89, 2024-11-28 09:05:52
ERROR - 2024-11-28 09:05:52 --> Error code L002. auctionItemId:89, 2024-11-28 09:05:52
ERROR - 2024-11-28 09:05:52 --> Error code L003. auctionItemId:89, 2024-11-28 09:05:52
CRITICAL - 2024-11-28 09:10:20 --> ErrorException: Undefined variable $auction_data
in APPPATH/Controllers/Cart.php on line 428.
 1 APPPATH/Controllers/Cart.php(428): CodeIgniter\Debug\Exceptions->errorHandler(2, 'Undefined variable $auction_data', '/var/www/eazyhosting.in/public_html/api/app/Controllers/Cart.php', 428)
 2 SYSTEMPATH/CodeIgniter.php(941): App\Controllers\Cart->auctiongardenlist()
 3 SYSTEMPATH/CodeIgniter.php(502): CodeIgniter\CodeIgniter->runController(Object(App\Controllers\Cart))
 4 SYSTEMPATH/CodeIgniter.php(361): CodeIgniter\CodeIgniter->handleRequest(null, Object(Config\Cache), false)
 5 FCPATH/index.php(79): CodeIgniter\CodeIgniter->run()
CRITICAL - 2024-11-28 09:10:46 --> ErrorException: Undefined variable $auction_data
in APPPATH/Controllers/Cart.php on line 428.
 1 APPPATH/Controllers/Cart.php(428): CodeIgniter\Debug\Exceptions->errorHandler(2, 'Undefined variable $auction_data', '/var/www/eazyhosting.in/public_html/api/app/Controllers/Cart.php', 428)
 2 SYSTEMPATH/CodeIgniter.php(941): App\Controllers\Cart->auctiongardenlist()
 3 SYSTEMPATH/CodeIgniter.php(502): CodeIgniter\CodeIgniter->runController(Object(App\Controllers\Cart))
 4 SYSTEMPATH/CodeIgniter.php(361): CodeIgniter\CodeIgniter->handleRequest(null, Object(Config\Cache), false)
 5 FCPATH/index.php(79): CodeIgniter\CodeIgniter->run()
CRITICAL - 2024-11-28 09:10:49 --> ErrorException: Undefined variable $auction_data
in APPPATH/Controllers/Cart.php on line 428.
 1 APPPATH/Controllers/Cart.php(428): CodeIgniter\Debug\Exceptions->errorHandler(2, 'Undefined variable $auction_data', '/var/www/eazyhosting.in/public_html/api/app/Controllers/Cart.php', 428)
 2 SYSTEMPATH/CodeIgniter.php(941): App\Controllers\Cart->auctiongardenlist()
 3 SYSTEMPATH/CodeIgniter.php(502): CodeIgniter\CodeIgniter->runController(Object(App\Controllers\Cart))
 4 SYSTEMPATH/CodeIgniter.php(361): CodeIgniter\CodeIgniter->handleRequest(null, Object(Config\Cache), false)
 5 FCPATH/index.php(79): CodeIgniter\CodeIgniter->run()
ERROR - 2024-11-28 09:12:31 --> current items data:[{"id":"90","inward_invoice_id":"V5","inward_item_id":"5","auction_id":"17","grade_id":"11","lot_no":"1","lot_set":"1","auction_quantity":"1","sample_quantity":"0","auction_each_net":"15","base_price":"0","reverse_price":"0","high_price":"0","valuation_price":"0","last_sold_price":null,"status":"1","is_sold":"0","min_bid_added":"0","is_withdrawn":"0","created_at":"2024-11-28 09:10:53","updated_at":"2024-11-28 09:10:53","created_by":"3","updated_by":"0"},{"id":"91","inward_invoice_id":"S1","inward_item_id":"6","auction_id":"17","grade_id":"4","lot_no":"2","lot_set":"1","auction_quantity":"1","sample_quantity":"0","auction_each_net":"17","base_price":"0","reverse_price":"0","high_price":"0","valuation_price":"0","last_sold_price":null,"status":"1","is_sold":"0","min_bid_added":"0","is_withdrawn":"0","created_at":"2024-11-28 09:10:53","updated_at":"2024-11-28 09:10:53","created_by":"3","updated_by":"0"}], 2024-11-28 09:12:31
ERROR - 2024-11-28 09:12:31 --> Error code L001. auctionItemId:90, 2024-11-28 09:12:31
ERROR - 2024-11-28 09:12:31 --> bid calculation initiated auctionItemId:90, 0
ERROR - 2024-11-28 09:12:31 --> bid calculation Ended auctionItemId:90, 2024-11-28 09:12:31
ERROR - 2024-11-28 09:12:31 --> Error code L002. auctionItemId:90, 2024-11-28 09:12:31
ERROR - 2024-11-28 09:12:31 --> Error code L003. auctionItemId:90, 2024-11-28 09:12:31
ERROR - 2024-11-28 09:12:31 --> Error code L001. auctionItemId:91, 2024-11-28 09:12:31
ERROR - 2024-11-28 09:12:31 --> bid calculation initiated auctionItemId:91, 0
ERROR - 2024-11-28 09:12:31 --> bid calculation Ended auctionItemId:91, 2024-11-28 09:12:31
ERROR - 2024-11-28 09:12:31 --> Error code L002. auctionItemId:91, 2024-11-28 09:12:31
ERROR - 2024-11-28 09:12:31 --> Error code L003. auctionItemId:91, 2024-11-28 09:12:31
ERROR - 2024-11-28 09:12:42 --> current items data:[{"id":"92","inward_invoice_id":"S2","inward_item_id":"7","auction_id":"17","grade_id":"5","lot_no":"3","lot_set":"2","auction_quantity":"1","sample_quantity":"0","auction_each_net":"7","base_price":"0","reverse_price":"0","high_price":"0","valuation_price":"0","last_sold_price":null,"status":"1","is_sold":"0","min_bid_added":"0","is_withdrawn":"0","created_at":"2024-11-28 09:10:53","updated_at":"2024-11-28 09:10:53","created_by":"3","updated_by":"0"},{"id":"93","inward_invoice_id":"S3","inward_item_id":"8","auction_id":"17","grade_id":"6","lot_no":"4","lot_set":"2","auction_quantity":"1","sample_quantity":"0","auction_each_net":"21","base_price":"0","reverse_price":"0","high_price":"0","valuation_price":"0","last_sold_price":null,"status":"1","is_sold":"0","min_bid_added":"0","is_withdrawn":"0","created_at":"2024-11-28 09:10:53","updated_at":"2024-11-28 09:10:53","created_by":"3","updated_by":"0"}], 2024-11-28 09:12:42
ERROR - 2024-11-28 09:12:42 --> Error code L001. auctionItemId:92, 2024-11-28 09:12:42
ERROR - 2024-11-28 09:12:42 --> bid calculation initiated auctionItemId:92, 0
ERROR - 2024-11-28 09:12:42 --> bid calculation Ended auctionItemId:92, 2024-11-28 09:12:42
ERROR - 2024-11-28 09:12:42 --> Error code L002. auctionItemId:92, 2024-11-28 09:12:42
ERROR - 2024-11-28 09:12:42 --> Error code L003. auctionItemId:92, 2024-11-28 09:12:42
ERROR - 2024-11-28 09:12:42 --> Error code L001. auctionItemId:93, 2024-11-28 09:12:42
ERROR - 2024-11-28 09:12:42 --> bid calculation initiated auctionItemId:93, 0
ERROR - 2024-11-28 09:12:42 --> bid calculation Ended auctionItemId:93, 2024-11-28 09:12:42
ERROR - 2024-11-28 09:12:42 --> Error code L002. auctionItemId:93, 2024-11-28 09:12:42
ERROR - 2024-11-28 09:12:42 --> Error code L003. auctionItemId:93, 2024-11-28 09:12:42
ERROR - 2024-11-28 12:01:09 --> Error connecting to the database: mysqli_sql_exception: Access denied for user 'root'@'localhost' (using password: YES) in C:\xampp\htdocs\oams_live\api\system\Database\MySQLi\Connection.php:184
Stack trace:
#0 C:\xampp\htdocs\oams_live\api\system\Database\MySQLi\Connection.php(184): mysqli->real_connect('localhost', 'root', Object(SensitiveParameterValue), 'oams_staging', 3306, '', 0)
#1 C:\xampp\htdocs\oams_live\api\system\Database\BaseConnection.php(392): CodeIgniter\Database\MySQLi\Connection->connect(false)
#2 C:\xampp\htdocs\oams_live\api\system\Database\BaseConnection.php(575): CodeIgniter\Database\BaseConnection->initialize()
#3 C:\xampp\htdocs\oams_live\api\system\Database\BaseBuilder.php(1616): CodeIgniter\Database\BaseConnection->query('SELECT *\nFROM `...', Array, false)
#4 C:\xampp\htdocs\oams_live\api\system\Model.php(270): CodeIgniter\Database\BaseBuilder->get()
#5 C:\xampp\htdocs\oams_live\api\system\BaseModel.php(676): CodeIgniter\Model->doFirst()
#6 C:\xampp\htdocs\oams_live\api\app\Controllers\login.php(58): CodeIgniter\BaseModel->first()
#7 C:\xampp\htdocs\oams_live\api\system\CodeIgniter.php(941): App\Controllers\login->loginAuth()
#8 C:\xampp\htdocs\oams_live\api\system\CodeIgniter.php(502): CodeIgniter\CodeIgniter->runController(Object(App\Controllers\login))
#9 C:\xampp\htdocs\oams_live\api\system\CodeIgniter.php(361): CodeIgniter\CodeIgniter->handleRequest(NULL, Object(Config\Cache), false)
#10 C:\xampp\htdocs\oams_live\api\public\index.php(79): CodeIgniter\CodeIgniter->run()
#11 {main}

Next CodeIgniter\Database\Exceptions\DatabaseException: Access denied for user '****'@'localhost' (using password: YES) in C:\xampp\htdocs\oams_live\api\system\Database\MySQLi\Connection.php:229
Stack trace:
#0 C:\xampp\htdocs\oams_live\api\system\Database\BaseConnection.php(392): CodeIgniter\Database\MySQLi\Connection->connect(false)
#1 C:\xampp\htdocs\oams_live\api\system\Database\BaseConnection.php(575): CodeIgniter\Database\BaseConnection->initialize()
#2 C:\xampp\htdocs\oams_live\api\system\Database\BaseBuilder.php(1616): CodeIgniter\Database\BaseConnection->query('SELECT *\nFROM `...', Array, false)
#3 C:\xampp\htdocs\oams_live\api\system\Model.php(270): CodeIgniter\Database\BaseBuilder->get()
#4 C:\xampp\htdocs\oams_live\api\system\BaseModel.php(676): CodeIgniter\Model->doFirst()
#5 C:\xampp\htdocs\oams_live\api\app\Controllers\login.php(58): CodeIgniter\BaseModel->first()
#6 C:\xampp\htdocs\oams_live\api\system\CodeIgniter.php(941): App\Controllers\login->loginAuth()
#7 C:\xampp\htdocs\oams_live\api\system\CodeIgniter.php(502): CodeIgniter\CodeIgniter->runController(Object(App\Controllers\login))
#8 C:\xampp\htdocs\oams_live\api\system\CodeIgniter.php(361): CodeIgniter\CodeIgniter->handleRequest(NULL, Object(Config\Cache), false)
#9 C:\xampp\htdocs\oams_live\api\public\index.php(79): CodeIgniter\CodeIgniter->run()
#10 {main}
CRITICAL - 2024-11-28 12:01:09 --> CodeIgniter\Database\Exceptions\DatabaseException: Unable to connect to the database.
Main connection [MySQLi]: Access denied for user '****'@'localhost' (using password: YES)
in SYSTEMPATH\Database\BaseConnection.php on line 428.
 1 SYSTEMPATH\Database\BaseConnection.php(575): CodeIgniter\Database\BaseConnection->initialize()
 2 SYSTEMPATH\Database\BaseBuilder.php(1616): CodeIgniter\Database\BaseConnection->query('SELECT *
FROM `user`
WHERE `email` = :email:
AND `role_id` = :role_id:
AND `status` = :status:
 LIMIT 1', [...], false)
 3 SYSTEMPATH\Model.php(270): CodeIgniter\Database\BaseBuilder->get()
 4 SYSTEMPATH\BaseModel.php(676): CodeIgniter\Model->doFirst()
 5 APPPATH\Controllers\login.php(58): CodeIgniter\BaseModel->first()
 6 SYSTEMPATH\CodeIgniter.php(941): App\Controllers\login->loginAuth()
 7 SYSTEMPATH\CodeIgniter.php(502): CodeIgniter\CodeIgniter->runController(Object(App\Controllers\login))
 8 SYSTEMPATH\CodeIgniter.php(361): CodeIgniter\CodeIgniter->handleRequest(null, Object(Config\Cache), false)
 9 FCPATH\index.php(79): CodeIgniter\CodeIgniter->run()
ERROR - 2024-11-28 12:15:56 --> mysqli_sql_exception: Column 'user_id' cannot be null in C:\xampp\htdocs\oams_live\api\system\Database\MySQLi\Connection.php:306
Stack trace:
#0 C:\xampp\htdocs\oams_live\api\system\Database\MySQLi\Connection.php(306): mysqli->query('INSERT INTO `ac...', 0)
#1 C:\xampp\htdocs\oams_live\api\system\Database\BaseConnection.php(693): CodeIgniter\Database\MySQLi\Connection->execute('INSERT INTO `ac...')
#2 C:\xampp\htdocs\oams_live\api\system\Database\BaseConnection.php(607): CodeIgniter\Database\BaseConnection->simpleQuery('INSERT INTO `ac...')
#3 C:\xampp\htdocs\oams_live\api\system\Database\BaseBuilder.php(2307): CodeIgniter\Database\BaseConnection->query('INSERT INTO `ac...', Array, false)
#4 C:\xampp\htdocs\oams_live\api\system\Model.php(326): CodeIgniter\Database\BaseBuilder->insert()
#5 C:\xampp\htdocs\oams_live\api\system\BaseModel.php(802): CodeIgniter\Model->doInsert(Array)
#6 C:\xampp\htdocs\oams_live\api\system\Model.php(744): CodeIgniter\BaseModel->insert(Array, false)
#7 C:\xampp\htdocs\oams_live\api\system\BaseModel.php(713): CodeIgniter\Model->insert(Array, false)
#8 C:\xampp\htdocs\oams_live\api\app\Services\ActivityLogger.php(26): CodeIgniter\BaseModel->save(Array)
#9 C:\xampp\htdocs\oams_live\api\app\Services\ActivityLogger.php(37): App\Services\ActivityLogger->log(NULL, 'update', 'Updated user_ro...', 'user_roles')
#10 C:\xampp\htdocs\oams_live\api\app\Models\BaseModel.php(42): App\Services\ActivityLogger->logUpdate(NULL, 'user_roles', Array)
#11 C:\xampp\htdocs\oams_live\api\app\Controllers\Roles.php(162): App\Models\BaseModel->update('2', Array)
#12 C:\xampp\htdocs\oams_live\api\system\CodeIgniter.php(941): App\Controllers\Roles->update('2')
#13 C:\xampp\htdocs\oams_live\api\system\CodeIgniter.php(502): CodeIgniter\CodeIgniter->runController(Object(App\Controllers\Roles))
#14 C:\xampp\htdocs\oams_live\api\system\CodeIgniter.php(361): CodeIgniter\CodeIgniter->handleRequest(NULL, Object(Config\Cache), false)
#15 C:\xampp\htdocs\oams_live\api\public\index.php(79): CodeIgniter\CodeIgniter->run()
#16 {main}
CRITICAL - 2024-11-28 12:15:56 --> CodeIgniter\Database\Exceptions\DatabaseException: Column 'user_id' cannot be null
in SYSTEMPATH\Database\BaseConnection.php on line 647.
 1 SYSTEMPATH\Database\BaseBuilder.php(2307): CodeIgniter\Database\BaseConnection->query('INSERT INTO `activity_logs` (`user_id`, `action`, `description`, `table_name`, `created_at`) VALUES (:user_id:, :action:, :description:, :table_name:, :created_at:)', [...], false)
 2 SYSTEMPATH\Model.php(326): CodeIgniter\Database\BaseBuilder->insert()
 3 SYSTEMPATH\BaseModel.php(802): CodeIgniter\Model->doInsert([...])
 4 SYSTEMPATH\Model.php(744): CodeIgniter\BaseModel->insert([...], false)
 5 SYSTEMPATH\BaseModel.php(713): CodeIgniter\Model->insert([...], false)
 6 APPPATH\Services\ActivityLogger.php(26): CodeIgniter\BaseModel->save([...])
 7 APPPATH\Services\ActivityLogger.php(37): App\Services\ActivityLogger->log(null, 'update', 'Updated user_roles with data: {"role":"User","updated_by":"-","status":"1-1"}', 'user_roles')
 8 APPPATH\Models\BaseModel.php(42): App\Services\ActivityLogger->logUpdate(null, 'user_roles', [...])
 9 APPPATH\Controllers\Roles.php(162): App\Models\BaseModel->update('2', [...])
10 SYSTEMPATH\CodeIgniter.php(941): App\Controllers\Roles->update('2')
11 SYSTEMPATH\CodeIgniter.php(502): CodeIgniter\CodeIgniter->runController(Object(App\Controllers\Roles))
12 SYSTEMPATH\CodeIgniter.php(361): CodeIgniter\CodeIgniter->handleRequest(null, Object(Config\Cache), false)
13 FCPATH\index.php(79): CodeIgniter\CodeIgniter->run()
CRITICAL - 2024-11-28 12:15:56 --> [Caused by] CodeIgniter\Database\Exceptions\DatabaseException: Column 'user_id' cannot be null
in SYSTEMPATH\Database\MySQLi\Connection.php on line 311.
 1 SYSTEMPATH\Database\BaseConnection.php(693): CodeIgniter\Database\MySQLi\Connection->execute('INSERT INTO `activity_logs` (`user_id`, `action`, `description`, `table_name`, `created_at`) VALUES (NULL, \'update\', \'Updated user_roles with data: {\\"role\\":\\"User\\",\\"updated_by\\":\\"-\\",\\"status\\":\\"1-1\\"}\', \'user_roles\', \'2024-11-28 12:15:56\')')
 2 SYSTEMPATH\Database\BaseConnection.php(607): CodeIgniter\Database\BaseConnection->simpleQuery('INSERT INTO `activity_logs` (`user_id`, `action`, `description`, `table_name`, `created_at`) VALUES (NULL, \'update\', \'Updated user_roles with data: {\\"role\\":\\"User\\",\\"updated_by\\":\\"-\\",\\"status\\":\\"1-1\\"}\', \'user_roles\', \'2024-11-28 12:15:56\')')
 3 SYSTEMPATH\Database\BaseBuilder.php(2307): CodeIgniter\Database\BaseConnection->query('INSERT INTO `activity_logs` (`user_id`, `action`, `description`, `table_name`, `created_at`) VALUES (:user_id:, :action:, :description:, :table_name:, :created_at:)', [...], false)
 4 SYSTEMPATH\Model.php(326): CodeIgniter\Database\BaseBuilder->insert()
 5 SYSTEMPATH\BaseModel.php(802): CodeIgniter\Model->doInsert([...])
 6 SYSTEMPATH\Model.php(744): CodeIgniter\BaseModel->insert([...], false)
 7 SYSTEMPATH\BaseModel.php(713): CodeIgniter\Model->insert([...], false)
 8 APPPATH\Services\ActivityLogger.php(26): CodeIgniter\BaseModel->save([...])
 9 APPPATH\Services\ActivityLogger.php(37): App\Services\ActivityLogger->log(null, 'update', 'Updated user_roles with data: {"role":"User","updated_by":"-","status":"1-1"}', 'user_roles')
10 APPPATH\Models\BaseModel.php(42): App\Services\ActivityLogger->logUpdate(null, 'user_roles', [...])
11 APPPATH\Controllers\Roles.php(162): App\Models\BaseModel->update('2', [...])
12 SYSTEMPATH\CodeIgniter.php(941): App\Controllers\Roles->update('2')
13 SYSTEMPATH\CodeIgniter.php(502): CodeIgniter\CodeIgniter->runController(Object(App\Controllers\Roles))
14 SYSTEMPATH\CodeIgniter.php(361): CodeIgniter\CodeIgniter->handleRequest(null, Object(Config\Cache), false)
15 FCPATH\index.php(79): CodeIgniter\CodeIgniter->run()
CRITICAL - 2024-11-28 12:15:56 --> [Caused by] mysqli_sql_exception: Column 'user_id' cannot be null
in SYSTEMPATH\Database\MySQLi\Connection.php on line 306.
 1 SYSTEMPATH\Database\MySQLi\Connection.php(306): mysqli->query('INSERT INTO `activity_logs` (`user_id`, `action`, `description`, `table_name`, `created_at`) VALUES (NULL, \'update\', \'Updated user_roles with data: {\\"role\\":\\"User\\",\\"updated_by\\":\\"-\\",\\"status\\":\\"1-1\\"}\', \'user_roles\', \'2024-11-28 12:15:56\')', 0)
 2 SYSTEMPATH\Database\BaseConnection.php(693): CodeIgniter\Database\MySQLi\Connection->execute('INSERT INTO `activity_logs` (`user_id`, `action`, `description`, `table_name`, `created_at`) VALUES (NULL, \'update\', \'Updated user_roles with data: {\\"role\\":\\"User\\",\\"updated_by\\":\\"-\\",\\"status\\":\\"1-1\\"}\', \'user_roles\', \'2024-11-28 12:15:56\')')
 3 SYSTEMPATH\Database\BaseConnection.php(607): CodeIgniter\Database\BaseConnection->simpleQuery('INSERT INTO `activity_logs` (`user_id`, `action`, `description`, `table_name`, `created_at`) VALUES (NULL, \'update\', \'Updated user_roles with data: {\\"role\\":\\"User\\",\\"updated_by\\":\\"-\\",\\"status\\":\\"1-1\\"}\', \'user_roles\', \'2024-11-28 12:15:56\')')
 4 SYSTEMPATH\Database\BaseBuilder.php(2307): CodeIgniter\Database\BaseConnection->query('INSERT INTO `activity_logs` (`user_id`, `action`, `description`, `table_name`, `created_at`) VALUES (:user_id:, :action:, :description:, :table_name:, :created_at:)', [...], false)
 5 SYSTEMPATH\Model.php(326): CodeIgniter\Database\BaseBuilder->insert()
 6 SYSTEMPATH\BaseModel.php(802): CodeIgniter\Model->doInsert([...])
 7 SYSTEMPATH\Model.php(744): CodeIgniter\BaseModel->insert([...], false)
 8 SYSTEMPATH\BaseModel.php(713): CodeIgniter\Model->insert([...], false)
 9 APPPATH\Services\ActivityLogger.php(26): CodeIgniter\BaseModel->save([...])
10 APPPATH\Services\ActivityLogger.php(37): App\Services\ActivityLogger->log(null, 'update', 'Updated user_roles with data: {"role":"User","updated_by":"-","status":"1-1"}', 'user_roles')
11 APPPATH\Models\BaseModel.php(42): App\Services\ActivityLogger->logUpdate(null, 'user_roles', [...])
12 APPPATH\Controllers\Roles.php(162): App\Models\BaseModel->update('2', [...])
13 SYSTEMPATH\CodeIgniter.php(941): App\Controllers\Roles->update('2')
14 SYSTEMPATH\CodeIgniter.php(502): CodeIgniter\CodeIgniter->runController(Object(App\Controllers\Roles))
15 SYSTEMPATH\CodeIgniter.php(361): CodeIgniter\CodeIgniter->handleRequest(null, Object(Config\Cache), false)
16 FCPATH\index.php(79): CodeIgniter\CodeIgniter->run()
ERROR - 2024-11-28 12:30:04 --> mysqli_sql_exception: Column 'user_id' cannot be null in C:\xampp\htdocs\oams_live\api\system\Database\MySQLi\Connection.php:306
Stack trace:
#0 C:\xampp\htdocs\oams_live\api\system\Database\MySQLi\Connection.php(306): mysqli->query('INSERT INTO `ac...', 0)
#1 C:\xampp\htdocs\oams_live\api\system\Database\BaseConnection.php(693): CodeIgniter\Database\MySQLi\Connection->execute('INSERT INTO `ac...')
#2 C:\xampp\htdocs\oams_live\api\system\Database\BaseConnection.php(607): CodeIgniter\Database\BaseConnection->simpleQuery('INSERT INTO `ac...')
#3 C:\xampp\htdocs\oams_live\api\system\Database\BaseBuilder.php(2307): CodeIgniter\Database\BaseConnection->query('INSERT INTO `ac...', Array, false)
#4 C:\xampp\htdocs\oams_live\api\system\Model.php(326): CodeIgniter\Database\BaseBuilder->insert()
#5 C:\xampp\htdocs\oams_live\api\system\BaseModel.php(802): CodeIgniter\Model->doInsert(Array)
#6 C:\xampp\htdocs\oams_live\api\system\Model.php(744): CodeIgniter\BaseModel->insert(Array, false)
#7 C:\xampp\htdocs\oams_live\api\system\BaseModel.php(713): CodeIgniter\Model->insert(Array, false)
#8 C:\xampp\htdocs\oams_live\api\app\Services\ActivityLogger.php(26): CodeIgniter\BaseModel->save(Array)
#9 C:\xampp\htdocs\oams_live\api\app\Services\ActivityLogger.php(37): App\Services\ActivityLogger->log(NULL, 'update', 'Updated user_ro...', 'user_roles')
#10 C:\xampp\htdocs\oams_live\api\app\Models\BaseModel.php(42): App\Services\ActivityLogger->logUpdate(NULL, 'user_roles', Array)
#11 C:\xampp\htdocs\oams_live\api\app\Controllers\Roles.php(162): App\Models\BaseModel->update('2', Array)
#12 C:\xampp\htdocs\oams_live\api\system\CodeIgniter.php(941): App\Controllers\Roles->update('2')
#13 C:\xampp\htdocs\oams_live\api\system\CodeIgniter.php(502): CodeIgniter\CodeIgniter->runController(Object(App\Controllers\Roles))
#14 C:\xampp\htdocs\oams_live\api\system\CodeIgniter.php(361): CodeIgniter\CodeIgniter->handleRequest(NULL, Object(Config\Cache), false)
#15 C:\xampp\htdocs\oams_live\api\public\index.php(79): CodeIgniter\CodeIgniter->run()
#16 {main}
CRITICAL - 2024-11-28 12:30:04 --> CodeIgniter\Database\Exceptions\DatabaseException: Column 'user_id' cannot be null
in SYSTEMPATH\Database\BaseConnection.php on line 647.
 1 SYSTEMPATH\Database\BaseBuilder.php(2307): CodeIgniter\Database\BaseConnection->query('INSERT INTO `activity_logs` (`user_id`, `action`, `description`, `table_name`, `created_at`) VALUES (:user_id:, :action:, :description:, :table_name:, :created_at:)', [...], false)
 2 SYSTEMPATH\Model.php(326): CodeIgniter\Database\BaseBuilder->insert()
 3 SYSTEMPATH\BaseModel.php(802): CodeIgniter\Model->doInsert([...])
 4 SYSTEMPATH\Model.php(744): CodeIgniter\BaseModel->insert([...], false)
 5 SYSTEMPATH\BaseModel.php(713): CodeIgniter\Model->insert([...], false)
 6 APPPATH\Services\ActivityLogger.php(26): CodeIgniter\BaseModel->save([...])
 7 APPPATH\Services\ActivityLogger.php(37): App\Services\ActivityLogger->log(null, 'update', 'Updated user_roles with data: {"role":"User","updated_by":"-","status":"1-1"}', 'user_roles')
 8 APPPATH\Models\BaseModel.php(42): App\Services\ActivityLogger->logUpdate(null, 'user_roles', [...])
 9 APPPATH\Controllers\Roles.php(162): App\Models\BaseModel->update('2', [...])
10 SYSTEMPATH\CodeIgniter.php(941): App\Controllers\Roles->update('2')
11 SYSTEMPATH\CodeIgniter.php(502): CodeIgniter\CodeIgniter->runController(Object(App\Controllers\Roles))
12 SYSTEMPATH\CodeIgniter.php(361): CodeIgniter\CodeIgniter->handleRequest(null, Object(Config\Cache), false)
13 FCPATH\index.php(79): CodeIgniter\CodeIgniter->run()
CRITICAL - 2024-11-28 12:30:04 --> [Caused by] CodeIgniter\Database\Exceptions\DatabaseException: Column 'user_id' cannot be null
in SYSTEMPATH\Database\MySQLi\Connection.php on line 311.
 1 SYSTEMPATH\Database\BaseConnection.php(693): CodeIgniter\Database\MySQLi\Connection->execute('INSERT INTO `activity_logs` (`user_id`, `action`, `description`, `table_name`, `created_at`) VALUES (NULL, \'update\', \'Updated user_roles with data: {\\"role\\":\\"User\\",\\"updated_by\\":\\"-\\",\\"status\\":\\"1-1\\"}\', \'user_roles\', \'2024-11-28 12:30:04\')')
 2 SYSTEMPATH\Database\BaseConnection.php(607): CodeIgniter\Database\BaseConnection->simpleQuery('INSERT INTO `activity_logs` (`user_id`, `action`, `description`, `table_name`, `created_at`) VALUES (NULL, \'update\', \'Updated user_roles with data: {\\"role\\":\\"User\\",\\"updated_by\\":\\"-\\",\\"status\\":\\"1-1\\"}\', \'user_roles\', \'2024-11-28 12:30:04\')')
 3 SYSTEMPATH\Database\BaseBuilder.php(2307): CodeIgniter\Database\BaseConnection->query('INSERT INTO `activity_logs` (`user_id`, `action`, `description`, `table_name`, `created_at`) VALUES (:user_id:, :action:, :description:, :table_name:, :created_at:)', [...], false)
 4 SYSTEMPATH\Model.php(326): CodeIgniter\Database\BaseBuilder->insert()
 5 SYSTEMPATH\BaseModel.php(802): CodeIgniter\Model->doInsert([...])
 6 SYSTEMPATH\Model.php(744): CodeIgniter\BaseModel->insert([...], false)
 7 SYSTEMPATH\BaseModel.php(713): CodeIgniter\Model->insert([...], false)
 8 APPPATH\Services\ActivityLogger.php(26): CodeIgniter\BaseModel->save([...])
 9 APPPATH\Services\ActivityLogger.php(37): App\Services\ActivityLogger->log(null, 'update', 'Updated user_roles with data: {"role":"User","updated_by":"-","status":"1-1"}', 'user_roles')
10 APPPATH\Models\BaseModel.php(42): App\Services\ActivityLogger->logUpdate(null, 'user_roles', [...])
11 APPPATH\Controllers\Roles.php(162): App\Models\BaseModel->update('2', [...])
12 SYSTEMPATH\CodeIgniter.php(941): App\Controllers\Roles->update('2')
13 SYSTEMPATH\CodeIgniter.php(502): CodeIgniter\CodeIgniter->runController(Object(App\Controllers\Roles))
14 SYSTEMPATH\CodeIgniter.php(361): CodeIgniter\CodeIgniter->handleRequest(null, Object(Config\Cache), false)
15 FCPATH\index.php(79): CodeIgniter\CodeIgniter->run()
CRITICAL - 2024-11-28 12:30:04 --> [Caused by] mysqli_sql_exception: Column 'user_id' cannot be null
in SYSTEMPATH\Database\MySQLi\Connection.php on line 306.
 1 SYSTEMPATH\Database\MySQLi\Connection.php(306): mysqli->query('INSERT INTO `activity_logs` (`user_id`, `action`, `description`, `table_name`, `created_at`) VALUES (NULL, \'update\', \'Updated user_roles with data: {\\"role\\":\\"User\\",\\"updated_by\\":\\"-\\",\\"status\\":\\"1-1\\"}\', \'user_roles\', \'2024-11-28 12:30:04\')', 0)
 2 SYSTEMPATH\Database\BaseConnection.php(693): CodeIgniter\Database\MySQLi\Connection->execute('INSERT INTO `activity_logs` (`user_id`, `action`, `description`, `table_name`, `created_at`) VALUES (NULL, \'update\', \'Updated user_roles with data: {\\"role\\":\\"User\\",\\"updated_by\\":\\"-\\",\\"status\\":\\"1-1\\"}\', \'user_roles\', \'2024-11-28 12:30:04\')')
 3 SYSTEMPATH\Database\BaseConnection.php(607): CodeIgniter\Database\BaseConnection->simpleQuery('INSERT INTO `activity_logs` (`user_id`, `action`, `description`, `table_name`, `created_at`) VALUES (NULL, \'update\', \'Updated user_roles with data: {\\"role\\":\\"User\\",\\"updated_by\\":\\"-\\",\\"status\\":\\"1-1\\"}\', \'user_roles\', \'2024-11-28 12:30:04\')')
 4 SYSTEMPATH\Database\BaseBuilder.php(2307): CodeIgniter\Database\BaseConnection->query('INSERT INTO `activity_logs` (`user_id`, `action`, `description`, `table_name`, `created_at`) VALUES (:user_id:, :action:, :description:, :table_name:, :created_at:)', [...], false)
 5 SYSTEMPATH\Model.php(326): CodeIgniter\Database\BaseBuilder->insert()
 6 SYSTEMPATH\BaseModel.php(802): CodeIgniter\Model->doInsert([...])
 7 SYSTEMPATH\Model.php(744): CodeIgniter\BaseModel->insert([...], false)
 8 SYSTEMPATH\BaseModel.php(713): CodeIgniter\Model->insert([...], false)
 9 APPPATH\Services\ActivityLogger.php(26): CodeIgniter\BaseModel->save([...])
10 APPPATH\Services\ActivityLogger.php(37): App\Services\ActivityLogger->log(null, 'update', 'Updated user_roles with data: {"role":"User","updated_by":"-","status":"1-1"}', 'user_roles')
11 APPPATH\Models\BaseModel.php(42): App\Services\ActivityLogger->logUpdate(null, 'user_roles', [...])
12 APPPATH\Controllers\Roles.php(162): App\Models\BaseModel->update('2', [...])
13 SYSTEMPATH\CodeIgniter.php(941): App\Controllers\Roles->update('2')
14 SYSTEMPATH\CodeIgniter.php(502): CodeIgniter\CodeIgniter->runController(Object(App\Controllers\Roles))
15 SYSTEMPATH\CodeIgniter.php(361): CodeIgniter\CodeIgniter->handleRequest(null, Object(Config\Cache), false)
16 FCPATH\index.php(79): CodeIgniter\CodeIgniter->run()
ERROR - 2024-11-28 12:30:27 --> mysqli_sql_exception: Column 'user_id' cannot be null in C:\xampp\htdocs\oams_live\api\system\Database\MySQLi\Connection.php:306
Stack trace:
#0 C:\xampp\htdocs\oams_live\api\system\Database\MySQLi\Connection.php(306): mysqli->query('INSERT INTO `ac...', 0)
#1 C:\xampp\htdocs\oams_live\api\system\Database\BaseConnection.php(693): CodeIgniter\Database\MySQLi\Connection->execute('INSERT INTO `ac...')
#2 C:\xampp\htdocs\oams_live\api\system\Database\BaseConnection.php(607): CodeIgniter\Database\BaseConnection->simpleQuery('INSERT INTO `ac...')
#3 C:\xampp\htdocs\oams_live\api\system\Database\BaseBuilder.php(2307): CodeIgniter\Database\BaseConnection->query('INSERT INTO `ac...', Array, false)
#4 C:\xampp\htdocs\oams_live\api\system\Model.php(326): CodeIgniter\Database\BaseBuilder->insert()
#5 C:\xampp\htdocs\oams_live\api\system\BaseModel.php(802): CodeIgniter\Model->doInsert(Array)
#6 C:\xampp\htdocs\oams_live\api\system\Model.php(744): CodeIgniter\BaseModel->insert(Array, false)
#7 C:\xampp\htdocs\oams_live\api\system\BaseModel.php(713): CodeIgniter\Model->insert(Array, false)
#8 C:\xampp\htdocs\oams_live\api\app\Services\ActivityLogger.php(26): CodeIgniter\BaseModel->save(Array)
#9 C:\xampp\htdocs\oams_live\api\app\Services\ActivityLogger.php(37): App\Services\ActivityLogger->log(NULL, 'update', 'Updated user_ro...', 'user_roles')
#10 C:\xampp\htdocs\oams_live\api\app\Models\BaseModel.php(42): App\Services\ActivityLogger->logUpdate(NULL, 'user_roles', Array)
#11 C:\xampp\htdocs\oams_live\api\app\Controllers\Roles.php(162): App\Models\BaseModel->update('2', Array)
#12 C:\xampp\htdocs\oams_live\api\system\CodeIgniter.php(941): App\Controllers\Roles->update('2')
#13 C:\xampp\htdocs\oams_live\api\system\CodeIgniter.php(502): CodeIgniter\CodeIgniter->runController(Object(App\Controllers\Roles))
#14 C:\xampp\htdocs\oams_live\api\system\CodeIgniter.php(361): CodeIgniter\CodeIgniter->handleRequest(NULL, Object(Config\Cache), false)
#15 C:\xampp\htdocs\oams_live\api\public\index.php(79): CodeIgniter\CodeIgniter->run()
#16 {main}
CRITICAL - 2024-11-28 12:30:27 --> CodeIgniter\Database\Exceptions\DatabaseException: Column 'user_id' cannot be null
in SYSTEMPATH\Database\BaseConnection.php on line 647.
 1 SYSTEMPATH\Database\BaseBuilder.php(2307): CodeIgniter\Database\BaseConnection->query('INSERT INTO `activity_logs` (`user_id`, `action`, `description`, `table_name`, `created_at`) VALUES (:user_id:, :action:, :description:, :table_name:, :created_at:)', [...], false)
 2 SYSTEMPATH\Model.php(326): CodeIgniter\Database\BaseBuilder->insert()
 3 SYSTEMPATH\BaseModel.php(802): CodeIgniter\Model->doInsert([...])
 4 SYSTEMPATH\Model.php(744): CodeIgniter\BaseModel->insert([...], false)
 5 SYSTEMPATH\BaseModel.php(713): CodeIgniter\Model->insert([...], false)
 6 APPPATH\Services\ActivityLogger.php(26): CodeIgniter\BaseModel->save([...])
 7 APPPATH\Services\ActivityLogger.php(37): App\Services\ActivityLogger->log(null, 'update', 'Updated user_roles with data: {"role":"User","updated_by":"-","status":"1-1"}', 'user_roles')
 8 APPPATH\Models\BaseModel.php(42): App\Services\ActivityLogger->logUpdate(null, 'user_roles', [...])
 9 APPPATH\Controllers\Roles.php(162): App\Models\BaseModel->update('2', [...])
10 SYSTEMPATH\CodeIgniter.php(941): App\Controllers\Roles->update('2')
11 SYSTEMPATH\CodeIgniter.php(502): CodeIgniter\CodeIgniter->runController(Object(App\Controllers\Roles))
12 SYSTEMPATH\CodeIgniter.php(361): CodeIgniter\CodeIgniter->handleRequest(null, Object(Config\Cache), false)
13 FCPATH\index.php(79): CodeIgniter\CodeIgniter->run()
CRITICAL - 2024-11-28 12:30:27 --> [Caused by] CodeIgniter\Database\Exceptions\DatabaseException: Column 'user_id' cannot be null
in SYSTEMPATH\Database\MySQLi\Connection.php on line 311.
 1 SYSTEMPATH\Database\BaseConnection.php(693): CodeIgniter\Database\MySQLi\Connection->execute('INSERT INTO `activity_logs` (`user_id`, `action`, `description`, `table_name`, `created_at`) VALUES (NULL, \'update\', \'Updated user_roles with data: {\\"role\\":\\"User\\",\\"updated_by\\":\\"-\\",\\"status\\":\\"1-1\\"}\', \'user_roles\', \'2024-11-28 12:30:27\')')
 2 SYSTEMPATH\Database\BaseConnection.php(607): CodeIgniter\Database\BaseConnection->simpleQuery('INSERT INTO `activity_logs` (`user_id`, `action`, `description`, `table_name`, `created_at`) VALUES (NULL, \'update\', \'Updated user_roles with data: {\\"role\\":\\"User\\",\\"updated_by\\":\\"-\\",\\"status\\":\\"1-1\\"}\', \'user_roles\', \'2024-11-28 12:30:27\')')
 3 SYSTEMPATH\Database\BaseBuilder.php(2307): CodeIgniter\Database\BaseConnection->query('INSERT INTO `activity_logs` (`user_id`, `action`, `description`, `table_name`, `created_at`) VALUES (:user_id:, :action:, :description:, :table_name:, :created_at:)', [...], false)
 4 SYSTEMPATH\Model.php(326): CodeIgniter\Database\BaseBuilder->insert()
 5 SYSTEMPATH\BaseModel.php(802): CodeIgniter\Model->doInsert([...])
 6 SYSTEMPATH\Model.php(744): CodeIgniter\BaseModel->insert([...], false)
 7 SYSTEMPATH\BaseModel.php(713): CodeIgniter\Model->insert([...], false)
 8 APPPATH\Services\ActivityLogger.php(26): CodeIgniter\BaseModel->save([...])
 9 APPPATH\Services\ActivityLogger.php(37): App\Services\ActivityLogger->log(null, 'update', 'Updated user_roles with data: {"role":"User","updated_by":"-","status":"1-1"}', 'user_roles')
10 APPPATH\Models\BaseModel.php(42): App\Services\ActivityLogger->logUpdate(null, 'user_roles', [...])
11 APPPATH\Controllers\Roles.php(162): App\Models\BaseModel->update('2', [...])
12 SYSTEMPATH\CodeIgniter.php(941): App\Controllers\Roles->update('2')
13 SYSTEMPATH\CodeIgniter.php(502): CodeIgniter\CodeIgniter->runController(Object(App\Controllers\Roles))
14 SYSTEMPATH\CodeIgniter.php(361): CodeIgniter\CodeIgniter->handleRequest(null, Object(Config\Cache), false)
15 FCPATH\index.php(79): CodeIgniter\CodeIgniter->run()
CRITICAL - 2024-11-28 12:30:27 --> [Caused by] mysqli_sql_exception: Column 'user_id' cannot be null
in SYSTEMPATH\Database\MySQLi\Connection.php on line 306.
 1 SYSTEMPATH\Database\MySQLi\Connection.php(306): mysqli->query('INSERT INTO `activity_logs` (`user_id`, `action`, `description`, `table_name`, `created_at`) VALUES (NULL, \'update\', \'Updated user_roles with data: {\\"role\\":\\"User\\",\\"updated_by\\":\\"-\\",\\"status\\":\\"1-1\\"}\', \'user_roles\', \'2024-11-28 12:30:27\')', 0)
 2 SYSTEMPATH\Database\BaseConnection.php(693): CodeIgniter\Database\MySQLi\Connection->execute('INSERT INTO `activity_logs` (`user_id`, `action`, `description`, `table_name`, `created_at`) VALUES (NULL, \'update\', \'Updated user_roles with data: {\\"role\\":\\"User\\",\\"updated_by\\":\\"-\\",\\"status\\":\\"1-1\\"}\', \'user_roles\', \'2024-11-28 12:30:27\')')
 3 SYSTEMPATH\Database\BaseConnection.php(607): CodeIgniter\Database\BaseConnection->simpleQuery('INSERT INTO `activity_logs` (`user_id`, `action`, `description`, `table_name`, `created_at`) VALUES (NULL, \'update\', \'Updated user_roles with data: {\\"role\\":\\"User\\",\\"updated_by\\":\\"-\\",\\"status\\":\\"1-1\\"}\', \'user_roles\', \'2024-11-28 12:30:27\')')
 4 SYSTEMPATH\Database\BaseBuilder.php(2307): CodeIgniter\Database\BaseConnection->query('INSERT INTO `activity_logs` (`user_id`, `action`, `description`, `table_name`, `created_at`) VALUES (:user_id:, :action:, :description:, :table_name:, :created_at:)', [...], false)
 5 SYSTEMPATH\Model.php(326): CodeIgniter\Database\BaseBuilder->insert()
 6 SYSTEMPATH\BaseModel.php(802): CodeIgniter\Model->doInsert([...])
 7 SYSTEMPATH\Model.php(744): CodeIgniter\BaseModel->insert([...], false)
 8 SYSTEMPATH\BaseModel.php(713): CodeIgniter\Model->insert([...], false)
 9 APPPATH\Services\ActivityLogger.php(26): CodeIgniter\BaseModel->save([...])
10 APPPATH\Services\ActivityLogger.php(37): App\Services\ActivityLogger->log(null, 'update', 'Updated user_roles with data: {"role":"User","updated_by":"-","status":"1-1"}', 'user_roles')
11 APPPATH\Models\BaseModel.php(42): App\Services\ActivityLogger->logUpdate(null, 'user_roles', [...])
12 APPPATH\Controllers\Roles.php(162): App\Models\BaseModel->update('2', [...])
13 SYSTEMPATH\CodeIgniter.php(941): App\Controllers\Roles->update('2')
14 SYSTEMPATH\CodeIgniter.php(502): CodeIgniter\CodeIgniter->runController(Object(App\Controllers\Roles))
15 SYSTEMPATH\CodeIgniter.php(361): CodeIgniter\CodeIgniter->handleRequest(null, Object(Config\Cache), false)
16 FCPATH\index.php(79): CodeIgniter\CodeIgniter->run()
CRITICAL - 2024-11-28 12:36:59 --> ErrorException: Undefined variable $auction_data
in APPPATH\Controllers\Cart.php on line 428.
 1 APPPATH\Controllers\Cart.php(428): CodeIgniter\Debug\Exceptions->errorHandler(2, 'Undefined variable $auction_data', 'C:\\xampp\\htdocs\\oams_live\\api\\app\\Controllers\\Cart.php', 428)
 2 SYSTEMPATH\CodeIgniter.php(941): App\Controllers\Cart->auctiongardenlist()
 3 SYSTEMPATH\CodeIgniter.php(502): CodeIgniter\CodeIgniter->runController(Object(App\Controllers\Cart))
 4 SYSTEMPATH\CodeIgniter.php(361): CodeIgniter\CodeIgniter->handleRequest(null, Object(Config\Cache), false)
 5 FCPATH\index.php(79): CodeIgniter\CodeIgniter->run()
CRITICAL - 2024-11-28 12:37:31 --> ErrorException: Undefined variable $auction_data
in APPPATH\Controllers\Cart.php on line 428.
 1 APPPATH\Controllers\Cart.php(428): CodeIgniter\Debug\Exceptions->errorHandler(2, 'Undefined variable $auction_data', 'C:\\xampp\\htdocs\\oams_live\\api\\app\\Controllers\\Cart.php', 428)
 2 SYSTEMPATH\CodeIgniter.php(941): App\Controllers\Cart->auctiongardenlist()
 3 SYSTEMPATH\CodeIgniter.php(502): CodeIgniter\CodeIgniter->runController(Object(App\Controllers\Cart))
 4 SYSTEMPATH\CodeIgniter.php(361): CodeIgniter\CodeIgniter->handleRequest(null, Object(Config\Cache), false)
 5 FCPATH\index.php(79): CodeIgniter\CodeIgniter->run()
CRITICAL - 2024-11-28 12:37:51 --> ErrorException: Undefined variable $auction_data
in APPPATH\Controllers\Cart.php on line 428.
 1 APPPATH\Controllers\Cart.php(428): CodeIgniter\Debug\Exceptions->errorHandler(2, 'Undefined variable $auction_data', 'C:\\xampp\\htdocs\\oams_live\\api\\app\\Controllers\\Cart.php', 428)
 2 SYSTEMPATH\CodeIgniter.php(941): App\Controllers\Cart->auctiongardenlist()
 3 SYSTEMPATH\CodeIgniter.php(502): CodeIgniter\CodeIgniter->runController(Object(App\Controllers\Cart))
 4 SYSTEMPATH\CodeIgniter.php(361): CodeIgniter\CodeIgniter->handleRequest(null, Object(Config\Cache), false)
 5 FCPATH\index.php(79): CodeIgniter\CodeIgniter->run()
ERROR - 2024-11-28 12:44:22 --> current items data:[{"id":"94","inward_invoice_id":"V5","inward_item_id":"5","auction_id":"18","grade_id":"11","lot_no":"1","lot_set":"1","auction_quantity":"1","sample_quantity":"0","auction_each_net":"15","base_price":"0","reverse_price":"0","high_price":"0","valuation_price":"0","last_sold_price":null,"status":"1","is_sold":"0","min_bid_added":"0","is_withdrawn":"0","created_at":"2024-11-28 12:37:54","updated_at":"2024-11-28 12:37:54","created_by":"3","updated_by":"0"},{"id":"95","inward_invoice_id":"S1","inward_item_id":"6","auction_id":"18","grade_id":"4","lot_no":"2","lot_set":"1","auction_quantity":"1","sample_quantity":"0","auction_each_net":"17","base_price":"0","reverse_price":"0","high_price":"0","valuation_price":"0","last_sold_price":null,"status":"1","is_sold":"0","min_bid_added":"0","is_withdrawn":"0","created_at":"2024-11-28 12:37:54","updated_at":"2024-11-28 12:37:54","created_by":"3","updated_by":"0"}], 2024-11-28 12:44:22
ERROR - 2024-11-28 12:44:22 --> Error code L001. auctionItemId:94, 2024-11-28 12:44:22
ERROR - 2024-11-28 12:44:22 --> bid calculation initiated auctionItemId:94, 0
ERROR - 2024-11-28 12:44:22 --> bid calculation Ended auctionItemId:94, 2024-11-28 12:44:22
ERROR - 2024-11-28 12:44:22 --> Error code L002. auctionItemId:94, 2024-11-28 12:44:22
ERROR - 2024-11-28 12:44:22 --> Error code L003. auctionItemId:94, 2024-11-28 12:44:22
ERROR - 2024-11-28 12:44:22 --> Error code L001. auctionItemId:95, 2024-11-28 12:44:22
ERROR - 2024-11-28 12:44:22 --> bid calculation initiated auctionItemId:95, 0
ERROR - 2024-11-28 12:44:22 --> bid calculation Ended auctionItemId:95, 2024-11-28 12:44:22
ERROR - 2024-11-28 12:44:22 --> Error code L002. auctionItemId:95, 2024-11-28 12:44:22
ERROR - 2024-11-28 12:44:22 --> Error code L003. auctionItemId:95, 2024-11-28 12:44:22
ERROR - 2024-11-28 12:44:32 --> current items data:[{"id":"96","inward_invoice_id":"S2","inward_item_id":"7","auction_id":"18","grade_id":"5","lot_no":"3","lot_set":"2","auction_quantity":"1","sample_quantity":"0","auction_each_net":"7","base_price":"0","reverse_price":"0","high_price":"0","valuation_price":"0","last_sold_price":null,"status":"1","is_sold":"0","min_bid_added":"0","is_withdrawn":"0","created_at":"2024-11-28 12:37:54","updated_at":"2024-11-28 12:37:54","created_by":"3","updated_by":"0"}], 2024-11-28 12:44:32
ERROR - 2024-11-28 12:44:32 --> Error code L001. auctionItemId:96, 2024-11-28 12:44:32
ERROR - 2024-11-28 12:44:32 --> bid calculation initiated auctionItemId:96, 0
ERROR - 2024-11-28 12:44:32 --> bid calculation Ended auctionItemId:96, 2024-11-28 12:44:32
ERROR - 2024-11-28 12:44:32 --> Error code L002. auctionItemId:96, 2024-11-28 12:44:32
ERROR - 2024-11-28 12:44:32 --> Error code L003. auctionItemId:96, 2024-11-28 12:44:32
ERROR - 2024-11-28 12:50:31 --> current items data:[{"id":"95","inward_invoice_id":"S1","inward_item_id":"6","auction_id":"18","grade_id":"4","lot_no":"2","lot_set":"1","auction_quantity":"1","sample_quantity":"0","auction_each_net":"17","base_price":"0","reverse_price":"0","high_price":"0","valuation_price":"0","last_sold_price":null,"status":"1","is_sold":"0","min_bid_added":"0","is_withdrawn":"0","created_at":"2024-11-28 12:37:54","updated_at":"2024-11-28 12:50:24","created_by":"3","updated_by":"0"}], 2024-11-28 12:50:31
ERROR - 2024-11-28 12:50:31 --> Error code L001. auctionItemId:95, 2024-11-28 12:50:31
ERROR - 2024-11-28 12:50:31 --> bid calculation initiated auctionItemId:95, 0
ERROR - 2024-11-28 12:50:31 --> bid calculation Ended auctionItemId:95, 2024-11-28 12:50:31
ERROR - 2024-11-28 12:50:31 --> Error code L002. auctionItemId:95, 2024-11-28 12:50:31
ERROR - 2024-11-28 12:50:31 --> Error code L003. auctionItemId:95, 2024-11-28 12:50:31
ERROR - 2024-11-28 12:50:42 --> current items data:[{"id":"96","inward_invoice_id":"S2","inward_item_id":"7","auction_id":"18","grade_id":"5","lot_no":"3","lot_set":"2","auction_quantity":"1","sample_quantity":"0","auction_each_net":"7","base_price":"0","reverse_price":"0","high_price":"0","valuation_price":"0","last_sold_price":null,"status":"1","is_sold":"0","min_bid_added":"0","is_withdrawn":"0","created_at":"2024-11-28 12:37:54","updated_at":"2024-11-28 12:50:21","created_by":"3","updated_by":"0"}], 2024-11-28 12:50:42
ERROR - 2024-11-28 12:50:42 --> Error code L001. auctionItemId:96, 2024-11-28 12:50:42
ERROR - 2024-11-28 12:50:42 --> bid calculation initiated auctionItemId:96, 0
ERROR - 2024-11-28 12:50:42 --> bid calculation Ended auctionItemId:96, 2024-11-28 12:50:42
ERROR - 2024-11-28 12:50:42 --> Error code L002. auctionItemId:96, 2024-11-28 12:50:42
ERROR - 2024-11-28 12:50:42 --> Error code L003. auctionItemId:96, 2024-11-28 12:50:42
CRITICAL - 2024-11-28 12:52:01 --> ErrorException: Undefined variable $auction_data
in APPPATH\Controllers\Cart.php on line 428.
 1 APPPATH\Controllers\Cart.php(428): CodeIgniter\Debug\Exceptions->errorHandler(2, 'Undefined variable $auction_data', 'C:\\xampp\\htdocs\\oams_live\\api\\app\\Controllers\\Cart.php', 428)
 2 SYSTEMPATH\CodeIgniter.php(941): App\Controllers\Cart->auctiongardenlist()
 3 SYSTEMPATH\CodeIgniter.php(502): CodeIgniter\CodeIgniter->runController(Object(App\Controllers\Cart))
 4 SYSTEMPATH\CodeIgniter.php(361): CodeIgniter\CodeIgniter->handleRequest(null, Object(Config\Cache), false)
 5 FCPATH\index.php(79): CodeIgniter\CodeIgniter->run()
CRITICAL - 2024-11-28 12:52:14 --> ErrorException: Undefined variable $auction_data
in APPPATH\Controllers\Cart.php on line 428.
 1 APPPATH\Controllers\Cart.php(428): CodeIgniter\Debug\Exceptions->errorHandler(2, 'Undefined variable $auction_data', 'C:\\xampp\\htdocs\\oams_live\\api\\app\\Controllers\\Cart.php', 428)
 2 SYSTEMPATH\CodeIgniter.php(941): App\Controllers\Cart->auctiongardenlist()
 3 SYSTEMPATH\CodeIgniter.php(502): CodeIgniter\CodeIgniter->runController(Object(App\Controllers\Cart))
 4 SYSTEMPATH\CodeIgniter.php(361): CodeIgniter\CodeIgniter->handleRequest(null, Object(Config\Cache), false)
 5 FCPATH\index.php(79): CodeIgniter\CodeIgniter->run()
CRITICAL - 2024-11-28 12:52:16 --> ErrorException: Undefined variable $auction_data
in APPPATH\Controllers\Cart.php on line 428.
 1 APPPATH\Controllers\Cart.php(428): CodeIgniter\Debug\Exceptions->errorHandler(2, 'Undefined variable $auction_data', 'C:\\xampp\\htdocs\\oams_live\\api\\app\\Controllers\\Cart.php', 428)
 2 SYSTEMPATH\CodeIgniter.php(941): App\Controllers\Cart->auctiongardenlist()
 3 SYSTEMPATH\CodeIgniter.php(502): CodeIgniter\CodeIgniter->runController(Object(App\Controllers\Cart))
 4 SYSTEMPATH\CodeIgniter.php(361): CodeIgniter\CodeIgniter->handleRequest(null, Object(Config\Cache), false)
 5 FCPATH\index.php(79): CodeIgniter\CodeIgniter->run()
ERROR - 2024-11-28 12:52:58 --> current items data:[{"id":"97","inward_invoice_id":"V5","inward_item_id":"5","auction_id":"19","grade_id":"11","lot_no":"1","lot_set":"1","auction_quantity":"1","sample_quantity":"0","auction_each_net":"15","base_price":"0","reverse_price":"0","high_price":"0","valuation_price":"0","last_sold_price":null,"status":"1","is_sold":"0","min_bid_added":"0","is_withdrawn":"0","created_at":"2024-11-28 12:52:21","updated_at":"2024-11-28 12:52:21","created_by":"1","updated_by":"0"},{"id":"98","inward_invoice_id":"S1","inward_item_id":"6","auction_id":"19","grade_id":"4","lot_no":"2","lot_set":"1","auction_quantity":"1","sample_quantity":"0","auction_each_net":"17","base_price":"0","reverse_price":"0","high_price":"0","valuation_price":"0","last_sold_price":null,"status":"1","is_sold":"0","min_bid_added":"0","is_withdrawn":"0","created_at":"2024-11-28 12:52:21","updated_at":"2024-11-28 12:52:21","created_by":"1","updated_by":"0"}], 2024-11-28 12:52:58
ERROR - 2024-11-28 12:52:58 --> Error code L001. auctionItemId:97, 2024-11-28 12:52:58
ERROR - 2024-11-28 12:52:58 --> bid calculation initiated auctionItemId:97, 0
ERROR - 2024-11-28 12:52:58 --> bid calculation Ended auctionItemId:97, 2024-11-28 12:52:58
ERROR - 2024-11-28 12:52:58 --> Error code L002. auctionItemId:97, 2024-11-28 12:52:58
ERROR - 2024-11-28 12:52:58 --> Error code L003. auctionItemId:97, 2024-11-28 12:52:58
ERROR - 2024-11-28 12:52:58 --> Error code L001. auctionItemId:98, 2024-11-28 12:52:58
ERROR - 2024-11-28 12:52:58 --> bid calculation initiated auctionItemId:98, 0
ERROR - 2024-11-28 12:52:58 --> bid calculation Ended auctionItemId:98, 2024-11-28 12:52:58
ERROR - 2024-11-28 12:52:58 --> Error code L002. auctionItemId:98, 2024-11-28 12:52:58
ERROR - 2024-11-28 12:52:58 --> Error code L003. auctionItemId:98, 2024-11-28 12:52:58
ERROR - 2024-11-28 12:53:10 --> current items data:[{"id":"99","inward_invoice_id":"S2","inward_item_id":"7","auction_id":"19","grade_id":"5","lot_no":"3","lot_set":"2","auction_quantity":"1","sample_quantity":"0","auction_each_net":"7","base_price":"0","reverse_price":"0","high_price":"0","valuation_price":"0","last_sold_price":null,"status":"1","is_sold":"0","min_bid_added":"0","is_withdrawn":"0","created_at":"2024-11-28 12:52:21","updated_at":"2024-11-28 12:52:21","created_by":"1","updated_by":"0"}], 2024-11-28 12:53:10
ERROR - 2024-11-28 12:53:10 --> Error code L001. auctionItemId:99, 2024-11-28 12:53:10
ERROR - 2024-11-28 12:53:10 --> bid calculation initiated auctionItemId:99, 0
ERROR - 2024-11-28 12:53:10 --> bid calculation Ended auctionItemId:99, 2024-11-28 12:53:10
ERROR - 2024-11-28 12:53:10 --> Error code L002. auctionItemId:99, 2024-11-28 12:53:10
ERROR - 2024-11-28 12:53:10 --> Error code L003. auctionItemId:99, 2024-11-28 12:53:10
ERROR - 2024-11-28 12:54:06 --> current items data:[{"id":"97","inward_invoice_id":"V5","inward_item_id":"5","auction_id":"19","grade_id":"11","lot_no":"1","lot_set":"1","auction_quantity":"1","sample_quantity":"0","auction_each_net":"15","base_price":"0","reverse_price":"0","high_price":"0","valuation_price":"0","last_sold_price":null,"status":"1","is_sold":"0","min_bid_added":"0","is_withdrawn":"0","created_at":"2024-11-28 12:52:21","updated_at":"2024-11-28 12:53:37","created_by":"1","updated_by":"0"},{"id":"98","inward_invoice_id":"S1","inward_item_id":"6","auction_id":"19","grade_id":"4","lot_no":"2","lot_set":"1","auction_quantity":"1","sample_quantity":"0","auction_each_net":"17","base_price":"0","reverse_price":"0","high_price":"0","valuation_price":"0","last_sold_price":null,"status":"1","is_sold":"0","min_bid_added":"0","is_withdrawn":"0","created_at":"2024-11-28 12:52:21","updated_at":"2024-11-28 12:53:33","created_by":"1","updated_by":"0"}], 2024-11-28 12:54:06
ERROR - 2024-11-28 12:54:06 --> Error code L001. auctionItemId:97, 2024-11-28 12:54:06
ERROR - 2024-11-28 12:54:06 --> bid calculation initiated auctionItemId:97, 0
ERROR - 2024-11-28 12:54:06 --> bid calculation Ended auctionItemId:97, 2024-11-28 12:54:06
ERROR - 2024-11-28 12:54:06 --> Error code L002. auctionItemId:97, 2024-11-28 12:54:06
ERROR - 2024-11-28 12:54:07 --> Error code L003. auctionItemId:97, 2024-11-28 12:54:07
ERROR - 2024-11-28 12:54:07 --> Error code L001. auctionItemId:98, 2024-11-28 12:54:07
ERROR - 2024-11-28 12:54:07 --> bid calculation initiated auctionItemId:98, 0
ERROR - 2024-11-28 12:54:07 --> bid calculation Ended auctionItemId:98, 2024-11-28 12:54:07
ERROR - 2024-11-28 12:54:07 --> Error code L002. auctionItemId:98, 2024-11-28 12:54:07
ERROR - 2024-11-28 12:54:07 --> Error code L003. auctionItemId:98, 2024-11-28 12:54:07
ERROR - 2024-11-28 12:54:17 --> current items data:[{"id":"99","inward_invoice_id":"S2","inward_item_id":"7","auction_id":"19","grade_id":"5","lot_no":"3","lot_set":"2","auction_quantity":"1","sample_quantity":"0","auction_each_net":"7","base_price":"0","reverse_price":"0","high_price":"0","valuation_price":"0","last_sold_price":null,"status":"1","is_sold":"0","min_bid_added":"0","is_withdrawn":"0","created_at":"2024-11-28 12:52:21","updated_at":"2024-11-28 12:53:31","created_by":"1","updated_by":"0"}], 2024-11-28 12:54:17
ERROR - 2024-11-28 12:54:17 --> Error code L001. auctionItemId:99, 2024-11-28 12:54:17
ERROR - 2024-11-28 12:54:17 --> bid calculation initiated auctionItemId:99, 0
ERROR - 2024-11-28 12:54:17 --> bid calculation Ended auctionItemId:99, 2024-11-28 12:54:17
ERROR - 2024-11-28 12:54:17 --> Error code L002. auctionItemId:99, 2024-11-28 12:54:17
ERROR - 2024-11-28 12:54:17 --> Error code L003. auctionItemId:99, 2024-11-28 12:54:17
