CRITICAL - 2024-08-10 15:32:18 --> ErrorException: Undefined variable $auction_data
in APPPATH/Controllers/Cart.php on line 427.
 1 APPPATH/Controllers/Cart.php(427): CodeIgniter\Debug\Exceptions->errorHandler(2, 'Undefined variable $auction_data', '/var/www/eazyhosting.in/public_html/api/app/Controllers/Cart.php', 427)
 2 SYSTEMPATH/CodeIgniter.php(941): App\Controllers\Cart->auctiongardenlist()
 3 SYSTEMPATH/CodeIgniter.php(502): CodeIgniter\CodeIgniter->runController(Object(App\Controllers\Cart))
 4 SYSTEMPATH/CodeIgniter.php(361): CodeIgniter\CodeIgniter->handleRequest(null, Object(Config\Cache), false)
 5 FCPATH/index.php(79): CodeIgniter\CodeIgniter->run()
CRITICAL - 2024-08-10 15:32:47 --> ErrorException: Undefined variable $auction_data
in APPPATH/Controllers/Cart.php on line 427.
 1 APPPATH/Controllers/Cart.php(427): CodeIgniter\Debug\Exceptions->errorHandler(2, 'Undefined variable $auction_data', '/var/www/eazyhosting.in/public_html/api/app/Controllers/Cart.php', 427)
 2 SYSTEMPATH/CodeIgniter.php(941): App\Controllers\Cart->auctiongardenlist()
 3 SYSTEMPATH/CodeIgniter.php(502): CodeIgniter\CodeIgniter->runController(Object(App\Controllers\Cart))
 4 SYSTEMPATH/CodeIgniter.php(361): CodeIgniter\CodeIgniter->handleRequest(null, Object(Config\Cache), false)
 5 FCPATH/index.php(79): CodeIgniter\CodeIgniter->run()
CRITICAL - 2024-08-10 15:33:53 --> ErrorException: Undefined variable $auction_data
in APPPATH/Controllers/Cart.php on line 427.
 1 APPPATH/Controllers/Cart.php(427): CodeIgniter\Debug\Exceptions->errorHandler(2, 'Undefined variable $auction_data', '/var/www/eazyhosting.in/public_html/api/app/Controllers/Cart.php', 427)
 2 SYSTEMPATH/CodeIgniter.php(941): App\Controllers\Cart->auctiongardenlist()
 3 SYSTEMPATH/CodeIgniter.php(502): CodeIgniter\CodeIgniter->runController(Object(App\Controllers\Cart))
 4 SYSTEMPATH/CodeIgniter.php(361): CodeIgniter\CodeIgniter->handleRequest(null, Object(Config\Cache), false)
 5 FCPATH/index.php(79): CodeIgniter\CodeIgniter->run()
CRITICAL - 2024-08-10 15:34:02 --> ErrorException: Undefined variable $auction_data
in APPPATH/Controllers/Cart.php on line 427.
 1 APPPATH/Controllers/Cart.php(427): CodeIgniter\Debug\Exceptions->errorHandler(2, 'Undefined variable $auction_data', '/var/www/eazyhosting.in/public_html/api/app/Controllers/Cart.php', 427)
 2 SYSTEMPATH/CodeIgniter.php(941): App\Controllers\Cart->auctiongardenlist()
 3 SYSTEMPATH/CodeIgniter.php(502): CodeIgniter\CodeIgniter->runController(Object(App\Controllers\Cart))
 4 SYSTEMPATH/CodeIgniter.php(361): CodeIgniter\CodeIgniter->handleRequest(null, Object(Config\Cache), false)
 5 FCPATH/index.php(79): CodeIgniter\CodeIgniter->run()
CRITICAL - 2024-08-10 15:34:12 --> ErrorException: Undefined variable $auction_data
in APPPATH/Controllers/Cart.php on line 427.
 1 APPPATH/Controllers/Cart.php(427): CodeIgniter\Debug\Exceptions->errorHandler(2, 'Undefined variable $auction_data', '/var/www/eazyhosting.in/public_html/api/app/Controllers/Cart.php', 427)
 2 SYSTEMPATH/CodeIgniter.php(941): App\Controllers\Cart->auctiongardenlist()
 3 SYSTEMPATH/CodeIgniter.php(502): CodeIgniter\CodeIgniter->runController(Object(App\Controllers\Cart))
 4 SYSTEMPATH/CodeIgniter.php(361): CodeIgniter\CodeIgniter->handleRequest(null, Object(Config\Cache), false)
 5 FCPATH/index.php(79): CodeIgniter\CodeIgniter->run()
CRITICAL - 2024-08-10 15:34:57 --> ErrorException: Undefined variable $auction_data
in APPPATH/Controllers/Cart.php on line 427.
 1 APPPATH/Controllers/Cart.php(427): CodeIgniter\Debug\Exceptions->errorHandler(2, 'Undefined variable $auction_data', '/var/www/eazyhosting.in/public_html/api/app/Controllers/Cart.php', 427)
 2 SYSTEMPATH/CodeIgniter.php(941): App\Controllers\Cart->auctiongardenlist()
 3 SYSTEMPATH/CodeIgniter.php(502): CodeIgniter\CodeIgniter->runController(Object(App\Controllers\Cart))
 4 SYSTEMPATH/CodeIgniter.php(361): CodeIgniter\CodeIgniter->handleRequest(null, Object(Config\Cache), false)
 5 FCPATH/index.php(79): CodeIgniter\CodeIgniter->run()
CRITICAL - 2024-08-10 15:35:10 --> ErrorException: Undefined variable $auction_data
in APPPATH/Controllers/Cart.php on line 427.
 1 APPPATH/Controllers/Cart.php(427): CodeIgniter\Debug\Exceptions->errorHandler(2, 'Undefined variable $auction_data', '/var/www/eazyhosting.in/public_html/api/app/Controllers/Cart.php', 427)
 2 SYSTEMPATH/CodeIgniter.php(941): App\Controllers\Cart->auctiongardenlist()
 3 SYSTEMPATH/CodeIgniter.php(502): CodeIgniter\CodeIgniter->runController(Object(App\Controllers\Cart))
 4 SYSTEMPATH/CodeIgniter.php(361): CodeIgniter\CodeIgniter->handleRequest(null, Object(Config\Cache), false)
 5 FCPATH/index.php(79): CodeIgniter\CodeIgniter->run()
ERROR - 2024-08-10 15:43:03 --> current items data:[{"id":"1","inward_invoice_id":"V2","inward_item_id":"2","auction_id":"1","lot_no":"1","lot_set":"1","auction_quantity":"1","sample_quantity":"1","auction_each_net":"13","base_price":"100","reverse_price":"105","high_price":"0","valuation_price":"110","last_sold_price":null,"status":"1","is_sold":"0","min_bid_added":"0","is_withdrawn":"0","created_at":"2024-08-10 15:35:52","updated_at":"2024-08-10 15:36:27","created_by":"5","updated_by":"5"},{"id":"2","inward_invoice_id":"V1","inward_item_id":"1","auction_id":"1","lot_no":"2","lot_set":"1","auction_quantity":"1","sample_quantity":"0","auction_each_net":"10","base_price":"100","reverse_price":"105","high_price":"0","valuation_price":"110","last_sold_price":null,"status":"1","is_sold":"0","min_bid_added":"0","is_withdrawn":"0","created_at":"2024-08-10 15:35:52","updated_at":"2024-08-10 15:36:27","created_by":"5","updated_by":"5"}], 2024-08-10 03:43:03
ERROR - 2024-08-10 15:43:03 --> Error code L001. auctionItemId:1, 2024-08-10 03:43:03
ERROR - 2024-08-10 15:43:03 --> bid calculation initiated auctionItemId:1, 2024-08-10 03:43:03
ERROR - 2024-08-10 15:43:03 --> Error code 001. HBP:106.00,HABP: 120.00, 2024-08-10 03:43:03
ERROR - 2024-08-10 15:43:03 --> Error code 003. HBP:106.00,RP: 105, 2024-08-10 03:43:03
ERROR - 2024-08-10 15:43:03 --> Error code 005. HBP:106.00,SLHABP: 0.00, 2024-08-10 03:43:03
ERROR - 2024-08-10 15:43:03 --> bid calculation Ended auctionItemId:1, 2024-08-10 03:43:03
ERROR - 2024-08-10 15:43:03 --> Error code L002. auctionItemId:1, 2024-08-10 03:43:03
ERROR - 2024-08-10 15:43:03 --> Error code L003. auctionItemId:1, 2024-08-10 03:43:03
ERROR - 2024-08-10 15:43:03 --> Error code L001. auctionItemId:2, 2024-08-10 03:43:03
ERROR - 2024-08-10 15:43:03 --> bid calculation initiated auctionItemId:2, 2024-08-10 03:43:03
ERROR - 2024-08-10 15:43:03 --> Error code 006. HBP:111.00,HABP: 110.00, 2024-08-10 03:43:03
ERROR - 2024-08-10 15:43:03 --> bid calculation Ended auctionItemId:2, 2024-08-10 03:43:03
ERROR - 2024-08-10 15:43:03 --> Error code L002. auctionItemId:2, 2024-08-10 03:43:03
ERROR - 2024-08-10 15:43:03 --> Error code L003. auctionItemId:2, 2024-08-10 03:43:03
ERROR - 2024-08-10 15:43:04 --> current items data:[], 2024-08-10 03:43:04
ERROR - 2024-08-10 15:44:04 --> bid calculation initiated auctionItemId:3, 2024-08-10 03:44:04
ERROR - 2024-08-10 15:44:04 --> Error code 006. HBP:120.00,HABP: 110.00, 2024-08-10 03:44:04
ERROR - 2024-08-10 15:44:04 --> bid calculation Ended auctionItemId:3, 2024-08-10 03:44:04
ERROR - 2024-08-10 15:44:04 --> bid calculation initiated auctionItemId:4, 2024-08-10 03:44:04
ERROR - 2024-08-10 15:44:04 --> Error code 006. HBP:150.00,HABP: 110.00, 2024-08-10 03:44:04
ERROR - 2024-08-10 15:44:04 --> bid calculation Ended auctionItemId:4, 2024-08-10 03:44:04
ERROR - 2024-08-10 15:44:04 --> bid calculation initiated auctionItemId:3, 2024-08-10 03:44:04
ERROR - 2024-08-10 15:44:04 --> Error code 006. HBP:120.00,HABP: 110.00, 2024-08-10 03:44:04
ERROR - 2024-08-10 15:44:04 --> bid calculation Ended auctionItemId:3, 2024-08-10 03:44:04
ERROR - 2024-08-10 15:44:04 --> bid calculation initiated auctionItemId:4, 2024-08-10 03:44:04
ERROR - 2024-08-10 15:44:04 --> Error code 006. HBP:150.00,HABP: 110.00, 2024-08-10 03:44:04
ERROR - 2024-08-10 15:44:04 --> bid calculation Ended auctionItemId:4, 2024-08-10 03:44:04
ERROR - 2024-08-10 15:44:34 --> current items data:[{"id":"3","inward_invoice_id":"V5","inward_item_id":"5","auction_id":"1","lot_no":"3","lot_set":"2","auction_quantity":"8","sample_quantity":"2","auction_each_net":"15","base_price":"100","reverse_price":"105","high_price":"0","valuation_price":"110","last_sold_price":null,"status":"1","is_sold":"0","min_bid_added":"0","is_withdrawn":"0","created_at":"2024-08-10 15:35:52","updated_at":"2024-08-10 15:36:27","created_by":"5","updated_by":"5"},{"id":"4","inward_invoice_id":"S1","inward_item_id":"6","auction_id":"1","lot_no":"4","lot_set":"2","auction_quantity":"5","sample_quantity":"2","auction_each_net":"17","base_price":"100","reverse_price":"105","high_price":"0","valuation_price":"110","last_sold_price":null,"status":"1","is_sold":"0","min_bid_added":"0","is_withdrawn":"0","created_at":"2024-08-10 15:35:52","updated_at":"2024-08-10 15:36:27","created_by":"5","updated_by":"5"}], 2024-08-10 03:44:34
ERROR - 2024-08-10 15:44:34 --> Error code L001. auctionItemId:3, 2024-08-10 03:44:34
ERROR - 2024-08-10 15:44:34 --> bid calculation initiated auctionItemId:3, 2024-08-10 03:44:34
ERROR - 2024-08-10 15:44:34 --> Error code 006. HBP:120.00,HABP: 110.00, 2024-08-10 03:44:34
ERROR - 2024-08-10 15:44:34 --> bid calculation Ended auctionItemId:3, 2024-08-10 03:44:34
ERROR - 2024-08-10 15:44:34 --> Error code L002. auctionItemId:3, 2024-08-10 03:44:34
ERROR - 2024-08-10 15:44:34 --> Error code L003. auctionItemId:3, 2024-08-10 03:44:34
ERROR - 2024-08-10 15:44:34 --> Error code L001. auctionItemId:4, 2024-08-10 03:44:34
ERROR - 2024-08-10 15:44:34 --> bid calculation initiated auctionItemId:4, 2024-08-10 03:44:34
ERROR - 2024-08-10 15:44:34 --> Error code 006. HBP:150.00,HABP: 110.00, 2024-08-10 03:44:34
ERROR - 2024-08-10 15:44:34 --> bid calculation Ended auctionItemId:4, 2024-08-10 03:44:34
ERROR - 2024-08-10 15:44:34 --> Error code L002. auctionItemId:4, 2024-08-10 03:44:34
ERROR - 2024-08-10 15:44:34 --> Error code L003. auctionItemId:4, 2024-08-10 03:44:34
ERROR - 2024-08-10 15:44:35 --> current items data:[], 2024-08-10 03:44:35
ERROR - 2024-08-10 15:45:35 --> bid calculation initiated auctionItemId:5, 2024-08-10 03:45:35
ERROR - 2024-08-10 15:45:35 --> Error code 001. HBP:103.00,HABP: 150.00, 2024-08-10 03:45:35
ERROR - 2024-08-10 15:45:35 --> Error code 002. HBP:103.00,RP: 105, 2024-08-10 03:45:35
ERROR - 2024-08-10 15:45:35 --> bid calculation Ended auctionItemId:5, 2024-08-10 03:45:35
ERROR - 2024-08-10 15:45:35 --> bid calculation initiated auctionItemId:6, 2024-08-10 03:45:35
ERROR - 2024-08-10 15:45:35 --> bid calculation Ended auctionItemId:6, 2024-08-10 03:45:35
ERROR - 2024-08-10 15:45:35 --> bid calculation initiated auctionItemId:5, 2024-08-10 03:45:35
ERROR - 2024-08-10 15:45:35 --> Error code 001. HBP:105.00,HABP: 150.00, 2024-08-10 03:45:35
ERROR - 2024-08-10 15:45:35 --> Error code 002. HBP:105.00,RP: 105, 2024-08-10 03:45:35
ERROR - 2024-08-10 15:45:35 --> bid calculation Ended auctionItemId:5, 2024-08-10 03:45:35
ERROR - 2024-08-10 15:45:35 --> bid calculation initiated auctionItemId:6, 2024-08-10 03:45:35
ERROR - 2024-08-10 15:45:35 --> bid calculation Ended auctionItemId:6, 2024-08-10 03:45:35
ERROR - 2024-08-10 15:46:05 --> current items data:[{"id":"5","inward_invoice_id":"S2","inward_item_id":"7","auction_id":"1","lot_no":"5","lot_set":"3","auction_quantity":"4","sample_quantity":"2","auction_each_net":"7","base_price":"100","reverse_price":"105","high_price":"0","valuation_price":"110","last_sold_price":null,"status":"1","is_sold":"0","min_bid_added":"0","is_withdrawn":"0","created_at":"2024-08-10 15:35:52","updated_at":"2024-08-10 15:36:27","created_by":"5","updated_by":"5"},{"id":"6","inward_invoice_id":"WA1","inward_item_id":"21","auction_id":"1","lot_no":"6","lot_set":"3","auction_quantity":"1","sample_quantity":"0","auction_each_net":"35","base_price":"100","reverse_price":"105","high_price":"0","valuation_price":"110","last_sold_price":null,"status":"1","is_sold":"0","min_bid_added":"0","is_withdrawn":"0","created_at":"2024-08-10 15:35:52","updated_at":"2024-08-10 15:36:27","created_by":"5","updated_by":"5"}], 2024-08-10 03:46:05
ERROR - 2024-08-10 15:46:05 --> Error code L001. auctionItemId:5, 2024-08-10 03:46:05
ERROR - 2024-08-10 15:46:05 --> bid calculation initiated auctionItemId:5, 2024-08-10 03:46:05
ERROR - 2024-08-10 15:46:05 --> Error code 001. HBP:105.00,HABP: 150.00, 2024-08-10 03:46:05
ERROR - 2024-08-10 15:46:05 --> Error code 002. HBP:105.00,RP: 105, 2024-08-10 03:46:05
ERROR - 2024-08-10 15:46:05 --> bid calculation Ended auctionItemId:5, 2024-08-10 03:46:05
ERROR - 2024-08-10 15:46:05 --> Error code L002. auctionItemId:5, 2024-08-10 03:46:05
ERROR - 2024-08-10 15:46:05 --> Error code L003. auctionItemId:5, 2024-08-10 03:46:05
ERROR - 2024-08-10 15:46:05 --> Error code L001. auctionItemId:6, 2024-08-10 03:46:05
ERROR - 2024-08-10 15:46:05 --> bid calculation initiated auctionItemId:6, 2024-08-10 03:46:05
ERROR - 2024-08-10 15:46:05 --> bid calculation Ended auctionItemId:6, 2024-08-10 03:46:05
ERROR - 2024-08-10 15:46:05 --> Error code L002. auctionItemId:6, 2024-08-10 03:46:05
ERROR - 2024-08-10 15:46:05 --> Error code L003. auctionItemId:6, 2024-08-10 03:46:05
ERROR - 2024-08-10 15:46:05 --> current items data:[], 2024-08-10 03:46:05
ERROR - 2024-08-10 15:48:39 --> current items data:[{"id":"7","inward_invoice_id":"WA2","inward_item_id":"22","auction_id":"1","lot_no":"7","lot_set":"4","auction_quantity":"2","sample_quantity":"0","auction_each_net":"5","base_price":"100","reverse_price":"105","high_price":"0","valuation_price":"110","last_sold_price":null,"status":"1","is_sold":"0","min_bid_added":"0","is_withdrawn":"0","created_at":"2024-08-10 15:35:52","updated_at":"2024-08-10 15:36:27","created_by":"5","updated_by":"5"},{"id":"8","inward_invoice_id":"K1","inward_item_id":"16","auction_id":"1","lot_no":"8","lot_set":"4","auction_quantity":"11","sample_quantity":"2","auction_each_net":"2","base_price":"100","reverse_price":"105","high_price":"0","valuation_price":"110","last_sold_price":null,"status":"1","is_sold":"0","min_bid_added":"0","is_withdrawn":"0","created_at":"2024-08-10 15:35:52","updated_at":"2024-08-10 15:36:27","created_by":"5","updated_by":"5"}], 2024-08-10 03:48:39
ERROR - 2024-08-10 15:48:39 --> Error code L001. auctionItemId:7, 2024-08-10 03:48:39
ERROR - 2024-08-10 15:48:39 --> bid calculation initiated auctionItemId:7, 2024-08-10 03:48:39
ERROR - 2024-08-10 15:48:39 --> bid calculation Ended auctionItemId:7, 2024-08-10 03:48:39
ERROR - 2024-08-10 15:48:39 --> Error code L002. auctionItemId:7, 2024-08-10 03:48:39
ERROR - 2024-08-10 15:48:39 --> Error code L003. auctionItemId:7, 2024-08-10 03:48:39
ERROR - 2024-08-10 15:48:39 --> Error code L001. auctionItemId:8, 2024-08-10 03:48:39
ERROR - 2024-08-10 15:48:39 --> bid calculation initiated auctionItemId:8, 2024-08-10 03:48:39
ERROR - 2024-08-10 15:48:39 --> bid calculation Ended auctionItemId:8, 2024-08-10 03:48:39
ERROR - 2024-08-10 15:48:39 --> Error code L002. auctionItemId:8, 2024-08-10 03:48:39
ERROR - 2024-08-10 15:48:39 --> Error code L003. auctionItemId:8, 2024-08-10 03:48:39
ERROR - 2024-08-10 15:48:39 --> current items data:[], 2024-08-10 03:48:39
ERROR - 2024-08-10 17:05:53 --> mysqli_sql_exception: Unknown column 'invoice_item_id.qty' in 'field list' in /var/www/eazyhosting.in/public_html/api/system/Database/MySQLi/Connection.php:306
Stack trace:
#0 /var/www/eazyhosting.in/public_html/api/system/Database/MySQLi/Connection.php(306): mysqli->query('SELECT `deliver...', 0)
#1 /var/www/eazyhosting.in/public_html/api/system/Database/BaseConnection.php(693): CodeIgniter\Database\MySQLi\Connection->execute('SELECT `deliver...')
#2 /var/www/eazyhosting.in/public_html/api/system/Database/BaseConnection.php(607): CodeIgniter\Database\BaseConnection->simpleQuery('SELECT `deliver...')
#3 /var/www/eazyhosting.in/public_html/api/system/Database/BaseBuilder.php(1616): CodeIgniter\Database\BaseConnection->query('SELECT `deliver...', Array, false)
#4 /var/www/eazyhosting.in/public_html/api/system/Model.php(242): CodeIgniter\Database\BaseBuilder->get()
#5 /var/www/eazyhosting.in/public_html/api/system/BaseModel.php(638): CodeIgniter\Model->doFindAll(0, 0)
#6 /var/www/eazyhosting.in/public_html/api/app/Controllers/Deliverymanagement.php(60): CodeIgniter\BaseModel->findAll()
#7 /var/www/eazyhosting.in/public_html/api/system/CodeIgniter.php(941): App\Controllers\Deliverymanagement->getDeliveryItems()
#8 /var/www/eazyhosting.in/public_html/api/system/CodeIgniter.php(502): CodeIgniter\CodeIgniter->runController(Object(App\Controllers\Deliverymanagement))
#9 /var/www/eazyhosting.in/public_html/api/system/CodeIgniter.php(361): CodeIgniter\CodeIgniter->handleRequest(NULL, Object(Config\Cache), false)
#10 /var/www/eazyhosting.in/public_html/api/public/index.php(79): CodeIgniter\CodeIgniter->run()
#11 {main}
CRITICAL - 2024-08-10 17:05:53 --> CodeIgniter\Database\Exceptions\DatabaseException: Unknown column 'invoice_item_id.qty' in 'field list'
in SYSTEMPATH/Database/BaseConnection.php on line 647.
 1 SYSTEMPATH/Database/BaseBuilder.php(1616): CodeIgniter\Database\BaseConnection->query('SELECT `delivery_items`.*, `invoice_item`.`id` AS `invoice_item_id`, `invoice_item_id`.`qty` AS `inv_qty`, `invoice_item`.*
FROM `delivery_items`
LEFT JOIN `auction_items` ON `delivery_items`.`auction_item_id` = `auction_items`.`id`
LEFT JOIN `invoice_item` ON `invoice_item`.`auction_item_id` = `auction_items`.`id`
WHERE `delivery_items`.`receipt_id` = :delivery_items.receipt_id:', [...], false)
 2 SYSTEMPATH/Model.php(242): CodeIgniter\Database\BaseBuilder->get()
 3 SYSTEMPATH/BaseModel.php(638): CodeIgniter\Model->doFindAll(0, 0)
 4 APPPATH/Controllers/Deliverymanagement.php(60): CodeIgniter\BaseModel->findAll()
 5 SYSTEMPATH/CodeIgniter.php(941): App\Controllers\Deliverymanagement->getDeliveryItems()
 6 SYSTEMPATH/CodeIgniter.php(502): CodeIgniter\CodeIgniter->runController(Object(App\Controllers\Deliverymanagement))
 7 SYSTEMPATH/CodeIgniter.php(361): CodeIgniter\CodeIgniter->handleRequest(null, Object(Config\Cache), false)
 8 FCPATH/index.php(79): CodeIgniter\CodeIgniter->run()
CRITICAL - 2024-08-10 17:05:53 --> [Caused by] CodeIgniter\Database\Exceptions\DatabaseException: Unknown column 'invoice_item_id.qty' in 'field list'
in SYSTEMPATH/Database/MySQLi/Connection.php on line 311.
 1 SYSTEMPATH/Database/BaseConnection.php(693): CodeIgniter\Database\MySQLi\Connection->execute('SELECT `delivery_items`.*, `invoice_item`.`id` AS `invoice_item_id`, `invoice_item_id`.`qty` AS `inv_qty`, `invoice_item`.*
FROM `delivery_items`
LEFT JOIN `auction_items` ON `delivery_items`.`auction_item_id` = `auction_items`.`id`
LEFT JOIN `invoice_item` ON `invoice_item`.`auction_item_id` = `auction_items`.`id`
WHERE `delivery_items`.`receipt_id` = \'1\'')
 2 SYSTEMPATH/Database/BaseConnection.php(607): CodeIgniter\Database\BaseConnection->simpleQuery('SELECT `delivery_items`.*, `invoice_item`.`id` AS `invoice_item_id`, `invoice_item_id`.`qty` AS `inv_qty`, `invoice_item`.*
FROM `delivery_items`
LEFT JOIN `auction_items` ON `delivery_items`.`auction_item_id` = `auction_items`.`id`
LEFT JOIN `invoice_item` ON `invoice_item`.`auction_item_id` = `auction_items`.`id`
WHERE `delivery_items`.`receipt_id` = \'1\'')
 3 SYSTEMPATH/Database/BaseBuilder.php(1616): CodeIgniter\Database\BaseConnection->query('SELECT `delivery_items`.*, `invoice_item`.`id` AS `invoice_item_id`, `invoice_item_id`.`qty` AS `inv_qty`, `invoice_item`.*
FROM `delivery_items`
LEFT JOIN `auction_items` ON `delivery_items`.`auction_item_id` = `auction_items`.`id`
LEFT JOIN `invoice_item` ON `invoice_item`.`auction_item_id` = `auction_items`.`id`
WHERE `delivery_items`.`receipt_id` = :delivery_items.receipt_id:', [...], false)
 4 SYSTEMPATH/Model.php(242): CodeIgniter\Database\BaseBuilder->get()
 5 SYSTEMPATH/BaseModel.php(638): CodeIgniter\Model->doFindAll(0, 0)
 6 APPPATH/Controllers/Deliverymanagement.php(60): CodeIgniter\BaseModel->findAll()
 7 SYSTEMPATH/CodeIgniter.php(941): App\Controllers\Deliverymanagement->getDeliveryItems()
 8 SYSTEMPATH/CodeIgniter.php(502): CodeIgniter\CodeIgniter->runController(Object(App\Controllers\Deliverymanagement))
 9 SYSTEMPATH/CodeIgniter.php(361): CodeIgniter\CodeIgniter->handleRequest(null, Object(Config\Cache), false)
10 FCPATH/index.php(79): CodeIgniter\CodeIgniter->run()
CRITICAL - 2024-08-10 17:05:53 --> [Caused by] mysqli_sql_exception: Unknown column 'invoice_item_id.qty' in 'field list'
in SYSTEMPATH/Database/MySQLi/Connection.php on line 306.
 1 SYSTEMPATH/Database/MySQLi/Connection.php(306): mysqli->query('SELECT `delivery_items`.*, `invoice_item`.`id` AS `invoice_item_id`, `invoice_item_id`.`qty` AS `inv_qty`, `invoice_item`.*
FROM `delivery_items`
LEFT JOIN `auction_items` ON `delivery_items`.`auction_item_id` = `auction_items`.`id`
LEFT JOIN `invoice_item` ON `invoice_item`.`auction_item_id` = `auction_items`.`id`
WHERE `delivery_items`.`receipt_id` = \'1\'', 0)
 2 SYSTEMPATH/Database/BaseConnection.php(693): CodeIgniter\Database\MySQLi\Connection->execute('SELECT `delivery_items`.*, `invoice_item`.`id` AS `invoice_item_id`, `invoice_item_id`.`qty` AS `inv_qty`, `invoice_item`.*
FROM `delivery_items`
LEFT JOIN `auction_items` ON `delivery_items`.`auction_item_id` = `auction_items`.`id`
LEFT JOIN `invoice_item` ON `invoice_item`.`auction_item_id` = `auction_items`.`id`
WHERE `delivery_items`.`receipt_id` = \'1\'')
 3 SYSTEMPATH/Database/BaseConnection.php(607): CodeIgniter\Database\BaseConnection->simpleQuery('SELECT `delivery_items`.*, `invoice_item`.`id` AS `invoice_item_id`, `invoice_item_id`.`qty` AS `inv_qty`, `invoice_item`.*
FROM `delivery_items`
LEFT JOIN `auction_items` ON `delivery_items`.`auction_item_id` = `auction_items`.`id`
LEFT JOIN `invoice_item` ON `invoice_item`.`auction_item_id` = `auction_items`.`id`
WHERE `delivery_items`.`receipt_id` = \'1\'')
 4 SYSTEMPATH/Database/BaseBuilder.php(1616): CodeIgniter\Database\BaseConnection->query('SELECT `delivery_items`.*, `invoice_item`.`id` AS `invoice_item_id`, `invoice_item_id`.`qty` AS `inv_qty`, `invoice_item`.*
FROM `delivery_items`
LEFT JOIN `auction_items` ON `delivery_items`.`auction_item_id` = `auction_items`.`id`
LEFT JOIN `invoice_item` ON `invoice_item`.`auction_item_id` = `auction_items`.`id`
WHERE `delivery_items`.`receipt_id` = :delivery_items.receipt_id:', [...], false)
 5 SYSTEMPATH/Model.php(242): CodeIgniter\Database\BaseBuilder->get()
 6 SYSTEMPATH/BaseModel.php(638): CodeIgniter\Model->doFindAll(0, 0)
 7 APPPATH/Controllers/Deliverymanagement.php(60): CodeIgniter\BaseModel->findAll()
 8 SYSTEMPATH/CodeIgniter.php(941): App\Controllers\Deliverymanagement->getDeliveryItems()
 9 SYSTEMPATH/CodeIgniter.php(502): CodeIgniter\CodeIgniter->runController(Object(App\Controllers\Deliverymanagement))
10 SYSTEMPATH/CodeIgniter.php(361): CodeIgniter\CodeIgniter->handleRequest(null, Object(Config\Cache), false)
11 FCPATH/index.php(79): CodeIgniter\CodeIgniter->run()
