CRITICAL - 2024-06-03 12:27:05 --> ErrorException: Trying to access array offset on value of type null
in APPPATH/Controllers/Deliverymanagement.php on line 103.
 1 APPPATH/Controllers/Deliverymanagement.php(103): CodeIgniter\Debug\Exceptions->errorHandler(2, 'Trying to access array offset on value of type null', '/var/www/eazyhosting.in/public_html/api/app/Controllers/Deliverymanagement.php', 103)
 2 SYSTEMPATH/CodeIgniter.php(941): App\Controllers\Deliverymanagement->updateStock()
 3 SYSTEMPATH/CodeIgniter.php(502): CodeIgniter\CodeIgniter->runController(Object(App\Controllers\Deliverymanagement))
 4 SYSTEMPATH/CodeIgniter.php(361): CodeIgniter\CodeIgniter->handleRequest(null, Object(Config\Cache), false)
 5 FCPATH/index.php(79): CodeIgniter\CodeIgniter->run()
CRITICAL - 2024-06-03 12:30:27 --> Error: Object of class App\Controllers\Deliverymanagement could not be converted to string
in APPPATH/Controllers/Deliverymanagement.php on line 102.
 1 SYSTEMPATH/CodeIgniter.php(941): App\Controllers\Deliverymanagement->updateStock()
 2 SYSTEMPATH/CodeIgniter.php(502): CodeIgniter\CodeIgniter->runController(Object(App\Controllers\Deliverymanagement))
 3 SYSTEMPATH/CodeIgniter.php(361): CodeIgniter\CodeIgniter->handleRequest(null, Object(Config\Cache), false)
 4 FCPATH/index.php(79): CodeIgniter\CodeIgniter->run()
CRITICAL - 2024-06-03 12:31:07 --> Error: Object of class App\Controllers\Deliverymanagement could not be converted to string
in APPPATH/Controllers/Deliverymanagement.php on line 101.
 1 SYSTEMPATH/CodeIgniter.php(941): App\Controllers\Deliverymanagement->updateStock()
 2 SYSTEMPATH/CodeIgniter.php(502): CodeIgniter\CodeIgniter->runController(Object(App\Controllers\Deliverymanagement))
 3 SYSTEMPATH/CodeIgniter.php(361): CodeIgniter\CodeIgniter->handleRequest(null, Object(Config\Cache), false)
 4 FCPATH/index.php(79): CodeIgniter\CodeIgniter->run()
CRITICAL - 2024-06-03 12:31:49 --> Error: Object of class stdClass could not be converted to string
in APPPATH/Controllers/Deliverymanagement.php on line 101.
 1 SYSTEMPATH/CodeIgniter.php(941): App\Controllers\Deliverymanagement->updateStock()
 2 SYSTEMPATH/CodeIgniter.php(502): CodeIgniter\CodeIgniter->runController(Object(App\Controllers\Deliverymanagement))
 3 SYSTEMPATH/CodeIgniter.php(361): CodeIgniter\CodeIgniter->handleRequest(null, Object(Config\Cache), false)
 4 FCPATH/index.php(79): CodeIgniter\CodeIgniter->run()
CRITICAL - 2024-06-03 12:36:58 --> ErrorException: Undefined array key 2
in APPPATH/Controllers/Deliverymanagement.php on line 109.
 1 APPPATH/Controllers/Deliverymanagement.php(109): CodeIgniter\Debug\Exceptions->errorHandler(2, 'Undefined array key 2', '/var/www/eazyhosting.in/public_html/api/app/Controllers/Deliverymanagement.php', 109)
 2 SYSTEMPATH/CodeIgniter.php(941): App\Controllers\Deliverymanagement->updateStock()
 3 SYSTEMPATH/CodeIgniter.php(502): CodeIgniter\CodeIgniter->runController(Object(App\Controllers\Deliverymanagement))
 4 SYSTEMPATH/CodeIgniter.php(361): CodeIgniter\CodeIgniter->handleRequest(null, Object(Config\Cache), false)
 5 FCPATH/index.php(79): CodeIgniter\CodeIgniter->run()
CRITICAL - 2024-06-03 12:38:18 --> ErrorException: Uninitialized string offset 1
in APPPATH/Controllers/Deliverymanagement.php on line 121.
 1 APPPATH/Controllers/Deliverymanagement.php(121): CodeIgniter\Debug\Exceptions->errorHandler(2, 'Uninitialized string offset 1', '/var/www/eazyhosting.in/public_html/api/app/Controllers/Deliverymanagement.php', 121)
 2 SYSTEMPATH/CodeIgniter.php(941): App\Controllers\Deliverymanagement->updateStock()
 3 SYSTEMPATH/CodeIgniter.php(502): CodeIgniter\CodeIgniter->runController(Object(App\Controllers\Deliverymanagement))
 4 SYSTEMPATH/CodeIgniter.php(361): CodeIgniter\CodeIgniter->handleRequest(null, Object(Config\Cache), false)
 5 FCPATH/index.php(79): CodeIgniter\CodeIgniter->run()
CRITICAL - 2024-06-03 12:40:37 --> ErrorException: Trying to access array offset on value of type null
in APPPATH/Controllers/Deliverymanagement.php on line 109.
 1 APPPATH/Controllers/Deliverymanagement.php(109): CodeIgniter\Debug\Exceptions->errorHandler(2, 'Trying to access array offset on value of type null', '/var/www/eazyhosting.in/public_html/api/app/Controllers/Deliverymanagement.php', 109)
 2 SYSTEMPATH/CodeIgniter.php(941): App\Controllers\Deliverymanagement->updateStock()
 3 SYSTEMPATH/CodeIgniter.php(502): CodeIgniter\CodeIgniter->runController(Object(App\Controllers\Deliverymanagement))
 4 SYSTEMPATH/CodeIgniter.php(361): CodeIgniter\CodeIgniter->handleRequest(null, Object(Config\Cache), false)
 5 FCPATH/index.php(79): CodeIgniter\CodeIgniter->run()
CRITICAL - 2024-06-03 12:42:01 --> ErrorException: Undefined array key 0
in APPPATH/Controllers/BuyerDashboard.php on line 353.
 1 APPPATH/Controllers/BuyerDashboard.php(353): CodeIgniter\Debug\Exceptions->errorHandler(2, 'Undefined array key 0', '/var/www/eazyhosting.in/public_html/api/app/Controllers/BuyerDashboard.php', 353)
 2 SYSTEMPATH/CodeIgniter.php(941): App\Controllers\BuyerDashboard->getAuctionItemsByAuction('6', '1')
 3 SYSTEMPATH/CodeIgniter.php(502): CodeIgniter\CodeIgniter->runController(Object(App\Controllers\BuyerDashboard))
 4 SYSTEMPATH/CodeIgniter.php(361): CodeIgniter\CodeIgniter->handleRequest(null, Object(Config\Cache), false)
 5 FCPATH/index.php(79): CodeIgniter\CodeIgniter->run()
CRITICAL - 2024-06-03 12:44:14 --> ErrorException: Undefined variable $data
in APPPATH/Controllers/Cart.php on line 500.
 1 APPPATH/Controllers/Cart.php(500): CodeIgniter\Debug\Exceptions->errorHandler(2, 'Undefined variable $data', '/var/www/eazyhosting.in/public_html/api/app/Controllers/Cart.php', 500)
 2 SYSTEMPATH/CodeIgniter.php(941): App\Controllers\Cart->auctiongardenlist()
 3 SYSTEMPATH/CodeIgniter.php(502): CodeIgniter\CodeIgniter->runController(Object(App\Controllers\Cart))
 4 SYSTEMPATH/CodeIgniter.php(361): CodeIgniter\CodeIgniter->handleRequest(null, Object(Config\Cache), false)
 5 FCPATH/index.php(79): CodeIgniter\CodeIgniter->run()
CRITICAL - 2024-06-03 12:44:21 --> ErrorException: Trying to access array offset on value of type null
in APPPATH/Controllers/Deliverymanagement.php on line 109.
 1 APPPATH/Controllers/Deliverymanagement.php(109): CodeIgniter\Debug\Exceptions->errorHandler(2, 'Trying to access array offset on value of type null', '/var/www/eazyhosting.in/public_html/api/app/Controllers/Deliverymanagement.php', 109)
 2 SYSTEMPATH/CodeIgniter.php(941): App\Controllers\Deliverymanagement->updateStock()
 3 SYSTEMPATH/CodeIgniter.php(502): CodeIgniter\CodeIgniter->runController(Object(App\Controllers\Deliverymanagement))
 4 SYSTEMPATH/CodeIgniter.php(361): CodeIgniter\CodeIgniter->handleRequest(null, Object(Config\Cache), false)
 5 FCPATH/index.php(79): CodeIgniter\CodeIgniter->run()
CRITICAL - 2024-06-03 12:45:28 --> ErrorException: foreach() argument must be of type array|object, null given
in APPPATH/Controllers/Cart.php on line 476.
 1 APPPATH/Controllers/Cart.php(476): CodeIgniter\Debug\Exceptions->errorHandler(2, 'foreach() argument must be of type array|object, null given', '/var/www/eazyhosting.in/public_html/api/app/Controllers/Cart.php', 476)
 2 SYSTEMPATH/CodeIgniter.php(941): App\Controllers\Cart->auctiongardenlist()
 3 SYSTEMPATH/CodeIgniter.php(502): CodeIgniter\CodeIgniter->runController(Object(App\Controllers\Cart))
 4 SYSTEMPATH/CodeIgniter.php(361): CodeIgniter\CodeIgniter->handleRequest(null, Object(Config\Cache), false)
 5 FCPATH/index.php(79): CodeIgniter\CodeIgniter->run()
