CRITICAL - 2024-05-24 12:16:17 --> ErrorException: Undefined variable $data
in APPPATH/Controllers/Cart.php on line 500.
 1 APPPATH/Controllers/Cart.php(500): CodeIgniter\Debug\Exceptions->errorHandler(2, 'Undefined variable $data', '/var/www/eazyhosting.in/public_html/api/app/Controllers/Cart.php', 500)
 2 SYSTEMPATH/CodeIgniter.php(941): App\Controllers\Cart->auctiongardenlist()
 3 SYSTEMPATH/CodeIgniter.php(502): CodeIgniter\CodeIgniter->runController(Object(App\Controllers\Cart))
 4 SYSTEMPATH/CodeIgniter.php(361): CodeIgniter\CodeIgniter->handleRequest(null, Object(Config\Cache), false)
 5 FCPATH/index.php(79): CodeIgniter\CodeIgniter->run()
CRITICAL - 2024-05-24 17:36:51 --> ErrorException: Undefined variable $data
in APPPATH/Controllers/Cart.php on line 500.
 1 APPPATH/Controllers/Cart.php(500): CodeIgniter\Debug\Exceptions->errorHandler(2, 'Undefined variable $data', '/var/www/eazyhosting.in/public_html/api/app/Controllers/Cart.php', 500)
 2 SYSTEMPATH/CodeIgniter.php(941): App\Controllers\Cart->auctiongardenlist()
 3 SYSTEMPATH/CodeIgniter.php(502): CodeIgniter\CodeIgniter->runController(Object(App\Controllers\Cart))
 4 SYSTEMPATH/CodeIgniter.php(361): CodeIgniter\CodeIgniter->handleRequest(null, Object(Config\Cache), false)
 5 FCPATH/index.php(79): CodeIgniter\CodeIgniter->run()
CRITICAL - 2024-05-24 17:47:04 --> ErrorException: foreach() argument must be of type array|object, null given
in APPPATH/Controllers/Cart.php on line 476.
 1 APPPATH/Controllers/Cart.php(476): CodeIgniter\Debug\Exceptions->errorHandler(2, 'foreach() argument must be of type array|object, null given', '/var/www/eazyhosting.in/public_html/api/app/Controllers/Cart.php', 476)
 2 SYSTEMPATH/CodeIgniter.php(941): App\Controllers\Cart->auctiongardenlist()
 3 SYSTEMPATH/CodeIgniter.php(502): CodeIgniter\CodeIgniter->runController(Object(App\Controllers\Cart))
 4 SYSTEMPATH/CodeIgniter.php(361): CodeIgniter\CodeIgniter->handleRequest(null, Object(Config\Cache), false)
 5 FCPATH/index.php(79): CodeIgniter\CodeIgniter->run()
CRITICAL - 2024-05-24 17:47:24 --> ErrorException: foreach() argument must be of type array|object, null given
in APPPATH/Controllers/Cart.php on line 476.
 1 APPPATH/Controllers/Cart.php(476): CodeIgniter\Debug\Exceptions->errorHandler(2, 'foreach() argument must be of type array|object, null given', '/var/www/eazyhosting.in/public_html/api/app/Controllers/Cart.php', 476)
 2 SYSTEMPATH/CodeIgniter.php(941): App\Controllers\Cart->auctiongardenlist()
 3 SYSTEMPATH/CodeIgniter.php(502): CodeIgniter\CodeIgniter->runController(Object(App\Controllers\Cart))
 4 SYSTEMPATH/CodeIgniter.php(361): CodeIgniter\CodeIgniter->handleRequest(null, Object(Config\Cache), false)
 5 FCPATH/index.php(79): CodeIgniter\CodeIgniter->run()
CRITICAL - 2024-05-24 17:47:42 --> ErrorException: foreach() argument must be of type array|object, null given
in APPPATH/Controllers/Cart.php on line 476.
 1 APPPATH/Controllers/Cart.php(476): CodeIgniter\Debug\Exceptions->errorHandler(2, 'foreach() argument must be of type array|object, null given', '/var/www/eazyhosting.in/public_html/api/app/Controllers/Cart.php', 476)
 2 SYSTEMPATH/CodeIgniter.php(941): App\Controllers\Cart->auctiongardenlist()
 3 SYSTEMPATH/CodeIgniter.php(502): CodeIgniter\CodeIgniter->runController(Object(App\Controllers\Cart))
 4 SYSTEMPATH/CodeIgniter.php(361): CodeIgniter\CodeIgniter->handleRequest(null, Object(Config\Cache), false)
 5 FCPATH/index.php(79): CodeIgniter\CodeIgniter->run()
CRITICAL - 2024-05-24 17:47:53 --> ErrorException: foreach() argument must be of type array|object, null given
in APPPATH/Controllers/Cart.php on line 476.
 1 APPPATH/Controllers/Cart.php(476): CodeIgniter\Debug\Exceptions->errorHandler(2, 'foreach() argument must be of type array|object, null given', '/var/www/eazyhosting.in/public_html/api/app/Controllers/Cart.php', 476)
 2 SYSTEMPATH/CodeIgniter.php(941): App\Controllers\Cart->auctiongardenlist()
 3 SYSTEMPATH/CodeIgniter.php(502): CodeIgniter\CodeIgniter->runController(Object(App\Controllers\Cart))
 4 SYSTEMPATH/CodeIgniter.php(361): CodeIgniter\CodeIgniter->handleRequest(null, Object(Config\Cache), false)
 5 FCPATH/index.php(79): CodeIgniter\CodeIgniter->run()
CRITICAL - 2024-05-24 17:48:00 --> ErrorException: foreach() argument must be of type array|object, null given
in APPPATH/Controllers/Cart.php on line 476.
 1 APPPATH/Controllers/Cart.php(476): CodeIgniter\Debug\Exceptions->errorHandler(2, 'foreach() argument must be of type array|object, null given', '/var/www/eazyhosting.in/public_html/api/app/Controllers/Cart.php', 476)
 2 SYSTEMPATH/CodeIgniter.php(941): App\Controllers\Cart->auctiongardenlist()
 3 SYSTEMPATH/CodeIgniter.php(502): CodeIgniter\CodeIgniter->runController(Object(App\Controllers\Cart))
 4 SYSTEMPATH/CodeIgniter.php(361): CodeIgniter\CodeIgniter->handleRequest(null, Object(Config\Cache), false)
 5 FCPATH/index.php(79): CodeIgniter\CodeIgniter->run()
CRITICAL - 2024-05-24 18:18:52 --> ErrorException: Undefined variable $data
in APPPATH/Controllers/Cart.php on line 500.
 1 APPPATH/Controllers/Cart.php(500): CodeIgniter\Debug\Exceptions->errorHandler(2, 'Undefined variable $data', '/var/www/eazyhosting.in/public_html/api/app/Controllers/Cart.php', 500)
 2 SYSTEMPATH/CodeIgniter.php(941): App\Controllers\Cart->auctiongardenlist()
 3 SYSTEMPATH/CodeIgniter.php(502): CodeIgniter\CodeIgniter->runController(Object(App\Controllers\Cart))
 4 SYSTEMPATH/CodeIgniter.php(361): CodeIgniter\CodeIgniter->handleRequest(null, Object(Config\Cache), false)
 5 FCPATH/index.php(79): CodeIgniter\CodeIgniter->run()
CRITICAL - 2024-05-24 18:19:23 --> ErrorException: foreach() argument must be of type array|object, null given
in APPPATH/Controllers/Cart.php on line 476.
 1 APPPATH/Controllers/Cart.php(476): CodeIgniter\Debug\Exceptions->errorHandler(2, 'foreach() argument must be of type array|object, null given', '/var/www/eazyhosting.in/public_html/api/app/Controllers/Cart.php', 476)
 2 SYSTEMPATH/CodeIgniter.php(941): App\Controllers\Cart->auctiongardenlist()
 3 SYSTEMPATH/CodeIgniter.php(502): CodeIgniter\CodeIgniter->runController(Object(App\Controllers\Cart))
 4 SYSTEMPATH/CodeIgniter.php(361): CodeIgniter\CodeIgniter->handleRequest(null, Object(Config\Cache), false)
 5 FCPATH/index.php(79): CodeIgniter\CodeIgniter->run()
