CRITICAL - 2024-09-21 10:12:29 --> ErrorException: Undefined variable $auction_data
in APPPATH/Controllers/Cart.php on line 427.
 1 APPPATH/Controllers/Cart.php(427): CodeIgniter\Debug\Exceptions->errorHandler(2, 'Undefined variable $auction_data', '/var/www/eazyhosting.in/public_html/api/app/Controllers/Cart.php', 427)
 2 SYSTEMPATH/CodeIgniter.php(941): App\Controllers\Cart->auctiongardenlist()
 3 SYSTEMPATH/CodeIgniter.php(502): CodeIgniter\CodeIgniter->runController(Object(App\Controllers\Cart))
 4 SYSTEMPATH/CodeIgniter.php(361): CodeIgniter\CodeIgniter->handleRequest(null, Object(Config\Cache), false)
 5 FCPATH/index.php(79): CodeIgniter\CodeIgniter->run()
CRITICAL - 2024-09-21 10:13:21 --> ErrorException: Undefined variable $auction_data
in APPPATH/Controllers/Cart.php on line 427.
 1 APPPATH/Controllers/Cart.php(427): CodeIgniter\Debug\Exceptions->errorHandler(2, 'Undefined variable $auction_data', '/var/www/eazyhosting.in/public_html/api/app/Controllers/Cart.php', 427)
 2 SYSTEMPATH/CodeIgniter.php(941): App\Controllers\Cart->auctiongardenlist()
 3 SYSTEMPATH/CodeIgniter.php(502): CodeIgniter\CodeIgniter->runController(Object(App\Controllers\Cart))
 4 SYSTEMPATH/CodeIgniter.php(361): CodeIgniter\CodeIgniter->handleRequest(null, Object(Config\Cache), false)
 5 FCPATH/index.php(79): CodeIgniter\CodeIgniter->run()
CRITICAL - 2024-09-21 10:13:33 --> ErrorException: Undefined variable $auction_data
in APPPATH/Controllers/Cart.php on line 427.
 1 APPPATH/Controllers/Cart.php(427): CodeIgniter\Debug\Exceptions->errorHandler(2, 'Undefined variable $auction_data', '/var/www/eazyhosting.in/public_html/api/app/Controllers/Cart.php', 427)
 2 SYSTEMPATH/CodeIgniter.php(941): App\Controllers\Cart->auctiongardenlist()
 3 SYSTEMPATH/CodeIgniter.php(502): CodeIgniter\CodeIgniter->runController(Object(App\Controllers\Cart))
 4 SYSTEMPATH/CodeIgniter.php(361): CodeIgniter\CodeIgniter->handleRequest(null, Object(Config\Cache), false)
 5 FCPATH/index.php(79): CodeIgniter\CodeIgniter->run()
CRITICAL - 2024-09-21 10:13:35 --> ErrorException: Undefined variable $auction_data
in APPPATH/Controllers/Cart.php on line 427.
 1 APPPATH/Controllers/Cart.php(427): CodeIgniter\Debug\Exceptions->errorHandler(2, 'Undefined variable $auction_data', '/var/www/eazyhosting.in/public_html/api/app/Controllers/Cart.php', 427)
 2 SYSTEMPATH/CodeIgniter.php(941): App\Controllers\Cart->auctiongardenlist()
 3 SYSTEMPATH/CodeIgniter.php(502): CodeIgniter\CodeIgniter->runController(Object(App\Controllers\Cart))
 4 SYSTEMPATH/CodeIgniter.php(361): CodeIgniter\CodeIgniter->handleRequest(null, Object(Config\Cache), false)
 5 FCPATH/index.php(79): CodeIgniter\CodeIgniter->run()
CRITICAL - 2024-09-21 10:13:38 --> ErrorException: Undefined variable $auction_data
in APPPATH/Controllers/Cart.php on line 427.
 1 APPPATH/Controllers/Cart.php(427): CodeIgniter\Debug\Exceptions->errorHandler(2, 'Undefined variable $auction_data', '/var/www/eazyhosting.in/public_html/api/app/Controllers/Cart.php', 427)
 2 SYSTEMPATH/CodeIgniter.php(941): App\Controllers\Cart->auctiongardenlist()
 3 SYSTEMPATH/CodeIgniter.php(502): CodeIgniter\CodeIgniter->runController(Object(App\Controllers\Cart))
 4 SYSTEMPATH/CodeIgniter.php(361): CodeIgniter\CodeIgniter->handleRequest(null, Object(Config\Cache), false)
 5 FCPATH/index.php(79): CodeIgniter\CodeIgniter->run()
CRITICAL - 2024-09-21 10:13:40 --> ErrorException: Undefined variable $auction_data
in APPPATH/Controllers/Cart.php on line 427.
 1 APPPATH/Controllers/Cart.php(427): CodeIgniter\Debug\Exceptions->errorHandler(2, 'Undefined variable $auction_data', '/var/www/eazyhosting.in/public_html/api/app/Controllers/Cart.php', 427)
 2 SYSTEMPATH/CodeIgniter.php(941): App\Controllers\Cart->auctiongardenlist()
 3 SYSTEMPATH/CodeIgniter.php(502): CodeIgniter\CodeIgniter->runController(Object(App\Controllers\Cart))
 4 SYSTEMPATH/CodeIgniter.php(361): CodeIgniter\CodeIgniter->handleRequest(null, Object(Config\Cache), false)
 5 FCPATH/index.php(79): CodeIgniter\CodeIgniter->run()
CRITICAL - 2024-09-21 10:13:43 --> ErrorException: Undefined variable $auction_data
in APPPATH/Controllers/Cart.php on line 427.
 1 APPPATH/Controllers/Cart.php(427): CodeIgniter\Debug\Exceptions->errorHandler(2, 'Undefined variable $auction_data', '/var/www/eazyhosting.in/public_html/api/app/Controllers/Cart.php', 427)
 2 SYSTEMPATH/CodeIgniter.php(941): App\Controllers\Cart->auctiongardenlist()
 3 SYSTEMPATH/CodeIgniter.php(502): CodeIgniter\CodeIgniter->runController(Object(App\Controllers\Cart))
 4 SYSTEMPATH/CodeIgniter.php(361): CodeIgniter\CodeIgniter->handleRequest(null, Object(Config\Cache), false)
 5 FCPATH/index.php(79): CodeIgniter\CodeIgniter->run()
CRITICAL - 2024-09-21 10:14:12 --> ErrorException: Undefined variable $auction_data
in APPPATH/Controllers/Cart.php on line 427.
 1 APPPATH/Controllers/Cart.php(427): CodeIgniter\Debug\Exceptions->errorHandler(2, 'Undefined variable $auction_data', '/var/www/eazyhosting.in/public_html/api/app/Controllers/Cart.php', 427)
 2 SYSTEMPATH/CodeIgniter.php(941): App\Controllers\Cart->auctiongardenlist()
 3 SYSTEMPATH/CodeIgniter.php(502): CodeIgniter\CodeIgniter->runController(Object(App\Controllers\Cart))
 4 SYSTEMPATH/CodeIgniter.php(361): CodeIgniter\CodeIgniter->handleRequest(null, Object(Config\Cache), false)
 5 FCPATH/index.php(79): CodeIgniter\CodeIgniter->run()
CRITICAL - 2024-09-21 10:14:25 --> ErrorException: Undefined variable $auction_data
in APPPATH/Controllers/Cart.php on line 427.
 1 APPPATH/Controllers/Cart.php(427): CodeIgniter\Debug\Exceptions->errorHandler(2, 'Undefined variable $auction_data', '/var/www/eazyhosting.in/public_html/api/app/Controllers/Cart.php', 427)
 2 SYSTEMPATH/CodeIgniter.php(941): App\Controllers\Cart->auctiongardenlist()
 3 SYSTEMPATH/CodeIgniter.php(502): CodeIgniter\CodeIgniter->runController(Object(App\Controllers\Cart))
 4 SYSTEMPATH/CodeIgniter.php(361): CodeIgniter\CodeIgniter->handleRequest(null, Object(Config\Cache), false)
 5 FCPATH/index.php(79): CodeIgniter\CodeIgniter->run()
CRITICAL - 2024-09-21 10:14:28 --> ErrorException: Undefined variable $auction_data
in APPPATH/Controllers/Cart.php on line 427.
 1 APPPATH/Controllers/Cart.php(427): CodeIgniter\Debug\Exceptions->errorHandler(2, 'Undefined variable $auction_data', '/var/www/eazyhosting.in/public_html/api/app/Controllers/Cart.php', 427)
 2 SYSTEMPATH/CodeIgniter.php(941): App\Controllers\Cart->auctiongardenlist()
 3 SYSTEMPATH/CodeIgniter.php(502): CodeIgniter\CodeIgniter->runController(Object(App\Controllers\Cart))
 4 SYSTEMPATH/CodeIgniter.php(361): CodeIgniter\CodeIgniter->handleRequest(null, Object(Config\Cache), false)
 5 FCPATH/index.php(79): CodeIgniter\CodeIgniter->run()
ERROR - 2024-09-21 10:27:15 --> E001 - 2024-09-21 10:27:15
ERROR - 2024-09-21 10:27:15 --> E001 - 2024-09-21 10:27:15
ERROR - 2024-09-21 10:29:44 --> current items data:[{"id":"91","inward_invoice_id":"K2","inward_item_id":"17","auction_id":"21","lot_no":"1","lot_set":"1","auction_quantity":"2","sample_quantity":"1","auction_each_net":"8","base_price":"100","reverse_price":"105","high_price":"0","valuation_price":"110","last_sold_price":null,"status":"1","is_sold":"0","min_bid_added":"0","is_withdrawn":"0","created_at":"2024-09-21 10:14:35","updated_at":"2024-09-21 10:15:13","created_by":"5","updated_by":"5"},{"id":"92","inward_invoice_id":"K3","inward_item_id":"18","auction_id":"21","lot_no":"2","lot_set":"1","auction_quantity":"2","sample_quantity":"1","auction_each_net":"4","base_price":"100","reverse_price":"105","high_price":"0","valuation_price":"110","last_sold_price":null,"status":"1","is_sold":"0","min_bid_added":"0","is_withdrawn":"0","created_at":"2024-09-21 10:14:35","updated_at":"2024-09-21 10:15:14","created_by":"5","updated_by":"5"}], 2024-09-21 10:29:44
ERROR - 2024-09-21 10:29:44 --> Error code L001. auctionItemId:91, 2024-09-21 10:29:44
ERROR - 2024-09-21 10:29:44 --> bid calculation initiated auctionItemId:91, 2
ERROR - 2024-09-21 10:29:44 --> bidding value array:{"id":"229","auction_item_id":"91","buyer_id":"3","bid_price":"102.00","sq":"1.000","bq":"1.000","bid_type":"0","created_at":"2024-09-21 10:27:15","updated_at":"2024-09-21 10:27:15"}
ERROR - 2024-09-21 10:29:44 --> Error code 006. HBP:102.00,HABP: 0, 2024-09-21 10:29:44
ERROR - 2024-09-21 10:29:44 --> bid calculation Ended auctionItemId:91, 2024-09-21 10:29:44
ERROR - 2024-09-21 10:29:44 --> Error code L002. auctionItemId:91, 2024-09-21 10:29:44
ERROR - 2024-09-21 10:29:44 --> Error code L003. auctionItemId:91, 2024-09-21 10:29:44
ERROR - 2024-09-21 10:29:44 --> Error code L001. auctionItemId:92, 2024-09-21 10:29:44
ERROR - 2024-09-21 10:29:44 --> bid calculation initiated auctionItemId:92, 2
ERROR - 2024-09-21 10:29:44 --> bidding value array:{"id":"230","auction_item_id":"92","buyer_id":"1","bid_price":"120.00","sq":"1.000","bq":"1.000","bid_type":"0","created_at":"2024-09-21 10:27:15","updated_at":"2024-09-21 10:27:15"}
ERROR - 2024-09-21 10:29:44 --> Error code 006. HBP:120.00,HABP: 0, 2024-09-21 10:29:44
ERROR - 2024-09-21 10:29:44 --> bid calculation Ended auctionItemId:92, 2024-09-21 10:29:44
ERROR - 2024-09-21 10:29:44 --> Error code L002. auctionItemId:92, 2024-09-21 10:29:44
ERROR - 2024-09-21 10:29:44 --> Error code L003. auctionItemId:92, 2024-09-21 10:29:44
ERROR - 2024-09-21 10:29:45 --> E004 - 2024-09-21 10:29:45
ERROR - 2024-09-21 10:29:45 --> E004.3 - 2024-09-21 10:29:45
ERROR - 2024-09-21 10:29:45 --> E004 - 2024-09-21 10:29:45
ERROR - 2024-09-21 10:29:45 --> E004.3 - 2024-09-21 10:29:45
ERROR - 2024-09-21 10:30:28 --> current items data:[], 2024-09-21 10:30:28
ERROR - 2024-09-21 10:33:09 --> current items data:[{"id":"93","inward_invoice_id":"K1","inward_item_id":"16","auction_id":"21","lot_no":"3","lot_set":"2","auction_quantity":"2","sample_quantity":"1","auction_each_net":"2","base_price":"100","reverse_price":"105","high_price":"0","valuation_price":"110","last_sold_price":null,"status":"1","is_sold":"0","min_bid_added":"0","is_withdrawn":"0","created_at":"2024-09-21 10:14:35","updated_at":"2024-09-21 10:15:14","created_by":"5","updated_by":"5"},{"id":"94","inward_invoice_id":"W3","inward_item_id":"14","auction_id":"21","lot_no":"4","lot_set":"2","auction_quantity":"2","sample_quantity":"1","auction_each_net":"9","base_price":"100","reverse_price":"105","high_price":"0","valuation_price":"110","last_sold_price":null,"status":"1","is_sold":"0","min_bid_added":"0","is_withdrawn":"0","created_at":"2024-09-21 10:14:35","updated_at":"2024-09-21 10:15:14","created_by":"5","updated_by":"5"}], 2024-09-21 10:33:09
ERROR - 2024-09-21 10:33:09 --> Error code L001. auctionItemId:93, 2024-09-21 10:33:09
ERROR - 2024-09-21 10:33:09 --> bid calculation initiated auctionItemId:93, 2
ERROR - 2024-09-21 10:33:09 --> bidding value array:{"id":"233","auction_item_id":"93","buyer_id":"3","bid_price":"110.00","sq":"1.000","bq":"1.000","bid_type":"1","created_at":"2024-09-21 10:29:45","updated_at":"2024-09-21 10:29:45"}
ERROR - 2024-09-21 10:33:09 --> Error code 007. HBP:110.00,HABP: 110, 2024-09-21 10:33:09
ERROR - 2024-09-21 10:33:10 --> bid calculation Ended auctionItemId:93, 2024-09-21 10:33:10
ERROR - 2024-09-21 10:33:10 --> Error code L002. auctionItemId:93, 2024-09-21 10:33:10
ERROR - 2024-09-21 10:33:10 --> Error code L003. auctionItemId:93, 2024-09-21 10:33:10
ERROR - 2024-09-21 10:33:10 --> Error code L001. auctionItemId:94, 2024-09-21 10:33:10
ERROR - 2024-09-21 10:33:10 --> bid calculation initiated auctionItemId:94, 2
ERROR - 2024-09-21 10:33:10 --> bidding value array:{"id":"234","auction_item_id":"94","buyer_id":"1","bid_price":"120.00","sq":"1.000","bq":"1.000","bid_type":"1","created_at":"2024-09-21 10:29:45","updated_at":"2024-09-21 10:29:45"}
ERROR - 2024-09-21 10:33:10 --> Error code 007. HBP:120.00,HABP: 120, 2024-09-21 10:33:10
ERROR - 2024-09-21 10:33:10 --> bid calculation Ended auctionItemId:94, 2024-09-21 10:33:10
ERROR - 2024-09-21 10:33:10 --> Error code L002. auctionItemId:94, 2024-09-21 10:33:10
ERROR - 2024-09-21 10:33:10 --> Error code L003. auctionItemId:94, 2024-09-21 10:33:10
ERROR - 2024-09-21 10:33:12 --> current items data:[], 2024-09-21 10:33:12
ERROR - 2024-09-21 11:50:27 --> current items data:[{"id":"95","inward_invoice_id":"W5","inward_item_id":"15","auction_id":"21","lot_no":"5","lot_set":"3","auction_quantity":"2","sample_quantity":"1","auction_each_net":"4","base_price":"100","reverse_price":"105","high_price":"0","valuation_price":"110","last_sold_price":null,"status":"1","is_sold":"0","min_bid_added":"0","is_withdrawn":"0","created_at":"2024-09-21 10:14:35","updated_at":"2024-09-21 10:15:14","created_by":"5","updated_by":"5"}], 2024-09-21 11:50:27
ERROR - 2024-09-21 11:50:27 --> Error code L001. auctionItemId:95, 2024-09-21 11:50:27
ERROR - 2024-09-21 11:50:27 --> bid calculation initiated auctionItemId:95, 0
ERROR - 2024-09-21 11:50:27 --> bid calculation Ended auctionItemId:95, 2024-09-21 11:50:27
ERROR - 2024-09-21 11:50:27 --> Error code L002. auctionItemId:95, 2024-09-21 11:50:27
ERROR - 2024-09-21 11:50:27 --> Error code L003. auctionItemId:95, 2024-09-21 11:50:27
CRITICAL - 2024-09-21 11:55:01 --> ErrorException: Undefined variable $auction_data
in APPPATH/Controllers/Cart.php on line 427.
 1 APPPATH/Controllers/Cart.php(427): CodeIgniter\Debug\Exceptions->errorHandler(2, 'Undefined variable $auction_data', '/var/www/eazyhosting.in/public_html/api/app/Controllers/Cart.php', 427)
 2 SYSTEMPATH/CodeIgniter.php(941): App\Controllers\Cart->auctiongardenlist()
 3 SYSTEMPATH/CodeIgniter.php(502): CodeIgniter\CodeIgniter->runController(Object(App\Controllers\Cart))
 4 SYSTEMPATH/CodeIgniter.php(361): CodeIgniter\CodeIgniter->handleRequest(null, Object(Config\Cache), false)
 5 FCPATH/index.php(79): CodeIgniter\CodeIgniter->run()
CRITICAL - 2024-09-21 11:55:42 --> ErrorException: Undefined variable $auction_data
in APPPATH/Controllers/Cart.php on line 427.
 1 APPPATH/Controllers/Cart.php(427): CodeIgniter\Debug\Exceptions->errorHandler(2, 'Undefined variable $auction_data', '/var/www/eazyhosting.in/public_html/api/app/Controllers/Cart.php', 427)
 2 SYSTEMPATH/CodeIgniter.php(941): App\Controllers\Cart->auctiongardenlist()
 3 SYSTEMPATH/CodeIgniter.php(502): CodeIgniter\CodeIgniter->runController(Object(App\Controllers\Cart))
 4 SYSTEMPATH/CodeIgniter.php(361): CodeIgniter\CodeIgniter->handleRequest(null, Object(Config\Cache), false)
 5 FCPATH/index.php(79): CodeIgniter\CodeIgniter->run()
CRITICAL - 2024-09-21 11:55:49 --> ErrorException: Undefined variable $auction_data
in APPPATH/Controllers/Cart.php on line 427.
 1 APPPATH/Controllers/Cart.php(427): CodeIgniter\Debug\Exceptions->errorHandler(2, 'Undefined variable $auction_data', '/var/www/eazyhosting.in/public_html/api/app/Controllers/Cart.php', 427)
 2 SYSTEMPATH/CodeIgniter.php(941): App\Controllers\Cart->auctiongardenlist()
 3 SYSTEMPATH/CodeIgniter.php(502): CodeIgniter\CodeIgniter->runController(Object(App\Controllers\Cart))
 4 SYSTEMPATH/CodeIgniter.php(361): CodeIgniter\CodeIgniter->handleRequest(null, Object(Config\Cache), false)
 5 FCPATH/index.php(79): CodeIgniter\CodeIgniter->run()
CRITICAL - 2024-09-21 11:55:52 --> ErrorException: Undefined variable $auction_data
in APPPATH/Controllers/Cart.php on line 427.
 1 APPPATH/Controllers/Cart.php(427): CodeIgniter\Debug\Exceptions->errorHandler(2, 'Undefined variable $auction_data', '/var/www/eazyhosting.in/public_html/api/app/Controllers/Cart.php', 427)
 2 SYSTEMPATH/CodeIgniter.php(941): App\Controllers\Cart->auctiongardenlist()
 3 SYSTEMPATH/CodeIgniter.php(502): CodeIgniter\CodeIgniter->runController(Object(App\Controllers\Cart))
 4 SYSTEMPATH/CodeIgniter.php(361): CodeIgniter\CodeIgniter->handleRequest(null, Object(Config\Cache), false)
 5 FCPATH/index.php(79): CodeIgniter\CodeIgniter->run()
ERROR - 2024-09-21 12:03:38 --> current items data:[{"id":"96","inward_invoice_id":"K2","inward_item_id":"17","auction_id":"22","lot_no":"1","lot_set":"1","auction_quantity":"2","sample_quantity":"1","auction_each_net":"8","base_price":"100","reverse_price":"105","high_price":"0","valuation_price":"110","last_sold_price":null,"status":"1","is_sold":"0","min_bid_added":"0","is_withdrawn":"0","created_at":"2024-09-21 11:55:58","updated_at":"2024-09-21 11:56:41","created_by":"5","updated_by":"5"},{"id":"97","inward_invoice_id":"K3","inward_item_id":"18","auction_id":"22","lot_no":"2","lot_set":"1","auction_quantity":"2","sample_quantity":"1","auction_each_net":"4","base_price":"100","reverse_price":"105","high_price":"0","valuation_price":"110","last_sold_price":null,"status":"1","is_sold":"0","min_bid_added":"0","is_withdrawn":"0","created_at":"2024-09-21 11:55:58","updated_at":"2024-09-21 11:56:41","created_by":"5","updated_by":"5"}], 2024-09-21 12:03:38
ERROR - 2024-09-21 12:03:38 --> Error code L001. auctionItemId:96, 2024-09-21 12:03:38
ERROR - 2024-09-21 12:03:38 --> bid calculation initiated auctionItemId:96, 0
ERROR - 2024-09-21 12:03:38 --> bid calculation Ended auctionItemId:96, 2024-09-21 12:03:38
ERROR - 2024-09-21 12:03:38 --> Error code L002. auctionItemId:96, 2024-09-21 12:03:38
ERROR - 2024-09-21 12:03:38 --> Error code L003. auctionItemId:96, 2024-09-21 12:03:38
ERROR - 2024-09-21 12:03:38 --> Error code L001. auctionItemId:97, 2024-09-21 12:03:38
ERROR - 2024-09-21 12:03:38 --> bid calculation initiated auctionItemId:97, 0
ERROR - 2024-09-21 12:03:38 --> bid calculation Ended auctionItemId:97, 2024-09-21 12:03:38
ERROR - 2024-09-21 12:03:38 --> Error code L002. auctionItemId:97, 2024-09-21 12:03:38
ERROR - 2024-09-21 12:03:38 --> Error code L003. auctionItemId:97, 2024-09-21 12:03:38
ERROR - 2024-09-21 12:03:41 --> current items data:[], 2024-09-21 12:03:41
ERROR - 2024-09-21 12:08:32 --> current items data:[{"id":"98","inward_invoice_id":"K1","inward_item_id":"16","auction_id":"22","lot_no":"3","lot_set":"2","auction_quantity":"2","sample_quantity":"1","auction_each_net":"2","base_price":"100","reverse_price":"105","high_price":"0","valuation_price":"110","last_sold_price":null,"status":"1","is_sold":"0","min_bid_added":"0","is_withdrawn":"0","created_at":"2024-09-21 11:55:58","updated_at":"2024-09-21 11:56:41","created_by":"5","updated_by":"5"},{"id":"99","inward_invoice_id":"W3","inward_item_id":"14","auction_id":"22","lot_no":"4","lot_set":"2","auction_quantity":"2","sample_quantity":"1","auction_each_net":"9","base_price":"100","reverse_price":"105","high_price":"0","valuation_price":"110","last_sold_price":null,"status":"1","is_sold":"0","min_bid_added":"0","is_withdrawn":"0","created_at":"2024-09-21 11:55:58","updated_at":"2024-09-21 11:56:41","created_by":"5","updated_by":"5"}], 2024-09-21 12:08:32
ERROR - 2024-09-21 12:08:32 --> Error code L001. auctionItemId:98, 2024-09-21 12:08:32
ERROR - 2024-09-21 12:08:32 --> bid calculation initiated auctionItemId:98, 0
ERROR - 2024-09-21 12:08:32 --> bid calculation Ended auctionItemId:98, 2024-09-21 12:08:32
ERROR - 2024-09-21 12:08:32 --> Error code L002. auctionItemId:98, 2024-09-21 12:08:32
ERROR - 2024-09-21 12:08:32 --> Error code L003. auctionItemId:98, 2024-09-21 12:08:32
ERROR - 2024-09-21 12:08:32 --> Error code L001. auctionItemId:99, 2024-09-21 12:08:32
ERROR - 2024-09-21 12:08:32 --> bid calculation initiated auctionItemId:99, 0
ERROR - 2024-09-21 12:08:32 --> bid calculation Ended auctionItemId:99, 2024-09-21 12:08:32
ERROR - 2024-09-21 12:08:32 --> Error code L002. auctionItemId:99, 2024-09-21 12:08:32
ERROR - 2024-09-21 12:08:32 --> Error code L003. auctionItemId:99, 2024-09-21 12:08:32
ERROR - 2024-09-21 12:11:11 --> current items data:[{"id":"100","inward_invoice_id":"W5","inward_item_id":"15","auction_id":"22","lot_no":"5","lot_set":"3","auction_quantity":"2","sample_quantity":"1","auction_each_net":"4","base_price":"100","reverse_price":"105","high_price":"0","valuation_price":"110","last_sold_price":null,"status":"1","is_sold":"0","min_bid_added":"0","is_withdrawn":"0","created_at":"2024-09-21 11:55:58","updated_at":"2024-09-21 11:56:41","created_by":"5","updated_by":"5"}], 2024-09-21 12:11:11
ERROR - 2024-09-21 12:11:11 --> Error code L001. auctionItemId:100, 2024-09-21 12:11:11
ERROR - 2024-09-21 12:11:11 --> bid calculation initiated auctionItemId:100, 0
ERROR - 2024-09-21 12:11:11 --> bid calculation Ended auctionItemId:100, 2024-09-21 12:11:11
ERROR - 2024-09-21 12:11:11 --> Error code L002. auctionItemId:100, 2024-09-21 12:11:11
ERROR - 2024-09-21 12:11:11 --> Error code L003. auctionItemId:100, 2024-09-21 12:11:11
CRITICAL - 2024-09-21 12:15:34 --> ErrorException: Undefined variable $auction_data
in APPPATH/Controllers/Cart.php on line 427.
 1 APPPATH/Controllers/Cart.php(427): CodeIgniter\Debug\Exceptions->errorHandler(2, 'Undefined variable $auction_data', '/var/www/eazyhosting.in/public_html/api/app/Controllers/Cart.php', 427)
 2 SYSTEMPATH/CodeIgniter.php(941): App\Controllers\Cart->auctiongardenlist()
 3 SYSTEMPATH/CodeIgniter.php(502): CodeIgniter\CodeIgniter->runController(Object(App\Controllers\Cart))
 4 SYSTEMPATH/CodeIgniter.php(361): CodeIgniter\CodeIgniter->handleRequest(null, Object(Config\Cache), false)
 5 FCPATH/index.php(79): CodeIgniter\CodeIgniter->run()
CRITICAL - 2024-09-21 12:16:11 --> ErrorException: Undefined variable $auction_data
in APPPATH/Controllers/Cart.php on line 427.
 1 APPPATH/Controllers/Cart.php(427): CodeIgniter\Debug\Exceptions->errorHandler(2, 'Undefined variable $auction_data', '/var/www/eazyhosting.in/public_html/api/app/Controllers/Cart.php', 427)
 2 SYSTEMPATH/CodeIgniter.php(941): App\Controllers\Cart->auctiongardenlist()
 3 SYSTEMPATH/CodeIgniter.php(502): CodeIgniter\CodeIgniter->runController(Object(App\Controllers\Cart))
 4 SYSTEMPATH/CodeIgniter.php(361): CodeIgniter\CodeIgniter->handleRequest(null, Object(Config\Cache), false)
 5 FCPATH/index.php(79): CodeIgniter\CodeIgniter->run()
CRITICAL - 2024-09-21 12:16:44 --> ErrorException: Undefined variable $auction_data
in APPPATH/Controllers/Cart.php on line 427.
 1 APPPATH/Controllers/Cart.php(427): CodeIgniter\Debug\Exceptions->errorHandler(2, 'Undefined variable $auction_data', '/var/www/eazyhosting.in/public_html/api/app/Controllers/Cart.php', 427)
 2 SYSTEMPATH/CodeIgniter.php(941): App\Controllers\Cart->auctiongardenlist()
 3 SYSTEMPATH/CodeIgniter.php(502): CodeIgniter\CodeIgniter->runController(Object(App\Controllers\Cart))
 4 SYSTEMPATH/CodeIgniter.php(361): CodeIgniter\CodeIgniter->handleRequest(null, Object(Config\Cache), false)
 5 FCPATH/index.php(79): CodeIgniter\CodeIgniter->run()
CRITICAL - 2024-09-21 12:17:26 --> ErrorException: Undefined variable $auction_data
in APPPATH/Controllers/Cart.php on line 427.
 1 APPPATH/Controllers/Cart.php(427): CodeIgniter\Debug\Exceptions->errorHandler(2, 'Undefined variable $auction_data', '/var/www/eazyhosting.in/public_html/api/app/Controllers/Cart.php', 427)
 2 SYSTEMPATH/CodeIgniter.php(941): App\Controllers\Cart->auctiongardenlist()
 3 SYSTEMPATH/CodeIgniter.php(502): CodeIgniter\CodeIgniter->runController(Object(App\Controllers\Cart))
 4 SYSTEMPATH/CodeIgniter.php(361): CodeIgniter\CodeIgniter->handleRequest(null, Object(Config\Cache), false)
 5 FCPATH/index.php(79): CodeIgniter\CodeIgniter->run()
CRITICAL - 2024-09-21 12:17:29 --> ErrorException: Undefined variable $auction_data
in APPPATH/Controllers/Cart.php on line 427.
 1 APPPATH/Controllers/Cart.php(427): CodeIgniter\Debug\Exceptions->errorHandler(2, 'Undefined variable $auction_data', '/var/www/eazyhosting.in/public_html/api/app/Controllers/Cart.php', 427)
 2 SYSTEMPATH/CodeIgniter.php(941): App\Controllers\Cart->auctiongardenlist()
 3 SYSTEMPATH/CodeIgniter.php(502): CodeIgniter\CodeIgniter->runController(Object(App\Controllers\Cart))
 4 SYSTEMPATH/CodeIgniter.php(361): CodeIgniter\CodeIgniter->handleRequest(null, Object(Config\Cache), false)
 5 FCPATH/index.php(79): CodeIgniter\CodeIgniter->run()
ERROR - 2024-09-21 12:24:13 --> E001 - 2024-09-21 12:24:13
ERROR - 2024-09-21 12:24:13 --> E001 - 2024-09-21 12:24:13
ERROR - 2024-09-21 12:26:42 --> current items data:[{"id":"1","inward_invoice_id":"V2","inward_item_id":"2","auction_id":"1","lot_no":"1","lot_set":"1","auction_quantity":"1","sample_quantity":"0","auction_each_net":"13","base_price":"100","reverse_price":"105","high_price":"0","valuation_price":"110","last_sold_price":null,"status":"1","is_sold":"0","min_bid_added":"0","is_withdrawn":"0","created_at":"2024-09-21 12:17:36","updated_at":"2024-09-21 12:18:05","created_by":"5","updated_by":"5"},{"id":"2","inward_invoice_id":"V1","inward_item_id":"1","auction_id":"1","lot_no":"2","lot_set":"1","auction_quantity":"1","sample_quantity":"0","auction_each_net":"10","base_price":"100","reverse_price":"105","high_price":"0","valuation_price":"110","last_sold_price":null,"status":"1","is_sold":"0","min_bid_added":"0","is_withdrawn":"0","created_at":"2024-09-21 12:17:36","updated_at":"2024-09-21 12:18:05","created_by":"5","updated_by":"5"}], 2024-09-21 12:26:42
ERROR - 2024-09-21 12:26:42 --> Error code L001. auctionItemId:1, 2024-09-21 12:26:42
ERROR - 2024-09-21 12:26:42 --> bid calculation initiated auctionItemId:1, 2
ERROR - 2024-09-21 12:26:42 --> bidding value array:{"id":"1","auction_item_id":"1","buyer_id":"3","bid_price":"102.00","sq":"1.000","bq":"1.000","bid_type":"0","created_at":"2024-09-21 12:24:13","updated_at":"2024-09-21 12:24:13"}
ERROR - 2024-09-21 12:26:42 --> Error code 006. HBP:102.00,HABP: 0, 2024-09-21 12:26:42
ERROR - 2024-09-21 12:26:42 --> bid calculation Ended auctionItemId:1, 2024-09-21 12:26:42
ERROR - 2024-09-21 12:26:42 --> Error code L002. auctionItemId:1, 2024-09-21 12:26:42
ERROR - 2024-09-21 12:26:42 --> Error code L003. auctionItemId:1, 2024-09-21 12:26:42
ERROR - 2024-09-21 12:26:42 --> Error code L001. auctionItemId:2, 2024-09-21 12:26:42
ERROR - 2024-09-21 12:26:42 --> bid calculation initiated auctionItemId:2, 2
ERROR - 2024-09-21 12:26:42 --> bidding value array:{"id":"2","auction_item_id":"2","buyer_id":"1","bid_price":"120.00","sq":"1.000","bq":"1.000","bid_type":"0","created_at":"2024-09-21 12:24:13","updated_at":"2024-09-21 12:24:13"}
ERROR - 2024-09-21 12:26:42 --> Error code 006. HBP:120.00,HABP: 0, 2024-09-21 12:26:42
ERROR - 2024-09-21 12:26:42 --> bid calculation Ended auctionItemId:2, 2024-09-21 12:26:42
ERROR - 2024-09-21 12:26:42 --> Error code L002. auctionItemId:2, 2024-09-21 12:26:42
ERROR - 2024-09-21 12:26:42 --> Error code L003. auctionItemId:2, 2024-09-21 12:26:42
ERROR - 2024-09-21 12:26:43 --> E004 - 2024-09-21 12:26:43
ERROR - 2024-09-21 12:26:43 --> E004.3 - 2024-09-21 12:26:43
ERROR - 2024-09-21 12:26:43 --> E004 - 2024-09-21 12:26:43
ERROR - 2024-09-21 12:26:43 --> E004.3 - 2024-09-21 12:26:43
ERROR - 2024-09-21 12:26:49 --> current items data:[], 2024-09-21 12:26:49
ERROR - 2024-09-21 12:29:38 --> current items data:[{"id":"3","inward_invoice_id":"V4","inward_item_id":"4","auction_id":"1","lot_no":"3","lot_set":"2","auction_quantity":"1","sample_quantity":"0","auction_each_net":"2","base_price":"100","reverse_price":"105","high_price":"0","valuation_price":"110","last_sold_price":null,"status":"1","is_sold":"0","min_bid_added":"0","is_withdrawn":"0","created_at":"2024-09-21 12:17:36","updated_at":"2024-09-21 12:18:05","created_by":"5","updated_by":"5"},{"id":"4","inward_invoice_id":"V3","inward_item_id":"3","auction_id":"1","lot_no":"4","lot_set":"2","auction_quantity":"1","sample_quantity":"0","auction_each_net":"9","base_price":"100","reverse_price":"105","high_price":"0","valuation_price":"110","last_sold_price":null,"status":"1","is_sold":"0","min_bid_added":"0","is_withdrawn":"0","created_at":"2024-09-21 12:17:36","updated_at":"2024-09-21 12:18:05","created_by":"5","updated_by":"5"}], 2024-09-21 12:29:38
ERROR - 2024-09-21 12:29:38 --> Error code L001. auctionItemId:3, 2024-09-21 12:29:38
ERROR - 2024-09-21 12:29:38 --> bid calculation initiated auctionItemId:3, 2
ERROR - 2024-09-21 12:29:38 --> bidding value array:{"id":"5","auction_item_id":"3","buyer_id":"3","bid_price":"110.00","sq":"1.000","bq":"1.000","bid_type":"1","created_at":"2024-09-21 12:26:43","updated_at":"2024-09-21 12:26:43"}
ERROR - 2024-09-21 12:29:38 --> Error code 007. HBP:110.00,HABP: 110, 2024-09-21 12:29:38
ERROR - 2024-09-21 12:29:38 --> bid calculation Ended auctionItemId:3, 2024-09-21 12:29:38
ERROR - 2024-09-21 12:29:38 --> Error code L002. auctionItemId:3, 2024-09-21 12:29:38
ERROR - 2024-09-21 12:29:38 --> Error code L003. auctionItemId:3, 2024-09-21 12:29:38
ERROR - 2024-09-21 12:29:38 --> Error code L001. auctionItemId:4, 2024-09-21 12:29:38
ERROR - 2024-09-21 12:29:38 --> bid calculation initiated auctionItemId:4, 2
ERROR - 2024-09-21 12:29:38 --> bidding value array:{"id":"6","auction_item_id":"4","buyer_id":"3","bid_price":"120.00","sq":"1.000","bq":"1.000","bid_type":"1","created_at":"2024-09-21 12:26:43","updated_at":"2024-09-21 12:26:43"}
ERROR - 2024-09-21 12:29:38 --> Error code 007. HBP:120.00,HABP: 120, 2024-09-21 12:29:38
ERROR - 2024-09-21 12:29:38 --> bid calculation Ended auctionItemId:4, 2024-09-21 12:29:38
ERROR - 2024-09-21 12:29:38 --> Error code L002. auctionItemId:4, 2024-09-21 12:29:38
ERROR - 2024-09-21 12:29:38 --> Error code L003. auctionItemId:4, 2024-09-21 12:29:38
ERROR - 2024-09-21 12:29:39 --> E002 - 2024-09-21 12:29:39
ERROR - 2024-09-21 12:29:39 --> E003 - 2024-09-21 12:29:39
ERROR - 2024-09-21 12:32:10 --> current items data:[{"id":"5","inward_invoice_id":"V5","inward_item_id":"5","auction_id":"1","lot_no":"5","lot_set":"3","auction_quantity":"1","sample_quantity":"0","auction_each_net":"15","base_price":"100","reverse_price":"105","high_price":"0","valuation_price":"110","last_sold_price":null,"status":"1","is_sold":"0","min_bid_added":"0","is_withdrawn":"0","created_at":"2024-09-21 12:17:36","updated_at":"2024-09-21 12:18:05","created_by":"5","updated_by":"5"}], 2024-09-21 12:32:10
ERROR - 2024-09-21 12:32:10 --> Error code L001. auctionItemId:5, 2024-09-21 12:32:10
ERROR - 2024-09-21 12:32:10 --> bid calculation initiated auctionItemId:5, 2
ERROR - 2024-09-21 12:32:10 --> bidding value array:{"id":"9","auction_item_id":"5","buyer_id":"3","bid_price":"120.00","sq":"1.000","bq":"1.000","bid_type":"1","created_at":"2024-09-21 12:29:39","updated_at":"2024-09-21 12:29:39"}
ERROR - 2024-09-21 12:32:10 --> Error code 007. HBP:120.00,HABP: 120, 2024-09-21 12:32:10
ERROR - 2024-09-21 12:32:10 --> bid calculation Ended auctionItemId:5, 2024-09-21 12:32:10
ERROR - 2024-09-21 12:32:10 --> Error code L002. auctionItemId:5, 2024-09-21 12:32:10
ERROR - 2024-09-21 12:32:10 --> Error code L003. auctionItemId:5, 2024-09-21 12:32:10
CRITICAL - 2024-09-21 12:43:57 --> ErrorException: Undefined variable $auction_data
in APPPATH/Controllers/Cart.php on line 427.
 1 APPPATH/Controllers/Cart.php(427): CodeIgniter\Debug\Exceptions->errorHandler(2, 'Undefined variable $auction_data', '/var/www/eazyhosting.in/public_html/api/app/Controllers/Cart.php', 427)
 2 SYSTEMPATH/CodeIgniter.php(941): App\Controllers\Cart->auctiongardenlist()
 3 SYSTEMPATH/CodeIgniter.php(502): CodeIgniter\CodeIgniter->runController(Object(App\Controllers\Cart))
 4 SYSTEMPATH/CodeIgniter.php(361): CodeIgniter\CodeIgniter->handleRequest(null, Object(Config\Cache), false)
 5 FCPATH/index.php(79): CodeIgniter\CodeIgniter->run()
CRITICAL - 2024-09-21 12:44:15 --> ErrorException: Undefined variable $auction_data
in APPPATH/Controllers/Cart.php on line 427.
 1 APPPATH/Controllers/Cart.php(427): CodeIgniter\Debug\Exceptions->errorHandler(2, 'Undefined variable $auction_data', '/var/www/eazyhosting.in/public_html/api/app/Controllers/Cart.php', 427)
 2 SYSTEMPATH/CodeIgniter.php(941): App\Controllers\Cart->auctiongardenlist()
 3 SYSTEMPATH/CodeIgniter.php(502): CodeIgniter\CodeIgniter->runController(Object(App\Controllers\Cart))
 4 SYSTEMPATH/CodeIgniter.php(361): CodeIgniter\CodeIgniter->handleRequest(null, Object(Config\Cache), false)
 5 FCPATH/index.php(79): CodeIgniter\CodeIgniter->run()
CRITICAL - 2024-09-21 12:44:17 --> ErrorException: Undefined variable $auction_data
in APPPATH/Controllers/Cart.php on line 427.
 1 APPPATH/Controllers/Cart.php(427): CodeIgniter\Debug\Exceptions->errorHandler(2, 'Undefined variable $auction_data', '/var/www/eazyhosting.in/public_html/api/app/Controllers/Cart.php', 427)
 2 SYSTEMPATH/CodeIgniter.php(941): App\Controllers\Cart->auctiongardenlist()
 3 SYSTEMPATH/CodeIgniter.php(502): CodeIgniter\CodeIgniter->runController(Object(App\Controllers\Cart))
 4 SYSTEMPATH/CodeIgniter.php(361): CodeIgniter\CodeIgniter->handleRequest(null, Object(Config\Cache), false)
 5 FCPATH/index.php(79): CodeIgniter\CodeIgniter->run()
ERROR - 2024-09-21 12:51:10 --> E004 - 2024-09-21 12:51:10
ERROR - 2024-09-21 12:51:10 --> E004.3 - 2024-09-21 12:51:10
ERROR - 2024-09-21 12:51:10 --> E004 - 2024-09-21 12:51:10
ERROR - 2024-09-21 12:51:10 --> E004.1 - 2024-09-21 12:51:10
ERROR - 2024-09-21 12:53:39 --> current items data:[{"id":"6","inward_invoice_id":"S1","inward_item_id":"6","auction_id":"2","lot_no":"1","lot_set":"1","auction_quantity":"1","sample_quantity":"0","auction_each_net":"17","base_price":"100","reverse_price":"105","high_price":"0","valuation_price":"110","last_sold_price":null,"status":"1","is_sold":"0","min_bid_added":"0","is_withdrawn":"0","created_at":"2024-09-21 12:44:21","updated_at":"2024-09-21 12:44:48","created_by":"5","updated_by":"5"},{"id":"7","inward_invoice_id":"S2","inward_item_id":"7","auction_id":"2","lot_no":"2","lot_set":"1","auction_quantity":"1","sample_quantity":"0","auction_each_net":"7","base_price":"100","reverse_price":"105","high_price":"0","valuation_price":"110","last_sold_price":null,"status":"1","is_sold":"0","min_bid_added":"0","is_withdrawn":"0","created_at":"2024-09-21 12:44:21","updated_at":"2024-09-21 12:44:48","created_by":"5","updated_by":"5"}], 2024-09-21 12:53:39
ERROR - 2024-09-21 12:53:39 --> Error code L001. auctionItemId:6, 2024-09-21 12:53:39
ERROR - 2024-09-21 12:53:39 --> bid calculation initiated auctionItemId:6, 2
ERROR - 2024-09-21 12:53:39 --> bidding value array:{"id":"11","auction_item_id":"6","buyer_id":"1","bid_price":"121.00","sq":"1.000","bq":"1.000","bid_type":"1","created_at":"2024-09-21 12:51:10","updated_at":"2024-09-21 12:51:10"}
ERROR - 2024-09-21 12:53:39 --> Error code 006. HBP:121.00,HABP: 120, 2024-09-21 12:53:39
ERROR - 2024-09-21 12:53:39 --> bid calculation Ended auctionItemId:6, 2024-09-21 12:53:39
ERROR - 2024-09-21 12:53:39 --> Error code L002. auctionItemId:6, 2024-09-21 12:53:39
ERROR - 2024-09-21 12:53:39 --> Error code L003. auctionItemId:6, 2024-09-21 12:53:39
ERROR - 2024-09-21 12:53:39 --> Error code L001. auctionItemId:7, 2024-09-21 12:53:39
ERROR - 2024-09-21 12:53:39 --> bid calculation initiated auctionItemId:7, 2
ERROR - 2024-09-21 12:53:39 --> bidding value array:{"id":"12","auction_item_id":"7","buyer_id":"1","bid_price":"130.00","sq":"1.000","bq":"1.000","bid_type":"0","created_at":"2024-09-21 12:51:10","updated_at":"2024-09-21 12:51:10"}
ERROR - 2024-09-21 12:53:39 --> Error code 006. HBP:130.00,HABP: 120, 2024-09-21 12:53:39
ERROR - 2024-09-21 12:53:39 --> bid calculation Ended auctionItemId:7, 2024-09-21 12:53:39
ERROR - 2024-09-21 12:53:39 --> Error code L002. auctionItemId:7, 2024-09-21 12:53:39
ERROR - 2024-09-21 12:53:39 --> Error code L003. auctionItemId:7, 2024-09-21 12:53:39
ERROR - 2024-09-21 12:53:41 --> E002 - 2024-09-21 12:53:41
ERROR - 2024-09-21 12:53:41 --> E002.1 - 2024-09-21 12:53:41
ERROR - 2024-09-21 12:53:41 --> E004 - 2024-09-21 12:53:41
ERROR - 2024-09-21 12:53:41 --> E004.2 - 2024-09-21 12:53:41
ERROR - 2024-09-21 12:54:03 --> current items data:[], 2024-09-21 12:54:03
ERROR - 2024-09-21 12:58:15 --> current items data:[{"id":"8","inward_invoice_id":"S3","inward_item_id":"8","auction_id":"2","lot_no":"3","lot_set":"2","auction_quantity":"1","sample_quantity":"0","auction_each_net":"21","base_price":"100","reverse_price":"105","high_price":"0","valuation_price":"110","last_sold_price":null,"status":"1","is_sold":"0","min_bid_added":"0","is_withdrawn":"0","created_at":"2024-09-21 12:44:21","updated_at":"2024-09-21 12:44:48","created_by":"5","updated_by":"5"},{"id":"9","inward_invoice_id":"S4","inward_item_id":"9","auction_id":"2","lot_no":"4","lot_set":"2","auction_quantity":"1","sample_quantity":"0","auction_each_net":"11","base_price":"100","reverse_price":"105","high_price":"0","valuation_price":"110","last_sold_price":null,"status":"1","is_sold":"0","min_bid_added":"0","is_withdrawn":"0","created_at":"2024-09-21 12:44:21","updated_at":"2024-09-21 12:44:48","created_by":"5","updated_by":"5"}], 2024-09-21 12:58:15
ERROR - 2024-09-21 12:58:15 --> Error code L001. auctionItemId:8, 2024-09-21 12:58:15
ERROR - 2024-09-21 12:58:15 --> bid calculation initiated auctionItemId:8, 1
ERROR - 2024-09-21 12:58:15 --> bidding value array:{"id":"15","auction_item_id":"8","buyer_id":"3","bid_price":"105.00","sq":"1.000","bq":"1.000","bid_type":"1","created_at":"2024-09-21 12:53:41","updated_at":"2024-09-21 12:53:41"}
ERROR - 2024-09-21 12:58:15 --> Error code 001. HBP:105.00,HABP: 150, 2024-09-21 12:58:15
ERROR - 2024-09-21 12:58:15 --> Error code 002. HBP:105.00,RP: 105, 2024-09-21 12:58:15
ERROR - 2024-09-21 12:58:15 --> bid calculation Ended auctionItemId:8, 2024-09-21 12:58:15
ERROR - 2024-09-21 12:58:15 --> Error code L002. auctionItemId:8, 2024-09-21 12:58:15
ERROR - 2024-09-21 12:58:15 --> Error code L003. auctionItemId:8, 2024-09-21 12:58:15
ERROR - 2024-09-21 12:58:15 --> Error code L001. auctionItemId:9, 2024-09-21 12:58:15
ERROR - 2024-09-21 12:58:15 --> bid calculation initiated auctionItemId:9, 1
ERROR - 2024-09-21 12:58:15 --> bidding value array:{"id":"16","auction_item_id":"9","buyer_id":"3","bid_price":"115.00","sq":"1.000","bq":"1.000","bid_type":"1","created_at":"2024-09-21 12:53:41","updated_at":"2024-09-21 12:53:41"}
ERROR - 2024-09-21 12:58:15 --> Error code 001. HBP:115.00,HABP: 130, 2024-09-21 12:58:15
ERROR - 2024-09-21 12:58:15 --> Error code 003. HBP:115.00,RP: 105, 2024-09-21 12:58:15
ERROR - 2024-09-21 12:58:15 --> Error code 005. HBP:115.00,SLHABP: 0, 2024-09-21 12:58:15
ERROR - 2024-09-21 12:58:15 --> bid calculation Ended auctionItemId:9, 2024-09-21 12:58:15
ERROR - 2024-09-21 12:58:15 --> Error code L002. auctionItemId:9, 2024-09-21 12:58:15
ERROR - 2024-09-21 12:58:15 --> Error code L003. auctionItemId:9, 2024-09-21 12:58:15
ERROR - 2024-09-21 12:58:16 --> E004 - 2024-09-21 12:58:16
ERROR - 2024-09-21 12:58:16 --> E004.2 - 2024-09-21 12:58:16
ERROR - 2024-09-21 12:58:17 --> current items data:[], 2024-09-21 12:58:17
ERROR - 2024-09-21 13:01:26 --> current items data:[{"id":"10","inward_invoice_id":"S5","inward_item_id":"10","auction_id":"2","lot_no":"5","lot_set":"3","auction_quantity":"1","sample_quantity":"0","auction_each_net":"12","base_price":"100","reverse_price":"105","high_price":"0","valuation_price":"110","last_sold_price":null,"status":"1","is_sold":"0","min_bid_added":"0","is_withdrawn":"0","created_at":"2024-09-21 12:44:21","updated_at":"2024-09-21 12:44:48","created_by":"5","updated_by":"5"}], 2024-09-21 01:01:26
ERROR - 2024-09-21 13:01:26 --> Error code L001. auctionItemId:10, 2024-09-21 01:01:26
ERROR - 2024-09-21 13:01:26 --> bid calculation initiated auctionItemId:10, 1
ERROR - 2024-09-21 13:01:26 --> bidding value array:{"id":"19","auction_item_id":"10","buyer_id":"3","bid_price":"155.00","sq":"1.000","bq":"1.000","bid_type":"1","created_at":"2024-09-21 12:58:16","updated_at":"2024-09-21 12:58:16"}
ERROR - 2024-09-21 13:01:26 --> Error code 001. HBP:155.00,HABP: 180, 2024-09-21 01:01:26
ERROR - 2024-09-21 13:01:26 --> Error code 003. HBP:155.00,RP: 105, 2024-09-21 01:01:26
ERROR - 2024-09-21 13:01:26 --> Error code 005. HBP:155.00,SLHABP: 0, 2024-09-21 01:01:26
ERROR - 2024-09-21 13:01:26 --> bid calculation Ended auctionItemId:10, 2024-09-21 01:01:26
ERROR - 2024-09-21 13:01:26 --> Error code L002. auctionItemId:10, 2024-09-21 01:01:26
ERROR - 2024-09-21 13:01:26 --> Error code L003. auctionItemId:10, 2024-09-21 01:01:26
CRITICAL - 2024-09-21 13:02:18 --> ErrorException: Undefined variable $auction_data
in APPPATH/Controllers/Cart.php on line 427.
 1 APPPATH/Controllers/Cart.php(427): CodeIgniter\Debug\Exceptions->errorHandler(2, 'Undefined variable $auction_data', '/var/www/eazyhosting.in/public_html/api/app/Controllers/Cart.php', 427)
 2 SYSTEMPATH/CodeIgniter.php(941): App\Controllers\Cart->auctiongardenlist()
 3 SYSTEMPATH/CodeIgniter.php(502): CodeIgniter\CodeIgniter->runController(Object(App\Controllers\Cart))
 4 SYSTEMPATH/CodeIgniter.php(361): CodeIgniter\CodeIgniter->handleRequest(null, Object(Config\Cache), false)
 5 FCPATH/index.php(79): CodeIgniter\CodeIgniter->run()
CRITICAL - 2024-09-21 13:02:35 --> ErrorException: Undefined variable $auction_data
in APPPATH/Controllers/Cart.php on line 427.
 1 APPPATH/Controllers/Cart.php(427): CodeIgniter\Debug\Exceptions->errorHandler(2, 'Undefined variable $auction_data', '/var/www/eazyhosting.in/public_html/api/app/Controllers/Cart.php', 427)
 2 SYSTEMPATH/CodeIgniter.php(941): App\Controllers\Cart->auctiongardenlist()
 3 SYSTEMPATH/CodeIgniter.php(502): CodeIgniter\CodeIgniter->runController(Object(App\Controllers\Cart))
 4 SYSTEMPATH/CodeIgniter.php(361): CodeIgniter\CodeIgniter->handleRequest(null, Object(Config\Cache), false)
 5 FCPATH/index.php(79): CodeIgniter\CodeIgniter->run()
CRITICAL - 2024-09-21 13:02:38 --> ErrorException: Undefined variable $auction_data
in APPPATH/Controllers/Cart.php on line 427.
 1 APPPATH/Controllers/Cart.php(427): CodeIgniter\Debug\Exceptions->errorHandler(2, 'Undefined variable $auction_data', '/var/www/eazyhosting.in/public_html/api/app/Controllers/Cart.php', 427)
 2 SYSTEMPATH/CodeIgniter.php(941): App\Controllers\Cart->auctiongardenlist()
 3 SYSTEMPATH/CodeIgniter.php(502): CodeIgniter\CodeIgniter->runController(Object(App\Controllers\Cart))
 4 SYSTEMPATH/CodeIgniter.php(361): CodeIgniter\CodeIgniter->handleRequest(null, Object(Config\Cache), false)
 5 FCPATH/index.php(79): CodeIgniter\CodeIgniter->run()
ERROR - 2024-09-21 13:08:04 --> E004 - 2024-09-21 01:08:04
ERROR - 2024-09-21 13:08:04 --> E004.3 - 2024-09-21 01:08:04
ERROR - 2024-09-21 13:08:04 --> E004 - 2024-09-21 01:08:04
ERROR - 2024-09-21 13:08:04 --> E004.2 - 2024-09-21 01:08:04
ERROR - 2024-09-21 13:10:34 --> current items data:[{"id":"11","inward_invoice_id":"K2","inward_item_id":"17","auction_id":"3","lot_no":"1","lot_set":"1","auction_quantity":"1","sample_quantity":"0","auction_each_net":"8","base_price":"100","reverse_price":"105","high_price":"0","valuation_price":"110","last_sold_price":null,"status":"1","is_sold":"0","min_bid_added":"0","is_withdrawn":"0","created_at":"2024-09-21 13:02:42","updated_at":"2024-09-21 13:03:11","created_by":"5","updated_by":"5"},{"id":"12","inward_invoice_id":"K4","inward_item_id":"19","auction_id":"3","lot_no":"2","lot_set":"1","auction_quantity":"1","sample_quantity":"0","auction_each_net":"6","base_price":"100","reverse_price":"105","high_price":"0","valuation_price":"110","last_sold_price":null,"status":"1","is_sold":"0","min_bid_added":"0","is_withdrawn":"0","created_at":"2024-09-21 13:02:42","updated_at":"2024-09-21 13:03:11","created_by":"5","updated_by":"5"}], 2024-09-21 01:10:34
ERROR - 2024-09-21 13:10:34 --> Error code L001. auctionItemId:11, 2024-09-21 01:10:34
ERROR - 2024-09-21 13:10:34 --> bid calculation initiated auctionItemId:11, 2
ERROR - 2024-09-21 13:10:34 --> bidding value array:{"id":"21","auction_item_id":"11","buyer_id":"1","bid_price":"121.00","sq":"1.000","bq":"1.000","bid_type":"1","created_at":"2024-09-21 13:08:04","updated_at":"2024-09-21 13:08:04"}
ERROR - 2024-09-21 13:10:34 --> Error code 006. HBP:121.00,HABP: 120, 2024-09-21 01:10:34
ERROR - 2024-09-21 13:10:34 --> bid calculation Ended auctionItemId:11, 2024-09-21 01:10:34
ERROR - 2024-09-21 13:10:34 --> Error code L002. auctionItemId:11, 2024-09-21 01:10:34
ERROR - 2024-09-21 13:10:34 --> Error code L003. auctionItemId:11, 2024-09-21 01:10:34
ERROR - 2024-09-21 13:10:34 --> Error code L001. auctionItemId:12, 2024-09-21 01:10:34
ERROR - 2024-09-21 13:10:34 --> bid calculation initiated auctionItemId:12, 1
ERROR - 2024-09-21 13:10:34 --> bidding value array:{"id":"22","auction_item_id":"12","buyer_id":"3","bid_price":"115.00","sq":"1.000","bq":"1.000","bid_type":"1","created_at":"2024-09-21 13:08:04","updated_at":"2024-09-21 13:08:04"}
ERROR - 2024-09-21 13:10:34 --> Error code 001. HBP:115.00,HABP: 120, 2024-09-21 01:10:34
ERROR - 2024-09-21 13:10:34 --> Error code 003. HBP:115.00,RP: 105, 2024-09-21 01:10:34
ERROR - 2024-09-21 13:10:34 --> Error code 005. HBP:115.00,SLHABP: 0, 2024-09-21 01:10:34
ERROR - 2024-09-21 13:10:34 --> bid calculation Ended auctionItemId:12, 2024-09-21 01:10:34
ERROR - 2024-09-21 13:10:34 --> Error code L002. auctionItemId:12, 2024-09-21 01:10:34
ERROR - 2024-09-21 13:10:34 --> Error code L003. auctionItemId:12, 2024-09-21 01:10:34
ERROR - 2024-09-21 13:10:35 --> E002 - 2024-09-21 01:10:35
ERROR - 2024-09-21 13:10:35 --> E002.1 - 2024-09-21 01:10:35
ERROR - 2024-09-21 13:10:35 --> E004 - 2024-09-21 01:10:35
ERROR - 2024-09-21 13:10:35 --> E004.2 - 2024-09-21 01:10:35
ERROR - 2024-09-21 13:13:48 --> current items data:[{"id":"13","inward_invoice_id":"K3","inward_item_id":"18","auction_id":"3","lot_no":"3","lot_set":"2","auction_quantity":"1","sample_quantity":"0","auction_each_net":"4","base_price":"100","reverse_price":"105","high_price":"0","valuation_price":"110","last_sold_price":null,"status":"1","is_sold":"0","min_bid_added":"0","is_withdrawn":"0","created_at":"2024-09-21 13:02:42","updated_at":"2024-09-21 13:03:11","created_by":"5","updated_by":"5"},{"id":"14","inward_invoice_id":"K5","inward_item_id":"20","auction_id":"3","lot_no":"4","lot_set":"2","auction_quantity":"1","sample_quantity":"0","auction_each_net":"10","base_price":"100","reverse_price":"105","high_price":"0","valuation_price":"110","last_sold_price":null,"status":"1","is_sold":"0","min_bid_added":"0","is_withdrawn":"0","created_at":"2024-09-21 13:02:42","updated_at":"2024-09-21 13:03:11","created_by":"5","updated_by":"5"}], 2024-09-21 01:13:48
ERROR - 2024-09-21 13:13:48 --> Error code L001. auctionItemId:13, 2024-09-21 01:13:48
ERROR - 2024-09-21 13:13:48 --> bid calculation initiated auctionItemId:13, 1
ERROR - 2024-09-21 13:13:48 --> bidding value array:{"id":"25","auction_item_id":"13","buyer_id":"3","bid_price":"105.00","sq":"1.000","bq":"1.000","bid_type":"1","created_at":"2024-09-21 13:10:35","updated_at":"2024-09-21 13:10:35"}
ERROR - 2024-09-21 13:13:48 --> Error code 001. HBP:105.00,HABP: 150, 2024-09-21 01:13:48
ERROR - 2024-09-21 13:13:48 --> Error code 002. HBP:105.00,RP: 105, 2024-09-21 01:13:48
ERROR - 2024-09-21 13:13:48 --> bid calculation Ended auctionItemId:13, 2024-09-21 01:13:48
ERROR - 2024-09-21 13:13:48 --> Error code L002. auctionItemId:13, 2024-09-21 01:13:48
ERROR - 2024-09-21 13:13:48 --> Error code L003. auctionItemId:13, 2024-09-21 01:13:48
ERROR - 2024-09-21 13:13:48 --> Error code L001. auctionItemId:14, 2024-09-21 01:13:48
ERROR - 2024-09-21 13:13:48 --> bid calculation initiated auctionItemId:14, 1
ERROR - 2024-09-21 13:13:48 --> bidding value array:{"id":"26","auction_item_id":"14","buyer_id":"3","bid_price":"115.00","sq":"1.000","bq":"1.000","bid_type":"1","created_at":"2024-09-21 13:10:35","updated_at":"2024-09-21 13:10:35"}
ERROR - 2024-09-21 13:13:48 --> Error code 001. HBP:115.00,HABP: 130, 2024-09-21 01:13:48
ERROR - 2024-09-21 13:13:48 --> Error code 003. HBP:115.00,RP: 105, 2024-09-21 01:13:48
ERROR - 2024-09-21 13:13:48 --> Error code 005. HBP:115.00,SLHABP: 0, 2024-09-21 01:13:48
ERROR - 2024-09-21 13:13:48 --> bid calculation Ended auctionItemId:14, 2024-09-21 01:13:48
ERROR - 2024-09-21 13:13:48 --> Error code L002. auctionItemId:14, 2024-09-21 01:13:48
ERROR - 2024-09-21 13:13:48 --> Error code L003. auctionItemId:14, 2024-09-21 01:13:48
ERROR - 2024-09-21 13:13:49 --> E004 - 2024-09-21 01:13:49
ERROR - 2024-09-21 13:13:49 --> E004.2 - 2024-09-21 01:13:49
ERROR - 2024-09-21 13:18:37 --> current items data:[{"id":"15","inward_invoice_id":"K1","inward_item_id":"16","auction_id":"3","lot_no":"5","lot_set":"3","auction_quantity":"1","sample_quantity":"0","auction_each_net":"2","base_price":"100","reverse_price":"105","high_price":"0","valuation_price":"110","last_sold_price":null,"status":"1","is_sold":"0","min_bid_added":"0","is_withdrawn":"0","created_at":"2024-09-21 13:02:42","updated_at":"2024-09-21 13:03:11","created_by":"5","updated_by":"5"}], 2024-09-21 01:18:37
ERROR - 2024-09-21 13:18:37 --> Error code L001. auctionItemId:15, 2024-09-21 01:18:37
ERROR - 2024-09-21 13:18:37 --> bid calculation initiated auctionItemId:15, 1
ERROR - 2024-09-21 13:18:37 --> bidding value array:{"id":"29","auction_item_id":"15","buyer_id":"3","bid_price":"155.00","sq":"1.000","bq":"1.000","bid_type":"1","created_at":"2024-09-21 13:13:49","updated_at":"2024-09-21 13:13:49"}
ERROR - 2024-09-21 13:18:37 --> Error code 001. HBP:155.00,HABP: 180, 2024-09-21 01:18:37
ERROR - 2024-09-21 13:18:37 --> Error code 003. HBP:155.00,RP: 105, 2024-09-21 01:18:37
ERROR - 2024-09-21 13:18:37 --> Error code 005. HBP:155.00,SLHABP: 0, 2024-09-21 01:18:37
ERROR - 2024-09-21 13:18:37 --> bid calculation Ended auctionItemId:15, 2024-09-21 01:18:37
ERROR - 2024-09-21 13:18:37 --> Error code L002. auctionItemId:15, 2024-09-21 01:18:37
ERROR - 2024-09-21 13:18:37 --> Error code L003. auctionItemId:15, 2024-09-21 01:18:37
CRITICAL - 2024-09-21 13:22:05 --> ErrorException: Undefined variable $auction_data
in APPPATH/Controllers/Cart.php on line 427.
 1 APPPATH/Controllers/Cart.php(427): CodeIgniter\Debug\Exceptions->errorHandler(2, 'Undefined variable $auction_data', '/var/www/eazyhosting.in/public_html/api/app/Controllers/Cart.php', 427)
 2 SYSTEMPATH/CodeIgniter.php(941): App\Controllers\Cart->auctiongardenlist()
 3 SYSTEMPATH/CodeIgniter.php(502): CodeIgniter\CodeIgniter->runController(Object(App\Controllers\Cart))
 4 SYSTEMPATH/CodeIgniter.php(361): CodeIgniter\CodeIgniter->handleRequest(null, Object(Config\Cache), false)
 5 FCPATH/index.php(79): CodeIgniter\CodeIgniter->run()
CRITICAL - 2024-09-21 13:22:22 --> ErrorException: Undefined variable $auction_data
in APPPATH/Controllers/Cart.php on line 427.
 1 APPPATH/Controllers/Cart.php(427): CodeIgniter\Debug\Exceptions->errorHandler(2, 'Undefined variable $auction_data', '/var/www/eazyhosting.in/public_html/api/app/Controllers/Cart.php', 427)
 2 SYSTEMPATH/CodeIgniter.php(941): App\Controllers\Cart->auctiongardenlist()
 3 SYSTEMPATH/CodeIgniter.php(502): CodeIgniter\CodeIgniter->runController(Object(App\Controllers\Cart))
 4 SYSTEMPATH/CodeIgniter.php(361): CodeIgniter\CodeIgniter->handleRequest(null, Object(Config\Cache), false)
 5 FCPATH/index.php(79): CodeIgniter\CodeIgniter->run()
CRITICAL - 2024-09-21 13:22:25 --> ErrorException: Undefined variable $auction_data
in APPPATH/Controllers/Cart.php on line 427.
 1 APPPATH/Controllers/Cart.php(427): CodeIgniter\Debug\Exceptions->errorHandler(2, 'Undefined variable $auction_data', '/var/www/eazyhosting.in/public_html/api/app/Controllers/Cart.php', 427)
 2 SYSTEMPATH/CodeIgniter.php(941): App\Controllers\Cart->auctiongardenlist()
 3 SYSTEMPATH/CodeIgniter.php(502): CodeIgniter\CodeIgniter->runController(Object(App\Controllers\Cart))
 4 SYSTEMPATH/CodeIgniter.php(361): CodeIgniter\CodeIgniter->handleRequest(null, Object(Config\Cache), false)
 5 FCPATH/index.php(79): CodeIgniter\CodeIgniter->run()
ERROR - 2024-09-21 13:26:30 --> E004 - 2024-09-21 01:26:30
ERROR - 2024-09-21 13:26:30 --> E004.2 - 2024-09-21 01:26:30
ERROR - 2024-09-21 13:26:30 --> E004 - 2024-09-21 01:26:30
ERROR - 2024-09-21 13:26:30 --> E004.2 - 2024-09-21 01:26:30
ERROR - 2024-09-21 13:26:30 --> E004 - 2024-09-21 01:26:30
ERROR - 2024-09-21 13:26:30 --> E004.3 - 2024-09-21 01:26:30
ERROR - 2024-09-21 13:26:30 --> E004 - 2024-09-21 01:26:30
ERROR - 2024-09-21 13:26:30 --> E004.3 - 2024-09-21 01:26:30
ERROR - 2024-09-21 13:29:00 --> current items data:[{"id":"16","inward_invoice_id":"R1","inward_item_id":"26","auction_id":"4","lot_no":"1","lot_set":"1","auction_quantity":"1","sample_quantity":"0","auction_each_net":"20","base_price":"100","reverse_price":"105","high_price":"0","valuation_price":"110","last_sold_price":null,"status":"1","is_sold":"0","min_bid_added":"0","is_withdrawn":"0","created_at":"2024-09-21 13:22:28","updated_at":"2024-09-21 13:22:44","created_by":"5","updated_by":"5"},{"id":"17","inward_invoice_id":"R4","inward_item_id":"29","auction_id":"4","lot_no":"2","lot_set":"1","auction_quantity":"1","sample_quantity":"0","auction_each_net":"11","base_price":"100","reverse_price":"105","high_price":"0","valuation_price":"110","last_sold_price":null,"status":"1","is_sold":"0","min_bid_added":"0","is_withdrawn":"0","created_at":"2024-09-21 13:22:28","updated_at":"2024-09-21 13:22:44","created_by":"5","updated_by":"5"}], 2024-09-21 01:29:00
ERROR - 2024-09-21 13:29:00 --> Error code L001. auctionItemId:16, 2024-09-21 01:29:00
ERROR - 2024-09-21 13:29:00 --> bid calculation initiated auctionItemId:16, 2
ERROR - 2024-09-21 13:29:00 --> bidding value array:{"id":"31","auction_item_id":"16","buyer_id":"3","bid_price":"155.00","sq":"1.000","bq":"1.000","bid_type":"1","created_at":"2024-09-21 13:26:30","updated_at":"2024-09-21 13:26:30"}
ERROR - 2024-09-21 13:29:00 --> Error code 001. HBP:155.00,HABP: 180, 2024-09-21 01:29:00
ERROR - 2024-09-21 13:29:00 --> Error code 003. HBP:155.00,RP: 105, 2024-09-21 01:29:00
ERROR - 2024-09-21 13:29:00 --> Error code 005. HBP:155.00,SLHABP: 140, 2024-09-21 01:29:00
ERROR - 2024-09-21 13:29:00 --> bid calculation Ended auctionItemId:16, 2024-09-21 01:29:00
ERROR - 2024-09-21 13:29:00 --> Error code L002. auctionItemId:16, 2024-09-21 01:29:00
ERROR - 2024-09-21 13:29:00 --> Error code L003. auctionItemId:16, 2024-09-21 01:29:00
ERROR - 2024-09-21 13:29:00 --> Error code L001. auctionItemId:17, 2024-09-21 01:29:00
ERROR - 2024-09-21 13:29:00 --> bid calculation initiated auctionItemId:17, 2
ERROR - 2024-09-21 13:29:00 --> bidding value array:{"id":"33","auction_item_id":"17","buyer_id":"1","bid_price":"135.00","sq":"1.000","bq":"1.000","bid_type":"1","created_at":"2024-09-21 13:26:30","updated_at":"2024-09-21 13:26:30"}
ERROR - 2024-09-21 13:29:00 --> Error code 006. HBP:135.00,HABP: 132, 2024-09-21 01:29:00
ERROR - 2024-09-21 13:29:00 --> bid calculation Ended auctionItemId:17, 2024-09-21 01:29:00
ERROR - 2024-09-21 13:29:00 --> Error code L002. auctionItemId:17, 2024-09-21 01:29:00
ERROR - 2024-09-21 13:29:00 --> Error code L003. auctionItemId:17, 2024-09-21 01:29:00
ERROR - 2024-09-21 13:31:39 --> current items data:[], 2024-09-21 01:31:39
CRITICAL - 2024-09-21 14:09:49 --> ErrorException: Undefined variable $auction_data
in APPPATH/Controllers/Cart.php on line 427.
 1 APPPATH/Controllers/Cart.php(427): CodeIgniter\Debug\Exceptions->errorHandler(2, 'Undefined variable $auction_data', '/var/www/eazyhosting.in/public_html/api/app/Controllers/Cart.php', 427)
 2 SYSTEMPATH/CodeIgniter.php(941): App\Controllers\Cart->auctiongardenlist()
 3 SYSTEMPATH/CodeIgniter.php(502): CodeIgniter\CodeIgniter->runController(Object(App\Controllers\Cart))
 4 SYSTEMPATH/CodeIgniter.php(361): CodeIgniter\CodeIgniter->handleRequest(null, Object(Config\Cache), false)
 5 FCPATH/index.php(79): CodeIgniter\CodeIgniter->run()
CRITICAL - 2024-09-21 14:10:57 --> ErrorException: Undefined variable $auction_data
in APPPATH/Controllers/Cart.php on line 427.
 1 APPPATH/Controllers/Cart.php(427): CodeIgniter\Debug\Exceptions->errorHandler(2, 'Undefined variable $auction_data', '/var/www/eazyhosting.in/public_html/api/app/Controllers/Cart.php', 427)
 2 SYSTEMPATH/CodeIgniter.php(941): App\Controllers\Cart->auctiongardenlist()
 3 SYSTEMPATH/CodeIgniter.php(502): CodeIgniter\CodeIgniter->runController(Object(App\Controllers\Cart))
 4 SYSTEMPATH/CodeIgniter.php(361): CodeIgniter\CodeIgniter->handleRequest(null, Object(Config\Cache), false)
 5 FCPATH/index.php(79): CodeIgniter\CodeIgniter->run()
CRITICAL - 2024-09-21 14:11:28 --> ErrorException: Undefined variable $auction_data
in APPPATH/Controllers/Cart.php on line 427.
 1 APPPATH/Controllers/Cart.php(427): CodeIgniter\Debug\Exceptions->errorHandler(2, 'Undefined variable $auction_data', '/var/www/eazyhosting.in/public_html/api/app/Controllers/Cart.php', 427)
 2 SYSTEMPATH/CodeIgniter.php(941): App\Controllers\Cart->auctiongardenlist()
 3 SYSTEMPATH/CodeIgniter.php(502): CodeIgniter\CodeIgniter->runController(Object(App\Controllers\Cart))
 4 SYSTEMPATH/CodeIgniter.php(361): CodeIgniter\CodeIgniter->handleRequest(null, Object(Config\Cache), false)
 5 FCPATH/index.php(79): CodeIgniter\CodeIgniter->run()
CRITICAL - 2024-09-21 14:11:35 --> ErrorException: Undefined variable $auction_data
in APPPATH/Controllers/Cart.php on line 427.
 1 APPPATH/Controllers/Cart.php(427): CodeIgniter\Debug\Exceptions->errorHandler(2, 'Undefined variable $auction_data', '/var/www/eazyhosting.in/public_html/api/app/Controllers/Cart.php', 427)
 2 SYSTEMPATH/CodeIgniter.php(941): App\Controllers\Cart->auctiongardenlist()
 3 SYSTEMPATH/CodeIgniter.php(502): CodeIgniter\CodeIgniter->runController(Object(App\Controllers\Cart))
 4 SYSTEMPATH/CodeIgniter.php(361): CodeIgniter\CodeIgniter->handleRequest(null, Object(Config\Cache), false)
 5 FCPATH/index.php(79): CodeIgniter\CodeIgniter->run()
CRITICAL - 2024-09-21 14:13:09 --> ErrorException: Undefined variable $auction_data
in APPPATH/Controllers/Cart.php on line 427.
 1 APPPATH/Controllers/Cart.php(427): CodeIgniter\Debug\Exceptions->errorHandler(2, 'Undefined variable $auction_data', '/var/www/eazyhosting.in/public_html/api/app/Controllers/Cart.php', 427)
 2 SYSTEMPATH/CodeIgniter.php(941): App\Controllers\Cart->auctiongardenlist()
 3 SYSTEMPATH/CodeIgniter.php(502): CodeIgniter\CodeIgniter->runController(Object(App\Controllers\Cart))
 4 SYSTEMPATH/CodeIgniter.php(361): CodeIgniter\CodeIgniter->handleRequest(null, Object(Config\Cache), false)
 5 FCPATH/index.php(79): CodeIgniter\CodeIgniter->run()
CRITICAL - 2024-09-21 14:13:11 --> ErrorException: Undefined variable $auction_data
in APPPATH/Controllers/Cart.php on line 427.
 1 APPPATH/Controllers/Cart.php(427): CodeIgniter\Debug\Exceptions->errorHandler(2, 'Undefined variable $auction_data', '/var/www/eazyhosting.in/public_html/api/app/Controllers/Cart.php', 427)
 2 SYSTEMPATH/CodeIgniter.php(941): App\Controllers\Cart->auctiongardenlist()
 3 SYSTEMPATH/CodeIgniter.php(502): CodeIgniter\CodeIgniter->runController(Object(App\Controllers\Cart))
 4 SYSTEMPATH/CodeIgniter.php(361): CodeIgniter\CodeIgniter->handleRequest(null, Object(Config\Cache), false)
 5 FCPATH/index.php(79): CodeIgniter\CodeIgniter->run()
ERROR - 2024-09-21 14:33:21 --> E004 - 2024-09-21 02:33:21
ERROR - 2024-09-21 14:33:21 --> E004.2 - 2024-09-21 02:33:21
ERROR - 2024-09-21 14:33:21 --> E004 - 2024-09-21 02:33:21
ERROR - 2024-09-21 14:33:21 --> E004.3 - 2024-09-21 02:33:21
ERROR - 2024-09-21 14:35:51 --> current items data:[{"id":"18","inward_invoice_id":"V2","inward_item_id":"2","auction_id":"5","lot_no":"1","lot_set":"1","auction_quantity":"1","sample_quantity":"0","auction_each_net":"13","base_price":"100","reverse_price":"105","high_price":"0","valuation_price":"110","last_sold_price":null,"status":"1","is_sold":"0","min_bid_added":"0","is_withdrawn":"0","created_at":"2024-09-21 14:13:16","updated_at":"2024-09-21 14:13:33","created_by":"5","updated_by":"5"},{"id":"19","inward_invoice_id":"V1","inward_item_id":"1","auction_id":"5","lot_no":"2","lot_set":"1","auction_quantity":"1","sample_quantity":"0","auction_each_net":"10","base_price":"100","reverse_price":"105","high_price":"0","valuation_price":"110","last_sold_price":null,"status":"1","is_sold":"0","min_bid_added":"0","is_withdrawn":"0","created_at":"2024-09-21 14:13:16","updated_at":"2024-09-21 14:13:33","created_by":"5","updated_by":"5"}], 2024-09-21 02:35:51
ERROR - 2024-09-21 14:35:51 --> Error code L001. auctionItemId:18, 2024-09-21 02:35:51
ERROR - 2024-09-21 14:35:51 --> bid calculation initiated auctionItemId:18, 2
ERROR - 2024-09-21 14:35:51 --> bidding value array:{"id":"37","auction_item_id":"18","buyer_id":"3","bid_price":"151.00","sq":"1.000","bq":"1.000","bid_type":"1","created_at":"2024-09-21 14:33:21","updated_at":"2024-09-21 14:33:21"}
ERROR - 2024-09-21 14:35:51 --> Error code 001. HBP:151.00,HABP: 180, 2024-09-21 02:35:51
ERROR - 2024-09-21 14:35:51 --> Error code 003. HBP:151.00,RP: 105, 2024-09-21 02:35:51
ERROR - 2024-09-21 14:35:51 --> Error code 005. HBP:151.00,SLHABP: 140, 2024-09-21 02:35:51
ERROR - 2024-09-21 14:35:51 --> bid calculation Ended auctionItemId:18, 2024-09-21 02:35:51
ERROR - 2024-09-21 14:35:51 --> Error code L002. auctionItemId:18, 2024-09-21 02:35:51
ERROR - 2024-09-21 14:35:51 --> Error code L003. auctionItemId:18, 2024-09-21 02:35:51
ERROR - 2024-09-21 14:35:51 --> Error code L001. auctionItemId:19, 2024-09-21 02:35:51
ERROR - 2024-09-21 14:35:51 --> bid calculation initiated auctionItemId:19, 2
ERROR - 2024-09-21 14:35:51 --> bidding value array:{"id":"38","auction_item_id":"19","buyer_id":"1","bid_price":"117.00","sq":"1.000","bq":"1.000","bid_type":"1","created_at":"2024-09-21 14:33:21","updated_at":"2024-09-21 14:33:21"}
ERROR - 2024-09-21 14:35:51 --> Error code 001. HBP:117.00,HABP: 120, 2024-09-21 02:35:51
ERROR - 2024-09-21 14:35:51 --> Error code 003. HBP:117.00,RP: 105, 2024-09-21 02:35:51
ERROR - 2024-09-21 14:35:51 --> Error code 005. HBP:117.00,SLHABP: 116, 2024-09-21 02:35:51
ERROR - 2024-09-21 14:35:51 --> bid calculation Ended auctionItemId:19, 2024-09-21 02:35:51
ERROR - 2024-09-21 14:35:51 --> Error code L002. auctionItemId:19, 2024-09-21 02:35:51
ERROR - 2024-09-21 14:35:51 --> Error code L003. auctionItemId:19, 2024-09-21 02:35:51
ERROR - 2024-09-21 14:35:52 --> E004 - 2024-09-21 02:35:52
ERROR - 2024-09-21 14:35:52 --> E004.3 - 2024-09-21 02:35:52
ERROR - 2024-09-21 14:35:55 --> current items data:[], 2024-09-21 02:35:55
ERROR - 2024-09-21 14:40:13 --> current items data:[{"id":"20","inward_invoice_id":"V3","inward_item_id":"3","auction_id":"5","lot_no":"3","lot_set":"2","auction_quantity":"1","sample_quantity":"0","auction_each_net":"9","base_price":"100","reverse_price":"105","high_price":"0","valuation_price":"110","last_sold_price":null,"status":"1","is_sold":"0","min_bid_added":"0","is_withdrawn":"0","created_at":"2024-09-21 14:13:16","updated_at":"2024-09-21 14:13:33","created_by":"5","updated_by":"5"}], 2024-09-21 02:40:13
ERROR - 2024-09-21 14:40:13 --> Error code L001. auctionItemId:20, 2024-09-21 02:40:13
ERROR - 2024-09-21 14:40:13 --> bid calculation initiated auctionItemId:20, 2
ERROR - 2024-09-21 14:40:13 --> bidding value array:{"id":"41","auction_item_id":"20","buyer_id":"1","bid_price":"131.00","sq":"1.000","bq":"1.000","bid_type":"1","created_at":"2024-09-21 14:35:52","updated_at":"2024-09-21 14:35:52"}
ERROR - 2024-09-21 14:40:13 --> Error code 001. HBP:131.00,HABP: 132, 2024-09-21 02:40:13
ERROR - 2024-09-21 14:40:13 --> Error code 003. HBP:131.00,RP: 105, 2024-09-21 02:40:13
ERROR - 2024-09-21 14:40:13 --> Error code 005. HBP:131.00,SLHABP: 130, 2024-09-21 02:40:13
ERROR - 2024-09-21 14:40:13 --> bid calculation Ended auctionItemId:20, 2024-09-21 02:40:13
ERROR - 2024-09-21 14:40:13 --> Error code L002. auctionItemId:20, 2024-09-21 02:40:13
ERROR - 2024-09-21 14:40:13 --> Error code L003. auctionItemId:20, 2024-09-21 02:40:13
