CRITICAL - 2024-08-13 11:05:28 --> ErrorException: Undefined variable $auction_data
in APPPATH/Controllers/Cart.php on line 427.
 1 APPPATH/Controllers/Cart.php(427): CodeIgniter\Debug\Exceptions->errorHandler(2, 'Undefined variable $auction_data', '/var/www/eazyhosting.in/public_html/api/app/Controllers/Cart.php', 427)
 2 SYSTEMPATH/CodeIgniter.php(941): App\Controllers\Cart->auctiongardenlist()
 3 SYSTEMPATH/CodeIgniter.php(502): CodeIgniter\CodeIgniter->runController(Object(App\Controllers\Cart))
 4 SYSTEMPATH/CodeIgniter.php(361): CodeIgniter\CodeIgniter->handleRequest(null, Object(Config\Cache), false)
 5 FCPATH/index.php(79): CodeIgniter\CodeIgniter->run()
CRITICAL - 2024-08-13 11:06:06 --> ErrorException: Undefined variable $auction_data
in APPPATH/Controllers/Cart.php on line 427.
 1 APPPATH/Controllers/Cart.php(427): CodeIgniter\Debug\Exceptions->errorHandler(2, 'Undefined variable $auction_data', '/var/www/eazyhosting.in/public_html/api/app/Controllers/Cart.php', 427)
 2 SYSTEMPATH/CodeIgniter.php(941): App\Controllers\Cart->auctiongardenlist()
 3 SYSTEMPATH/CodeIgniter.php(502): CodeIgniter\CodeIgniter->runController(Object(App\Controllers\Cart))
 4 SYSTEMPATH/CodeIgniter.php(361): CodeIgniter\CodeIgniter->handleRequest(null, Object(Config\Cache), false)
 5 FCPATH/index.php(79): CodeIgniter\CodeIgniter->run()
CRITICAL - 2024-08-13 11:07:37 --> ErrorException: Undefined variable $auction_data
in APPPATH/Controllers/Cart.php on line 427.
 1 APPPATH/Controllers/Cart.php(427): CodeIgniter\Debug\Exceptions->errorHandler(2, 'Undefined variable $auction_data', '/var/www/eazyhosting.in/public_html/api/app/Controllers/Cart.php', 427)
 2 SYSTEMPATH/CodeIgniter.php(941): App\Controllers\Cart->auctiongardenlist()
 3 SYSTEMPATH/CodeIgniter.php(502): CodeIgniter\CodeIgniter->runController(Object(App\Controllers\Cart))
 4 SYSTEMPATH/CodeIgniter.php(361): CodeIgniter\CodeIgniter->handleRequest(null, Object(Config\Cache), false)
 5 FCPATH/index.php(79): CodeIgniter\CodeIgniter->run()
ERROR - 2024-08-13 11:41:21 --> bid calculation initiated auctionItemId:9, 2024-08-13 11:41:21
ERROR - 2024-08-13 11:41:21 --> bid calculation Ended auctionItemId:9, 2024-08-13 11:41:21
ERROR - 2024-08-13 11:41:21 --> bid calculation initiated auctionItemId:10, 2024-08-13 11:41:21
ERROR - 2024-08-13 11:41:21 --> bid calculation Ended auctionItemId:10, 2024-08-13 11:41:21
ERROR - 2024-08-13 11:41:28 --> bid calculation initiated auctionItemId:9, 2024-08-13 11:41:28
ERROR - 2024-08-13 11:41:28 --> bid calculation Ended auctionItemId:9, 2024-08-13 11:41:28
ERROR - 2024-08-13 11:41:28 --> bid calculation initiated auctionItemId:10, 2024-08-13 11:41:28
ERROR - 2024-08-13 11:41:28 --> bid calculation Ended auctionItemId:10, 2024-08-13 11:41:28
ERROR - 2024-08-13 11:41:51 --> current items data:[{"id":"9","inward_invoice_id":"V2","inward_item_id":"2","auction_id":"2","lot_no":"1","lot_set":"1","auction_quantity":"1","sample_quantity":"1","auction_each_net":"13","base_price":"100","reverse_price":"105","high_price":"0","valuation_price":"110","last_sold_price":null,"status":"1","is_sold":"0","min_bid_added":"0","is_withdrawn":"0","created_at":"2024-08-13 11:10:46","updated_at":"2024-08-13 11:11:28","created_by":"5","updated_by":"5"},{"id":"10","inward_invoice_id":"V1","inward_item_id":"1","auction_id":"2","lot_no":"2","lot_set":"1","auction_quantity":"1","sample_quantity":"1","auction_each_net":"10","base_price":"100","reverse_price":"105","high_price":"0","valuation_price":"110","last_sold_price":null,"status":"1","is_sold":"0","min_bid_added":"0","is_withdrawn":"0","created_at":"2024-08-13 11:10:46","updated_at":"2024-08-13 11:11:28","created_by":"5","updated_by":"5"}], 2024-08-13 11:41:51
ERROR - 2024-08-13 11:41:51 --> Error code L001. auctionItemId:9, 2024-08-13 11:41:51
ERROR - 2024-08-13 11:41:51 --> bid calculation initiated auctionItemId:9, 2024-08-13 11:41:51
ERROR - 2024-08-13 11:41:51 --> bid calculation Ended auctionItemId:9, 2024-08-13 11:41:51
ERROR - 2024-08-13 11:41:51 --> Error code L002. auctionItemId:9, 2024-08-13 11:41:51
ERROR - 2024-08-13 11:41:51 --> Error code L003. auctionItemId:9, 2024-08-13 11:41:51
ERROR - 2024-08-13 11:41:51 --> Error code L001. auctionItemId:10, 2024-08-13 11:41:51
ERROR - 2024-08-13 11:41:51 --> bid calculation initiated auctionItemId:10, 2024-08-13 11:41:51
ERROR - 2024-08-13 11:41:51 --> bid calculation Ended auctionItemId:10, 2024-08-13 11:41:51
ERROR - 2024-08-13 11:41:51 --> Error code L002. auctionItemId:10, 2024-08-13 11:41:51
ERROR - 2024-08-13 11:41:51 --> Error code L003. auctionItemId:10, 2024-08-13 11:41:51
ERROR - 2024-08-13 11:42:52 --> bid calculation initiated auctionItemId:11, 2024-08-13 11:42:52
ERROR - 2024-08-13 11:42:52 --> bid calculation Ended auctionItemId:11, 2024-08-13 11:42:52
ERROR - 2024-08-13 11:42:52 --> bid calculation initiated auctionItemId:12, 2024-08-13 11:42:52
ERROR - 2024-08-13 11:42:52 --> bid calculation Ended auctionItemId:12, 2024-08-13 11:42:52
ERROR - 2024-08-13 11:42:52 --> bid calculation initiated auctionItemId:11, 2024-08-13 11:42:52
ERROR - 2024-08-13 11:42:52 --> bid calculation Ended auctionItemId:11, 2024-08-13 11:42:52
ERROR - 2024-08-13 11:42:52 --> bid calculation initiated auctionItemId:12, 2024-08-13 11:42:52
ERROR - 2024-08-13 11:42:52 --> bid calculation Ended auctionItemId:12, 2024-08-13 11:42:52
ERROR - 2024-08-13 11:43:22 --> current items data:[{"id":"11","inward_invoice_id":"V4","inward_item_id":"4","auction_id":"2","lot_no":"3","lot_set":"2","auction_quantity":"1","sample_quantity":"1","auction_each_net":"2","base_price":"100","reverse_price":"105","high_price":"0","valuation_price":"110","last_sold_price":null,"status":"1","is_sold":"0","min_bid_added":"0","is_withdrawn":"0","created_at":"2024-08-13 11:10:46","updated_at":"2024-08-13 11:11:28","created_by":"5","updated_by":"5"},{"id":"12","inward_invoice_id":"V3","inward_item_id":"3","auction_id":"2","lot_no":"4","lot_set":"2","auction_quantity":"1","sample_quantity":"1","auction_each_net":"9","base_price":"100","reverse_price":"105","high_price":"0","valuation_price":"110","last_sold_price":null,"status":"1","is_sold":"0","min_bid_added":"0","is_withdrawn":"0","created_at":"2024-08-13 11:10:46","updated_at":"2024-08-13 11:11:28","created_by":"5","updated_by":"5"}], 2024-08-13 11:43:22
ERROR - 2024-08-13 11:43:22 --> Error code L001. auctionItemId:11, 2024-08-13 11:43:22
ERROR - 2024-08-13 11:43:22 --> bid calculation initiated auctionItemId:11, 2024-08-13 11:43:22
ERROR - 2024-08-13 11:43:22 --> bid calculation Ended auctionItemId:11, 2024-08-13 11:43:22
ERROR - 2024-08-13 11:43:22 --> Error code L002. auctionItemId:11, 2024-08-13 11:43:22
ERROR - 2024-08-13 11:43:22 --> Error code L003. auctionItemId:11, 2024-08-13 11:43:22
ERROR - 2024-08-13 11:43:22 --> Error code L001. auctionItemId:12, 2024-08-13 11:43:22
ERROR - 2024-08-13 11:43:22 --> bid calculation initiated auctionItemId:12, 2024-08-13 11:43:22
ERROR - 2024-08-13 11:43:22 --> bid calculation Ended auctionItemId:12, 2024-08-13 11:43:22
ERROR - 2024-08-13 11:43:22 --> Error code L002. auctionItemId:12, 2024-08-13 11:43:22
ERROR - 2024-08-13 11:43:22 --> Error code L003. auctionItemId:12, 2024-08-13 11:43:22
ERROR - 2024-08-13 11:44:23 --> bid calculation initiated auctionItemId:13, 2024-08-13 11:44:23
ERROR - 2024-08-13 11:44:23 --> bid calculation Ended auctionItemId:13, 2024-08-13 11:44:23
ERROR - 2024-08-13 11:44:23 --> bid calculation initiated auctionItemId:14, 2024-08-13 11:44:23
ERROR - 2024-08-13 11:44:23 --> bid calculation Ended auctionItemId:14, 2024-08-13 11:44:23
ERROR - 2024-08-13 11:44:24 --> bid calculation initiated auctionItemId:13, 2024-08-13 11:44:24
ERROR - 2024-08-13 11:44:24 --> bid calculation Ended auctionItemId:13, 2024-08-13 11:44:24
ERROR - 2024-08-13 11:44:24 --> bid calculation initiated auctionItemId:14, 2024-08-13 11:44:24
ERROR - 2024-08-13 11:44:24 --> bid calculation Ended auctionItemId:14, 2024-08-13 11:44:24
ERROR - 2024-08-13 11:44:53 --> current items data:[{"id":"13","inward_invoice_id":"V5","inward_item_id":"5","auction_id":"2","lot_no":"5","lot_set":"3","auction_quantity":"1","sample_quantity":"1","auction_each_net":"15","base_price":"100","reverse_price":"105","high_price":"0","valuation_price":"110","last_sold_price":null,"status":"1","is_sold":"0","min_bid_added":"0","is_withdrawn":"0","created_at":"2024-08-13 11:10:46","updated_at":"2024-08-13 11:11:28","created_by":"5","updated_by":"5"},{"id":"14","inward_invoice_id":"S1","inward_item_id":"6","auction_id":"2","lot_no":"6","lot_set":"3","auction_quantity":"1","sample_quantity":"1","auction_each_net":"17","base_price":"100","reverse_price":"105","high_price":"0","valuation_price":"110","last_sold_price":null,"status":"1","is_sold":"0","min_bid_added":"0","is_withdrawn":"0","created_at":"2024-08-13 11:10:46","updated_at":"2024-08-13 11:11:28","created_by":"5","updated_by":"5"}], 2024-08-13 11:44:53
ERROR - 2024-08-13 11:44:53 --> Error code L001. auctionItemId:13, 2024-08-13 11:44:53
ERROR - 2024-08-13 11:44:53 --> bid calculation initiated auctionItemId:13, 2024-08-13 11:44:53
ERROR - 2024-08-13 11:44:53 --> bid calculation Ended auctionItemId:13, 2024-08-13 11:44:53
ERROR - 2024-08-13 11:44:53 --> Error code L002. auctionItemId:13, 2024-08-13 11:44:53
ERROR - 2024-08-13 11:44:53 --> Error code L003. auctionItemId:13, 2024-08-13 11:44:53
ERROR - 2024-08-13 11:44:53 --> Error code L001. auctionItemId:14, 2024-08-13 11:44:53
ERROR - 2024-08-13 11:44:53 --> bid calculation initiated auctionItemId:14, 2024-08-13 11:44:53
ERROR - 2024-08-13 11:44:53 --> bid calculation Ended auctionItemId:14, 2024-08-13 11:44:53
ERROR - 2024-08-13 11:44:53 --> Error code L002. auctionItemId:14, 2024-08-13 11:44:53
ERROR - 2024-08-13 11:44:53 --> Error code L003. auctionItemId:14, 2024-08-13 11:44:53
ERROR - 2024-08-13 11:45:54 --> bid calculation initiated auctionItemId:15, 2024-08-13 11:45:54
ERROR - 2024-08-13 11:45:54 --> bid calculation Ended auctionItemId:15, 2024-08-13 11:45:54
ERROR - 2024-08-13 11:45:54 --> bid calculation initiated auctionItemId:16, 2024-08-13 11:45:54
ERROR - 2024-08-13 11:45:54 --> bid calculation Ended auctionItemId:16, 2024-08-13 11:45:54
ERROR - 2024-08-13 11:45:54 --> bid calculation initiated auctionItemId:15, 2024-08-13 11:45:54
ERROR - 2024-08-13 11:45:54 --> bid calculation Ended auctionItemId:15, 2024-08-13 11:45:54
ERROR - 2024-08-13 11:45:54 --> bid calculation initiated auctionItemId:16, 2024-08-13 11:45:54
ERROR - 2024-08-13 11:45:54 --> bid calculation Ended auctionItemId:16, 2024-08-13 11:45:54
ERROR - 2024-08-13 11:46:24 --> current items data:[{"id":"15","inward_invoice_id":"S2","inward_item_id":"7","auction_id":"2","lot_no":"7","lot_set":"4","auction_quantity":"1","sample_quantity":"1","auction_each_net":"7","base_price":"100","reverse_price":"105","high_price":"0","valuation_price":"110","last_sold_price":null,"status":"1","is_sold":"0","min_bid_added":"0","is_withdrawn":"0","created_at":"2024-08-13 11:10:46","updated_at":"2024-08-13 11:11:28","created_by":"5","updated_by":"5"},{"id":"16","inward_invoice_id":"S3","inward_item_id":"8","auction_id":"2","lot_no":"8","lot_set":"4","auction_quantity":"1","sample_quantity":"1","auction_each_net":"21","base_price":"100","reverse_price":"105","high_price":"0","valuation_price":"110","last_sold_price":null,"status":"1","is_sold":"0","min_bid_added":"0","is_withdrawn":"0","created_at":"2024-08-13 11:10:46","updated_at":"2024-08-13 11:11:28","created_by":"5","updated_by":"5"}], 2024-08-13 11:46:24
ERROR - 2024-08-13 11:46:24 --> Error code L001. auctionItemId:15, 2024-08-13 11:46:24
ERROR - 2024-08-13 11:46:24 --> bid calculation initiated auctionItemId:15, 2024-08-13 11:46:24
ERROR - 2024-08-13 11:46:24 --> bid calculation Ended auctionItemId:15, 2024-08-13 11:46:24
ERROR - 2024-08-13 11:46:24 --> Error code L002. auctionItemId:15, 2024-08-13 11:46:24
ERROR - 2024-08-13 11:46:24 --> Error code L003. auctionItemId:15, 2024-08-13 11:46:24
ERROR - 2024-08-13 11:46:24 --> Error code L001. auctionItemId:16, 2024-08-13 11:46:24
ERROR - 2024-08-13 11:46:24 --> bid calculation initiated auctionItemId:16, 2024-08-13 11:46:24
ERROR - 2024-08-13 11:46:24 --> bid calculation Ended auctionItemId:16, 2024-08-13 11:46:24
ERROR - 2024-08-13 11:46:24 --> Error code L002. auctionItemId:16, 2024-08-13 11:46:24
ERROR - 2024-08-13 11:46:24 --> Error code L003. auctionItemId:16, 2024-08-13 11:46:24
CRITICAL - 2024-08-13 11:47:16 --> ErrorException: Undefined variable $auction_data
in APPPATH/Controllers/Cart.php on line 427.
 1 APPPATH/Controllers/Cart.php(427): CodeIgniter\Debug\Exceptions->errorHandler(2, 'Undefined variable $auction_data', '/var/www/eazyhosting.in/public_html/api/app/Controllers/Cart.php', 427)
 2 SYSTEMPATH/CodeIgniter.php(941): App\Controllers\Cart->auctiongardenlist()
 3 SYSTEMPATH/CodeIgniter.php(502): CodeIgniter\CodeIgniter->runController(Object(App\Controllers\Cart))
 4 SYSTEMPATH/CodeIgniter.php(361): CodeIgniter\CodeIgniter->handleRequest(null, Object(Config\Cache), false)
 5 FCPATH/index.php(79): CodeIgniter\CodeIgniter->run()
CRITICAL - 2024-08-13 11:47:47 --> ErrorException: Undefined variable $auction_data
in APPPATH/Controllers/Cart.php on line 427.
 1 APPPATH/Controllers/Cart.php(427): CodeIgniter\Debug\Exceptions->errorHandler(2, 'Undefined variable $auction_data', '/var/www/eazyhosting.in/public_html/api/app/Controllers/Cart.php', 427)
 2 SYSTEMPATH/CodeIgniter.php(941): App\Controllers\Cart->auctiongardenlist()
 3 SYSTEMPATH/CodeIgniter.php(502): CodeIgniter\CodeIgniter->runController(Object(App\Controllers\Cart))
 4 SYSTEMPATH/CodeIgniter.php(361): CodeIgniter\CodeIgniter->handleRequest(null, Object(Config\Cache), false)
 5 FCPATH/index.php(79): CodeIgniter\CodeIgniter->run()
CRITICAL - 2024-08-13 11:47:51 --> ErrorException: Undefined variable $auction_data
in APPPATH/Controllers/Cart.php on line 427.
 1 APPPATH/Controllers/Cart.php(427): CodeIgniter\Debug\Exceptions->errorHandler(2, 'Undefined variable $auction_data', '/var/www/eazyhosting.in/public_html/api/app/Controllers/Cart.php', 427)
 2 SYSTEMPATH/CodeIgniter.php(941): App\Controllers\Cart->auctiongardenlist()
 3 SYSTEMPATH/CodeIgniter.php(502): CodeIgniter\CodeIgniter->runController(Object(App\Controllers\Cart))
 4 SYSTEMPATH/CodeIgniter.php(361): CodeIgniter\CodeIgniter->handleRequest(null, Object(Config\Cache), false)
 5 FCPATH/index.php(79): CodeIgniter\CodeIgniter->run()
ERROR - 2024-08-13 11:53:11 --> bid calculation initiated auctionItemId:17, 2024-08-13 11:53:11
ERROR - 2024-08-13 11:53:11 --> bid calculation Ended auctionItemId:17, 2024-08-13 11:53:11
ERROR - 2024-08-13 11:53:11 --> bid calculation initiated auctionItemId:18, 2024-08-13 11:53:11
ERROR - 2024-08-13 11:53:11 --> bid calculation Ended auctionItemId:18, 2024-08-13 11:53:11
ERROR - 2024-08-13 11:53:11 --> bid calculation initiated auctionItemId:17, 2024-08-13 11:53:11
ERROR - 2024-08-13 11:53:11 --> bid calculation Ended auctionItemId:17, 2024-08-13 11:53:11
ERROR - 2024-08-13 11:53:11 --> bid calculation initiated auctionItemId:18, 2024-08-13 11:53:11
ERROR - 2024-08-13 11:53:11 --> bid calculation Ended auctionItemId:18, 2024-08-13 11:53:11
ERROR - 2024-08-13 11:53:41 --> current items data:[{"id":"17","inward_invoice_id":"V2","inward_item_id":"2","auction_id":"3","lot_no":"1","lot_set":"1","auction_quantity":"1","sample_quantity":"1","auction_each_net":"13","base_price":"100","reverse_price":"105","high_price":"0","valuation_price":"110","last_sold_price":null,"status":"1","is_sold":"0","min_bid_added":"0","is_withdrawn":"0","created_at":"2024-08-13 11:47:54","updated_at":"2024-08-13 11:48:33","created_by":"5","updated_by":"5"},{"id":"18","inward_invoice_id":"V1","inward_item_id":"1","auction_id":"3","lot_no":"2","lot_set":"1","auction_quantity":"1","sample_quantity":"1","auction_each_net":"10","base_price":"100","reverse_price":"105","high_price":"0","valuation_price":"110","last_sold_price":null,"status":"1","is_sold":"0","min_bid_added":"0","is_withdrawn":"0","created_at":"2024-08-13 11:47:54","updated_at":"2024-08-13 11:48:33","created_by":"5","updated_by":"5"}], 2024-08-13 11:53:41
ERROR - 2024-08-13 11:53:41 --> Error code L001. auctionItemId:17, 2024-08-13 11:53:41
ERROR - 2024-08-13 11:53:41 --> bid calculation initiated auctionItemId:17, 2024-08-13 11:53:41
ERROR - 2024-08-13 11:53:41 --> bid calculation Ended auctionItemId:17, 2024-08-13 11:53:41
ERROR - 2024-08-13 11:53:41 --> Error code L002. auctionItemId:17, 2024-08-13 11:53:41
ERROR - 2024-08-13 11:53:41 --> Error code L003. auctionItemId:17, 2024-08-13 11:53:41
ERROR - 2024-08-13 11:53:41 --> Error code L001. auctionItemId:18, 2024-08-13 11:53:41
ERROR - 2024-08-13 11:53:41 --> bid calculation initiated auctionItemId:18, 2024-08-13 11:53:41
ERROR - 2024-08-13 11:53:41 --> bid calculation Ended auctionItemId:18, 2024-08-13 11:53:41
ERROR - 2024-08-13 11:53:41 --> Error code L002. auctionItemId:18, 2024-08-13 11:53:41
ERROR - 2024-08-13 11:53:41 --> Error code L003. auctionItemId:18, 2024-08-13 11:53:41
ERROR - 2024-08-13 11:54:32 --> current items data:[], 2024-08-13 11:54:32
ERROR - 2024-08-13 11:54:42 --> bid calculation initiated auctionItemId:19, 2024-08-13 11:54:42
ERROR - 2024-08-13 11:54:42 --> Error code 001. HBP:102.00,HABP: 110.00, 2024-08-13 11:54:42
ERROR - 2024-08-13 11:54:42 --> Error code 002. HBP:102.00,RP: 105, 2024-08-13 11:54:42
ERROR - 2024-08-13 11:54:42 --> bid calculation Ended auctionItemId:19, 2024-08-13 11:54:42
ERROR - 2024-08-13 11:54:42 --> bid calculation initiated auctionItemId:20, 2024-08-13 11:54:42
ERROR - 2024-08-13 11:54:42 --> Error code 001. HBP:116.00,HABP: 120.00, 2024-08-13 11:54:42
ERROR - 2024-08-13 11:54:42 --> Error code 003. HBP:116.00,RP: 105, 2024-08-13 11:54:42
ERROR - 2024-08-13 11:54:42 --> Error code 005. HBP:116.00,SLHABP: 0.00, 2024-08-13 11:54:42
ERROR - 2024-08-13 11:54:42 --> bid calculation Ended auctionItemId:20, 2024-08-13 11:54:42
ERROR - 2024-08-13 11:55:13 --> current items data:[{"id":"19","inward_invoice_id":"V4","inward_item_id":"4","auction_id":"3","lot_no":"3","lot_set":"2","auction_quantity":"1","sample_quantity":"1","auction_each_net":"2","base_price":"100","reverse_price":"105","high_price":"0","valuation_price":"110","last_sold_price":null,"status":"1","is_sold":"0","min_bid_added":"0","is_withdrawn":"0","created_at":"2024-08-13 11:47:54","updated_at":"2024-08-13 11:48:33","created_by":"5","updated_by":"5"},{"id":"20","inward_invoice_id":"V3","inward_item_id":"3","auction_id":"3","lot_no":"4","lot_set":"2","auction_quantity":"1","sample_quantity":"1","auction_each_net":"9","base_price":"100","reverse_price":"105","high_price":"0","valuation_price":"110","last_sold_price":null,"status":"1","is_sold":"0","min_bid_added":"0","is_withdrawn":"0","created_at":"2024-08-13 11:47:54","updated_at":"2024-08-13 11:48:33","created_by":"5","updated_by":"5"}], 2024-08-13 11:55:13
ERROR - 2024-08-13 11:55:13 --> Error code L001. auctionItemId:19, 2024-08-13 11:55:13
ERROR - 2024-08-13 11:55:13 --> bid calculation initiated auctionItemId:19, 2024-08-13 11:55:13
ERROR - 2024-08-13 11:55:13 --> Error code 001. HBP:105.00,HABP: 110.00, 2024-08-13 11:55:13
ERROR - 2024-08-13 11:55:13 --> Error code 002. HBP:105.00,RP: 105, 2024-08-13 11:55:13
ERROR - 2024-08-13 11:55:13 --> bid calculation Ended auctionItemId:19, 2024-08-13 11:55:13
ERROR - 2024-08-13 11:55:13 --> Error code L002. auctionItemId:19, 2024-08-13 11:55:13
ERROR - 2024-08-13 11:55:13 --> Error code L003. auctionItemId:19, 2024-08-13 11:55:13
ERROR - 2024-08-13 11:55:13 --> Error code L001. auctionItemId:20, 2024-08-13 11:55:13
ERROR - 2024-08-13 11:55:13 --> bid calculation initiated auctionItemId:20, 2024-08-13 11:55:13
ERROR - 2024-08-13 11:55:13 --> Error code 001. HBP:117.00,HABP: 120.00, 2024-08-13 11:55:13
ERROR - 2024-08-13 11:55:13 --> Error code 003. HBP:117.00,RP: 105, 2024-08-13 11:55:13
ERROR - 2024-08-13 11:55:13 --> Error code 005. HBP:117.00,SLHABP: 0.00, 2024-08-13 11:55:13
ERROR - 2024-08-13 11:55:13 --> bid calculation Ended auctionItemId:20, 2024-08-13 11:55:13
ERROR - 2024-08-13 11:55:13 --> Error code L002. auctionItemId:20, 2024-08-13 11:55:13
ERROR - 2024-08-13 11:55:13 --> Error code L003. auctionItemId:20, 2024-08-13 11:55:13
ERROR - 2024-08-13 11:56:04 --> current items data:[], 2024-08-13 11:56:04
ERROR - 2024-08-13 11:56:14 --> bid calculation initiated auctionItemId:21, 2024-08-13 11:56:14
ERROR - 2024-08-13 11:56:14 --> bid calculation Ended auctionItemId:21, 2024-08-13 11:56:14
ERROR - 2024-08-13 11:56:14 --> bid calculation initiated auctionItemId:22, 2024-08-13 11:56:14
ERROR - 2024-08-13 11:56:14 --> Error code 007. HBP:110.00,HABP: 110.00, 2024-08-13 11:56:14
ERROR - 2024-08-13 11:56:14 --> bid calculation Ended auctionItemId:22, 2024-08-13 11:56:14
ERROR - 2024-08-13 11:56:44 --> current items data:[{"id":"21","inward_invoice_id":"V5","inward_item_id":"5","auction_id":"3","lot_no":"5","lot_set":"3","auction_quantity":"1","sample_quantity":"1","auction_each_net":"15","base_price":"100","reverse_price":"105","high_price":"0","valuation_price":"110","last_sold_price":null,"status":"1","is_sold":"0","min_bid_added":"0","is_withdrawn":"0","created_at":"2024-08-13 11:47:54","updated_at":"2024-08-13 11:48:33","created_by":"5","updated_by":"5"},{"id":"22","inward_invoice_id":"S1","inward_item_id":"6","auction_id":"3","lot_no":"6","lot_set":"3","auction_quantity":"1","sample_quantity":"1","auction_each_net":"17","base_price":"100","reverse_price":"105","high_price":"0","valuation_price":"110","last_sold_price":null,"status":"1","is_sold":"0","min_bid_added":"0","is_withdrawn":"0","created_at":"2024-08-13 11:47:54","updated_at":"2024-08-13 11:48:33","created_by":"5","updated_by":"5"}], 2024-08-13 11:56:44
ERROR - 2024-08-13 11:56:44 --> Error code L001. auctionItemId:21, 2024-08-13 11:56:44
ERROR - 2024-08-13 11:56:44 --> bid calculation initiated auctionItemId:21, 2024-08-13 11:56:44
ERROR - 2024-08-13 11:56:44 --> bid calculation Ended auctionItemId:21, 2024-08-13 11:56:44
ERROR - 2024-08-13 11:56:44 --> Error code L002. auctionItemId:21, 2024-08-13 11:56:44
ERROR - 2024-08-13 11:56:44 --> Error code L003. auctionItemId:21, 2024-08-13 11:56:44
ERROR - 2024-08-13 11:56:44 --> Error code L001. auctionItemId:22, 2024-08-13 11:56:44
ERROR - 2024-08-13 11:56:44 --> bid calculation initiated auctionItemId:22, 2024-08-13 11:56:44
ERROR - 2024-08-13 11:56:44 --> Error code 007. HBP:110.00,HABP: 110.00, 2024-08-13 11:56:44
ERROR - 2024-08-13 11:56:44 --> bid calculation Ended auctionItemId:22, 2024-08-13 11:56:44
ERROR - 2024-08-13 11:56:44 --> Error code L002. auctionItemId:22, 2024-08-13 11:56:44
ERROR - 2024-08-13 11:56:44 --> Error code L003. auctionItemId:22, 2024-08-13 11:56:44
ERROR - 2024-08-13 11:57:45 --> bid calculation initiated auctionItemId:23, 2024-08-13 11:57:45
ERROR - 2024-08-13 11:57:45 --> Error code 001. HBP:100.00,HABP: 110.00, 2024-08-13 11:57:45
ERROR - 2024-08-13 11:57:45 --> Error code 002. HBP:100.00,RP: 105, 2024-08-13 11:57:45
ERROR - 2024-08-13 11:57:45 --> bid calculation Ended auctionItemId:23, 2024-08-13 11:57:45
ERROR - 2024-08-13 11:57:45 --> bid calculation initiated auctionItemId:24, 2024-08-13 11:57:45
ERROR - 2024-08-13 11:57:45 --> bid calculation Ended auctionItemId:24, 2024-08-13 11:57:45
ERROR - 2024-08-13 11:57:45 --> bid calculation initiated auctionItemId:23, 2024-08-13 11:57:45
ERROR - 2024-08-13 11:57:45 --> Error code 001. HBP:105.00,HABP: 110.00, 2024-08-13 11:57:45
ERROR - 2024-08-13 11:57:45 --> Error code 002. HBP:105.00,RP: 105, 2024-08-13 11:57:45
ERROR - 2024-08-13 11:57:45 --> bid calculation Ended auctionItemId:23, 2024-08-13 11:57:45
ERROR - 2024-08-13 11:57:45 --> bid calculation initiated auctionItemId:24, 2024-08-13 11:57:45
ERROR - 2024-08-13 11:57:45 --> bid calculation Ended auctionItemId:24, 2024-08-13 11:57:45
ERROR - 2024-08-13 11:57:46 --> current items data:[{"id":"23","inward_invoice_id":"S2","inward_item_id":"7","auction_id":"3","lot_no":"7","lot_set":"4","auction_quantity":"1","sample_quantity":"1","auction_each_net":"7","base_price":"100","reverse_price":"105","high_price":"0","valuation_price":"110","last_sold_price":null,"status":"1","is_sold":"0","min_bid_added":"0","is_withdrawn":"0","created_at":"2024-08-13 11:47:54","updated_at":"2024-08-13 11:48:33","created_by":"5","updated_by":"5"},{"id":"24","inward_invoice_id":"S3","inward_item_id":"8","auction_id":"3","lot_no":"8","lot_set":"4","auction_quantity":"1","sample_quantity":"1","auction_each_net":"21","base_price":"100","reverse_price":"105","high_price":"0","valuation_price":"110","last_sold_price":null,"status":"1","is_sold":"0","min_bid_added":"0","is_withdrawn":"0","created_at":"2024-08-13 11:47:54","updated_at":"2024-08-13 11:48:33","created_by":"5","updated_by":"5"}], 2024-08-13 11:57:46
ERROR - 2024-08-13 11:57:46 --> Error code L001. auctionItemId:23, 2024-08-13 11:57:46
ERROR - 2024-08-13 11:57:46 --> bid calculation initiated auctionItemId:23, 2024-08-13 11:57:46
ERROR - 2024-08-13 11:57:46 --> Error code 001. HBP:105.00,HABP: 110.00, 2024-08-13 11:57:46
ERROR - 2024-08-13 11:57:46 --> Error code 002. HBP:105.00,RP: 105, 2024-08-13 11:57:46
ERROR - 2024-08-13 11:57:46 --> bid calculation Ended auctionItemId:23, 2024-08-13 11:57:46
ERROR - 2024-08-13 11:57:46 --> Error code L002. auctionItemId:23, 2024-08-13 11:57:46
ERROR - 2024-08-13 11:57:46 --> Error code L003. auctionItemId:23, 2024-08-13 11:57:46
ERROR - 2024-08-13 11:57:46 --> Error code L001. auctionItemId:24, 2024-08-13 11:57:46
ERROR - 2024-08-13 11:57:46 --> bid calculation initiated auctionItemId:24, 2024-08-13 11:57:46
ERROR - 2024-08-13 11:57:46 --> bid calculation Ended auctionItemId:24, 2024-08-13 11:57:46
ERROR - 2024-08-13 11:57:46 --> Error code L002. auctionItemId:24, 2024-08-13 11:57:46
ERROR - 2024-08-13 11:57:46 --> Error code L003. auctionItemId:24, 2024-08-13 11:57:46
ERROR - 2024-08-13 11:57:46 --> current items data:[], 2024-08-13 11:57:46
CRITICAL - 2024-08-13 12:08:17 --> ErrorException: Undefined variable $auction_data
in APPPATH/Controllers/Cart.php on line 427.
 1 APPPATH/Controllers/Cart.php(427): CodeIgniter\Debug\Exceptions->errorHandler(2, 'Undefined variable $auction_data', '/var/www/eazyhosting.in/public_html/api/app/Controllers/Cart.php', 427)
 2 SYSTEMPATH/CodeIgniter.php(941): App\Controllers\Cart->auctiongardenlist()
 3 SYSTEMPATH/CodeIgniter.php(502): CodeIgniter\CodeIgniter->runController(Object(App\Controllers\Cart))
 4 SYSTEMPATH/CodeIgniter.php(361): CodeIgniter\CodeIgniter->handleRequest(null, Object(Config\Cache), false)
 5 FCPATH/index.php(79): CodeIgniter\CodeIgniter->run()
CRITICAL - 2024-08-13 12:08:47 --> ErrorException: Undefined variable $auction_data
in APPPATH/Controllers/Cart.php on line 427.
 1 APPPATH/Controllers/Cart.php(427): CodeIgniter\Debug\Exceptions->errorHandler(2, 'Undefined variable $auction_data', '/var/www/eazyhosting.in/public_html/api/app/Controllers/Cart.php', 427)
 2 SYSTEMPATH/CodeIgniter.php(941): App\Controllers\Cart->auctiongardenlist()
 3 SYSTEMPATH/CodeIgniter.php(502): CodeIgniter\CodeIgniter->runController(Object(App\Controllers\Cart))
 4 SYSTEMPATH/CodeIgniter.php(361): CodeIgniter\CodeIgniter->handleRequest(null, Object(Config\Cache), false)
 5 FCPATH/index.php(79): CodeIgniter\CodeIgniter->run()
CRITICAL - 2024-08-13 12:08:52 --> ErrorException: Undefined variable $auction_data
in APPPATH/Controllers/Cart.php on line 427.
 1 APPPATH/Controllers/Cart.php(427): CodeIgniter\Debug\Exceptions->errorHandler(2, 'Undefined variable $auction_data', '/var/www/eazyhosting.in/public_html/api/app/Controllers/Cart.php', 427)
 2 SYSTEMPATH/CodeIgniter.php(941): App\Controllers\Cart->auctiongardenlist()
 3 SYSTEMPATH/CodeIgniter.php(502): CodeIgniter\CodeIgniter->runController(Object(App\Controllers\Cart))
 4 SYSTEMPATH/CodeIgniter.php(361): CodeIgniter\CodeIgniter->handleRequest(null, Object(Config\Cache), false)
 5 FCPATH/index.php(79): CodeIgniter\CodeIgniter->run()
ERROR - 2024-08-13 12:19:11 --> bid calculation initiated auctionItemId:25, 2024-08-13 12:19:11
ERROR - 2024-08-13 12:19:11 --> bid calculation Ended auctionItemId:25, 2024-08-13 12:19:11
ERROR - 2024-08-13 12:19:11 --> bid calculation initiated auctionItemId:26, 2024-08-13 12:19:11
ERROR - 2024-08-13 12:19:11 --> bid calculation Ended auctionItemId:26, 2024-08-13 12:19:11
ERROR - 2024-08-13 12:19:11 --> bid calculation initiated auctionItemId:25, 2024-08-13 12:19:11
ERROR - 2024-08-13 12:19:11 --> bid calculation Ended auctionItemId:25, 2024-08-13 12:19:11
ERROR - 2024-08-13 12:19:11 --> bid calculation initiated auctionItemId:26, 2024-08-13 12:19:11
ERROR - 2024-08-13 12:19:11 --> bid calculation Ended auctionItemId:26, 2024-08-13 12:19:11
ERROR - 2024-08-13 12:19:41 --> current items data:[{"id":"25","inward_invoice_id":"V2","inward_item_id":"2","auction_id":"4","lot_no":"1","lot_set":"1","auction_quantity":"1","sample_quantity":"1","auction_each_net":"13","base_price":"100","reverse_price":"105","high_price":"0","valuation_price":"110","last_sold_price":null,"status":"1","is_sold":"0","min_bid_added":"0","is_withdrawn":"0","created_at":"2024-08-13 12:08:55","updated_at":"2024-08-13 12:10:03","created_by":"5","updated_by":"5"},{"id":"26","inward_invoice_id":"V1","inward_item_id":"1","auction_id":"4","lot_no":"2","lot_set":"1","auction_quantity":"1","sample_quantity":"1","auction_each_net":"10","base_price":"100","reverse_price":"105","high_price":"0","valuation_price":"110","last_sold_price":null,"status":"1","is_sold":"0","min_bid_added":"0","is_withdrawn":"0","created_at":"2024-08-13 12:08:55","updated_at":"2024-08-13 12:10:03","created_by":"5","updated_by":"5"}], 2024-08-13 12:19:41
ERROR - 2024-08-13 12:19:41 --> Error code L001. auctionItemId:25, 2024-08-13 12:19:41
ERROR - 2024-08-13 12:19:41 --> bid calculation initiated auctionItemId:25, 2024-08-13 12:19:41
ERROR - 2024-08-13 12:19:41 --> bid calculation Ended auctionItemId:25, 2024-08-13 12:19:41
ERROR - 2024-08-13 12:19:41 --> Error code L002. auctionItemId:25, 2024-08-13 12:19:41
ERROR - 2024-08-13 12:19:41 --> Error code L003. auctionItemId:25, 2024-08-13 12:19:41
ERROR - 2024-08-13 12:19:41 --> Error code L001. auctionItemId:26, 2024-08-13 12:19:41
ERROR - 2024-08-13 12:19:41 --> bid calculation initiated auctionItemId:26, 2024-08-13 12:19:41
ERROR - 2024-08-13 12:19:41 --> bid calculation Ended auctionItemId:26, 2024-08-13 12:19:41
ERROR - 2024-08-13 12:19:41 --> Error code L002. auctionItemId:26, 2024-08-13 12:19:41
ERROR - 2024-08-13 12:19:41 --> Error code L003. auctionItemId:26, 2024-08-13 12:19:41
ERROR - 2024-08-13 12:19:42 --> current items data:[], 2024-08-13 12:19:42
ERROR - 2024-08-13 12:20:42 --> bid calculation initiated auctionItemId:27, 2024-08-13 12:20:42
ERROR - 2024-08-13 12:20:42 --> Error code 001. HBP:102.00,HABP: 110.00, 2024-08-13 12:20:42
ERROR - 2024-08-13 12:20:42 --> Error code 002. HBP:102.00,RP: 105, 2024-08-13 12:20:42
ERROR - 2024-08-13 12:20:42 --> bid calculation Ended auctionItemId:27, 2024-08-13 12:20:42
ERROR - 2024-08-13 12:20:42 --> bid calculation initiated auctionItemId:28, 2024-08-13 12:20:42
ERROR - 2024-08-13 12:20:42 --> Error code 001. HBP:116.00,HABP: 120.00, 2024-08-13 12:20:42
ERROR - 2024-08-13 12:20:42 --> Error code 003. HBP:116.00,RP: 105, 2024-08-13 12:20:42
ERROR - 2024-08-13 12:20:42 --> Error code 005. HBP:116.00,SLHABP: 0.00, 2024-08-13 12:20:42
ERROR - 2024-08-13 12:20:42 --> bid calculation Ended auctionItemId:28, 2024-08-13 12:20:42
ERROR - 2024-08-13 12:20:42 --> bid calculation initiated auctionItemId:27, 2024-08-13 12:20:42
ERROR - 2024-08-13 12:20:42 --> Error code 001. HBP:105.00,HABP: 110.00, 2024-08-13 12:20:42
ERROR - 2024-08-13 12:20:42 --> Error code 002. HBP:105.00,RP: 105, 2024-08-13 12:20:42
ERROR - 2024-08-13 12:20:42 --> bid calculation Ended auctionItemId:27, 2024-08-13 12:20:42
ERROR - 2024-08-13 12:20:42 --> bid calculation initiated auctionItemId:28, 2024-08-13 12:20:42
ERROR - 2024-08-13 12:20:42 --> Error code 001. HBP:117.00,HABP: 120.00, 2024-08-13 12:20:42
ERROR - 2024-08-13 12:20:42 --> Error code 003. HBP:117.00,RP: 105, 2024-08-13 12:20:42
ERROR - 2024-08-13 12:20:42 --> Error code 005. HBP:117.00,SLHABP: 0.00, 2024-08-13 12:20:42
ERROR - 2024-08-13 12:20:42 --> bid calculation Ended auctionItemId:28, 2024-08-13 12:20:42
ERROR - 2024-08-13 12:21:12 --> current items data:[{"id":"27","inward_invoice_id":"V4","inward_item_id":"4","auction_id":"4","lot_no":"3","lot_set":"2","auction_quantity":"1","sample_quantity":"1","auction_each_net":"2","base_price":"100","reverse_price":"105","high_price":"0","valuation_price":"110","last_sold_price":null,"status":"1","is_sold":"0","min_bid_added":"0","is_withdrawn":"0","created_at":"2024-08-13 12:08:55","updated_at":"2024-08-13 12:10:03","created_by":"5","updated_by":"5"},{"id":"28","inward_invoice_id":"V3","inward_item_id":"3","auction_id":"4","lot_no":"4","lot_set":"2","auction_quantity":"1","sample_quantity":"1","auction_each_net":"9","base_price":"100","reverse_price":"105","high_price":"0","valuation_price":"110","last_sold_price":null,"status":"1","is_sold":"0","min_bid_added":"0","is_withdrawn":"0","created_at":"2024-08-13 12:08:55","updated_at":"2024-08-13 12:10:03","created_by":"5","updated_by":"5"}], 2024-08-13 12:21:12
ERROR - 2024-08-13 12:21:12 --> Error code L001. auctionItemId:27, 2024-08-13 12:21:12
ERROR - 2024-08-13 12:21:12 --> bid calculation initiated auctionItemId:27, 2024-08-13 12:21:12
ERROR - 2024-08-13 12:21:12 --> Error code 001. HBP:105.00,HABP: 110.00, 2024-08-13 12:21:12
ERROR - 2024-08-13 12:21:12 --> Error code 002. HBP:105.00,RP: 105, 2024-08-13 12:21:12
ERROR - 2024-08-13 12:21:12 --> bid calculation Ended auctionItemId:27, 2024-08-13 12:21:12
ERROR - 2024-08-13 12:21:12 --> Error code L002. auctionItemId:27, 2024-08-13 12:21:12
ERROR - 2024-08-13 12:21:12 --> Error code L003. auctionItemId:27, 2024-08-13 12:21:12
ERROR - 2024-08-13 12:21:12 --> Error code L001. auctionItemId:28, 2024-08-13 12:21:12
ERROR - 2024-08-13 12:21:12 --> bid calculation initiated auctionItemId:28, 2024-08-13 12:21:12
ERROR - 2024-08-13 12:21:12 --> Error code 001. HBP:118.00,HABP: 120.00, 2024-08-13 12:21:12
ERROR - 2024-08-13 12:21:12 --> Error code 003. HBP:118.00,RP: 105, 2024-08-13 12:21:12
ERROR - 2024-08-13 12:21:12 --> Error code 005. HBP:118.00,SLHABP: 0.00, 2024-08-13 12:21:12
ERROR - 2024-08-13 12:21:12 --> bid calculation Ended auctionItemId:28, 2024-08-13 12:21:12
ERROR - 2024-08-13 12:21:12 --> Error code L002. auctionItemId:28, 2024-08-13 12:21:12
ERROR - 2024-08-13 12:21:12 --> Error code L003. auctionItemId:28, 2024-08-13 12:21:12
ERROR - 2024-08-13 12:21:13 --> current items data:[], 2024-08-13 12:21:13
ERROR - 2024-08-13 12:22:13 --> bid calculation initiated auctionItemId:29, 2024-08-13 12:22:13
ERROR - 2024-08-13 12:22:13 --> bid calculation Ended auctionItemId:29, 2024-08-13 12:22:13
ERROR - 2024-08-13 12:22:13 --> bid calculation initiated auctionItemId:30, 2024-08-13 12:22:13
ERROR - 2024-08-13 12:22:13 --> Error code 007. HBP:110.00,HABP: 110.00, 2024-08-13 12:22:13
ERROR - 2024-08-13 12:22:13 --> bid calculation Ended auctionItemId:30, 2024-08-13 12:22:13
ERROR - 2024-08-13 12:22:13 --> bid calculation initiated auctionItemId:29, 2024-08-13 12:22:13
ERROR - 2024-08-13 12:22:13 --> bid calculation Ended auctionItemId:29, 2024-08-13 12:22:13
ERROR - 2024-08-13 12:22:13 --> bid calculation initiated auctionItemId:30, 2024-08-13 12:22:13
ERROR - 2024-08-13 12:22:13 --> Error code 007. HBP:110.00,HABP: 110.00, 2024-08-13 12:22:13
ERROR - 2024-08-13 12:22:13 --> bid calculation Ended auctionItemId:30, 2024-08-13 12:22:13
ERROR - 2024-08-13 12:22:43 --> current items data:[{"id":"29","inward_invoice_id":"V5","inward_item_id":"5","auction_id":"4","lot_no":"5","lot_set":"3","auction_quantity":"1","sample_quantity":"1","auction_each_net":"15","base_price":"100","reverse_price":"105","high_price":"0","valuation_price":"110","last_sold_price":null,"status":"1","is_sold":"0","min_bid_added":"0","is_withdrawn":"0","created_at":"2024-08-13 12:08:55","updated_at":"2024-08-13 12:10:03","created_by":"5","updated_by":"5"},{"id":"30","inward_invoice_id":"S1","inward_item_id":"6","auction_id":"4","lot_no":"6","lot_set":"3","auction_quantity":"1","sample_quantity":"1","auction_each_net":"17","base_price":"100","reverse_price":"105","high_price":"0","valuation_price":"110","last_sold_price":null,"status":"1","is_sold":"0","min_bid_added":"0","is_withdrawn":"0","created_at":"2024-08-13 12:08:55","updated_at":"2024-08-13 12:10:03","created_by":"5","updated_by":"5"}], 2024-08-13 12:22:43
ERROR - 2024-08-13 12:22:43 --> Error code L001. auctionItemId:29, 2024-08-13 12:22:43
ERROR - 2024-08-13 12:22:43 --> bid calculation initiated auctionItemId:29, 2024-08-13 12:22:43
ERROR - 2024-08-13 12:22:43 --> Error code 001. HBP:101.00,HABP: 110.00, 2024-08-13 12:22:43
ERROR - 2024-08-13 12:22:43 --> Error code 002. HBP:101.00,RP: 105, 2024-08-13 12:22:43
ERROR - 2024-08-13 12:22:43 --> bid calculation Ended auctionItemId:29, 2024-08-13 12:22:43
ERROR - 2024-08-13 12:22:43 --> Error code L002. auctionItemId:29, 2024-08-13 12:22:43
ERROR - 2024-08-13 12:22:43 --> Error code L003. auctionItemId:29, 2024-08-13 12:22:43
ERROR - 2024-08-13 12:22:43 --> Error code L001. auctionItemId:30, 2024-08-13 12:22:43
ERROR - 2024-08-13 12:22:43 --> bid calculation initiated auctionItemId:30, 2024-08-13 12:22:43
ERROR - 2024-08-13 12:22:43 --> Error code 007. HBP:110.00,HABP: 110.00, 2024-08-13 12:22:43
ERROR - 2024-08-13 12:22:43 --> bid calculation Ended auctionItemId:30, 2024-08-13 12:22:43
ERROR - 2024-08-13 12:22:43 --> Error code L002. auctionItemId:30, 2024-08-13 12:22:43
ERROR - 2024-08-13 12:22:43 --> Error code L003. auctionItemId:30, 2024-08-13 12:22:43
ERROR - 2024-08-13 12:22:44 --> current items data:[], 2024-08-13 12:22:44
ERROR - 2024-08-13 12:24:57 --> current items data:[{"id":"31","inward_invoice_id":"S2","inward_item_id":"7","auction_id":"4","lot_no":"7","lot_set":"4","auction_quantity":"1","sample_quantity":"1","auction_each_net":"7","base_price":"100","reverse_price":"105","high_price":"0","valuation_price":"110","last_sold_price":null,"status":"1","is_sold":"0","min_bid_added":"0","is_withdrawn":"0","created_at":"2024-08-13 12:08:55","updated_at":"2024-08-13 12:10:03","created_by":"5","updated_by":"5"},{"id":"32","inward_invoice_id":"S3","inward_item_id":"8","auction_id":"4","lot_no":"8","lot_set":"4","auction_quantity":"1","sample_quantity":"1","auction_each_net":"21","base_price":"100","reverse_price":"105","high_price":"0","valuation_price":"110","last_sold_price":null,"status":"1","is_sold":"0","min_bid_added":"0","is_withdrawn":"0","created_at":"2024-08-13 12:08:55","updated_at":"2024-08-13 12:10:03","created_by":"5","updated_by":"5"}], 2024-08-13 12:24:57
ERROR - 2024-08-13 12:24:57 --> Error code L001. auctionItemId:31, 2024-08-13 12:24:57
ERROR - 2024-08-13 12:24:57 --> bid calculation initiated auctionItemId:31, 2024-08-13 12:24:57
ERROR - 2024-08-13 12:24:57 --> bid calculation Ended auctionItemId:31, 2024-08-13 12:24:57
ERROR - 2024-08-13 12:24:57 --> Error code L002. auctionItemId:31, 2024-08-13 12:24:57
ERROR - 2024-08-13 12:24:57 --> Error code L003. auctionItemId:31, 2024-08-13 12:24:57
ERROR - 2024-08-13 12:24:57 --> Error code L001. auctionItemId:32, 2024-08-13 12:24:57
ERROR - 2024-08-13 12:24:57 --> bid calculation initiated auctionItemId:32, 2024-08-13 12:24:57
ERROR - 2024-08-13 12:24:57 --> bid calculation Ended auctionItemId:32, 2024-08-13 12:24:57
ERROR - 2024-08-13 12:24:57 --> Error code L002. auctionItemId:32, 2024-08-13 12:24:57
ERROR - 2024-08-13 12:24:57 --> Error code L003. auctionItemId:32, 2024-08-13 12:24:57
ERROR - 2024-08-13 12:24:57 --> current items data:[], 2024-08-13 12:24:57
ERROR - 2024-08-13 12:26:43 --> current items data:[{"id":"33","inward_invoice_id":"S4","inward_item_id":"9","auction_id":"4","lot_no":"9","lot_set":"5","auction_quantity":"1","sample_quantity":"1","auction_each_net":"11","base_price":"100","reverse_price":"105","high_price":"0","valuation_price":"110","last_sold_price":null,"status":"1","is_sold":"0","min_bid_added":"0","is_withdrawn":"0","created_at":"2024-08-13 12:08:55","updated_at":"2024-08-13 12:10:03","created_by":"5","updated_by":"5"},{"id":"34","inward_invoice_id":"S5","inward_item_id":"10","auction_id":"4","lot_no":"10","lot_set":"5","auction_quantity":"1","sample_quantity":"1","auction_each_net":"12","base_price":"100","reverse_price":"105","high_price":"0","valuation_price":"110","last_sold_price":null,"status":"1","is_sold":"0","min_bid_added":"0","is_withdrawn":"0","created_at":"2024-08-13 12:08:55","updated_at":"2024-08-13 12:10:03","created_by":"5","updated_by":"5"}], 2024-08-13 12:26:43
ERROR - 2024-08-13 12:26:43 --> Error code L001. auctionItemId:33, 2024-08-13 12:26:43
ERROR - 2024-08-13 12:26:43 --> bid calculation initiated auctionItemId:33, 2024-08-13 12:26:43
ERROR - 2024-08-13 12:26:43 --> bid calculation Ended auctionItemId:33, 2024-08-13 12:26:43
ERROR - 2024-08-13 12:26:43 --> Error code L002. auctionItemId:33, 2024-08-13 12:26:43
ERROR - 2024-08-13 12:26:43 --> Error code L003. auctionItemId:33, 2024-08-13 12:26:43
ERROR - 2024-08-13 12:26:43 --> Error code L001. auctionItemId:34, 2024-08-13 12:26:43
ERROR - 2024-08-13 12:26:43 --> bid calculation initiated auctionItemId:34, 2024-08-13 12:26:43
ERROR - 2024-08-13 12:26:43 --> bid calculation Ended auctionItemId:34, 2024-08-13 12:26:43
ERROR - 2024-08-13 12:26:43 --> Error code L002. auctionItemId:34, 2024-08-13 12:26:43
ERROR - 2024-08-13 12:26:43 --> Error code L003. auctionItemId:34, 2024-08-13 12:26:43
ERROR - 2024-08-13 12:26:43 --> current items data:[], 2024-08-13 12:26:43
