CRITICAL - 2024-06-26 11:06:00 --> ErrorException: Undefined variable $auction_data
in APPPATH/Controllers/Cart.php on line 420.
 1 APPPATH/Controllers/Cart.php(420): CodeIgniter\Debug\Exceptions->errorHandler(2, 'Undefined variable $auction_data', '/var/www/eazyhosting.in/public_html/api/app/Controllers/Cart.php', 420)
 2 SYSTEMPATH/CodeIgniter.php(941): App\Controllers\Cart->auctiongardenlist()
 3 SYSTEMPATH/CodeIgniter.php(502): CodeIgniter\CodeIgniter->runController(Object(App\Controllers\Cart))
 4 SYSTEMPATH/CodeIgniter.php(361): CodeIgniter\CodeIgniter->handleRequest(null, Object(Config\Cache), false)
 5 FCPATH/index.php(79): CodeIgniter\CodeIgniter->run()
CRITICAL - 2024-06-26 11:06:05 --> ErrorException: Undefined variable $auction_data
in APPPATH/Controllers/Cart.php on line 420.
 1 APPPATH/Controllers/Cart.php(420): CodeIgniter\Debug\Exceptions->errorHandler(2, 'Undefined variable $auction_data', '/var/www/eazyhosting.in/public_html/api/app/Controllers/Cart.php', 420)
 2 SYSTEMPATH/CodeIgniter.php(941): App\Controllers\Cart->auctiongardenlist()
 3 SYSTEMPATH/CodeIgniter.php(502): CodeIgniter\CodeIgniter->runController(Object(App\Controllers\Cart))
 4 SYSTEMPATH/CodeIgniter.php(361): CodeIgniter\CodeIgniter->handleRequest(null, Object(Config\Cache), false)
 5 FCPATH/index.php(79): CodeIgniter\CodeIgniter->run()
ERROR - 2024-06-26 11:06:08 --> mysqli_sql_exception: Column 'user_id' cannot be null in /var/www/eazyhosting.in/public_html/api/system/Database/MySQLi/Connection.php:306
Stack trace:
#0 /var/www/eazyhosting.in/public_html/api/system/Database/MySQLi/Connection.php(306): mysqli->query('INSERT INTO `pr...', 0)
#1 /var/www/eazyhosting.in/public_html/api/system/Database/BaseConnection.php(693): CodeIgniter\Database\MySQLi\Connection->execute('INSERT INTO `pr...')
#2 /var/www/eazyhosting.in/public_html/api/system/Database/BaseConnection.php(607): CodeIgniter\Database\BaseConnection->simpleQuery('INSERT INTO `pr...')
#3 /var/www/eazyhosting.in/public_html/api/system/Database/BaseBuilder.php(2307): CodeIgniter\Database\BaseConnection->query('INSERT INTO `pr...', Array, false)
#4 /var/www/eazyhosting.in/public_html/api/system/Model.php(326): CodeIgniter\Database\BaseBuilder->insert()
#5 /var/www/eazyhosting.in/public_html/api/system/BaseModel.php(802): CodeIgniter\Model->doInsert(Array)
#6 /var/www/eazyhosting.in/public_html/api/system/Model.php(744): CodeIgniter\BaseModel->insert(Array, true)
#7 /var/www/eazyhosting.in/public_html/api/app/Helpers/ProductLog.php(46): CodeIgniter\Model->insert(Array)
#8 /var/www/eazyhosting.in/public_html/api/app/Controllers/Cart.php(310): App\Helpers\ProductLog::logProductAction('19', 'Moved to Stock', 19, NULL)
#9 /var/www/eazyhosting.in/public_html/api/system/CodeIgniter.php(941): App\Controllers\Cart->delete('80')
#10 /var/www/eazyhosting.in/public_html/api/system/CodeIgniter.php(502): CodeIgniter\CodeIgniter->runController(Object(App\Controllers\Cart))
#11 /var/www/eazyhosting.in/public_html/api/system/CodeIgniter.php(361): CodeIgniter\CodeIgniter->handleRequest(NULL, Object(Config\Cache), false)
#12 /var/www/eazyhosting.in/public_html/api/public/index.php(79): CodeIgniter\CodeIgniter->run()
#13 {main}
CRITICAL - 2024-06-26 11:06:08 --> CodeIgniter\Database\Exceptions\DatabaseException: Column 'user_id' cannot be null
in SYSTEMPATH/Database/BaseConnection.php on line 647.
 1 SYSTEMPATH/Database/BaseBuilder.php(2307): CodeIgniter\Database\BaseConnection->query('INSERT INTO `product_log` (`description`, `user_id`) VALUES (:description:, :user_id:)', [...], false)
 2 SYSTEMPATH/Model.php(326): CodeIgniter\Database\BaseBuilder->insert()
 3 SYSTEMPATH/BaseModel.php(802): CodeIgniter\Model->doInsert([...])
 4 SYSTEMPATH/Model.php(744): CodeIgniter\BaseModel->insert([...], true)
 5 APPPATH/Helpers/ProductLog.php(46): CodeIgniter\Model->insert([...])
 6 APPPATH/Controllers/Cart.php(310): App\Helpers\ProductLog::logProductAction('19', 'Moved to Stock', 19, null)
 7 SYSTEMPATH/CodeIgniter.php(941): App\Controllers\Cart->delete('80')
 8 SYSTEMPATH/CodeIgniter.php(502): CodeIgniter\CodeIgniter->runController(Object(App\Controllers\Cart))
 9 SYSTEMPATH/CodeIgniter.php(361): CodeIgniter\CodeIgniter->handleRequest(null, Object(Config\Cache), false)
10 FCPATH/index.php(79): CodeIgniter\CodeIgniter->run()
CRITICAL - 2024-06-26 11:06:08 --> [Caused by] CodeIgniter\Database\Exceptions\DatabaseException: Column 'user_id' cannot be null
in SYSTEMPATH/Database/MySQLi/Connection.php on line 311.
 1 SYSTEMPATH/Database/BaseConnection.php(693): CodeIgniter\Database\MySQLi\Connection->execute('INSERT INTO `product_log` (`description`, `user_id`) VALUES (\'{\\"invoice_no\\":\\"WA4\\",\\"lot_no\\":\\"18\\",\\"status\\":\\"Moved to Stock\\",\\"qty\\":19,\\"garden_name\\":\\"WATERFALL\\",\\"grade_name\\":\\"PF\\"}\', NULL)')
 2 SYSTEMPATH/Database/BaseConnection.php(607): CodeIgniter\Database\BaseConnection->simpleQuery('INSERT INTO `product_log` (`description`, `user_id`) VALUES (\'{\\"invoice_no\\":\\"WA4\\",\\"lot_no\\":\\"18\\",\\"status\\":\\"Moved to Stock\\",\\"qty\\":19,\\"garden_name\\":\\"WATERFALL\\",\\"grade_name\\":\\"PF\\"}\', NULL)')
 3 SYSTEMPATH/Database/BaseBuilder.php(2307): CodeIgniter\Database\BaseConnection->query('INSERT INTO `product_log` (`description`, `user_id`) VALUES (:description:, :user_id:)', [...], false)
 4 SYSTEMPATH/Model.php(326): CodeIgniter\Database\BaseBuilder->insert()
 5 SYSTEMPATH/BaseModel.php(802): CodeIgniter\Model->doInsert([...])
 6 SYSTEMPATH/Model.php(744): CodeIgniter\BaseModel->insert([...], true)
 7 APPPATH/Helpers/ProductLog.php(46): CodeIgniter\Model->insert([...])
 8 APPPATH/Controllers/Cart.php(310): App\Helpers\ProductLog::logProductAction('19', 'Moved to Stock', 19, null)
 9 SYSTEMPATH/CodeIgniter.php(941): App\Controllers\Cart->delete('80')
10 SYSTEMPATH/CodeIgniter.php(502): CodeIgniter\CodeIgniter->runController(Object(App\Controllers\Cart))
11 SYSTEMPATH/CodeIgniter.php(361): CodeIgniter\CodeIgniter->handleRequest(null, Object(Config\Cache), false)
12 FCPATH/index.php(79): CodeIgniter\CodeIgniter->run()
CRITICAL - 2024-06-26 11:06:08 --> [Caused by] mysqli_sql_exception: Column 'user_id' cannot be null
in SYSTEMPATH/Database/MySQLi/Connection.php on line 306.
 1 SYSTEMPATH/Database/MySQLi/Connection.php(306): mysqli->query('INSERT INTO `product_log` (`description`, `user_id`) VALUES (\'{\\"invoice_no\\":\\"WA4\\",\\"lot_no\\":\\"18\\",\\"status\\":\\"Moved to Stock\\",\\"qty\\":19,\\"garden_name\\":\\"WATERFALL\\",\\"grade_name\\":\\"PF\\"}\', NULL)', 0)
 2 SYSTEMPATH/Database/BaseConnection.php(693): CodeIgniter\Database\MySQLi\Connection->execute('INSERT INTO `product_log` (`description`, `user_id`) VALUES (\'{\\"invoice_no\\":\\"WA4\\",\\"lot_no\\":\\"18\\",\\"status\\":\\"Moved to Stock\\",\\"qty\\":19,\\"garden_name\\":\\"WATERFALL\\",\\"grade_name\\":\\"PF\\"}\', NULL)')
 3 SYSTEMPATH/Database/BaseConnection.php(607): CodeIgniter\Database\BaseConnection->simpleQuery('INSERT INTO `product_log` (`description`, `user_id`) VALUES (\'{\\"invoice_no\\":\\"WA4\\",\\"lot_no\\":\\"18\\",\\"status\\":\\"Moved to Stock\\",\\"qty\\":19,\\"garden_name\\":\\"WATERFALL\\",\\"grade_name\\":\\"PF\\"}\', NULL)')
 4 SYSTEMPATH/Database/BaseBuilder.php(2307): CodeIgniter\Database\BaseConnection->query('INSERT INTO `product_log` (`description`, `user_id`) VALUES (:description:, :user_id:)', [...], false)
 5 SYSTEMPATH/Model.php(326): CodeIgniter\Database\BaseBuilder->insert()
 6 SYSTEMPATH/BaseModel.php(802): CodeIgniter\Model->doInsert([...])
 7 SYSTEMPATH/Model.php(744): CodeIgniter\BaseModel->insert([...], true)
 8 APPPATH/Helpers/ProductLog.php(46): CodeIgniter\Model->insert([...])
 9 APPPATH/Controllers/Cart.php(310): App\Helpers\ProductLog::logProductAction('19', 'Moved to Stock', 19, null)
10 SYSTEMPATH/CodeIgniter.php(941): App\Controllers\Cart->delete('80')
11 SYSTEMPATH/CodeIgniter.php(502): CodeIgniter\CodeIgniter->runController(Object(App\Controllers\Cart))
12 SYSTEMPATH/CodeIgniter.php(361): CodeIgniter\CodeIgniter->handleRequest(null, Object(Config\Cache), false)
13 FCPATH/index.php(79): CodeIgniter\CodeIgniter->run()
ERROR - 2024-06-26 11:06:10 --> mysqli_sql_exception: Column 'user_id' cannot be null in /var/www/eazyhosting.in/public_html/api/system/Database/MySQLi/Connection.php:306
Stack trace:
#0 /var/www/eazyhosting.in/public_html/api/system/Database/MySQLi/Connection.php(306): mysqli->query('INSERT INTO `pr...', 0)
#1 /var/www/eazyhosting.in/public_html/api/system/Database/BaseConnection.php(693): CodeIgniter\Database\MySQLi\Connection->execute('INSERT INTO `pr...')
#2 /var/www/eazyhosting.in/public_html/api/system/Database/BaseConnection.php(607): CodeIgniter\Database\BaseConnection->simpleQuery('INSERT INTO `pr...')
#3 /var/www/eazyhosting.in/public_html/api/system/Database/BaseBuilder.php(2307): CodeIgniter\Database\BaseConnection->query('INSERT INTO `pr...', Array, false)
#4 /var/www/eazyhosting.in/public_html/api/system/Model.php(326): CodeIgniter\Database\BaseBuilder->insert()
#5 /var/www/eazyhosting.in/public_html/api/system/BaseModel.php(802): CodeIgniter\Model->doInsert(Array)
#6 /var/www/eazyhosting.in/public_html/api/system/Model.php(744): CodeIgniter\BaseModel->insert(Array, true)
#7 /var/www/eazyhosting.in/public_html/api/app/Helpers/ProductLog.php(46): CodeIgniter\Model->insert(Array)
#8 /var/www/eazyhosting.in/public_html/api/app/Controllers/Cart.php(310): App\Helpers\ProductLog::logProductAction('19', 'Moved to Stock', 21, NULL)
#9 /var/www/eazyhosting.in/public_html/api/system/CodeIgniter.php(941): App\Controllers\Cart->delete('80')
#10 /var/www/eazyhosting.in/public_html/api/system/CodeIgniter.php(502): CodeIgniter\CodeIgniter->runController(Object(App\Controllers\Cart))
#11 /var/www/eazyhosting.in/public_html/api/system/CodeIgniter.php(361): CodeIgniter\CodeIgniter->handleRequest(NULL, Object(Config\Cache), false)
#12 /var/www/eazyhosting.in/public_html/api/public/index.php(79): CodeIgniter\CodeIgniter->run()
#13 {main}
CRITICAL - 2024-06-26 11:06:10 --> CodeIgniter\Database\Exceptions\DatabaseException: Column 'user_id' cannot be null
in SYSTEMPATH/Database/BaseConnection.php on line 647.
 1 SYSTEMPATH/Database/BaseBuilder.php(2307): CodeIgniter\Database\BaseConnection->query('INSERT INTO `product_log` (`description`, `user_id`) VALUES (:description:, :user_id:)', [...], false)
 2 SYSTEMPATH/Model.php(326): CodeIgniter\Database\BaseBuilder->insert()
 3 SYSTEMPATH/BaseModel.php(802): CodeIgniter\Model->doInsert([...])
 4 SYSTEMPATH/Model.php(744): CodeIgniter\BaseModel->insert([...], true)
 5 APPPATH/Helpers/ProductLog.php(46): CodeIgniter\Model->insert([...])
 6 APPPATH/Controllers/Cart.php(310): App\Helpers\ProductLog::logProductAction('19', 'Moved to Stock', 21, null)
 7 SYSTEMPATH/CodeIgniter.php(941): App\Controllers\Cart->delete('80')
 8 SYSTEMPATH/CodeIgniter.php(502): CodeIgniter\CodeIgniter->runController(Object(App\Controllers\Cart))
 9 SYSTEMPATH/CodeIgniter.php(361): CodeIgniter\CodeIgniter->handleRequest(null, Object(Config\Cache), false)
10 FCPATH/index.php(79): CodeIgniter\CodeIgniter->run()
CRITICAL - 2024-06-26 11:06:10 --> [Caused by] CodeIgniter\Database\Exceptions\DatabaseException: Column 'user_id' cannot be null
in SYSTEMPATH/Database/MySQLi/Connection.php on line 311.
 1 SYSTEMPATH/Database/BaseConnection.php(693): CodeIgniter\Database\MySQLi\Connection->execute('INSERT INTO `product_log` (`description`, `user_id`) VALUES (\'{\\"invoice_no\\":\\"WA4\\",\\"lot_no\\":\\"18\\",\\"status\\":\\"Moved to Stock\\",\\"qty\\":21,\\"garden_name\\":\\"WATERFALL\\",\\"grade_name\\":\\"PF\\"}\', NULL)')
 2 SYSTEMPATH/Database/BaseConnection.php(607): CodeIgniter\Database\BaseConnection->simpleQuery('INSERT INTO `product_log` (`description`, `user_id`) VALUES (\'{\\"invoice_no\\":\\"WA4\\",\\"lot_no\\":\\"18\\",\\"status\\":\\"Moved to Stock\\",\\"qty\\":21,\\"garden_name\\":\\"WATERFALL\\",\\"grade_name\\":\\"PF\\"}\', NULL)')
 3 SYSTEMPATH/Database/BaseBuilder.php(2307): CodeIgniter\Database\BaseConnection->query('INSERT INTO `product_log` (`description`, `user_id`) VALUES (:description:, :user_id:)', [...], false)
 4 SYSTEMPATH/Model.php(326): CodeIgniter\Database\BaseBuilder->insert()
 5 SYSTEMPATH/BaseModel.php(802): CodeIgniter\Model->doInsert([...])
 6 SYSTEMPATH/Model.php(744): CodeIgniter\BaseModel->insert([...], true)
 7 APPPATH/Helpers/ProductLog.php(46): CodeIgniter\Model->insert([...])
 8 APPPATH/Controllers/Cart.php(310): App\Helpers\ProductLog::logProductAction('19', 'Moved to Stock', 21, null)
 9 SYSTEMPATH/CodeIgniter.php(941): App\Controllers\Cart->delete('80')
10 SYSTEMPATH/CodeIgniter.php(502): CodeIgniter\CodeIgniter->runController(Object(App\Controllers\Cart))
11 SYSTEMPATH/CodeIgniter.php(361): CodeIgniter\CodeIgniter->handleRequest(null, Object(Config\Cache), false)
12 FCPATH/index.php(79): CodeIgniter\CodeIgniter->run()
CRITICAL - 2024-06-26 11:06:10 --> [Caused by] mysqli_sql_exception: Column 'user_id' cannot be null
in SYSTEMPATH/Database/MySQLi/Connection.php on line 306.
 1 SYSTEMPATH/Database/MySQLi/Connection.php(306): mysqli->query('INSERT INTO `product_log` (`description`, `user_id`) VALUES (\'{\\"invoice_no\\":\\"WA4\\",\\"lot_no\\":\\"18\\",\\"status\\":\\"Moved to Stock\\",\\"qty\\":21,\\"garden_name\\":\\"WATERFALL\\",\\"grade_name\\":\\"PF\\"}\', NULL)', 0)
 2 SYSTEMPATH/Database/BaseConnection.php(693): CodeIgniter\Database\MySQLi\Connection->execute('INSERT INTO `product_log` (`description`, `user_id`) VALUES (\'{\\"invoice_no\\":\\"WA4\\",\\"lot_no\\":\\"18\\",\\"status\\":\\"Moved to Stock\\",\\"qty\\":21,\\"garden_name\\":\\"WATERFALL\\",\\"grade_name\\":\\"PF\\"}\', NULL)')
 3 SYSTEMPATH/Database/BaseConnection.php(607): CodeIgniter\Database\BaseConnection->simpleQuery('INSERT INTO `product_log` (`description`, `user_id`) VALUES (\'{\\"invoice_no\\":\\"WA4\\",\\"lot_no\\":\\"18\\",\\"status\\":\\"Moved to Stock\\",\\"qty\\":21,\\"garden_name\\":\\"WATERFALL\\",\\"grade_name\\":\\"PF\\"}\', NULL)')
 4 SYSTEMPATH/Database/BaseBuilder.php(2307): CodeIgniter\Database\BaseConnection->query('INSERT INTO `product_log` (`description`, `user_id`) VALUES (:description:, :user_id:)', [...], false)
 5 SYSTEMPATH/Model.php(326): CodeIgniter\Database\BaseBuilder->insert()
 6 SYSTEMPATH/BaseModel.php(802): CodeIgniter\Model->doInsert([...])
 7 SYSTEMPATH/Model.php(744): CodeIgniter\BaseModel->insert([...], true)
 8 APPPATH/Helpers/ProductLog.php(46): CodeIgniter\Model->insert([...])
 9 APPPATH/Controllers/Cart.php(310): App\Helpers\ProductLog::logProductAction('19', 'Moved to Stock', 21, null)
10 SYSTEMPATH/CodeIgniter.php(941): App\Controllers\Cart->delete('80')
11 SYSTEMPATH/CodeIgniter.php(502): CodeIgniter\CodeIgniter->runController(Object(App\Controllers\Cart))
12 SYSTEMPATH/CodeIgniter.php(361): CodeIgniter\CodeIgniter->handleRequest(null, Object(Config\Cache), false)
13 FCPATH/index.php(79): CodeIgniter\CodeIgniter->run()
ERROR - 2024-06-26 11:06:12 --> mysqli_sql_exception: Column 'user_id' cannot be null in /var/www/eazyhosting.in/public_html/api/system/Database/MySQLi/Connection.php:306
Stack trace:
#0 /var/www/eazyhosting.in/public_html/api/system/Database/MySQLi/Connection.php(306): mysqli->query('INSERT INTO `pr...', 0)
#1 /var/www/eazyhosting.in/public_html/api/system/Database/BaseConnection.php(693): CodeIgniter\Database\MySQLi\Connection->execute('INSERT INTO `pr...')
#2 /var/www/eazyhosting.in/public_html/api/system/Database/BaseConnection.php(607): CodeIgniter\Database\BaseConnection->simpleQuery('INSERT INTO `pr...')
#3 /var/www/eazyhosting.in/public_html/api/system/Database/BaseBuilder.php(2307): CodeIgniter\Database\BaseConnection->query('INSERT INTO `pr...', Array, false)
#4 /var/www/eazyhosting.in/public_html/api/system/Model.php(326): CodeIgniter\Database\BaseBuilder->insert()
#5 /var/www/eazyhosting.in/public_html/api/system/BaseModel.php(802): CodeIgniter\Model->doInsert(Array)
#6 /var/www/eazyhosting.in/public_html/api/system/Model.php(744): CodeIgniter\BaseModel->insert(Array, true)
#7 /var/www/eazyhosting.in/public_html/api/app/Helpers/ProductLog.php(46): CodeIgniter\Model->insert(Array)
#8 /var/www/eazyhosting.in/public_html/api/app/Controllers/Cart.php(310): App\Helpers\ProductLog::logProductAction('20', 'Moved to Stock', 19, NULL)
#9 /var/www/eazyhosting.in/public_html/api/system/CodeIgniter.php(941): App\Controllers\Cart->delete('81')
#10 /var/www/eazyhosting.in/public_html/api/system/CodeIgniter.php(502): CodeIgniter\CodeIgniter->runController(Object(App\Controllers\Cart))
#11 /var/www/eazyhosting.in/public_html/api/system/CodeIgniter.php(361): CodeIgniter\CodeIgniter->handleRequest(NULL, Object(Config\Cache), false)
#12 /var/www/eazyhosting.in/public_html/api/public/index.php(79): CodeIgniter\CodeIgniter->run()
#13 {main}
CRITICAL - 2024-06-26 11:06:12 --> CodeIgniter\Database\Exceptions\DatabaseException: Column 'user_id' cannot be null
in SYSTEMPATH/Database/BaseConnection.php on line 647.
 1 SYSTEMPATH/Database/BaseBuilder.php(2307): CodeIgniter\Database\BaseConnection->query('INSERT INTO `product_log` (`description`, `user_id`) VALUES (:description:, :user_id:)', [...], false)
 2 SYSTEMPATH/Model.php(326): CodeIgniter\Database\BaseBuilder->insert()
 3 SYSTEMPATH/BaseModel.php(802): CodeIgniter\Model->doInsert([...])
 4 SYSTEMPATH/Model.php(744): CodeIgniter\BaseModel->insert([...], true)
 5 APPPATH/Helpers/ProductLog.php(46): CodeIgniter\Model->insert([...])
 6 APPPATH/Controllers/Cart.php(310): App\Helpers\ProductLog::logProductAction('20', 'Moved to Stock', 19, null)
 7 SYSTEMPATH/CodeIgniter.php(941): App\Controllers\Cart->delete('81')
 8 SYSTEMPATH/CodeIgniter.php(502): CodeIgniter\CodeIgniter->runController(Object(App\Controllers\Cart))
 9 SYSTEMPATH/CodeIgniter.php(361): CodeIgniter\CodeIgniter->handleRequest(null, Object(Config\Cache), false)
10 FCPATH/index.php(79): CodeIgniter\CodeIgniter->run()
CRITICAL - 2024-06-26 11:06:12 --> [Caused by] CodeIgniter\Database\Exceptions\DatabaseException: Column 'user_id' cannot be null
in SYSTEMPATH/Database/MySQLi/Connection.php on line 311.
 1 SYSTEMPATH/Database/BaseConnection.php(693): CodeIgniter\Database\MySQLi\Connection->execute('INSERT INTO `product_log` (`description`, `user_id`) VALUES (\'{\\"invoice_no\\":\\"WA5\\",\\"lot_no\\":\\"14\\",\\"status\\":\\"Moved to Stock\\",\\"qty\\":19,\\"garden_name\\":\\"WATERFALL\\",\\"grade_name\\":\\"BOPF\\"}\', NULL)')
 2 SYSTEMPATH/Database/BaseConnection.php(607): CodeIgniter\Database\BaseConnection->simpleQuery('INSERT INTO `product_log` (`description`, `user_id`) VALUES (\'{\\"invoice_no\\":\\"WA5\\",\\"lot_no\\":\\"14\\",\\"status\\":\\"Moved to Stock\\",\\"qty\\":19,\\"garden_name\\":\\"WATERFALL\\",\\"grade_name\\":\\"BOPF\\"}\', NULL)')
 3 SYSTEMPATH/Database/BaseBuilder.php(2307): CodeIgniter\Database\BaseConnection->query('INSERT INTO `product_log` (`description`, `user_id`) VALUES (:description:, :user_id:)', [...], false)
 4 SYSTEMPATH/Model.php(326): CodeIgniter\Database\BaseBuilder->insert()
 5 SYSTEMPATH/BaseModel.php(802): CodeIgniter\Model->doInsert([...])
 6 SYSTEMPATH/Model.php(744): CodeIgniter\BaseModel->insert([...], true)
 7 APPPATH/Helpers/ProductLog.php(46): CodeIgniter\Model->insert([...])
 8 APPPATH/Controllers/Cart.php(310): App\Helpers\ProductLog::logProductAction('20', 'Moved to Stock', 19, null)
 9 SYSTEMPATH/CodeIgniter.php(941): App\Controllers\Cart->delete('81')
10 SYSTEMPATH/CodeIgniter.php(502): CodeIgniter\CodeIgniter->runController(Object(App\Controllers\Cart))
11 SYSTEMPATH/CodeIgniter.php(361): CodeIgniter\CodeIgniter->handleRequest(null, Object(Config\Cache), false)
12 FCPATH/index.php(79): CodeIgniter\CodeIgniter->run()
CRITICAL - 2024-06-26 11:06:12 --> [Caused by] mysqli_sql_exception: Column 'user_id' cannot be null
in SYSTEMPATH/Database/MySQLi/Connection.php on line 306.
 1 SYSTEMPATH/Database/MySQLi/Connection.php(306): mysqli->query('INSERT INTO `product_log` (`description`, `user_id`) VALUES (\'{\\"invoice_no\\":\\"WA5\\",\\"lot_no\\":\\"14\\",\\"status\\":\\"Moved to Stock\\",\\"qty\\":19,\\"garden_name\\":\\"WATERFALL\\",\\"grade_name\\":\\"BOPF\\"}\', NULL)', 0)
 2 SYSTEMPATH/Database/BaseConnection.php(693): CodeIgniter\Database\MySQLi\Connection->execute('INSERT INTO `product_log` (`description`, `user_id`) VALUES (\'{\\"invoice_no\\":\\"WA5\\",\\"lot_no\\":\\"14\\",\\"status\\":\\"Moved to Stock\\",\\"qty\\":19,\\"garden_name\\":\\"WATERFALL\\",\\"grade_name\\":\\"BOPF\\"}\', NULL)')
 3 SYSTEMPATH/Database/BaseConnection.php(607): CodeIgniter\Database\BaseConnection->simpleQuery('INSERT INTO `product_log` (`description`, `user_id`) VALUES (\'{\\"invoice_no\\":\\"WA5\\",\\"lot_no\\":\\"14\\",\\"status\\":\\"Moved to Stock\\",\\"qty\\":19,\\"garden_name\\":\\"WATERFALL\\",\\"grade_name\\":\\"BOPF\\"}\', NULL)')
 4 SYSTEMPATH/Database/BaseBuilder.php(2307): CodeIgniter\Database\BaseConnection->query('INSERT INTO `product_log` (`description`, `user_id`) VALUES (:description:, :user_id:)', [...], false)
 5 SYSTEMPATH/Model.php(326): CodeIgniter\Database\BaseBuilder->insert()
 6 SYSTEMPATH/BaseModel.php(802): CodeIgniter\Model->doInsert([...])
 7 SYSTEMPATH/Model.php(744): CodeIgniter\BaseModel->insert([...], true)
 8 APPPATH/Helpers/ProductLog.php(46): CodeIgniter\Model->insert([...])
 9 APPPATH/Controllers/Cart.php(310): App\Helpers\ProductLog::logProductAction('20', 'Moved to Stock', 19, null)
10 SYSTEMPATH/CodeIgniter.php(941): App\Controllers\Cart->delete('81')
11 SYSTEMPATH/CodeIgniter.php(502): CodeIgniter\CodeIgniter->runController(Object(App\Controllers\Cart))
12 SYSTEMPATH/CodeIgniter.php(361): CodeIgniter\CodeIgniter->handleRequest(null, Object(Config\Cache), false)
13 FCPATH/index.php(79): CodeIgniter\CodeIgniter->run()
CRITICAL - 2024-06-26 11:06:14 --> ErrorException: Undefined variable $auction_data
in APPPATH/Controllers/Cart.php on line 420.
 1 APPPATH/Controllers/Cart.php(420): CodeIgniter\Debug\Exceptions->errorHandler(2, 'Undefined variable $auction_data', '/var/www/eazyhosting.in/public_html/api/app/Controllers/Cart.php', 420)
 2 SYSTEMPATH/CodeIgniter.php(941): App\Controllers\Cart->auctiongardenlist()
 3 SYSTEMPATH/CodeIgniter.php(502): CodeIgniter\CodeIgniter->runController(Object(App\Controllers\Cart))
 4 SYSTEMPATH/CodeIgniter.php(361): CodeIgniter\CodeIgniter->handleRequest(null, Object(Config\Cache), false)
 5 FCPATH/index.php(79): CodeIgniter\CodeIgniter->run()
ERROR - 2024-06-26 11:06:17 --> mysqli_sql_exception: Column 'user_id' cannot be null in /var/www/eazyhosting.in/public_html/api/system/Database/MySQLi/Connection.php:306
Stack trace:
#0 /var/www/eazyhosting.in/public_html/api/system/Database/MySQLi/Connection.php(306): mysqli->query('INSERT INTO `pr...', 0)
#1 /var/www/eazyhosting.in/public_html/api/system/Database/BaseConnection.php(693): CodeIgniter\Database\MySQLi\Connection->execute('INSERT INTO `pr...')
#2 /var/www/eazyhosting.in/public_html/api/system/Database/BaseConnection.php(607): CodeIgniter\Database\BaseConnection->simpleQuery('INSERT INTO `pr...')
#3 /var/www/eazyhosting.in/public_html/api/system/Database/BaseBuilder.php(2307): CodeIgniter\Database\BaseConnection->query('INSERT INTO `pr...', Array, false)
#4 /var/www/eazyhosting.in/public_html/api/system/Model.php(326): CodeIgniter\Database\BaseBuilder->insert()
#5 /var/www/eazyhosting.in/public_html/api/system/BaseModel.php(802): CodeIgniter\Model->doInsert(Array)
#6 /var/www/eazyhosting.in/public_html/api/system/Model.php(744): CodeIgniter\BaseModel->insert(Array, true)
#7 /var/www/eazyhosting.in/public_html/api/app/Helpers/ProductLog.php(46): CodeIgniter\Model->insert(Array)
#8 /var/www/eazyhosting.in/public_html/api/app/Controllers/Cart.php(310): App\Helpers\ProductLog::logProductAction('20', 'Moved to Stock', 20, NULL)
#9 /var/www/eazyhosting.in/public_html/api/system/CodeIgniter.php(941): App\Controllers\Cart->delete('81')
#10 /var/www/eazyhosting.in/public_html/api/system/CodeIgniter.php(502): CodeIgniter\CodeIgniter->runController(Object(App\Controllers\Cart))
#11 /var/www/eazyhosting.in/public_html/api/system/CodeIgniter.php(361): CodeIgniter\CodeIgniter->handleRequest(NULL, Object(Config\Cache), false)
#12 /var/www/eazyhosting.in/public_html/api/public/index.php(79): CodeIgniter\CodeIgniter->run()
#13 {main}
CRITICAL - 2024-06-26 11:06:17 --> CodeIgniter\Database\Exceptions\DatabaseException: Column 'user_id' cannot be null
in SYSTEMPATH/Database/BaseConnection.php on line 647.
 1 SYSTEMPATH/Database/BaseBuilder.php(2307): CodeIgniter\Database\BaseConnection->query('INSERT INTO `product_log` (`description`, `user_id`) VALUES (:description:, :user_id:)', [...], false)
 2 SYSTEMPATH/Model.php(326): CodeIgniter\Database\BaseBuilder->insert()
 3 SYSTEMPATH/BaseModel.php(802): CodeIgniter\Model->doInsert([...])
 4 SYSTEMPATH/Model.php(744): CodeIgniter\BaseModel->insert([...], true)
 5 APPPATH/Helpers/ProductLog.php(46): CodeIgniter\Model->insert([...])
 6 APPPATH/Controllers/Cart.php(310): App\Helpers\ProductLog::logProductAction('20', 'Moved to Stock', 20, null)
 7 SYSTEMPATH/CodeIgniter.php(941): App\Controllers\Cart->delete('81')
 8 SYSTEMPATH/CodeIgniter.php(502): CodeIgniter\CodeIgniter->runController(Object(App\Controllers\Cart))
 9 SYSTEMPATH/CodeIgniter.php(361): CodeIgniter\CodeIgniter->handleRequest(null, Object(Config\Cache), false)
10 FCPATH/index.php(79): CodeIgniter\CodeIgniter->run()
CRITICAL - 2024-06-26 11:06:17 --> [Caused by] CodeIgniter\Database\Exceptions\DatabaseException: Column 'user_id' cannot be null
in SYSTEMPATH/Database/MySQLi/Connection.php on line 311.
 1 SYSTEMPATH/Database/BaseConnection.php(693): CodeIgniter\Database\MySQLi\Connection->execute('INSERT INTO `product_log` (`description`, `user_id`) VALUES (\'{\\"invoice_no\\":\\"WA5\\",\\"lot_no\\":\\"14\\",\\"status\\":\\"Moved to Stock\\",\\"qty\\":20,\\"garden_name\\":\\"WATERFALL\\",\\"grade_name\\":\\"BOPF\\"}\', NULL)')
 2 SYSTEMPATH/Database/BaseConnection.php(607): CodeIgniter\Database\BaseConnection->simpleQuery('INSERT INTO `product_log` (`description`, `user_id`) VALUES (\'{\\"invoice_no\\":\\"WA5\\",\\"lot_no\\":\\"14\\",\\"status\\":\\"Moved to Stock\\",\\"qty\\":20,\\"garden_name\\":\\"WATERFALL\\",\\"grade_name\\":\\"BOPF\\"}\', NULL)')
 3 SYSTEMPATH/Database/BaseBuilder.php(2307): CodeIgniter\Database\BaseConnection->query('INSERT INTO `product_log` (`description`, `user_id`) VALUES (:description:, :user_id:)', [...], false)
 4 SYSTEMPATH/Model.php(326): CodeIgniter\Database\BaseBuilder->insert()
 5 SYSTEMPATH/BaseModel.php(802): CodeIgniter\Model->doInsert([...])
 6 SYSTEMPATH/Model.php(744): CodeIgniter\BaseModel->insert([...], true)
 7 APPPATH/Helpers/ProductLog.php(46): CodeIgniter\Model->insert([...])
 8 APPPATH/Controllers/Cart.php(310): App\Helpers\ProductLog::logProductAction('20', 'Moved to Stock', 20, null)
 9 SYSTEMPATH/CodeIgniter.php(941): App\Controllers\Cart->delete('81')
10 SYSTEMPATH/CodeIgniter.php(502): CodeIgniter\CodeIgniter->runController(Object(App\Controllers\Cart))
11 SYSTEMPATH/CodeIgniter.php(361): CodeIgniter\CodeIgniter->handleRequest(null, Object(Config\Cache), false)
12 FCPATH/index.php(79): CodeIgniter\CodeIgniter->run()
CRITICAL - 2024-06-26 11:06:17 --> [Caused by] mysqli_sql_exception: Column 'user_id' cannot be null
in SYSTEMPATH/Database/MySQLi/Connection.php on line 306.
 1 SYSTEMPATH/Database/MySQLi/Connection.php(306): mysqli->query('INSERT INTO `product_log` (`description`, `user_id`) VALUES (\'{\\"invoice_no\\":\\"WA5\\",\\"lot_no\\":\\"14\\",\\"status\\":\\"Moved to Stock\\",\\"qty\\":20,\\"garden_name\\":\\"WATERFALL\\",\\"grade_name\\":\\"BOPF\\"}\', NULL)', 0)
 2 SYSTEMPATH/Database/BaseConnection.php(693): CodeIgniter\Database\MySQLi\Connection->execute('INSERT INTO `product_log` (`description`, `user_id`) VALUES (\'{\\"invoice_no\\":\\"WA5\\",\\"lot_no\\":\\"14\\",\\"status\\":\\"Moved to Stock\\",\\"qty\\":20,\\"garden_name\\":\\"WATERFALL\\",\\"grade_name\\":\\"BOPF\\"}\', NULL)')
 3 SYSTEMPATH/Database/BaseConnection.php(607): CodeIgniter\Database\BaseConnection->simpleQuery('INSERT INTO `product_log` (`description`, `user_id`) VALUES (\'{\\"invoice_no\\":\\"WA5\\",\\"lot_no\\":\\"14\\",\\"status\\":\\"Moved to Stock\\",\\"qty\\":20,\\"garden_name\\":\\"WATERFALL\\",\\"grade_name\\":\\"BOPF\\"}\', NULL)')
 4 SYSTEMPATH/Database/BaseBuilder.php(2307): CodeIgniter\Database\BaseConnection->query('INSERT INTO `product_log` (`description`, `user_id`) VALUES (:description:, :user_id:)', [...], false)
 5 SYSTEMPATH/Model.php(326): CodeIgniter\Database\BaseBuilder->insert()
 6 SYSTEMPATH/BaseModel.php(802): CodeIgniter\Model->doInsert([...])
 7 SYSTEMPATH/Model.php(744): CodeIgniter\BaseModel->insert([...], true)
 8 APPPATH/Helpers/ProductLog.php(46): CodeIgniter\Model->insert([...])
 9 APPPATH/Controllers/Cart.php(310): App\Helpers\ProductLog::logProductAction('20', 'Moved to Stock', 20, null)
10 SYSTEMPATH/CodeIgniter.php(941): App\Controllers\Cart->delete('81')
11 SYSTEMPATH/CodeIgniter.php(502): CodeIgniter\CodeIgniter->runController(Object(App\Controllers\Cart))
12 SYSTEMPATH/CodeIgniter.php(361): CodeIgniter\CodeIgniter->handleRequest(null, Object(Config\Cache), false)
13 FCPATH/index.php(79): CodeIgniter\CodeIgniter->run()
ERROR - 2024-06-26 11:06:21 --> mysqli_sql_exception: Column 'user_id' cannot be null in /var/www/eazyhosting.in/public_html/api/system/Database/MySQLi/Connection.php:306
Stack trace:
#0 /var/www/eazyhosting.in/public_html/api/system/Database/MySQLi/Connection.php(306): mysqli->query('INSERT INTO `pr...', 0)
#1 /var/www/eazyhosting.in/public_html/api/system/Database/BaseConnection.php(693): CodeIgniter\Database\MySQLi\Connection->execute('INSERT INTO `pr...')
#2 /var/www/eazyhosting.in/public_html/api/system/Database/BaseConnection.php(607): CodeIgniter\Database\BaseConnection->simpleQuery('INSERT INTO `pr...')
#3 /var/www/eazyhosting.in/public_html/api/system/Database/BaseBuilder.php(2307): CodeIgniter\Database\BaseConnection->query('INSERT INTO `pr...', Array, false)
#4 /var/www/eazyhosting.in/public_html/api/system/Model.php(326): CodeIgniter\Database\BaseBuilder->insert()
#5 /var/www/eazyhosting.in/public_html/api/system/BaseModel.php(802): CodeIgniter\Model->doInsert(Array)
#6 /var/www/eazyhosting.in/public_html/api/system/Model.php(744): CodeIgniter\BaseModel->insert(Array, true)
#7 /var/www/eazyhosting.in/public_html/api/app/Helpers/ProductLog.php(46): CodeIgniter\Model->insert(Array)
#8 /var/www/eazyhosting.in/public_html/api/app/Controllers/Cart.php(310): App\Helpers\ProductLog::logProductAction('19', 'Moved to Stock', 23, NULL)
#9 /var/www/eazyhosting.in/public_html/api/system/CodeIgniter.php(941): App\Controllers\Cart->delete('80')
#10 /var/www/eazyhosting.in/public_html/api/system/CodeIgniter.php(502): CodeIgniter\CodeIgniter->runController(Object(App\Controllers\Cart))
#11 /var/www/eazyhosting.in/public_html/api/system/CodeIgniter.php(361): CodeIgniter\CodeIgniter->handleRequest(NULL, Object(Config\Cache), false)
#12 /var/www/eazyhosting.in/public_html/api/public/index.php(79): CodeIgniter\CodeIgniter->run()
#13 {main}
CRITICAL - 2024-06-26 11:06:21 --> CodeIgniter\Database\Exceptions\DatabaseException: Column 'user_id' cannot be null
in SYSTEMPATH/Database/BaseConnection.php on line 647.
 1 SYSTEMPATH/Database/BaseBuilder.php(2307): CodeIgniter\Database\BaseConnection->query('INSERT INTO `product_log` (`description`, `user_id`) VALUES (:description:, :user_id:)', [...], false)
 2 SYSTEMPATH/Model.php(326): CodeIgniter\Database\BaseBuilder->insert()
 3 SYSTEMPATH/BaseModel.php(802): CodeIgniter\Model->doInsert([...])
 4 SYSTEMPATH/Model.php(744): CodeIgniter\BaseModel->insert([...], true)
 5 APPPATH/Helpers/ProductLog.php(46): CodeIgniter\Model->insert([...])
 6 APPPATH/Controllers/Cart.php(310): App\Helpers\ProductLog::logProductAction('19', 'Moved to Stock', 23, null)
 7 SYSTEMPATH/CodeIgniter.php(941): App\Controllers\Cart->delete('80')
 8 SYSTEMPATH/CodeIgniter.php(502): CodeIgniter\CodeIgniter->runController(Object(App\Controllers\Cart))
 9 SYSTEMPATH/CodeIgniter.php(361): CodeIgniter\CodeIgniter->handleRequest(null, Object(Config\Cache), false)
10 FCPATH/index.php(79): CodeIgniter\CodeIgniter->run()
CRITICAL - 2024-06-26 11:06:21 --> [Caused by] CodeIgniter\Database\Exceptions\DatabaseException: Column 'user_id' cannot be null
in SYSTEMPATH/Database/MySQLi/Connection.php on line 311.
 1 SYSTEMPATH/Database/BaseConnection.php(693): CodeIgniter\Database\MySQLi\Connection->execute('INSERT INTO `product_log` (`description`, `user_id`) VALUES (\'{\\"invoice_no\\":\\"WA4\\",\\"lot_no\\":\\"18\\",\\"status\\":\\"Moved to Stock\\",\\"qty\\":23,\\"garden_name\\":\\"WATERFALL\\",\\"grade_name\\":\\"PF\\"}\', NULL)')
 2 SYSTEMPATH/Database/BaseConnection.php(607): CodeIgniter\Database\BaseConnection->simpleQuery('INSERT INTO `product_log` (`description`, `user_id`) VALUES (\'{\\"invoice_no\\":\\"WA4\\",\\"lot_no\\":\\"18\\",\\"status\\":\\"Moved to Stock\\",\\"qty\\":23,\\"garden_name\\":\\"WATERFALL\\",\\"grade_name\\":\\"PF\\"}\', NULL)')
 3 SYSTEMPATH/Database/BaseBuilder.php(2307): CodeIgniter\Database\BaseConnection->query('INSERT INTO `product_log` (`description`, `user_id`) VALUES (:description:, :user_id:)', [...], false)
 4 SYSTEMPATH/Model.php(326): CodeIgniter\Database\BaseBuilder->insert()
 5 SYSTEMPATH/BaseModel.php(802): CodeIgniter\Model->doInsert([...])
 6 SYSTEMPATH/Model.php(744): CodeIgniter\BaseModel->insert([...], true)
 7 APPPATH/Helpers/ProductLog.php(46): CodeIgniter\Model->insert([...])
 8 APPPATH/Controllers/Cart.php(310): App\Helpers\ProductLog::logProductAction('19', 'Moved to Stock', 23, null)
 9 SYSTEMPATH/CodeIgniter.php(941): App\Controllers\Cart->delete('80')
10 SYSTEMPATH/CodeIgniter.php(502): CodeIgniter\CodeIgniter->runController(Object(App\Controllers\Cart))
11 SYSTEMPATH/CodeIgniter.php(361): CodeIgniter\CodeIgniter->handleRequest(null, Object(Config\Cache), false)
12 FCPATH/index.php(79): CodeIgniter\CodeIgniter->run()
CRITICAL - 2024-06-26 11:06:21 --> [Caused by] mysqli_sql_exception: Column 'user_id' cannot be null
in SYSTEMPATH/Database/MySQLi/Connection.php on line 306.
 1 SYSTEMPATH/Database/MySQLi/Connection.php(306): mysqli->query('INSERT INTO `product_log` (`description`, `user_id`) VALUES (\'{\\"invoice_no\\":\\"WA4\\",\\"lot_no\\":\\"18\\",\\"status\\":\\"Moved to Stock\\",\\"qty\\":23,\\"garden_name\\":\\"WATERFALL\\",\\"grade_name\\":\\"PF\\"}\', NULL)', 0)
 2 SYSTEMPATH/Database/BaseConnection.php(693): CodeIgniter\Database\MySQLi\Connection->execute('INSERT INTO `product_log` (`description`, `user_id`) VALUES (\'{\\"invoice_no\\":\\"WA4\\",\\"lot_no\\":\\"18\\",\\"status\\":\\"Moved to Stock\\",\\"qty\\":23,\\"garden_name\\":\\"WATERFALL\\",\\"grade_name\\":\\"PF\\"}\', NULL)')
 3 SYSTEMPATH/Database/BaseConnection.php(607): CodeIgniter\Database\BaseConnection->simpleQuery('INSERT INTO `product_log` (`description`, `user_id`) VALUES (\'{\\"invoice_no\\":\\"WA4\\",\\"lot_no\\":\\"18\\",\\"status\\":\\"Moved to Stock\\",\\"qty\\":23,\\"garden_name\\":\\"WATERFALL\\",\\"grade_name\\":\\"PF\\"}\', NULL)')
 4 SYSTEMPATH/Database/BaseBuilder.php(2307): CodeIgniter\Database\BaseConnection->query('INSERT INTO `product_log` (`description`, `user_id`) VALUES (:description:, :user_id:)', [...], false)
 5 SYSTEMPATH/Model.php(326): CodeIgniter\Database\BaseBuilder->insert()
 6 SYSTEMPATH/BaseModel.php(802): CodeIgniter\Model->doInsert([...])
 7 SYSTEMPATH/Model.php(744): CodeIgniter\BaseModel->insert([...], true)
 8 APPPATH/Helpers/ProductLog.php(46): CodeIgniter\Model->insert([...])
 9 APPPATH/Controllers/Cart.php(310): App\Helpers\ProductLog::logProductAction('19', 'Moved to Stock', 23, null)
10 SYSTEMPATH/CodeIgniter.php(941): App\Controllers\Cart->delete('80')
11 SYSTEMPATH/CodeIgniter.php(502): CodeIgniter\CodeIgniter->runController(Object(App\Controllers\Cart))
12 SYSTEMPATH/CodeIgniter.php(361): CodeIgniter\CodeIgniter->handleRequest(null, Object(Config\Cache), false)
13 FCPATH/index.php(79): CodeIgniter\CodeIgniter->run()
CRITICAL - 2024-06-26 11:06:24 --> ErrorException: Undefined variable $auction_data
in APPPATH/Controllers/Cart.php on line 420.
 1 APPPATH/Controllers/Cart.php(420): CodeIgniter\Debug\Exceptions->errorHandler(2, 'Undefined variable $auction_data', '/var/www/eazyhosting.in/public_html/api/app/Controllers/Cart.php', 420)
 2 SYSTEMPATH/CodeIgniter.php(941): App\Controllers\Cart->auctiongardenlist()
 3 SYSTEMPATH/CodeIgniter.php(502): CodeIgniter\CodeIgniter->runController(Object(App\Controllers\Cart))
 4 SYSTEMPATH/CodeIgniter.php(361): CodeIgniter\CodeIgniter->handleRequest(null, Object(Config\Cache), false)
 5 FCPATH/index.php(79): CodeIgniter\CodeIgniter->run()
CRITICAL - 2024-06-26 11:06:24 --> ErrorException: Undefined variable $auction_data
in APPPATH/Controllers/Cart.php on line 420.
 1 APPPATH/Controllers/Cart.php(420): CodeIgniter\Debug\Exceptions->errorHandler(2, 'Undefined variable $auction_data', '/var/www/eazyhosting.in/public_html/api/app/Controllers/Cart.php', 420)
 2 SYSTEMPATH/CodeIgniter.php(941): App\Controllers\Cart->auctiongardenlist()
 3 SYSTEMPATH/CodeIgniter.php(502): CodeIgniter\CodeIgniter->runController(Object(App\Controllers\Cart))
 4 SYSTEMPATH/CodeIgniter.php(361): CodeIgniter\CodeIgniter->handleRequest(null, Object(Config\Cache), false)
 5 FCPATH/index.php(79): CodeIgniter\CodeIgniter->run()
CRITICAL - 2024-06-26 11:06:25 --> ErrorException: Undefined variable $auction_data
in APPPATH/Controllers/Cart.php on line 420.
 1 APPPATH/Controllers/Cart.php(420): CodeIgniter\Debug\Exceptions->errorHandler(2, 'Undefined variable $auction_data', '/var/www/eazyhosting.in/public_html/api/app/Controllers/Cart.php', 420)
 2 SYSTEMPATH/CodeIgniter.php(941): App\Controllers\Cart->auctiongardenlist()
 3 SYSTEMPATH/CodeIgniter.php(502): CodeIgniter\CodeIgniter->runController(Object(App\Controllers\Cart))
 4 SYSTEMPATH/CodeIgniter.php(361): CodeIgniter\CodeIgniter->handleRequest(null, Object(Config\Cache), false)
 5 FCPATH/index.php(79): CodeIgniter\CodeIgniter->run()
CRITICAL - 2024-06-26 11:06:25 --> ErrorException: Undefined variable $auction_data
in APPPATH/Controllers/Cart.php on line 420.
 1 APPPATH/Controllers/Cart.php(420): CodeIgniter\Debug\Exceptions->errorHandler(2, 'Undefined variable $auction_data', '/var/www/eazyhosting.in/public_html/api/app/Controllers/Cart.php', 420)
 2 SYSTEMPATH/CodeIgniter.php(941): App\Controllers\Cart->auctiongardenlist()
 3 SYSTEMPATH/CodeIgniter.php(502): CodeIgniter\CodeIgniter->runController(Object(App\Controllers\Cart))
 4 SYSTEMPATH/CodeIgniter.php(361): CodeIgniter\CodeIgniter->handleRequest(null, Object(Config\Cache), false)
 5 FCPATH/index.php(79): CodeIgniter\CodeIgniter->run()
CRITICAL - 2024-06-26 11:07:26 --> ErrorException: Undefined variable $auction_data
in APPPATH/Controllers/Cart.php on line 420.
 1 APPPATH/Controllers/Cart.php(420): CodeIgniter\Debug\Exceptions->errorHandler(2, 'Undefined variable $auction_data', '/var/www/eazyhosting.in/public_html/api/app/Controllers/Cart.php', 420)
 2 SYSTEMPATH/CodeIgniter.php(941): App\Controllers\Cart->auctiongardenlist()
 3 SYSTEMPATH/CodeIgniter.php(502): CodeIgniter\CodeIgniter->runController(Object(App\Controllers\Cart))
 4 SYSTEMPATH/CodeIgniter.php(361): CodeIgniter\CodeIgniter->handleRequest(null, Object(Config\Cache), false)
 5 FCPATH/index.php(79): CodeIgniter\CodeIgniter->run()
ERROR - 2024-06-26 11:07:29 --> mysqli_sql_exception: Column 'user_id' cannot be null in /var/www/eazyhosting.in/public_html/api/system/Database/MySQLi/Connection.php:306
Stack trace:
#0 /var/www/eazyhosting.in/public_html/api/system/Database/MySQLi/Connection.php(306): mysqli->query('INSERT INTO `pr...', 0)
#1 /var/www/eazyhosting.in/public_html/api/system/Database/BaseConnection.php(693): CodeIgniter\Database\MySQLi\Connection->execute('INSERT INTO `pr...')
#2 /var/www/eazyhosting.in/public_html/api/system/Database/BaseConnection.php(607): CodeIgniter\Database\BaseConnection->simpleQuery('INSERT INTO `pr...')
#3 /var/www/eazyhosting.in/public_html/api/system/Database/BaseBuilder.php(2307): CodeIgniter\Database\BaseConnection->query('INSERT INTO `pr...', Array, false)
#4 /var/www/eazyhosting.in/public_html/api/system/Model.php(326): CodeIgniter\Database\BaseBuilder->insert()
#5 /var/www/eazyhosting.in/public_html/api/system/BaseModel.php(802): CodeIgniter\Model->doInsert(Array)
#6 /var/www/eazyhosting.in/public_html/api/system/Model.php(744): CodeIgniter\BaseModel->insert(Array, true)
#7 /var/www/eazyhosting.in/public_html/api/app/Helpers/ProductLog.php(46): CodeIgniter\Model->insert(Array)
#8 /var/www/eazyhosting.in/public_html/api/app/Controllers/Cart.php(310): App\Helpers\ProductLog::logProductAction('20', 'Moved to Stock', 21, NULL)
#9 /var/www/eazyhosting.in/public_html/api/system/CodeIgniter.php(941): App\Controllers\Cart->delete('81')
#10 /var/www/eazyhosting.in/public_html/api/system/CodeIgniter.php(502): CodeIgniter\CodeIgniter->runController(Object(App\Controllers\Cart))
#11 /var/www/eazyhosting.in/public_html/api/system/CodeIgniter.php(361): CodeIgniter\CodeIgniter->handleRequest(NULL, Object(Config\Cache), false)
#12 /var/www/eazyhosting.in/public_html/api/public/index.php(79): CodeIgniter\CodeIgniter->run()
#13 {main}
CRITICAL - 2024-06-26 11:07:29 --> CodeIgniter\Database\Exceptions\DatabaseException: Column 'user_id' cannot be null
in SYSTEMPATH/Database/BaseConnection.php on line 647.
 1 SYSTEMPATH/Database/BaseBuilder.php(2307): CodeIgniter\Database\BaseConnection->query('INSERT INTO `product_log` (`description`, `user_id`) VALUES (:description:, :user_id:)', [...], false)
 2 SYSTEMPATH/Model.php(326): CodeIgniter\Database\BaseBuilder->insert()
 3 SYSTEMPATH/BaseModel.php(802): CodeIgniter\Model->doInsert([...])
 4 SYSTEMPATH/Model.php(744): CodeIgniter\BaseModel->insert([...], true)
 5 APPPATH/Helpers/ProductLog.php(46): CodeIgniter\Model->insert([...])
 6 APPPATH/Controllers/Cart.php(310): App\Helpers\ProductLog::logProductAction('20', 'Moved to Stock', 21, null)
 7 SYSTEMPATH/CodeIgniter.php(941): App\Controllers\Cart->delete('81')
 8 SYSTEMPATH/CodeIgniter.php(502): CodeIgniter\CodeIgniter->runController(Object(App\Controllers\Cart))
 9 SYSTEMPATH/CodeIgniter.php(361): CodeIgniter\CodeIgniter->handleRequest(null, Object(Config\Cache), false)
10 FCPATH/index.php(79): CodeIgniter\CodeIgniter->run()
CRITICAL - 2024-06-26 11:07:29 --> [Caused by] CodeIgniter\Database\Exceptions\DatabaseException: Column 'user_id' cannot be null
in SYSTEMPATH/Database/MySQLi/Connection.php on line 311.
 1 SYSTEMPATH/Database/BaseConnection.php(693): CodeIgniter\Database\MySQLi\Connection->execute('INSERT INTO `product_log` (`description`, `user_id`) VALUES (\'{\\"invoice_no\\":\\"WA5\\",\\"lot_no\\":\\"14\\",\\"status\\":\\"Moved to Stock\\",\\"qty\\":21,\\"garden_name\\":\\"WATERFALL\\",\\"grade_name\\":\\"BOPF\\"}\', NULL)')
 2 SYSTEMPATH/Database/BaseConnection.php(607): CodeIgniter\Database\BaseConnection->simpleQuery('INSERT INTO `product_log` (`description`, `user_id`) VALUES (\'{\\"invoice_no\\":\\"WA5\\",\\"lot_no\\":\\"14\\",\\"status\\":\\"Moved to Stock\\",\\"qty\\":21,\\"garden_name\\":\\"WATERFALL\\",\\"grade_name\\":\\"BOPF\\"}\', NULL)')
 3 SYSTEMPATH/Database/BaseBuilder.php(2307): CodeIgniter\Database\BaseConnection->query('INSERT INTO `product_log` (`description`, `user_id`) VALUES (:description:, :user_id:)', [...], false)
 4 SYSTEMPATH/Model.php(326): CodeIgniter\Database\BaseBuilder->insert()
 5 SYSTEMPATH/BaseModel.php(802): CodeIgniter\Model->doInsert([...])
 6 SYSTEMPATH/Model.php(744): CodeIgniter\BaseModel->insert([...], true)
 7 APPPATH/Helpers/ProductLog.php(46): CodeIgniter\Model->insert([...])
 8 APPPATH/Controllers/Cart.php(310): App\Helpers\ProductLog::logProductAction('20', 'Moved to Stock', 21, null)
 9 SYSTEMPATH/CodeIgniter.php(941): App\Controllers\Cart->delete('81')
10 SYSTEMPATH/CodeIgniter.php(502): CodeIgniter\CodeIgniter->runController(Object(App\Controllers\Cart))
11 SYSTEMPATH/CodeIgniter.php(361): CodeIgniter\CodeIgniter->handleRequest(null, Object(Config\Cache), false)
12 FCPATH/index.php(79): CodeIgniter\CodeIgniter->run()
CRITICAL - 2024-06-26 11:07:29 --> [Caused by] mysqli_sql_exception: Column 'user_id' cannot be null
in SYSTEMPATH/Database/MySQLi/Connection.php on line 306.
 1 SYSTEMPATH/Database/MySQLi/Connection.php(306): mysqli->query('INSERT INTO `product_log` (`description`, `user_id`) VALUES (\'{\\"invoice_no\\":\\"WA5\\",\\"lot_no\\":\\"14\\",\\"status\\":\\"Moved to Stock\\",\\"qty\\":21,\\"garden_name\\":\\"WATERFALL\\",\\"grade_name\\":\\"BOPF\\"}\', NULL)', 0)
 2 SYSTEMPATH/Database/BaseConnection.php(693): CodeIgniter\Database\MySQLi\Connection->execute('INSERT INTO `product_log` (`description`, `user_id`) VALUES (\'{\\"invoice_no\\":\\"WA5\\",\\"lot_no\\":\\"14\\",\\"status\\":\\"Moved to Stock\\",\\"qty\\":21,\\"garden_name\\":\\"WATERFALL\\",\\"grade_name\\":\\"BOPF\\"}\', NULL)')
 3 SYSTEMPATH/Database/BaseConnection.php(607): CodeIgniter\Database\BaseConnection->simpleQuery('INSERT INTO `product_log` (`description`, `user_id`) VALUES (\'{\\"invoice_no\\":\\"WA5\\",\\"lot_no\\":\\"14\\",\\"status\\":\\"Moved to Stock\\",\\"qty\\":21,\\"garden_name\\":\\"WATERFALL\\",\\"grade_name\\":\\"BOPF\\"}\', NULL)')
 4 SYSTEMPATH/Database/BaseBuilder.php(2307): CodeIgniter\Database\BaseConnection->query('INSERT INTO `product_log` (`description`, `user_id`) VALUES (:description:, :user_id:)', [...], false)
 5 SYSTEMPATH/Model.php(326): CodeIgniter\Database\BaseBuilder->insert()
 6 SYSTEMPATH/BaseModel.php(802): CodeIgniter\Model->doInsert([...])
 7 SYSTEMPATH/Model.php(744): CodeIgniter\BaseModel->insert([...], true)
 8 APPPATH/Helpers/ProductLog.php(46): CodeIgniter\Model->insert([...])
 9 APPPATH/Controllers/Cart.php(310): App\Helpers\ProductLog::logProductAction('20', 'Moved to Stock', 21, null)
10 SYSTEMPATH/CodeIgniter.php(941): App\Controllers\Cart->delete('81')
11 SYSTEMPATH/CodeIgniter.php(502): CodeIgniter\CodeIgniter->runController(Object(App\Controllers\Cart))
12 SYSTEMPATH/CodeIgniter.php(361): CodeIgniter\CodeIgniter->handleRequest(null, Object(Config\Cache), false)
13 FCPATH/index.php(79): CodeIgniter\CodeIgniter->run()
CRITICAL - 2024-06-26 11:07:59 --> ErrorException: Undefined variable $auction_data
in APPPATH/Controllers/Cart.php on line 420.
 1 APPPATH/Controllers/Cart.php(420): CodeIgniter\Debug\Exceptions->errorHandler(2, 'Undefined variable $auction_data', '/var/www/eazyhosting.in/public_html/api/app/Controllers/Cart.php', 420)
 2 SYSTEMPATH/CodeIgniter.php(941): App\Controllers\Cart->auctiongardenlist()
 3 SYSTEMPATH/CodeIgniter.php(502): CodeIgniter\CodeIgniter->runController(Object(App\Controllers\Cart))
 4 SYSTEMPATH/CodeIgniter.php(361): CodeIgniter\CodeIgniter->handleRequest(null, Object(Config\Cache), false)
 5 FCPATH/index.php(79): CodeIgniter\CodeIgniter->run()
CRITICAL - 2024-06-26 11:08:13 --> ErrorException: Undefined variable $auction_data
in APPPATH/Controllers/Cart.php on line 420.
 1 APPPATH/Controllers/Cart.php(420): CodeIgniter\Debug\Exceptions->errorHandler(2, 'Undefined variable $auction_data', '/var/www/eazyhosting.in/public_html/api/app/Controllers/Cart.php', 420)
 2 SYSTEMPATH/CodeIgniter.php(941): App\Controllers\Cart->auctiongardenlist()
 3 SYSTEMPATH/CodeIgniter.php(502): CodeIgniter\CodeIgniter->runController(Object(App\Controllers\Cart))
 4 SYSTEMPATH/CodeIgniter.php(361): CodeIgniter\CodeIgniter->handleRequest(null, Object(Config\Cache), false)
 5 FCPATH/index.php(79): CodeIgniter\CodeIgniter->run()
ERROR - 2024-06-26 11:08:28 --> mysqli_sql_exception: Column 'user_id' cannot be null in /var/www/eazyhosting.in/public_html/api/system/Database/MySQLi/Connection.php:306
Stack trace:
#0 /var/www/eazyhosting.in/public_html/api/system/Database/MySQLi/Connection.php(306): mysqli->query('INSERT INTO `pr...', 0)
#1 /var/www/eazyhosting.in/public_html/api/system/Database/BaseConnection.php(693): CodeIgniter\Database\MySQLi\Connection->execute('INSERT INTO `pr...')
#2 /var/www/eazyhosting.in/public_html/api/system/Database/BaseConnection.php(607): CodeIgniter\Database\BaseConnection->simpleQuery('INSERT INTO `pr...')
#3 /var/www/eazyhosting.in/public_html/api/system/Database/BaseBuilder.php(2307): CodeIgniter\Database\BaseConnection->query('INSERT INTO `pr...', Array, false)
#4 /var/www/eazyhosting.in/public_html/api/system/Model.php(326): CodeIgniter\Database\BaseBuilder->insert()
#5 /var/www/eazyhosting.in/public_html/api/system/BaseModel.php(802): CodeIgniter\Model->doInsert(Array)
#6 /var/www/eazyhosting.in/public_html/api/system/Model.php(744): CodeIgniter\BaseModel->insert(Array, true)
#7 /var/www/eazyhosting.in/public_html/api/app/Helpers/ProductLog.php(46): CodeIgniter\Model->insert(Array)
#8 /var/www/eazyhosting.in/public_html/api/app/Controllers/Cart.php(310): App\Helpers\ProductLog::logProductAction('70', 'Moved to Stock', 10, NULL)
#9 /var/www/eazyhosting.in/public_html/api/system/CodeIgniter.php(941): App\Controllers\Cart->delete('83')
#10 /var/www/eazyhosting.in/public_html/api/system/CodeIgniter.php(502): CodeIgniter\CodeIgniter->runController(Object(App\Controllers\Cart))
#11 /var/www/eazyhosting.in/public_html/api/system/CodeIgniter.php(361): CodeIgniter\CodeIgniter->handleRequest(NULL, Object(Config\Cache), false)
#12 /var/www/eazyhosting.in/public_html/api/public/index.php(79): CodeIgniter\CodeIgniter->run()
#13 {main}
CRITICAL - 2024-06-26 11:08:28 --> CodeIgniter\Database\Exceptions\DatabaseException: Column 'user_id' cannot be null
in SYSTEMPATH/Database/BaseConnection.php on line 647.
 1 SYSTEMPATH/Database/BaseBuilder.php(2307): CodeIgniter\Database\BaseConnection->query('INSERT INTO `product_log` (`description`, `user_id`) VALUES (:description:, :user_id:)', [...], false)
 2 SYSTEMPATH/Model.php(326): CodeIgniter\Database\BaseBuilder->insert()
 3 SYSTEMPATH/BaseModel.php(802): CodeIgniter\Model->doInsert([...])
 4 SYSTEMPATH/Model.php(744): CodeIgniter\BaseModel->insert([...], true)
 5 APPPATH/Helpers/ProductLog.php(46): CodeIgniter\Model->insert([...])
 6 APPPATH/Controllers/Cart.php(310): App\Helpers\ProductLog::logProductAction('70', 'Moved to Stock', 10, null)
 7 SYSTEMPATH/CodeIgniter.php(941): App\Controllers\Cart->delete('83')
 8 SYSTEMPATH/CodeIgniter.php(502): CodeIgniter\CodeIgniter->runController(Object(App\Controllers\Cart))
 9 SYSTEMPATH/CodeIgniter.php(361): CodeIgniter\CodeIgniter->handleRequest(null, Object(Config\Cache), false)
10 FCPATH/index.php(79): CodeIgniter\CodeIgniter->run()
CRITICAL - 2024-06-26 11:08:28 --> [Caused by] CodeIgniter\Database\Exceptions\DatabaseException: Column 'user_id' cannot be null
in SYSTEMPATH/Database/MySQLi/Connection.php on line 311.
 1 SYSTEMPATH/Database/BaseConnection.php(693): CodeIgniter\Database\MySQLi\Connection->execute('INSERT INTO `product_log` (`description`, `user_id`) VALUES (\'{\\"invoice_no\\":\\"26jun2\\",\\"lot_no\\":\\"\\",\\"status\\":\\"Moved to Stock\\",\\"qty\\":10,\\"garden_name\\":\\"VIRIPARAI SUPER\\",\\"grade_name\\":\\"BOPF\\"}\', NULL)')
 2 SYSTEMPATH/Database/BaseConnection.php(607): CodeIgniter\Database\BaseConnection->simpleQuery('INSERT INTO `product_log` (`description`, `user_id`) VALUES (\'{\\"invoice_no\\":\\"26jun2\\",\\"lot_no\\":\\"\\",\\"status\\":\\"Moved to Stock\\",\\"qty\\":10,\\"garden_name\\":\\"VIRIPARAI SUPER\\",\\"grade_name\\":\\"BOPF\\"}\', NULL)')
 3 SYSTEMPATH/Database/BaseBuilder.php(2307): CodeIgniter\Database\BaseConnection->query('INSERT INTO `product_log` (`description`, `user_id`) VALUES (:description:, :user_id:)', [...], false)
 4 SYSTEMPATH/Model.php(326): CodeIgniter\Database\BaseBuilder->insert()
 5 SYSTEMPATH/BaseModel.php(802): CodeIgniter\Model->doInsert([...])
 6 SYSTEMPATH/Model.php(744): CodeIgniter\BaseModel->insert([...], true)
 7 APPPATH/Helpers/ProductLog.php(46): CodeIgniter\Model->insert([...])
 8 APPPATH/Controllers/Cart.php(310): App\Helpers\ProductLog::logProductAction('70', 'Moved to Stock', 10, null)
 9 SYSTEMPATH/CodeIgniter.php(941): App\Controllers\Cart->delete('83')
10 SYSTEMPATH/CodeIgniter.php(502): CodeIgniter\CodeIgniter->runController(Object(App\Controllers\Cart))
11 SYSTEMPATH/CodeIgniter.php(361): CodeIgniter\CodeIgniter->handleRequest(null, Object(Config\Cache), false)
12 FCPATH/index.php(79): CodeIgniter\CodeIgniter->run()
CRITICAL - 2024-06-26 11:08:28 --> [Caused by] mysqli_sql_exception: Column 'user_id' cannot be null
in SYSTEMPATH/Database/MySQLi/Connection.php on line 306.
 1 SYSTEMPATH/Database/MySQLi/Connection.php(306): mysqli->query('INSERT INTO `product_log` (`description`, `user_id`) VALUES (\'{\\"invoice_no\\":\\"26jun2\\",\\"lot_no\\":\\"\\",\\"status\\":\\"Moved to Stock\\",\\"qty\\":10,\\"garden_name\\":\\"VIRIPARAI SUPER\\",\\"grade_name\\":\\"BOPF\\"}\', NULL)', 0)
 2 SYSTEMPATH/Database/BaseConnection.php(693): CodeIgniter\Database\MySQLi\Connection->execute('INSERT INTO `product_log` (`description`, `user_id`) VALUES (\'{\\"invoice_no\\":\\"26jun2\\",\\"lot_no\\":\\"\\",\\"status\\":\\"Moved to Stock\\",\\"qty\\":10,\\"garden_name\\":\\"VIRIPARAI SUPER\\",\\"grade_name\\":\\"BOPF\\"}\', NULL)')
 3 SYSTEMPATH/Database/BaseConnection.php(607): CodeIgniter\Database\BaseConnection->simpleQuery('INSERT INTO `product_log` (`description`, `user_id`) VALUES (\'{\\"invoice_no\\":\\"26jun2\\",\\"lot_no\\":\\"\\",\\"status\\":\\"Moved to Stock\\",\\"qty\\":10,\\"garden_name\\":\\"VIRIPARAI SUPER\\",\\"grade_name\\":\\"BOPF\\"}\', NULL)')
 4 SYSTEMPATH/Database/BaseBuilder.php(2307): CodeIgniter\Database\BaseConnection->query('INSERT INTO `product_log` (`description`, `user_id`) VALUES (:description:, :user_id:)', [...], false)
 5 SYSTEMPATH/Model.php(326): CodeIgniter\Database\BaseBuilder->insert()
 6 SYSTEMPATH/BaseModel.php(802): CodeIgniter\Model->doInsert([...])
 7 SYSTEMPATH/Model.php(744): CodeIgniter\BaseModel->insert([...], true)
 8 APPPATH/Helpers/ProductLog.php(46): CodeIgniter\Model->insert([...])
 9 APPPATH/Controllers/Cart.php(310): App\Helpers\ProductLog::logProductAction('70', 'Moved to Stock', 10, null)
10 SYSTEMPATH/CodeIgniter.php(941): App\Controllers\Cart->delete('83')
11 SYSTEMPATH/CodeIgniter.php(502): CodeIgniter\CodeIgniter->runController(Object(App\Controllers\Cart))
12 SYSTEMPATH/CodeIgniter.php(361): CodeIgniter\CodeIgniter->handleRequest(null, Object(Config\Cache), false)
13 FCPATH/index.php(79): CodeIgniter\CodeIgniter->run()
CRITICAL - 2024-06-26 11:08:30 --> ErrorException: Undefined variable $auction_data
in APPPATH/Controllers/Cart.php on line 420.
 1 APPPATH/Controllers/Cart.php(420): CodeIgniter\Debug\Exceptions->errorHandler(2, 'Undefined variable $auction_data', '/var/www/eazyhosting.in/public_html/api/app/Controllers/Cart.php', 420)
 2 SYSTEMPATH/CodeIgniter.php(941): App\Controllers\Cart->auctiongardenlist()
 3 SYSTEMPATH/CodeIgniter.php(502): CodeIgniter\CodeIgniter->runController(Object(App\Controllers\Cart))
 4 SYSTEMPATH/CodeIgniter.php(361): CodeIgniter\CodeIgniter->handleRequest(null, Object(Config\Cache), false)
 5 FCPATH/index.php(79): CodeIgniter\CodeIgniter->run()
ERROR - 2024-06-26 11:08:33 --> mysqli_sql_exception: Column 'user_id' cannot be null in /var/www/eazyhosting.in/public_html/api/system/Database/MySQLi/Connection.php:306
Stack trace:
#0 /var/www/eazyhosting.in/public_html/api/system/Database/MySQLi/Connection.php(306): mysqli->query('INSERT INTO `pr...', 0)
#1 /var/www/eazyhosting.in/public_html/api/system/Database/BaseConnection.php(693): CodeIgniter\Database\MySQLi\Connection->execute('INSERT INTO `pr...')
#2 /var/www/eazyhosting.in/public_html/api/system/Database/BaseConnection.php(607): CodeIgniter\Database\BaseConnection->simpleQuery('INSERT INTO `pr...')
#3 /var/www/eazyhosting.in/public_html/api/system/Database/BaseBuilder.php(2307): CodeIgniter\Database\BaseConnection->query('INSERT INTO `pr...', Array, false)
#4 /var/www/eazyhosting.in/public_html/api/system/Model.php(326): CodeIgniter\Database\BaseBuilder->insert()
#5 /var/www/eazyhosting.in/public_html/api/system/BaseModel.php(802): CodeIgniter\Model->doInsert(Array)
#6 /var/www/eazyhosting.in/public_html/api/system/Model.php(744): CodeIgniter\BaseModel->insert(Array, true)
#7 /var/www/eazyhosting.in/public_html/api/app/Helpers/ProductLog.php(46): CodeIgniter\Model->insert(Array)
#8 /var/www/eazyhosting.in/public_html/api/app/Controllers/Cart.php(310): App\Helpers\ProductLog::logProductAction('70', 'Moved to Stock', 11, NULL)
#9 /var/www/eazyhosting.in/public_html/api/system/CodeIgniter.php(941): App\Controllers\Cart->delete('83')
#10 /var/www/eazyhosting.in/public_html/api/system/CodeIgniter.php(502): CodeIgniter\CodeIgniter->runController(Object(App\Controllers\Cart))
#11 /var/www/eazyhosting.in/public_html/api/system/CodeIgniter.php(361): CodeIgniter\CodeIgniter->handleRequest(NULL, Object(Config\Cache), false)
#12 /var/www/eazyhosting.in/public_html/api/public/index.php(79): CodeIgniter\CodeIgniter->run()
#13 {main}
CRITICAL - 2024-06-26 11:08:33 --> CodeIgniter\Database\Exceptions\DatabaseException: Column 'user_id' cannot be null
in SYSTEMPATH/Database/BaseConnection.php on line 647.
 1 SYSTEMPATH/Database/BaseBuilder.php(2307): CodeIgniter\Database\BaseConnection->query('INSERT INTO `product_log` (`description`, `user_id`) VALUES (:description:, :user_id:)', [...], false)
 2 SYSTEMPATH/Model.php(326): CodeIgniter\Database\BaseBuilder->insert()
 3 SYSTEMPATH/BaseModel.php(802): CodeIgniter\Model->doInsert([...])
 4 SYSTEMPATH/Model.php(744): CodeIgniter\BaseModel->insert([...], true)
 5 APPPATH/Helpers/ProductLog.php(46): CodeIgniter\Model->insert([...])
 6 APPPATH/Controllers/Cart.php(310): App\Helpers\ProductLog::logProductAction('70', 'Moved to Stock', 11, null)
 7 SYSTEMPATH/CodeIgniter.php(941): App\Controllers\Cart->delete('83')
 8 SYSTEMPATH/CodeIgniter.php(502): CodeIgniter\CodeIgniter->runController(Object(App\Controllers\Cart))
 9 SYSTEMPATH/CodeIgniter.php(361): CodeIgniter\CodeIgniter->handleRequest(null, Object(Config\Cache), false)
10 FCPATH/index.php(79): CodeIgniter\CodeIgniter->run()
CRITICAL - 2024-06-26 11:08:33 --> [Caused by] CodeIgniter\Database\Exceptions\DatabaseException: Column 'user_id' cannot be null
in SYSTEMPATH/Database/MySQLi/Connection.php on line 311.
 1 SYSTEMPATH/Database/BaseConnection.php(693): CodeIgniter\Database\MySQLi\Connection->execute('INSERT INTO `product_log` (`description`, `user_id`) VALUES (\'{\\"invoice_no\\":\\"26jun2\\",\\"lot_no\\":\\"\\",\\"status\\":\\"Moved to Stock\\",\\"qty\\":11,\\"garden_name\\":\\"VIRIPARAI SUPER\\",\\"grade_name\\":\\"BOPF\\"}\', NULL)')
 2 SYSTEMPATH/Database/BaseConnection.php(607): CodeIgniter\Database\BaseConnection->simpleQuery('INSERT INTO `product_log` (`description`, `user_id`) VALUES (\'{\\"invoice_no\\":\\"26jun2\\",\\"lot_no\\":\\"\\",\\"status\\":\\"Moved to Stock\\",\\"qty\\":11,\\"garden_name\\":\\"VIRIPARAI SUPER\\",\\"grade_name\\":\\"BOPF\\"}\', NULL)')
 3 SYSTEMPATH/Database/BaseBuilder.php(2307): CodeIgniter\Database\BaseConnection->query('INSERT INTO `product_log` (`description`, `user_id`) VALUES (:description:, :user_id:)', [...], false)
 4 SYSTEMPATH/Model.php(326): CodeIgniter\Database\BaseBuilder->insert()
 5 SYSTEMPATH/BaseModel.php(802): CodeIgniter\Model->doInsert([...])
 6 SYSTEMPATH/Model.php(744): CodeIgniter\BaseModel->insert([...], true)
 7 APPPATH/Helpers/ProductLog.php(46): CodeIgniter\Model->insert([...])
 8 APPPATH/Controllers/Cart.php(310): App\Helpers\ProductLog::logProductAction('70', 'Moved to Stock', 11, null)
 9 SYSTEMPATH/CodeIgniter.php(941): App\Controllers\Cart->delete('83')
10 SYSTEMPATH/CodeIgniter.php(502): CodeIgniter\CodeIgniter->runController(Object(App\Controllers\Cart))
11 SYSTEMPATH/CodeIgniter.php(361): CodeIgniter\CodeIgniter->handleRequest(null, Object(Config\Cache), false)
12 FCPATH/index.php(79): CodeIgniter\CodeIgniter->run()
CRITICAL - 2024-06-26 11:08:33 --> [Caused by] mysqli_sql_exception: Column 'user_id' cannot be null
in SYSTEMPATH/Database/MySQLi/Connection.php on line 306.
 1 SYSTEMPATH/Database/MySQLi/Connection.php(306): mysqli->query('INSERT INTO `product_log` (`description`, `user_id`) VALUES (\'{\\"invoice_no\\":\\"26jun2\\",\\"lot_no\\":\\"\\",\\"status\\":\\"Moved to Stock\\",\\"qty\\":11,\\"garden_name\\":\\"VIRIPARAI SUPER\\",\\"grade_name\\":\\"BOPF\\"}\', NULL)', 0)
 2 SYSTEMPATH/Database/BaseConnection.php(693): CodeIgniter\Database\MySQLi\Connection->execute('INSERT INTO `product_log` (`description`, `user_id`) VALUES (\'{\\"invoice_no\\":\\"26jun2\\",\\"lot_no\\":\\"\\",\\"status\\":\\"Moved to Stock\\",\\"qty\\":11,\\"garden_name\\":\\"VIRIPARAI SUPER\\",\\"grade_name\\":\\"BOPF\\"}\', NULL)')
 3 SYSTEMPATH/Database/BaseConnection.php(607): CodeIgniter\Database\BaseConnection->simpleQuery('INSERT INTO `product_log` (`description`, `user_id`) VALUES (\'{\\"invoice_no\\":\\"26jun2\\",\\"lot_no\\":\\"\\",\\"status\\":\\"Moved to Stock\\",\\"qty\\":11,\\"garden_name\\":\\"VIRIPARAI SUPER\\",\\"grade_name\\":\\"BOPF\\"}\', NULL)')
 4 SYSTEMPATH/Database/BaseBuilder.php(2307): CodeIgniter\Database\BaseConnection->query('INSERT INTO `product_log` (`description`, `user_id`) VALUES (:description:, :user_id:)', [...], false)
 5 SYSTEMPATH/Model.php(326): CodeIgniter\Database\BaseBuilder->insert()
 6 SYSTEMPATH/BaseModel.php(802): CodeIgniter\Model->doInsert([...])
 7 SYSTEMPATH/Model.php(744): CodeIgniter\BaseModel->insert([...], true)
 8 APPPATH/Helpers/ProductLog.php(46): CodeIgniter\Model->insert([...])
 9 APPPATH/Controllers/Cart.php(310): App\Helpers\ProductLog::logProductAction('70', 'Moved to Stock', 11, null)
10 SYSTEMPATH/CodeIgniter.php(941): App\Controllers\Cart->delete('83')
11 SYSTEMPATH/CodeIgniter.php(502): CodeIgniter\CodeIgniter->runController(Object(App\Controllers\Cart))
12 SYSTEMPATH/CodeIgniter.php(361): CodeIgniter\CodeIgniter->handleRequest(null, Object(Config\Cache), false)
13 FCPATH/index.php(79): CodeIgniter\CodeIgniter->run()
CRITICAL - 2024-06-26 11:08:45 --> ErrorException: Undefined variable $auction_data
in APPPATH/Controllers/Cart.php on line 420.
 1 APPPATH/Controllers/Cart.php(420): CodeIgniter\Debug\Exceptions->errorHandler(2, 'Undefined variable $auction_data', '/var/www/eazyhosting.in/public_html/api/app/Controllers/Cart.php', 420)
 2 SYSTEMPATH/CodeIgniter.php(941): App\Controllers\Cart->auctiongardenlist()
 3 SYSTEMPATH/CodeIgniter.php(502): CodeIgniter\CodeIgniter->runController(Object(App\Controllers\Cart))
 4 SYSTEMPATH/CodeIgniter.php(361): CodeIgniter\CodeIgniter->handleRequest(null, Object(Config\Cache), false)
 5 FCPATH/index.php(79): CodeIgniter\CodeIgniter->run()
ERROR - 2024-06-26 11:09:14 --> mysqli_sql_exception: Column 'user_id' cannot be null in /var/www/eazyhosting.in/public_html/api/system/Database/MySQLi/Connection.php:306
Stack trace:
#0 /var/www/eazyhosting.in/public_html/api/system/Database/MySQLi/Connection.php(306): mysqli->query('INSERT INTO `pr...', 0)
#1 /var/www/eazyhosting.in/public_html/api/system/Database/BaseConnection.php(693): CodeIgniter\Database\MySQLi\Connection->execute('INSERT INTO `pr...')
#2 /var/www/eazyhosting.in/public_html/api/system/Database/BaseConnection.php(607): CodeIgniter\Database\BaseConnection->simpleQuery('INSERT INTO `pr...')
#3 /var/www/eazyhosting.in/public_html/api/system/Database/BaseBuilder.php(2307): CodeIgniter\Database\BaseConnection->query('INSERT INTO `pr...', Array, false)
#4 /var/www/eazyhosting.in/public_html/api/system/Model.php(326): CodeIgniter\Database\BaseBuilder->insert()
#5 /var/www/eazyhosting.in/public_html/api/system/BaseModel.php(802): CodeIgniter\Model->doInsert(Array)
#6 /var/www/eazyhosting.in/public_html/api/system/Model.php(744): CodeIgniter\BaseModel->insert(Array, true)
#7 /var/www/eazyhosting.in/public_html/api/app/Helpers/ProductLog.php(46): CodeIgniter\Model->insert(Array)
#8 /var/www/eazyhosting.in/public_html/api/app/Controllers/Cart.php(310): App\Helpers\ProductLog::logProductAction('70', 'Moved to Stock', 12, NULL)
#9 /var/www/eazyhosting.in/public_html/api/system/CodeIgniter.php(941): App\Controllers\Cart->delete('83')
#10 /var/www/eazyhosting.in/public_html/api/system/CodeIgniter.php(502): CodeIgniter\CodeIgniter->runController(Object(App\Controllers\Cart))
#11 /var/www/eazyhosting.in/public_html/api/system/CodeIgniter.php(361): CodeIgniter\CodeIgniter->handleRequest(NULL, Object(Config\Cache), false)
#12 /var/www/eazyhosting.in/public_html/api/public/index.php(79): CodeIgniter\CodeIgniter->run()
#13 {main}
CRITICAL - 2024-06-26 11:09:14 --> CodeIgniter\Database\Exceptions\DatabaseException: Column 'user_id' cannot be null
in SYSTEMPATH/Database/BaseConnection.php on line 647.
 1 SYSTEMPATH/Database/BaseBuilder.php(2307): CodeIgniter\Database\BaseConnection->query('INSERT INTO `product_log` (`description`, `user_id`) VALUES (:description:, :user_id:)', [...], false)
 2 SYSTEMPATH/Model.php(326): CodeIgniter\Database\BaseBuilder->insert()
 3 SYSTEMPATH/BaseModel.php(802): CodeIgniter\Model->doInsert([...])
 4 SYSTEMPATH/Model.php(744): CodeIgniter\BaseModel->insert([...], true)
 5 APPPATH/Helpers/ProductLog.php(46): CodeIgniter\Model->insert([...])
 6 APPPATH/Controllers/Cart.php(310): App\Helpers\ProductLog::logProductAction('70', 'Moved to Stock', 12, null)
 7 SYSTEMPATH/CodeIgniter.php(941): App\Controllers\Cart->delete('83')
 8 SYSTEMPATH/CodeIgniter.php(502): CodeIgniter\CodeIgniter->runController(Object(App\Controllers\Cart))
 9 SYSTEMPATH/CodeIgniter.php(361): CodeIgniter\CodeIgniter->handleRequest(null, Object(Config\Cache), false)
10 FCPATH/index.php(79): CodeIgniter\CodeIgniter->run()
CRITICAL - 2024-06-26 11:09:14 --> [Caused by] CodeIgniter\Database\Exceptions\DatabaseException: Column 'user_id' cannot be null
in SYSTEMPATH/Database/MySQLi/Connection.php on line 311.
 1 SYSTEMPATH/Database/BaseConnection.php(693): CodeIgniter\Database\MySQLi\Connection->execute('INSERT INTO `product_log` (`description`, `user_id`) VALUES (\'{\\"invoice_no\\":\\"26jun2\\",\\"lot_no\\":\\"\\",\\"status\\":\\"Moved to Stock\\",\\"qty\\":12,\\"garden_name\\":\\"VIRIPARAI SUPER\\",\\"grade_name\\":\\"BOPF\\"}\', NULL)')
 2 SYSTEMPATH/Database/BaseConnection.php(607): CodeIgniter\Database\BaseConnection->simpleQuery('INSERT INTO `product_log` (`description`, `user_id`) VALUES (\'{\\"invoice_no\\":\\"26jun2\\",\\"lot_no\\":\\"\\",\\"status\\":\\"Moved to Stock\\",\\"qty\\":12,\\"garden_name\\":\\"VIRIPARAI SUPER\\",\\"grade_name\\":\\"BOPF\\"}\', NULL)')
 3 SYSTEMPATH/Database/BaseBuilder.php(2307): CodeIgniter\Database\BaseConnection->query('INSERT INTO `product_log` (`description`, `user_id`) VALUES (:description:, :user_id:)', [...], false)
 4 SYSTEMPATH/Model.php(326): CodeIgniter\Database\BaseBuilder->insert()
 5 SYSTEMPATH/BaseModel.php(802): CodeIgniter\Model->doInsert([...])
 6 SYSTEMPATH/Model.php(744): CodeIgniter\BaseModel->insert([...], true)
 7 APPPATH/Helpers/ProductLog.php(46): CodeIgniter\Model->insert([...])
 8 APPPATH/Controllers/Cart.php(310): App\Helpers\ProductLog::logProductAction('70', 'Moved to Stock', 12, null)
 9 SYSTEMPATH/CodeIgniter.php(941): App\Controllers\Cart->delete('83')
10 SYSTEMPATH/CodeIgniter.php(502): CodeIgniter\CodeIgniter->runController(Object(App\Controllers\Cart))
11 SYSTEMPATH/CodeIgniter.php(361): CodeIgniter\CodeIgniter->handleRequest(null, Object(Config\Cache), false)
12 FCPATH/index.php(79): CodeIgniter\CodeIgniter->run()
CRITICAL - 2024-06-26 11:09:14 --> [Caused by] mysqli_sql_exception: Column 'user_id' cannot be null
in SYSTEMPATH/Database/MySQLi/Connection.php on line 306.
 1 SYSTEMPATH/Database/MySQLi/Connection.php(306): mysqli->query('INSERT INTO `product_log` (`description`, `user_id`) VALUES (\'{\\"invoice_no\\":\\"26jun2\\",\\"lot_no\\":\\"\\",\\"status\\":\\"Moved to Stock\\",\\"qty\\":12,\\"garden_name\\":\\"VIRIPARAI SUPER\\",\\"grade_name\\":\\"BOPF\\"}\', NULL)', 0)
 2 SYSTEMPATH/Database/BaseConnection.php(693): CodeIgniter\Database\MySQLi\Connection->execute('INSERT INTO `product_log` (`description`, `user_id`) VALUES (\'{\\"invoice_no\\":\\"26jun2\\",\\"lot_no\\":\\"\\",\\"status\\":\\"Moved to Stock\\",\\"qty\\":12,\\"garden_name\\":\\"VIRIPARAI SUPER\\",\\"grade_name\\":\\"BOPF\\"}\', NULL)')
 3 SYSTEMPATH/Database/BaseConnection.php(607): CodeIgniter\Database\BaseConnection->simpleQuery('INSERT INTO `product_log` (`description`, `user_id`) VALUES (\'{\\"invoice_no\\":\\"26jun2\\",\\"lot_no\\":\\"\\",\\"status\\":\\"Moved to Stock\\",\\"qty\\":12,\\"garden_name\\":\\"VIRIPARAI SUPER\\",\\"grade_name\\":\\"BOPF\\"}\', NULL)')
 4 SYSTEMPATH/Database/BaseBuilder.php(2307): CodeIgniter\Database\BaseConnection->query('INSERT INTO `product_log` (`description`, `user_id`) VALUES (:description:, :user_id:)', [...], false)
 5 SYSTEMPATH/Model.php(326): CodeIgniter\Database\BaseBuilder->insert()
 6 SYSTEMPATH/BaseModel.php(802): CodeIgniter\Model->doInsert([...])
 7 SYSTEMPATH/Model.php(744): CodeIgniter\BaseModel->insert([...], true)
 8 APPPATH/Helpers/ProductLog.php(46): CodeIgniter\Model->insert([...])
 9 APPPATH/Controllers/Cart.php(310): App\Helpers\ProductLog::logProductAction('70', 'Moved to Stock', 12, null)
10 SYSTEMPATH/CodeIgniter.php(941): App\Controllers\Cart->delete('83')
11 SYSTEMPATH/CodeIgniter.php(502): CodeIgniter\CodeIgniter->runController(Object(App\Controllers\Cart))
12 SYSTEMPATH/CodeIgniter.php(361): CodeIgniter\CodeIgniter->handleRequest(null, Object(Config\Cache), false)
13 FCPATH/index.php(79): CodeIgniter\CodeIgniter->run()
ERROR - 2024-06-26 11:09:16 --> mysqli_sql_exception: Column 'user_id' cannot be null in /var/www/eazyhosting.in/public_html/api/system/Database/MySQLi/Connection.php:306
Stack trace:
#0 /var/www/eazyhosting.in/public_html/api/system/Database/MySQLi/Connection.php(306): mysqli->query('INSERT INTO `pr...', 0)
#1 /var/www/eazyhosting.in/public_html/api/system/Database/BaseConnection.php(693): CodeIgniter\Database\MySQLi\Connection->execute('INSERT INTO `pr...')
#2 /var/www/eazyhosting.in/public_html/api/system/Database/BaseConnection.php(607): CodeIgniter\Database\BaseConnection->simpleQuery('INSERT INTO `pr...')
#3 /var/www/eazyhosting.in/public_html/api/system/Database/BaseBuilder.php(2307): CodeIgniter\Database\BaseConnection->query('INSERT INTO `pr...', Array, false)
#4 /var/www/eazyhosting.in/public_html/api/system/Model.php(326): CodeIgniter\Database\BaseBuilder->insert()
#5 /var/www/eazyhosting.in/public_html/api/system/BaseModel.php(802): CodeIgniter\Model->doInsert(Array)
#6 /var/www/eazyhosting.in/public_html/api/system/Model.php(744): CodeIgniter\BaseModel->insert(Array, true)
#7 /var/www/eazyhosting.in/public_html/api/app/Helpers/ProductLog.php(46): CodeIgniter\Model->insert(Array)
#8 /var/www/eazyhosting.in/public_html/api/app/Controllers/Cart.php(310): App\Helpers\ProductLog::logProductAction('69', 'Moved to Stock', 10, NULL)
#9 /var/www/eazyhosting.in/public_html/api/system/CodeIgniter.php(941): App\Controllers\Cart->delete('82')
#10 /var/www/eazyhosting.in/public_html/api/system/CodeIgniter.php(502): CodeIgniter\CodeIgniter->runController(Object(App\Controllers\Cart))
#11 /var/www/eazyhosting.in/public_html/api/system/CodeIgniter.php(361): CodeIgniter\CodeIgniter->handleRequest(NULL, Object(Config\Cache), false)
#12 /var/www/eazyhosting.in/public_html/api/public/index.php(79): CodeIgniter\CodeIgniter->run()
#13 {main}
CRITICAL - 2024-06-26 11:09:16 --> CodeIgniter\Database\Exceptions\DatabaseException: Column 'user_id' cannot be null
in SYSTEMPATH/Database/BaseConnection.php on line 647.
 1 SYSTEMPATH/Database/BaseBuilder.php(2307): CodeIgniter\Database\BaseConnection->query('INSERT INTO `product_log` (`description`, `user_id`) VALUES (:description:, :user_id:)', [...], false)
 2 SYSTEMPATH/Model.php(326): CodeIgniter\Database\BaseBuilder->insert()
 3 SYSTEMPATH/BaseModel.php(802): CodeIgniter\Model->doInsert([...])
 4 SYSTEMPATH/Model.php(744): CodeIgniter\BaseModel->insert([...], true)
 5 APPPATH/Helpers/ProductLog.php(46): CodeIgniter\Model->insert([...])
 6 APPPATH/Controllers/Cart.php(310): App\Helpers\ProductLog::logProductAction('69', 'Moved to Stock', 10, null)
 7 SYSTEMPATH/CodeIgniter.php(941): App\Controllers\Cart->delete('82')
 8 SYSTEMPATH/CodeIgniter.php(502): CodeIgniter\CodeIgniter->runController(Object(App\Controllers\Cart))
 9 SYSTEMPATH/CodeIgniter.php(361): CodeIgniter\CodeIgniter->handleRequest(null, Object(Config\Cache), false)
10 FCPATH/index.php(79): CodeIgniter\CodeIgniter->run()
CRITICAL - 2024-06-26 11:09:16 --> [Caused by] CodeIgniter\Database\Exceptions\DatabaseException: Column 'user_id' cannot be null
in SYSTEMPATH/Database/MySQLi/Connection.php on line 311.
 1 SYSTEMPATH/Database/BaseConnection.php(693): CodeIgniter\Database\MySQLi\Connection->execute('INSERT INTO `product_log` (`description`, `user_id`) VALUES (\'{\\"invoice_no\\":\\"26jun1\\",\\"lot_no\\":\\"\\",\\"status\\":\\"Moved to Stock\\",\\"qty\\":10,\\"garden_name\\":\\"VIRIPARAI SUPER\\",\\"grade_name\\":\\"BOPS\\"}\', NULL)')
 2 SYSTEMPATH/Database/BaseConnection.php(607): CodeIgniter\Database\BaseConnection->simpleQuery('INSERT INTO `product_log` (`description`, `user_id`) VALUES (\'{\\"invoice_no\\":\\"26jun1\\",\\"lot_no\\":\\"\\",\\"status\\":\\"Moved to Stock\\",\\"qty\\":10,\\"garden_name\\":\\"VIRIPARAI SUPER\\",\\"grade_name\\":\\"BOPS\\"}\', NULL)')
 3 SYSTEMPATH/Database/BaseBuilder.php(2307): CodeIgniter\Database\BaseConnection->query('INSERT INTO `product_log` (`description`, `user_id`) VALUES (:description:, :user_id:)', [...], false)
 4 SYSTEMPATH/Model.php(326): CodeIgniter\Database\BaseBuilder->insert()
 5 SYSTEMPATH/BaseModel.php(802): CodeIgniter\Model->doInsert([...])
 6 SYSTEMPATH/Model.php(744): CodeIgniter\BaseModel->insert([...], true)
 7 APPPATH/Helpers/ProductLog.php(46): CodeIgniter\Model->insert([...])
 8 APPPATH/Controllers/Cart.php(310): App\Helpers\ProductLog::logProductAction('69', 'Moved to Stock', 10, null)
 9 SYSTEMPATH/CodeIgniter.php(941): App\Controllers\Cart->delete('82')
10 SYSTEMPATH/CodeIgniter.php(502): CodeIgniter\CodeIgniter->runController(Object(App\Controllers\Cart))
11 SYSTEMPATH/CodeIgniter.php(361): CodeIgniter\CodeIgniter->handleRequest(null, Object(Config\Cache), false)
12 FCPATH/index.php(79): CodeIgniter\CodeIgniter->run()
CRITICAL - 2024-06-26 11:09:16 --> [Caused by] mysqli_sql_exception: Column 'user_id' cannot be null
in SYSTEMPATH/Database/MySQLi/Connection.php on line 306.
 1 SYSTEMPATH/Database/MySQLi/Connection.php(306): mysqli->query('INSERT INTO `product_log` (`description`, `user_id`) VALUES (\'{\\"invoice_no\\":\\"26jun1\\",\\"lot_no\\":\\"\\",\\"status\\":\\"Moved to Stock\\",\\"qty\\":10,\\"garden_name\\":\\"VIRIPARAI SUPER\\",\\"grade_name\\":\\"BOPS\\"}\', NULL)', 0)
 2 SYSTEMPATH/Database/BaseConnection.php(693): CodeIgniter\Database\MySQLi\Connection->execute('INSERT INTO `product_log` (`description`, `user_id`) VALUES (\'{\\"invoice_no\\":\\"26jun1\\",\\"lot_no\\":\\"\\",\\"status\\":\\"Moved to Stock\\",\\"qty\\":10,\\"garden_name\\":\\"VIRIPARAI SUPER\\",\\"grade_name\\":\\"BOPS\\"}\', NULL)')
 3 SYSTEMPATH/Database/BaseConnection.php(607): CodeIgniter\Database\BaseConnection->simpleQuery('INSERT INTO `product_log` (`description`, `user_id`) VALUES (\'{\\"invoice_no\\":\\"26jun1\\",\\"lot_no\\":\\"\\",\\"status\\":\\"Moved to Stock\\",\\"qty\\":10,\\"garden_name\\":\\"VIRIPARAI SUPER\\",\\"grade_name\\":\\"BOPS\\"}\', NULL)')
 4 SYSTEMPATH/Database/BaseBuilder.php(2307): CodeIgniter\Database\BaseConnection->query('INSERT INTO `product_log` (`description`, `user_id`) VALUES (:description:, :user_id:)', [...], false)
 5 SYSTEMPATH/Model.php(326): CodeIgniter\Database\BaseBuilder->insert()
 6 SYSTEMPATH/BaseModel.php(802): CodeIgniter\Model->doInsert([...])
 7 SYSTEMPATH/Model.php(744): CodeIgniter\BaseModel->insert([...], true)
 8 APPPATH/Helpers/ProductLog.php(46): CodeIgniter\Model->insert([...])
 9 APPPATH/Controllers/Cart.php(310): App\Helpers\ProductLog::logProductAction('69', 'Moved to Stock', 10, null)
10 SYSTEMPATH/CodeIgniter.php(941): App\Controllers\Cart->delete('82')
11 SYSTEMPATH/CodeIgniter.php(502): CodeIgniter\CodeIgniter->runController(Object(App\Controllers\Cart))
12 SYSTEMPATH/CodeIgniter.php(361): CodeIgniter\CodeIgniter->handleRequest(null, Object(Config\Cache), false)
13 FCPATH/index.php(79): CodeIgniter\CodeIgniter->run()
CRITICAL - 2024-06-26 11:09:18 --> ErrorException: Undefined variable $auction_data
in APPPATH/Controllers/Cart.php on line 420.
 1 APPPATH/Controllers/Cart.php(420): CodeIgniter\Debug\Exceptions->errorHandler(2, 'Undefined variable $auction_data', '/var/www/eazyhosting.in/public_html/api/app/Controllers/Cart.php', 420)
 2 SYSTEMPATH/CodeIgniter.php(941): App\Controllers\Cart->auctiongardenlist()
 3 SYSTEMPATH/CodeIgniter.php(502): CodeIgniter\CodeIgniter->runController(Object(App\Controllers\Cart))
 4 SYSTEMPATH/CodeIgniter.php(361): CodeIgniter\CodeIgniter->handleRequest(null, Object(Config\Cache), false)
 5 FCPATH/index.php(79): CodeIgniter\CodeIgniter->run()
CRITICAL - 2024-06-26 11:09:19 --> ErrorException: Undefined variable $auction_data
in APPPATH/Controllers/Cart.php on line 420.
 1 APPPATH/Controllers/Cart.php(420): CodeIgniter\Debug\Exceptions->errorHandler(2, 'Undefined variable $auction_data', '/var/www/eazyhosting.in/public_html/api/app/Controllers/Cart.php', 420)
 2 SYSTEMPATH/CodeIgniter.php(941): App\Controllers\Cart->auctiongardenlist()
 3 SYSTEMPATH/CodeIgniter.php(502): CodeIgniter\CodeIgniter->runController(Object(App\Controllers\Cart))
 4 SYSTEMPATH/CodeIgniter.php(361): CodeIgniter\CodeIgniter->handleRequest(null, Object(Config\Cache), false)
 5 FCPATH/index.php(79): CodeIgniter\CodeIgniter->run()
CRITICAL - 2024-06-26 11:09:20 --> ErrorException: Undefined variable $auction_data
in APPPATH/Controllers/Cart.php on line 420.
 1 APPPATH/Controllers/Cart.php(420): CodeIgniter\Debug\Exceptions->errorHandler(2, 'Undefined variable $auction_data', '/var/www/eazyhosting.in/public_html/api/app/Controllers/Cart.php', 420)
 2 SYSTEMPATH/CodeIgniter.php(941): App\Controllers\Cart->auctiongardenlist()
 3 SYSTEMPATH/CodeIgniter.php(502): CodeIgniter\CodeIgniter->runController(Object(App\Controllers\Cart))
 4 SYSTEMPATH/CodeIgniter.php(361): CodeIgniter\CodeIgniter->handleRequest(null, Object(Config\Cache), false)
 5 FCPATH/index.php(79): CodeIgniter\CodeIgniter->run()
CRITICAL - 2024-06-26 11:13:16 --> ErrorException: Undefined variable $auction_data
in APPPATH/Controllers/Cart.php on line 420.
 1 APPPATH/Controllers/Cart.php(420): CodeIgniter\Debug\Exceptions->errorHandler(2, 'Undefined variable $auction_data', '/var/www/eazyhosting.in/public_html/api/app/Controllers/Cart.php', 420)
 2 SYSTEMPATH/CodeIgniter.php(941): App\Controllers\Cart->auctiongardenlist()
 3 SYSTEMPATH/CodeIgniter.php(502): CodeIgniter\CodeIgniter->runController(Object(App\Controllers\Cart))
 4 SYSTEMPATH/CodeIgniter.php(361): CodeIgniter\CodeIgniter->handleRequest(null, Object(Config\Cache), false)
 5 FCPATH/index.php(79): CodeIgniter\CodeIgniter->run()
ERROR - 2024-06-26 11:13:22 --> mysqli_sql_exception: Column 'user_id' cannot be null in /var/www/eazyhosting.in/public_html/api/system/Database/MySQLi/Connection.php:306
Stack trace:
#0 /var/www/eazyhosting.in/public_html/api/system/Database/MySQLi/Connection.php(306): mysqli->query('INSERT INTO `pr...', 0)
#1 /var/www/eazyhosting.in/public_html/api/system/Database/BaseConnection.php(693): CodeIgniter\Database\MySQLi\Connection->execute('INSERT INTO `pr...')
#2 /var/www/eazyhosting.in/public_html/api/system/Database/BaseConnection.php(607): CodeIgniter\Database\BaseConnection->simpleQuery('INSERT INTO `pr...')
#3 /var/www/eazyhosting.in/public_html/api/system/Database/BaseBuilder.php(2307): CodeIgniter\Database\BaseConnection->query('INSERT INTO `pr...', Array, false)
#4 /var/www/eazyhosting.in/public_html/api/system/Model.php(326): CodeIgniter\Database\BaseBuilder->insert()
#5 /var/www/eazyhosting.in/public_html/api/system/BaseModel.php(802): CodeIgniter\Model->doInsert(Array)
#6 /var/www/eazyhosting.in/public_html/api/system/Model.php(744): CodeIgniter\BaseModel->insert(Array, true)
#7 /var/www/eazyhosting.in/public_html/api/app/Helpers/ProductLog.php(46): CodeIgniter\Model->insert(Array)
#8 /var/www/eazyhosting.in/public_html/api/app/Controllers/Cart.php(310): App\Helpers\ProductLog::logProductAction('69', 'Moved to Stock', 11, NULL)
#9 /var/www/eazyhosting.in/public_html/api/system/CodeIgniter.php(941): App\Controllers\Cart->delete('82')
#10 /var/www/eazyhosting.in/public_html/api/system/CodeIgniter.php(502): CodeIgniter\CodeIgniter->runController(Object(App\Controllers\Cart))
#11 /var/www/eazyhosting.in/public_html/api/system/CodeIgniter.php(361): CodeIgniter\CodeIgniter->handleRequest(NULL, Object(Config\Cache), false)
#12 /var/www/eazyhosting.in/public_html/api/public/index.php(79): CodeIgniter\CodeIgniter->run()
#13 {main}
CRITICAL - 2024-06-26 11:13:22 --> CodeIgniter\Database\Exceptions\DatabaseException: Column 'user_id' cannot be null
in SYSTEMPATH/Database/BaseConnection.php on line 647.
 1 SYSTEMPATH/Database/BaseBuilder.php(2307): CodeIgniter\Database\BaseConnection->query('INSERT INTO `product_log` (`description`, `user_id`) VALUES (:description:, :user_id:)', [...], false)
 2 SYSTEMPATH/Model.php(326): CodeIgniter\Database\BaseBuilder->insert()
 3 SYSTEMPATH/BaseModel.php(802): CodeIgniter\Model->doInsert([...])
 4 SYSTEMPATH/Model.php(744): CodeIgniter\BaseModel->insert([...], true)
 5 APPPATH/Helpers/ProductLog.php(46): CodeIgniter\Model->insert([...])
 6 APPPATH/Controllers/Cart.php(310): App\Helpers\ProductLog::logProductAction('69', 'Moved to Stock', 11, null)
 7 SYSTEMPATH/CodeIgniter.php(941): App\Controllers\Cart->delete('82')
 8 SYSTEMPATH/CodeIgniter.php(502): CodeIgniter\CodeIgniter->runController(Object(App\Controllers\Cart))
 9 SYSTEMPATH/CodeIgniter.php(361): CodeIgniter\CodeIgniter->handleRequest(null, Object(Config\Cache), false)
10 FCPATH/index.php(79): CodeIgniter\CodeIgniter->run()
CRITICAL - 2024-06-26 11:13:22 --> [Caused by] CodeIgniter\Database\Exceptions\DatabaseException: Column 'user_id' cannot be null
in SYSTEMPATH/Database/MySQLi/Connection.php on line 311.
 1 SYSTEMPATH/Database/BaseConnection.php(693): CodeIgniter\Database\MySQLi\Connection->execute('INSERT INTO `product_log` (`description`, `user_id`) VALUES (\'{\\"invoice_no\\":\\"26jun1\\",\\"lot_no\\":\\"\\",\\"status\\":\\"Moved to Stock\\",\\"qty\\":11,\\"garden_name\\":\\"VIRIPARAI SUPER\\",\\"grade_name\\":\\"BOPS\\"}\', NULL)')
 2 SYSTEMPATH/Database/BaseConnection.php(607): CodeIgniter\Database\BaseConnection->simpleQuery('INSERT INTO `product_log` (`description`, `user_id`) VALUES (\'{\\"invoice_no\\":\\"26jun1\\",\\"lot_no\\":\\"\\",\\"status\\":\\"Moved to Stock\\",\\"qty\\":11,\\"garden_name\\":\\"VIRIPARAI SUPER\\",\\"grade_name\\":\\"BOPS\\"}\', NULL)')
 3 SYSTEMPATH/Database/BaseBuilder.php(2307): CodeIgniter\Database\BaseConnection->query('INSERT INTO `product_log` (`description`, `user_id`) VALUES (:description:, :user_id:)', [...], false)
 4 SYSTEMPATH/Model.php(326): CodeIgniter\Database\BaseBuilder->insert()
 5 SYSTEMPATH/BaseModel.php(802): CodeIgniter\Model->doInsert([...])
 6 SYSTEMPATH/Model.php(744): CodeIgniter\BaseModel->insert([...], true)
 7 APPPATH/Helpers/ProductLog.php(46): CodeIgniter\Model->insert([...])
 8 APPPATH/Controllers/Cart.php(310): App\Helpers\ProductLog::logProductAction('69', 'Moved to Stock', 11, null)
 9 SYSTEMPATH/CodeIgniter.php(941): App\Controllers\Cart->delete('82')
10 SYSTEMPATH/CodeIgniter.php(502): CodeIgniter\CodeIgniter->runController(Object(App\Controllers\Cart))
11 SYSTEMPATH/CodeIgniter.php(361): CodeIgniter\CodeIgniter->handleRequest(null, Object(Config\Cache), false)
12 FCPATH/index.php(79): CodeIgniter\CodeIgniter->run()
CRITICAL - 2024-06-26 11:13:22 --> [Caused by] mysqli_sql_exception: Column 'user_id' cannot be null
in SYSTEMPATH/Database/MySQLi/Connection.php on line 306.
 1 SYSTEMPATH/Database/MySQLi/Connection.php(306): mysqli->query('INSERT INTO `product_log` (`description`, `user_id`) VALUES (\'{\\"invoice_no\\":\\"26jun1\\",\\"lot_no\\":\\"\\",\\"status\\":\\"Moved to Stock\\",\\"qty\\":11,\\"garden_name\\":\\"VIRIPARAI SUPER\\",\\"grade_name\\":\\"BOPS\\"}\', NULL)', 0)
 2 SYSTEMPATH/Database/BaseConnection.php(693): CodeIgniter\Database\MySQLi\Connection->execute('INSERT INTO `product_log` (`description`, `user_id`) VALUES (\'{\\"invoice_no\\":\\"26jun1\\",\\"lot_no\\":\\"\\",\\"status\\":\\"Moved to Stock\\",\\"qty\\":11,\\"garden_name\\":\\"VIRIPARAI SUPER\\",\\"grade_name\\":\\"BOPS\\"}\', NULL)')
 3 SYSTEMPATH/Database/BaseConnection.php(607): CodeIgniter\Database\BaseConnection->simpleQuery('INSERT INTO `product_log` (`description`, `user_id`) VALUES (\'{\\"invoice_no\\":\\"26jun1\\",\\"lot_no\\":\\"\\",\\"status\\":\\"Moved to Stock\\",\\"qty\\":11,\\"garden_name\\":\\"VIRIPARAI SUPER\\",\\"grade_name\\":\\"BOPS\\"}\', NULL)')
 4 SYSTEMPATH/Database/BaseBuilder.php(2307): CodeIgniter\Database\BaseConnection->query('INSERT INTO `product_log` (`description`, `user_id`) VALUES (:description:, :user_id:)', [...], false)
 5 SYSTEMPATH/Model.php(326): CodeIgniter\Database\BaseBuilder->insert()
 6 SYSTEMPATH/BaseModel.php(802): CodeIgniter\Model->doInsert([...])
 7 SYSTEMPATH/Model.php(744): CodeIgniter\BaseModel->insert([...], true)
 8 APPPATH/Helpers/ProductLog.php(46): CodeIgniter\Model->insert([...])
 9 APPPATH/Controllers/Cart.php(310): App\Helpers\ProductLog::logProductAction('69', 'Moved to Stock', 11, null)
10 SYSTEMPATH/CodeIgniter.php(941): App\Controllers\Cart->delete('82')
11 SYSTEMPATH/CodeIgniter.php(502): CodeIgniter\CodeIgniter->runController(Object(App\Controllers\Cart))
12 SYSTEMPATH/CodeIgniter.php(361): CodeIgniter\CodeIgniter->handleRequest(null, Object(Config\Cache), false)
13 FCPATH/index.php(79): CodeIgniter\CodeIgniter->run()
CRITICAL - 2024-06-26 11:16:20 --> ErrorException: Undefined variable $auction_data
in APPPATH/Controllers/Cart.php on line 421.
 1 APPPATH/Controllers/Cart.php(421): CodeIgniter\Debug\Exceptions->errorHandler(2, 'Undefined variable $auction_data', '/var/www/eazyhosting.in/public_html/api/app/Controllers/Cart.php', 421)
 2 SYSTEMPATH/CodeIgniter.php(941): App\Controllers\Cart->auctiongardenlist()
 3 SYSTEMPATH/CodeIgniter.php(502): CodeIgniter\CodeIgniter->runController(Object(App\Controllers\Cart))
 4 SYSTEMPATH/CodeIgniter.php(361): CodeIgniter\CodeIgniter->handleRequest(null, Object(Config\Cache), false)
 5 FCPATH/index.php(79): CodeIgniter\CodeIgniter->run()
CRITICAL - 2024-06-26 11:16:27 --> ErrorException: Undefined variable $auction_data
in APPPATH/Controllers/Cart.php on line 421.
 1 APPPATH/Controllers/Cart.php(421): CodeIgniter\Debug\Exceptions->errorHandler(2, 'Undefined variable $auction_data', '/var/www/eazyhosting.in/public_html/api/app/Controllers/Cart.php', 421)
 2 SYSTEMPATH/CodeIgniter.php(941): App\Controllers\Cart->auctiongardenlist()
 3 SYSTEMPATH/CodeIgniter.php(502): CodeIgniter\CodeIgniter->runController(Object(App\Controllers\Cart))
 4 SYSTEMPATH/CodeIgniter.php(361): CodeIgniter\CodeIgniter->handleRequest(null, Object(Config\Cache), false)
 5 FCPATH/index.php(79): CodeIgniter\CodeIgniter->run()
CRITICAL - 2024-06-26 11:26:38 --> ErrorException: Undefined variable $auction_data
in APPPATH/Controllers/Cart.php on line 421.
 1 APPPATH/Controllers/Cart.php(421): CodeIgniter\Debug\Exceptions->errorHandler(2, 'Undefined variable $auction_data', '/var/www/eazyhosting.in/public_html/api/app/Controllers/Cart.php', 421)
 2 SYSTEMPATH/CodeIgniter.php(941): App\Controllers\Cart->auctiongardenlist()
 3 SYSTEMPATH/CodeIgniter.php(502): CodeIgniter\CodeIgniter->runController(Object(App\Controllers\Cart))
 4 SYSTEMPATH/CodeIgniter.php(361): CodeIgniter\CodeIgniter->handleRequest(null, Object(Config\Cache), false)
 5 FCPATH/index.php(79): CodeIgniter\CodeIgniter->run()
CRITICAL - 2024-06-26 11:26:49 --> ErrorException: Undefined variable $auction_data
in APPPATH/Controllers/Cart.php on line 421.
 1 APPPATH/Controllers/Cart.php(421): CodeIgniter\Debug\Exceptions->errorHandler(2, 'Undefined variable $auction_data', '/var/www/eazyhosting.in/public_html/api/app/Controllers/Cart.php', 421)
 2 SYSTEMPATH/CodeIgniter.php(941): App\Controllers\Cart->auctiongardenlist()
 3 SYSTEMPATH/CodeIgniter.php(502): CodeIgniter\CodeIgniter->runController(Object(App\Controllers\Cart))
 4 SYSTEMPATH/CodeIgniter.php(361): CodeIgniter\CodeIgniter->handleRequest(null, Object(Config\Cache), false)
 5 FCPATH/index.php(79): CodeIgniter\CodeIgniter->run()
CRITICAL - 2024-06-26 11:26:51 --> ErrorException: Undefined variable $auction_data
in APPPATH/Controllers/Cart.php on line 421.
 1 APPPATH/Controllers/Cart.php(421): CodeIgniter\Debug\Exceptions->errorHandler(2, 'Undefined variable $auction_data', '/var/www/eazyhosting.in/public_html/api/app/Controllers/Cart.php', 421)
 2 SYSTEMPATH/CodeIgniter.php(941): App\Controllers\Cart->auctiongardenlist()
 3 SYSTEMPATH/CodeIgniter.php(502): CodeIgniter\CodeIgniter->runController(Object(App\Controllers\Cart))
 4 SYSTEMPATH/CodeIgniter.php(361): CodeIgniter\CodeIgniter->handleRequest(null, Object(Config\Cache), false)
 5 FCPATH/index.php(79): CodeIgniter\CodeIgniter->run()
CRITICAL - 2024-06-26 11:31:24 --> ErrorException: Undefined variable $auction_data
in APPPATH/Controllers/Cart.php on line 421.
 1 APPPATH/Controllers/Cart.php(421): CodeIgniter\Debug\Exceptions->errorHandler(2, 'Undefined variable $auction_data', '/var/www/eazyhosting.in/public_html/api/app/Controllers/Cart.php', 421)
 2 SYSTEMPATH/CodeIgniter.php(941): App\Controllers\Cart->auctiongardenlist()
 3 SYSTEMPATH/CodeIgniter.php(502): CodeIgniter\CodeIgniter->runController(Object(App\Controllers\Cart))
 4 SYSTEMPATH/CodeIgniter.php(361): CodeIgniter\CodeIgniter->handleRequest(null, Object(Config\Cache), false)
 5 FCPATH/index.php(79): CodeIgniter\CodeIgniter->run()
CRITICAL - 2024-06-26 11:31:37 --> ErrorException: Undefined variable $auction_data
in APPPATH/Controllers/Cart.php on line 421.
 1 APPPATH/Controllers/Cart.php(421): CodeIgniter\Debug\Exceptions->errorHandler(2, 'Undefined variable $auction_data', '/var/www/eazyhosting.in/public_html/api/app/Controllers/Cart.php', 421)
 2 SYSTEMPATH/CodeIgniter.php(941): App\Controllers\Cart->auctiongardenlist()
 3 SYSTEMPATH/CodeIgniter.php(502): CodeIgniter\CodeIgniter->runController(Object(App\Controllers\Cart))
 4 SYSTEMPATH/CodeIgniter.php(361): CodeIgniter\CodeIgniter->handleRequest(null, Object(Config\Cache), false)
 5 FCPATH/index.php(79): CodeIgniter\CodeIgniter->run()
CRITICAL - 2024-06-26 11:31:51 --> ErrorException: Undefined variable $auction_data
in APPPATH/Controllers/Cart.php on line 421.
 1 APPPATH/Controllers/Cart.php(421): CodeIgniter\Debug\Exceptions->errorHandler(2, 'Undefined variable $auction_data', '/var/www/eazyhosting.in/public_html/api/app/Controllers/Cart.php', 421)
 2 SYSTEMPATH/CodeIgniter.php(941): App\Controllers\Cart->auctiongardenlist()
 3 SYSTEMPATH/CodeIgniter.php(502): CodeIgniter\CodeIgniter->runController(Object(App\Controllers\Cart))
 4 SYSTEMPATH/CodeIgniter.php(361): CodeIgniter\CodeIgniter->handleRequest(null, Object(Config\Cache), false)
 5 FCPATH/index.php(79): CodeIgniter\CodeIgniter->run()
CRITICAL - 2024-06-26 11:48:04 --> ErrorException: Undefined variable $auction_data
in APPPATH/Controllers/Cart.php on line 421.
 1 APPPATH/Controllers/Cart.php(421): CodeIgniter\Debug\Exceptions->errorHandler(2, 'Undefined variable $auction_data', '/var/www/eazyhosting.in/public_html/api/app/Controllers/Cart.php', 421)
 2 SYSTEMPATH/CodeIgniter.php(941): App\Controllers\Cart->auctiongardenlist()
 3 SYSTEMPATH/CodeIgniter.php(502): CodeIgniter\CodeIgniter->runController(Object(App\Controllers\Cart))
 4 SYSTEMPATH/CodeIgniter.php(361): CodeIgniter\CodeIgniter->handleRequest(null, Object(Config\Cache), false)
 5 FCPATH/index.php(79): CodeIgniter\CodeIgniter->run()
CRITICAL - 2024-06-26 13:27:54 --> ErrorException: Undefined variable $auction_data
in APPPATH/Controllers/Cart.php on line 421.
 1 APPPATH/Controllers/Cart.php(421): CodeIgniter\Debug\Exceptions->errorHandler(2, 'Undefined variable $auction_data', '/var/www/eazyhosting.in/public_html/api/app/Controllers/Cart.php', 421)
 2 SYSTEMPATH/CodeIgniter.php(941): App\Controllers\Cart->auctiongardenlist()
 3 SYSTEMPATH/CodeIgniter.php(502): CodeIgniter\CodeIgniter->runController(Object(App\Controllers\Cart))
 4 SYSTEMPATH/CodeIgniter.php(361): CodeIgniter\CodeIgniter->handleRequest(null, Object(Config\Cache), false)
 5 FCPATH/index.php(79): CodeIgniter\CodeIgniter->run()
CRITICAL - 2024-06-26 13:28:37 --> ErrorException: Undefined variable $auction_data
in APPPATH/Controllers/Cart.php on line 421.
 1 APPPATH/Controllers/Cart.php(421): CodeIgniter\Debug\Exceptions->errorHandler(2, 'Undefined variable $auction_data', '/var/www/eazyhosting.in/public_html/api/app/Controllers/Cart.php', 421)
 2 SYSTEMPATH/CodeIgniter.php(941): App\Controllers\Cart->auctiongardenlist()
 3 SYSTEMPATH/CodeIgniter.php(502): CodeIgniter\CodeIgniter->runController(Object(App\Controllers\Cart))
 4 SYSTEMPATH/CodeIgniter.php(361): CodeIgniter\CodeIgniter->handleRequest(null, Object(Config\Cache), false)
 5 FCPATH/index.php(79): CodeIgniter\CodeIgniter->run()
CRITICAL - 2024-06-26 17:48:12 --> Error: Class "App\Controllers\BuyerModel" not found
in APPPATH/Controllers/BuyerDashboard.php on line 529.
 1 SYSTEMPATH/CodeIgniter.php(941): App\Controllers\BuyerDashboard->profile('1')
 2 SYSTEMPATH/CodeIgniter.php(502): CodeIgniter\CodeIgniter->runController(Object(App\Controllers\BuyerDashboard))
 3 SYSTEMPATH/CodeIgniter.php(361): CodeIgniter\CodeIgniter->handleRequest(null, Object(Config\Cache), false)
 4 FCPATH/index.php(79): CodeIgniter\CodeIgniter->run()
CRITICAL - 2024-06-26 17:49:02 --> Error: Class "App\Controllers\BuyerModel" not found
in APPPATH/Controllers/BuyerDashboard.php on line 529.
 1 SYSTEMPATH/CodeIgniter.php(941): App\Controllers\BuyerDashboard->profile('1')
 2 SYSTEMPATH/CodeIgniter.php(502): CodeIgniter\CodeIgniter->runController(Object(App\Controllers\BuyerDashboard))
 3 SYSTEMPATH/CodeIgniter.php(361): CodeIgniter\CodeIgniter->handleRequest(null, Object(Config\Cache), false)
 4 FCPATH/index.php(79): CodeIgniter\CodeIgniter->run()
CRITICAL - 2024-06-26 17:52:04 --> Error: Class "App\Controllers\BuyerModel" not found
in APPPATH/Controllers/BuyerDashboard.php on line 529.
 1 SYSTEMPATH/CodeIgniter.php(941): App\Controllers\BuyerDashboard->profile('1')
 2 SYSTEMPATH/CodeIgniter.php(502): CodeIgniter\CodeIgniter->runController(Object(App\Controllers\BuyerDashboard))
 3 SYSTEMPATH/CodeIgniter.php(361): CodeIgniter\CodeIgniter->handleRequest(null, Object(Config\Cache), false)
 4 FCPATH/index.php(79): CodeIgniter\CodeIgniter->run()
CRITICAL - 2024-06-26 17:53:09 --> Error: Class "App\Controllers\BuyerModel" not found
in APPPATH/Controllers/BuyerDashboard.php on line 529.
 1 SYSTEMPATH/CodeIgniter.php(941): App\Controllers\BuyerDashboard->profile('1')
 2 SYSTEMPATH/CodeIgniter.php(502): CodeIgniter\CodeIgniter->runController(Object(App\Controllers\BuyerDashboard))
 3 SYSTEMPATH/CodeIgniter.php(361): CodeIgniter\CodeIgniter->handleRequest(null, Object(Config\Cache), false)
 4 FCPATH/index.php(79): CodeIgniter\CodeIgniter->run()
CRITICAL - 2024-06-26 20:55:27 --> ErrorException: Undefined variable $auction_data
in APPPATH/Controllers/Cart.php on line 421.
 1 APPPATH/Controllers/Cart.php(421): CodeIgniter\Debug\Exceptions->errorHandler(2, 'Undefined variable $auction_data', '/var/www/eazyhosting.in/public_html/api/app/Controllers/Cart.php', 421)
 2 SYSTEMPATH/CodeIgniter.php(941): App\Controllers\Cart->auctiongardenlist()
 3 SYSTEMPATH/CodeIgniter.php(502): CodeIgniter\CodeIgniter->runController(Object(App\Controllers\Cart))
 4 SYSTEMPATH/CodeIgniter.php(361): CodeIgniter\CodeIgniter->handleRequest(null, Object(Config\Cache), false)
 5 FCPATH/index.php(79): CodeIgniter\CodeIgniter->run()
CRITICAL - 2024-06-26 20:55:56 --> ErrorException: Undefined variable $auction_data
in APPPATH/Controllers/Cart.php on line 421.
 1 APPPATH/Controllers/Cart.php(421): CodeIgniter\Debug\Exceptions->errorHandler(2, 'Undefined variable $auction_data', '/var/www/eazyhosting.in/public_html/api/app/Controllers/Cart.php', 421)
 2 SYSTEMPATH/CodeIgniter.php(941): App\Controllers\Cart->auctiongardenlist()
 3 SYSTEMPATH/CodeIgniter.php(502): CodeIgniter\CodeIgniter->runController(Object(App\Controllers\Cart))
 4 SYSTEMPATH/CodeIgniter.php(361): CodeIgniter\CodeIgniter->handleRequest(null, Object(Config\Cache), false)
 5 FCPATH/index.php(79): CodeIgniter\CodeIgniter->run()
CRITICAL - 2024-06-26 20:55:59 --> ErrorException: Undefined variable $auction_data
in APPPATH/Controllers/Cart.php on line 421.
 1 APPPATH/Controllers/Cart.php(421): CodeIgniter\Debug\Exceptions->errorHandler(2, 'Undefined variable $auction_data', '/var/www/eazyhosting.in/public_html/api/app/Controllers/Cart.php', 421)
 2 SYSTEMPATH/CodeIgniter.php(941): App\Controllers\Cart->auctiongardenlist()
 3 SYSTEMPATH/CodeIgniter.php(502): CodeIgniter\CodeIgniter->runController(Object(App\Controllers\Cart))
 4 SYSTEMPATH/CodeIgniter.php(361): CodeIgniter\CodeIgniter->handleRequest(null, Object(Config\Cache), false)
 5 FCPATH/index.php(79): CodeIgniter\CodeIgniter->run()
