CRITICAL - 2024-03-07 05:26:43 --> Error: Class "App\Controllers\CenterGardenModel" not found
in APPPATH/Controllers/Center.php on line 161.
 1 SYSTEMPATH/CodeIgniter.php(941): App\Controllers\Center->assignGarden()
 2 SYSTEMPATH/CodeIgniter.php(502): CodeIgniter\CodeIgniter->runController()
 3 SYSTEMPATH/CodeIgniter.php(361): CodeIgniter\CodeIgniter->handleRequest()
 4 FCPATH/index.php(79): CodeIgniter\CodeIgniter->run()
CRITICAL - 2024-03-07 05:32:34 --> Error: Class "App\Controllers\GardenGradeModel" not found
in APPPATH/Controllers/Garden.php on line 173.
 1 SYSTEMPATH/CodeIgniter.php(941): App\Controllers\Garden->assignGrade()
 2 SYSTEMPATH/CodeIgniter.php(502): CodeIgniter\CodeIgniter->runController()
 3 SYSTEMPATH/CodeIgniter.php(361): CodeIgniter\CodeIgniter->handleRequest()
 4 FCPATH/index.php(79): CodeIgniter\CodeIgniter->run()
ERROR - 2024-03-07 07:11:31 --> mysqli_sql_exception: Table 'u553659265_oams.garden_grade' doesn't exist in /home/u553659265/domains/itechnocorp.com/public_html/oams-api/system/Database/MySQLi/Connection.php:306
Stack trace:
#0 /home/u553659265/domains/itechnocorp.com/public_html/oams-api/system/Database/MySQLi/Connection.php(306): mysqli->query()
#1 /home/u553659265/domains/itechnocorp.com/public_html/oams-api/system/Database/BaseConnection.php(693): CodeIgniter\Database\MySQLi\Connection->execute()
#2 /home/u553659265/domains/itechnocorp.com/public_html/oams-api/system/Database/BaseConnection.php(607): CodeIgniter\Database\BaseConnection->simpleQuery()
#3 /home/u553659265/domains/itechnocorp.com/public_html/oams-api/system/Database/BaseBuilder.php(2307): CodeIgniter\Database\BaseConnection->query()
#4 /home/u553659265/domains/itechnocorp.com/public_html/oams-api/system/Model.php(326): CodeIgniter\Database\BaseBuilder->insert()
#5 /home/u553659265/domains/itechnocorp.com/public_html/oams-api/system/BaseModel.php(802): CodeIgniter\Model->doInsert()
#6 /home/u553659265/domains/itechnocorp.com/public_html/oams-api/system/Model.php(744): CodeIgniter\BaseModel->insert()
#7 /home/u553659265/domains/itechnocorp.com/public_html/oams-api/app/Controllers/Garden.php(203): CodeIgniter\Model->insert()
#8 /home/u553659265/domains/itechnocorp.com/public_html/oams-api/system/CodeIgniter.php(941): App\Controllers\Garden->assignGrade()
#9 /home/u553659265/domains/itechnocorp.com/public_html/oams-api/system/CodeIgniter.php(502): CodeIgniter\CodeIgniter->runController()
#10 /home/u553659265/domains/itechnocorp.com/public_html/oams-api/system/CodeIgniter.php(361): CodeIgniter\CodeIgniter->handleRequest()
#11 /home/u553659265/domains/itechnocorp.com/public_html/oams-api/public/index.php(79): CodeIgniter\CodeIgniter->run()
#12 {main}
CRITICAL - 2024-03-07 07:11:31 --> CodeIgniter\Database\Exceptions\DatabaseException: Table 'u553659265_oams.garden_grade' doesn't exist
in SYSTEMPATH/Database/BaseConnection.php on line 647.
 1 SYSTEMPATH/Database/BaseBuilder.php(2307): CodeIgniter\Database\BaseConnection->query()
 2 SYSTEMPATH/Model.php(326): CodeIgniter\Database\BaseBuilder->insert()
 3 SYSTEMPATH/BaseModel.php(802): CodeIgniter\Model->doInsert()
 4 SYSTEMPATH/Model.php(744): CodeIgniter\BaseModel->insert()
 5 APPPATH/Controllers/Garden.php(203): CodeIgniter\Model->insert()
 6 SYSTEMPATH/CodeIgniter.php(941): App\Controllers\Garden->assignGrade()
 7 SYSTEMPATH/CodeIgniter.php(502): CodeIgniter\CodeIgniter->runController()
 8 SYSTEMPATH/CodeIgniter.php(361): CodeIgniter\CodeIgniter->handleRequest()
 9 FCPATH/index.php(79): CodeIgniter\CodeIgniter->run()
CRITICAL - 2024-03-07 07:11:31 --> [Caused by] CodeIgniter\Database\Exceptions\DatabaseException: Table 'u553659265_oams.garden_grade' doesn't exist
in SYSTEMPATH/Database/MySQLi/Connection.php on line 311.
 1 SYSTEMPATH/Database/BaseConnection.php(693): CodeIgniter\Database\MySQLi\Connection->execute()
 2 SYSTEMPATH/Database/BaseConnection.php(607): CodeIgniter\Database\BaseConnection->simpleQuery()
 3 SYSTEMPATH/Database/BaseBuilder.php(2307): CodeIgniter\Database\BaseConnection->query()
 4 SYSTEMPATH/Model.php(326): CodeIgniter\Database\BaseBuilder->insert()
 5 SYSTEMPATH/BaseModel.php(802): CodeIgniter\Model->doInsert()
 6 SYSTEMPATH/Model.php(744): CodeIgniter\BaseModel->insert()
 7 APPPATH/Controllers/Garden.php(203): CodeIgniter\Model->insert()
 8 SYSTEMPATH/CodeIgniter.php(941): App\Controllers\Garden->assignGrade()
 9 SYSTEMPATH/CodeIgniter.php(502): CodeIgniter\CodeIgniter->runController()
10 SYSTEMPATH/CodeIgniter.php(361): CodeIgniter\CodeIgniter->handleRequest()
11 FCPATH/index.php(79): CodeIgniter\CodeIgniter->run()
CRITICAL - 2024-03-07 07:11:31 --> [Caused by] mysqli_sql_exception: Table 'u553659265_oams.garden_grade' doesn't exist
in SYSTEMPATH/Database/MySQLi/Connection.php on line 306.
 1 SYSTEMPATH/Database/MySQLi/Connection.php(306): mysqli->query()
 2 SYSTEMPATH/Database/BaseConnection.php(693): CodeIgniter\Database\MySQLi\Connection->execute()
 3 SYSTEMPATH/Database/BaseConnection.php(607): CodeIgniter\Database\BaseConnection->simpleQuery()
 4 SYSTEMPATH/Database/BaseBuilder.php(2307): CodeIgniter\Database\BaseConnection->query()
 5 SYSTEMPATH/Model.php(326): CodeIgniter\Database\BaseBuilder->insert()
 6 SYSTEMPATH/BaseModel.php(802): CodeIgniter\Model->doInsert()
 7 SYSTEMPATH/Model.php(744): CodeIgniter\BaseModel->insert()
 8 APPPATH/Controllers/Garden.php(203): CodeIgniter\Model->insert()
 9 SYSTEMPATH/CodeIgniter.php(941): App\Controllers\Garden->assignGrade()
10 SYSTEMPATH/CodeIgniter.php(502): CodeIgniter\CodeIgniter->runController()
11 SYSTEMPATH/CodeIgniter.php(361): CodeIgniter\CodeIgniter->handleRequest()
12 FCPATH/index.php(79): CodeIgniter\CodeIgniter->run()
ERROR - 2024-03-07 08:17:51 --> mysqli_sql_exception: Unknown column 'center.city' in 'field list' in /home/u553659265/domains/itechnocorp.com/public_html/oams-api/system/Database/MySQLi/Connection.php:306
Stack trace:
#0 /home/u553659265/domains/itechnocorp.com/public_html/oams-api/system/Database/MySQLi/Connection.php(306): mysqli->query()
#1 /home/u553659265/domains/itechnocorp.com/public_html/oams-api/system/Database/BaseConnection.php(693): CodeIgniter\Database\MySQLi\Connection->execute()
#2 /home/u553659265/domains/itechnocorp.com/public_html/oams-api/system/Database/BaseConnection.php(607): CodeIgniter\Database\BaseConnection->simpleQuery()
#3 /home/u553659265/domains/itechnocorp.com/public_html/oams-api/system/Database/BaseBuilder.php(1616): CodeIgniter\Database\BaseConnection->query()
#4 /home/u553659265/domains/itechnocorp.com/public_html/oams-api/system/Model.php(242): CodeIgniter\Database\BaseBuilder->get()
#5 /home/u553659265/domains/itechnocorp.com/public_html/oams-api/system/BaseModel.php(638): CodeIgniter\Model->doFindAll()
#6 /home/u553659265/domains/itechnocorp.com/public_html/oams-api/app/Controllers/Center.php(218): CodeIgniter\BaseModel->findAll()
#7 /home/u553659265/domains/itechnocorp.com/public_html/oams-api/system/CodeIgniter.php(941): App\Controllers\Center->centergardenlist()
#8 /home/u553659265/domains/itechnocorp.com/public_html/oams-api/system/CodeIgniter.php(502): CodeIgniter\CodeIgniter->runController()
#9 /home/u553659265/domains/itechnocorp.com/public_html/oams-api/system/CodeIgniter.php(361): CodeIgniter\CodeIgniter->handleRequest()
#10 /home/u553659265/domains/itechnocorp.com/public_html/oams-api/public/index.php(79): CodeIgniter\CodeIgniter->run()
#11 {main}
CRITICAL - 2024-03-07 08:17:51 --> CodeIgniter\Database\Exceptions\DatabaseException: Unknown column 'center.city' in 'field list'
in SYSTEMPATH/Database/BaseConnection.php on line 647.
 1 SYSTEMPATH/Database/BaseBuilder.php(1616): CodeIgniter\Database\BaseConnection->query()
 2 SYSTEMPATH/Model.php(242): CodeIgniter\Database\BaseBuilder->get()
 3 SYSTEMPATH/BaseModel.php(638): CodeIgniter\Model->doFindAll()
 4 APPPATH/Controllers/Center.php(218): CodeIgniter\BaseModel->findAll()
 5 SYSTEMPATH/CodeIgniter.php(941): App\Controllers\Center->centergardenlist()
 6 SYSTEMPATH/CodeIgniter.php(502): CodeIgniter\CodeIgniter->runController()
 7 SYSTEMPATH/CodeIgniter.php(361): CodeIgniter\CodeIgniter->handleRequest()
 8 FCPATH/index.php(79): CodeIgniter\CodeIgniter->run()
CRITICAL - 2024-03-07 08:17:51 --> [Caused by] CodeIgniter\Database\Exceptions\DatabaseException: Unknown column 'center.city' in 'field list'
in SYSTEMPATH/Database/MySQLi/Connection.php on line 311.
 1 SYSTEMPATH/Database/BaseConnection.php(693): CodeIgniter\Database\MySQLi\Connection->execute()
 2 SYSTEMPATH/Database/BaseConnection.php(607): CodeIgniter\Database\BaseConnection->simpleQuery()
 3 SYSTEMPATH/Database/BaseBuilder.php(1616): CodeIgniter\Database\BaseConnection->query()
 4 SYSTEMPATH/Model.php(242): CodeIgniter\Database\BaseBuilder->get()
 5 SYSTEMPATH/BaseModel.php(638): CodeIgniter\Model->doFindAll()
 6 APPPATH/Controllers/Center.php(218): CodeIgniter\BaseModel->findAll()
 7 SYSTEMPATH/CodeIgniter.php(941): App\Controllers\Center->centergardenlist()
 8 SYSTEMPATH/CodeIgniter.php(502): CodeIgniter\CodeIgniter->runController()
 9 SYSTEMPATH/CodeIgniter.php(361): CodeIgniter\CodeIgniter->handleRequest()
10 FCPATH/index.php(79): CodeIgniter\CodeIgniter->run()
CRITICAL - 2024-03-07 08:17:51 --> [Caused by] mysqli_sql_exception: Unknown column 'center.city' in 'field list'
in SYSTEMPATH/Database/MySQLi/Connection.php on line 306.
 1 SYSTEMPATH/Database/MySQLi/Connection.php(306): mysqli->query()
 2 SYSTEMPATH/Database/BaseConnection.php(693): CodeIgniter\Database\MySQLi\Connection->execute()
 3 SYSTEMPATH/Database/BaseConnection.php(607): CodeIgniter\Database\BaseConnection->simpleQuery()
 4 SYSTEMPATH/Database/BaseBuilder.php(1616): CodeIgniter\Database\BaseConnection->query()
 5 SYSTEMPATH/Model.php(242): CodeIgniter\Database\BaseBuilder->get()
 6 SYSTEMPATH/BaseModel.php(638): CodeIgniter\Model->doFindAll()
 7 APPPATH/Controllers/Center.php(218): CodeIgniter\BaseModel->findAll()
 8 SYSTEMPATH/CodeIgniter.php(941): App\Controllers\Center->centergardenlist()
 9 SYSTEMPATH/CodeIgniter.php(502): CodeIgniter\CodeIgniter->runController()
10 SYSTEMPATH/CodeIgniter.php(361): CodeIgniter\CodeIgniter->handleRequest()
11 FCPATH/index.php(79): CodeIgniter\CodeIgniter->run()
ERROR - 2024-03-07 08:22:40 --> mysqli_sql_exception: Unknown column 'center.city' in 'field list' in /home/u553659265/domains/itechnocorp.com/public_html/oams-api/system/Database/MySQLi/Connection.php:306
Stack trace:
#0 /home/u553659265/domains/itechnocorp.com/public_html/oams-api/system/Database/MySQLi/Connection.php(306): mysqli->query()
#1 /home/u553659265/domains/itechnocorp.com/public_html/oams-api/system/Database/BaseConnection.php(693): CodeIgniter\Database\MySQLi\Connection->execute()
#2 /home/u553659265/domains/itechnocorp.com/public_html/oams-api/system/Database/BaseConnection.php(607): CodeIgniter\Database\BaseConnection->simpleQuery()
#3 /home/u553659265/domains/itechnocorp.com/public_html/oams-api/system/Database/BaseBuilder.php(1616): CodeIgniter\Database\BaseConnection->query()
#4 /home/u553659265/domains/itechnocorp.com/public_html/oams-api/system/Model.php(242): CodeIgniter\Database\BaseBuilder->get()
#5 /home/u553659265/domains/itechnocorp.com/public_html/oams-api/system/BaseModel.php(638): CodeIgniter\Model->doFindAll()
#6 /home/u553659265/domains/itechnocorp.com/public_html/oams-api/app/Controllers/Center.php(218): CodeIgniter\BaseModel->findAll()
#7 /home/u553659265/domains/itechnocorp.com/public_html/oams-api/system/CodeIgniter.php(941): App\Controllers\Center->centergardenlist()
#8 /home/u553659265/domains/itechnocorp.com/public_html/oams-api/system/CodeIgniter.php(502): CodeIgniter\CodeIgniter->runController()
#9 /home/u553659265/domains/itechnocorp.com/public_html/oams-api/system/CodeIgniter.php(361): CodeIgniter\CodeIgniter->handleRequest()
#10 /home/u553659265/domains/itechnocorp.com/public_html/oams-api/public/index.php(79): CodeIgniter\CodeIgniter->run()
#11 {main}
CRITICAL - 2024-03-07 08:22:40 --> CodeIgniter\Database\Exceptions\DatabaseException: Unknown column 'center.city' in 'field list'
in SYSTEMPATH/Database/BaseConnection.php on line 647.
 1 SYSTEMPATH/Database/BaseBuilder.php(1616): CodeIgniter\Database\BaseConnection->query()
 2 SYSTEMPATH/Model.php(242): CodeIgniter\Database\BaseBuilder->get()
 3 SYSTEMPATH/BaseModel.php(638): CodeIgniter\Model->doFindAll()
 4 APPPATH/Controllers/Center.php(218): CodeIgniter\BaseModel->findAll()
 5 SYSTEMPATH/CodeIgniter.php(941): App\Controllers\Center->centergardenlist()
 6 SYSTEMPATH/CodeIgniter.php(502): CodeIgniter\CodeIgniter->runController()
 7 SYSTEMPATH/CodeIgniter.php(361): CodeIgniter\CodeIgniter->handleRequest()
 8 FCPATH/index.php(79): CodeIgniter\CodeIgniter->run()
CRITICAL - 2024-03-07 08:22:40 --> [Caused by] CodeIgniter\Database\Exceptions\DatabaseException: Unknown column 'center.city' in 'field list'
in SYSTEMPATH/Database/MySQLi/Connection.php on line 311.
 1 SYSTEMPATH/Database/BaseConnection.php(693): CodeIgniter\Database\MySQLi\Connection->execute()
 2 SYSTEMPATH/Database/BaseConnection.php(607): CodeIgniter\Database\BaseConnection->simpleQuery()
 3 SYSTEMPATH/Database/BaseBuilder.php(1616): CodeIgniter\Database\BaseConnection->query()
 4 SYSTEMPATH/Model.php(242): CodeIgniter\Database\BaseBuilder->get()
 5 SYSTEMPATH/BaseModel.php(638): CodeIgniter\Model->doFindAll()
 6 APPPATH/Controllers/Center.php(218): CodeIgniter\BaseModel->findAll()
 7 SYSTEMPATH/CodeIgniter.php(941): App\Controllers\Center->centergardenlist()
 8 SYSTEMPATH/CodeIgniter.php(502): CodeIgniter\CodeIgniter->runController()
 9 SYSTEMPATH/CodeIgniter.php(361): CodeIgniter\CodeIgniter->handleRequest()
10 FCPATH/index.php(79): CodeIgniter\CodeIgniter->run()
CRITICAL - 2024-03-07 08:22:40 --> [Caused by] mysqli_sql_exception: Unknown column 'center.city' in 'field list'
in SYSTEMPATH/Database/MySQLi/Connection.php on line 306.
 1 SYSTEMPATH/Database/MySQLi/Connection.php(306): mysqli->query()
 2 SYSTEMPATH/Database/BaseConnection.php(693): CodeIgniter\Database\MySQLi\Connection->execute()
 3 SYSTEMPATH/Database/BaseConnection.php(607): CodeIgniter\Database\BaseConnection->simpleQuery()
 4 SYSTEMPATH/Database/BaseBuilder.php(1616): CodeIgniter\Database\BaseConnection->query()
 5 SYSTEMPATH/Model.php(242): CodeIgniter\Database\BaseBuilder->get()
 6 SYSTEMPATH/BaseModel.php(638): CodeIgniter\Model->doFindAll()
 7 APPPATH/Controllers/Center.php(218): CodeIgniter\BaseModel->findAll()
 8 SYSTEMPATH/CodeIgniter.php(941): App\Controllers\Center->centergardenlist()
 9 SYSTEMPATH/CodeIgniter.php(502): CodeIgniter\CodeIgniter->runController()
10 SYSTEMPATH/CodeIgniter.php(361): CodeIgniter\CodeIgniter->handleRequest()
11 FCPATH/index.php(79): CodeIgniter\CodeIgniter->run()
ERROR - 2024-03-07 10:18:35 --> mysqli_sql_exception: Unknown column 'auction.id' in 'on clause' in /home/u553659265/domains/itechnocorp.com/public_html/oams-api/system/Database/MySQLi/Connection.php:306
Stack trace:
#0 /home/u553659265/domains/itechnocorp.com/public_html/oams-api/system/Database/MySQLi/Connection.php(306): mysqli->query()
#1 /home/u553659265/domains/itechnocorp.com/public_html/oams-api/system/Database/BaseConnection.php(693): CodeIgniter\Database\MySQLi\Connection->execute()
#2 /home/u553659265/domains/itechnocorp.com/public_html/oams-api/system/Database/BaseConnection.php(607): CodeIgniter\Database\BaseConnection->simpleQuery()
#3 /home/u553659265/domains/itechnocorp.com/public_html/oams-api/system/Database/BaseBuilder.php(1616): CodeIgniter\Database\BaseConnection->query()
#4 /home/u553659265/domains/itechnocorp.com/public_html/oams-api/system/Model.php(242): CodeIgniter\Database\BaseBuilder->get()
#5 /home/u553659265/domains/itechnocorp.com/public_html/oams-api/system/BaseModel.php(638): CodeIgniter\Model->doFindAll()
#6 /home/u553659265/domains/itechnocorp.com/public_html/oams-api/app/Controllers/Center.php(232): CodeIgniter\BaseModel->findAll()
#7 /home/u553659265/domains/itechnocorp.com/public_html/oams-api/system/CodeIgniter.php(941): App\Controllers\Center->biddingcenterlist()
#8 /home/u553659265/domains/itechnocorp.com/public_html/oams-api/system/CodeIgniter.php(502): CodeIgniter\CodeIgniter->runController()
#9 /home/u553659265/domains/itechnocorp.com/public_html/oams-api/system/CodeIgniter.php(361): CodeIgniter\CodeIgniter->handleRequest()
#10 /home/u553659265/domains/itechnocorp.com/public_html/oams-api/public/index.php(79): CodeIgniter\CodeIgniter->run()
#11 {main}
CRITICAL - 2024-03-07 10:18:35 --> CodeIgniter\Database\Exceptions\DatabaseException: Unknown column 'auction.id' in 'on clause'
in SYSTEMPATH/Database/BaseConnection.php on line 647.
 1 SYSTEMPATH/Database/BaseBuilder.php(1616): CodeIgniter\Database\BaseConnection->query()
 2 SYSTEMPATH/Model.php(242): CodeIgniter\Database\BaseBuilder->get()
 3 SYSTEMPATH/BaseModel.php(638): CodeIgniter\Model->doFindAll()
 4 APPPATH/Controllers/Center.php(232): CodeIgniter\BaseModel->findAll()
 5 SYSTEMPATH/CodeIgniter.php(941): App\Controllers\Center->biddingcenterlist()
 6 SYSTEMPATH/CodeIgniter.php(502): CodeIgniter\CodeIgniter->runController()
 7 SYSTEMPATH/CodeIgniter.php(361): CodeIgniter\CodeIgniter->handleRequest()
 8 FCPATH/index.php(79): CodeIgniter\CodeIgniter->run()
CRITICAL - 2024-03-07 10:18:35 --> [Caused by] CodeIgniter\Database\Exceptions\DatabaseException: Unknown column 'auction.id' in 'on clause'
in SYSTEMPATH/Database/MySQLi/Connection.php on line 311.
 1 SYSTEMPATH/Database/BaseConnection.php(693): CodeIgniter\Database\MySQLi\Connection->execute()
 2 SYSTEMPATH/Database/BaseConnection.php(607): CodeIgniter\Database\BaseConnection->simpleQuery()
 3 SYSTEMPATH/Database/BaseBuilder.php(1616): CodeIgniter\Database\BaseConnection->query()
 4 SYSTEMPATH/Model.php(242): CodeIgniter\Database\BaseBuilder->get()
 5 SYSTEMPATH/BaseModel.php(638): CodeIgniter\Model->doFindAll()
 6 APPPATH/Controllers/Center.php(232): CodeIgniter\BaseModel->findAll()
 7 SYSTEMPATH/CodeIgniter.php(941): App\Controllers\Center->biddingcenterlist()
 8 SYSTEMPATH/CodeIgniter.php(502): CodeIgniter\CodeIgniter->runController()
 9 SYSTEMPATH/CodeIgniter.php(361): CodeIgniter\CodeIgniter->handleRequest()
10 FCPATH/index.php(79): CodeIgniter\CodeIgniter->run()
CRITICAL - 2024-03-07 10:18:35 --> [Caused by] mysqli_sql_exception: Unknown column 'auction.id' in 'on clause'
in SYSTEMPATH/Database/MySQLi/Connection.php on line 306.
 1 SYSTEMPATH/Database/MySQLi/Connection.php(306): mysqli->query()
 2 SYSTEMPATH/Database/BaseConnection.php(693): CodeIgniter\Database\MySQLi\Connection->execute()
 3 SYSTEMPATH/Database/BaseConnection.php(607): CodeIgniter\Database\BaseConnection->simpleQuery()
 4 SYSTEMPATH/Database/BaseBuilder.php(1616): CodeIgniter\Database\BaseConnection->query()
 5 SYSTEMPATH/Model.php(242): CodeIgniter\Database\BaseBuilder->get()
 6 SYSTEMPATH/BaseModel.php(638): CodeIgniter\Model->doFindAll()
 7 APPPATH/Controllers/Center.php(232): CodeIgniter\BaseModel->findAll()
 8 SYSTEMPATH/CodeIgniter.php(941): App\Controllers\Center->biddingcenterlist()
 9 SYSTEMPATH/CodeIgniter.php(502): CodeIgniter\CodeIgniter->runController()
10 SYSTEMPATH/CodeIgniter.php(361): CodeIgniter\CodeIgniter->handleRequest()
11 FCPATH/index.php(79): CodeIgniter\CodeIgniter->run()
CRITICAL - 2024-03-07 11:27:39 --> BadMethodCallException: Call to undefined method App\Models\AuctionModel::with
in SYSTEMPATH/Model.php on line 874.
 1 APPPATH/Controllers/Auction.php(40): CodeIgniter\Model->__call()
 2 SYSTEMPATH/CodeIgniter.php(941): App\Controllers\Auction->index()
 3 SYSTEMPATH/CodeIgniter.php(502): CodeIgniter\CodeIgniter->runController()
 4 SYSTEMPATH/CodeIgniter.php(361): CodeIgniter\CodeIgniter->handleRequest()
 5 FCPATH/index.php(79): CodeIgniter\CodeIgniter->run()
CRITICAL - 2024-03-07 12:58:45 --> ParseError: syntax error, unexpected token "(", expecting identifier or variable or "{" or "$"
in APPPATH/Controllers/Auction.php on line 117.
 1 SYSTEMPATH/Autoloader/Autoloader.php(290): CodeIgniter\Autoloader\Autoloader->includeFile()
 2 SYSTEMPATH/Autoloader/Autoloader.php(266): CodeIgniter\Autoloader\Autoloader->loadInNamespace()
 3 [internal function]: CodeIgniter\Autoloader\Autoloader->loadClass()
 4 SYSTEMPATH/CodeIgniter.php(899): class_exists()
 5 SYSTEMPATH/CodeIgniter.php(489): CodeIgniter\CodeIgniter->startController()
 6 SYSTEMPATH/CodeIgniter.php(361): CodeIgniter\CodeIgniter->handleRequest()
 7 FCPATH/index.php(79): CodeIgniter\CodeIgniter->run()
CRITICAL - 2024-03-07 12:59:05 --> ParseError: syntax error, unexpected token "(", expecting identifier or variable or "{" or "$"
in APPPATH/Controllers/Auction.php on line 117.
 1 SYSTEMPATH/Autoloader/Autoloader.php(290): CodeIgniter\Autoloader\Autoloader->includeFile()
 2 SYSTEMPATH/Autoloader/Autoloader.php(266): CodeIgniter\Autoloader\Autoloader->loadInNamespace()
 3 [internal function]: CodeIgniter\Autoloader\Autoloader->loadClass()
 4 SYSTEMPATH/CodeIgniter.php(899): class_exists()
 5 SYSTEMPATH/CodeIgniter.php(489): CodeIgniter\CodeIgniter->startController()
 6 SYSTEMPATH/CodeIgniter.php(361): CodeIgniter\CodeIgniter->handleRequest()
 7 FCPATH/index.php(79): CodeIgniter\CodeIgniter->run()
CRITICAL - 2024-03-07 13:00:29 --> ParseError: syntax error, unexpected token "(", expecting identifier or variable or "{" or "$"
in APPPATH/Controllers/Auction.php on line 117.
 1 SYSTEMPATH/Autoloader/Autoloader.php(290): CodeIgniter\Autoloader\Autoloader->includeFile()
 2 SYSTEMPATH/Autoloader/Autoloader.php(266): CodeIgniter\Autoloader\Autoloader->loadInNamespace()
 3 [internal function]: CodeIgniter\Autoloader\Autoloader->loadClass()
 4 SYSTEMPATH/CodeIgniter.php(899): class_exists()
 5 SYSTEMPATH/CodeIgniter.php(489): CodeIgniter\CodeIgniter->startController()
 6 SYSTEMPATH/CodeIgniter.php(361): CodeIgniter\CodeIgniter->handleRequest()
 7 FCPATH/index.php(79): CodeIgniter\CodeIgniter->run()
