CRITICAL - 2024-08-31 11:01:22 --> ErrorException: Undefined variable $auction_data
in APPPATH/Controllers/Cart.php on line 427.
 1 APPPATH/Controllers/Cart.php(427): CodeIgniter\Debug\Exceptions->errorHandler(2, 'Undefined variable $auction_data', '/var/www/eazyhosting.in/public_html/api/app/Controllers/Cart.php', 427)
 2 SYSTEMPATH/CodeIgniter.php(941): App\Controllers\Cart->auctiongardenlist()
 3 SYSTEMPATH/CodeIgniter.php(502): CodeIgniter\CodeIgniter->runController(Object(App\Controllers\Cart))
 4 SYSTEMPATH/CodeIgniter.php(361): CodeIgniter\CodeIgniter->handleRequest(null, Object(Config\Cache), false)
 5 FCPATH/index.php(79): CodeIgniter\CodeIgniter->run()
CRITICAL - 2024-08-31 11:02:56 --> ErrorException: Undefined variable $auction_data
in APPPATH/Controllers/Cart.php on line 427.
 1 APPPATH/Controllers/Cart.php(427): CodeIgniter\Debug\Exceptions->errorHandler(2, 'Undefined variable $auction_data', '/var/www/eazyhosting.in/public_html/api/app/Controllers/Cart.php', 427)
 2 SYSTEMPATH/CodeIgniter.php(941): App\Controllers\Cart->auctiongardenlist()
 3 SYSTEMPATH/CodeIgniter.php(502): CodeIgniter\CodeIgniter->runController(Object(App\Controllers\Cart))
 4 SYSTEMPATH/CodeIgniter.php(361): CodeIgniter\CodeIgniter->handleRequest(null, Object(Config\Cache), false)
 5 FCPATH/index.php(79): CodeIgniter\CodeIgniter->run()
CRITICAL - 2024-08-31 11:03:02 --> ErrorException: Undefined variable $auction_data
in APPPATH/Controllers/Cart.php on line 427.
 1 APPPATH/Controllers/Cart.php(427): CodeIgniter\Debug\Exceptions->errorHandler(2, 'Undefined variable $auction_data', '/var/www/eazyhosting.in/public_html/api/app/Controllers/Cart.php', 427)
 2 SYSTEMPATH/CodeIgniter.php(941): App\Controllers\Cart->auctiongardenlist()
 3 SYSTEMPATH/CodeIgniter.php(502): CodeIgniter\CodeIgniter->runController(Object(App\Controllers\Cart))
 4 SYSTEMPATH/CodeIgniter.php(361): CodeIgniter\CodeIgniter->handleRequest(null, Object(Config\Cache), false)
 5 FCPATH/index.php(79): CodeIgniter\CodeIgniter->run()
CRITICAL - 2024-08-31 11:03:10 --> ErrorException: Undefined variable $auction_data
in APPPATH/Controllers/Cart.php on line 427.
 1 APPPATH/Controllers/Cart.php(427): CodeIgniter\Debug\Exceptions->errorHandler(2, 'Undefined variable $auction_data', '/var/www/eazyhosting.in/public_html/api/app/Controllers/Cart.php', 427)
 2 SYSTEMPATH/CodeIgniter.php(941): App\Controllers\Cart->auctiongardenlist()
 3 SYSTEMPATH/CodeIgniter.php(502): CodeIgniter\CodeIgniter->runController(Object(App\Controllers\Cart))
 4 SYSTEMPATH/CodeIgniter.php(361): CodeIgniter\CodeIgniter->handleRequest(null, Object(Config\Cache), false)
 5 FCPATH/index.php(79): CodeIgniter\CodeIgniter->run()
CRITICAL - 2024-08-31 11:03:50 --> ErrorException: Undefined variable $auction_data
in APPPATH/Controllers/Cart.php on line 427.
 1 APPPATH/Controllers/Cart.php(427): CodeIgniter\Debug\Exceptions->errorHandler(2, 'Undefined variable $auction_data', '/var/www/eazyhosting.in/public_html/api/app/Controllers/Cart.php', 427)
 2 SYSTEMPATH/CodeIgniter.php(941): App\Controllers\Cart->auctiongardenlist()
 3 SYSTEMPATH/CodeIgniter.php(502): CodeIgniter\CodeIgniter->runController(Object(App\Controllers\Cart))
 4 SYSTEMPATH/CodeIgniter.php(361): CodeIgniter\CodeIgniter->handleRequest(null, Object(Config\Cache), false)
 5 FCPATH/index.php(79): CodeIgniter\CodeIgniter->run()
CRITICAL - 2024-08-31 11:03:55 --> ErrorException: Undefined variable $auction_data
in APPPATH/Controllers/Cart.php on line 427.
 1 APPPATH/Controllers/Cart.php(427): CodeIgniter\Debug\Exceptions->errorHandler(2, 'Undefined variable $auction_data', '/var/www/eazyhosting.in/public_html/api/app/Controllers/Cart.php', 427)
 2 SYSTEMPATH/CodeIgniter.php(941): App\Controllers\Cart->auctiongardenlist()
 3 SYSTEMPATH/CodeIgniter.php(502): CodeIgniter\CodeIgniter->runController(Object(App\Controllers\Cart))
 4 SYSTEMPATH/CodeIgniter.php(361): CodeIgniter\CodeIgniter->handleRequest(null, Object(Config\Cache), false)
 5 FCPATH/index.php(79): CodeIgniter\CodeIgniter->run()
CRITICAL - 2024-08-31 11:04:17 --> ErrorException: Undefined variable $auction_data
in APPPATH/Controllers/Cart.php on line 427.
 1 APPPATH/Controllers/Cart.php(427): CodeIgniter\Debug\Exceptions->errorHandler(2, 'Undefined variable $auction_data', '/var/www/eazyhosting.in/public_html/api/app/Controllers/Cart.php', 427)
 2 SYSTEMPATH/CodeIgniter.php(941): App\Controllers\Cart->auctiongardenlist()
 3 SYSTEMPATH/CodeIgniter.php(502): CodeIgniter\CodeIgniter->runController(Object(App\Controllers\Cart))
 4 SYSTEMPATH/CodeIgniter.php(361): CodeIgniter\CodeIgniter->handleRequest(null, Object(Config\Cache), false)
 5 FCPATH/index.php(79): CodeIgniter\CodeIgniter->run()
CRITICAL - 2024-08-31 11:04:28 --> ErrorException: Undefined variable $auction_data
in APPPATH/Controllers/Cart.php on line 427.
 1 APPPATH/Controllers/Cart.php(427): CodeIgniter\Debug\Exceptions->errorHandler(2, 'Undefined variable $auction_data', '/var/www/eazyhosting.in/public_html/api/app/Controllers/Cart.php', 427)
 2 SYSTEMPATH/CodeIgniter.php(941): App\Controllers\Cart->auctiongardenlist()
 3 SYSTEMPATH/CodeIgniter.php(502): CodeIgniter\CodeIgniter->runController(Object(App\Controllers\Cart))
 4 SYSTEMPATH/CodeIgniter.php(361): CodeIgniter\CodeIgniter->handleRequest(null, Object(Config\Cache), false)
 5 FCPATH/index.php(79): CodeIgniter\CodeIgniter->run()
ERROR - 2024-08-31 14:10:41 --> bid calculation initiated auctionItemId:31, 2024-08-31 02:10:41
ERROR - 2024-08-31 14:10:41 --> Error code 001. HBP:8.00,HABP: 110.00, 2024-08-31 02:10:41
ERROR - 2024-08-31 14:10:41 --> Error code 002. HBP:8.00,RP: 10, 2024-08-31 02:10:41
ERROR - 2024-08-31 14:10:41 --> bid calculation Ended auctionItemId:31, 2024-08-31 02:10:41
ERROR - 2024-08-31 14:10:41 --> bid calculation initiated auctionItemId:32, 2024-08-31 02:10:41
ERROR - 2024-08-31 14:10:41 --> bid calculation Ended auctionItemId:32, 2024-08-31 02:10:41
ERROR - 2024-08-31 14:11:11 --> current items data:[{"id":"31","inward_invoice_id":"V2","inward_item_id":"2","auction_id":"6","lot_no":"1","lot_set":"1","auction_quantity":"47","sample_quantity":"1","auction_each_net":"13","base_price":"5","reverse_price":"10","high_price":"0","valuation_price":"15","last_sold_price":null,"status":"1","is_sold":"0","min_bid_added":"0","is_withdrawn":"0","created_at":"2024-08-31 11:04:37","updated_at":"2024-08-31 11:06:46","created_by":"5","updated_by":"5"},{"id":"32","inward_invoice_id":"V1","inward_item_id":"1","auction_id":"6","lot_no":"2","lot_set":"1","auction_quantity":"43","sample_quantity":"40","auction_each_net":"10","base_price":"10","reverse_price":"15","high_price":"0","valuation_price":"20","last_sold_price":null,"status":"1","is_sold":"0","min_bid_added":"0","is_withdrawn":"0","created_at":"2024-08-31 11:04:37","updated_at":"2024-08-31 11:06:46","created_by":"5","updated_by":"5"}], 2024-08-31 02:11:11
ERROR - 2024-08-31 14:11:11 --> Error code L001. auctionItemId:31, 2024-08-31 02:11:11
ERROR - 2024-08-31 14:11:11 --> bid calculation initiated auctionItemId:31, 2024-08-31 02:11:11
ERROR - 2024-08-31 14:11:11 --> Error code 001. HBP:10.00,HABP: 110.00, 2024-08-31 02:11:11
ERROR - 2024-08-31 14:11:11 --> Error code 002. HBP:10.00,RP: 10, 2024-08-31 02:11:11
ERROR - 2024-08-31 14:11:11 --> bid calculation Ended auctionItemId:31, 2024-08-31 02:11:11
ERROR - 2024-08-31 14:11:11 --> Error code L002. auctionItemId:31, 2024-08-31 02:11:11
ERROR - 2024-08-31 14:11:11 --> Error code L003. auctionItemId:31, 2024-08-31 02:11:11
ERROR - 2024-08-31 14:11:11 --> Error code L001. auctionItemId:32, 2024-08-31 02:11:11
ERROR - 2024-08-31 14:11:11 --> bid calculation initiated auctionItemId:32, 2024-08-31 02:11:11
ERROR - 2024-08-31 14:11:11 --> bid calculation Ended auctionItemId:32, 2024-08-31 02:11:11
ERROR - 2024-08-31 14:11:11 --> Error code L002. auctionItemId:32, 2024-08-31 02:11:11
ERROR - 2024-08-31 14:11:11 --> Error code L003. auctionItemId:32, 2024-08-31 02:11:11
CRITICAL - 2024-08-31 14:18:05 --> ErrorException: Undefined variable $auction_data
in APPPATH/Controllers/Cart.php on line 427.
 1 APPPATH/Controllers/Cart.php(427): CodeIgniter\Debug\Exceptions->errorHandler(2, 'Undefined variable $auction_data', '/var/www/eazyhosting.in/public_html/api/app/Controllers/Cart.php', 427)
 2 SYSTEMPATH/CodeIgniter.php(941): App\Controllers\Cart->auctiongardenlist()
 3 SYSTEMPATH/CodeIgniter.php(502): CodeIgniter\CodeIgniter->runController(Object(App\Controllers\Cart))
 4 SYSTEMPATH/CodeIgniter.php(361): CodeIgniter\CodeIgniter->handleRequest(null, Object(Config\Cache), false)
 5 FCPATH/index.php(79): CodeIgniter\CodeIgniter->run()
CRITICAL - 2024-08-31 14:18:47 --> ErrorException: Undefined variable $auction_data
in APPPATH/Controllers/Cart.php on line 427.
 1 APPPATH/Controllers/Cart.php(427): CodeIgniter\Debug\Exceptions->errorHandler(2, 'Undefined variable $auction_data', '/var/www/eazyhosting.in/public_html/api/app/Controllers/Cart.php', 427)
 2 SYSTEMPATH/CodeIgniter.php(941): App\Controllers\Cart->auctiongardenlist()
 3 SYSTEMPATH/CodeIgniter.php(502): CodeIgniter\CodeIgniter->runController(Object(App\Controllers\Cart))
 4 SYSTEMPATH/CodeIgniter.php(361): CodeIgniter\CodeIgniter->handleRequest(null, Object(Config\Cache), false)
 5 FCPATH/index.php(79): CodeIgniter\CodeIgniter->run()
CRITICAL - 2024-08-31 14:18:57 --> ErrorException: Undefined variable $auction_data
in APPPATH/Controllers/Cart.php on line 427.
 1 APPPATH/Controllers/Cart.php(427): CodeIgniter\Debug\Exceptions->errorHandler(2, 'Undefined variable $auction_data', '/var/www/eazyhosting.in/public_html/api/app/Controllers/Cart.php', 427)
 2 SYSTEMPATH/CodeIgniter.php(941): App\Controllers\Cart->auctiongardenlist()
 3 SYSTEMPATH/CodeIgniter.php(502): CodeIgniter\CodeIgniter->runController(Object(App\Controllers\Cart))
 4 SYSTEMPATH/CodeIgniter.php(361): CodeIgniter\CodeIgniter->handleRequest(null, Object(Config\Cache), false)
 5 FCPATH/index.php(79): CodeIgniter\CodeIgniter->run()
ERROR - 2024-08-31 14:23:20 --> bid calculation initiated auctionItemId:33, 2024-08-31 02:23:20
ERROR - 2024-08-31 14:23:20 --> bid calculation Ended auctionItemId:33, 2024-08-31 02:23:20
ERROR - 2024-08-31 14:23:20 --> bid calculation initiated auctionItemId:34, 2024-08-31 02:23:20
ERROR - 2024-08-31 14:23:20 --> bid calculation Ended auctionItemId:34, 2024-08-31 02:23:20
ERROR - 2024-08-31 14:23:52 --> current items data:[{"id":"33","inward_invoice_id":"V1","inward_item_id":"1","auction_id":"7","lot_no":"1","lot_set":"1","auction_quantity":"43","sample_quantity":"1","auction_each_net":"10","base_price":"0","reverse_price":"0","high_price":"0","valuation_price":"0","last_sold_price":null,"status":"1","is_sold":"0","min_bid_added":"0","is_withdrawn":"0","created_at":"2024-08-31 14:19:05","updated_at":"2024-08-31 14:19:05","created_by":"5","updated_by":"0"},{"id":"34","inward_invoice_id":"V4","inward_item_id":"4","auction_id":"7","lot_no":"2","lot_set":"1","auction_quantity":"48","sample_quantity":"1","auction_each_net":"2","base_price":"0","reverse_price":"0","high_price":"0","valuation_price":"0","last_sold_price":null,"status":"1","is_sold":"0","min_bid_added":"0","is_withdrawn":"0","created_at":"2024-08-31 14:19:05","updated_at":"2024-08-31 14:19:05","created_by":"5","updated_by":"0"}], 2024-08-31 02:23:52
ERROR - 2024-08-31 14:23:52 --> Error code L001. auctionItemId:33, 2024-08-31 02:23:52
ERROR - 2024-08-31 14:23:52 --> bid calculation initiated auctionItemId:33, 2024-08-31 02:23:52
ERROR - 2024-08-31 14:23:52 --> bid calculation Ended auctionItemId:33, 2024-08-31 02:23:52
ERROR - 2024-08-31 14:23:52 --> Error code L002. auctionItemId:33, 2024-08-31 02:23:52
ERROR - 2024-08-31 14:23:52 --> Error code L003. auctionItemId:33, 2024-08-31 02:23:52
ERROR - 2024-08-31 14:23:52 --> Error code L001. auctionItemId:34, 2024-08-31 02:23:52
ERROR - 2024-08-31 14:23:52 --> bid calculation initiated auctionItemId:34, 2024-08-31 02:23:52
ERROR - 2024-08-31 14:23:52 --> bid calculation Ended auctionItemId:34, 2024-08-31 02:23:52
ERROR - 2024-08-31 14:23:52 --> Error code L002. auctionItemId:34, 2024-08-31 02:23:52
ERROR - 2024-08-31 14:23:52 --> Error code L003. auctionItemId:34, 2024-08-31 02:23:52
ERROR - 2024-08-31 14:24:53 --> bid calculation initiated auctionItemId:35, 2024-08-31 02:24:53
ERROR - 2024-08-31 14:24:53 --> bid calculation Ended auctionItemId:35, 2024-08-31 02:24:53
ERROR - 2024-08-31 14:24:53 --> bid calculation initiated auctionItemId:36, 2024-08-31 02:24:53
ERROR - 2024-08-31 14:24:53 --> bid calculation Ended auctionItemId:36, 2024-08-31 02:24:53
ERROR - 2024-08-31 14:25:26 --> current items data:[{"id":"35","inward_invoice_id":"V3","inward_item_id":"3","auction_id":"7","lot_no":"3","lot_set":"2","auction_quantity":"46","sample_quantity":"1","auction_each_net":"9","base_price":"0","reverse_price":"0","high_price":"0","valuation_price":"0","last_sold_price":null,"status":"1","is_sold":"0","min_bid_added":"0","is_withdrawn":"0","created_at":"2024-08-31 14:19:05","updated_at":"2024-08-31 14:19:05","created_by":"5","updated_by":"0"},{"id":"36","inward_invoice_id":"S1","inward_item_id":"6","auction_id":"7","lot_no":"4","lot_set":"2","auction_quantity":"49","sample_quantity":"1","auction_each_net":"17","base_price":"0","reverse_price":"0","high_price":"0","valuation_price":"0","last_sold_price":null,"status":"1","is_sold":"0","min_bid_added":"0","is_withdrawn":"0","created_at":"2024-08-31 14:19:05","updated_at":"2024-08-31 14:19:05","created_by":"5","updated_by":"0"}], 2024-08-31 02:25:26
ERROR - 2024-08-31 14:25:26 --> Error code L001. auctionItemId:35, 2024-08-31 02:25:26
ERROR - 2024-08-31 14:25:26 --> bid calculation initiated auctionItemId:35, 2024-08-31 02:25:26
ERROR - 2024-08-31 14:25:26 --> bid calculation Ended auctionItemId:35, 2024-08-31 02:25:26
ERROR - 2024-08-31 14:25:26 --> Error code L002. auctionItemId:35, 2024-08-31 02:25:26
ERROR - 2024-08-31 14:25:26 --> Error code L003. auctionItemId:35, 2024-08-31 02:25:26
ERROR - 2024-08-31 14:25:26 --> Error code L001. auctionItemId:36, 2024-08-31 02:25:26
ERROR - 2024-08-31 14:25:26 --> bid calculation initiated auctionItemId:36, 2024-08-31 02:25:26
ERROR - 2024-08-31 14:25:26 --> bid calculation Ended auctionItemId:36, 2024-08-31 02:25:26
ERROR - 2024-08-31 14:25:26 --> Error code L002. auctionItemId:36, 2024-08-31 02:25:26
ERROR - 2024-08-31 14:25:26 --> Error code L003. auctionItemId:36, 2024-08-31 02:25:26
ERROR - 2024-08-31 14:26:31 --> bid calculation initiated auctionItemId:37, 2024-08-31 02:26:31
ERROR - 2024-08-31 14:26:31 --> bid calculation Ended auctionItemId:37, 2024-08-31 02:26:31
ERROR - 2024-08-31 14:27:04 --> current items data:[{"id":"37","inward_invoice_id":"S2","inward_item_id":"7","auction_id":"7","lot_no":"5","lot_set":"3","auction_quantity":"48","sample_quantity":"1","auction_each_net":"7","base_price":"0","reverse_price":"0","high_price":"0","valuation_price":"0","last_sold_price":null,"status":"1","is_sold":"0","min_bid_added":"0","is_withdrawn":"0","created_at":"2024-08-31 14:19:05","updated_at":"2024-08-31 14:19:05","created_by":"5","updated_by":"0"}], 2024-08-31 02:27:04
ERROR - 2024-08-31 14:27:04 --> Error code L001. auctionItemId:37, 2024-08-31 02:27:04
ERROR - 2024-08-31 14:27:04 --> bid calculation initiated auctionItemId:37, 2024-08-31 02:27:04
ERROR - 2024-08-31 14:27:04 --> bid calculation Ended auctionItemId:37, 2024-08-31 02:27:04
ERROR - 2024-08-31 14:27:04 --> Error code L002. auctionItemId:37, 2024-08-31 02:27:04
ERROR - 2024-08-31 14:27:04 --> Error code L003. auctionItemId:37, 2024-08-31 02:27:04
CRITICAL - 2024-08-31 14:35:31 --> ErrorException: Undefined variable $auction_data
in APPPATH/Controllers/Cart.php on line 427.
 1 APPPATH/Controllers/Cart.php(427): CodeIgniter\Debug\Exceptions->errorHandler(2, 'Undefined variable $auction_data', '/var/www/eazyhosting.in/public_html/api/app/Controllers/Cart.php', 427)
 2 SYSTEMPATH/CodeIgniter.php(941): App\Controllers\Cart->auctiongardenlist()
 3 SYSTEMPATH/CodeIgniter.php(502): CodeIgniter\CodeIgniter->runController(Object(App\Controllers\Cart))
 4 SYSTEMPATH/CodeIgniter.php(361): CodeIgniter\CodeIgniter->handleRequest(null, Object(Config\Cache), false)
 5 FCPATH/index.php(79): CodeIgniter\CodeIgniter->run()
CRITICAL - 2024-08-31 14:36:00 --> ErrorException: Undefined variable $auction_data
in APPPATH/Controllers/Cart.php on line 427.
 1 APPPATH/Controllers/Cart.php(427): CodeIgniter\Debug\Exceptions->errorHandler(2, 'Undefined variable $auction_data', '/var/www/eazyhosting.in/public_html/api/app/Controllers/Cart.php', 427)
 2 SYSTEMPATH/CodeIgniter.php(941): App\Controllers\Cart->auctiongardenlist()
 3 SYSTEMPATH/CodeIgniter.php(502): CodeIgniter\CodeIgniter->runController(Object(App\Controllers\Cart))
 4 SYSTEMPATH/CodeIgniter.php(361): CodeIgniter\CodeIgniter->handleRequest(null, Object(Config\Cache), false)
 5 FCPATH/index.php(79): CodeIgniter\CodeIgniter->run()
CRITICAL - 2024-08-31 14:36:05 --> ErrorException: Undefined variable $auction_data
in APPPATH/Controllers/Cart.php on line 427.
 1 APPPATH/Controllers/Cart.php(427): CodeIgniter\Debug\Exceptions->errorHandler(2, 'Undefined variable $auction_data', '/var/www/eazyhosting.in/public_html/api/app/Controllers/Cart.php', 427)
 2 SYSTEMPATH/CodeIgniter.php(941): App\Controllers\Cart->auctiongardenlist()
 3 SYSTEMPATH/CodeIgniter.php(502): CodeIgniter\CodeIgniter->runController(Object(App\Controllers\Cart))
 4 SYSTEMPATH/CodeIgniter.php(361): CodeIgniter\CodeIgniter->handleRequest(null, Object(Config\Cache), false)
 5 FCPATH/index.php(79): CodeIgniter\CodeIgniter->run()
