CRITICAL - 2024-10-21 08:23:23 --> ErrorException: Undefined variable $auction_data
in APPPATH/Controllers/Cart.php on line 428.
 1 APPPATH/Controllers/Cart.php(428): CodeIgniter\Debug\Exceptions->errorHandler(2, 'Undefined variable $auction_data', '/var/www/eazyhosting.in/public_html/api/app/Controllers/Cart.php', 428)
 2 SYSTEMPATH/CodeIgniter.php(941): App\Controllers\Cart->auctiongardenlist()
 3 SYSTEMPATH/CodeIgniter.php(502): CodeIgniter\CodeIgniter->runController(Object(App\Controllers\Cart))
 4 SYSTEMPATH/CodeIgniter.php(361): CodeIgniter\CodeIgniter->handleRequest(null, Object(Config\Cache), false)
 5 FCPATH/index.php(79): CodeIgniter\CodeIgniter->run()
CRITICAL - 2024-10-21 08:25:13 --> ErrorException: Undefined variable $auction_data
in APPPATH/Controllers/Cart.php on line 428.
 1 APPPATH/Controllers/Cart.php(428): CodeIgniter\Debug\Exceptions->errorHandler(2, 'Undefined variable $auction_data', '/var/www/eazyhosting.in/public_html/api/app/Controllers/Cart.php', 428)
 2 SYSTEMPATH/CodeIgniter.php(941): App\Controllers\Cart->auctiongardenlist()
 3 SYSTEMPATH/CodeIgniter.php(502): CodeIgniter\CodeIgniter->runController(Object(App\Controllers\Cart))
 4 SYSTEMPATH/CodeIgniter.php(361): CodeIgniter\CodeIgniter->handleRequest(null, Object(Config\Cache), false)
 5 FCPATH/index.php(79): CodeIgniter\CodeIgniter->run()
CRITICAL - 2024-10-21 08:36:24 --> ErrorException: Undefined variable $auction_data
in APPPATH/Controllers/Cart.php on line 428.
 1 APPPATH/Controllers/Cart.php(428): CodeIgniter\Debug\Exceptions->errorHandler(2, 'Undefined variable $auction_data', '/var/www/eazyhosting.in/public_html/api/app/Controllers/Cart.php', 428)
 2 SYSTEMPATH/CodeIgniter.php(941): App\Controllers\Cart->auctiongardenlist()
 3 SYSTEMPATH/CodeIgniter.php(502): CodeIgniter\CodeIgniter->runController(Object(App\Controllers\Cart))
 4 SYSTEMPATH/CodeIgniter.php(361): CodeIgniter\CodeIgniter->handleRequest(null, Object(Config\Cache), false)
 5 FCPATH/index.php(79): CodeIgniter\CodeIgniter->run()
CRITICAL - 2024-10-21 08:42:23 --> ErrorException: Undefined variable $auction_data
in APPPATH/Controllers/Cart.php on line 428.
 1 APPPATH/Controllers/Cart.php(428): CodeIgniter\Debug\Exceptions->errorHandler(2, 'Undefined variable $auction_data', '/var/www/eazyhosting.in/public_html/api/app/Controllers/Cart.php', 428)
 2 SYSTEMPATH/CodeIgniter.php(941): App\Controllers\Cart->auctiongardenlist()
 3 SYSTEMPATH/CodeIgniter.php(502): CodeIgniter\CodeIgniter->runController(Object(App\Controllers\Cart))
 4 SYSTEMPATH/CodeIgniter.php(361): CodeIgniter\CodeIgniter->handleRequest(null, Object(Config\Cache), false)
 5 FCPATH/index.php(79): CodeIgniter\CodeIgniter->run()
CRITICAL - 2024-10-21 08:43:29 --> ErrorException: Undefined variable $auction_data
in APPPATH/Controllers/Cart.php on line 428.
 1 APPPATH/Controllers/Cart.php(428): CodeIgniter\Debug\Exceptions->errorHandler(2, 'Undefined variable $auction_data', '/var/www/eazyhosting.in/public_html/api/app/Controllers/Cart.php', 428)
 2 SYSTEMPATH/CodeIgniter.php(941): App\Controllers\Cart->auctiongardenlist()
 3 SYSTEMPATH/CodeIgniter.php(502): CodeIgniter\CodeIgniter->runController(Object(App\Controllers\Cart))
 4 SYSTEMPATH/CodeIgniter.php(361): CodeIgniter\CodeIgniter->handleRequest(null, Object(Config\Cache), false)
 5 FCPATH/index.php(79): CodeIgniter\CodeIgniter->run()
CRITICAL - 2024-10-21 08:43:46 --> ErrorException: Undefined variable $auction_data
in APPPATH/Controllers/Cart.php on line 428.
 1 APPPATH/Controllers/Cart.php(428): CodeIgniter\Debug\Exceptions->errorHandler(2, 'Undefined variable $auction_data', '/var/www/eazyhosting.in/public_html/api/app/Controllers/Cart.php', 428)
 2 SYSTEMPATH/CodeIgniter.php(941): App\Controllers\Cart->auctiongardenlist()
 3 SYSTEMPATH/CodeIgniter.php(502): CodeIgniter\CodeIgniter->runController(Object(App\Controllers\Cart))
 4 SYSTEMPATH/CodeIgniter.php(361): CodeIgniter\CodeIgniter->handleRequest(null, Object(Config\Cache), false)
 5 FCPATH/index.php(79): CodeIgniter\CodeIgniter->run()
CRITICAL - 2024-10-21 08:44:02 --> ErrorException: Undefined variable $auction_data
in APPPATH/Controllers/Cart.php on line 428.
 1 APPPATH/Controllers/Cart.php(428): CodeIgniter\Debug\Exceptions->errorHandler(2, 'Undefined variable $auction_data', '/var/www/eazyhosting.in/public_html/api/app/Controllers/Cart.php', 428)
 2 SYSTEMPATH/CodeIgniter.php(941): App\Controllers\Cart->auctiongardenlist()
 3 SYSTEMPATH/CodeIgniter.php(502): CodeIgniter\CodeIgniter->runController(Object(App\Controllers\Cart))
 4 SYSTEMPATH/CodeIgniter.php(361): CodeIgniter\CodeIgniter->handleRequest(null, Object(Config\Cache), false)
 5 FCPATH/index.php(79): CodeIgniter\CodeIgniter->run()
ERROR - 2024-10-21 09:35:08 --> Auto bid only
ERROR - 2024-10-21 09:35:08 --> Auto bid only:2
ERROR - 2024-10-21 09:35:08 --> Manual bid only
ERROR - 2024-10-21 09:36:03 --> current items data:[{"id":"1","inward_invoice_id":"S1","inward_item_id":"6","auction_id":"1","grade_id":"4","lot_no":"1","lot_set":"1","auction_quantity":"10","sample_quantity":"2","auction_each_net":"17","base_price":"100","reverse_price":"105","high_price":"0","valuation_price":"110","last_sold_price":null,"status":"1","is_sold":"0","min_bid_added":"0","is_withdrawn":"0","created_at":"2024-10-21 08:44:26","updated_at":"2024-10-21 08:46:52","created_by":"5","updated_by":"5"},{"id":"2","inward_invoice_id":"S2","inward_item_id":"7","auction_id":"1","grade_id":"5","lot_no":"2","lot_set":"1","auction_quantity":"10","sample_quantity":"2","auction_each_net":"7","base_price":"100","reverse_price":"105","high_price":"0","valuation_price":"110","last_sold_price":null,"status":"1","is_sold":"0","min_bid_added":"0","is_withdrawn":"0","created_at":"2024-10-21 08:44:26","updated_at":"2024-10-21 08:46:52","created_by":"5","updated_by":"5"}], 2024-10-21 09:36:03
ERROR - 2024-10-21 09:36:03 --> Error code L001. auctionItemId:1, 2024-10-21 09:36:03
ERROR - 2024-10-21 09:36:03 --> bid calculation initiated auctionItemId:1, 1
ERROR - 2024-10-21 09:36:03 --> current items data:[{"id":"1","inward_invoice_id":"S1","inward_item_id":"6","auction_id":"1","grade_id":"4","lot_no":"1","lot_set":"1","auction_quantity":"10","sample_quantity":"2","auction_each_net":"17","base_price":"100","reverse_price":"105","high_price":"0","valuation_price":"110","last_sold_price":null,"status":"1","is_sold":"0","min_bid_added":"0","is_withdrawn":"0","created_at":"2024-10-21 08:44:26","updated_at":"2024-10-21 08:46:52","created_by":"5","updated_by":"5"},{"id":"2","inward_invoice_id":"S2","inward_item_id":"7","auction_id":"1","grade_id":"5","lot_no":"2","lot_set":"1","auction_quantity":"10","sample_quantity":"2","auction_each_net":"7","base_price":"100","reverse_price":"105","high_price":"0","valuation_price":"110","last_sold_price":null,"status":"1","is_sold":"0","min_bid_added":"0","is_withdrawn":"0","created_at":"2024-10-21 08:44:26","updated_at":"2024-10-21 08:46:52","created_by":"5","updated_by":"5"}], 2024-10-21 09:36:03
ERROR - 2024-10-21 09:36:03 --> bidding value array:{"id":"1","auction_item_id":"1","buyer_id":"5","bid_price":"101.00","sq":"1.000","bq":"1.000","bid_type":"1","created_at":"2024-10-21 09:35:08","updated_at":"2024-10-21 09:35:08"}
ERROR - 2024-10-21 09:36:03 --> Error code 001. HBP:101.00, HABP: 106, 2024-10-21 09:36:03
ERROR - 2024-10-21 09:36:03 --> Error code 002. HBP:101.00, RP: 105, 2024-10-21 09:36:03
ERROR - 2024-10-21 09:36:03 --> Error code L001. auctionItemId:1, 2024-10-21 09:36:03
ERROR - 2024-10-21 09:36:03 --> bid calculation initiated auctionItemId:1, 1
ERROR - 2024-10-21 09:36:03 --> bidding value array:{"id":"1","auction_item_id":"1","buyer_id":"5","bid_price":"101.00","sq":"1.000","bq":"1.000","bid_type":"1","created_at":"2024-10-21 09:35:08","updated_at":"2024-10-21 09:35:08"}
ERROR - 2024-10-21 09:36:03 --> Error code 001. HBP:101.00, HABP: 106, 2024-10-21 09:36:03
ERROR - 2024-10-21 09:36:03 --> Error code 002. HBP:101.00, RP: 105, 2024-10-21 09:36:03
ERROR - 2024-10-21 09:36:03 --> bid calculation Ended auctionItemId:1, 2024-10-21 09:36:03
ERROR - 2024-10-21 09:36:03 --> Error code L002. auctionItemId:1, 2024-10-21 09:36:03
ERROR - 2024-10-21 09:36:03 --> bid calculation Ended auctionItemId:1, 2024-10-21 09:36:03
ERROR - 2024-10-21 09:36:03 --> Error code L002. auctionItemId:1, 2024-10-21 09:36:03
ERROR - 2024-10-21 09:36:03 --> Error code L003. auctionItemId:1, 2024-10-21 09:36:03
ERROR - 2024-10-21 09:36:03 --> Error code L001. auctionItemId:2, 2024-10-21 09:36:03
ERROR - 2024-10-21 09:36:03 --> Error code L003. auctionItemId:1, 2024-10-21 09:36:03
ERROR - 2024-10-21 09:36:03 --> Error code L001. auctionItemId:2, 2024-10-21 09:36:03
ERROR - 2024-10-21 09:36:03 --> bid calculation initiated auctionItemId:2, 1
ERROR - 2024-10-21 09:36:03 --> bidding value array:{"id":"3","auction_item_id":"2","buyer_id":"5","bid_price":"130.00","sq":"1.000","bq":"1.000","bid_type":"0","created_at":"2024-10-21 09:35:22","updated_at":"2024-10-21 09:35:22"}
ERROR - 2024-10-21 09:36:03 --> Error code 006. HBP:130.00, HABP: 0, 2024-10-21 09:36:03
ERROR - 2024-10-21 09:36:03 --> bid calculation initiated auctionItemId:2, 1
ERROR - 2024-10-21 09:36:03 --> bid calculation Ended auctionItemId:2, 2024-10-21 09:36:03
ERROR - 2024-10-21 09:36:03 --> Error code L002. auctionItemId:2, 2024-10-21 09:36:03
ERROR - 2024-10-21 09:36:03 --> bidding value array:{"id":"3","auction_item_id":"2","buyer_id":"5","bid_price":"130.00","sq":"1.000","bq":"1.000","bid_type":"0","created_at":"2024-10-21 09:35:22","updated_at":"2024-10-21 09:35:22"}
ERROR - 2024-10-21 09:36:03 --> Error code 006. HBP:130.00, HABP: 0, 2024-10-21 09:36:03
ERROR - 2024-10-21 09:36:03 --> bid calculation Ended auctionItemId:2, 2024-10-21 09:36:03
ERROR - 2024-10-21 09:36:03 --> Error code L002. auctionItemId:2, 2024-10-21 09:36:03
ERROR - 2024-10-21 09:36:03 --> Error code L003. auctionItemId:2, 2024-10-21 09:36:03
ERROR - 2024-10-21 09:36:03 --> Error code L003. auctionItemId:2, 2024-10-21 09:36:03
ERROR - 2024-10-21 09:36:03 --> current items data:[], 2024-10-21 09:36:03
ERROR - 2024-10-21 09:36:04 --> current items data:[], 2024-10-21 09:36:04
ERROR - 2024-10-21 09:36:06 --> current items data:[], 2024-10-21 09:36:06
ERROR - 2024-10-21 09:36:08 --> Both manual and auto bids exist
ERROR - 2024-10-21 09:36:08 --> Both manual and auto bids exist
ERROR - 2024-10-21 09:36:08 --> Both manual and auto bids exist
ERROR - 2024-10-21 09:36:08 --> Both manual and auto bids exist
ERROR - 2024-10-21 09:36:08 --> current items data:[], 2024-10-21 09:36:08
ERROR - 2024-10-21 09:36:08 --> current items data:[], 2024-10-21 09:36:08
ERROR - 2024-10-21 09:36:08 --> current items data:[], 2024-10-21 09:36:08
ERROR - 2024-10-21 09:36:08 --> current items data:[], 2024-10-21 09:36:08
ERROR - 2024-10-21 09:36:08 --> current items data:[], 2024-10-21 09:36:08
ERROR - 2024-10-21 09:36:08 --> current items data:[], 2024-10-21 09:36:08
ERROR - 2024-10-21 09:37:04 --> current items data:[{"id":"3","inward_invoice_id":"S3","inward_item_id":"8","auction_id":"1","grade_id":"6","lot_no":"3","lot_set":"2","auction_quantity":"10","sample_quantity":"2","auction_each_net":"21","base_price":"100","reverse_price":"105","high_price":"0","valuation_price":"110","last_sold_price":null,"status":"1","is_sold":"0","min_bid_added":"0","is_withdrawn":"0","created_at":"2024-10-21 08:44:26","updated_at":"2024-10-21 08:46:52","created_by":"5","updated_by":"5"},{"id":"4","inward_invoice_id":"S4","inward_item_id":"9","auction_id":"1","grade_id":"8","lot_no":"4","lot_set":"2","auction_quantity":"10","sample_quantity":"2","auction_each_net":"11","base_price":"100","reverse_price":"105","high_price":"0","valuation_price":"110","last_sold_price":null,"status":"1","is_sold":"0","min_bid_added":"0","is_withdrawn":"0","created_at":"2024-10-21 08:44:26","updated_at":"2024-10-21 08:46:52","created_by":"5","updated_by":"5"}], 2024-10-21 09:37:04
ERROR - 2024-10-21 09:37:04 --> Error code L001. auctionItemId:3, 2024-10-21 09:37:04
ERROR - 2024-10-21 09:37:04 --> bid calculation initiated auctionItemId:3, 12
ERROR - 2024-10-21 09:37:04 --> bidding value array:{"id":"15","auction_item_id":"3","buyer_id":"14","bid_price":"198.00","sq":"1.000","bq":"1.000","bid_type":"1","created_at":"2024-10-21 09:36:47","updated_at":"2024-10-21 09:36:47"}
ERROR - 2024-10-21 09:37:04 --> Error code 001. HBP:198.00, HABP: 200, 2024-10-21 09:37:04
ERROR - 2024-10-21 09:37:04 --> Error code 003. HBP:198.00, RP: 105, 2024-10-21 09:37:04
ERROR - 2024-10-21 09:37:04 --> Error code 005. HBP:198.00, SLHABP: 197, 2024-10-21 09:37:04
ERROR - 2024-10-21 09:37:04 --> bid calculation Ended auctionItemId:3, 2024-10-21 09:37:04
ERROR - 2024-10-21 09:37:04 --> Error code L002. auctionItemId:3, 2024-10-21 09:37:04
ERROR - 2024-10-21 09:37:04 --> Error code L003. auctionItemId:3, 2024-10-21 09:37:04
ERROR - 2024-10-21 09:37:04 --> Error code L001. auctionItemId:4, 2024-10-21 09:37:04
ERROR - 2024-10-21 09:37:04 --> bid calculation initiated auctionItemId:4, 6
ERROR - 2024-10-21 09:37:04 --> bidding value array:{"id":"13","auction_item_id":"4","buyer_id":"15","bid_price":"195.00","sq":"1.000","bq":"1.000","bid_type":"1","created_at":"2024-10-21 09:36:36","updated_at":"2024-10-21 09:36:36"}
ERROR - 2024-10-21 09:37:04 --> Error code 001. HBP:195.00, HABP: 200, 2024-10-21 09:37:04
ERROR - 2024-10-21 09:37:04 --> Error code 003. HBP:195.00, RP: 105, 2024-10-21 09:37:04
ERROR - 2024-10-21 09:37:04 --> Error code 005. HBP:195.00, SLHABP: 194, 2024-10-21 09:37:04
ERROR - 2024-10-21 09:37:04 --> bid calculation Ended auctionItemId:4, 2024-10-21 09:37:04
ERROR - 2024-10-21 09:37:04 --> Error code L002. auctionItemId:4, 2024-10-21 09:37:04
ERROR - 2024-10-21 09:37:04 --> Error code L003. auctionItemId:4, 2024-10-21 09:37:04
ERROR - 2024-10-21 09:37:04 --> current items data:[], 2024-10-21 09:37:04
ERROR - 2024-10-21 09:37:04 --> current items data:[], 2024-10-21 09:37:04
ERROR - 2024-10-21 09:37:04 --> current items data:[], 2024-10-21 09:37:04
ERROR - 2024-10-21 09:37:04 --> current items data:[], 2024-10-21 09:37:04
ERROR - 2024-10-21 09:37:05 --> current items data:[], 2024-10-21 09:37:05
ERROR - 2024-10-21 09:37:08 --> Both manual and auto bids exist
ERROR - 2024-10-21 09:37:08 --> Both manual and auto bids exist
ERROR - 2024-10-21 09:37:08 --> Both manual and auto bids exist
ERROR - 2024-10-21 09:37:08 --> Both manual and auto bids exist
ERROR - 2024-10-21 09:37:09 --> current items data:[], 2024-10-21 09:37:09
ERROR - 2024-10-21 09:37:09 --> current items data:[], 2024-10-21 09:37:09
ERROR - 2024-10-21 09:37:09 --> current items data:[], 2024-10-21 09:37:09
ERROR - 2024-10-21 09:37:09 --> current items data:[], 2024-10-21 09:37:09
ERROR - 2024-10-21 09:37:09 --> current items data:[], 2024-10-21 09:37:09
ERROR - 2024-10-21 09:37:09 --> current items data:[], 2024-10-21 09:37:09
ERROR - 2024-10-21 09:38:04 --> current items data:[{"id":"5","inward_invoice_id":"S5","inward_item_id":"10","auction_id":"1","grade_id":"9","lot_no":"5","lot_set":"3","auction_quantity":"10","sample_quantity":"2","auction_each_net":"12","base_price":"100","reverse_price":"105","high_price":"0","valuation_price":"110","last_sold_price":null,"status":"1","is_sold":"0","min_bid_added":"0","is_withdrawn":"0","created_at":"2024-10-21 08:44:26","updated_at":"2024-10-21 08:46:52","created_by":"5","updated_by":"5"},{"id":"6","inward_invoice_id":"V2","inward_item_id":"2","auction_id":"1","grade_id":"5","lot_no":"6","lot_set":"3","auction_quantity":"10","sample_quantity":"2","auction_each_net":"13","base_price":"100","reverse_price":"105","high_price":"0","valuation_price":"110","last_sold_price":null,"status":"1","is_sold":"0","min_bid_added":"0","is_withdrawn":"0","created_at":"2024-10-21 08:44:26","updated_at":"2024-10-21 08:46:52","created_by":"5","updated_by":"5"}], 2024-10-21 09:38:04
ERROR - 2024-10-21 09:38:04 --> Error code L001. auctionItemId:5, 2024-10-21 09:38:04
ERROR - 2024-10-21 09:38:04 --> bid calculation initiated auctionItemId:5, 14
ERROR - 2024-10-21 09:38:04 --> bidding value array:{"id":"27","auction_item_id":"5","buyer_id":"5","bid_price":"201.00","sq":"1.000","bq":"1.000","bid_type":"1","created_at":"2024-10-21 09:37:49","updated_at":"2024-10-21 09:37:49"}
ERROR - 2024-10-21 09:38:04 --> Error code 001. HBP:201.00, HABP: 202, 2024-10-21 09:38:04
ERROR - 2024-10-21 09:38:04 --> Error code 003. HBP:201.00, RP: 105, 2024-10-21 09:38:04
ERROR - 2024-10-21 09:38:04 --> Error code 005. HBP:201.00, SLHABP: 200, 2024-10-21 09:38:04
ERROR - 2024-10-21 09:38:04 --> bid calculation Ended auctionItemId:5, 2024-10-21 09:38:04
ERROR - 2024-10-21 09:38:04 --> Error code L002. auctionItemId:5, 2024-10-21 09:38:04
ERROR - 2024-10-21 09:38:04 --> Error code L003. auctionItemId:5, 2024-10-21 09:38:04
ERROR - 2024-10-21 09:38:04 --> Error code L001. auctionItemId:6, 2024-10-21 09:38:04
ERROR - 2024-10-21 09:38:04 --> bid calculation initiated auctionItemId:6, 4
ERROR - 2024-10-21 09:38:04 --> bidding value array:{"id":"31","auction_item_id":"6","buyer_id":"6","bid_price":"142.00","sq":"1.000","bq":"1.000","bid_type":"1","created_at":"2024-10-21 09:38:02","updated_at":"2024-10-21 09:38:02"}
ERROR - 2024-10-21 09:38:04 --> Error code 007. HBP:142.00, HABP: 142, 2024-10-21 09:38:04
ERROR - 2024-10-21 09:38:04 --> bid calculation Ended auctionItemId:6, 2024-10-21 09:38:04
ERROR - 2024-10-21 09:38:04 --> Error code L002. auctionItemId:6, 2024-10-21 09:38:04
ERROR - 2024-10-21 09:38:04 --> Error code L003. auctionItemId:6, 2024-10-21 09:38:04
ERROR - 2024-10-21 09:38:05 --> current items data:[], 2024-10-21 09:38:05
ERROR - 2024-10-21 09:38:05 --> current items data:[], 2024-10-21 09:38:05
ERROR - 2024-10-21 09:38:05 --> current items data:[], 2024-10-21 09:38:05
ERROR - 2024-10-21 09:38:05 --> current items data:[], 2024-10-21 09:38:05
ERROR - 2024-10-21 09:38:05 --> current items data:[], 2024-10-21 09:38:05
ERROR - 2024-10-21 09:38:05 --> current items data:[], 2024-10-21 09:38:05
ERROR - 2024-10-21 09:38:05 --> current items data:[], 2024-10-21 09:38:05
ERROR - 2024-10-21 09:38:05 --> current items data:[], 2024-10-21 09:38:05
ERROR - 2024-10-21 09:38:05 --> Both manual and auto bids exist
ERROR - 2024-10-21 09:38:05 --> Both manual and auto bids exist
ERROR - 2024-10-21 09:38:05 --> current items data:[], 2024-10-21 09:38:05
ERROR - 2024-10-21 09:38:06 --> current items data:[], 2024-10-21 09:38:06
ERROR - 2024-10-21 09:38:06 --> current items data:[], 2024-10-21 09:38:06
ERROR - 2024-10-21 09:38:06 --> current items data:[], 2024-10-21 09:38:06
ERROR - 2024-10-21 09:39:06 --> current items data:[{"id":"7","inward_invoice_id":"V1","inward_item_id":"1","auction_id":"1","grade_id":"26","lot_no":"7","lot_set":"4","auction_quantity":"10","sample_quantity":"2","auction_each_net":"10","base_price":"100","reverse_price":"105","high_price":"0","valuation_price":"110","last_sold_price":null,"status":"1","is_sold":"0","min_bid_added":"0","is_withdrawn":"0","created_at":"2024-10-21 08:44:26","updated_at":"2024-10-21 08:46:52","created_by":"5","updated_by":"5"},{"id":"8","inward_invoice_id":"V4","inward_item_id":"4","auction_id":"1","grade_id":"7","lot_no":"8","lot_set":"4","auction_quantity":"10","sample_quantity":"2","auction_each_net":"2","base_price":"100","reverse_price":"105","high_price":"0","valuation_price":"110","last_sold_price":null,"status":"1","is_sold":"0","min_bid_added":"0","is_withdrawn":"0","created_at":"2024-10-21 08:44:26","updated_at":"2024-10-21 08:46:52","created_by":"5","updated_by":"5"}], 2024-10-21 09:39:06
ERROR - 2024-10-21 09:39:06 --> Error code L001. auctionItemId:7, 2024-10-21 09:39:06
ERROR - 2024-10-21 09:39:06 --> bid calculation initiated auctionItemId:7, 8
ERROR - 2024-10-21 09:39:06 --> bidding value array:{"id":"45","auction_item_id":"7","buyer_id":"18","bid_price":"140.00","sq":"1.000","bq":"1.000","bid_type":"1","created_at":"2024-10-21 09:38:49","updated_at":"2024-10-21 09:38:49"}
ERROR - 2024-10-21 09:39:06 --> Error code 001. HBP:140.00, HABP: 142, 2024-10-21 09:39:06
ERROR - 2024-10-21 09:39:06 --> Error code 003. HBP:140.00, RP: 105, 2024-10-21 09:39:06
ERROR - 2024-10-21 09:39:06 --> Error code 005. HBP:140.00, SLHABP: 139, 2024-10-21 09:39:06
ERROR - 2024-10-21 09:39:06 --> bid calculation Ended auctionItemId:7, 2024-10-21 09:39:06
ERROR - 2024-10-21 09:39:06 --> Error code L002. auctionItemId:7, 2024-10-21 09:39:06
ERROR - 2024-10-21 09:39:06 --> Error code L003. auctionItemId:7, 2024-10-21 09:39:06
ERROR - 2024-10-21 09:39:06 --> Error code L001. auctionItemId:8, 2024-10-21 09:39:06
ERROR - 2024-10-21 09:39:06 --> bid calculation initiated auctionItemId:8, 13
ERROR - 2024-10-21 09:39:06 --> bidding value array:{"id":"51","auction_item_id":"8","buyer_id":"7","bid_price":"147.00","sq":"1.000","bq":"1.000","bid_type":"1","created_at":"2024-10-21 09:39:01","updated_at":"2024-10-21 09:39:01"}
ERROR - 2024-10-21 09:39:06 --> Error code 001. HBP:147.00, HABP: 150, 2024-10-21 09:39:06
ERROR - 2024-10-21 09:39:06 --> Error code 003. HBP:147.00, RP: 105, 2024-10-21 09:39:06
ERROR - 2024-10-21 09:39:06 --> Error code 005. HBP:147.00, SLHABP: 146, 2024-10-21 09:39:06
ERROR - 2024-10-21 09:39:06 --> bid calculation Ended auctionItemId:8, 2024-10-21 09:39:06
ERROR - 2024-10-21 09:39:06 --> Error code L002. auctionItemId:8, 2024-10-21 09:39:06
ERROR - 2024-10-21 09:39:06 --> Error code L003. auctionItemId:8, 2024-10-21 09:39:06
ERROR - 2024-10-21 09:39:06 --> current items data:[], 2024-10-21 09:39:06
ERROR - 2024-10-21 09:39:06 --> current items data:[], 2024-10-21 09:39:06
ERROR - 2024-10-21 09:39:06 --> current items data:[], 2024-10-21 09:39:06
ERROR - 2024-10-21 09:39:06 --> current items data:[], 2024-10-21 09:39:06
ERROR - 2024-10-21 09:39:06 --> current items data:[], 2024-10-21 09:39:06
ERROR - 2024-10-21 09:39:06 --> current items data:[], 2024-10-21 09:39:06
ERROR - 2024-10-21 09:39:06 --> current items data:[], 2024-10-21 09:39:06
ERROR - 2024-10-21 09:39:07 --> current items data:[], 2024-10-21 09:39:07
ERROR - 2024-10-21 09:39:07 --> current items data:[], 2024-10-21 09:39:07
ERROR - 2024-10-21 09:39:07 --> current items data:[], 2024-10-21 09:39:07
ERROR - 2024-10-21 09:39:07 --> current items data:[], 2024-10-21 09:39:07
ERROR - 2024-10-21 09:39:07 --> current items data:[], 2024-10-21 09:39:07
ERROR - 2024-10-21 09:39:07 --> Both manual and auto bids exist
ERROR - 2024-10-21 09:39:07 --> Both manual and auto bids exist
ERROR - 2024-10-21 09:40:07 --> current items data:[{"id":"9","inward_invoice_id":"V3","inward_item_id":"3","auction_id":"1","grade_id":"9","lot_no":"9","lot_set":"5","auction_quantity":"10","sample_quantity":"2","auction_each_net":"9","base_price":"100","reverse_price":"105","high_price":"0","valuation_price":"110","last_sold_price":null,"status":"1","is_sold":"0","min_bid_added":"0","is_withdrawn":"0","created_at":"2024-10-21 08:44:26","updated_at":"2024-10-21 08:46:52","created_by":"5","updated_by":"5"},{"id":"10","inward_invoice_id":"V5","inward_item_id":"5","auction_id":"1","grade_id":"11","lot_no":"10","lot_set":"5","auction_quantity":"10","sample_quantity":"2","auction_each_net":"15","base_price":"100","reverse_price":"105","high_price":"0","valuation_price":"110","last_sold_price":null,"status":"1","is_sold":"0","min_bid_added":"0","is_withdrawn":"0","created_at":"2024-10-21 08:44:26","updated_at":"2024-10-21 08:46:52","created_by":"5","updated_by":"5"}], 2024-10-21 09:40:07
ERROR - 2024-10-21 09:40:07 --> Error code L001. auctionItemId:9, 2024-10-21 09:40:07
ERROR - 2024-10-21 09:40:07 --> bid calculation initiated auctionItemId:9, 10
ERROR - 2024-10-21 09:40:07 --> bidding value array:{"id":"64","auction_item_id":"9","buyer_id":"4","bid_price":"170.00","sq":"1.000","bq":"1.000","bid_type":"1","created_at":"2024-10-21 09:39:49","updated_at":"2024-10-21 09:39:49"}
ERROR - 2024-10-21 09:40:07 --> Error code 007. HBP:170.00, HABP: 170, 2024-10-21 09:40:07
ERROR - 2024-10-21 09:40:07 --> bid calculation Ended auctionItemId:9, 2024-10-21 09:40:07
ERROR - 2024-10-21 09:40:07 --> Error code L002. auctionItemId:9, 2024-10-21 09:40:07
ERROR - 2024-10-21 09:40:07 --> Error code L003. auctionItemId:9, 2024-10-21 09:40:07
ERROR - 2024-10-21 09:40:07 --> Error code L001. auctionItemId:10, 2024-10-21 09:40:07
ERROR - 2024-10-21 09:40:07 --> bid calculation initiated auctionItemId:10, 7
ERROR - 2024-10-21 09:40:07 --> bidding value array:{"id":"68","auction_item_id":"10","buyer_id":"18","bid_price":"155.00","sq":"1.000","bq":"1.000","bid_type":"1","created_at":"2024-10-21 09:40:04","updated_at":"2024-10-21 09:40:04"}
ERROR - 2024-10-21 09:40:07 --> Error code 001. HBP:155.00, HABP: 158, 2024-10-21 09:40:07
ERROR - 2024-10-21 09:40:07 --> Error code 003. HBP:155.00, RP: 105, 2024-10-21 09:40:07
ERROR - 2024-10-21 09:40:07 --> Error code 005. HBP:155.00, SLHABP: 154, 2024-10-21 09:40:07
ERROR - 2024-10-21 09:40:07 --> bid calculation Ended auctionItemId:10, 2024-10-21 09:40:07
ERROR - 2024-10-21 09:40:07 --> Error code L002. auctionItemId:10, 2024-10-21 09:40:07
ERROR - 2024-10-21 09:40:07 --> Error code L003. auctionItemId:10, 2024-10-21 09:40:07
ERROR - 2024-10-21 09:40:07 --> current items data:[], 2024-10-21 09:40:07
ERROR - 2024-10-21 09:40:07 --> current items data:[], 2024-10-21 09:40:07
ERROR - 2024-10-21 09:40:07 --> current items data:[], 2024-10-21 09:40:07
ERROR - 2024-10-21 09:40:07 --> current items data:[], 2024-10-21 09:40:07
ERROR - 2024-10-21 09:40:07 --> current items data:[], 2024-10-21 09:40:07
ERROR - 2024-10-21 09:40:08 --> current items data:[], 2024-10-21 09:40:08
ERROR - 2024-10-21 09:40:08 --> current items data:[], 2024-10-21 09:40:08
ERROR - 2024-10-21 09:40:08 --> current items data:[], 2024-10-21 09:40:08
ERROR - 2024-10-21 09:40:08 --> current items data:[], 2024-10-21 09:40:08
ERROR - 2024-10-21 09:40:08 --> current items data:[], 2024-10-21 09:40:08
ERROR - 2024-10-21 09:40:08 --> current items data:[], 2024-10-21 09:40:08
ERROR - 2024-10-21 09:40:08 --> current items data:[], 2024-10-21 09:40:08
ERROR - 2024-10-21 09:40:08 --> Both manual and auto bids exist
ERROR - 2024-10-21 09:40:11 --> current items data:[], 2024-10-21 09:40:11
ERROR - 2024-10-21 09:41:07 --> current items data:[{"id":"11","inward_invoice_id":"E1","inward_item_id":"53","auction_id":"1","grade_id":"4","lot_no":"11","lot_set":"6","auction_quantity":"10","sample_quantity":"2","auction_each_net":"15","base_price":"100","reverse_price":"105","high_price":"0","valuation_price":"110","last_sold_price":null,"status":"1","is_sold":"0","min_bid_added":"0","is_withdrawn":"0","created_at":"2024-10-21 08:44:26","updated_at":"2024-10-21 08:46:52","created_by":"5","updated_by":"5"},{"id":"12","inward_invoice_id":"E2","inward_item_id":"54","auction_id":"1","grade_id":"5","lot_no":"12","lot_set":"6","auction_quantity":"10","sample_quantity":"2","auction_each_net":"35","base_price":"100","reverse_price":"105","high_price":"0","valuation_price":"110","last_sold_price":null,"status":"1","is_sold":"0","min_bid_added":"0","is_withdrawn":"0","created_at":"2024-10-21 08:44:26","updated_at":"2024-10-21 08:46:52","created_by":"5","updated_by":"5"}], 2024-10-21 09:41:07
ERROR - 2024-10-21 09:41:07 --> Error code L001. auctionItemId:11, 2024-10-21 09:41:07
ERROR - 2024-10-21 09:41:07 --> bid calculation initiated auctionItemId:11, 8
ERROR - 2024-10-21 09:41:07 --> bidding value array:{"id":"72","auction_item_id":"11","buyer_id":"13","bid_price":"152.00","sq":"1.000","bq":"1.000","bid_type":"1","created_at":"2024-10-21 09:40:24","updated_at":"2024-10-21 09:40:24"}
ERROR - 2024-10-21 09:41:07 --> Error code 007. HBP:152.00, HABP: 152, 2024-10-21 09:41:07
ERROR - 2024-10-21 09:41:07 --> bid calculation Ended auctionItemId:11, 2024-10-21 09:41:07
ERROR - 2024-10-21 09:41:07 --> Error code L002. auctionItemId:11, 2024-10-21 09:41:07
ERROR - 2024-10-21 09:41:07 --> Error code L003. auctionItemId:11, 2024-10-21 09:41:07
ERROR - 2024-10-21 09:41:07 --> Error code L001. auctionItemId:12, 2024-10-21 09:41:07
ERROR - 2024-10-21 09:41:07 --> bid calculation initiated auctionItemId:12, 0
ERROR - 2024-10-21 09:41:07 --> bid calculation Ended auctionItemId:12, 2024-10-21 09:41:07
ERROR - 2024-10-21 09:41:07 --> Error code L002. auctionItemId:12, 2024-10-21 09:41:07
ERROR - 2024-10-21 09:41:07 --> Error code L003. auctionItemId:12, 2024-10-21 09:41:07
ERROR - 2024-10-21 09:41:08 --> current items data:[], 2024-10-21 09:41:08
ERROR - 2024-10-21 09:41:08 --> current items data:[], 2024-10-21 09:41:08
ERROR - 2024-10-21 09:41:08 --> current items data:[], 2024-10-21 09:41:08
ERROR - 2024-10-21 09:41:08 --> current items data:[], 2024-10-21 09:41:08
ERROR - 2024-10-21 09:41:09 --> current items data:[], 2024-10-21 09:41:09
ERROR - 2024-10-21 09:41:09 --> Auto bid only
ERROR - 2024-10-21 09:41:09 --> Auto bid only:2
ERROR - 2024-10-21 09:41:09 --> Both manual and auto bids exist
ERROR - 2024-10-21 09:41:13 --> current items data:[], 2024-10-21 09:41:13
ERROR - 2024-10-21 09:41:13 --> current items data:[], 2024-10-21 09:41:13
ERROR - 2024-10-21 09:41:13 --> current items data:[], 2024-10-21 09:41:13
ERROR - 2024-10-21 09:41:13 --> current items data:[], 2024-10-21 09:41:13
ERROR - 2024-10-21 09:41:13 --> current items data:[], 2024-10-21 09:41:13
ERROR - 2024-10-21 09:41:13 --> current items data:[], 2024-10-21 09:41:13
ERROR - 2024-10-21 09:41:13 --> current items data:[], 2024-10-21 09:41:13
ERROR - 2024-10-21 09:41:13 --> current items data:[], 2024-10-21 09:41:13
ERROR - 2024-10-21 09:42:09 --> current items data:[{"id":"13","inward_invoice_id":"E10","inward_item_id":"62","auction_id":"1","grade_id":"26","lot_no":"13","lot_set":"7","auction_quantity":"10","sample_quantity":"2","auction_each_net":"35","base_price":"100","reverse_price":"105","high_price":"0","valuation_price":"110","last_sold_price":null,"status":"1","is_sold":"0","min_bid_added":"0","is_withdrawn":"0","created_at":"2024-10-21 08:44:26","updated_at":"2024-10-21 08:46:52","created_by":"5","updated_by":"5"},{"id":"14","inward_invoice_id":"E11","inward_item_id":"63","auction_id":"1","grade_id":"6","lot_no":"14","lot_set":"7","auction_quantity":"10","sample_quantity":"2","auction_each_net":"25","base_price":"100","reverse_price":"105","high_price":"0","valuation_price":"110","last_sold_price":null,"status":"1","is_sold":"0","min_bid_added":"0","is_withdrawn":"0","created_at":"2024-10-21 08:44:26","updated_at":"2024-10-21 08:46:52","created_by":"5","updated_by":"5"}], 2024-10-21 09:42:09
ERROR - 2024-10-21 09:42:09 --> Error code L001. auctionItemId:13, 2024-10-21 09:42:09
ERROR - 2024-10-21 09:42:09 --> bid calculation initiated auctionItemId:13, 1
ERROR - 2024-10-21 09:42:09 --> bidding value array:{"id":"73","auction_item_id":"13","buyer_id":"5","bid_price":"101.00","sq":"1.000","bq":"1.000","bid_type":"1","created_at":"2024-10-21 09:41:09","updated_at":"2024-10-21 09:41:09"}
ERROR - 2024-10-21 09:42:09 --> Error code 001. HBP:101.00, HABP: 108, 2024-10-21 09:42:09
ERROR - 2024-10-21 09:42:09 --> Error code 002. HBP:101.00, RP: 105, 2024-10-21 09:42:09
ERROR - 2024-10-21 09:42:09 --> bid calculation Ended auctionItemId:13, 2024-10-21 09:42:09
ERROR - 2024-10-21 09:42:09 --> Error code L002. auctionItemId:13, 2024-10-21 09:42:09
ERROR - 2024-10-21 09:42:09 --> Error code L003. auctionItemId:13, 2024-10-21 09:42:09
ERROR - 2024-10-21 09:42:09 --> Error code L001. auctionItemId:14, 2024-10-21 09:42:09
ERROR - 2024-10-21 09:42:09 --> bid calculation initiated auctionItemId:14, 8
ERROR - 2024-10-21 09:42:09 --> bidding value array:{"id":"87","auction_item_id":"14","buyer_id":"6","bid_price":"170.00","sq":"1.000","bq":"1.000","bid_type":"1","created_at":"2024-10-21 09:41:59","updated_at":"2024-10-21 09:41:59"}
ERROR - 2024-10-21 09:42:09 --> Error code 007. HBP:170.00, HABP: 170, 2024-10-21 09:42:09
ERROR - 2024-10-21 09:42:09 --> bid calculation Ended auctionItemId:14, 2024-10-21 09:42:09
ERROR - 2024-10-21 09:42:09 --> Error code L002. auctionItemId:14, 2024-10-21 09:42:09
ERROR - 2024-10-21 09:42:09 --> Error code L003. auctionItemId:14, 2024-10-21 09:42:09
ERROR - 2024-10-21 09:42:09 --> current items data:[], 2024-10-21 09:42:09
ERROR - 2024-10-21 09:42:09 --> current items data:[], 2024-10-21 09:42:09
ERROR - 2024-10-21 09:42:09 --> current items data:[], 2024-10-21 09:42:09
ERROR - 2024-10-21 09:42:09 --> current items data:[], 2024-10-21 09:42:09
ERROR - 2024-10-21 09:42:09 --> current items data:[], 2024-10-21 09:42:09
ERROR - 2024-10-21 09:42:09 --> current items data:[], 2024-10-21 09:42:09
ERROR - 2024-10-21 09:42:10 --> current items data:[], 2024-10-21 09:42:10
ERROR - 2024-10-21 09:42:10 --> current items data:[], 2024-10-21 09:42:10
ERROR - 2024-10-21 09:42:10 --> current items data:[], 2024-10-21 09:42:10
ERROR - 2024-10-21 09:42:10 --> current items data:[], 2024-10-21 09:42:10
ERROR - 2024-10-21 09:42:10 --> Both manual and auto bids exist
ERROR - 2024-10-21 09:42:10 --> Both manual and auto bids exist
ERROR - 2024-10-21 09:42:10 --> current items data:[], 2024-10-21 09:42:10
ERROR - 2024-10-21 09:42:10 --> current items data:[], 2024-10-21 09:42:10
ERROR - 2024-10-21 09:42:12 --> current items data:[], 2024-10-21 09:42:12
ERROR - 2024-10-21 09:42:50 --> current items data:[], 2024-10-21 09:42:50
ERROR - 2024-10-21 09:43:09 --> current items data:[{"id":"15","inward_invoice_id":"E3","inward_item_id":"55","auction_id":"1","grade_id":"6","lot_no":"15","lot_set":"8","auction_quantity":"10","sample_quantity":"2","auction_each_net":"30","base_price":"100","reverse_price":"105","high_price":"0","valuation_price":"110","last_sold_price":null,"status":"1","is_sold":"0","min_bid_added":"0","is_withdrawn":"0","created_at":"2024-10-21 08:44:26","updated_at":"2024-10-21 08:46:52","created_by":"5","updated_by":"5"},{"id":"16","inward_invoice_id":"E4","inward_item_id":"56","auction_id":"1","grade_id":"7","lot_no":"16","lot_set":"8","auction_quantity":"10","sample_quantity":"2","auction_each_net":"25","base_price":"100","reverse_price":"105","high_price":"0","valuation_price":"110","last_sold_price":null,"status":"1","is_sold":"0","min_bid_added":"0","is_withdrawn":"0","created_at":"2024-10-21 08:44:27","updated_at":"2024-10-21 08:46:52","created_by":"5","updated_by":"5"}], 2024-10-21 09:43:09
ERROR - 2024-10-21 09:43:09 --> Error code L001. auctionItemId:15, 2024-10-21 09:43:09
ERROR - 2024-10-21 09:43:09 --> bid calculation initiated auctionItemId:15, 6
ERROR - 2024-10-21 09:43:09 --> bidding value array:{"id":"92","auction_item_id":"15","buyer_id":"13","bid_price":"151.00","sq":"1.000","bq":"1.000","bid_type":"0","created_at":"2024-10-21 09:42:23","updated_at":"2024-10-21 09:42:23"}
ERROR - 2024-10-21 09:43:09 --> Error code 006. HBP:151.00, HABP: 110, 2024-10-21 09:43:09
ERROR - 2024-10-21 09:43:09 --> bid calculation Ended auctionItemId:15, 2024-10-21 09:43:09
ERROR - 2024-10-21 09:43:09 --> Error code L002. auctionItemId:15, 2024-10-21 09:43:09
ERROR - 2024-10-21 09:43:09 --> Error code L003. auctionItemId:15, 2024-10-21 09:43:09
ERROR - 2024-10-21 09:43:09 --> Error code L001. auctionItemId:16, 2024-10-21 09:43:09
ERROR - 2024-10-21 09:43:09 --> bid calculation initiated auctionItemId:16, 8
ERROR - 2024-10-21 09:43:09 --> bidding value array:{"id":"95","auction_item_id":"16","buyer_id":"18","bid_price":"160.00","sq":"1.000","bq":"1.000","bid_type":"1","created_at":"2024-10-21 09:42:54","updated_at":"2024-10-21 09:42:54"}
ERROR - 2024-10-21 09:43:09 --> Error code 001. HBP:160.00, HABP: 163, 2024-10-21 09:43:09
ERROR - 2024-10-21 09:43:09 --> Error code 003. HBP:160.00, RP: 105, 2024-10-21 09:43:09
ERROR - 2024-10-21 09:43:09 --> Error code 005. HBP:160.00, SLHABP: 122, 2024-10-21 09:43:09
ERROR - 2024-10-21 09:43:09 --> bid calculation Ended auctionItemId:16, 2024-10-21 09:43:09
ERROR - 2024-10-21 09:43:09 --> Error code L002. auctionItemId:16, 2024-10-21 09:43:09
ERROR - 2024-10-21 09:43:09 --> Error code L003. auctionItemId:16, 2024-10-21 09:43:09
ERROR - 2024-10-21 09:43:10 --> current items data:[], 2024-10-21 09:43:10
ERROR - 2024-10-21 09:43:10 --> current items data:[], 2024-10-21 09:43:10
ERROR - 2024-10-21 09:43:10 --> current items data:[], 2024-10-21 09:43:10
ERROR - 2024-10-21 09:43:10 --> current items data:[], 2024-10-21 09:43:10
ERROR - 2024-10-21 09:43:10 --> current items data:[], 2024-10-21 09:43:10
ERROR - 2024-10-21 09:43:10 --> current items data:[], 2024-10-21 09:43:10
ERROR - 2024-10-21 09:43:10 --> current items data:[], 2024-10-21 09:43:10
ERROR - 2024-10-21 09:43:11 --> current items data:[], 2024-10-21 09:43:11
ERROR - 2024-10-21 09:43:14 --> Both manual and auto bids exist
ERROR - 2024-10-21 09:43:14 --> Both manual and auto bids exist
ERROR - 2024-10-21 09:43:14 --> Both manual and auto bids exist
ERROR - 2024-10-21 09:43:14 --> Both manual and auto bids exist
ERROR - 2024-10-21 09:43:14 --> Both manual and auto bids exist
ERROR - 2024-10-21 09:43:14 --> Both manual and auto bids exist
ERROR - 2024-10-21 09:43:14 --> Both manual and auto bids exist
ERROR - 2024-10-21 09:43:14 --> Both manual and auto bids exist
ERROR - 2024-10-21 09:43:14 --> current items data:[], 2024-10-21 09:43:14
ERROR - 2024-10-21 09:43:15 --> current items data:[], 2024-10-21 09:43:15
ERROR - 2024-10-21 09:43:15 --> current items data:[], 2024-10-21 09:43:15
ERROR - 2024-10-21 09:43:15 --> current items data:[], 2024-10-21 09:43:15
ERROR - 2024-10-21 09:43:15 --> current items data:[], 2024-10-21 09:43:15
ERROR - 2024-10-21 09:43:53 --> current items data:[{"id":"17","inward_invoice_id":"E5","inward_item_id":"57","auction_id":"1","grade_id":"8","lot_no":"17","lot_set":"9","auction_quantity":"10","sample_quantity":"2","auction_each_net":"15","base_price":"100","reverse_price":"105","high_price":"0","valuation_price":"110","last_sold_price":null,"status":"1","is_sold":"0","min_bid_added":"0","is_withdrawn":"0","created_at":"2024-10-21 08:44:27","updated_at":"2024-10-21 08:46:52","created_by":"5","updated_by":"5"},{"id":"18","inward_invoice_id":"E12","inward_item_id":"64","auction_id":"1","grade_id":"9","lot_no":"18","lot_set":"9","auction_quantity":"10","sample_quantity":"2","auction_each_net":"35","base_price":"100","reverse_price":"105","high_price":"0","valuation_price":"110","last_sold_price":null,"status":"1","is_sold":"0","min_bid_added":"0","is_withdrawn":"0","created_at":"2024-10-21 08:44:27","updated_at":"2024-10-21 08:46:52","created_by":"5","updated_by":"5"}], 2024-10-21 09:43:53
ERROR - 2024-10-21 09:43:53 --> Error code L001. auctionItemId:17, 2024-10-21 09:43:53
ERROR - 2024-10-21 09:43:53 --> current items data:[{"id":"17","inward_invoice_id":"E5","inward_item_id":"57","auction_id":"1","grade_id":"8","lot_no":"17","lot_set":"9","auction_quantity":"10","sample_quantity":"2","auction_each_net":"15","base_price":"100","reverse_price":"105","high_price":"0","valuation_price":"110","last_sold_price":null,"status":"1","is_sold":"0","min_bid_added":"0","is_withdrawn":"0","created_at":"2024-10-21 08:44:27","updated_at":"2024-10-21 08:46:52","created_by":"5","updated_by":"5"},{"id":"18","inward_invoice_id":"E12","inward_item_id":"64","auction_id":"1","grade_id":"9","lot_no":"18","lot_set":"9","auction_quantity":"10","sample_quantity":"2","auction_each_net":"35","base_price":"100","reverse_price":"105","high_price":"0","valuation_price":"110","last_sold_price":null,"status":"1","is_sold":"0","min_bid_added":"0","is_withdrawn":"0","created_at":"2024-10-21 08:44:27","updated_at":"2024-10-21 08:46:52","created_by":"5","updated_by":"5"}], 2024-10-21 09:43:53
ERROR - 2024-10-21 09:43:53 --> Error code L001. auctionItemId:17, 2024-10-21 09:43:53
ERROR - 2024-10-21 09:43:53 --> bid calculation initiated auctionItemId:17, 12
ERROR - 2024-10-21 09:43:53 --> current items data:[{"id":"17","inward_invoice_id":"E5","inward_item_id":"57","auction_id":"1","grade_id":"8","lot_no":"17","lot_set":"9","auction_quantity":"10","sample_quantity":"2","auction_each_net":"15","base_price":"100","reverse_price":"105","high_price":"0","valuation_price":"110","last_sold_price":null,"status":"1","is_sold":"0","min_bid_added":"0","is_withdrawn":"0","created_at":"2024-10-21 08:44:27","updated_at":"2024-10-21 08:46:52","created_by":"5","updated_by":"5"},{"id":"18","inward_invoice_id":"E12","inward_item_id":"64","auction_id":"1","grade_id":"9","lot_no":"18","lot_set":"9","auction_quantity":"10","sample_quantity":"2","auction_each_net":"35","base_price":"100","reverse_price":"105","high_price":"0","valuation_price":"110","last_sold_price":null,"status":"1","is_sold":"0","min_bid_added":"0","is_withdrawn":"0","created_at":"2024-10-21 08:44:27","updated_at":"2024-10-21 08:46:52","created_by":"5","updated_by":"5"}], 2024-10-21 09:43:53
ERROR - 2024-10-21 09:43:53 --> bid calculation initiated auctionItemId:17, 12
ERROR - 2024-10-21 09:43:53 --> bidding value array:{"id":"96","auction_item_id":"17","buyer_id":"11","bid_price":"153.00","sq":"1.000","bq":"1.000","bid_type":"0","created_at":"2024-10-21 09:43:14","updated_at":"2024-10-21 09:43:14"}
ERROR - 2024-10-21 09:43:53 --> Error code 006. HBP:153.00, HABP: 124, 2024-10-21 09:43:53
ERROR - 2024-10-21 09:43:53 --> Error code L001. auctionItemId:17, 2024-10-21 09:43:53
ERROR - 2024-10-21 09:43:53 --> bidding value array:{"id":"96","auction_item_id":"17","buyer_id":"11","bid_price":"153.00","sq":"1.000","bq":"1.000","bid_type":"0","created_at":"2024-10-21 09:43:14","updated_at":"2024-10-21 09:43:14"}
ERROR - 2024-10-21 09:43:53 --> Error code 006. HBP:153.00, HABP: 124, 2024-10-21 09:43:53
ERROR - 2024-10-21 09:43:53 --> bid calculation Ended auctionItemId:17, 2024-10-21 09:43:53
ERROR - 2024-10-21 09:43:53 --> Error code L002. auctionItemId:17, 2024-10-21 09:43:53
ERROR - 2024-10-21 09:43:53 --> bid calculation Ended auctionItemId:17, 2024-10-21 09:43:53
ERROR - 2024-10-21 09:43:53 --> Error code L002. auctionItemId:17, 2024-10-21 09:43:53
ERROR - 2024-10-21 09:43:53 --> bid calculation initiated auctionItemId:17, 12
ERROR - 2024-10-21 09:43:53 --> bidding value array:{"id":"96","auction_item_id":"17","buyer_id":"11","bid_price":"153.00","sq":"1.000","bq":"1.000","bid_type":"0","created_at":"2024-10-21 09:43:14","updated_at":"2024-10-21 09:43:14"}
ERROR - 2024-10-21 09:43:53 --> Error code 006. HBP:153.00, HABP: 124, 2024-10-21 09:43:53
ERROR - 2024-10-21 09:43:53 --> bid calculation Ended auctionItemId:17, 2024-10-21 09:43:53
ERROR - 2024-10-21 09:43:53 --> Error code L002. auctionItemId:17, 2024-10-21 09:43:53
ERROR - 2024-10-21 09:43:53 --> Error code L003. auctionItemId:17, 2024-10-21 09:43:53
ERROR - 2024-10-21 09:43:53 --> Error code L001. auctionItemId:18, 2024-10-21 09:43:53
ERROR - 2024-10-21 09:43:53 --> Error code L003. auctionItemId:17, 2024-10-21 09:43:53
ERROR - 2024-10-21 09:43:53 --> Error code L001. auctionItemId:18, 2024-10-21 09:43:53
ERROR - 2024-10-21 09:43:53 --> bid calculation initiated auctionItemId:18, 7
ERROR - 2024-10-21 09:43:53 --> bid calculation initiated auctionItemId:18, 7
ERROR - 2024-10-21 09:43:53 --> bidding value array:{"id":"106","auction_item_id":"18","buyer_id":"13","bid_price":"134.00","sq":"1.000","bq":"1.000","bid_type":"1","created_at":"2024-10-21 09:43:46","updated_at":"2024-10-21 09:43:46"}
ERROR - 2024-10-21 09:43:53 --> Error code 001. HBP:134.00, HABP: 145, 2024-10-21 09:43:53
ERROR - 2024-10-21 09:43:53 --> Error code 003. HBP:134.00, RP: 105, 2024-10-21 09:43:53
ERROR - 2024-10-21 09:43:53 --> Error code 005. HBP:134.00, SLHABP: 118, 2024-10-21 09:43:53
ERROR - 2024-10-21 09:43:53 --> Error code L003. auctionItemId:17, 2024-10-21 09:43:53
ERROR - 2024-10-21 09:43:53 --> Error code L001. auctionItemId:18, 2024-10-21 09:43:53
ERROR - 2024-10-21 09:43:53 --> bidding value array:{"id":"106","auction_item_id":"18","buyer_id":"13","bid_price":"134.00","sq":"1.000","bq":"1.000","bid_type":"1","created_at":"2024-10-21 09:43:46","updated_at":"2024-10-21 09:43:46"}
ERROR - 2024-10-21 09:43:53 --> Error code 001. HBP:134.00, HABP: 145, 2024-10-21 09:43:53
ERROR - 2024-10-21 09:43:53 --> Error code 003. HBP:134.00, RP: 105, 2024-10-21 09:43:53
ERROR - 2024-10-21 09:43:53 --> Error code 005. HBP:134.00, SLHABP: 118, 2024-10-21 09:43:53
ERROR - 2024-10-21 09:43:53 --> bid calculation Ended auctionItemId:18, 2024-10-21 09:43:53
ERROR - 2024-10-21 09:43:53 --> Error code L002. auctionItemId:18, 2024-10-21 09:43:53
ERROR - 2024-10-21 09:43:53 --> bid calculation Ended auctionItemId:18, 2024-10-21 09:43:53
ERROR - 2024-10-21 09:43:53 --> Error code L002. auctionItemId:18, 2024-10-21 09:43:53
ERROR - 2024-10-21 09:43:53 --> bid calculation initiated auctionItemId:18, 7
ERROR - 2024-10-21 09:43:53 --> bidding value array:{"id":"106","auction_item_id":"18","buyer_id":"13","bid_price":"134.00","sq":"1.000","bq":"1.000","bid_type":"1","created_at":"2024-10-21 09:43:46","updated_at":"2024-10-21 09:43:46"}
ERROR - 2024-10-21 09:43:53 --> Error code 001. HBP:134.00, HABP: 145, 2024-10-21 09:43:53
ERROR - 2024-10-21 09:43:53 --> Error code 003. HBP:134.00, RP: 105, 2024-10-21 09:43:53
ERROR - 2024-10-21 09:43:53 --> Error code 005. HBP:134.00, SLHABP: 118, 2024-10-21 09:43:53
ERROR - 2024-10-21 09:43:53 --> bid calculation Ended auctionItemId:18, 2024-10-21 09:43:53
ERROR - 2024-10-21 09:43:53 --> Error code L002. auctionItemId:18, 2024-10-21 09:43:53
ERROR - 2024-10-21 09:43:53 --> Error code L003. auctionItemId:18, 2024-10-21 09:43:53
ERROR - 2024-10-21 09:43:53 --> Error code L003. auctionItemId:18, 2024-10-21 09:43:53
ERROR - 2024-10-21 09:43:53 --> Error code L003. auctionItemId:18, 2024-10-21 09:43:53
ERROR - 2024-10-21 09:43:53 --> current items data:[], 2024-10-21 09:43:53
ERROR - 2024-10-21 09:43:53 --> current items data:[], 2024-10-21 09:43:53
ERROR - 2024-10-21 09:43:53 --> current items data:[], 2024-10-21 09:43:53
ERROR - 2024-10-21 09:43:53 --> current items data:[], 2024-10-21 09:43:53
ERROR - 2024-10-21 09:43:54 --> current items data:[], 2024-10-21 09:43:54
ERROR - 2024-10-21 09:43:54 --> current items data:[], 2024-10-21 09:43:54
ERROR - 2024-10-21 09:43:54 --> current items data:[], 2024-10-21 09:43:54
ERROR - 2024-10-21 09:43:54 --> Both manual and auto bids exist
ERROR - 2024-10-21 09:43:54 --> Both manual and auto bids exist
ERROR - 2024-10-21 09:43:56 --> current items data:[], 2024-10-21 09:43:56
ERROR - 2024-10-21 09:44:14 --> current items data:[], 2024-10-21 09:44:14
ERROR - 2024-10-21 09:44:14 --> current items data:[], 2024-10-21 09:44:14
ERROR - 2024-10-21 09:44:14 --> current items data:[], 2024-10-21 09:44:14
ERROR - 2024-10-21 09:44:15 --> current items data:[], 2024-10-21 09:44:15
ERROR - 2024-10-21 09:44:54 --> current items data:[{"id":"19","inward_invoice_id":"E6","inward_item_id":"58","auction_id":"1","grade_id":"9","lot_no":"19","lot_set":"10","auction_quantity":"10","sample_quantity":"2","auction_each_net":"35","base_price":"100","reverse_price":"105","high_price":"0","valuation_price":"110","last_sold_price":null,"status":"1","is_sold":"0","min_bid_added":"0","is_withdrawn":"0","created_at":"2024-10-21 08:44:27","updated_at":"2024-10-21 08:46:52","created_by":"5","updated_by":"5"},{"id":"20","inward_invoice_id":"E9","inward_item_id":"61","auction_id":"1","grade_id":"25","lot_no":"20","lot_set":"10","auction_quantity":"10","sample_quantity":"2","auction_each_net":"15","base_price":"100","reverse_price":"105","high_price":"0","valuation_price":"110","last_sold_price":null,"status":"1","is_sold":"0","min_bid_added":"0","is_withdrawn":"0","created_at":"2024-10-21 08:44:27","updated_at":"2024-10-21 08:46:52","created_by":"5","updated_by":"5"}], 2024-10-21 09:44:54
ERROR - 2024-10-21 09:44:54 --> Error code L001. auctionItemId:19, 2024-10-21 09:44:54
ERROR - 2024-10-21 09:44:54 --> bid calculation initiated auctionItemId:19, 11
ERROR - 2024-10-21 09:44:54 --> bidding value array:{"id":"132","auction_item_id":"19","buyer_id":"19","bid_price":"162.00","sq":"1.000","bq":"1.000","bid_type":"1","created_at":"2024-10-21 09:44:41","updated_at":"2024-10-21 09:44:41"}
ERROR - 2024-10-21 09:44:54 --> Error code 001. HBP:162.00, HABP: 165, 2024-10-21 09:44:54
ERROR - 2024-10-21 09:44:54 --> Error code 003. HBP:162.00, RP: 105, 2024-10-21 09:44:54
ERROR - 2024-10-21 09:44:54 --> Error code 005. HBP:162.00, SLHABP: 161, 2024-10-21 09:44:54
ERROR - 2024-10-21 09:44:54 --> bid calculation Ended auctionItemId:19, 2024-10-21 09:44:54
ERROR - 2024-10-21 09:44:54 --> Error code L002. auctionItemId:19, 2024-10-21 09:44:54
ERROR - 2024-10-21 09:44:54 --> Error code L003. auctionItemId:19, 2024-10-21 09:44:54
ERROR - 2024-10-21 09:44:54 --> Error code L001. auctionItemId:20, 2024-10-21 09:44:54
ERROR - 2024-10-21 09:44:54 --> bid calculation initiated auctionItemId:20, 10
ERROR - 2024-10-21 09:44:54 --> bidding value array:{"id":"130","auction_item_id":"20","buyer_id":"10","bid_price":"158.00","sq":"1.000","bq":"1.000","bid_type":"1","created_at":"2024-10-21 09:44:39","updated_at":"2024-10-21 09:44:39"}
ERROR - 2024-10-21 09:44:54 --> Error code 007. HBP:158.00, HABP: 158, 2024-10-21 09:44:54
ERROR - 2024-10-21 09:44:54 --> bid calculation Ended auctionItemId:20, 2024-10-21 09:44:54
ERROR - 2024-10-21 09:44:54 --> Error code L002. auctionItemId:20, 2024-10-21 09:44:54
ERROR - 2024-10-21 09:44:54 --> Error code L003. auctionItemId:20, 2024-10-21 09:44:54
ERROR - 2024-10-21 09:44:54 --> current items data:[], 2024-10-21 09:44:54
ERROR - 2024-10-21 09:44:54 --> current items data:[], 2024-10-21 09:44:54
ERROR - 2024-10-21 09:44:54 --> current items data:[], 2024-10-21 09:44:54
ERROR - 2024-10-21 09:44:54 --> current items data:[], 2024-10-21 09:44:54
ERROR - 2024-10-21 09:44:54 --> current items data:[], 2024-10-21 09:44:54
ERROR - 2024-10-21 09:44:54 --> current items data:[], 2024-10-21 09:44:54
ERROR - 2024-10-21 09:44:54 --> current items data:[], 2024-10-21 09:44:54
ERROR - 2024-10-21 09:44:55 --> current items data:[], 2024-10-21 09:44:55
ERROR - 2024-10-21 09:44:55 --> current items data:[], 2024-10-21 09:44:55
ERROR - 2024-10-21 09:44:55 --> Auto bid only
ERROR - 2024-10-21 09:44:55 --> Auto bid only:1
ERROR - 2024-10-21 09:44:55 --> Both manual and auto bids exist
ERROR - 2024-10-21 09:44:58 --> current items data:[], 2024-10-21 09:44:58
ERROR - 2024-10-21 09:45:14 --> current items data:[], 2024-10-21 09:45:14
ERROR - 2024-10-21 09:45:14 --> current items data:[], 2024-10-21 09:45:14
ERROR - 2024-10-21 09:45:15 --> current items data:[], 2024-10-21 09:45:15
ERROR - 2024-10-21 09:45:16 --> current items data:[], 2024-10-21 09:45:16
ERROR - 2024-10-21 09:45:54 --> current items data:[{"id":"21","inward_invoice_id":"E8","inward_item_id":"60","auction_id":"1","grade_id":"11","lot_no":"21","lot_set":"11","auction_quantity":"10","sample_quantity":"2","auction_each_net":"35","base_price":"100","reverse_price":"105","high_price":"0","valuation_price":"110","last_sold_price":null,"status":"1","is_sold":"0","min_bid_added":"0","is_withdrawn":"0","created_at":"2024-10-21 08:44:27","updated_at":"2024-10-21 08:46:52","created_by":"5","updated_by":"5"},{"id":"22","inward_invoice_id":"E7","inward_item_id":"59","auction_id":"1","grade_id":"10","lot_no":"22","lot_set":"11","auction_quantity":"10","sample_quantity":"2","auction_each_net":"25","base_price":"100","reverse_price":"105","high_price":"0","valuation_price":"110","last_sold_price":null,"status":"1","is_sold":"0","min_bid_added":"0","is_withdrawn":"0","created_at":"2024-10-21 08:44:27","updated_at":"2024-10-21 08:46:52","created_by":"5","updated_by":"5"}], 2024-10-21 09:45:54
ERROR - 2024-10-21 09:45:54 --> Error code L001. auctionItemId:21, 2024-10-21 09:45:54
ERROR - 2024-10-21 09:45:54 --> bid calculation initiated auctionItemId:21, 6
ERROR - 2024-10-21 09:45:54 --> bidding value array:{"id":"133","auction_item_id":"21","buyer_id":"9","bid_price":"113.00","sq":"1.000","bq":"1.000","bid_type":"1","created_at":"2024-10-21 09:44:55","updated_at":"2024-10-21 09:44:55"}
ERROR - 2024-10-21 09:45:54 --> Error code 001. HBP:113.00, HABP: 115, 2024-10-21 09:45:54
ERROR - 2024-10-21 09:45:54 --> Error code 003. HBP:113.00, RP: 105, 2024-10-21 09:45:54
ERROR - 2024-10-21 09:45:54 --> Error code 005. HBP:113.00, SLHABP: 112, 2024-10-21 09:45:54
ERROR - 2024-10-21 09:45:54 --> bid calculation Ended auctionItemId:21, 2024-10-21 09:45:54
ERROR - 2024-10-21 09:45:54 --> Error code L002. auctionItemId:21, 2024-10-21 09:45:54
ERROR - 2024-10-21 09:45:54 --> Error code L003. auctionItemId:21, 2024-10-21 09:45:54
ERROR - 2024-10-21 09:45:54 --> Error code L001. auctionItemId:22, 2024-10-21 09:45:54
ERROR - 2024-10-21 09:45:54 --> bid calculation initiated auctionItemId:22, 11
ERROR - 2024-10-21 09:45:54 --> bidding value array:{"id":"139","auction_item_id":"22","buyer_id":"11","bid_price":"1420.00","sq":"1.000","bq":"1.000","bid_type":"0","created_at":"2024-10-21 09:45:10","updated_at":"2024-10-21 09:45:10"}
ERROR - 2024-10-21 09:45:54 --> Error code 006. HBP:1420.00, HABP: 141, 2024-10-21 09:45:54
ERROR - 2024-10-21 09:45:54 --> bid calculation Ended auctionItemId:22, 2024-10-21 09:45:54
ERROR - 2024-10-21 09:45:54 --> Error code L002. auctionItemId:22, 2024-10-21 09:45:54
ERROR - 2024-10-21 09:45:54 --> Error code L003. auctionItemId:22, 2024-10-21 09:45:54
ERROR - 2024-10-21 09:45:54 --> current items data:[], 2024-10-21 09:45:54
ERROR - 2024-10-21 09:45:55 --> current items data:[], 2024-10-21 09:45:55
ERROR - 2024-10-21 09:45:55 --> current items data:[], 2024-10-21 09:45:55
ERROR - 2024-10-21 09:45:55 --> current items data:[], 2024-10-21 09:45:55
ERROR - 2024-10-21 09:46:00 --> Both manual and auto bids exist
ERROR - 2024-10-21 09:46:00 --> Both manual and auto bids exist
ERROR - 2024-10-21 09:46:00 --> current items data:[], 2024-10-21 09:46:00
ERROR - 2024-10-21 09:46:00 --> current items data:[], 2024-10-21 09:46:00
ERROR - 2024-10-21 09:46:00 --> current items data:[], 2024-10-21 09:46:00
ERROR - 2024-10-21 09:46:00 --> current items data:[], 2024-10-21 09:46:00
ERROR - 2024-10-21 09:46:00 --> current items data:[], 2024-10-21 09:46:00
ERROR - 2024-10-21 09:46:00 --> current items data:[], 2024-10-21 09:46:00
ERROR - 2024-10-21 09:46:17 --> current items data:[], 2024-10-21 09:46:17
ERROR - 2024-10-21 09:46:18 --> current items data:[], 2024-10-21 09:46:18
ERROR - 2024-10-21 09:46:18 --> current items data:[], 2024-10-21 09:46:18
ERROR - 2024-10-21 09:46:25 --> current items data:[], 2024-10-21 09:46:25
ERROR - 2024-10-21 09:46:55 --> current items data:[{"id":"23","inward_invoice_id":"W1","inward_item_id":"11","auction_id":"1","grade_id":"26","lot_no":"23","lot_set":"12","auction_quantity":"10","sample_quantity":"2","auction_each_net":"21","base_price":"100","reverse_price":"105","high_price":"0","valuation_price":"110","last_sold_price":null,"status":"1","is_sold":"0","min_bid_added":"0","is_withdrawn":"0","created_at":"2024-10-21 08:44:27","updated_at":"2024-10-21 08:46:52","created_by":"5","updated_by":"5"},{"id":"24","inward_invoice_id":"W3","inward_item_id":"14","auction_id":"1","grade_id":"9","lot_no":"24","lot_set":"12","auction_quantity":"10","sample_quantity":"2","auction_each_net":"9","base_price":"100","reverse_price":"105","high_price":"0","valuation_price":"110","last_sold_price":null,"status":"1","is_sold":"0","min_bid_added":"0","is_withdrawn":"0","created_at":"2024-10-21 08:44:27","updated_at":"2024-10-21 08:46:52","created_by":"5","updated_by":"5"}], 2024-10-21 09:46:55
ERROR - 2024-10-21 09:46:55 --> Error code L001. auctionItemId:23, 2024-10-21 09:46:55
ERROR - 2024-10-21 09:46:55 --> bid calculation initiated auctionItemId:23, 11
ERROR - 2024-10-21 09:46:55 --> bidding value array:{"id":"163","auction_item_id":"23","buyer_id":"11","bid_price":"175.00","sq":"1.000","bq":"1.000","bid_type":"0","created_at":"2024-10-21 09:46:46","updated_at":"2024-10-21 09:46:46"}
ERROR - 2024-10-21 09:46:55 --> Error code 006. HBP:175.00, HABP: 171, 2024-10-21 09:46:55
ERROR - 2024-10-21 09:46:55 --> bid calculation Ended auctionItemId:23, 2024-10-21 09:46:55
ERROR - 2024-10-21 09:46:55 --> Error code L002. auctionItemId:23, 2024-10-21 09:46:55
ERROR - 2024-10-21 09:46:55 --> Error code L003. auctionItemId:23, 2024-10-21 09:46:55
ERROR - 2024-10-21 09:46:55 --> Error code L001. auctionItemId:24, 2024-10-21 09:46:55
ERROR - 2024-10-21 09:46:55 --> bid calculation initiated auctionItemId:24, 13
ERROR - 2024-10-21 09:46:55 --> bidding value array:{"id":"162","auction_item_id":"24","buyer_id":"14","bid_price":"145.00","sq":"1.000","bq":"1.000","bid_type":"1","created_at":"2024-10-21 09:46:42","updated_at":"2024-10-21 09:46:42"}
ERROR - 2024-10-21 09:46:55 --> Error code 001. HBP:145.00, HABP: 155, 2024-10-21 09:46:55
ERROR - 2024-10-21 09:46:55 --> Error code 003. HBP:145.00, RP: 105, 2024-10-21 09:46:55
ERROR - 2024-10-21 09:46:55 --> Error code 005. HBP:145.00, SLHABP: 144, 2024-10-21 09:46:55
ERROR - 2024-10-21 09:46:55 --> bid calculation Ended auctionItemId:24, 2024-10-21 09:46:55
ERROR - 2024-10-21 09:46:55 --> Error code L002. auctionItemId:24, 2024-10-21 09:46:55
ERROR - 2024-10-21 09:46:55 --> Error code L003. auctionItemId:24, 2024-10-21 09:46:55
ERROR - 2024-10-21 09:46:55 --> current items data:[], 2024-10-21 09:46:55
ERROR - 2024-10-21 09:46:55 --> current items data:[], 2024-10-21 09:46:55
ERROR - 2024-10-21 09:46:55 --> current items data:[], 2024-10-21 09:46:55
ERROR - 2024-10-21 09:46:55 --> current items data:[], 2024-10-21 09:46:55
ERROR - 2024-10-21 09:46:55 --> current items data:[], 2024-10-21 09:46:55
ERROR - 2024-10-21 09:46:55 --> current items data:[], 2024-10-21 09:46:55
ERROR - 2024-10-21 09:46:56 --> current items data:[], 2024-10-21 09:46:56
ERROR - 2024-10-21 09:46:56 --> current items data:[], 2024-10-21 09:46:56
ERROR - 2024-10-21 09:46:56 --> current items data:[], 2024-10-21 09:46:56
ERROR - 2024-10-21 09:46:56 --> Auto bid only
ERROR - 2024-10-21 09:46:56 --> Auto bid only:2
ERROR - 2024-10-21 09:46:56 --> Both manual and auto bids exist
ERROR - 2024-10-21 09:46:58 --> current items data:[], 2024-10-21 09:46:58
ERROR - 2024-10-21 09:47:18 --> current items data:[], 2024-10-21 09:47:18
ERROR - 2024-10-21 09:47:19 --> current items data:[], 2024-10-21 09:47:19
ERROR - 2024-10-21 09:47:19 --> current items data:[], 2024-10-21 09:47:19
ERROR - 2024-10-21 09:47:19 --> current items data:[], 2024-10-21 09:47:19
ERROR - 2024-10-21 09:47:56 --> current items data:[{"id":"25","inward_invoice_id":"W2","inward_item_id":"12","auction_id":"1","grade_id":"25","lot_no":"25","lot_set":"13","auction_quantity":"10","sample_quantity":"2","auction_each_net":"23","base_price":"100","reverse_price":"105","high_price":"0","valuation_price":"110","last_sold_price":null,"status":"1","is_sold":"0","min_bid_added":"0","is_withdrawn":"0","created_at":"2024-10-21 08:44:27","updated_at":"2024-10-21 08:46:52","created_by":"5","updated_by":"5"},{"id":"26","inward_invoice_id":"WD3","inward_item_id":"43","auction_id":"1","grade_id":"11","lot_no":"26","lot_set":"13","auction_quantity":"10","sample_quantity":"2","auction_each_net":"6","base_price":"100","reverse_price":"105","high_price":"0","valuation_price":"110","last_sold_price":null,"status":"1","is_sold":"0","min_bid_added":"0","is_withdrawn":"0","created_at":"2024-10-21 08:44:27","updated_at":"2024-10-21 08:46:52","created_by":"5","updated_by":"5"}], 2024-10-21 09:47:56
ERROR - 2024-10-21 09:47:56 --> Error code L001. auctionItemId:25, 2024-10-21 09:47:56
ERROR - 2024-10-21 09:47:56 --> bid calculation initiated auctionItemId:25, 1
ERROR - 2024-10-21 09:47:56 --> bidding value array:{"id":"164","auction_item_id":"25","buyer_id":"9","bid_price":"101.00","sq":"1.000","bq":"1.000","bid_type":"1","created_at":"2024-10-21 09:46:56","updated_at":"2024-10-21 09:46:56"}
ERROR - 2024-10-21 09:47:56 --> Error code 001. HBP:101.00, HABP: 125, 2024-10-21 09:47:56
ERROR - 2024-10-21 09:47:56 --> Error code 002. HBP:101.00, RP: 105, 2024-10-21 09:47:56
ERROR - 2024-10-21 09:47:56 --> bid calculation Ended auctionItemId:25, 2024-10-21 09:47:56
ERROR - 2024-10-21 09:47:56 --> Error code L002. auctionItemId:25, 2024-10-21 09:47:56
ERROR - 2024-10-21 09:47:56 --> Error code L003. auctionItemId:25, 2024-10-21 09:47:56
ERROR - 2024-10-21 09:47:56 --> Error code L001. auctionItemId:26, 2024-10-21 09:47:56
ERROR - 2024-10-21 09:47:56 --> bid calculation initiated auctionItemId:26, 11
ERROR - 2024-10-21 09:47:56 --> bidding value array:{"id":"176","auction_item_id":"26","buyer_id":"16","bid_price":"162.00","sq":"1.000","bq":"1.000","bid_type":"1","created_at":"2024-10-21 09:47:40","updated_at":"2024-10-21 09:47:40"}
ERROR - 2024-10-21 09:47:56 --> Error code 007. HBP:162.00, HABP: 162, 2024-10-21 09:47:56
ERROR - 2024-10-21 09:47:56 --> bid calculation Ended auctionItemId:26, 2024-10-21 09:47:56
ERROR - 2024-10-21 09:47:56 --> Error code L002. auctionItemId:26, 2024-10-21 09:47:56
ERROR - 2024-10-21 09:47:56 --> Error code L003. auctionItemId:26, 2024-10-21 09:47:56
ERROR - 2024-10-21 09:47:56 --> current items data:[], 2024-10-21 09:47:56
ERROR - 2024-10-21 09:47:56 --> current items data:[], 2024-10-21 09:47:56
ERROR - 2024-10-21 09:47:56 --> current items data:[], 2024-10-21 09:47:56
ERROR - 2024-10-21 09:47:57 --> current items data:[], 2024-10-21 09:47:57
ERROR - 2024-10-21 09:47:57 --> current items data:[], 2024-10-21 09:47:57
ERROR - 2024-10-21 09:47:57 --> current items data:[], 2024-10-21 09:47:57
ERROR - 2024-10-21 09:47:57 --> current items data:[], 2024-10-21 09:47:57
ERROR - 2024-10-21 09:47:57 --> current items data:[], 2024-10-21 09:47:57
ERROR - 2024-10-21 09:47:57 --> Both manual and auto bids exist
ERROR - 2024-10-21 09:47:57 --> Both manual and auto bids exist
ERROR - 2024-10-21 09:47:59 --> current items data:[], 2024-10-21 09:47:59
ERROR - 2024-10-21 09:47:59 --> current items data:[], 2024-10-21 09:47:59
ERROR - 2024-10-21 09:48:20 --> current items data:[], 2024-10-21 09:48:20
ERROR - 2024-10-21 09:48:20 --> current items data:[], 2024-10-21 09:48:20
ERROR - 2024-10-21 09:48:21 --> current items data:[], 2024-10-21 09:48:21
ERROR - 2024-10-21 09:48:21 --> current items data:[], 2024-10-21 09:48:21
ERROR - 2024-10-21 09:48:57 --> current items data:[{"id":"27","inward_invoice_id":"W5","inward_item_id":"15","auction_id":"1","grade_id":"11","lot_no":"27","lot_set":"14","auction_quantity":"10","sample_quantity":"2","auction_each_net":"4","base_price":"100","reverse_price":"105","high_price":"0","valuation_price":"110","last_sold_price":null,"status":"1","is_sold":"0","min_bid_added":"0","is_withdrawn":"0","created_at":"2024-10-21 08:44:27","updated_at":"2024-10-21 08:46:52","created_by":"5","updated_by":"5"},{"id":"28","inward_invoice_id":"W3","inward_item_id":"13","auction_id":"1","grade_id":"11","lot_no":"28","lot_set":"14","auction_quantity":"10","sample_quantity":"2","auction_each_net":"14","base_price":"100","reverse_price":"105","high_price":"0","valuation_price":"110","last_sold_price":null,"status":"1","is_sold":"0","min_bid_added":"0","is_withdrawn":"0","created_at":"2024-10-21 08:44:27","updated_at":"2024-10-21 08:46:52","created_by":"5","updated_by":"5"}], 2024-10-21 09:48:57
ERROR - 2024-10-21 09:48:57 --> Error code L001. auctionItemId:27, 2024-10-21 09:48:57
ERROR - 2024-10-21 09:48:57 --> bid calculation initiated auctionItemId:27, 10
ERROR - 2024-10-21 09:48:57 --> bidding value array:{"id":"183","auction_item_id":"27","buyer_id":"19","bid_price":"119.00","sq":"1.000","bq":"1.000","bid_type":"1","created_at":"2024-10-21 09:48:45","updated_at":"2024-10-21 09:48:45"}
ERROR - 2024-10-21 09:48:57 --> Error code 001. HBP:119.00, HABP: 159, 2024-10-21 09:48:57
ERROR - 2024-10-21 09:48:57 --> Error code 003. HBP:119.00, RP: 105, 2024-10-21 09:48:57
ERROR - 2024-10-21 09:48:57 --> Error code 005. HBP:119.00, SLHABP: 118, 2024-10-21 09:48:57
ERROR - 2024-10-21 09:48:57 --> bid calculation Ended auctionItemId:27, 2024-10-21 09:48:57
ERROR - 2024-10-21 09:48:57 --> Error code L002. auctionItemId:27, 2024-10-21 09:48:57
ERROR - 2024-10-21 09:48:57 --> Error code L003. auctionItemId:27, 2024-10-21 09:48:57
ERROR - 2024-10-21 09:48:57 --> Error code L001. auctionItemId:28, 2024-10-21 09:48:57
ERROR - 2024-10-21 09:48:57 --> bid calculation initiated auctionItemId:28, 9
ERROR - 2024-10-21 09:48:57 --> bidding value array:{"id":"179","auction_item_id":"28","buyer_id":"13","bid_price":"123.00","sq":"1.000","bq":"1.000","bid_type":"1","created_at":"2024-10-21 09:47:57","updated_at":"2024-10-21 09:47:57"}
ERROR - 2024-10-21 09:48:57 --> Error code 001. HBP:123.00, HABP: 650, 2024-10-21 09:48:57
ERROR - 2024-10-21 09:48:57 --> Error code 003. HBP:123.00, RP: 105, 2024-10-21 09:48:57
ERROR - 2024-10-21 09:48:57 --> Error code 005. HBP:123.00, SLHABP: 121, 2024-10-21 09:48:57
ERROR - 2024-10-21 09:48:57 --> bid calculation Ended auctionItemId:28, 2024-10-21 09:48:57
ERROR - 2024-10-21 09:48:57 --> Error code L002. auctionItemId:28, 2024-10-21 09:48:57
ERROR - 2024-10-21 09:48:57 --> Error code L003. auctionItemId:28, 2024-10-21 09:48:57
ERROR - 2024-10-21 09:48:57 --> current items data:[], 2024-10-21 09:48:57
ERROR - 2024-10-21 09:48:57 --> current items data:[], 2024-10-21 09:48:57
ERROR - 2024-10-21 09:48:57 --> current items data:[], 2024-10-21 09:48:57
ERROR - 2024-10-21 09:48:57 --> current items data:[], 2024-10-21 09:48:57
ERROR - 2024-10-21 09:48:57 --> current items data:[], 2024-10-21 09:48:57
ERROR - 2024-10-21 09:48:57 --> current items data:[], 2024-10-21 09:48:57
ERROR - 2024-10-21 09:48:57 --> current items data:[], 2024-10-21 09:48:57
ERROR - 2024-10-21 09:48:57 --> current items data:[], 2024-10-21 09:48:57
ERROR - 2024-10-21 09:48:58 --> current items data:[], 2024-10-21 09:48:58
ERROR - 2024-10-21 09:48:58 --> Auto bid only
ERROR - 2024-10-21 09:48:58 --> Auto bid only:1
ERROR - 2024-10-21 09:48:58 --> Auto bid only
ERROR - 2024-10-21 09:48:58 --> Auto bid only:1
ERROR - 2024-10-21 09:48:59 --> current items data:[], 2024-10-21 09:48:59
ERROR - 2024-10-21 09:49:21 --> current items data:[], 2024-10-21 09:49:21
ERROR - 2024-10-21 09:49:21 --> current items data:[], 2024-10-21 09:49:21
ERROR - 2024-10-21 09:49:22 --> current items data:[], 2024-10-21 09:49:22
ERROR - 2024-10-21 09:49:22 --> current items data:[], 2024-10-21 09:49:22
ERROR - 2024-10-21 09:49:58 --> current items data:[{"id":"29","inward_invoice_id":"WA1","inward_item_id":"21","auction_id":"1","grade_id":"4","lot_no":"29","lot_set":"15","auction_quantity":"10","sample_quantity":"0","auction_each_net":"35","base_price":"100","reverse_price":"105","high_price":"0","valuation_price":"110","last_sold_price":null,"status":"1","is_sold":"0","min_bid_added":"0","is_withdrawn":"0","created_at":"2024-10-21 08:44:27","updated_at":"2024-10-21 08:46:52","created_by":"5","updated_by":"5"},{"id":"30","inward_invoice_id":"WA5","inward_item_id":"25","auction_id":"1","grade_id":"4","lot_no":"30","lot_set":"15","auction_quantity":"10","sample_quantity":"0","auction_each_net":"21","base_price":"100","reverse_price":"105","high_price":"0","valuation_price":"110","last_sold_price":null,"status":"1","is_sold":"0","min_bid_added":"0","is_withdrawn":"0","created_at":"2024-10-21 08:44:27","updated_at":"2024-10-21 08:46:52","created_by":"5","updated_by":"5"}], 2024-10-21 09:49:58
ERROR - 2024-10-21 09:49:58 --> Error code L001. auctionItemId:29, 2024-10-21 09:49:58
ERROR - 2024-10-21 09:49:58 --> bid calculation initiated auctionItemId:29, 10
ERROR - 2024-10-21 09:49:58 --> bidding value array:{"id":"199","auction_item_id":"29","buyer_id":"6","bid_price":"143.00","sq":"1.000","bq":"1.000","bid_type":"1","created_at":"2024-10-21 09:49:44","updated_at":"2024-10-21 09:49:44"}
ERROR - 2024-10-21 09:49:58 --> Error code 001. HBP:143.00, HABP: 150, 2024-10-21 09:49:58
ERROR - 2024-10-21 09:49:58 --> Error code 003. HBP:143.00, RP: 105, 2024-10-21 09:49:58
ERROR - 2024-10-21 09:49:58 --> Error code 005. HBP:143.00, SLHABP: 142, 2024-10-21 09:49:58
ERROR - 2024-10-21 09:49:58 --> bid calculation Ended auctionItemId:29, 2024-10-21 09:49:58
ERROR - 2024-10-21 09:49:58 --> Error code L002. auctionItemId:29, 2024-10-21 09:49:58
ERROR - 2024-10-21 09:49:58 --> Error code L003. auctionItemId:29, 2024-10-21 09:49:58
ERROR - 2024-10-21 09:49:58 --> Error code L001. auctionItemId:30, 2024-10-21 09:49:58
ERROR - 2024-10-21 09:49:58 --> bid calculation initiated auctionItemId:30, 9
ERROR - 2024-10-21 09:49:58 --> bidding value array:{"id":"201","auction_item_id":"30","buyer_id":"6","bid_price":"150.00","sq":"1.000","bq":"1.000","bid_type":"1","created_at":"2024-10-21 09:49:45","updated_at":"2024-10-21 09:49:45"}
ERROR - 2024-10-21 09:49:58 --> Error code 007. HBP:150.00, HABP: 150, 2024-10-21 09:49:58
ERROR - 2024-10-21 09:49:58 --> bid calculation Ended auctionItemId:30, 2024-10-21 09:49:58
ERROR - 2024-10-21 09:49:58 --> Error code L002. auctionItemId:30, 2024-10-21 09:49:58
ERROR - 2024-10-21 09:49:58 --> Error code L003. auctionItemId:30, 2024-10-21 09:49:58
ERROR - 2024-10-21 09:49:58 --> current items data:[], 2024-10-21 09:49:58
ERROR - 2024-10-21 09:49:58 --> current items data:[], 2024-10-21 09:49:58
ERROR - 2024-10-21 09:49:58 --> current items data:[], 2024-10-21 09:49:58
ERROR - 2024-10-21 09:49:58 --> current items data:[], 2024-10-21 09:49:58
ERROR - 2024-10-21 09:49:58 --> current items data:[], 2024-10-21 09:49:58
ERROR - 2024-10-21 09:49:58 --> current items data:[], 2024-10-21 09:49:58
ERROR - 2024-10-21 09:49:58 --> current items data:[], 2024-10-21 09:49:58
ERROR - 2024-10-21 09:49:59 --> Auto bid only
ERROR - 2024-10-21 09:49:59 --> Auto bid only:1
ERROR - 2024-10-21 09:49:59 --> Auto bid only
ERROR - 2024-10-21 09:49:59 --> Auto bid only:1
ERROR - 2024-10-21 09:50:01 --> current items data:[], 2024-10-21 09:50:01
ERROR - 2024-10-21 09:50:22 --> current items data:[], 2024-10-21 09:50:22
ERROR - 2024-10-21 09:50:22 --> current items data:[], 2024-10-21 09:50:22
ERROR - 2024-10-21 09:50:23 --> current items data:[], 2024-10-21 09:50:23
ERROR - 2024-10-21 09:50:24 --> current items data:[], 2024-10-21 09:50:24
ERROR - 2024-10-21 09:50:59 --> current items data:[{"id":"31","inward_invoice_id":"WA3","inward_item_id":"23","auction_id":"1","grade_id":"26","lot_no":"31","lot_set":"16","auction_quantity":"10","sample_quantity":"0","auction_each_net":"17","base_price":"100","reverse_price":"105","high_price":"0","valuation_price":"110","last_sold_price":null,"status":"1","is_sold":"0","min_bid_added":"0","is_withdrawn":"0","created_at":"2024-10-21 08:44:27","updated_at":"2024-10-21 08:46:52","created_by":"5","updated_by":"5"},{"id":"32","inward_invoice_id":"WA2","inward_item_id":"22","auction_id":"1","grade_id":"26","lot_no":"32","lot_set":"16","auction_quantity":"10","sample_quantity":"0","auction_each_net":"5","base_price":"100","reverse_price":"105","high_price":"0","valuation_price":"110","last_sold_price":null,"status":"1","is_sold":"0","min_bid_added":"0","is_withdrawn":"0","created_at":"2024-10-21 08:44:27","updated_at":"2024-10-21 08:46:52","created_by":"5","updated_by":"5"}], 2024-10-21 09:50:59
ERROR - 2024-10-21 09:50:59 --> Error code L001. auctionItemId:31, 2024-10-21 09:50:59
ERROR - 2024-10-21 09:50:59 --> bid calculation initiated auctionItemId:31, 5
ERROR - 2024-10-21 09:50:59 --> bidding value array:{"id":"233","auction_item_id":"31","buyer_id":"4","bid_price":"311.00","sq":"1.000","bq":"1.000","bid_type":"1","created_at":"2024-10-21 09:50:49","updated_at":"2024-10-21 09:50:49"}
ERROR - 2024-10-21 09:50:59 --> Error code 001. HBP:311.00, HABP: 320, 2024-10-21 09:50:59
ERROR - 2024-10-21 09:50:59 --> Error code 003. HBP:311.00, RP: 105, 2024-10-21 09:50:59
ERROR - 2024-10-21 09:50:59 --> Error code 005. HBP:311.00, SLHABP: 310, 2024-10-21 09:50:59
ERROR - 2024-10-21 09:50:59 --> bid calculation Ended auctionItemId:31, 2024-10-21 09:50:59
ERROR - 2024-10-21 09:50:59 --> Error code L002. auctionItemId:31, 2024-10-21 09:50:59
ERROR - 2024-10-21 09:50:59 --> Error code L003. auctionItemId:31, 2024-10-21 09:50:59
ERROR - 2024-10-21 09:50:59 --> Error code L001. auctionItemId:32, 2024-10-21 09:50:59
ERROR - 2024-10-21 09:50:59 --> bid calculation initiated auctionItemId:32, 5
ERROR - 2024-10-21 09:50:59 --> bidding value array:{"id":"239","auction_item_id":"32","buyer_id":"4","bid_price":"314.00","sq":"1.000","bq":"1.000","bid_type":"1","created_at":"2024-10-21 09:50:58","updated_at":"2024-10-21 09:50:58"}
ERROR - 2024-10-21 09:50:59 --> Error code 001. HBP:314.00, HABP: 400, 2024-10-21 09:50:59
ERROR - 2024-10-21 09:50:59 --> Error code 003. HBP:314.00, RP: 105, 2024-10-21 09:50:59
ERROR - 2024-10-21 09:50:59 --> Error code 005. HBP:314.00, SLHABP: 313, 2024-10-21 09:50:59
ERROR - 2024-10-21 09:50:59 --> bid calculation Ended auctionItemId:32, 2024-10-21 09:50:59
ERROR - 2024-10-21 09:50:59 --> Error code L002. auctionItemId:32, 2024-10-21 09:50:59
ERROR - 2024-10-21 09:50:59 --> Error code L003. auctionItemId:32, 2024-10-21 09:50:59
ERROR - 2024-10-21 09:50:59 --> current items data:[], 2024-10-21 09:50:59
ERROR - 2024-10-21 09:50:59 --> current items data:[], 2024-10-21 09:50:59
ERROR - 2024-10-21 09:50:59 --> current items data:[], 2024-10-21 09:50:59
ERROR - 2024-10-21 09:50:59 --> current items data:[], 2024-10-21 09:50:59
ERROR - 2024-10-21 09:50:59 --> current items data:[], 2024-10-21 09:50:59
ERROR - 2024-10-21 09:51:00 --> current items data:[], 2024-10-21 09:51:00
ERROR - 2024-10-21 09:51:00 --> current items data:[], 2024-10-21 09:51:00
ERROR - 2024-10-21 09:51:00 --> Auto bid only
ERROR - 2024-10-21 09:51:00 --> Auto bid only:2
ERROR - 2024-10-21 09:51:00 --> Auto bid only
ERROR - 2024-10-21 09:51:00 --> Auto bid only:2
ERROR - 2024-10-21 09:51:25 --> current items data:[], 2024-10-21 09:51:25
ERROR - 2024-10-21 09:51:25 --> current items data:[], 2024-10-21 09:51:25
ERROR - 2024-10-21 09:51:25 --> current items data:[], 2024-10-21 09:51:25
ERROR - 2024-10-21 09:51:25 --> current items data:[], 2024-10-21 09:51:25
ERROR - 2024-10-21 09:51:25 --> current items data:[], 2024-10-21 09:51:25
ERROR - 2024-10-21 09:52:00 --> current items data:[{"id":"33","inward_invoice_id":"WA4","inward_item_id":"24","auction_id":"1","grade_id":"9","lot_no":"33","lot_set":"17","auction_quantity":"10","sample_quantity":"0","auction_each_net":"11","base_price":"100","reverse_price":"105","high_price":"0","valuation_price":"110","last_sold_price":null,"status":"1","is_sold":"0","min_bid_added":"0","is_withdrawn":"0","created_at":"2024-10-21 08:44:27","updated_at":"2024-10-21 08:46:52","created_by":"5","updated_by":"5"},{"id":"34","inward_invoice_id":"R1","inward_item_id":"26","auction_id":"1","grade_id":"18","lot_no":"34","lot_set":"17","auction_quantity":"10","sample_quantity":"2","auction_each_net":"20","base_price":"100","reverse_price":"105","high_price":"0","valuation_price":"110","last_sold_price":null,"status":"1","is_sold":"0","min_bid_added":"0","is_withdrawn":"0","created_at":"2024-10-21 08:44:27","updated_at":"2024-10-21 08:46:52","created_by":"5","updated_by":"5"}], 2024-10-21 09:52:00
ERROR - 2024-10-21 09:52:00 --> Error code L001. auctionItemId:33, 2024-10-21 09:52:00
ERROR - 2024-10-21 09:52:00 --> bid calculation initiated auctionItemId:33, 4
ERROR - 2024-10-21 09:52:00 --> bidding value array:{"id":"278","auction_item_id":"33","buyer_id":"18","bid_price":"321.00","sq":"1.000","bq":"1.000","bid_type":"1","created_at":"2024-10-21 09:51:57","updated_at":"2024-10-21 09:51:57"}
ERROR - 2024-10-21 09:52:00 --> Error code 001. HBP:321.00, HABP: 340, 2024-10-21 09:52:00
ERROR - 2024-10-21 09:52:00 --> Error code 003. HBP:321.00, RP: 105, 2024-10-21 09:52:00
ERROR - 2024-10-21 09:52:00 --> Error code 005. HBP:321.00, SLHABP: 320, 2024-10-21 09:52:00
ERROR - 2024-10-21 09:52:00 --> bid calculation Ended auctionItemId:33, 2024-10-21 09:52:00
ERROR - 2024-10-21 09:52:00 --> Error code L002. auctionItemId:33, 2024-10-21 09:52:00
ERROR - 2024-10-21 09:52:00 --> current items data:[{"id":"33","inward_invoice_id":"WA4","inward_item_id":"24","auction_id":"1","grade_id":"9","lot_no":"33","lot_set":"17","auction_quantity":"10","sample_quantity":"0","auction_each_net":"11","base_price":"100","reverse_price":"105","high_price":"0","valuation_price":"110","last_sold_price":null,"status":"1","is_sold":"0","min_bid_added":"0","is_withdrawn":"0","created_at":"2024-10-21 08:44:27","updated_at":"2024-10-21 08:46:52","created_by":"5","updated_by":"5"},{"id":"34","inward_invoice_id":"R1","inward_item_id":"26","auction_id":"1","grade_id":"18","lot_no":"34","lot_set":"17","auction_quantity":"10","sample_quantity":"2","auction_each_net":"20","base_price":"100","reverse_price":"105","high_price":"0","valuation_price":"110","last_sold_price":null,"status":"1","is_sold":"0","min_bid_added":"0","is_withdrawn":"0","created_at":"2024-10-21 08:44:27","updated_at":"2024-10-21 08:46:52","created_by":"5","updated_by":"5"}], 2024-10-21 09:52:00
ERROR - 2024-10-21 09:52:00 --> Error code L001. auctionItemId:33, 2024-10-21 09:52:00
ERROR - 2024-10-21 09:52:00 --> bid calculation initiated auctionItemId:33, 4
ERROR - 2024-10-21 09:52:00 --> bidding value array:{"id":"278","auction_item_id":"33","buyer_id":"18","bid_price":"321.00","sq":"1.000","bq":"1.000","bid_type":"1","created_at":"2024-10-21 09:51:57","updated_at":"2024-10-21 09:51:57"}
ERROR - 2024-10-21 09:52:00 --> Error code 001. HBP:321.00, HABP: 340, 2024-10-21 09:52:00
ERROR - 2024-10-21 09:52:00 --> Error code 003. HBP:321.00, RP: 105, 2024-10-21 09:52:00
ERROR - 2024-10-21 09:52:00 --> Error code 005. HBP:321.00, SLHABP: 320, 2024-10-21 09:52:00
ERROR - 2024-10-21 09:52:00 --> bid calculation Ended auctionItemId:33, 2024-10-21 09:52:00
ERROR - 2024-10-21 09:52:00 --> Error code L002. auctionItemId:33, 2024-10-21 09:52:00
ERROR - 2024-10-21 09:52:00 --> Error code L003. auctionItemId:33, 2024-10-21 09:52:00
ERROR - 2024-10-21 09:52:00 --> Error code L001. auctionItemId:34, 2024-10-21 09:52:00
ERROR - 2024-10-21 09:52:00 --> bid calculation initiated auctionItemId:34, 5
ERROR - 2024-10-21 09:52:00 --> bidding value array:{"id":"280","auction_item_id":"34","buyer_id":"9","bid_price":"321.00","sq":"1.000","bq":"1.000","bid_type":"1","created_at":"2024-10-21 09:51:59","updated_at":"2024-10-21 09:51:59"}
ERROR - 2024-10-21 09:52:00 --> Error code 007. HBP:321.00, HABP: 321, 2024-10-21 09:52:00
ERROR - 2024-10-21 09:52:00 --> bid calculation Ended auctionItemId:34, 2024-10-21 09:52:00
ERROR - 2024-10-21 09:52:00 --> Error code L002. auctionItemId:34, 2024-10-21 09:52:00
ERROR - 2024-10-21 09:52:00 --> Error code L003. auctionItemId:33, 2024-10-21 09:52:00
ERROR - 2024-10-21 09:52:00 --> Error code L001. auctionItemId:34, 2024-10-21 09:52:00
ERROR - 2024-10-21 09:52:00 --> bid calculation initiated auctionItemId:34, 5
ERROR - 2024-10-21 09:52:00 --> bidding value array:{"id":"280","auction_item_id":"34","buyer_id":"9","bid_price":"321.00","sq":"1.000","bq":"1.000","bid_type":"1","created_at":"2024-10-21 09:51:59","updated_at":"2024-10-21 09:51:59"}
ERROR - 2024-10-21 09:52:00 --> Error code 007. HBP:321.00, HABP: 321, 2024-10-21 09:52:00
ERROR - 2024-10-21 09:52:00 --> bid calculation Ended auctionItemId:34, 2024-10-21 09:52:00
ERROR - 2024-10-21 09:52:00 --> Error code L002. auctionItemId:34, 2024-10-21 09:52:00
ERROR - 2024-10-21 09:52:00 --> Error code L003. auctionItemId:34, 2024-10-21 09:52:00
ERROR - 2024-10-21 09:52:00 --> Error code L003. auctionItemId:34, 2024-10-21 09:52:00
ERROR - 2024-10-21 09:52:00 --> current items data:[], 2024-10-21 09:52:00
ERROR - 2024-10-21 09:52:00 --> current items data:[], 2024-10-21 09:52:00
ERROR - 2024-10-21 09:52:01 --> current items data:[], 2024-10-21 09:52:01
ERROR - 2024-10-21 09:52:01 --> current items data:[], 2024-10-21 09:52:01
ERROR - 2024-10-21 09:52:01 --> current items data:[], 2024-10-21 09:52:01
ERROR - 2024-10-21 09:52:01 --> current items data:[], 2024-10-21 09:52:01
ERROR - 2024-10-21 09:52:01 --> Auto bid only
ERROR - 2024-10-21 09:52:01 --> Auto bid only:2
ERROR - 2024-10-21 09:52:01 --> Auto bid only
ERROR - 2024-10-21 09:52:01 --> Auto bid only:2
ERROR - 2024-10-21 09:52:27 --> current items data:[], 2024-10-21 09:52:27
ERROR - 2024-10-21 09:52:27 --> current items data:[], 2024-10-21 09:52:27
ERROR - 2024-10-21 09:52:27 --> current items data:[], 2024-10-21 09:52:27
ERROR - 2024-10-21 09:52:38 --> current items data:[], 2024-10-21 09:52:38
ERROR - 2024-10-21 09:53:01 --> current items data:[{"id":"35","inward_invoice_id":"R4","inward_item_id":"29","auction_id":"1","grade_id":"20","lot_no":"35","lot_set":"18","auction_quantity":"10","sample_quantity":"2","auction_each_net":"11","base_price":"100","reverse_price":"105","high_price":"0","valuation_price":"110","last_sold_price":null,"status":"1","is_sold":"0","min_bid_added":"0","is_withdrawn":"0","created_at":"2024-10-21 08:44:27","updated_at":"2024-10-21 08:46:52","created_by":"5","updated_by":"5"},{"id":"36","inward_invoice_id":"K2","inward_item_id":"17","auction_id":"1","grade_id":"4","lot_no":"36","lot_set":"18","auction_quantity":"10","sample_quantity":"2","auction_each_net":"8","base_price":"100","reverse_price":"105","high_price":"0","valuation_price":"110","last_sold_price":null,"status":"1","is_sold":"0","min_bid_added":"0","is_withdrawn":"0","created_at":"2024-10-21 08:44:27","updated_at":"2024-10-21 08:46:52","created_by":"5","updated_by":"5"}], 2024-10-21 09:53:01
ERROR - 2024-10-21 09:53:01 --> Error code L001. auctionItemId:35, 2024-10-21 09:53:01
ERROR - 2024-10-21 09:53:01 --> bid calculation initiated auctionItemId:35, 6
ERROR - 2024-10-21 09:53:01 --> bidding value array:{"id":"327","auction_item_id":"35","buyer_id":"18","bid_price":"352.00","sq":"1.000","bq":"1.000","bid_type":"1","created_at":"2024-10-21 09:52:58","updated_at":"2024-10-21 09:52:58"}
ERROR - 2024-10-21 09:53:01 --> Error code 001. HBP:352.00, HABP: 400, 2024-10-21 09:53:01
ERROR - 2024-10-21 09:53:01 --> Error code 003. HBP:352.00, RP: 105, 2024-10-21 09:53:01
ERROR - 2024-10-21 09:53:01 --> Error code 005. HBP:352.00, SLHABP: 350, 2024-10-21 09:53:01
ERROR - 2024-10-21 09:53:01 --> bid calculation Ended auctionItemId:35, 2024-10-21 09:53:01
ERROR - 2024-10-21 09:53:01 --> Error code L002. auctionItemId:35, 2024-10-21 09:53:01
ERROR - 2024-10-21 09:53:01 --> Error code L003. auctionItemId:35, 2024-10-21 09:53:01
ERROR - 2024-10-21 09:53:01 --> Error code L001. auctionItemId:36, 2024-10-21 09:53:01
ERROR - 2024-10-21 09:53:01 --> bid calculation initiated auctionItemId:36, 6
ERROR - 2024-10-21 09:53:01 --> bidding value array:{"id":"329","auction_item_id":"36","buyer_id":"18","bid_price":"400.00","sq":"1.000","bq":"1.000","bid_type":"1","created_at":"2024-10-21 09:52:58","updated_at":"2024-10-21 09:52:58"}
ERROR - 2024-10-21 09:53:01 --> Error code 007. HBP:400.00, HABP: 400, 2024-10-21 09:53:01
ERROR - 2024-10-21 09:53:01 --> bid calculation Ended auctionItemId:36, 2024-10-21 09:53:01
ERROR - 2024-10-21 09:53:01 --> Error code L002. auctionItemId:36, 2024-10-21 09:53:01
ERROR - 2024-10-21 09:53:01 --> Error code L003. auctionItemId:36, 2024-10-21 09:53:01
ERROR - 2024-10-21 09:53:01 --> current items data:[], 2024-10-21 09:53:01
ERROR - 2024-10-21 09:53:01 --> current items data:[], 2024-10-21 09:53:01
ERROR - 2024-10-21 09:53:01 --> current items data:[], 2024-10-21 09:53:01
ERROR - 2024-10-21 09:53:01 --> current items data:[], 2024-10-21 09:53:01
ERROR - 2024-10-21 09:53:01 --> current items data:[], 2024-10-21 09:53:01
ERROR - 2024-10-21 09:53:02 --> current items data:[], 2024-10-21 09:53:02
ERROR - 2024-10-21 09:53:02 --> Auto bid only
ERROR - 2024-10-21 09:53:02 --> Auto bid only:2
ERROR - 2024-10-21 09:53:02 --> Auto bid only
ERROR - 2024-10-21 09:53:02 --> Auto bid only:2
ERROR - 2024-10-21 09:53:02 --> current items data:[], 2024-10-21 09:53:02
ERROR - 2024-10-21 09:53:28 --> current items data:[], 2024-10-21 09:53:28
ERROR - 2024-10-21 09:53:28 --> current items data:[], 2024-10-21 09:53:28
ERROR - 2024-10-21 09:53:29 --> current items data:[], 2024-10-21 09:53:29
ERROR - 2024-10-21 09:53:31 --> current items data:[], 2024-10-21 09:53:31
ERROR - 2024-10-21 09:54:02 --> current items data:[{"id":"37","inward_invoice_id":"K4","inward_item_id":"19","auction_id":"1","grade_id":"26","lot_no":"37","lot_set":"19","auction_quantity":"10","sample_quantity":"2","auction_each_net":"6","base_price":"100","reverse_price":"105","high_price":"0","valuation_price":"110","last_sold_price":null,"status":"1","is_sold":"0","min_bid_added":"0","is_withdrawn":"0","created_at":"2024-10-21 08:44:27","updated_at":"2024-10-21 08:46:52","created_by":"5","updated_by":"5"},{"id":"38","inward_invoice_id":"K3","inward_item_id":"18","auction_id":"1","grade_id":"6","lot_no":"38","lot_set":"19","auction_quantity":"10","sample_quantity":"2","auction_each_net":"4","base_price":"100","reverse_price":"105","high_price":"0","valuation_price":"110","last_sold_price":null,"status":"1","is_sold":"0","min_bid_added":"0","is_withdrawn":"0","created_at":"2024-10-21 08:44:27","updated_at":"2024-10-21 08:46:52","created_by":"5","updated_by":"5"}], 2024-10-21 09:54:02
ERROR - 2024-10-21 09:54:02 --> Error code L001. auctionItemId:37, 2024-10-21 09:54:02
ERROR - 2024-10-21 09:54:02 --> bid calculation initiated auctionItemId:37, 5
ERROR - 2024-10-21 09:54:02 --> bidding value array:{"id":"374","auction_item_id":"37","buyer_id":"4","bid_price":"601.00","sq":"1.000","bq":"1.000","bid_type":"1","created_at":"2024-10-21 09:54:01","updated_at":"2024-10-21 09:54:01"}
ERROR - 2024-10-21 09:54:02 --> Error code 001. HBP:601.00, HABP: 2500, 2024-10-21 09:54:02
ERROR - 2024-10-21 09:54:02 --> Error code 003. HBP:601.00, RP: 105, 2024-10-21 09:54:02
ERROR - 2024-10-21 09:54:02 --> Error code 005. HBP:601.00, SLHABP: 600, 2024-10-21 09:54:02
ERROR - 2024-10-21 09:54:02 --> bid calculation Ended auctionItemId:37, 2024-10-21 09:54:02
ERROR - 2024-10-21 09:54:02 --> Error code L002. auctionItemId:37, 2024-10-21 09:54:02
ERROR - 2024-10-21 09:54:02 --> Error code L003. auctionItemId:37, 2024-10-21 09:54:02
ERROR - 2024-10-21 09:54:02 --> Error code L001. auctionItemId:38, 2024-10-21 09:54:02
ERROR - 2024-10-21 09:54:02 --> bid calculation initiated auctionItemId:38, 5
ERROR - 2024-10-21 09:54:02 --> bidding value array:{"id":"372","auction_item_id":"38","buyer_id":"18","bid_price":"321.00","sq":"1.000","bq":"1.000","bid_type":"1","created_at":"2024-10-21 09:54:00","updated_at":"2024-10-21 09:54:00"}
ERROR - 2024-10-21 09:54:02 --> Error code 001. HBP:321.00, HABP: 500, 2024-10-21 09:54:02
ERROR - 2024-10-21 09:54:02 --> Error code 003. HBP:321.00, RP: 105, 2024-10-21 09:54:02
ERROR - 2024-10-21 09:54:02 --> Error code 005. HBP:321.00, SLHABP: 320, 2024-10-21 09:54:02
ERROR - 2024-10-21 09:54:02 --> bid calculation Ended auctionItemId:38, 2024-10-21 09:54:02
ERROR - 2024-10-21 09:54:02 --> Error code L002. auctionItemId:38, 2024-10-21 09:54:02
ERROR - 2024-10-21 09:54:02 --> Error code L003. auctionItemId:38, 2024-10-21 09:54:02
ERROR - 2024-10-21 09:54:02 --> current items data:[], 2024-10-21 09:54:02
ERROR - 2024-10-21 09:54:02 --> current items data:[], 2024-10-21 09:54:02
ERROR - 2024-10-21 09:54:02 --> current items data:[], 2024-10-21 09:54:02
ERROR - 2024-10-21 09:54:02 --> current items data:[], 2024-10-21 09:54:02
ERROR - 2024-10-21 09:54:02 --> current items data:[], 2024-10-21 09:54:02
ERROR - 2024-10-21 09:54:03 --> current items data:[], 2024-10-21 09:54:03
ERROR - 2024-10-21 09:54:03 --> current items data:[], 2024-10-21 09:54:03
ERROR - 2024-10-21 09:54:03 --> Auto bid only
ERROR - 2024-10-21 09:54:03 --> Auto bid only:2
ERROR - 2024-10-21 09:54:03 --> Auto bid only
ERROR - 2024-10-21 09:54:03 --> Auto bid only:2
ERROR - 2024-10-21 09:54:29 --> current items data:[], 2024-10-21 09:54:29
ERROR - 2024-10-21 09:54:29 --> current items data:[], 2024-10-21 09:54:29
ERROR - 2024-10-21 09:54:30 --> current items data:[], 2024-10-21 09:54:30
ERROR - 2024-10-21 09:54:30 --> current items data:[], 2024-10-21 09:54:30
ERROR - 2024-10-21 09:54:30 --> current items data:[], 2024-10-21 09:54:30
ERROR - 2024-10-21 09:55:10 --> current items data:[{"id":"39","inward_invoice_id":"K5","inward_item_id":"20","auction_id":"1","grade_id":"7","lot_no":"39","lot_set":"20","auction_quantity":"10","sample_quantity":"2","auction_each_net":"10","base_price":"100","reverse_price":"105","high_price":"0","valuation_price":"110","last_sold_price":null,"status":"1","is_sold":"0","min_bid_added":"0","is_withdrawn":"0","created_at":"2024-10-21 08:44:27","updated_at":"2024-10-21 08:46:52","created_by":"5","updated_by":"5"},{"id":"40","inward_invoice_id":"K1","inward_item_id":"16","auction_id":"1","grade_id":"8","lot_no":"40","lot_set":"20","auction_quantity":"10","sample_quantity":"2","auction_each_net":"2","base_price":"100","reverse_price":"105","high_price":"0","valuation_price":"110","last_sold_price":null,"status":"1","is_sold":"0","min_bid_added":"0","is_withdrawn":"0","created_at":"2024-10-21 08:44:27","updated_at":"2024-10-21 08:46:52","created_by":"5","updated_by":"5"}], 2024-10-21 09:55:10
ERROR - 2024-10-21 09:55:10 --> Error code L001. auctionItemId:39, 2024-10-21 09:55:10
ERROR - 2024-10-21 09:55:10 --> bid calculation initiated auctionItemId:39, 6
ERROR - 2024-10-21 09:55:10 --> bidding value array:{"id":"435","auction_item_id":"39","buyer_id":"18","bid_price":"1401.00","sq":"1.000","bq":"1.000","bid_type":"1","created_at":"2024-10-21 09:55:05","updated_at":"2024-10-21 09:55:05"}
ERROR - 2024-10-21 09:55:10 --> Error code 001. HBP:1401.00, HABP: 1500, 2024-10-21 09:55:10
ERROR - 2024-10-21 09:55:10 --> Error code 003. HBP:1401.00, RP: 105, 2024-10-21 09:55:10
ERROR - 2024-10-21 09:55:10 --> Error code 005. HBP:1401.00, SLHABP: 1400, 2024-10-21 09:55:10
ERROR - 2024-10-21 09:55:10 --> bid calculation Ended auctionItemId:39, 2024-10-21 09:55:10
ERROR - 2024-10-21 09:55:10 --> Error code L002. auctionItemId:39, 2024-10-21 09:55:10
ERROR - 2024-10-21 09:55:10 --> Error code L003. auctionItemId:39, 2024-10-21 09:55:10
ERROR - 2024-10-21 09:55:10 --> Error code L001. auctionItemId:40, 2024-10-21 09:55:10
ERROR - 2024-10-21 09:55:10 --> bid calculation initiated auctionItemId:40, 6
ERROR - 2024-10-21 09:55:10 --> bidding value array:{"id":"433","auction_item_id":"40","buyer_id":"18","bid_price":"1401.00","sq":"1.000","bq":"1.000","bid_type":"1","created_at":"2024-10-21 09:55:03","updated_at":"2024-10-21 09:55:03"}
ERROR - 2024-10-21 09:55:10 --> Error code 001. HBP:1401.00, HABP: 2000, 2024-10-21 09:55:10
ERROR - 2024-10-21 09:55:10 --> Error code 003. HBP:1401.00, RP: 105, 2024-10-21 09:55:10
ERROR - 2024-10-21 09:55:10 --> Error code 005. HBP:1401.00, SLHABP: 1400, 2024-10-21 09:55:10
ERROR - 2024-10-21 09:55:10 --> bid calculation Ended auctionItemId:40, 2024-10-21 09:55:10
ERROR - 2024-10-21 09:55:10 --> Error code L002. auctionItemId:40, 2024-10-21 09:55:10
ERROR - 2024-10-21 09:55:10 --> Error code L003. auctionItemId:40, 2024-10-21 09:55:10
ERROR - 2024-10-21 09:55:10 --> current items data:[], 2024-10-21 09:55:10
ERROR - 2024-10-21 09:55:10 --> current items data:[], 2024-10-21 09:55:10
ERROR - 2024-10-21 09:55:10 --> current items data:[], 2024-10-21 09:55:10
ERROR - 2024-10-21 09:55:11 --> current items data:[], 2024-10-21 09:55:11
ERROR - 2024-10-21 09:55:11 --> current items data:[], 2024-10-21 09:55:11
ERROR - 2024-10-21 09:55:11 --> current items data:[], 2024-10-21 09:55:11
ERROR - 2024-10-21 09:55:14 --> current items data:[], 2024-10-21 09:55:14
ERROR - 2024-10-21 09:55:29 --> current items data:[], 2024-10-21 09:55:29
ERROR - 2024-10-21 09:55:30 --> current items data:[], 2024-10-21 09:55:30
ERROR - 2024-10-21 09:55:30 --> current items data:[], 2024-10-21 09:55:30
ERROR - 2024-10-21 09:55:30 --> current items data:[], 2024-10-21 09:55:30
ERROR - 2024-10-21 09:55:32 --> current items data:[], 2024-10-21 09:55:32
CRITICAL - 2024-10-21 14:20:21 --> ErrorException: Undefined variable $auction_data
in APPPATH/Controllers/Cart.php on line 428.
 1 APPPATH/Controllers/Cart.php(428): CodeIgniter\Debug\Exceptions->errorHandler(2, 'Undefined variable $auction_data', '/var/www/eazyhosting.in/public_html/api/app/Controllers/Cart.php', 428)
 2 SYSTEMPATH/CodeIgniter.php(941): App\Controllers\Cart->auctiongardenlist()
 3 SYSTEMPATH/CodeIgniter.php(502): CodeIgniter\CodeIgniter->runController(Object(App\Controllers\Cart))
 4 SYSTEMPATH/CodeIgniter.php(361): CodeIgniter\CodeIgniter->handleRequest(null, Object(Config\Cache), false)
 5 FCPATH/index.php(79): CodeIgniter\CodeIgniter->run()
CRITICAL - 2024-10-21 14:20:37 --> ErrorException: Undefined variable $auction_data
in APPPATH/Controllers/Cart.php on line 428.
 1 APPPATH/Controllers/Cart.php(428): CodeIgniter\Debug\Exceptions->errorHandler(2, 'Undefined variable $auction_data', '/var/www/eazyhosting.in/public_html/api/app/Controllers/Cart.php', 428)
 2 SYSTEMPATH/CodeIgniter.php(941): App\Controllers\Cart->auctiongardenlist()
 3 SYSTEMPATH/CodeIgniter.php(502): CodeIgniter\CodeIgniter->runController(Object(App\Controllers\Cart))
 4 SYSTEMPATH/CodeIgniter.php(361): CodeIgniter\CodeIgniter->handleRequest(null, Object(Config\Cache), false)
 5 FCPATH/index.php(79): CodeIgniter\CodeIgniter->run()
CRITICAL - 2024-10-21 14:20:39 --> ErrorException: Undefined variable $auction_data
in APPPATH/Controllers/Cart.php on line 428.
 1 APPPATH/Controllers/Cart.php(428): CodeIgniter\Debug\Exceptions->errorHandler(2, 'Undefined variable $auction_data', '/var/www/eazyhosting.in/public_html/api/app/Controllers/Cart.php', 428)
 2 SYSTEMPATH/CodeIgniter.php(941): App\Controllers\Cart->auctiongardenlist()
 3 SYSTEMPATH/CodeIgniter.php(502): CodeIgniter\CodeIgniter->runController(Object(App\Controllers\Cart))
 4 SYSTEMPATH/CodeIgniter.php(361): CodeIgniter\CodeIgniter->handleRequest(null, Object(Config\Cache), false)
 5 FCPATH/index.php(79): CodeIgniter\CodeIgniter->run()
