CRITICAL - 2024-08-18 11:14:28 --> ErrorException: Undefined variable $auction_data
in APPPATH/Controllers/Cart.php on line 427.
 1 APPPATH/Controllers/Cart.php(427): CodeIgniter\Debug\Exceptions->errorHandler(2, 'Undefined variable $auction_data', '/var/www/eazyhosting.in/public_html/api/app/Controllers/Cart.php', 427)
 2 SYSTEMPATH/CodeIgniter.php(941): App\Controllers\Cart->auctiongardenlist()
 3 SYSTEMPATH/CodeIgniter.php(502): CodeIgniter\CodeIgniter->runController(Object(App\Controllers\Cart))
 4 SYSTEMPATH/CodeIgniter.php(361): CodeIgniter\CodeIgniter->handleRequest(null, Object(Config\Cache), false)
 5 FCPATH/index.php(79): CodeIgniter\CodeIgniter->run()
CRITICAL - 2024-08-18 11:15:38 --> ErrorException: Undefined variable $auction_data
in APPPATH/Controllers/Cart.php on line 427.
 1 APPPATH/Controllers/Cart.php(427): CodeIgniter\Debug\Exceptions->errorHandler(2, 'Undefined variable $auction_data', '/var/www/eazyhosting.in/public_html/api/app/Controllers/Cart.php', 427)
 2 SYSTEMPATH/CodeIgniter.php(941): App\Controllers\Cart->auctiongardenlist()
 3 SYSTEMPATH/CodeIgniter.php(502): CodeIgniter\CodeIgniter->runController(Object(App\Controllers\Cart))
 4 SYSTEMPATH/CodeIgniter.php(361): CodeIgniter\CodeIgniter->handleRequest(null, Object(Config\Cache), false)
 5 FCPATH/index.php(79): CodeIgniter\CodeIgniter->run()
CRITICAL - 2024-08-18 11:17:47 --> ErrorException: Undefined variable $auction_data
in APPPATH/Controllers/Cart.php on line 427.
 1 APPPATH/Controllers/Cart.php(427): CodeIgniter\Debug\Exceptions->errorHandler(2, 'Undefined variable $auction_data', '/var/www/eazyhosting.in/public_html/api/app/Controllers/Cart.php', 427)
 2 SYSTEMPATH/CodeIgniter.php(941): App\Controllers\Cart->auctiongardenlist()
 3 SYSTEMPATH/CodeIgniter.php(502): CodeIgniter\CodeIgniter->runController(Object(App\Controllers\Cart))
 4 SYSTEMPATH/CodeIgniter.php(361): CodeIgniter\CodeIgniter->handleRequest(null, Object(Config\Cache), false)
 5 FCPATH/index.php(79): CodeIgniter\CodeIgniter->run()
ERROR - 2024-08-18 11:28:49 --> current items data:[{"id":"21","inward_invoice_id":"V2","inward_item_id":"2","auction_id":"3","lot_no":"1","lot_set":"1","auction_quantity":"2","sample_quantity":"1","auction_each_net":"13","base_price":"100","reverse_price":"110","high_price":"0","valuation_price":"120","last_sold_price":null,"status":"1","is_sold":"0","min_bid_added":"0","is_withdrawn":"0","created_at":"2024-08-18 11:18:20","updated_at":"2024-08-18 11:19:15","created_by":"3","updated_by":"3"},{"id":"22","inward_invoice_id":"V1","inward_item_id":"1","auction_id":"3","lot_no":"2","lot_set":"1","auction_quantity":"2","sample_quantity":"1","auction_each_net":"10","base_price":"100","reverse_price":"110","high_price":"0","valuation_price":"120","last_sold_price":null,"status":"1","is_sold":"0","min_bid_added":"0","is_withdrawn":"0","created_at":"2024-08-18 11:18:20","updated_at":"2024-08-18 11:19:15","created_by":"3","updated_by":"3"}], 2024-08-18 11:28:49
ERROR - 2024-08-18 11:28:49 --> Error code L001. auctionItemId:21, 2024-08-18 11:28:49
ERROR - 2024-08-18 11:28:49 --> bid calculation initiated auctionItemId:21, 2024-08-18 11:28:49
ERROR - 2024-08-18 11:28:49 --> Error code 001. HBP:131.00,HABP: 150.00, 2024-08-18 11:28:49
ERROR - 2024-08-18 11:28:49 --> Error code 003. HBP:131.00,RP: 110, 2024-08-18 11:28:49
ERROR - 2024-08-18 11:28:49 --> Error code 005. HBP:131.00,SLHABP: 130.00, 2024-08-18 11:28:49
ERROR - 2024-08-18 11:28:49 --> bid calculation Ended auctionItemId:21, 2024-08-18 11:28:49
ERROR - 2024-08-18 11:28:49 --> Error code L002. auctionItemId:21, 2024-08-18 11:28:49
ERROR - 2024-08-18 11:28:49 --> Error code L003. auctionItemId:21, 2024-08-18 11:28:49
ERROR - 2024-08-18 11:28:49 --> Error code L001. auctionItemId:22, 2024-08-18 11:28:49
ERROR - 2024-08-18 11:28:49 --> bid calculation initiated auctionItemId:22, 2024-08-18 11:28:49
ERROR - 2024-08-18 11:28:49 --> bid calculation Ended auctionItemId:22, 2024-08-18 11:28:49
ERROR - 2024-08-18 11:28:49 --> Error code L002. auctionItemId:22, 2024-08-18 11:28:49
ERROR - 2024-08-18 11:28:49 --> Error code L003. auctionItemId:22, 2024-08-18 11:28:49
ERROR - 2024-08-18 11:29:10 --> current items data:[], 2024-08-18 11:29:10
ERROR - 2024-08-18 11:30:48 --> current items data:[{"id":"23","inward_invoice_id":"V3","inward_item_id":"3","auction_id":"3","lot_no":"3","lot_set":"2","auction_quantity":"2","sample_quantity":"1","auction_each_net":"9","base_price":"100","reverse_price":"110","high_price":"0","valuation_price":"120","last_sold_price":null,"status":"1","is_sold":"0","min_bid_added":"0","is_withdrawn":"0","created_at":"2024-08-18 11:18:20","updated_at":"2024-08-18 11:19:15","created_by":"3","updated_by":"3"}], 2024-08-18 11:30:48
ERROR - 2024-08-18 11:30:48 --> Error code L001. auctionItemId:23, 2024-08-18 11:30:48
ERROR - 2024-08-18 11:30:48 --> bid calculation initiated auctionItemId:23, 2024-08-18 11:30:48
ERROR - 2024-08-18 11:30:48 --> bid calculation Ended auctionItemId:23, 2024-08-18 11:30:48
ERROR - 2024-08-18 11:30:48 --> Error code L002. auctionItemId:23, 2024-08-18 11:30:48
ERROR - 2024-08-18 11:30:48 --> Error code L003. auctionItemId:23, 2024-08-18 11:30:48
ERROR - 2024-08-18 11:31:55 --> current items data:[], 2024-08-18 11:31:55
