CRITICAL - 2024-05-25 12:09:14 --> ErrorException: Undefined variable $data
in APPPATH/Controllers/Cart.php on line 500.
 1 APPPATH/Controllers/Cart.php(500): CodeIgniter\Debug\Exceptions->errorHandler(2, 'Undefined variable $data', '/var/www/eazyhosting.in/public_html/api/app/Controllers/Cart.php', 500)
 2 SYSTEMPATH/CodeIgniter.php(941): App\Controllers\Cart->auctiongardenlist()
 3 SYSTEMPATH/CodeIgniter.php(502): CodeIgniter\CodeIgniter->runController(Object(App\Controllers\Cart))
 4 SYSTEMPATH/CodeIgniter.php(361): CodeIgniter\CodeIgniter->handleRequest(null, Object(Config\Cache), false)
 5 FCPATH/index.php(79): CodeIgniter\CodeIgniter->run()
CRITICAL - 2024-05-25 12:12:20 --> ErrorException: foreach() argument must be of type array|object, null given
in APPPATH/Controllers/Cart.php on line 476.
 1 APPPATH/Controllers/Cart.php(476): CodeIgniter\Debug\Exceptions->errorHandler(2, 'foreach() argument must be of type array|object, null given', '/var/www/eazyhosting.in/public_html/api/app/Controllers/Cart.php', 476)
 2 SYSTEMPATH/CodeIgniter.php(941): App\Controllers\Cart->auctiongardenlist()
 3 SYSTEMPATH/CodeIgniter.php(502): CodeIgniter\CodeIgniter->runController(Object(App\Controllers\Cart))
 4 SYSTEMPATH/CodeIgniter.php(361): CodeIgniter\CodeIgniter->handleRequest(null, Object(Config\Cache), false)
 5 FCPATH/index.php(79): CodeIgniter\CodeIgniter->run()
CRITICAL - 2024-05-25 12:12:28 --> ErrorException: foreach() argument must be of type array|object, null given
in APPPATH/Controllers/Cart.php on line 476.
 1 APPPATH/Controllers/Cart.php(476): CodeIgniter\Debug\Exceptions->errorHandler(2, 'foreach() argument must be of type array|object, null given', '/var/www/eazyhosting.in/public_html/api/app/Controllers/Cart.php', 476)
 2 SYSTEMPATH/CodeIgniter.php(941): App\Controllers\Cart->auctiongardenlist()
 3 SYSTEMPATH/CodeIgniter.php(502): CodeIgniter\CodeIgniter->runController(Object(App\Controllers\Cart))
 4 SYSTEMPATH/CodeIgniter.php(361): CodeIgniter\CodeIgniter->handleRequest(null, Object(Config\Cache), false)
 5 FCPATH/index.php(79): CodeIgniter\CodeIgniter->run()
CRITICAL - 2024-05-25 12:21:50 --> ErrorException: foreach() argument must be of type array|object, null given
in APPPATH/Controllers/Cart.php on line 476.
 1 APPPATH/Controllers/Cart.php(476): CodeIgniter\Debug\Exceptions->errorHandler(2, 'foreach() argument must be of type array|object, null given', '/var/www/eazyhosting.in/public_html/api/app/Controllers/Cart.php', 476)
 2 SYSTEMPATH/CodeIgniter.php(941): App\Controllers\Cart->auctiongardenlist()
 3 SYSTEMPATH/CodeIgniter.php(502): CodeIgniter\CodeIgniter->runController(Object(App\Controllers\Cart))
 4 SYSTEMPATH/CodeIgniter.php(361): CodeIgniter\CodeIgniter->handleRequest(null, Object(Config\Cache), false)
 5 FCPATH/index.php(79): CodeIgniter\CodeIgniter->run()
ERROR - 2024-05-25 15:33:44 --> mysqli_sql_exception: Table 'oams_staging.auction_buyer_invoice' doesn't exist in /var/www/eazyhosting.in/public_html/api/system/Database/MySQLi/Connection.php:306
Stack trace:
#0 /var/www/eazyhosting.in/public_html/api/system/Database/MySQLi/Connection.php(306): mysqli->query('SELECT `auction...', 0)
#1 /var/www/eazyhosting.in/public_html/api/system/Database/BaseConnection.php(693): CodeIgniter\Database\MySQLi\Connection->execute('SELECT `auction...')
#2 /var/www/eazyhosting.in/public_html/api/system/Database/BaseConnection.php(607): CodeIgniter\Database\BaseConnection->simpleQuery('SELECT `auction...')
#3 /var/www/eazyhosting.in/public_html/api/system/Database/BaseBuilder.php(1616): CodeIgniter\Database\BaseConnection->query('SELECT `auction...', Array, false)
#4 /var/www/eazyhosting.in/public_html/api/system/Model.php(242): CodeIgniter\Database\BaseBuilder->get()
#5 /var/www/eazyhosting.in/public_html/api/system/BaseModel.php(638): CodeIgniter\Model->doFindAll(0, 0)
#6 /var/www/eazyhosting.in/public_html/api/app/Controllers/Auction.php(1592): CodeIgniter\BaseModel->findAll()
#7 /var/www/eazyhosting.in/public_html/api/system/CodeIgniter.php(941): App\Controllers\Auction->auctionBuyerInvoice()
#8 /var/www/eazyhosting.in/public_html/api/system/CodeIgniter.php(502): CodeIgniter\CodeIgniter->runController(Object(App\Controllers\Auction))
#9 /var/www/eazyhosting.in/public_html/api/system/CodeIgniter.php(361): CodeIgniter\CodeIgniter->handleRequest(NULL, Object(Config\Cache), false)
#10 /var/www/eazyhosting.in/public_html/api/public/index.php(79): CodeIgniter\CodeIgniter->run()
#11 {main}
CRITICAL - 2024-05-25 15:33:44 --> CodeIgniter\Database\Exceptions\DatabaseException: Table 'oams_staging.auction_buyer_invoice' doesn't exist
in SYSTEMPATH/Database/BaseConnection.php on line 647.
 1 SYSTEMPATH/Database/BaseBuilder.php(1616): CodeIgniter\Database\BaseConnection->query('SELECT `auction_buyer_invoice`.*, `buyer`.`name` AS `buyer_name`, `buyer`.`contact_person_number`
FROM `auction_buyer_invoice`
LEFT JOIN `buyer` ON `buyer`.`id` = `auction_buyer_invoice`.`buyer_id`', [], false)
 2 SYSTEMPATH/Model.php(242): CodeIgniter\Database\BaseBuilder->get()
 3 SYSTEMPATH/BaseModel.php(638): CodeIgniter\Model->doFindAll(0, 0)
 4 APPPATH/Controllers/Auction.php(1592): CodeIgniter\BaseModel->findAll()
 5 SYSTEMPATH/CodeIgniter.php(941): App\Controllers\Auction->auctionBuyerInvoice()
 6 SYSTEMPATH/CodeIgniter.php(502): CodeIgniter\CodeIgniter->runController(Object(App\Controllers\Auction))
 7 SYSTEMPATH/CodeIgniter.php(361): CodeIgniter\CodeIgniter->handleRequest(null, Object(Config\Cache), false)
 8 FCPATH/index.php(79): CodeIgniter\CodeIgniter->run()
CRITICAL - 2024-05-25 15:33:44 --> [Caused by] CodeIgniter\Database\Exceptions\DatabaseException: Table 'oams_staging.auction_buyer_invoice' doesn't exist
in SYSTEMPATH/Database/MySQLi/Connection.php on line 311.
 1 SYSTEMPATH/Database/BaseConnection.php(693): CodeIgniter\Database\MySQLi\Connection->execute('SELECT `auction_buyer_invoice`.*, `buyer`.`name` AS `buyer_name`, `buyer`.`contact_person_number`
FROM `auction_buyer_invoice`
LEFT JOIN `buyer` ON `buyer`.`id` = `auction_buyer_invoice`.`buyer_id`')
 2 SYSTEMPATH/Database/BaseConnection.php(607): CodeIgniter\Database\BaseConnection->simpleQuery('SELECT `auction_buyer_invoice`.*, `buyer`.`name` AS `buyer_name`, `buyer`.`contact_person_number`
FROM `auction_buyer_invoice`
LEFT JOIN `buyer` ON `buyer`.`id` = `auction_buyer_invoice`.`buyer_id`')
 3 SYSTEMPATH/Database/BaseBuilder.php(1616): CodeIgniter\Database\BaseConnection->query('SELECT `auction_buyer_invoice`.*, `buyer`.`name` AS `buyer_name`, `buyer`.`contact_person_number`
FROM `auction_buyer_invoice`
LEFT JOIN `buyer` ON `buyer`.`id` = `auction_buyer_invoice`.`buyer_id`', [], false)
 4 SYSTEMPATH/Model.php(242): CodeIgniter\Database\BaseBuilder->get()
 5 SYSTEMPATH/BaseModel.php(638): CodeIgniter\Model->doFindAll(0, 0)
 6 APPPATH/Controllers/Auction.php(1592): CodeIgniter\BaseModel->findAll()
 7 SYSTEMPATH/CodeIgniter.php(941): App\Controllers\Auction->auctionBuyerInvoice()
 8 SYSTEMPATH/CodeIgniter.php(502): CodeIgniter\CodeIgniter->runController(Object(App\Controllers\Auction))
 9 SYSTEMPATH/CodeIgniter.php(361): CodeIgniter\CodeIgniter->handleRequest(null, Object(Config\Cache), false)
10 FCPATH/index.php(79): CodeIgniter\CodeIgniter->run()
CRITICAL - 2024-05-25 15:33:44 --> [Caused by] mysqli_sql_exception: Table 'oams_staging.auction_buyer_invoice' doesn't exist
in SYSTEMPATH/Database/MySQLi/Connection.php on line 306.
 1 SYSTEMPATH/Database/MySQLi/Connection.php(306): mysqli->query('SELECT `auction_buyer_invoice`.*, `buyer`.`name` AS `buyer_name`, `buyer`.`contact_person_number`
FROM `auction_buyer_invoice`
LEFT JOIN `buyer` ON `buyer`.`id` = `auction_buyer_invoice`.`buyer_id`', 0)
 2 SYSTEMPATH/Database/BaseConnection.php(693): CodeIgniter\Database\MySQLi\Connection->execute('SELECT `auction_buyer_invoice`.*, `buyer`.`name` AS `buyer_name`, `buyer`.`contact_person_number`
FROM `auction_buyer_invoice`
LEFT JOIN `buyer` ON `buyer`.`id` = `auction_buyer_invoice`.`buyer_id`')
 3 SYSTEMPATH/Database/BaseConnection.php(607): CodeIgniter\Database\BaseConnection->simpleQuery('SELECT `auction_buyer_invoice`.*, `buyer`.`name` AS `buyer_name`, `buyer`.`contact_person_number`
FROM `auction_buyer_invoice`
LEFT JOIN `buyer` ON `buyer`.`id` = `auction_buyer_invoice`.`buyer_id`')
 4 SYSTEMPATH/Database/BaseBuilder.php(1616): CodeIgniter\Database\BaseConnection->query('SELECT `auction_buyer_invoice`.*, `buyer`.`name` AS `buyer_name`, `buyer`.`contact_person_number`
FROM `auction_buyer_invoice`
LEFT JOIN `buyer` ON `buyer`.`id` = `auction_buyer_invoice`.`buyer_id`', [], false)
 5 SYSTEMPATH/Model.php(242): CodeIgniter\Database\BaseBuilder->get()
 6 SYSTEMPATH/BaseModel.php(638): CodeIgniter\Model->doFindAll(0, 0)
 7 APPPATH/Controllers/Auction.php(1592): CodeIgniter\BaseModel->findAll()
 8 SYSTEMPATH/CodeIgniter.php(941): App\Controllers\Auction->auctionBuyerInvoice()
 9 SYSTEMPATH/CodeIgniter.php(502): CodeIgniter\CodeIgniter->runController(Object(App\Controllers\Auction))
10 SYSTEMPATH/CodeIgniter.php(361): CodeIgniter\CodeIgniter->handleRequest(null, Object(Config\Cache), false)
11 FCPATH/index.php(79): CodeIgniter\CodeIgniter->run()
