ERROR - 2024-05-27 18:17:24 --> mysqli_sql_exception: Subquery returns more than 1 row in /var/www/eazyhosting.in/public_html/api/system/Database/MySQLi/Connection.php:306
Stack trace:
#0 /var/www/eazyhosting.in/public_html/api/system/Database/MySQLi/Connection.php(306): mysqli->query('SELECT `auction...', 0)
#1 /var/www/eazyhosting.in/public_html/api/system/Database/BaseConnection.php(693): CodeIgniter\Database\MySQLi\Connection->execute('SELECT `auction...')
#2 /var/www/eazyhosting.in/public_html/api/system/Database/BaseConnection.php(607): CodeIgniter\Database\BaseConnection->simpleQuery('SELECT `auction...')
#3 /var/www/eazyhosting.in/public_html/api/system/Database/BaseBuilder.php(1616): CodeIgniter\Database\BaseConnection->query('SELECT `auction...', Array, false)
#4 /var/www/eazyhosting.in/public_html/api/system/Model.php(202): CodeIgniter\Database\BaseBuilder->get()
#5 /var/www/eazyhosting.in/public_html/api/system/BaseModel.php(577): CodeIgniter\Model->doFind(false, NULL)
#6 /var/www/eazyhosting.in/public_html/api/app/Controllers/BuyerDashboard.php(265): CodeIgniter\BaseModel->find()
#7 /var/www/eazyhosting.in/public_html/api/system/CodeIgniter.php(941): App\Controllers\BuyerDashboard->getMyCatalogs('18', '1')
#8 /var/www/eazyhosting.in/public_html/api/system/CodeIgniter.php(502): CodeIgniter\CodeIgniter->runController(Object(App\Controllers\BuyerDashboard))
#9 /var/www/eazyhosting.in/public_html/api/system/CodeIgniter.php(361): CodeIgniter\CodeIgniter->handleRequest(NULL, Object(Config\Cache), false)
#10 /var/www/eazyhosting.in/public_html/api/public/index.php(79): CodeIgniter\CodeIgniter->run()
#11 {main}
CRITICAL - 2024-05-27 18:17:24 --> CodeIgniter\Database\Exceptions\DatabaseException: Subquery returns more than 1 row
in SYSTEMPATH/Database/BaseConnection.php on line 647.
 1 SYSTEMPATH/Database/BaseBuilder.php(1616): CodeIgniter\Database\BaseConnection->query('SELECT `auction_items`.*, `inward_items`.`weight_net`, `inward_items`.`total_net`, `grade`.`name` AS `gradename`, `garden`.`name` AS `gardenname`, `inward_items`.`bag_type`, (SELECT status FROM buyer_catalog WHERE buyer_catalog.auction_item_id = auction_items.id) AS is_catalog, (SELECT MAX(bid_price) FROM auction_biddings WHERE auction_biddings.auction_item_id = auction_items.id) AS bid_price
FROM `buyer_catalog`
LEFT JOIN `auction_items` ON `auction_items`.`id` = `buyer_catalog`.`auction_item_id`
LEFT JOIN `inward_items` ON `inward_items`.`id` = `auction_items`.`inward_item_id`
LEFT JOIN `inward` ON `inward_items`.`inward_id` = `inward`.`id`
LEFT JOIN `garden` ON `inward`.`garden_id` = `garden`.`id`
LEFT JOIN `grade` ON `grade`.`id` = `inward_items`.`grade_id`
WHERE `buyer_catalog`.`auction_id` = :buyer_catalog.auction_id:
AND `buyer_catalog`.`buyer_id` = :buyer_catalog.buyer_id:', [...], false)
 2 SYSTEMPATH/Model.php(202): CodeIgniter\Database\BaseBuilder->get()
 3 SYSTEMPATH/BaseModel.php(577): CodeIgniter\Model->doFind(false, null)
 4 APPPATH/Controllers/BuyerDashboard.php(265): CodeIgniter\BaseModel->find()
 5 SYSTEMPATH/CodeIgniter.php(941): App\Controllers\BuyerDashboard->getMyCatalogs('18', '1')
 6 SYSTEMPATH/CodeIgniter.php(502): CodeIgniter\CodeIgniter->runController(Object(App\Controllers\BuyerDashboard))
 7 SYSTEMPATH/CodeIgniter.php(361): CodeIgniter\CodeIgniter->handleRequest(null, Object(Config\Cache), false)
 8 FCPATH/index.php(79): CodeIgniter\CodeIgniter->run()
CRITICAL - 2024-05-27 18:17:24 --> [Caused by] CodeIgniter\Database\Exceptions\DatabaseException: Subquery returns more than 1 row
in SYSTEMPATH/Database/MySQLi/Connection.php on line 311.
 1 SYSTEMPATH/Database/BaseConnection.php(693): CodeIgniter\Database\MySQLi\Connection->execute('SELECT `auction_items`.*, `inward_items`.`weight_net`, `inward_items`.`total_net`, `grade`.`name` AS `gradename`, `garden`.`name` AS `gardenname`, `inward_items`.`bag_type`, (SELECT status FROM buyer_catalog WHERE buyer_catalog.auction_item_id = auction_items.id) AS is_catalog, (SELECT MAX(bid_price) FROM auction_biddings WHERE auction_biddings.auction_item_id = auction_items.id) AS bid_price
FROM `buyer_catalog`
LEFT JOIN `auction_items` ON `auction_items`.`id` = `buyer_catalog`.`auction_item_id`
LEFT JOIN `inward_items` ON `inward_items`.`id` = `auction_items`.`inward_item_id`
LEFT JOIN `inward` ON `inward_items`.`inward_id` = `inward`.`id`
LEFT JOIN `garden` ON `inward`.`garden_id` = `garden`.`id`
LEFT JOIN `grade` ON `grade`.`id` = `inward_items`.`grade_id`
WHERE `buyer_catalog`.`auction_id` = \'18\'
AND `buyer_catalog`.`buyer_id` = \'1\'')
 2 SYSTEMPATH/Database/BaseConnection.php(607): CodeIgniter\Database\BaseConnection->simpleQuery('SELECT `auction_items`.*, `inward_items`.`weight_net`, `inward_items`.`total_net`, `grade`.`name` AS `gradename`, `garden`.`name` AS `gardenname`, `inward_items`.`bag_type`, (SELECT status FROM buyer_catalog WHERE buyer_catalog.auction_item_id = auction_items.id) AS is_catalog, (SELECT MAX(bid_price) FROM auction_biddings WHERE auction_biddings.auction_item_id = auction_items.id) AS bid_price
FROM `buyer_catalog`
LEFT JOIN `auction_items` ON `auction_items`.`id` = `buyer_catalog`.`auction_item_id`
LEFT JOIN `inward_items` ON `inward_items`.`id` = `auction_items`.`inward_item_id`
LEFT JOIN `inward` ON `inward_items`.`inward_id` = `inward`.`id`
LEFT JOIN `garden` ON `inward`.`garden_id` = `garden`.`id`
LEFT JOIN `grade` ON `grade`.`id` = `inward_items`.`grade_id`
WHERE `buyer_catalog`.`auction_id` = \'18\'
AND `buyer_catalog`.`buyer_id` = \'1\'')
 3 SYSTEMPATH/Database/BaseBuilder.php(1616): CodeIgniter\Database\BaseConnection->query('SELECT `auction_items`.*, `inward_items`.`weight_net`, `inward_items`.`total_net`, `grade`.`name` AS `gradename`, `garden`.`name` AS `gardenname`, `inward_items`.`bag_type`, (SELECT status FROM buyer_catalog WHERE buyer_catalog.auction_item_id = auction_items.id) AS is_catalog, (SELECT MAX(bid_price) FROM auction_biddings WHERE auction_biddings.auction_item_id = auction_items.id) AS bid_price
FROM `buyer_catalog`
LEFT JOIN `auction_items` ON `auction_items`.`id` = `buyer_catalog`.`auction_item_id`
LEFT JOIN `inward_items` ON `inward_items`.`id` = `auction_items`.`inward_item_id`
LEFT JOIN `inward` ON `inward_items`.`inward_id` = `inward`.`id`
LEFT JOIN `garden` ON `inward`.`garden_id` = `garden`.`id`
LEFT JOIN `grade` ON `grade`.`id` = `inward_items`.`grade_id`
WHERE `buyer_catalog`.`auction_id` = :buyer_catalog.auction_id:
AND `buyer_catalog`.`buyer_id` = :buyer_catalog.buyer_id:', [...], false)
 4 SYSTEMPATH/Model.php(202): CodeIgniter\Database\BaseBuilder->get()
 5 SYSTEMPATH/BaseModel.php(577): CodeIgniter\Model->doFind(false, null)
 6 APPPATH/Controllers/BuyerDashboard.php(265): CodeIgniter\BaseModel->find()
 7 SYSTEMPATH/CodeIgniter.php(941): App\Controllers\BuyerDashboard->getMyCatalogs('18', '1')
 8 SYSTEMPATH/CodeIgniter.php(502): CodeIgniter\CodeIgniter->runController(Object(App\Controllers\BuyerDashboard))
 9 SYSTEMPATH/CodeIgniter.php(361): CodeIgniter\CodeIgniter->handleRequest(null, Object(Config\Cache), false)
10 FCPATH/index.php(79): CodeIgniter\CodeIgniter->run()
CRITICAL - 2024-05-27 18:17:24 --> [Caused by] mysqli_sql_exception: Subquery returns more than 1 row
in SYSTEMPATH/Database/MySQLi/Connection.php on line 306.
 1 SYSTEMPATH/Database/MySQLi/Connection.php(306): mysqli->query('SELECT `auction_items`.*, `inward_items`.`weight_net`, `inward_items`.`total_net`, `grade`.`name` AS `gradename`, `garden`.`name` AS `gardenname`, `inward_items`.`bag_type`, (SELECT status FROM buyer_catalog WHERE buyer_catalog.auction_item_id = auction_items.id) AS is_catalog, (SELECT MAX(bid_price) FROM auction_biddings WHERE auction_biddings.auction_item_id = auction_items.id) AS bid_price
FROM `buyer_catalog`
LEFT JOIN `auction_items` ON `auction_items`.`id` = `buyer_catalog`.`auction_item_id`
LEFT JOIN `inward_items` ON `inward_items`.`id` = `auction_items`.`inward_item_id`
LEFT JOIN `inward` ON `inward_items`.`inward_id` = `inward`.`id`
LEFT JOIN `garden` ON `inward`.`garden_id` = `garden`.`id`
LEFT JOIN `grade` ON `grade`.`id` = `inward_items`.`grade_id`
WHERE `buyer_catalog`.`auction_id` = \'18\'
AND `buyer_catalog`.`buyer_id` = \'1\'', 0)
 2 SYSTEMPATH/Database/BaseConnection.php(693): CodeIgniter\Database\MySQLi\Connection->execute('SELECT `auction_items`.*, `inward_items`.`weight_net`, `inward_items`.`total_net`, `grade`.`name` AS `gradename`, `garden`.`name` AS `gardenname`, `inward_items`.`bag_type`, (SELECT status FROM buyer_catalog WHERE buyer_catalog.auction_item_id = auction_items.id) AS is_catalog, (SELECT MAX(bid_price) FROM auction_biddings WHERE auction_biddings.auction_item_id = auction_items.id) AS bid_price
FROM `buyer_catalog`
LEFT JOIN `auction_items` ON `auction_items`.`id` = `buyer_catalog`.`auction_item_id`
LEFT JOIN `inward_items` ON `inward_items`.`id` = `auction_items`.`inward_item_id`
LEFT JOIN `inward` ON `inward_items`.`inward_id` = `inward`.`id`
LEFT JOIN `garden` ON `inward`.`garden_id` = `garden`.`id`
LEFT JOIN `grade` ON `grade`.`id` = `inward_items`.`grade_id`
WHERE `buyer_catalog`.`auction_id` = \'18\'
AND `buyer_catalog`.`buyer_id` = \'1\'')
 3 SYSTEMPATH/Database/BaseConnection.php(607): CodeIgniter\Database\BaseConnection->simpleQuery('SELECT `auction_items`.*, `inward_items`.`weight_net`, `inward_items`.`total_net`, `grade`.`name` AS `gradename`, `garden`.`name` AS `gardenname`, `inward_items`.`bag_type`, (SELECT status FROM buyer_catalog WHERE buyer_catalog.auction_item_id = auction_items.id) AS is_catalog, (SELECT MAX(bid_price) FROM auction_biddings WHERE auction_biddings.auction_item_id = auction_items.id) AS bid_price
FROM `buyer_catalog`
LEFT JOIN `auction_items` ON `auction_items`.`id` = `buyer_catalog`.`auction_item_id`
LEFT JOIN `inward_items` ON `inward_items`.`id` = `auction_items`.`inward_item_id`
LEFT JOIN `inward` ON `inward_items`.`inward_id` = `inward`.`id`
LEFT JOIN `garden` ON `inward`.`garden_id` = `garden`.`id`
LEFT JOIN `grade` ON `grade`.`id` = `inward_items`.`grade_id`
WHERE `buyer_catalog`.`auction_id` = \'18\'
AND `buyer_catalog`.`buyer_id` = \'1\'')
 4 SYSTEMPATH/Database/BaseBuilder.php(1616): CodeIgniter\Database\BaseConnection->query('SELECT `auction_items`.*, `inward_items`.`weight_net`, `inward_items`.`total_net`, `grade`.`name` AS `gradename`, `garden`.`name` AS `gardenname`, `inward_items`.`bag_type`, (SELECT status FROM buyer_catalog WHERE buyer_catalog.auction_item_id = auction_items.id) AS is_catalog, (SELECT MAX(bid_price) FROM auction_biddings WHERE auction_biddings.auction_item_id = auction_items.id) AS bid_price
FROM `buyer_catalog`
LEFT JOIN `auction_items` ON `auction_items`.`id` = `buyer_catalog`.`auction_item_id`
LEFT JOIN `inward_items` ON `inward_items`.`id` = `auction_items`.`inward_item_id`
LEFT JOIN `inward` ON `inward_items`.`inward_id` = `inward`.`id`
LEFT JOIN `garden` ON `inward`.`garden_id` = `garden`.`id`
LEFT JOIN `grade` ON `grade`.`id` = `inward_items`.`grade_id`
WHERE `buyer_catalog`.`auction_id` = :buyer_catalog.auction_id:
AND `buyer_catalog`.`buyer_id` = :buyer_catalog.buyer_id:', [...], false)
 5 SYSTEMPATH/Model.php(202): CodeIgniter\Database\BaseBuilder->get()
 6 SYSTEMPATH/BaseModel.php(577): CodeIgniter\Model->doFind(false, null)
 7 APPPATH/Controllers/BuyerDashboard.php(265): CodeIgniter\BaseModel->find()
 8 SYSTEMPATH/CodeIgniter.php(941): App\Controllers\BuyerDashboard->getMyCatalogs('18', '1')
 9 SYSTEMPATH/CodeIgniter.php(502): CodeIgniter\CodeIgniter->runController(Object(App\Controllers\BuyerDashboard))
10 SYSTEMPATH/CodeIgniter.php(361): CodeIgniter\CodeIgniter->handleRequest(null, Object(Config\Cache), false)
11 FCPATH/index.php(79): CodeIgniter\CodeIgniter->run()
ERROR - 2024-05-27 18:17:34 --> mysqli_sql_exception: Subquery returns more than 1 row in /var/www/eazyhosting.in/public_html/api/system/Database/MySQLi/Connection.php:306
Stack trace:
#0 /var/www/eazyhosting.in/public_html/api/system/Database/MySQLi/Connection.php(306): mysqli->query('SELECT `auction...', 0)
#1 /var/www/eazyhosting.in/public_html/api/system/Database/BaseConnection.php(693): CodeIgniter\Database\MySQLi\Connection->execute('SELECT `auction...')
#2 /var/www/eazyhosting.in/public_html/api/system/Database/BaseConnection.php(607): CodeIgniter\Database\BaseConnection->simpleQuery('SELECT `auction...')
#3 /var/www/eazyhosting.in/public_html/api/system/Database/BaseBuilder.php(1616): CodeIgniter\Database\BaseConnection->query('SELECT `auction...', Array, false)
#4 /var/www/eazyhosting.in/public_html/api/system/Model.php(202): CodeIgniter\Database\BaseBuilder->get()
#5 /var/www/eazyhosting.in/public_html/api/system/BaseModel.php(577): CodeIgniter\Model->doFind(false, NULL)
#6 /var/www/eazyhosting.in/public_html/api/app/Controllers/BuyerDashboard.php(265): CodeIgniter\BaseModel->find()
#7 /var/www/eazyhosting.in/public_html/api/system/CodeIgniter.php(941): App\Controllers\BuyerDashboard->getMyCatalogs('18', '2')
#8 /var/www/eazyhosting.in/public_html/api/system/CodeIgniter.php(502): CodeIgniter\CodeIgniter->runController(Object(App\Controllers\BuyerDashboard))
#9 /var/www/eazyhosting.in/public_html/api/system/CodeIgniter.php(361): CodeIgniter\CodeIgniter->handleRequest(NULL, Object(Config\Cache), false)
#10 /var/www/eazyhosting.in/public_html/api/public/index.php(79): CodeIgniter\CodeIgniter->run()
#11 {main}
CRITICAL - 2024-05-27 18:17:34 --> CodeIgniter\Database\Exceptions\DatabaseException: Subquery returns more than 1 row
in SYSTEMPATH/Database/BaseConnection.php on line 647.
 1 SYSTEMPATH/Database/BaseBuilder.php(1616): CodeIgniter\Database\BaseConnection->query('SELECT `auction_items`.*, `inward_items`.`weight_net`, `inward_items`.`total_net`, `grade`.`name` AS `gradename`, `garden`.`name` AS `gardenname`, `inward_items`.`bag_type`, (SELECT status FROM buyer_catalog WHERE buyer_catalog.auction_item_id = auction_items.id) AS is_catalog, (SELECT MAX(bid_price) FROM auction_biddings WHERE auction_biddings.auction_item_id = auction_items.id) AS bid_price
FROM `buyer_catalog`
LEFT JOIN `auction_items` ON `auction_items`.`id` = `buyer_catalog`.`auction_item_id`
LEFT JOIN `inward_items` ON `inward_items`.`id` = `auction_items`.`inward_item_id`
LEFT JOIN `inward` ON `inward_items`.`inward_id` = `inward`.`id`
LEFT JOIN `garden` ON `inward`.`garden_id` = `garden`.`id`
LEFT JOIN `grade` ON `grade`.`id` = `inward_items`.`grade_id`
WHERE `buyer_catalog`.`auction_id` = :buyer_catalog.auction_id:
AND `buyer_catalog`.`buyer_id` = :buyer_catalog.buyer_id:', [...], false)
 2 SYSTEMPATH/Model.php(202): CodeIgniter\Database\BaseBuilder->get()
 3 SYSTEMPATH/BaseModel.php(577): CodeIgniter\Model->doFind(false, null)
 4 APPPATH/Controllers/BuyerDashboard.php(265): CodeIgniter\BaseModel->find()
 5 SYSTEMPATH/CodeIgniter.php(941): App\Controllers\BuyerDashboard->getMyCatalogs('18', '2')
 6 SYSTEMPATH/CodeIgniter.php(502): CodeIgniter\CodeIgniter->runController(Object(App\Controllers\BuyerDashboard))
 7 SYSTEMPATH/CodeIgniter.php(361): CodeIgniter\CodeIgniter->handleRequest(null, Object(Config\Cache), false)
 8 FCPATH/index.php(79): CodeIgniter\CodeIgniter->run()
CRITICAL - 2024-05-27 18:17:34 --> [Caused by] CodeIgniter\Database\Exceptions\DatabaseException: Subquery returns more than 1 row
in SYSTEMPATH/Database/MySQLi/Connection.php on line 311.
 1 SYSTEMPATH/Database/BaseConnection.php(693): CodeIgniter\Database\MySQLi\Connection->execute('SELECT `auction_items`.*, `inward_items`.`weight_net`, `inward_items`.`total_net`, `grade`.`name` AS `gradename`, `garden`.`name` AS `gardenname`, `inward_items`.`bag_type`, (SELECT status FROM buyer_catalog WHERE buyer_catalog.auction_item_id = auction_items.id) AS is_catalog, (SELECT MAX(bid_price) FROM auction_biddings WHERE auction_biddings.auction_item_id = auction_items.id) AS bid_price
FROM `buyer_catalog`
LEFT JOIN `auction_items` ON `auction_items`.`id` = `buyer_catalog`.`auction_item_id`
LEFT JOIN `inward_items` ON `inward_items`.`id` = `auction_items`.`inward_item_id`
LEFT JOIN `inward` ON `inward_items`.`inward_id` = `inward`.`id`
LEFT JOIN `garden` ON `inward`.`garden_id` = `garden`.`id`
LEFT JOIN `grade` ON `grade`.`id` = `inward_items`.`grade_id`
WHERE `buyer_catalog`.`auction_id` = \'18\'
AND `buyer_catalog`.`buyer_id` = \'2\'')
 2 SYSTEMPATH/Database/BaseConnection.php(607): CodeIgniter\Database\BaseConnection->simpleQuery('SELECT `auction_items`.*, `inward_items`.`weight_net`, `inward_items`.`total_net`, `grade`.`name` AS `gradename`, `garden`.`name` AS `gardenname`, `inward_items`.`bag_type`, (SELECT status FROM buyer_catalog WHERE buyer_catalog.auction_item_id = auction_items.id) AS is_catalog, (SELECT MAX(bid_price) FROM auction_biddings WHERE auction_biddings.auction_item_id = auction_items.id) AS bid_price
FROM `buyer_catalog`
LEFT JOIN `auction_items` ON `auction_items`.`id` = `buyer_catalog`.`auction_item_id`
LEFT JOIN `inward_items` ON `inward_items`.`id` = `auction_items`.`inward_item_id`
LEFT JOIN `inward` ON `inward_items`.`inward_id` = `inward`.`id`
LEFT JOIN `garden` ON `inward`.`garden_id` = `garden`.`id`
LEFT JOIN `grade` ON `grade`.`id` = `inward_items`.`grade_id`
WHERE `buyer_catalog`.`auction_id` = \'18\'
AND `buyer_catalog`.`buyer_id` = \'2\'')
 3 SYSTEMPATH/Database/BaseBuilder.php(1616): CodeIgniter\Database\BaseConnection->query('SELECT `auction_items`.*, `inward_items`.`weight_net`, `inward_items`.`total_net`, `grade`.`name` AS `gradename`, `garden`.`name` AS `gardenname`, `inward_items`.`bag_type`, (SELECT status FROM buyer_catalog WHERE buyer_catalog.auction_item_id = auction_items.id) AS is_catalog, (SELECT MAX(bid_price) FROM auction_biddings WHERE auction_biddings.auction_item_id = auction_items.id) AS bid_price
FROM `buyer_catalog`
LEFT JOIN `auction_items` ON `auction_items`.`id` = `buyer_catalog`.`auction_item_id`
LEFT JOIN `inward_items` ON `inward_items`.`id` = `auction_items`.`inward_item_id`
LEFT JOIN `inward` ON `inward_items`.`inward_id` = `inward`.`id`
LEFT JOIN `garden` ON `inward`.`garden_id` = `garden`.`id`
LEFT JOIN `grade` ON `grade`.`id` = `inward_items`.`grade_id`
WHERE `buyer_catalog`.`auction_id` = :buyer_catalog.auction_id:
AND `buyer_catalog`.`buyer_id` = :buyer_catalog.buyer_id:', [...], false)
 4 SYSTEMPATH/Model.php(202): CodeIgniter\Database\BaseBuilder->get()
 5 SYSTEMPATH/BaseModel.php(577): CodeIgniter\Model->doFind(false, null)
 6 APPPATH/Controllers/BuyerDashboard.php(265): CodeIgniter\BaseModel->find()
 7 SYSTEMPATH/CodeIgniter.php(941): App\Controllers\BuyerDashboard->getMyCatalogs('18', '2')
 8 SYSTEMPATH/CodeIgniter.php(502): CodeIgniter\CodeIgniter->runController(Object(App\Controllers\BuyerDashboard))
 9 SYSTEMPATH/CodeIgniter.php(361): CodeIgniter\CodeIgniter->handleRequest(null, Object(Config\Cache), false)
10 FCPATH/index.php(79): CodeIgniter\CodeIgniter->run()
CRITICAL - 2024-05-27 18:17:34 --> [Caused by] mysqli_sql_exception: Subquery returns more than 1 row
in SYSTEMPATH/Database/MySQLi/Connection.php on line 306.
 1 SYSTEMPATH/Database/MySQLi/Connection.php(306): mysqli->query('SELECT `auction_items`.*, `inward_items`.`weight_net`, `inward_items`.`total_net`, `grade`.`name` AS `gradename`, `garden`.`name` AS `gardenname`, `inward_items`.`bag_type`, (SELECT status FROM buyer_catalog WHERE buyer_catalog.auction_item_id = auction_items.id) AS is_catalog, (SELECT MAX(bid_price) FROM auction_biddings WHERE auction_biddings.auction_item_id = auction_items.id) AS bid_price
FROM `buyer_catalog`
LEFT JOIN `auction_items` ON `auction_items`.`id` = `buyer_catalog`.`auction_item_id`
LEFT JOIN `inward_items` ON `inward_items`.`id` = `auction_items`.`inward_item_id`
LEFT JOIN `inward` ON `inward_items`.`inward_id` = `inward`.`id`
LEFT JOIN `garden` ON `inward`.`garden_id` = `garden`.`id`
LEFT JOIN `grade` ON `grade`.`id` = `inward_items`.`grade_id`
WHERE `buyer_catalog`.`auction_id` = \'18\'
AND `buyer_catalog`.`buyer_id` = \'2\'', 0)
 2 SYSTEMPATH/Database/BaseConnection.php(693): CodeIgniter\Database\MySQLi\Connection->execute('SELECT `auction_items`.*, `inward_items`.`weight_net`, `inward_items`.`total_net`, `grade`.`name` AS `gradename`, `garden`.`name` AS `gardenname`, `inward_items`.`bag_type`, (SELECT status FROM buyer_catalog WHERE buyer_catalog.auction_item_id = auction_items.id) AS is_catalog, (SELECT MAX(bid_price) FROM auction_biddings WHERE auction_biddings.auction_item_id = auction_items.id) AS bid_price
FROM `buyer_catalog`
LEFT JOIN `auction_items` ON `auction_items`.`id` = `buyer_catalog`.`auction_item_id`
LEFT JOIN `inward_items` ON `inward_items`.`id` = `auction_items`.`inward_item_id`
LEFT JOIN `inward` ON `inward_items`.`inward_id` = `inward`.`id`
LEFT JOIN `garden` ON `inward`.`garden_id` = `garden`.`id`
LEFT JOIN `grade` ON `grade`.`id` = `inward_items`.`grade_id`
WHERE `buyer_catalog`.`auction_id` = \'18\'
AND `buyer_catalog`.`buyer_id` = \'2\'')
 3 SYSTEMPATH/Database/BaseConnection.php(607): CodeIgniter\Database\BaseConnection->simpleQuery('SELECT `auction_items`.*, `inward_items`.`weight_net`, `inward_items`.`total_net`, `grade`.`name` AS `gradename`, `garden`.`name` AS `gardenname`, `inward_items`.`bag_type`, (SELECT status FROM buyer_catalog WHERE buyer_catalog.auction_item_id = auction_items.id) AS is_catalog, (SELECT MAX(bid_price) FROM auction_biddings WHERE auction_biddings.auction_item_id = auction_items.id) AS bid_price
FROM `buyer_catalog`
LEFT JOIN `auction_items` ON `auction_items`.`id` = `buyer_catalog`.`auction_item_id`
LEFT JOIN `inward_items` ON `inward_items`.`id` = `auction_items`.`inward_item_id`
LEFT JOIN `inward` ON `inward_items`.`inward_id` = `inward`.`id`
LEFT JOIN `garden` ON `inward`.`garden_id` = `garden`.`id`
LEFT JOIN `grade` ON `grade`.`id` = `inward_items`.`grade_id`
WHERE `buyer_catalog`.`auction_id` = \'18\'
AND `buyer_catalog`.`buyer_id` = \'2\'')
 4 SYSTEMPATH/Database/BaseBuilder.php(1616): CodeIgniter\Database\BaseConnection->query('SELECT `auction_items`.*, `inward_items`.`weight_net`, `inward_items`.`total_net`, `grade`.`name` AS `gradename`, `garden`.`name` AS `gardenname`, `inward_items`.`bag_type`, (SELECT status FROM buyer_catalog WHERE buyer_catalog.auction_item_id = auction_items.id) AS is_catalog, (SELECT MAX(bid_price) FROM auction_biddings WHERE auction_biddings.auction_item_id = auction_items.id) AS bid_price
FROM `buyer_catalog`
LEFT JOIN `auction_items` ON `auction_items`.`id` = `buyer_catalog`.`auction_item_id`
LEFT JOIN `inward_items` ON `inward_items`.`id` = `auction_items`.`inward_item_id`
LEFT JOIN `inward` ON `inward_items`.`inward_id` = `inward`.`id`
LEFT JOIN `garden` ON `inward`.`garden_id` = `garden`.`id`
LEFT JOIN `grade` ON `grade`.`id` = `inward_items`.`grade_id`
WHERE `buyer_catalog`.`auction_id` = :buyer_catalog.auction_id:
AND `buyer_catalog`.`buyer_id` = :buyer_catalog.buyer_id:', [...], false)
 5 SYSTEMPATH/Model.php(202): CodeIgniter\Database\BaseBuilder->get()
 6 SYSTEMPATH/BaseModel.php(577): CodeIgniter\Model->doFind(false, null)
 7 APPPATH/Controllers/BuyerDashboard.php(265): CodeIgniter\BaseModel->find()
 8 SYSTEMPATH/CodeIgniter.php(941): App\Controllers\BuyerDashboard->getMyCatalogs('18', '2')
 9 SYSTEMPATH/CodeIgniter.php(502): CodeIgniter\CodeIgniter->runController(Object(App\Controllers\BuyerDashboard))
10 SYSTEMPATH/CodeIgniter.php(361): CodeIgniter\CodeIgniter->handleRequest(null, Object(Config\Cache), false)
11 FCPATH/index.php(79): CodeIgniter\CodeIgniter->run()
ERROR - 2024-05-27 18:17:39 --> mysqli_sql_exception: Subquery returns more than 1 row in /var/www/eazyhosting.in/public_html/api/system/Database/MySQLi/Connection.php:306
Stack trace:
#0 /var/www/eazyhosting.in/public_html/api/system/Database/MySQLi/Connection.php(306): mysqli->query('SELECT `auction...', 0)
#1 /var/www/eazyhosting.in/public_html/api/system/Database/BaseConnection.php(693): CodeIgniter\Database\MySQLi\Connection->execute('SELECT `auction...')
#2 /var/www/eazyhosting.in/public_html/api/system/Database/BaseConnection.php(607): CodeIgniter\Database\BaseConnection->simpleQuery('SELECT `auction...')
#3 /var/www/eazyhosting.in/public_html/api/system/Database/BaseBuilder.php(1616): CodeIgniter\Database\BaseConnection->query('SELECT `auction...', Array, false)
#4 /var/www/eazyhosting.in/public_html/api/system/Model.php(202): CodeIgniter\Database\BaseBuilder->get()
#5 /var/www/eazyhosting.in/public_html/api/system/BaseModel.php(577): CodeIgniter\Model->doFind(false, NULL)
#6 /var/www/eazyhosting.in/public_html/api/app/Controllers/BuyerDashboard.php(265): CodeIgniter\BaseModel->find()
#7 /var/www/eazyhosting.in/public_html/api/system/CodeIgniter.php(941): App\Controllers\BuyerDashboard->getMyCatalogs('18', '2')
#8 /var/www/eazyhosting.in/public_html/api/system/CodeIgniter.php(502): CodeIgniter\CodeIgniter->runController(Object(App\Controllers\BuyerDashboard))
#9 /var/www/eazyhosting.in/public_html/api/system/CodeIgniter.php(361): CodeIgniter\CodeIgniter->handleRequest(NULL, Object(Config\Cache), false)
#10 /var/www/eazyhosting.in/public_html/api/public/index.php(79): CodeIgniter\CodeIgniter->run()
#11 {main}
CRITICAL - 2024-05-27 18:17:39 --> CodeIgniter\Database\Exceptions\DatabaseException: Subquery returns more than 1 row
in SYSTEMPATH/Database/BaseConnection.php on line 647.
 1 SYSTEMPATH/Database/BaseBuilder.php(1616): CodeIgniter\Database\BaseConnection->query('SELECT `auction_items`.*, `inward_items`.`weight_net`, `inward_items`.`total_net`, `grade`.`name` AS `gradename`, `garden`.`name` AS `gardenname`, `inward_items`.`bag_type`, (SELECT status FROM buyer_catalog WHERE buyer_catalog.auction_item_id = auction_items.id) AS is_catalog, (SELECT MAX(bid_price) FROM auction_biddings WHERE auction_biddings.auction_item_id = auction_items.id) AS bid_price
FROM `buyer_catalog`
LEFT JOIN `auction_items` ON `auction_items`.`id` = `buyer_catalog`.`auction_item_id`
LEFT JOIN `inward_items` ON `inward_items`.`id` = `auction_items`.`inward_item_id`
LEFT JOIN `inward` ON `inward_items`.`inward_id` = `inward`.`id`
LEFT JOIN `garden` ON `inward`.`garden_id` = `garden`.`id`
LEFT JOIN `grade` ON `grade`.`id` = `inward_items`.`grade_id`
WHERE `buyer_catalog`.`auction_id` = :buyer_catalog.auction_id:
AND `buyer_catalog`.`buyer_id` = :buyer_catalog.buyer_id:', [...], false)
 2 SYSTEMPATH/Model.php(202): CodeIgniter\Database\BaseBuilder->get()
 3 SYSTEMPATH/BaseModel.php(577): CodeIgniter\Model->doFind(false, null)
 4 APPPATH/Controllers/BuyerDashboard.php(265): CodeIgniter\BaseModel->find()
 5 SYSTEMPATH/CodeIgniter.php(941): App\Controllers\BuyerDashboard->getMyCatalogs('18', '2')
 6 SYSTEMPATH/CodeIgniter.php(502): CodeIgniter\CodeIgniter->runController(Object(App\Controllers\BuyerDashboard))
 7 SYSTEMPATH/CodeIgniter.php(361): CodeIgniter\CodeIgniter->handleRequest(null, Object(Config\Cache), false)
 8 FCPATH/index.php(79): CodeIgniter\CodeIgniter->run()
CRITICAL - 2024-05-27 18:17:39 --> [Caused by] CodeIgniter\Database\Exceptions\DatabaseException: Subquery returns more than 1 row
in SYSTEMPATH/Database/MySQLi/Connection.php on line 311.
 1 SYSTEMPATH/Database/BaseConnection.php(693): CodeIgniter\Database\MySQLi\Connection->execute('SELECT `auction_items`.*, `inward_items`.`weight_net`, `inward_items`.`total_net`, `grade`.`name` AS `gradename`, `garden`.`name` AS `gardenname`, `inward_items`.`bag_type`, (SELECT status FROM buyer_catalog WHERE buyer_catalog.auction_item_id = auction_items.id) AS is_catalog, (SELECT MAX(bid_price) FROM auction_biddings WHERE auction_biddings.auction_item_id = auction_items.id) AS bid_price
FROM `buyer_catalog`
LEFT JOIN `auction_items` ON `auction_items`.`id` = `buyer_catalog`.`auction_item_id`
LEFT JOIN `inward_items` ON `inward_items`.`id` = `auction_items`.`inward_item_id`
LEFT JOIN `inward` ON `inward_items`.`inward_id` = `inward`.`id`
LEFT JOIN `garden` ON `inward`.`garden_id` = `garden`.`id`
LEFT JOIN `grade` ON `grade`.`id` = `inward_items`.`grade_id`
WHERE `buyer_catalog`.`auction_id` = \'18\'
AND `buyer_catalog`.`buyer_id` = \'2\'')
 2 SYSTEMPATH/Database/BaseConnection.php(607): CodeIgniter\Database\BaseConnection->simpleQuery('SELECT `auction_items`.*, `inward_items`.`weight_net`, `inward_items`.`total_net`, `grade`.`name` AS `gradename`, `garden`.`name` AS `gardenname`, `inward_items`.`bag_type`, (SELECT status FROM buyer_catalog WHERE buyer_catalog.auction_item_id = auction_items.id) AS is_catalog, (SELECT MAX(bid_price) FROM auction_biddings WHERE auction_biddings.auction_item_id = auction_items.id) AS bid_price
FROM `buyer_catalog`
LEFT JOIN `auction_items` ON `auction_items`.`id` = `buyer_catalog`.`auction_item_id`
LEFT JOIN `inward_items` ON `inward_items`.`id` = `auction_items`.`inward_item_id`
LEFT JOIN `inward` ON `inward_items`.`inward_id` = `inward`.`id`
LEFT JOIN `garden` ON `inward`.`garden_id` = `garden`.`id`
LEFT JOIN `grade` ON `grade`.`id` = `inward_items`.`grade_id`
WHERE `buyer_catalog`.`auction_id` = \'18\'
AND `buyer_catalog`.`buyer_id` = \'2\'')
 3 SYSTEMPATH/Database/BaseBuilder.php(1616): CodeIgniter\Database\BaseConnection->query('SELECT `auction_items`.*, `inward_items`.`weight_net`, `inward_items`.`total_net`, `grade`.`name` AS `gradename`, `garden`.`name` AS `gardenname`, `inward_items`.`bag_type`, (SELECT status FROM buyer_catalog WHERE buyer_catalog.auction_item_id = auction_items.id) AS is_catalog, (SELECT MAX(bid_price) FROM auction_biddings WHERE auction_biddings.auction_item_id = auction_items.id) AS bid_price
FROM `buyer_catalog`
LEFT JOIN `auction_items` ON `auction_items`.`id` = `buyer_catalog`.`auction_item_id`
LEFT JOIN `inward_items` ON `inward_items`.`id` = `auction_items`.`inward_item_id`
LEFT JOIN `inward` ON `inward_items`.`inward_id` = `inward`.`id`
LEFT JOIN `garden` ON `inward`.`garden_id` = `garden`.`id`
LEFT JOIN `grade` ON `grade`.`id` = `inward_items`.`grade_id`
WHERE `buyer_catalog`.`auction_id` = :buyer_catalog.auction_id:
AND `buyer_catalog`.`buyer_id` = :buyer_catalog.buyer_id:', [...], false)
 4 SYSTEMPATH/Model.php(202): CodeIgniter\Database\BaseBuilder->get()
 5 SYSTEMPATH/BaseModel.php(577): CodeIgniter\Model->doFind(false, null)
 6 APPPATH/Controllers/BuyerDashboard.php(265): CodeIgniter\BaseModel->find()
 7 SYSTEMPATH/CodeIgniter.php(941): App\Controllers\BuyerDashboard->getMyCatalogs('18', '2')
 8 SYSTEMPATH/CodeIgniter.php(502): CodeIgniter\CodeIgniter->runController(Object(App\Controllers\BuyerDashboard))
 9 SYSTEMPATH/CodeIgniter.php(361): CodeIgniter\CodeIgniter->handleRequest(null, Object(Config\Cache), false)
10 FCPATH/index.php(79): CodeIgniter\CodeIgniter->run()
CRITICAL - 2024-05-27 18:17:39 --> [Caused by] mysqli_sql_exception: Subquery returns more than 1 row
in SYSTEMPATH/Database/MySQLi/Connection.php on line 306.
 1 SYSTEMPATH/Database/MySQLi/Connection.php(306): mysqli->query('SELECT `auction_items`.*, `inward_items`.`weight_net`, `inward_items`.`total_net`, `grade`.`name` AS `gradename`, `garden`.`name` AS `gardenname`, `inward_items`.`bag_type`, (SELECT status FROM buyer_catalog WHERE buyer_catalog.auction_item_id = auction_items.id) AS is_catalog, (SELECT MAX(bid_price) FROM auction_biddings WHERE auction_biddings.auction_item_id = auction_items.id) AS bid_price
FROM `buyer_catalog`
LEFT JOIN `auction_items` ON `auction_items`.`id` = `buyer_catalog`.`auction_item_id`
LEFT JOIN `inward_items` ON `inward_items`.`id` = `auction_items`.`inward_item_id`
LEFT JOIN `inward` ON `inward_items`.`inward_id` = `inward`.`id`
LEFT JOIN `garden` ON `inward`.`garden_id` = `garden`.`id`
LEFT JOIN `grade` ON `grade`.`id` = `inward_items`.`grade_id`
WHERE `buyer_catalog`.`auction_id` = \'18\'
AND `buyer_catalog`.`buyer_id` = \'2\'', 0)
 2 SYSTEMPATH/Database/BaseConnection.php(693): CodeIgniter\Database\MySQLi\Connection->execute('SELECT `auction_items`.*, `inward_items`.`weight_net`, `inward_items`.`total_net`, `grade`.`name` AS `gradename`, `garden`.`name` AS `gardenname`, `inward_items`.`bag_type`, (SELECT status FROM buyer_catalog WHERE buyer_catalog.auction_item_id = auction_items.id) AS is_catalog, (SELECT MAX(bid_price) FROM auction_biddings WHERE auction_biddings.auction_item_id = auction_items.id) AS bid_price
FROM `buyer_catalog`
LEFT JOIN `auction_items` ON `auction_items`.`id` = `buyer_catalog`.`auction_item_id`
LEFT JOIN `inward_items` ON `inward_items`.`id` = `auction_items`.`inward_item_id`
LEFT JOIN `inward` ON `inward_items`.`inward_id` = `inward`.`id`
LEFT JOIN `garden` ON `inward`.`garden_id` = `garden`.`id`
LEFT JOIN `grade` ON `grade`.`id` = `inward_items`.`grade_id`
WHERE `buyer_catalog`.`auction_id` = \'18\'
AND `buyer_catalog`.`buyer_id` = \'2\'')
 3 SYSTEMPATH/Database/BaseConnection.php(607): CodeIgniter\Database\BaseConnection->simpleQuery('SELECT `auction_items`.*, `inward_items`.`weight_net`, `inward_items`.`total_net`, `grade`.`name` AS `gradename`, `garden`.`name` AS `gardenname`, `inward_items`.`bag_type`, (SELECT status FROM buyer_catalog WHERE buyer_catalog.auction_item_id = auction_items.id) AS is_catalog, (SELECT MAX(bid_price) FROM auction_biddings WHERE auction_biddings.auction_item_id = auction_items.id) AS bid_price
FROM `buyer_catalog`
LEFT JOIN `auction_items` ON `auction_items`.`id` = `buyer_catalog`.`auction_item_id`
LEFT JOIN `inward_items` ON `inward_items`.`id` = `auction_items`.`inward_item_id`
LEFT JOIN `inward` ON `inward_items`.`inward_id` = `inward`.`id`
LEFT JOIN `garden` ON `inward`.`garden_id` = `garden`.`id`
LEFT JOIN `grade` ON `grade`.`id` = `inward_items`.`grade_id`
WHERE `buyer_catalog`.`auction_id` = \'18\'
AND `buyer_catalog`.`buyer_id` = \'2\'')
 4 SYSTEMPATH/Database/BaseBuilder.php(1616): CodeIgniter\Database\BaseConnection->query('SELECT `auction_items`.*, `inward_items`.`weight_net`, `inward_items`.`total_net`, `grade`.`name` AS `gradename`, `garden`.`name` AS `gardenname`, `inward_items`.`bag_type`, (SELECT status FROM buyer_catalog WHERE buyer_catalog.auction_item_id = auction_items.id) AS is_catalog, (SELECT MAX(bid_price) FROM auction_biddings WHERE auction_biddings.auction_item_id = auction_items.id) AS bid_price
FROM `buyer_catalog`
LEFT JOIN `auction_items` ON `auction_items`.`id` = `buyer_catalog`.`auction_item_id`
LEFT JOIN `inward_items` ON `inward_items`.`id` = `auction_items`.`inward_item_id`
LEFT JOIN `inward` ON `inward_items`.`inward_id` = `inward`.`id`
LEFT JOIN `garden` ON `inward`.`garden_id` = `garden`.`id`
LEFT JOIN `grade` ON `grade`.`id` = `inward_items`.`grade_id`
WHERE `buyer_catalog`.`auction_id` = :buyer_catalog.auction_id:
AND `buyer_catalog`.`buyer_id` = :buyer_catalog.buyer_id:', [...], false)
 5 SYSTEMPATH/Model.php(202): CodeIgniter\Database\BaseBuilder->get()
 6 SYSTEMPATH/BaseModel.php(577): CodeIgniter\Model->doFind(false, null)
 7 APPPATH/Controllers/BuyerDashboard.php(265): CodeIgniter\BaseModel->find()
 8 SYSTEMPATH/CodeIgniter.php(941): App\Controllers\BuyerDashboard->getMyCatalogs('18', '2')
 9 SYSTEMPATH/CodeIgniter.php(502): CodeIgniter\CodeIgniter->runController(Object(App\Controllers\BuyerDashboard))
10 SYSTEMPATH/CodeIgniter.php(361): CodeIgniter\CodeIgniter->handleRequest(null, Object(Config\Cache), false)
11 FCPATH/index.php(79): CodeIgniter\CodeIgniter->run()
ERROR - 2024-05-27 18:17:40 --> mysqli_sql_exception: Subquery returns more than 1 row in /var/www/eazyhosting.in/public_html/api/system/Database/MySQLi/Connection.php:306
Stack trace:
#0 /var/www/eazyhosting.in/public_html/api/system/Database/MySQLi/Connection.php(306): mysqli->query('SELECT `auction...', 0)
#1 /var/www/eazyhosting.in/public_html/api/system/Database/BaseConnection.php(693): CodeIgniter\Database\MySQLi\Connection->execute('SELECT `auction...')
#2 /var/www/eazyhosting.in/public_html/api/system/Database/BaseConnection.php(607): CodeIgniter\Database\BaseConnection->simpleQuery('SELECT `auction...')
#3 /var/www/eazyhosting.in/public_html/api/system/Database/BaseBuilder.php(1616): CodeIgniter\Database\BaseConnection->query('SELECT `auction...', Array, false)
#4 /var/www/eazyhosting.in/public_html/api/system/Model.php(202): CodeIgniter\Database\BaseBuilder->get()
#5 /var/www/eazyhosting.in/public_html/api/system/BaseModel.php(577): CodeIgniter\Model->doFind(false, NULL)
#6 /var/www/eazyhosting.in/public_html/api/app/Controllers/BuyerDashboard.php(265): CodeIgniter\BaseModel->find()
#7 /var/www/eazyhosting.in/public_html/api/system/CodeIgniter.php(941): App\Controllers\BuyerDashboard->getMyCatalogs('18', '2')
#8 /var/www/eazyhosting.in/public_html/api/system/CodeIgniter.php(502): CodeIgniter\CodeIgniter->runController(Object(App\Controllers\BuyerDashboard))
#9 /var/www/eazyhosting.in/public_html/api/system/CodeIgniter.php(361): CodeIgniter\CodeIgniter->handleRequest(NULL, Object(Config\Cache), false)
#10 /var/www/eazyhosting.in/public_html/api/public/index.php(79): CodeIgniter\CodeIgniter->run()
#11 {main}
CRITICAL - 2024-05-27 18:17:40 --> CodeIgniter\Database\Exceptions\DatabaseException: Subquery returns more than 1 row
in SYSTEMPATH/Database/BaseConnection.php on line 647.
 1 SYSTEMPATH/Database/BaseBuilder.php(1616): CodeIgniter\Database\BaseConnection->query('SELECT `auction_items`.*, `inward_items`.`weight_net`, `inward_items`.`total_net`, `grade`.`name` AS `gradename`, `garden`.`name` AS `gardenname`, `inward_items`.`bag_type`, (SELECT status FROM buyer_catalog WHERE buyer_catalog.auction_item_id = auction_items.id) AS is_catalog, (SELECT MAX(bid_price) FROM auction_biddings WHERE auction_biddings.auction_item_id = auction_items.id) AS bid_price
FROM `buyer_catalog`
LEFT JOIN `auction_items` ON `auction_items`.`id` = `buyer_catalog`.`auction_item_id`
LEFT JOIN `inward_items` ON `inward_items`.`id` = `auction_items`.`inward_item_id`
LEFT JOIN `inward` ON `inward_items`.`inward_id` = `inward`.`id`
LEFT JOIN `garden` ON `inward`.`garden_id` = `garden`.`id`
LEFT JOIN `grade` ON `grade`.`id` = `inward_items`.`grade_id`
WHERE `buyer_catalog`.`auction_id` = :buyer_catalog.auction_id:
AND `buyer_catalog`.`buyer_id` = :buyer_catalog.buyer_id:', [...], false)
 2 SYSTEMPATH/Model.php(202): CodeIgniter\Database\BaseBuilder->get()
 3 SYSTEMPATH/BaseModel.php(577): CodeIgniter\Model->doFind(false, null)
 4 APPPATH/Controllers/BuyerDashboard.php(265): CodeIgniter\BaseModel->find()
 5 SYSTEMPATH/CodeIgniter.php(941): App\Controllers\BuyerDashboard->getMyCatalogs('18', '2')
 6 SYSTEMPATH/CodeIgniter.php(502): CodeIgniter\CodeIgniter->runController(Object(App\Controllers\BuyerDashboard))
 7 SYSTEMPATH/CodeIgniter.php(361): CodeIgniter\CodeIgniter->handleRequest(null, Object(Config\Cache), false)
 8 FCPATH/index.php(79): CodeIgniter\CodeIgniter->run()
CRITICAL - 2024-05-27 18:17:40 --> [Caused by] CodeIgniter\Database\Exceptions\DatabaseException: Subquery returns more than 1 row
in SYSTEMPATH/Database/MySQLi/Connection.php on line 311.
 1 SYSTEMPATH/Database/BaseConnection.php(693): CodeIgniter\Database\MySQLi\Connection->execute('SELECT `auction_items`.*, `inward_items`.`weight_net`, `inward_items`.`total_net`, `grade`.`name` AS `gradename`, `garden`.`name` AS `gardenname`, `inward_items`.`bag_type`, (SELECT status FROM buyer_catalog WHERE buyer_catalog.auction_item_id = auction_items.id) AS is_catalog, (SELECT MAX(bid_price) FROM auction_biddings WHERE auction_biddings.auction_item_id = auction_items.id) AS bid_price
FROM `buyer_catalog`
LEFT JOIN `auction_items` ON `auction_items`.`id` = `buyer_catalog`.`auction_item_id`
LEFT JOIN `inward_items` ON `inward_items`.`id` = `auction_items`.`inward_item_id`
LEFT JOIN `inward` ON `inward_items`.`inward_id` = `inward`.`id`
LEFT JOIN `garden` ON `inward`.`garden_id` = `garden`.`id`
LEFT JOIN `grade` ON `grade`.`id` = `inward_items`.`grade_id`
WHERE `buyer_catalog`.`auction_id` = \'18\'
AND `buyer_catalog`.`buyer_id` = \'2\'')
 2 SYSTEMPATH/Database/BaseConnection.php(607): CodeIgniter\Database\BaseConnection->simpleQuery('SELECT `auction_items`.*, `inward_items`.`weight_net`, `inward_items`.`total_net`, `grade`.`name` AS `gradename`, `garden`.`name` AS `gardenname`, `inward_items`.`bag_type`, (SELECT status FROM buyer_catalog WHERE buyer_catalog.auction_item_id = auction_items.id) AS is_catalog, (SELECT MAX(bid_price) FROM auction_biddings WHERE auction_biddings.auction_item_id = auction_items.id) AS bid_price
FROM `buyer_catalog`
LEFT JOIN `auction_items` ON `auction_items`.`id` = `buyer_catalog`.`auction_item_id`
LEFT JOIN `inward_items` ON `inward_items`.`id` = `auction_items`.`inward_item_id`
LEFT JOIN `inward` ON `inward_items`.`inward_id` = `inward`.`id`
LEFT JOIN `garden` ON `inward`.`garden_id` = `garden`.`id`
LEFT JOIN `grade` ON `grade`.`id` = `inward_items`.`grade_id`
WHERE `buyer_catalog`.`auction_id` = \'18\'
AND `buyer_catalog`.`buyer_id` = \'2\'')
 3 SYSTEMPATH/Database/BaseBuilder.php(1616): CodeIgniter\Database\BaseConnection->query('SELECT `auction_items`.*, `inward_items`.`weight_net`, `inward_items`.`total_net`, `grade`.`name` AS `gradename`, `garden`.`name` AS `gardenname`, `inward_items`.`bag_type`, (SELECT status FROM buyer_catalog WHERE buyer_catalog.auction_item_id = auction_items.id) AS is_catalog, (SELECT MAX(bid_price) FROM auction_biddings WHERE auction_biddings.auction_item_id = auction_items.id) AS bid_price
FROM `buyer_catalog`
LEFT JOIN `auction_items` ON `auction_items`.`id` = `buyer_catalog`.`auction_item_id`
LEFT JOIN `inward_items` ON `inward_items`.`id` = `auction_items`.`inward_item_id`
LEFT JOIN `inward` ON `inward_items`.`inward_id` = `inward`.`id`
LEFT JOIN `garden` ON `inward`.`garden_id` = `garden`.`id`
LEFT JOIN `grade` ON `grade`.`id` = `inward_items`.`grade_id`
WHERE `buyer_catalog`.`auction_id` = :buyer_catalog.auction_id:
AND `buyer_catalog`.`buyer_id` = :buyer_catalog.buyer_id:', [...], false)
 4 SYSTEMPATH/Model.php(202): CodeIgniter\Database\BaseBuilder->get()
 5 SYSTEMPATH/BaseModel.php(577): CodeIgniter\Model->doFind(false, null)
 6 APPPATH/Controllers/BuyerDashboard.php(265): CodeIgniter\BaseModel->find()
 7 SYSTEMPATH/CodeIgniter.php(941): App\Controllers\BuyerDashboard->getMyCatalogs('18', '2')
 8 SYSTEMPATH/CodeIgniter.php(502): CodeIgniter\CodeIgniter->runController(Object(App\Controllers\BuyerDashboard))
 9 SYSTEMPATH/CodeIgniter.php(361): CodeIgniter\CodeIgniter->handleRequest(null, Object(Config\Cache), false)
10 FCPATH/index.php(79): CodeIgniter\CodeIgniter->run()
CRITICAL - 2024-05-27 18:17:40 --> [Caused by] mysqli_sql_exception: Subquery returns more than 1 row
in SYSTEMPATH/Database/MySQLi/Connection.php on line 306.
 1 SYSTEMPATH/Database/MySQLi/Connection.php(306): mysqli->query('SELECT `auction_items`.*, `inward_items`.`weight_net`, `inward_items`.`total_net`, `grade`.`name` AS `gradename`, `garden`.`name` AS `gardenname`, `inward_items`.`bag_type`, (SELECT status FROM buyer_catalog WHERE buyer_catalog.auction_item_id = auction_items.id) AS is_catalog, (SELECT MAX(bid_price) FROM auction_biddings WHERE auction_biddings.auction_item_id = auction_items.id) AS bid_price
FROM `buyer_catalog`
LEFT JOIN `auction_items` ON `auction_items`.`id` = `buyer_catalog`.`auction_item_id`
LEFT JOIN `inward_items` ON `inward_items`.`id` = `auction_items`.`inward_item_id`
LEFT JOIN `inward` ON `inward_items`.`inward_id` = `inward`.`id`
LEFT JOIN `garden` ON `inward`.`garden_id` = `garden`.`id`
LEFT JOIN `grade` ON `grade`.`id` = `inward_items`.`grade_id`
WHERE `buyer_catalog`.`auction_id` = \'18\'
AND `buyer_catalog`.`buyer_id` = \'2\'', 0)
 2 SYSTEMPATH/Database/BaseConnection.php(693): CodeIgniter\Database\MySQLi\Connection->execute('SELECT `auction_items`.*, `inward_items`.`weight_net`, `inward_items`.`total_net`, `grade`.`name` AS `gradename`, `garden`.`name` AS `gardenname`, `inward_items`.`bag_type`, (SELECT status FROM buyer_catalog WHERE buyer_catalog.auction_item_id = auction_items.id) AS is_catalog, (SELECT MAX(bid_price) FROM auction_biddings WHERE auction_biddings.auction_item_id = auction_items.id) AS bid_price
FROM `buyer_catalog`
LEFT JOIN `auction_items` ON `auction_items`.`id` = `buyer_catalog`.`auction_item_id`
LEFT JOIN `inward_items` ON `inward_items`.`id` = `auction_items`.`inward_item_id`
LEFT JOIN `inward` ON `inward_items`.`inward_id` = `inward`.`id`
LEFT JOIN `garden` ON `inward`.`garden_id` = `garden`.`id`
LEFT JOIN `grade` ON `grade`.`id` = `inward_items`.`grade_id`
WHERE `buyer_catalog`.`auction_id` = \'18\'
AND `buyer_catalog`.`buyer_id` = \'2\'')
 3 SYSTEMPATH/Database/BaseConnection.php(607): CodeIgniter\Database\BaseConnection->simpleQuery('SELECT `auction_items`.*, `inward_items`.`weight_net`, `inward_items`.`total_net`, `grade`.`name` AS `gradename`, `garden`.`name` AS `gardenname`, `inward_items`.`bag_type`, (SELECT status FROM buyer_catalog WHERE buyer_catalog.auction_item_id = auction_items.id) AS is_catalog, (SELECT MAX(bid_price) FROM auction_biddings WHERE auction_biddings.auction_item_id = auction_items.id) AS bid_price
FROM `buyer_catalog`
LEFT JOIN `auction_items` ON `auction_items`.`id` = `buyer_catalog`.`auction_item_id`
LEFT JOIN `inward_items` ON `inward_items`.`id` = `auction_items`.`inward_item_id`
LEFT JOIN `inward` ON `inward_items`.`inward_id` = `inward`.`id`
LEFT JOIN `garden` ON `inward`.`garden_id` = `garden`.`id`
LEFT JOIN `grade` ON `grade`.`id` = `inward_items`.`grade_id`
WHERE `buyer_catalog`.`auction_id` = \'18\'
AND `buyer_catalog`.`buyer_id` = \'2\'')
 4 SYSTEMPATH/Database/BaseBuilder.php(1616): CodeIgniter\Database\BaseConnection->query('SELECT `auction_items`.*, `inward_items`.`weight_net`, `inward_items`.`total_net`, `grade`.`name` AS `gradename`, `garden`.`name` AS `gardenname`, `inward_items`.`bag_type`, (SELECT status FROM buyer_catalog WHERE buyer_catalog.auction_item_id = auction_items.id) AS is_catalog, (SELECT MAX(bid_price) FROM auction_biddings WHERE auction_biddings.auction_item_id = auction_items.id) AS bid_price
FROM `buyer_catalog`
LEFT JOIN `auction_items` ON `auction_items`.`id` = `buyer_catalog`.`auction_item_id`
LEFT JOIN `inward_items` ON `inward_items`.`id` = `auction_items`.`inward_item_id`
LEFT JOIN `inward` ON `inward_items`.`inward_id` = `inward`.`id`
LEFT JOIN `garden` ON `inward`.`garden_id` = `garden`.`id`
LEFT JOIN `grade` ON `grade`.`id` = `inward_items`.`grade_id`
WHERE `buyer_catalog`.`auction_id` = :buyer_catalog.auction_id:
AND `buyer_catalog`.`buyer_id` = :buyer_catalog.buyer_id:', [...], false)
 5 SYSTEMPATH/Model.php(202): CodeIgniter\Database\BaseBuilder->get()
 6 SYSTEMPATH/BaseModel.php(577): CodeIgniter\Model->doFind(false, null)
 7 APPPATH/Controllers/BuyerDashboard.php(265): CodeIgniter\BaseModel->find()
 8 SYSTEMPATH/CodeIgniter.php(941): App\Controllers\BuyerDashboard->getMyCatalogs('18', '2')
 9 SYSTEMPATH/CodeIgniter.php(502): CodeIgniter\CodeIgniter->runController(Object(App\Controllers\BuyerDashboard))
10 SYSTEMPATH/CodeIgniter.php(361): CodeIgniter\CodeIgniter->handleRequest(null, Object(Config\Cache), false)
11 FCPATH/index.php(79): CodeIgniter\CodeIgniter->run()
CRITICAL - 2024-05-27 18:59:01 --> ErrorException: Undefined array key 0
in APPPATH/Controllers/BuyerDashboard.php on line 304.
 1 APPPATH/Controllers/BuyerDashboard.php(304): CodeIgniter\Debug\Exceptions->errorHandler(2, 'Undefined array key 0', '/var/www/eazyhosting.in/public_html/api/app/Controllers/BuyerDashboard.php', 304)
 2 SYSTEMPATH/CodeIgniter.php(941): App\Controllers\BuyerDashboard->getAuctionItemsByAuction('18', '2')
 3 SYSTEMPATH/CodeIgniter.php(502): CodeIgniter\CodeIgniter->runController(Object(App\Controllers\BuyerDashboard))
 4 SYSTEMPATH/CodeIgniter.php(361): CodeIgniter\CodeIgniter->handleRequest(null, Object(Config\Cache), false)
 5 FCPATH/index.php(79): CodeIgniter\CodeIgniter->run()
CRITICAL - 2024-05-27 19:23:04 --> ErrorException: Undefined array key 0
in APPPATH/Controllers/BuyerDashboard.php on line 304.
 1 APPPATH/Controllers/BuyerDashboard.php(304): CodeIgniter\Debug\Exceptions->errorHandler(2, 'Undefined array key 0', '/var/www/eazyhosting.in/public_html/api/app/Controllers/BuyerDashboard.php', 304)
 2 SYSTEMPATH/CodeIgniter.php(941): App\Controllers\BuyerDashboard->getAuctionItemsByAuction('18', '1')
 3 SYSTEMPATH/CodeIgniter.php(502): CodeIgniter\CodeIgniter->runController(Object(App\Controllers\BuyerDashboard))
 4 SYSTEMPATH/CodeIgniter.php(361): CodeIgniter\CodeIgniter->handleRequest(null, Object(Config\Cache), false)
 5 FCPATH/index.php(79): CodeIgniter\CodeIgniter->run()
CRITICAL - 2024-05-27 20:05:01 --> ErrorException: Undefined array key 0
in APPPATH/Controllers/BuyerDashboard.php on line 304.
 1 APPPATH/Controllers/BuyerDashboard.php(304): CodeIgniter\Debug\Exceptions->errorHandler(2, 'Undefined array key 0', '/var/www/eazyhosting.in/public_html/api/app/Controllers/BuyerDashboard.php', 304)
 2 SYSTEMPATH/CodeIgniter.php(941): App\Controllers\BuyerDashboard->getAuctionItemsByAuction('3', '2')
 3 SYSTEMPATH/CodeIgniter.php(502): CodeIgniter\CodeIgniter->runController(Object(App\Controllers\BuyerDashboard))
 4 SYSTEMPATH/CodeIgniter.php(361): CodeIgniter\CodeIgniter->handleRequest(null, Object(Config\Cache), false)
 5 FCPATH/index.php(79): CodeIgniter\CodeIgniter->run()
