CRITICAL - 2024-10-28 23:11:30 --> ErrorException: Undefined variable $auction_data
in APPPATH/Controllers/Cart.php on line 428.
 1 APPPATH/Controllers/Cart.php(428): CodeIgniter\Debug\Exceptions->errorHandler(2, 'Undefined variable $auction_data', '/var/www/eazyhosting.in/public_html/api/app/Controllers/Cart.php', 428)
 2 SYSTEMPATH/CodeIgniter.php(941): App\Controllers\Cart->auctiongardenlist()
 3 SYSTEMPATH/CodeIgniter.php(502): CodeIgniter\CodeIgniter->runController(Object(App\Controllers\Cart))
 4 SYSTEMPATH/CodeIgniter.php(361): CodeIgniter\CodeIgniter->handleRequest(null, Object(Config\Cache), false)
 5 FCPATH/index.php(79): CodeIgniter\CodeIgniter->run()
CRITICAL - 2024-10-28 23:11:36 --> ErrorException: Undefined variable $auction_data
in APPPATH/Controllers/Cart.php on line 428.
 1 APPPATH/Controllers/Cart.php(428): CodeIgniter\Debug\Exceptions->errorHandler(2, 'Undefined variable $auction_data', '/var/www/eazyhosting.in/public_html/api/app/Controllers/Cart.php', 428)
 2 SYSTEMPATH/CodeIgniter.php(941): App\Controllers\Cart->auctiongardenlist()
 3 SYSTEMPATH/CodeIgniter.php(502): CodeIgniter\CodeIgniter->runController(Object(App\Controllers\Cart))
 4 SYSTEMPATH/CodeIgniter.php(361): CodeIgniter\CodeIgniter->handleRequest(null, Object(Config\Cache), false)
 5 FCPATH/index.php(79): CodeIgniter\CodeIgniter->run()
CRITICAL - 2024-10-28 23:12:05 --> ErrorException: Undefined variable $auction_data
in APPPATH/Controllers/Cart.php on line 428.
 1 APPPATH/Controllers/Cart.php(428): CodeIgniter\Debug\Exceptions->errorHandler(2, 'Undefined variable $auction_data', '/var/www/eazyhosting.in/public_html/api/app/Controllers/Cart.php', 428)
 2 SYSTEMPATH/CodeIgniter.php(941): App\Controllers\Cart->auctiongardenlist()
 3 SYSTEMPATH/CodeIgniter.php(502): CodeIgniter\CodeIgniter->runController(Object(App\Controllers\Cart))
 4 SYSTEMPATH/CodeIgniter.php(361): CodeIgniter\CodeIgniter->handleRequest(null, Object(Config\Cache), false)
 5 FCPATH/index.php(79): CodeIgniter\CodeIgniter->run()
CRITICAL - 2024-10-28 23:12:10 --> ErrorException: Undefined variable $auction_data
in APPPATH/Controllers/Cart.php on line 428.
 1 APPPATH/Controllers/Cart.php(428): CodeIgniter\Debug\Exceptions->errorHandler(2, 'Undefined variable $auction_data', '/var/www/eazyhosting.in/public_html/api/app/Controllers/Cart.php', 428)
 2 SYSTEMPATH/CodeIgniter.php(941): App\Controllers\Cart->auctiongardenlist()
 3 SYSTEMPATH/CodeIgniter.php(502): CodeIgniter\CodeIgniter->runController(Object(App\Controllers\Cart))
 4 SYSTEMPATH/CodeIgniter.php(361): CodeIgniter\CodeIgniter->handleRequest(null, Object(Config\Cache), false)
 5 FCPATH/index.php(79): CodeIgniter\CodeIgniter->run()
CRITICAL - 2024-10-28 23:12:26 --> ErrorException: Undefined variable $auction_data
in APPPATH/Controllers/Cart.php on line 428.
 1 APPPATH/Controllers/Cart.php(428): CodeIgniter\Debug\Exceptions->errorHandler(2, 'Undefined variable $auction_data', '/var/www/eazyhosting.in/public_html/api/app/Controllers/Cart.php', 428)
 2 SYSTEMPATH/CodeIgniter.php(941): App\Controllers\Cart->auctiongardenlist()
 3 SYSTEMPATH/CodeIgniter.php(502): CodeIgniter\CodeIgniter->runController(Object(App\Controllers\Cart))
 4 SYSTEMPATH/CodeIgniter.php(361): CodeIgniter\CodeIgniter->handleRequest(null, Object(Config\Cache), false)
 5 FCPATH/index.php(79): CodeIgniter\CodeIgniter->run()
CRITICAL - 2024-10-28 23:12:31 --> ErrorException: Undefined variable $auction_data
in APPPATH/Controllers/Cart.php on line 428.
 1 APPPATH/Controllers/Cart.php(428): CodeIgniter\Debug\Exceptions->errorHandler(2, 'Undefined variable $auction_data', '/var/www/eazyhosting.in/public_html/api/app/Controllers/Cart.php', 428)
 2 SYSTEMPATH/CodeIgniter.php(941): App\Controllers\Cart->auctiongardenlist()
 3 SYSTEMPATH/CodeIgniter.php(502): CodeIgniter\CodeIgniter->runController(Object(App\Controllers\Cart))
 4 SYSTEMPATH/CodeIgniter.php(361): CodeIgniter\CodeIgniter->handleRequest(null, Object(Config\Cache), false)
 5 FCPATH/index.php(79): CodeIgniter\CodeIgniter->run()
