ERROR - 2024-10-22 11:35:35 --> Manual bid only
ERROR - 2024-10-22 11:36:33 --> current items data:[{"id":"41","inward_invoice_id":"V2","inward_item_id":"2","auction_id":"2","grade_id":"5","lot_no":"1","lot_set":"1","auction_quantity":"3","sample_quantity":"2","auction_each_net":"13","base_price":"100","reverse_price":"105","high_price":"0","valuation_price":"110","last_sold_price":null,"status":"1","is_sold":"0","min_bid_added":"0","is_withdrawn":"0","created_at":"2024-10-21 14:20:42","updated_at":"2024-10-21 14:21:07","created_by":"5","updated_by":"5"},{"id":"42","inward_invoice_id":"V1","inward_item_id":"1","auction_id":"2","grade_id":"26","lot_no":"2","lot_set":"1","auction_quantity":"3","sample_quantity":"2","auction_each_net":"10","base_price":"100","reverse_price":"105","high_price":"0","valuation_price":"110","last_sold_price":null,"status":"1","is_sold":"0","min_bid_added":"0","is_withdrawn":"0","created_at":"2024-10-21 14:20:42","updated_at":"2024-10-21 14:21:07","created_by":"5","updated_by":"5"}], 2024-10-22 11:36:33
ERROR - 2024-10-22 11:36:33 --> Error code L001. auctionItemId:41, 2024-10-22 11:36:33
ERROR - 2024-10-22 11:36:33 --> bid calculation initiated auctionItemId:41, 1
ERROR - 2024-10-22 11:36:33 --> bidding value array:{"id":"445","auction_item_id":"41","buyer_id":"3","bid_price":"110.00","sq":"1.000","bq":"1.000","bid_type":"0","created_at":"2024-10-22 11:35:35","updated_at":"2024-10-22 11:35:35"}
ERROR - 2024-10-22 11:36:33 --> Error code 006. HBP:110.00, HABP: 0, 2024-10-22 11:36:33
ERROR - 2024-10-22 11:36:33 --> bid calculation Ended auctionItemId:41, 2024-10-22 11:36:33
ERROR - 2024-10-22 11:36:33 --> Error code L002. auctionItemId:41, 2024-10-22 11:36:33
ERROR - 2024-10-22 11:36:33 --> Error code L003. auctionItemId:41, 2024-10-22 11:36:33
ERROR - 2024-10-22 11:36:33 --> Error code L001. auctionItemId:42, 2024-10-22 11:36:33
ERROR - 2024-10-22 11:36:33 --> bid calculation initiated auctionItemId:42, 0
ERROR - 2024-10-22 11:36:33 --> bid calculation Ended auctionItemId:42, 2024-10-22 11:36:33
ERROR - 2024-10-22 11:36:33 --> Error code L002. auctionItemId:42, 2024-10-22 11:36:33
ERROR - 2024-10-22 11:36:33 --> Error code L003. auctionItemId:42, 2024-10-22 11:36:33
ERROR - 2024-10-22 11:37:35 --> current items data:[{"id":"43","inward_invoice_id":"V4","inward_item_id":"4","auction_id":"2","grade_id":"7","lot_no":"3","lot_set":"2","auction_quantity":"3","sample_quantity":"2","auction_each_net":"2","base_price":"100","reverse_price":"105","high_price":"0","valuation_price":"110","last_sold_price":null,"status":"1","is_sold":"0","min_bid_added":"0","is_withdrawn":"0","created_at":"2024-10-21 14:20:42","updated_at":"2024-10-21 14:21:07","created_by":"5","updated_by":"5"},{"id":"44","inward_invoice_id":"V3","inward_item_id":"3","auction_id":"2","grade_id":"9","lot_no":"4","lot_set":"2","auction_quantity":"3","sample_quantity":"2","auction_each_net":"9","base_price":"100","reverse_price":"105","high_price":"0","valuation_price":"110","last_sold_price":null,"status":"1","is_sold":"0","min_bid_added":"0","is_withdrawn":"0","created_at":"2024-10-21 14:20:42","updated_at":"2024-10-21 14:21:07","created_by":"5","updated_by":"5"}], 2024-10-22 11:37:35
ERROR - 2024-10-22 11:37:35 --> Error code L001. auctionItemId:43, 2024-10-22 11:37:35
ERROR - 2024-10-22 11:37:35 --> bid calculation initiated auctionItemId:43, 1
ERROR - 2024-10-22 11:37:35 --> bidding value array:{"id":"448","auction_item_id":"43","buyer_id":"1","bid_price":"111.00","sq":"1.000","bq":"1.000","bid_type":"1","created_at":"2024-10-22 11:37:32","updated_at":"2024-10-22 11:37:32"}
ERROR - 2024-10-22 11:37:35 --> Error code 001. HBP:111.00, HABP: 150, 2024-10-22 11:37:35
ERROR - 2024-10-22 11:37:35 --> Error code 003. HBP:111.00, RP: 105, 2024-10-22 11:37:35
ERROR - 2024-10-22 11:37:35 --> Error code 005. HBP:111.00, SLHABP: 0, 2024-10-22 11:37:35
ERROR - 2024-10-22 11:37:35 --> bid calculation Ended auctionItemId:43, 2024-10-22 11:37:35
ERROR - 2024-10-22 11:37:35 --> Error code L002. auctionItemId:43, 2024-10-22 11:37:35
ERROR - 2024-10-22 11:37:35 --> Error code L003. auctionItemId:43, 2024-10-22 11:37:35
ERROR - 2024-10-22 11:37:35 --> Error code L001. auctionItemId:44, 2024-10-22 11:37:35
ERROR - 2024-10-22 11:37:35 --> bid calculation initiated auctionItemId:44, 0
ERROR - 2024-10-22 11:37:35 --> bid calculation Ended auctionItemId:44, 2024-10-22 11:37:35
ERROR - 2024-10-22 11:37:35 --> Error code L002. auctionItemId:44, 2024-10-22 11:37:35
ERROR - 2024-10-22 11:37:35 --> Error code L003. auctionItemId:44, 2024-10-22 11:37:35
ERROR - 2024-10-22 11:37:38 --> current items data:[], 2024-10-22 11:37:38
ERROR - 2024-10-22 11:38:36 --> current items data:[{"id":"45","inward_invoice_id":"V5","inward_item_id":"5","auction_id":"2","grade_id":"11","lot_no":"5","lot_set":"3","auction_quantity":"3","sample_quantity":"2","auction_each_net":"15","base_price":"100","reverse_price":"105","high_price":"0","valuation_price":"110","last_sold_price":null,"status":"1","is_sold":"0","min_bid_added":"0","is_withdrawn":"0","created_at":"2024-10-21 14:20:42","updated_at":"2024-10-21 14:21:07","created_by":"5","updated_by":"5"}], 2024-10-22 11:38:36
ERROR - 2024-10-22 11:38:36 --> Error code L001. auctionItemId:45, 2024-10-22 11:38:36
ERROR - 2024-10-22 11:38:36 --> bid calculation initiated auctionItemId:45, 0
ERROR - 2024-10-22 11:38:36 --> bid calculation Ended auctionItemId:45, 2024-10-22 11:38:36
ERROR - 2024-10-22 11:38:36 --> Error code L002. auctionItemId:45, 2024-10-22 11:38:36
ERROR - 2024-10-22 11:38:36 --> Error code L003. auctionItemId:45, 2024-10-22 11:38:36
ERROR - 2024-10-22 11:38:39 --> current items data:[], 2024-10-22 11:38:39
CRITICAL - 2024-10-22 15:22:45 --> ErrorException: Undefined variable $auction_data
in APPPATH/Controllers/Cart.php on line 428.
 1 APPPATH/Controllers/Cart.php(428): CodeIgniter\Debug\Exceptions->errorHandler(2, 'Undefined variable $auction_data', '/var/www/eazyhosting.in/public_html/api/app/Controllers/Cart.php', 428)
 2 SYSTEMPATH/CodeIgniter.php(941): App\Controllers\Cart->auctiongardenlist()
 3 SYSTEMPATH/CodeIgniter.php(502): CodeIgniter\CodeIgniter->runController(Object(App\Controllers\Cart))
 4 SYSTEMPATH/CodeIgniter.php(361): CodeIgniter\CodeIgniter->handleRequest(null, Object(Config\Cache), false)
 5 FCPATH/index.php(79): CodeIgniter\CodeIgniter->run()
CRITICAL - 2024-10-22 15:23:05 --> ErrorException: Undefined variable $auction_data
in APPPATH/Controllers/Cart.php on line 428.
 1 APPPATH/Controllers/Cart.php(428): CodeIgniter\Debug\Exceptions->errorHandler(2, 'Undefined variable $auction_data', '/var/www/eazyhosting.in/public_html/api/app/Controllers/Cart.php', 428)
 2 SYSTEMPATH/CodeIgniter.php(941): App\Controllers\Cart->auctiongardenlist()
 3 SYSTEMPATH/CodeIgniter.php(502): CodeIgniter\CodeIgniter->runController(Object(App\Controllers\Cart))
 4 SYSTEMPATH/CodeIgniter.php(361): CodeIgniter\CodeIgniter->handleRequest(null, Object(Config\Cache), false)
 5 FCPATH/index.php(79): CodeIgniter\CodeIgniter->run()
CRITICAL - 2024-10-22 15:23:22 --> ErrorException: Undefined variable $auction_data
in APPPATH/Controllers/Cart.php on line 428.
 1 APPPATH/Controllers/Cart.php(428): CodeIgniter\Debug\Exceptions->errorHandler(2, 'Undefined variable $auction_data', '/var/www/eazyhosting.in/public_html/api/app/Controllers/Cart.php', 428)
 2 SYSTEMPATH/CodeIgniter.php(941): App\Controllers\Cart->auctiongardenlist()
 3 SYSTEMPATH/CodeIgniter.php(502): CodeIgniter\CodeIgniter->runController(Object(App\Controllers\Cart))
 4 SYSTEMPATH/CodeIgniter.php(361): CodeIgniter\CodeIgniter->handleRequest(null, Object(Config\Cache), false)
 5 FCPATH/index.php(79): CodeIgniter\CodeIgniter->run()
ERROR - 2024-10-22 15:35:07 --> current items data:[{"id":"46","inward_invoice_id":"V2","inward_item_id":"2","auction_id":"3","grade_id":"5","lot_no":"1","lot_set":"1","auction_quantity":"1","sample_quantity":"2","auction_each_net":"13","base_price":"100","reverse_price":"105","high_price":"0","valuation_price":"110","last_sold_price":null,"status":"1","is_sold":"0","min_bid_added":"0","is_withdrawn":"0","created_at":"2024-10-22 15:23:51","updated_at":"2024-10-22 15:25:11","created_by":"3","updated_by":"3"},{"id":"47","inward_invoice_id":"V1","inward_item_id":"1","auction_id":"3","grade_id":"26","lot_no":"2","lot_set":"1","auction_quantity":"1","sample_quantity":"2","auction_each_net":"10","base_price":"100","reverse_price":"105","high_price":"0","valuation_price":"110","last_sold_price":null,"status":"1","is_sold":"0","min_bid_added":"0","is_withdrawn":"0","created_at":"2024-10-22 15:23:51","updated_at":"2024-10-22 15:25:11","created_by":"3","updated_by":"3"}], 2024-10-22 03:35:07
ERROR - 2024-10-22 15:35:07 --> Error code L001. auctionItemId:46, 2024-10-22 03:35:07
ERROR - 2024-10-22 15:35:07 --> bid calculation initiated auctionItemId:46, 0
ERROR - 2024-10-22 15:35:07 --> bid calculation Ended auctionItemId:46, 2024-10-22 03:35:07
ERROR - 2024-10-22 15:35:07 --> Error code L002. auctionItemId:46, 2024-10-22 03:35:07
ERROR - 2024-10-22 15:35:07 --> Error code L003. auctionItemId:46, 2024-10-22 03:35:07
ERROR - 2024-10-22 15:35:07 --> Error code L001. auctionItemId:47, 2024-10-22 03:35:07
ERROR - 2024-10-22 15:35:07 --> bid calculation initiated auctionItemId:47, 0
ERROR - 2024-10-22 15:35:07 --> bid calculation Ended auctionItemId:47, 2024-10-22 03:35:07
ERROR - 2024-10-22 15:35:07 --> Error code L002. auctionItemId:47, 2024-10-22 03:35:07
ERROR - 2024-10-22 15:35:07 --> Error code L003. auctionItemId:47, 2024-10-22 03:35:07
ERROR - 2024-10-22 15:35:44 --> current items data:[{"id":"48","inward_invoice_id":"V3","inward_item_id":"3","auction_id":"3","grade_id":"9","lot_no":"3","lot_set":"2","auction_quantity":"1","sample_quantity":"2","auction_each_net":"9","base_price":"100","reverse_price":"105","high_price":"0","valuation_price":"110","last_sold_price":null,"status":"1","is_sold":"0","min_bid_added":"0","is_withdrawn":"0","created_at":"2024-10-22 15:23:51","updated_at":"2024-10-22 15:25:11","created_by":"3","updated_by":"3"}], 2024-10-22 03:35:44
ERROR - 2024-10-22 15:35:44 --> Error code L001. auctionItemId:48, 2024-10-22 03:35:44
ERROR - 2024-10-22 15:35:44 --> bid calculation initiated auctionItemId:48, 0
ERROR - 2024-10-22 15:35:44 --> bid calculation Ended auctionItemId:48, 2024-10-22 03:35:44
ERROR - 2024-10-22 15:35:44 --> Error code L002. auctionItemId:48, 2024-10-22 03:35:44
ERROR - 2024-10-22 15:35:44 --> Error code L003. auctionItemId:48, 2024-10-22 03:35:44
CRITICAL - 2024-10-22 15:36:10 --> ErrorException: Undefined variable $auction_data
in APPPATH/Controllers/Cart.php on line 428.
 1 APPPATH/Controllers/Cart.php(428): CodeIgniter\Debug\Exceptions->errorHandler(2, 'Undefined variable $auction_data', '/var/www/eazyhosting.in/public_html/api/app/Controllers/Cart.php', 428)
 2 SYSTEMPATH/CodeIgniter.php(941): App\Controllers\Cart->auctiongardenlist()
 3 SYSTEMPATH/CodeIgniter.php(502): CodeIgniter\CodeIgniter->runController(Object(App\Controllers\Cart))
 4 SYSTEMPATH/CodeIgniter.php(361): CodeIgniter\CodeIgniter->handleRequest(null, Object(Config\Cache), false)
 5 FCPATH/index.php(79): CodeIgniter\CodeIgniter->run()
CRITICAL - 2024-10-22 15:36:28 --> ErrorException: Undefined variable $auction_data
in APPPATH/Controllers/Cart.php on line 428.
 1 APPPATH/Controllers/Cart.php(428): CodeIgniter\Debug\Exceptions->errorHandler(2, 'Undefined variable $auction_data', '/var/www/eazyhosting.in/public_html/api/app/Controllers/Cart.php', 428)
 2 SYSTEMPATH/CodeIgniter.php(941): App\Controllers\Cart->auctiongardenlist()
 3 SYSTEMPATH/CodeIgniter.php(502): CodeIgniter\CodeIgniter->runController(Object(App\Controllers\Cart))
 4 SYSTEMPATH/CodeIgniter.php(361): CodeIgniter\CodeIgniter->handleRequest(null, Object(Config\Cache), false)
 5 FCPATH/index.php(79): CodeIgniter\CodeIgniter->run()
CRITICAL - 2024-10-22 15:37:21 --> ErrorException: Undefined variable $auction_data
in APPPATH/Controllers/Cart.php on line 428.
 1 APPPATH/Controllers/Cart.php(428): CodeIgniter\Debug\Exceptions->errorHandler(2, 'Undefined variable $auction_data', '/var/www/eazyhosting.in/public_html/api/app/Controllers/Cart.php', 428)
 2 SYSTEMPATH/CodeIgniter.php(941): App\Controllers\Cart->auctiongardenlist()
 3 SYSTEMPATH/CodeIgniter.php(502): CodeIgniter\CodeIgniter->runController(Object(App\Controllers\Cart))
 4 SYSTEMPATH/CodeIgniter.php(361): CodeIgniter\CodeIgniter->handleRequest(null, Object(Config\Cache), false)
 5 FCPATH/index.php(79): CodeIgniter\CodeIgniter->run()
ERROR - 2024-10-22 15:52:14 --> current items data:[{"id":"49","inward_invoice_id":"V2","inward_item_id":"2","auction_id":"4","grade_id":"5","lot_no":"1","lot_set":"1","auction_quantity":"1","sample_quantity":"2","auction_each_net":"13","base_price":"100","reverse_price":"105","high_price":"0","valuation_price":"110","last_sold_price":null,"status":"1","is_sold":"0","min_bid_added":"0","is_withdrawn":"0","created_at":"2024-10-22 15:37:34","updated_at":"2024-10-22 15:37:56","created_by":"1","updated_by":"1"},{"id":"50","inward_invoice_id":"V1","inward_item_id":"1","auction_id":"4","grade_id":"26","lot_no":"2","lot_set":"1","auction_quantity":"1","sample_quantity":"2","auction_each_net":"10","base_price":"100","reverse_price":"105","high_price":"0","valuation_price":"110","last_sold_price":null,"status":"1","is_sold":"0","min_bid_added":"0","is_withdrawn":"0","created_at":"2024-10-22 15:37:34","updated_at":"2024-10-22 15:37:56","created_by":"1","updated_by":"1"}], 2024-10-22 03:52:14
ERROR - 2024-10-22 15:52:14 --> Error code L001. auctionItemId:49, 2024-10-22 03:52:14
ERROR - 2024-10-22 15:52:14 --> bid calculation initiated auctionItemId:49, 0
ERROR - 2024-10-22 15:52:14 --> bid calculation Ended auctionItemId:49, 2024-10-22 03:52:14
ERROR - 2024-10-22 15:52:14 --> Error code L002. auctionItemId:49, 2024-10-22 03:52:14
ERROR - 2024-10-22 15:52:14 --> Error code L003. auctionItemId:49, 2024-10-22 03:52:14
ERROR - 2024-10-22 15:52:14 --> Error code L001. auctionItemId:50, 2024-10-22 03:52:14
ERROR - 2024-10-22 15:52:14 --> bid calculation initiated auctionItemId:50, 0
ERROR - 2024-10-22 15:52:14 --> bid calculation Ended auctionItemId:50, 2024-10-22 03:52:14
ERROR - 2024-10-22 15:52:14 --> Error code L002. auctionItemId:50, 2024-10-22 03:52:14
ERROR - 2024-10-22 15:52:14 --> Error code L003. auctionItemId:50, 2024-10-22 03:52:14
ERROR - 2024-10-22 15:53:19 --> current items data:[{"id":"51","inward_invoice_id":"V3","inward_item_id":"3","auction_id":"4","grade_id":"9","lot_no":"3","lot_set":"2","auction_quantity":"1","sample_quantity":"2","auction_each_net":"9","base_price":"100","reverse_price":"105","high_price":"0","valuation_price":"110","last_sold_price":null,"status":"1","is_sold":"0","min_bid_added":"0","is_withdrawn":"0","created_at":"2024-10-22 15:37:34","updated_at":"2024-10-22 15:37:56","created_by":"1","updated_by":"1"}], 2024-10-22 03:53:19
ERROR - 2024-10-22 15:53:19 --> Error code L001. auctionItemId:51, 2024-10-22 03:53:19
ERROR - 2024-10-22 15:53:19 --> bid calculation initiated auctionItemId:51, 0
ERROR - 2024-10-22 15:53:19 --> bid calculation Ended auctionItemId:51, 2024-10-22 03:53:19
ERROR - 2024-10-22 15:53:19 --> Error code L002. auctionItemId:51, 2024-10-22 03:53:19
ERROR - 2024-10-22 15:53:19 --> Error code L003. auctionItemId:51, 2024-10-22 03:53:19
CRITICAL - 2024-10-22 15:54:07 --> ErrorException: Undefined variable $auction_data
in APPPATH/Controllers/Cart.php on line 428.
 1 APPPATH/Controllers/Cart.php(428): CodeIgniter\Debug\Exceptions->errorHandler(2, 'Undefined variable $auction_data', '/var/www/eazyhosting.in/public_html/api/app/Controllers/Cart.php', 428)
 2 SYSTEMPATH/CodeIgniter.php(941): App\Controllers\Cart->auctiongardenlist()
 3 SYSTEMPATH/CodeIgniter.php(502): CodeIgniter\CodeIgniter->runController(Object(App\Controllers\Cart))
 4 SYSTEMPATH/CodeIgniter.php(361): CodeIgniter\CodeIgniter->handleRequest(null, Object(Config\Cache), false)
 5 FCPATH/index.php(79): CodeIgniter\CodeIgniter->run()
CRITICAL - 2024-10-22 15:54:24 --> ErrorException: Undefined variable $auction_data
in APPPATH/Controllers/Cart.php on line 428.
 1 APPPATH/Controllers/Cart.php(428): CodeIgniter\Debug\Exceptions->errorHandler(2, 'Undefined variable $auction_data', '/var/www/eazyhosting.in/public_html/api/app/Controllers/Cart.php', 428)
 2 SYSTEMPATH/CodeIgniter.php(941): App\Controllers\Cart->auctiongardenlist()
 3 SYSTEMPATH/CodeIgniter.php(502): CodeIgniter\CodeIgniter->runController(Object(App\Controllers\Cart))
 4 SYSTEMPATH/CodeIgniter.php(361): CodeIgniter\CodeIgniter->handleRequest(null, Object(Config\Cache), false)
 5 FCPATH/index.php(79): CodeIgniter\CodeIgniter->run()
CRITICAL - 2024-10-22 15:54:28 --> ErrorException: Undefined variable $auction_data
in APPPATH/Controllers/Cart.php on line 428.
 1 APPPATH/Controllers/Cart.php(428): CodeIgniter\Debug\Exceptions->errorHandler(2, 'Undefined variable $auction_data', '/var/www/eazyhosting.in/public_html/api/app/Controllers/Cart.php', 428)
 2 SYSTEMPATH/CodeIgniter.php(941): App\Controllers\Cart->auctiongardenlist()
 3 SYSTEMPATH/CodeIgniter.php(502): CodeIgniter\CodeIgniter->runController(Object(App\Controllers\Cart))
 4 SYSTEMPATH/CodeIgniter.php(361): CodeIgniter\CodeIgniter->handleRequest(null, Object(Config\Cache), false)
 5 FCPATH/index.php(79): CodeIgniter\CodeIgniter->run()
ERROR - 2024-10-22 16:02:01 --> current items data:[{"id":"52","inward_invoice_id":"V2","inward_item_id":"2","auction_id":"5","grade_id":"5","lot_no":"1","lot_set":"1","auction_quantity":"1","sample_quantity":"2","auction_each_net":"13","base_price":"100","reverse_price":"105","high_price":"0","valuation_price":"110","last_sold_price":null,"status":"1","is_sold":"0","min_bid_added":"0","is_withdrawn":"0","created_at":"2024-10-22 15:54:30","updated_at":"2024-10-22 15:55:04","created_by":"1","updated_by":"1"},{"id":"53","inward_invoice_id":"V1","inward_item_id":"1","auction_id":"5","grade_id":"26","lot_no":"2","lot_set":"1","auction_quantity":"1","sample_quantity":"2","auction_each_net":"10","base_price":"100","reverse_price":"105","high_price":"0","valuation_price":"110","last_sold_price":null,"status":"1","is_sold":"0","min_bid_added":"0","is_withdrawn":"0","created_at":"2024-10-22 15:54:30","updated_at":"2024-10-22 15:55:04","created_by":"1","updated_by":"1"}], 2024-10-22 04:02:01
ERROR - 2024-10-22 16:02:01 --> Error code L001. auctionItemId:52, 2024-10-22 04:02:01
ERROR - 2024-10-22 16:02:01 --> bid calculation initiated auctionItemId:52, 0
ERROR - 2024-10-22 16:02:01 --> bid calculation Ended auctionItemId:52, 2024-10-22 04:02:01
ERROR - 2024-10-22 16:02:01 --> Error code L002. auctionItemId:52, 2024-10-22 04:02:01
ERROR - 2024-10-22 16:02:01 --> Error code L003. auctionItemId:52, 2024-10-22 04:02:01
ERROR - 2024-10-22 16:02:01 --> Error code L001. auctionItemId:53, 2024-10-22 04:02:01
ERROR - 2024-10-22 16:02:01 --> bid calculation initiated auctionItemId:53, 0
ERROR - 2024-10-22 16:02:01 --> bid calculation Ended auctionItemId:53, 2024-10-22 04:02:01
ERROR - 2024-10-22 16:02:01 --> Error code L002. auctionItemId:53, 2024-10-22 04:02:01
ERROR - 2024-10-22 16:02:01 --> Error code L003. auctionItemId:53, 2024-10-22 04:02:01
ERROR - 2024-10-22 16:04:08 --> current items data:[{"id":"54","inward_invoice_id":"V3","inward_item_id":"3","auction_id":"5","grade_id":"9","lot_no":"3","lot_set":"2","auction_quantity":"1","sample_quantity":"2","auction_each_net":"9","base_price":"100","reverse_price":"105","high_price":"0","valuation_price":"110","last_sold_price":null,"status":"1","is_sold":"0","min_bid_added":"0","is_withdrawn":"0","created_at":"2024-10-22 15:54:30","updated_at":"2024-10-22 15:55:04","created_by":"1","updated_by":"1"}], 2024-10-22 04:04:08
ERROR - 2024-10-22 16:04:08 --> Error code L001. auctionItemId:54, 2024-10-22 04:04:08
ERROR - 2024-10-22 16:04:08 --> bid calculation initiated auctionItemId:54, 0
ERROR - 2024-10-22 16:04:08 --> bid calculation Ended auctionItemId:54, 2024-10-22 04:04:08
ERROR - 2024-10-22 16:04:08 --> Error code L002. auctionItemId:54, 2024-10-22 04:04:08
ERROR - 2024-10-22 16:04:08 --> Error code L003. auctionItemId:54, 2024-10-22 04:04:08
CRITICAL - 2024-10-22 16:04:40 --> ErrorException: Undefined variable $auction_data
in APPPATH/Controllers/Cart.php on line 428.
 1 APPPATH/Controllers/Cart.php(428): CodeIgniter\Debug\Exceptions->errorHandler(2, 'Undefined variable $auction_data', '/var/www/eazyhosting.in/public_html/api/app/Controllers/Cart.php', 428)
 2 SYSTEMPATH/CodeIgniter.php(941): App\Controllers\Cart->auctiongardenlist()
 3 SYSTEMPATH/CodeIgniter.php(502): CodeIgniter\CodeIgniter->runController(Object(App\Controllers\Cart))
 4 SYSTEMPATH/CodeIgniter.php(361): CodeIgniter\CodeIgniter->handleRequest(null, Object(Config\Cache), false)
 5 FCPATH/index.php(79): CodeIgniter\CodeIgniter->run()
CRITICAL - 2024-10-22 16:04:55 --> ErrorException: Undefined variable $auction_data
in APPPATH/Controllers/Cart.php on line 428.
 1 APPPATH/Controllers/Cart.php(428): CodeIgniter\Debug\Exceptions->errorHandler(2, 'Undefined variable $auction_data', '/var/www/eazyhosting.in/public_html/api/app/Controllers/Cart.php', 428)
 2 SYSTEMPATH/CodeIgniter.php(941): App\Controllers\Cart->auctiongardenlist()
 3 SYSTEMPATH/CodeIgniter.php(502): CodeIgniter\CodeIgniter->runController(Object(App\Controllers\Cart))
 4 SYSTEMPATH/CodeIgniter.php(361): CodeIgniter\CodeIgniter->handleRequest(null, Object(Config\Cache), false)
 5 FCPATH/index.php(79): CodeIgniter\CodeIgniter->run()
CRITICAL - 2024-10-22 16:04:57 --> ErrorException: Undefined variable $auction_data
in APPPATH/Controllers/Cart.php on line 428.
 1 APPPATH/Controllers/Cart.php(428): CodeIgniter\Debug\Exceptions->errorHandler(2, 'Undefined variable $auction_data', '/var/www/eazyhosting.in/public_html/api/app/Controllers/Cart.php', 428)
 2 SYSTEMPATH/CodeIgniter.php(941): App\Controllers\Cart->auctiongardenlist()
 3 SYSTEMPATH/CodeIgniter.php(502): CodeIgniter\CodeIgniter->runController(Object(App\Controllers\Cart))
 4 SYSTEMPATH/CodeIgniter.php(361): CodeIgniter\CodeIgniter->handleRequest(null, Object(Config\Cache), false)
 5 FCPATH/index.php(79): CodeIgniter\CodeIgniter->run()
ERROR - 2024-10-22 16:11:18 --> Auto bid only
ERROR - 2024-10-22 16:11:18 --> Auto bid only:2
ERROR - 2024-10-22 16:12:26 --> current items data:[{"id":"55","inward_invoice_id":"V2","inward_item_id":"2","auction_id":"6","grade_id":"5","lot_no":"1","lot_set":"1","auction_quantity":"1","sample_quantity":"2","auction_each_net":"13","base_price":"100","reverse_price":"105","high_price":"0","valuation_price":"110","last_sold_price":null,"status":"1","is_sold":"0","min_bid_added":"0","is_withdrawn":"0","created_at":"2024-10-22 16:05:01","updated_at":"2024-10-22 16:05:24","created_by":"1","updated_by":"1"},{"id":"56","inward_invoice_id":"V1","inward_item_id":"1","auction_id":"6","grade_id":"26","lot_no":"2","lot_set":"1","auction_quantity":"1","sample_quantity":"2","auction_each_net":"10","base_price":"100","reverse_price":"105","high_price":"0","valuation_price":"110","last_sold_price":null,"status":"1","is_sold":"0","min_bid_added":"0","is_withdrawn":"0","created_at":"2024-10-22 16:05:01","updated_at":"2024-10-22 16:05:24","created_by":"1","updated_by":"1"}], 2024-10-22 04:12:26
ERROR - 2024-10-22 16:12:26 --> Error code L001. auctionItemId:55, 2024-10-22 04:12:26
ERROR - 2024-10-22 16:12:26 --> bid calculation initiated auctionItemId:55, 1
ERROR - 2024-10-22 16:12:26 --> bidding value array:{"id":"449","auction_item_id":"55","buyer_id":"1","bid_price":"101.00","sq":"1.000","bq":"1.000","bid_type":"1","created_at":"2024-10-22 16:11:18","updated_at":"2024-10-22 16:11:18"}
ERROR - 2024-10-22 16:12:26 --> Error code 001. HBP:101.00, HABP: 1000, 2024-10-22 04:12:26
ERROR - 2024-10-22 16:12:26 --> Error code 002. HBP:101.00, RP: 105, 2024-10-22 04:12:26
ERROR - 2024-10-22 16:12:26 --> bid calculation Ended auctionItemId:55, 2024-10-22 04:12:26
ERROR - 2024-10-22 16:12:26 --> Error code L002. auctionItemId:55, 2024-10-22 04:12:26
ERROR - 2024-10-22 16:12:26 --> Error code L003. auctionItemId:55, 2024-10-22 04:12:26
ERROR - 2024-10-22 16:12:26 --> Error code L001. auctionItemId:56, 2024-10-22 04:12:26
ERROR - 2024-10-22 16:12:26 --> bid calculation initiated auctionItemId:56, 0
ERROR - 2024-10-22 16:12:26 --> bid calculation Ended auctionItemId:56, 2024-10-22 04:12:26
ERROR - 2024-10-22 16:12:26 --> Error code L002. auctionItemId:56, 2024-10-22 04:12:26
ERROR - 2024-10-22 16:12:26 --> Error code L003. auctionItemId:56, 2024-10-22 04:12:26
ERROR - 2024-10-22 16:18:28 --> current items data:[{"id":"57","inward_invoice_id":"V3","inward_item_id":"3","auction_id":"6","grade_id":"9","lot_no":"3","lot_set":"2","auction_quantity":"1","sample_quantity":"2","auction_each_net":"9","base_price":"100","reverse_price":"105","high_price":"0","valuation_price":"110","last_sold_price":null,"status":"1","is_sold":"0","min_bid_added":"0","is_withdrawn":"0","created_at":"2024-10-22 16:05:01","updated_at":"2024-10-22 16:05:24","created_by":"1","updated_by":"1"}], 2024-10-22 04:18:28
ERROR - 2024-10-22 16:18:28 --> Error code L001. auctionItemId:57, 2024-10-22 04:18:28
ERROR - 2024-10-22 16:18:28 --> bid calculation initiated auctionItemId:57, 0
ERROR - 2024-10-22 16:18:28 --> bid calculation Ended auctionItemId:57, 2024-10-22 04:18:28
ERROR - 2024-10-22 16:18:28 --> Error code L002. auctionItemId:57, 2024-10-22 04:18:28
ERROR - 2024-10-22 16:18:28 --> Error code L003. auctionItemId:57, 2024-10-22 04:18:28
CRITICAL - 2024-10-22 19:58:23 --> ErrorException: Undefined variable $auction_data
in APPPATH/Controllers/Cart.php on line 428.
 1 APPPATH/Controllers/Cart.php(428): CodeIgniter\Debug\Exceptions->errorHandler(2, 'Undefined variable $auction_data', '/var/www/eazyhosting.in/public_html/api/app/Controllers/Cart.php', 428)
 2 SYSTEMPATH/CodeIgniter.php(941): App\Controllers\Cart->auctiongardenlist()
 3 SYSTEMPATH/CodeIgniter.php(502): CodeIgniter\CodeIgniter->runController(Object(App\Controllers\Cart))
 4 SYSTEMPATH/CodeIgniter.php(361): CodeIgniter\CodeIgniter->handleRequest(null, Object(Config\Cache), false)
 5 FCPATH/index.php(79): CodeIgniter\CodeIgniter->run()
CRITICAL - 2024-10-22 19:58:58 --> ErrorException: Undefined variable $auction_data
in APPPATH/Controllers/Cart.php on line 428.
 1 APPPATH/Controllers/Cart.php(428): CodeIgniter\Debug\Exceptions->errorHandler(2, 'Undefined variable $auction_data', '/var/www/eazyhosting.in/public_html/api/app/Controllers/Cart.php', 428)
 2 SYSTEMPATH/CodeIgniter.php(941): App\Controllers\Cart->auctiongardenlist()
 3 SYSTEMPATH/CodeIgniter.php(502): CodeIgniter\CodeIgniter->runController(Object(App\Controllers\Cart))
 4 SYSTEMPATH/CodeIgniter.php(361): CodeIgniter\CodeIgniter->handleRequest(null, Object(Config\Cache), false)
 5 FCPATH/index.php(79): CodeIgniter\CodeIgniter->run()
CRITICAL - 2024-10-22 19:59:01 --> ErrorException: Undefined variable $auction_data
in APPPATH/Controllers/Cart.php on line 428.
 1 APPPATH/Controllers/Cart.php(428): CodeIgniter\Debug\Exceptions->errorHandler(2, 'Undefined variable $auction_data', '/var/www/eazyhosting.in/public_html/api/app/Controllers/Cart.php', 428)
 2 SYSTEMPATH/CodeIgniter.php(941): App\Controllers\Cart->auctiongardenlist()
 3 SYSTEMPATH/CodeIgniter.php(502): CodeIgniter\CodeIgniter->runController(Object(App\Controllers\Cart))
 4 SYSTEMPATH/CodeIgniter.php(361): CodeIgniter\CodeIgniter->handleRequest(null, Object(Config\Cache), false)
 5 FCPATH/index.php(79): CodeIgniter\CodeIgniter->run()
ERROR - 2024-10-22 20:24:50 --> current items data:[{"id":"58","inward_invoice_id":"V2","inward_item_id":"2","auction_id":"7","grade_id":"5","lot_no":"1","lot_set":"1","auction_quantity":"1","sample_quantity":"2","auction_each_net":"13","base_price":"100","reverse_price":"105","high_price":"0","valuation_price":"110","last_sold_price":null,"status":"1","is_sold":"0","min_bid_added":"0","is_withdrawn":"0","created_at":"2024-10-22 19:59:11","updated_at":"2024-10-22 19:59:41","created_by":"3","updated_by":"3"},{"id":"59","inward_invoice_id":"V1","inward_item_id":"1","auction_id":"7","grade_id":"26","lot_no":"2","lot_set":"1","auction_quantity":"1","sample_quantity":"2","auction_each_net":"10","base_price":"100","reverse_price":"105","high_price":"0","valuation_price":"110","last_sold_price":null,"status":"1","is_sold":"0","min_bid_added":"0","is_withdrawn":"0","created_at":"2024-10-22 19:59:11","updated_at":"2024-10-22 19:59:41","created_by":"3","updated_by":"3"}], 2024-10-22 08:24:50
ERROR - 2024-10-22 20:24:50 --> Error code L001. auctionItemId:58, 2024-10-22 08:24:50
ERROR - 2024-10-22 20:24:50 --> bid calculation initiated auctionItemId:58, 0
ERROR - 2024-10-22 20:24:50 --> bid calculation Ended auctionItemId:58, 2024-10-22 08:24:50
ERROR - 2024-10-22 20:24:50 --> Error code L002. auctionItemId:58, 2024-10-22 08:24:50
ERROR - 2024-10-22 20:24:50 --> Error code L003. auctionItemId:58, 2024-10-22 08:24:50
ERROR - 2024-10-22 20:24:50 --> Error code L001. auctionItemId:59, 2024-10-22 08:24:50
ERROR - 2024-10-22 20:24:50 --> bid calculation initiated auctionItemId:59, 0
ERROR - 2024-10-22 20:24:50 --> bid calculation Ended auctionItemId:59, 2024-10-22 08:24:50
ERROR - 2024-10-22 20:24:50 --> Error code L002. auctionItemId:59, 2024-10-22 08:24:50
ERROR - 2024-10-22 20:24:50 --> Error code L003. auctionItemId:59, 2024-10-22 08:24:50
ERROR - 2024-10-22 20:25:54 --> current items data:[{"id":"60","inward_invoice_id":"V3","inward_item_id":"3","auction_id":"7","grade_id":"9","lot_no":"3","lot_set":"2","auction_quantity":"1","sample_quantity":"2","auction_each_net":"9","base_price":"100","reverse_price":"105","high_price":"0","valuation_price":"110","last_sold_price":null,"status":"1","is_sold":"0","min_bid_added":"0","is_withdrawn":"0","created_at":"2024-10-22 19:59:11","updated_at":"2024-10-22 19:59:41","created_by":"3","updated_by":"3"}], 2024-10-22 08:25:54
ERROR - 2024-10-22 20:25:54 --> Error code L001. auctionItemId:60, 2024-10-22 08:25:54
ERROR - 2024-10-22 20:25:54 --> bid calculation initiated auctionItemId:60, 1
ERROR - 2024-10-22 20:25:54 --> bidding value array:{"id":"453","auction_item_id":"60","buyer_id":"1","bid_price":"112.00","sq":"1.000","bq":"1.000","bid_type":"1","created_at":"2024-10-22 20:25:42","updated_at":"2024-10-22 20:25:42"}
ERROR - 2024-10-22 20:25:54 --> Error code 001. HBP:112.00, HABP: 1000, 2024-10-22 08:25:54
ERROR - 2024-10-22 20:25:54 --> Error code 003. HBP:112.00, RP: 105, 2024-10-22 08:25:54
ERROR - 2024-10-22 20:25:54 --> Error code 005. HBP:112.00, SLHABP: 0, 2024-10-22 08:25:54
ERROR - 2024-10-22 20:25:54 --> bid calculation Ended auctionItemId:60, 2024-10-22 08:25:54
ERROR - 2024-10-22 20:25:54 --> Error code L002. auctionItemId:60, 2024-10-22 08:25:54
ERROR - 2024-10-22 20:25:55 --> Error code L003. auctionItemId:60, 2024-10-22 08:25:55
CRITICAL - 2024-10-22 20:28:45 --> ErrorException: Undefined variable $auction_data
in APPPATH/Controllers/Cart.php on line 428.
 1 APPPATH/Controllers/Cart.php(428): CodeIgniter\Debug\Exceptions->errorHandler(2, 'Undefined variable $auction_data', '/var/www/eazyhosting.in/public_html/api/app/Controllers/Cart.php', 428)
 2 SYSTEMPATH/CodeIgniter.php(941): App\Controllers\Cart->auctiongardenlist()
 3 SYSTEMPATH/CodeIgniter.php(502): CodeIgniter\CodeIgniter->runController(Object(App\Controllers\Cart))
 4 SYSTEMPATH/CodeIgniter.php(361): CodeIgniter\CodeIgniter->handleRequest(null, Object(Config\Cache), false)
 5 FCPATH/index.php(79): CodeIgniter\CodeIgniter->run()
CRITICAL - 2024-10-22 20:29:05 --> ErrorException: Undefined variable $auction_data
in APPPATH/Controllers/Cart.php on line 428.
 1 APPPATH/Controllers/Cart.php(428): CodeIgniter\Debug\Exceptions->errorHandler(2, 'Undefined variable $auction_data', '/var/www/eazyhosting.in/public_html/api/app/Controllers/Cart.php', 428)
 2 SYSTEMPATH/CodeIgniter.php(941): App\Controllers\Cart->auctiongardenlist()
 3 SYSTEMPATH/CodeIgniter.php(502): CodeIgniter\CodeIgniter->runController(Object(App\Controllers\Cart))
 4 SYSTEMPATH/CodeIgniter.php(361): CodeIgniter\CodeIgniter->handleRequest(null, Object(Config\Cache), false)
 5 FCPATH/index.php(79): CodeIgniter\CodeIgniter->run()
CRITICAL - 2024-10-22 20:30:44 --> ErrorException: Undefined variable $auction_data
in APPPATH/Controllers/Cart.php on line 428.
 1 APPPATH/Controllers/Cart.php(428): CodeIgniter\Debug\Exceptions->errorHandler(2, 'Undefined variable $auction_data', '/var/www/eazyhosting.in/public_html/api/app/Controllers/Cart.php', 428)
 2 SYSTEMPATH/CodeIgniter.php(941): App\Controllers\Cart->auctiongardenlist()
 3 SYSTEMPATH/CodeIgniter.php(502): CodeIgniter\CodeIgniter->runController(Object(App\Controllers\Cart))
 4 SYSTEMPATH/CodeIgniter.php(361): CodeIgniter\CodeIgniter->handleRequest(null, Object(Config\Cache), false)
 5 FCPATH/index.php(79): CodeIgniter\CodeIgniter->run()
ERROR - 2024-10-22 20:36:34 --> Auto bid only
ERROR - 2024-10-22 20:36:34 --> Auto bid only:2
ERROR - 2024-10-22 20:39:42 --> current items data:[{"id":"61","inward_invoice_id":"V2","inward_item_id":"2","auction_id":"8","grade_id":"5","lot_no":"1","lot_set":"1","auction_quantity":"1","sample_quantity":"2","auction_each_net":"13","base_price":"100","reverse_price":"105","high_price":"0","valuation_price":"110","last_sold_price":null,"status":"1","is_sold":"0","min_bid_added":"0","is_withdrawn":"0","created_at":"2024-10-22 20:30:47","updated_at":"2024-10-22 20:31:06","created_by":"1","updated_by":"1"},{"id":"62","inward_invoice_id":"V1","inward_item_id":"1","auction_id":"8","grade_id":"26","lot_no":"2","lot_set":"1","auction_quantity":"1","sample_quantity":"2","auction_each_net":"10","base_price":"100","reverse_price":"105","high_price":"0","valuation_price":"110","last_sold_price":null,"status":"1","is_sold":"0","min_bid_added":"0","is_withdrawn":"0","created_at":"2024-10-22 20:30:47","updated_at":"2024-10-22 20:31:06","created_by":"1","updated_by":"1"}], 2024-10-22 08:39:42
ERROR - 2024-10-22 20:39:42 --> Error code L001. auctionItemId:61, 2024-10-22 08:39:42
ERROR - 2024-10-22 20:39:42 --> bid calculation initiated auctionItemId:61, 1
ERROR - 2024-10-22 20:39:42 --> bidding value array:{"id":"454","auction_item_id":"61","buyer_id":"1","bid_price":"101.00","sq":"1.000","bq":"1.000","bid_type":"1","created_at":"2024-10-22 20:36:34","updated_at":"2024-10-22 20:36:34"}
ERROR - 2024-10-22 20:39:42 --> Error code 001. HBP:101.00, HABP: 140, 2024-10-22 08:39:42
ERROR - 2024-10-22 20:39:42 --> Error code 002. HBP:101.00, RP: 105, 2024-10-22 08:39:42
ERROR - 2024-10-22 20:39:42 --> bid calculation Ended auctionItemId:61, 2024-10-22 08:39:42
ERROR - 2024-10-22 20:39:42 --> Error code L002. auctionItemId:61, 2024-10-22 08:39:42
ERROR - 2024-10-22 20:39:42 --> Error code L003. auctionItemId:61, 2024-10-22 08:39:42
ERROR - 2024-10-22 20:39:42 --> Error code L001. auctionItemId:62, 2024-10-22 08:39:42
ERROR - 2024-10-22 20:39:42 --> bid calculation initiated auctionItemId:62, 0
ERROR - 2024-10-22 20:39:42 --> bid calculation Ended auctionItemId:62, 2024-10-22 08:39:42
ERROR - 2024-10-22 20:39:42 --> Error code L002. auctionItemId:62, 2024-10-22 08:39:42
ERROR - 2024-10-22 20:39:42 --> Error code L003. auctionItemId:62, 2024-10-22 08:39:42
ERROR - 2024-10-22 20:42:42 --> current items data:[{"id":"63","inward_invoice_id":"V3","inward_item_id":"3","auction_id":"8","grade_id":"9","lot_no":"3","lot_set":"2","auction_quantity":"1","sample_quantity":"2","auction_each_net":"9","base_price":"100","reverse_price":"105","high_price":"0","valuation_price":"110","last_sold_price":null,"status":"1","is_sold":"0","min_bid_added":"0","is_withdrawn":"0","created_at":"2024-10-22 20:30:47","updated_at":"2024-10-22 20:31:06","created_by":"1","updated_by":"1"}], 2024-10-22 08:42:42
ERROR - 2024-10-22 20:42:42 --> Error code L001. auctionItemId:63, 2024-10-22 08:42:42
ERROR - 2024-10-22 20:42:42 --> bid calculation initiated auctionItemId:63, 0
ERROR - 2024-10-22 20:42:42 --> bid calculation Ended auctionItemId:63, 2024-10-22 08:42:42
ERROR - 2024-10-22 20:42:42 --> Error code L002. auctionItemId:63, 2024-10-22 08:42:42
ERROR - 2024-10-22 20:42:42 --> Error code L003. auctionItemId:63, 2024-10-22 08:42:42
CRITICAL - 2024-10-22 20:54:14 --> ErrorException: Undefined variable $auction_data
in APPPATH/Controllers/Cart.php on line 428.
 1 APPPATH/Controllers/Cart.php(428): CodeIgniter\Debug\Exceptions->errorHandler(2, 'Undefined variable $auction_data', '/var/www/eazyhosting.in/public_html/api/app/Controllers/Cart.php', 428)
 2 SYSTEMPATH/CodeIgniter.php(941): App\Controllers\Cart->auctiongardenlist()
 3 SYSTEMPATH/CodeIgniter.php(502): CodeIgniter\CodeIgniter->runController(Object(App\Controllers\Cart))
 4 SYSTEMPATH/CodeIgniter.php(361): CodeIgniter\CodeIgniter->handleRequest(null, Object(Config\Cache), false)
 5 FCPATH/index.php(79): CodeIgniter\CodeIgniter->run()
CRITICAL - 2024-10-22 20:54:35 --> ErrorException: Undefined variable $auction_data
in APPPATH/Controllers/Cart.php on line 428.
 1 APPPATH/Controllers/Cart.php(428): CodeIgniter\Debug\Exceptions->errorHandler(2, 'Undefined variable $auction_data', '/var/www/eazyhosting.in/public_html/api/app/Controllers/Cart.php', 428)
 2 SYSTEMPATH/CodeIgniter.php(941): App\Controllers\Cart->auctiongardenlist()
 3 SYSTEMPATH/CodeIgniter.php(502): CodeIgniter\CodeIgniter->runController(Object(App\Controllers\Cart))
 4 SYSTEMPATH/CodeIgniter.php(361): CodeIgniter\CodeIgniter->handleRequest(null, Object(Config\Cache), false)
 5 FCPATH/index.php(79): CodeIgniter\CodeIgniter->run()
CRITICAL - 2024-10-22 20:54:38 --> ErrorException: Undefined variable $auction_data
in APPPATH/Controllers/Cart.php on line 428.
 1 APPPATH/Controllers/Cart.php(428): CodeIgniter\Debug\Exceptions->errorHandler(2, 'Undefined variable $auction_data', '/var/www/eazyhosting.in/public_html/api/app/Controllers/Cart.php', 428)
 2 SYSTEMPATH/CodeIgniter.php(941): App\Controllers\Cart->auctiongardenlist()
 3 SYSTEMPATH/CodeIgniter.php(502): CodeIgniter\CodeIgniter->runController(Object(App\Controllers\Cart))
 4 SYSTEMPATH/CodeIgniter.php(361): CodeIgniter\CodeIgniter->handleRequest(null, Object(Config\Cache), false)
 5 FCPATH/index.php(79): CodeIgniter\CodeIgniter->run()
ERROR - 2024-10-22 21:35:42 --> Auto bid only
ERROR - 2024-10-22 21:35:42 --> Auto bid only:2
