CRITICAL - 2024-04-30 00:09:14 --> ErrorException: Undefined variable $data
in APPPATH\Controllers\Cart.php on line 368.
 1 APPPATH\Controllers\Cart.php(368): CodeIgniter\Debug\Exceptions->errorHandler(2, 'Undefined variable $data', 'F:\\xampp\\htdocs\\oams_staging\\api\\app\\Controllers\\Cart.php', 368)
 2 SYSTEMPATH\CodeIgniter.php(941): App\Controllers\Cart->auctiongardenlist()
 3 SYSTEMPATH\CodeIgniter.php(502): CodeIgniter\CodeIgniter->runController(Object(App\Controllers\Cart))
 4 SYSTEMPATH\CodeIgniter.php(361): CodeIgniter\CodeIgniter->handleRequest(null, Object(Config\Cache), false)
 5 FCPATH\index.php(79): CodeIgniter\CodeIgniter->run()
CRITICAL - 2024-04-30 00:09:33 --> ErrorException: Undefined variable $data
in APPPATH\Controllers\Cart.php on line 368.
 1 APPPATH\Controllers\Cart.php(368): CodeIgniter\Debug\Exceptions->errorHandler(2, 'Undefined variable $data', 'F:\\xampp\\htdocs\\oams_staging\\api\\app\\Controllers\\Cart.php', 368)
 2 SYSTEMPATH\CodeIgniter.php(941): App\Controllers\Cart->auctiongardenlist()
 3 SYSTEMPATH\CodeIgniter.php(502): CodeIgniter\CodeIgniter->runController(Object(App\Controllers\Cart))
 4 SYSTEMPATH\CodeIgniter.php(361): CodeIgniter\CodeIgniter->handleRequest(null, Object(Config\Cache), false)
 5 FCPATH\index.php(79): CodeIgniter\CodeIgniter->run()
CRITICAL - 2024-04-30 00:11:23 --> ErrorException: foreach() argument must be of type array|object, null given
in APPPATH\Controllers\Cart.php on line 344.
 1 APPPATH\Controllers\Cart.php(344): CodeIgniter\Debug\Exceptions->errorHandler(2, 'foreach() argument must be of type array|object, null given', 'F:\\xampp\\htdocs\\oams_staging\\api\\app\\Controllers\\Cart.php', 344)
 2 SYSTEMPATH\CodeIgniter.php(941): App\Controllers\Cart->auctiongardenlist()
 3 SYSTEMPATH\CodeIgniter.php(502): CodeIgniter\CodeIgniter->runController(Object(App\Controllers\Cart))
 4 SYSTEMPATH\CodeIgniter.php(361): CodeIgniter\CodeIgniter->handleRequest(null, Object(Config\Cache), false)
 5 FCPATH\index.php(79): CodeIgniter\CodeIgniter->run()
CRITICAL - 2024-04-30 00:24:06 --> ErrorException: foreach() argument must be of type array|object, null given
in APPPATH\Controllers\Cart.php on line 344.
 1 APPPATH\Controllers\Cart.php(344): CodeIgniter\Debug\Exceptions->errorHandler(2, 'foreach() argument must be of type array|object, null given', 'F:\\xampp\\htdocs\\oams_staging\\api\\app\\Controllers\\Cart.php', 344)
 2 SYSTEMPATH\CodeIgniter.php(941): App\Controllers\Cart->auctiongardenlist()
 3 SYSTEMPATH\CodeIgniter.php(502): CodeIgniter\CodeIgniter->runController(Object(App\Controllers\Cart))
 4 SYSTEMPATH\CodeIgniter.php(361): CodeIgniter\CodeIgniter->handleRequest(null, Object(Config\Cache), false)
 5 FCPATH\index.php(79): CodeIgniter\CodeIgniter->run()
CRITICAL - 2024-04-30 00:28:54 --> ErrorException: foreach() argument must be of type array|object, null given
in APPPATH\Controllers\Cart.php on line 344.
 1 APPPATH\Controllers\Cart.php(344): CodeIgniter\Debug\Exceptions->errorHandler(2, 'foreach() argument must be of type array|object, null given', 'F:\\xampp\\htdocs\\oams_staging\\api\\app\\Controllers\\Cart.php', 344)
 2 SYSTEMPATH\CodeIgniter.php(941): App\Controllers\Cart->auctiongardenlist()
 3 SYSTEMPATH\CodeIgniter.php(502): CodeIgniter\CodeIgniter->runController(Object(App\Controllers\Cart))
 4 SYSTEMPATH\CodeIgniter.php(361): CodeIgniter\CodeIgniter->handleRequest(null, Object(Config\Cache), false)
 5 FCPATH\index.php(79): CodeIgniter\CodeIgniter->run()
CRITICAL - 2024-04-30 00:29:03 --> ErrorException: foreach() argument must be of type array|object, null given
in APPPATH\Controllers\Cart.php on line 344.
 1 APPPATH\Controllers\Cart.php(344): CodeIgniter\Debug\Exceptions->errorHandler(2, 'foreach() argument must be of type array|object, null given', 'F:\\xampp\\htdocs\\oams_staging\\api\\app\\Controllers\\Cart.php', 344)
 2 SYSTEMPATH\CodeIgniter.php(941): App\Controllers\Cart->auctiongardenlist()
 3 SYSTEMPATH\CodeIgniter.php(502): CodeIgniter\CodeIgniter->runController(Object(App\Controllers\Cart))
 4 SYSTEMPATH\CodeIgniter.php(361): CodeIgniter\CodeIgniter->handleRequest(null, Object(Config\Cache), false)
 5 FCPATH\index.php(79): CodeIgniter\CodeIgniter->run()
