CRITICAL - 2024-06-18 10:26:56 --> ErrorException: Uninitialized string offset 1
in APPPATH/Controllers/Deliverymanagement.php on line 119.
 1 APPPATH/Controllers/Deliverymanagement.php(119): CodeIgniter\Debug\Exceptions->errorHandler(2, 'Uninitialized string offset 1', '/var/www/eazyhosting.in/public_html/api/app/Controllers/Deliverymanagement.php', 119)
 2 SYSTEMPATH/CodeIgniter.php(941): App\Controllers\Deliverymanagement->create()
 3 SYSTEMPATH/CodeIgniter.php(502): CodeIgniter\CodeIgniter->runController(Object(App\Controllers\Deliverymanagement))
 4 SYSTEMPATH/CodeIgniter.php(361): CodeIgniter\CodeIgniter->handleRequest(null, Object(Config\Cache), false)
 5 FCPATH/index.php(79): CodeIgniter\CodeIgniter->run()
CRITICAL - 2024-06-18 10:27:27 --> ErrorException: Uninitialized string offset 1
in APPPATH/Controllers/Deliverymanagement.php on line 119.
 1 APPPATH/Controllers/Deliverymanagement.php(119): CodeIgniter\Debug\Exceptions->errorHandler(2, 'Uninitialized string offset 1', '/var/www/eazyhosting.in/public_html/api/app/Controllers/Deliverymanagement.php', 119)
 2 SYSTEMPATH/CodeIgniter.php(941): App\Controllers\Deliverymanagement->create()
 3 SYSTEMPATH/CodeIgniter.php(502): CodeIgniter\CodeIgniter->runController(Object(App\Controllers\Deliverymanagement))
 4 SYSTEMPATH/CodeIgniter.php(361): CodeIgniter\CodeIgniter->handleRequest(null, Object(Config\Cache), false)
 5 FCPATH/index.php(79): CodeIgniter\CodeIgniter->run()
CRITICAL - 2024-06-18 10:33:40 --> ErrorException: Uninitialized string offset 1
in APPPATH/Controllers/Deliverymanagement.php on line 119.
 1 APPPATH/Controllers/Deliverymanagement.php(119): CodeIgniter\Debug\Exceptions->errorHandler(2, 'Uninitialized string offset 1', '/var/www/eazyhosting.in/public_html/api/app/Controllers/Deliverymanagement.php', 119)
 2 SYSTEMPATH/CodeIgniter.php(941): App\Controllers\Deliverymanagement->create()
 3 SYSTEMPATH/CodeIgniter.php(502): CodeIgniter\CodeIgniter->runController(Object(App\Controllers\Deliverymanagement))
 4 SYSTEMPATH/CodeIgniter.php(361): CodeIgniter\CodeIgniter->handleRequest(null, Object(Config\Cache), false)
 5 FCPATH/index.php(79): CodeIgniter\CodeIgniter->run()
CRITICAL - 2024-06-18 10:40:14 --> ErrorException: Uninitialized string offset 1
in APPPATH/Controllers/Deliverymanagement.php on line 119.
 1 APPPATH/Controllers/Deliverymanagement.php(119): CodeIgniter\Debug\Exceptions->errorHandler(2, 'Uninitialized string offset 1', '/var/www/eazyhosting.in/public_html/api/app/Controllers/Deliverymanagement.php', 119)
 2 SYSTEMPATH/CodeIgniter.php(941): App\Controllers\Deliverymanagement->create()
 3 SYSTEMPATH/CodeIgniter.php(502): CodeIgniter\CodeIgniter->runController(Object(App\Controllers\Deliverymanagement))
 4 SYSTEMPATH/CodeIgniter.php(361): CodeIgniter\CodeIgniter->handleRequest(null, Object(Config\Cache), false)
 5 FCPATH/index.php(79): CodeIgniter\CodeIgniter->run()
CRITICAL - 2024-06-18 11:00:02 --> ErrorException: Undefined variable $auction_data
in APPPATH/Controllers/Cart.php on line 482.
 1 APPPATH/Controllers/Cart.php(482): CodeIgniter\Debug\Exceptions->errorHandler(2, 'Undefined variable $auction_data', '/var/www/eazyhosting.in/public_html/api/app/Controllers/Cart.php', 482)
 2 SYSTEMPATH/CodeIgniter.php(941): App\Controllers\Cart->auctiongardenlist()
 3 SYSTEMPATH/CodeIgniter.php(502): CodeIgniter\CodeIgniter->runController(Object(App\Controllers\Cart))
 4 SYSTEMPATH/CodeIgniter.php(361): CodeIgniter\CodeIgniter->handleRequest(null, Object(Config\Cache), false)
 5 FCPATH/index.php(79): CodeIgniter\CodeIgniter->run()
CRITICAL - 2024-06-18 11:05:10 --> ErrorException: Undefined variable $auction_data
in APPPATH/Controllers/Cart.php on line 482.
 1 APPPATH/Controllers/Cart.php(482): CodeIgniter\Debug\Exceptions->errorHandler(2, 'Undefined variable $auction_data', '/var/www/eazyhosting.in/public_html/api/app/Controllers/Cart.php', 482)
 2 SYSTEMPATH/CodeIgniter.php(941): App\Controllers\Cart->auctiongardenlist()
 3 SYSTEMPATH/CodeIgniter.php(502): CodeIgniter\CodeIgniter->runController(Object(App\Controllers\Cart))
 4 SYSTEMPATH/CodeIgniter.php(361): CodeIgniter\CodeIgniter->handleRequest(null, Object(Config\Cache), false)
 5 FCPATH/index.php(79): CodeIgniter\CodeIgniter->run()
CRITICAL - 2024-06-18 11:05:25 --> ErrorException: Undefined variable $auction_data
in APPPATH/Controllers/Cart.php on line 482.
 1 APPPATH/Controllers/Cart.php(482): CodeIgniter\Debug\Exceptions->errorHandler(2, 'Undefined variable $auction_data', '/var/www/eazyhosting.in/public_html/api/app/Controllers/Cart.php', 482)
 2 SYSTEMPATH/CodeIgniter.php(941): App\Controllers\Cart->auctiongardenlist()
 3 SYSTEMPATH/CodeIgniter.php(502): CodeIgniter\CodeIgniter->runController(Object(App\Controllers\Cart))
 4 SYSTEMPATH/CodeIgniter.php(361): CodeIgniter\CodeIgniter->handleRequest(null, Object(Config\Cache), false)
 5 FCPATH/index.php(79): CodeIgniter\CodeIgniter->run()
CRITICAL - 2024-06-18 11:09:02 --> ErrorException: Undefined variable $auction_data
in APPPATH/Controllers/Cart.php on line 482.
 1 APPPATH/Controllers/Cart.php(482): CodeIgniter\Debug\Exceptions->errorHandler(2, 'Undefined variable $auction_data', '/var/www/eazyhosting.in/public_html/api/app/Controllers/Cart.php', 482)
 2 SYSTEMPATH/CodeIgniter.php(941): App\Controllers\Cart->auctiongardenlist()
 3 SYSTEMPATH/CodeIgniter.php(502): CodeIgniter\CodeIgniter->runController(Object(App\Controllers\Cart))
 4 SYSTEMPATH/CodeIgniter.php(361): CodeIgniter\CodeIgniter->handleRequest(null, Object(Config\Cache), false)
 5 FCPATH/index.php(79): CodeIgniter\CodeIgniter->run()
CRITICAL - 2024-06-18 11:09:50 --> ErrorException: Undefined variable $auction_data
in APPPATH/Controllers/Cart.php on line 482.
 1 APPPATH/Controllers/Cart.php(482): CodeIgniter\Debug\Exceptions->errorHandler(2, 'Undefined variable $auction_data', '/var/www/eazyhosting.in/public_html/api/app/Controllers/Cart.php', 482)
 2 SYSTEMPATH/CodeIgniter.php(941): App\Controllers\Cart->auctiongardenlist()
 3 SYSTEMPATH/CodeIgniter.php(502): CodeIgniter\CodeIgniter->runController(Object(App\Controllers\Cart))
 4 SYSTEMPATH/CodeIgniter.php(361): CodeIgniter\CodeIgniter->handleRequest(null, Object(Config\Cache), false)
 5 FCPATH/index.php(79): CodeIgniter\CodeIgniter->run()
CRITICAL - 2024-06-18 11:09:54 --> ErrorException: Undefined variable $auction_data
in APPPATH/Controllers/Cart.php on line 482.
 1 APPPATH/Controllers/Cart.php(482): CodeIgniter\Debug\Exceptions->errorHandler(2, 'Undefined variable $auction_data', '/var/www/eazyhosting.in/public_html/api/app/Controllers/Cart.php', 482)
 2 SYSTEMPATH/CodeIgniter.php(941): App\Controllers\Cart->auctiongardenlist()
 3 SYSTEMPATH/CodeIgniter.php(502): CodeIgniter\CodeIgniter->runController(Object(App\Controllers\Cart))
 4 SYSTEMPATH/CodeIgniter.php(361): CodeIgniter\CodeIgniter->handleRequest(null, Object(Config\Cache), false)
 5 FCPATH/index.php(79): CodeIgniter\CodeIgniter->run()
CRITICAL - 2024-06-18 11:09:59 --> ErrorException: Undefined variable $auction_data
in APPPATH/Controllers/Cart.php on line 482.
 1 APPPATH/Controllers/Cart.php(482): CodeIgniter\Debug\Exceptions->errorHandler(2, 'Undefined variable $auction_data', '/var/www/eazyhosting.in/public_html/api/app/Controllers/Cart.php', 482)
 2 SYSTEMPATH/CodeIgniter.php(941): App\Controllers\Cart->auctiongardenlist()
 3 SYSTEMPATH/CodeIgniter.php(502): CodeIgniter\CodeIgniter->runController(Object(App\Controllers\Cart))
 4 SYSTEMPATH/CodeIgniter.php(361): CodeIgniter\CodeIgniter->handleRequest(null, Object(Config\Cache), false)
 5 FCPATH/index.php(79): CodeIgniter\CodeIgniter->run()
CRITICAL - 2024-06-18 11:32:31 --> ErrorException: Undefined array key 0
in APPPATH/Controllers/Auction.php on line 1483.
 1 APPPATH/Controllers/Auction.php(1483): CodeIgniter\Debug\Exceptions->errorHandler(2, 'Undefined array key 0', '/var/www/eazyhosting.in/public_html/api/app/Controllers/Auction.php', 1483)
 2 SYSTEMPATH/CodeIgniter.php(941): App\Controllers\Auction->getResesrveBidframe()
 3 SYSTEMPATH/CodeIgniter.php(502): CodeIgniter\CodeIgniter->runController(Object(App\Controllers\Auction))
 4 SYSTEMPATH/CodeIgniter.php(361): CodeIgniter\CodeIgniter->handleRequest(null, Object(Config\Cache), false)
 5 FCPATH/index.php(79): CodeIgniter\CodeIgniter->run()
CRITICAL - 2024-06-18 11:32:33 --> ErrorException: Undefined array key 0
in APPPATH/Controllers/Auction.php on line 1483.
 1 APPPATH/Controllers/Auction.php(1483): CodeIgniter\Debug\Exceptions->errorHandler(2, 'Undefined array key 0', '/var/www/eazyhosting.in/public_html/api/app/Controllers/Auction.php', 1483)
 2 SYSTEMPATH/CodeIgniter.php(941): App\Controllers\Auction->getResesrveBidframe()
 3 SYSTEMPATH/CodeIgniter.php(502): CodeIgniter\CodeIgniter->runController(Object(App\Controllers\Auction))
 4 SYSTEMPATH/CodeIgniter.php(361): CodeIgniter\CodeIgniter->handleRequest(null, Object(Config\Cache), false)
 5 FCPATH/index.php(79): CodeIgniter\CodeIgniter->run()
CRITICAL - 2024-06-18 11:32:33 --> ErrorException: Undefined array key 0
in APPPATH/Controllers/Auction.php on line 1483.
 1 APPPATH/Controllers/Auction.php(1483): CodeIgniter\Debug\Exceptions->errorHandler(2, 'Undefined array key 0', '/var/www/eazyhosting.in/public_html/api/app/Controllers/Auction.php', 1483)
 2 SYSTEMPATH/CodeIgniter.php(941): App\Controllers\Auction->getResesrveBidframe()
 3 SYSTEMPATH/CodeIgniter.php(502): CodeIgniter\CodeIgniter->runController(Object(App\Controllers\Auction))
 4 SYSTEMPATH/CodeIgniter.php(361): CodeIgniter\CodeIgniter->handleRequest(null, Object(Config\Cache), false)
 5 FCPATH/index.php(79): CodeIgniter\CodeIgniter->run()
CRITICAL - 2024-06-18 11:32:33 --> ErrorException: Undefined array key 0
in APPPATH/Controllers/Auction.php on line 1483.
 1 APPPATH/Controllers/Auction.php(1483): CodeIgniter\Debug\Exceptions->errorHandler(2, 'Undefined array key 0', '/var/www/eazyhosting.in/public_html/api/app/Controllers/Auction.php', 1483)
 2 SYSTEMPATH/CodeIgniter.php(941): App\Controllers\Auction->getResesrveBidframe()
 3 SYSTEMPATH/CodeIgniter.php(502): CodeIgniter\CodeIgniter->runController(Object(App\Controllers\Auction))
 4 SYSTEMPATH/CodeIgniter.php(361): CodeIgniter\CodeIgniter->handleRequest(null, Object(Config\Cache), false)
 5 FCPATH/index.php(79): CodeIgniter\CodeIgniter->run()
CRITICAL - 2024-06-18 11:32:33 --> ErrorException: Undefined array key 0
in APPPATH/Controllers/Auction.php on line 1483.
 1 APPPATH/Controllers/Auction.php(1483): CodeIgniter\Debug\Exceptions->errorHandler(2, 'Undefined array key 0', '/var/www/eazyhosting.in/public_html/api/app/Controllers/Auction.php', 1483)
 2 SYSTEMPATH/CodeIgniter.php(941): App\Controllers\Auction->getResesrveBidframe()
 3 SYSTEMPATH/CodeIgniter.php(502): CodeIgniter\CodeIgniter->runController(Object(App\Controllers\Auction))
 4 SYSTEMPATH/CodeIgniter.php(361): CodeIgniter\CodeIgniter->handleRequest(null, Object(Config\Cache), false)
 5 FCPATH/index.php(79): CodeIgniter\CodeIgniter->run()
CRITICAL - 2024-06-18 11:32:37 --> ErrorException: Undefined array key 0
in APPPATH/Controllers/Auction.php on line 1483.
 1 APPPATH/Controllers/Auction.php(1483): CodeIgniter\Debug\Exceptions->errorHandler(2, 'Undefined array key 0', '/var/www/eazyhosting.in/public_html/api/app/Controllers/Auction.php', 1483)
 2 SYSTEMPATH/CodeIgniter.php(941): App\Controllers\Auction->getResesrveBidframe()
 3 SYSTEMPATH/CodeIgniter.php(502): CodeIgniter\CodeIgniter->runController(Object(App\Controllers\Auction))
 4 SYSTEMPATH/CodeIgniter.php(361): CodeIgniter\CodeIgniter->handleRequest(null, Object(Config\Cache), false)
 5 FCPATH/index.php(79): CodeIgniter\CodeIgniter->run()
CRITICAL - 2024-06-18 11:32:38 --> ErrorException: Undefined array key 0
in APPPATH/Controllers/Auction.php on line 1483.
 1 APPPATH/Controllers/Auction.php(1483): CodeIgniter\Debug\Exceptions->errorHandler(2, 'Undefined array key 0', '/var/www/eazyhosting.in/public_html/api/app/Controllers/Auction.php', 1483)
 2 SYSTEMPATH/CodeIgniter.php(941): App\Controllers\Auction->getResesrveBidframe()
 3 SYSTEMPATH/CodeIgniter.php(502): CodeIgniter\CodeIgniter->runController(Object(App\Controllers\Auction))
 4 SYSTEMPATH/CodeIgniter.php(361): CodeIgniter\CodeIgniter->handleRequest(null, Object(Config\Cache), false)
 5 FCPATH/index.php(79): CodeIgniter\CodeIgniter->run()
CRITICAL - 2024-06-18 11:32:38 --> ErrorException: Undefined array key 0
in APPPATH/Controllers/Auction.php on line 1483.
 1 APPPATH/Controllers/Auction.php(1483): CodeIgniter\Debug\Exceptions->errorHandler(2, 'Undefined array key 0', '/var/www/eazyhosting.in/public_html/api/app/Controllers/Auction.php', 1483)
 2 SYSTEMPATH/CodeIgniter.php(941): App\Controllers\Auction->getResesrveBidframe()
 3 SYSTEMPATH/CodeIgniter.php(502): CodeIgniter\CodeIgniter->runController(Object(App\Controllers\Auction))
 4 SYSTEMPATH/CodeIgniter.php(361): CodeIgniter\CodeIgniter->handleRequest(null, Object(Config\Cache), false)
 5 FCPATH/index.php(79): CodeIgniter\CodeIgniter->run()
CRITICAL - 2024-06-18 11:32:38 --> ErrorException: Undefined array key 0
in APPPATH/Controllers/Auction.php on line 1483.
 1 APPPATH/Controllers/Auction.php(1483): CodeIgniter\Debug\Exceptions->errorHandler(2, 'Undefined array key 0', '/var/www/eazyhosting.in/public_html/api/app/Controllers/Auction.php', 1483)
 2 SYSTEMPATH/CodeIgniter.php(941): App\Controllers\Auction->getResesrveBidframe()
 3 SYSTEMPATH/CodeIgniter.php(502): CodeIgniter\CodeIgniter->runController(Object(App\Controllers\Auction))
 4 SYSTEMPATH/CodeIgniter.php(361): CodeIgniter\CodeIgniter->handleRequest(null, Object(Config\Cache), false)
 5 FCPATH/index.php(79): CodeIgniter\CodeIgniter->run()
CRITICAL - 2024-06-18 11:48:46 --> ErrorException: Undefined array key 0
in APPPATH/Controllers/Auction.php on line 1483.
 1 APPPATH/Controllers/Auction.php(1483): CodeIgniter\Debug\Exceptions->errorHandler(2, 'Undefined array key 0', '/var/www/eazyhosting.in/public_html/api/app/Controllers/Auction.php', 1483)
 2 SYSTEMPATH/CodeIgniter.php(941): App\Controllers\Auction->getResesrveBidframe()
 3 SYSTEMPATH/CodeIgniter.php(502): CodeIgniter\CodeIgniter->runController(Object(App\Controllers\Auction))
 4 SYSTEMPATH/CodeIgniter.php(361): CodeIgniter\CodeIgniter->handleRequest(null, Object(Config\Cache), false)
 5 FCPATH/index.php(79): CodeIgniter\CodeIgniter->run()
CRITICAL - 2024-06-18 11:48:47 --> ErrorException: Undefined array key 0
in APPPATH/Controllers/Auction.php on line 1483.
 1 APPPATH/Controllers/Auction.php(1483): CodeIgniter\Debug\Exceptions->errorHandler(2, 'Undefined array key 0', '/var/www/eazyhosting.in/public_html/api/app/Controllers/Auction.php', 1483)
 2 SYSTEMPATH/CodeIgniter.php(941): App\Controllers\Auction->getResesrveBidframe()
 3 SYSTEMPATH/CodeIgniter.php(502): CodeIgniter\CodeIgniter->runController(Object(App\Controllers\Auction))
 4 SYSTEMPATH/CodeIgniter.php(361): CodeIgniter\CodeIgniter->handleRequest(null, Object(Config\Cache), false)
 5 FCPATH/index.php(79): CodeIgniter\CodeIgniter->run()
CRITICAL - 2024-06-18 11:48:47 --> ErrorException: Undefined array key 0
in APPPATH/Controllers/Auction.php on line 1483.
 1 APPPATH/Controllers/Auction.php(1483): CodeIgniter\Debug\Exceptions->errorHandler(2, 'Undefined array key 0', '/var/www/eazyhosting.in/public_html/api/app/Controllers/Auction.php', 1483)
 2 SYSTEMPATH/CodeIgniter.php(941): App\Controllers\Auction->getResesrveBidframe()
 3 SYSTEMPATH/CodeIgniter.php(502): CodeIgniter\CodeIgniter->runController(Object(App\Controllers\Auction))
 4 SYSTEMPATH/CodeIgniter.php(361): CodeIgniter\CodeIgniter->handleRequest(null, Object(Config\Cache), false)
 5 FCPATH/index.php(79): CodeIgniter\CodeIgniter->run()
CRITICAL - 2024-06-18 11:48:47 --> ErrorException: Undefined array key 0
in APPPATH/Controllers/Auction.php on line 1483.
 1 APPPATH/Controllers/Auction.php(1483): CodeIgniter\Debug\Exceptions->errorHandler(2, 'Undefined array key 0', '/var/www/eazyhosting.in/public_html/api/app/Controllers/Auction.php', 1483)
 2 SYSTEMPATH/CodeIgniter.php(941): App\Controllers\Auction->getResesrveBidframe()
 3 SYSTEMPATH/CodeIgniter.php(502): CodeIgniter\CodeIgniter->runController(Object(App\Controllers\Auction))
 4 SYSTEMPATH/CodeIgniter.php(361): CodeIgniter\CodeIgniter->handleRequest(null, Object(Config\Cache), false)
 5 FCPATH/index.php(79): CodeIgniter\CodeIgniter->run()
CRITICAL - 2024-06-18 11:48:47 --> ErrorException: Undefined array key 0
in APPPATH/Controllers/Auction.php on line 1483.
 1 APPPATH/Controllers/Auction.php(1483): CodeIgniter\Debug\Exceptions->errorHandler(2, 'Undefined array key 0', '/var/www/eazyhosting.in/public_html/api/app/Controllers/Auction.php', 1483)
 2 SYSTEMPATH/CodeIgniter.php(941): App\Controllers\Auction->getResesrveBidframe()
 3 SYSTEMPATH/CodeIgniter.php(502): CodeIgniter\CodeIgniter->runController(Object(App\Controllers\Auction))
 4 SYSTEMPATH/CodeIgniter.php(361): CodeIgniter\CodeIgniter->handleRequest(null, Object(Config\Cache), false)
 5 FCPATH/index.php(79): CodeIgniter\CodeIgniter->run()
CRITICAL - 2024-06-18 11:48:47 --> ErrorException: Undefined array key 0
in APPPATH/Controllers/Auction.php on line 1483.
 1 APPPATH/Controllers/Auction.php(1483): CodeIgniter\Debug\Exceptions->errorHandler(2, 'Undefined array key 0', '/var/www/eazyhosting.in/public_html/api/app/Controllers/Auction.php', 1483)
 2 SYSTEMPATH/CodeIgniter.php(941): App\Controllers\Auction->getResesrveBidframe()
 3 SYSTEMPATH/CodeIgniter.php(502): CodeIgniter\CodeIgniter->runController(Object(App\Controllers\Auction))
 4 SYSTEMPATH/CodeIgniter.php(361): CodeIgniter\CodeIgniter->handleRequest(null, Object(Config\Cache), false)
 5 FCPATH/index.php(79): CodeIgniter\CodeIgniter->run()
CRITICAL - 2024-06-18 11:48:53 --> ErrorException: Undefined array key 0
in APPPATH/Controllers/Auction.php on line 1483.
 1 APPPATH/Controllers/Auction.php(1483): CodeIgniter\Debug\Exceptions->errorHandler(2, 'Undefined array key 0', '/var/www/eazyhosting.in/public_html/api/app/Controllers/Auction.php', 1483)
 2 SYSTEMPATH/CodeIgniter.php(941): App\Controllers\Auction->getResesrveBidframe()
 3 SYSTEMPATH/CodeIgniter.php(502): CodeIgniter\CodeIgniter->runController(Object(App\Controllers\Auction))
 4 SYSTEMPATH/CodeIgniter.php(361): CodeIgniter\CodeIgniter->handleRequest(null, Object(Config\Cache), false)
 5 FCPATH/index.php(79): CodeIgniter\CodeIgniter->run()
CRITICAL - 2024-06-18 11:48:55 --> ErrorException: Undefined array key 0
in APPPATH/Controllers/Auction.php on line 1483.
 1 APPPATH/Controllers/Auction.php(1483): CodeIgniter\Debug\Exceptions->errorHandler(2, 'Undefined array key 0', '/var/www/eazyhosting.in/public_html/api/app/Controllers/Auction.php', 1483)
 2 SYSTEMPATH/CodeIgniter.php(941): App\Controllers\Auction->getResesrveBidframe()
 3 SYSTEMPATH/CodeIgniter.php(502): CodeIgniter\CodeIgniter->runController(Object(App\Controllers\Auction))
 4 SYSTEMPATH/CodeIgniter.php(361): CodeIgniter\CodeIgniter->handleRequest(null, Object(Config\Cache), false)
 5 FCPATH/index.php(79): CodeIgniter\CodeIgniter->run()
CRITICAL - 2024-06-18 11:48:55 --> ErrorException: Undefined array key 0
in APPPATH/Controllers/Auction.php on line 1483.
 1 APPPATH/Controllers/Auction.php(1483): CodeIgniter\Debug\Exceptions->errorHandler(2, 'Undefined array key 0', '/var/www/eazyhosting.in/public_html/api/app/Controllers/Auction.php', 1483)
 2 SYSTEMPATH/CodeIgniter.php(941): App\Controllers\Auction->getResesrveBidframe()
 3 SYSTEMPATH/CodeIgniter.php(502): CodeIgniter\CodeIgniter->runController(Object(App\Controllers\Auction))
 4 SYSTEMPATH/CodeIgniter.php(361): CodeIgniter\CodeIgniter->handleRequest(null, Object(Config\Cache), false)
 5 FCPATH/index.php(79): CodeIgniter\CodeIgniter->run()
CRITICAL - 2024-06-18 11:48:55 --> ErrorException: Undefined array key 0
in APPPATH/Controllers/Auction.php on line 1483.
 1 APPPATH/Controllers/Auction.php(1483): CodeIgniter\Debug\Exceptions->errorHandler(2, 'Undefined array key 0', '/var/www/eazyhosting.in/public_html/api/app/Controllers/Auction.php', 1483)
 2 SYSTEMPATH/CodeIgniter.php(941): App\Controllers\Auction->getResesrveBidframe()
 3 SYSTEMPATH/CodeIgniter.php(502): CodeIgniter\CodeIgniter->runController(Object(App\Controllers\Auction))
 4 SYSTEMPATH/CodeIgniter.php(361): CodeIgniter\CodeIgniter->handleRequest(null, Object(Config\Cache), false)
 5 FCPATH/index.php(79): CodeIgniter\CodeIgniter->run()
CRITICAL - 2024-06-18 11:48:55 --> ErrorException: Undefined array key 0
in APPPATH/Controllers/Auction.php on line 1483.
 1 APPPATH/Controllers/Auction.php(1483): CodeIgniter\Debug\Exceptions->errorHandler(2, 'Undefined array key 0', '/var/www/eazyhosting.in/public_html/api/app/Controllers/Auction.php', 1483)
 2 SYSTEMPATH/CodeIgniter.php(941): App\Controllers\Auction->getResesrveBidframe()
 3 SYSTEMPATH/CodeIgniter.php(502): CodeIgniter\CodeIgniter->runController(Object(App\Controllers\Auction))
 4 SYSTEMPATH/CodeIgniter.php(361): CodeIgniter\CodeIgniter->handleRequest(null, Object(Config\Cache), false)
 5 FCPATH/index.php(79): CodeIgniter\CodeIgniter->run()
CRITICAL - 2024-06-18 11:48:55 --> ErrorException: Undefined array key 0
in APPPATH/Controllers/Auction.php on line 1483.
 1 APPPATH/Controllers/Auction.php(1483): CodeIgniter\Debug\Exceptions->errorHandler(2, 'Undefined array key 0', '/var/www/eazyhosting.in/public_html/api/app/Controllers/Auction.php', 1483)
 2 SYSTEMPATH/CodeIgniter.php(941): App\Controllers\Auction->getResesrveBidframe()
 3 SYSTEMPATH/CodeIgniter.php(502): CodeIgniter\CodeIgniter->runController(Object(App\Controllers\Auction))
 4 SYSTEMPATH/CodeIgniter.php(361): CodeIgniter\CodeIgniter->handleRequest(null, Object(Config\Cache), false)
 5 FCPATH/index.php(79): CodeIgniter\CodeIgniter->run()
CRITICAL - 2024-06-18 11:49:07 --> ErrorException: Undefined array key 0
in APPPATH/Controllers/Auction.php on line 1483.
 1 APPPATH/Controllers/Auction.php(1483): CodeIgniter\Debug\Exceptions->errorHandler(2, 'Undefined array key 0', '/var/www/eazyhosting.in/public_html/api/app/Controllers/Auction.php', 1483)
 2 SYSTEMPATH/CodeIgniter.php(941): App\Controllers\Auction->getResesrveBidframe()
 3 SYSTEMPATH/CodeIgniter.php(502): CodeIgniter\CodeIgniter->runController(Object(App\Controllers\Auction))
 4 SYSTEMPATH/CodeIgniter.php(361): CodeIgniter\CodeIgniter->handleRequest(null, Object(Config\Cache), false)
 5 FCPATH/index.php(79): CodeIgniter\CodeIgniter->run()
CRITICAL - 2024-06-18 11:49:08 --> ErrorException: Undefined array key 0
in APPPATH/Controllers/Auction.php on line 1483.
 1 APPPATH/Controllers/Auction.php(1483): CodeIgniter\Debug\Exceptions->errorHandler(2, 'Undefined array key 0', '/var/www/eazyhosting.in/public_html/api/app/Controllers/Auction.php', 1483)
 2 SYSTEMPATH/CodeIgniter.php(941): App\Controllers\Auction->getResesrveBidframe()
 3 SYSTEMPATH/CodeIgniter.php(502): CodeIgniter\CodeIgniter->runController(Object(App\Controllers\Auction))
 4 SYSTEMPATH/CodeIgniter.php(361): CodeIgniter\CodeIgniter->handleRequest(null, Object(Config\Cache), false)
 5 FCPATH/index.php(79): CodeIgniter\CodeIgniter->run()
CRITICAL - 2024-06-18 11:49:08 --> ErrorException: Undefined array key 0
in APPPATH/Controllers/Auction.php on line 1483.
 1 APPPATH/Controllers/Auction.php(1483): CodeIgniter\Debug\Exceptions->errorHandler(2, 'Undefined array key 0', '/var/www/eazyhosting.in/public_html/api/app/Controllers/Auction.php', 1483)
 2 SYSTEMPATH/CodeIgniter.php(941): App\Controllers\Auction->getResesrveBidframe()
 3 SYSTEMPATH/CodeIgniter.php(502): CodeIgniter\CodeIgniter->runController(Object(App\Controllers\Auction))
 4 SYSTEMPATH/CodeIgniter.php(361): CodeIgniter\CodeIgniter->handleRequest(null, Object(Config\Cache), false)
 5 FCPATH/index.php(79): CodeIgniter\CodeIgniter->run()
CRITICAL - 2024-06-18 11:49:08 --> ErrorException: Undefined array key 0
in APPPATH/Controllers/Auction.php on line 1483.
 1 APPPATH/Controllers/Auction.php(1483): CodeIgniter\Debug\Exceptions->errorHandler(2, 'Undefined array key 0', '/var/www/eazyhosting.in/public_html/api/app/Controllers/Auction.php', 1483)
 2 SYSTEMPATH/CodeIgniter.php(941): App\Controllers\Auction->getResesrveBidframe()
 3 SYSTEMPATH/CodeIgniter.php(502): CodeIgniter\CodeIgniter->runController(Object(App\Controllers\Auction))
 4 SYSTEMPATH/CodeIgniter.php(361): CodeIgniter\CodeIgniter->handleRequest(null, Object(Config\Cache), false)
 5 FCPATH/index.php(79): CodeIgniter\CodeIgniter->run()
CRITICAL - 2024-06-18 11:49:08 --> ErrorException: Undefined array key 0
in APPPATH/Controllers/Auction.php on line 1483.
 1 APPPATH/Controllers/Auction.php(1483): CodeIgniter\Debug\Exceptions->errorHandler(2, 'Undefined array key 0', '/var/www/eazyhosting.in/public_html/api/app/Controllers/Auction.php', 1483)
 2 SYSTEMPATH/CodeIgniter.php(941): App\Controllers\Auction->getResesrveBidframe()
 3 SYSTEMPATH/CodeIgniter.php(502): CodeIgniter\CodeIgniter->runController(Object(App\Controllers\Auction))
 4 SYSTEMPATH/CodeIgniter.php(361): CodeIgniter\CodeIgniter->handleRequest(null, Object(Config\Cache), false)
 5 FCPATH/index.php(79): CodeIgniter\CodeIgniter->run()
CRITICAL - 2024-06-18 11:49:08 --> ErrorException: Undefined array key 0
in APPPATH/Controllers/Auction.php on line 1483.
 1 APPPATH/Controllers/Auction.php(1483): CodeIgniter\Debug\Exceptions->errorHandler(2, 'Undefined array key 0', '/var/www/eazyhosting.in/public_html/api/app/Controllers/Auction.php', 1483)
 2 SYSTEMPATH/CodeIgniter.php(941): App\Controllers\Auction->getResesrveBidframe()
 3 SYSTEMPATH/CodeIgniter.php(502): CodeIgniter\CodeIgniter->runController(Object(App\Controllers\Auction))
 4 SYSTEMPATH/CodeIgniter.php(361): CodeIgniter\CodeIgniter->handleRequest(null, Object(Config\Cache), false)
 5 FCPATH/index.php(79): CodeIgniter\CodeIgniter->run()
CRITICAL - 2024-06-18 11:49:08 --> ErrorException: Undefined array key 0
in APPPATH/Controllers/Auction.php on line 1483.
 1 APPPATH/Controllers/Auction.php(1483): CodeIgniter\Debug\Exceptions->errorHandler(2, 'Undefined array key 0', '/var/www/eazyhosting.in/public_html/api/app/Controllers/Auction.php', 1483)
 2 SYSTEMPATH/CodeIgniter.php(941): App\Controllers\Auction->getResesrveBidframe()
 3 SYSTEMPATH/CodeIgniter.php(502): CodeIgniter\CodeIgniter->runController(Object(App\Controllers\Auction))
 4 SYSTEMPATH/CodeIgniter.php(361): CodeIgniter\CodeIgniter->handleRequest(null, Object(Config\Cache), false)
 5 FCPATH/index.php(79): CodeIgniter\CodeIgniter->run()
CRITICAL - 2024-06-18 11:49:22 --> ErrorException: Undefined array key 0
in APPPATH/Controllers/Auction.php on line 1483.
 1 APPPATH/Controllers/Auction.php(1483): CodeIgniter\Debug\Exceptions->errorHandler(2, 'Undefined array key 0', '/var/www/eazyhosting.in/public_html/api/app/Controllers/Auction.php', 1483)
 2 SYSTEMPATH/CodeIgniter.php(941): App\Controllers\Auction->getResesrveBidframe()
 3 SYSTEMPATH/CodeIgniter.php(502): CodeIgniter\CodeIgniter->runController(Object(App\Controllers\Auction))
 4 SYSTEMPATH/CodeIgniter.php(361): CodeIgniter\CodeIgniter->handleRequest(null, Object(Config\Cache), false)
 5 FCPATH/index.php(79): CodeIgniter\CodeIgniter->run()
CRITICAL - 2024-06-18 11:49:23 --> ErrorException: Undefined array key 0
in APPPATH/Controllers/Auction.php on line 1483.
 1 APPPATH/Controllers/Auction.php(1483): CodeIgniter\Debug\Exceptions->errorHandler(2, 'Undefined array key 0', '/var/www/eazyhosting.in/public_html/api/app/Controllers/Auction.php', 1483)
 2 SYSTEMPATH/CodeIgniter.php(941): App\Controllers\Auction->getResesrveBidframe()
 3 SYSTEMPATH/CodeIgniter.php(502): CodeIgniter\CodeIgniter->runController(Object(App\Controllers\Auction))
 4 SYSTEMPATH/CodeIgniter.php(361): CodeIgniter\CodeIgniter->handleRequest(null, Object(Config\Cache), false)
 5 FCPATH/index.php(79): CodeIgniter\CodeIgniter->run()
CRITICAL - 2024-06-18 11:49:23 --> ErrorException: Undefined array key 0
in APPPATH/Controllers/Auction.php on line 1483.
 1 APPPATH/Controllers/Auction.php(1483): CodeIgniter\Debug\Exceptions->errorHandler(2, 'Undefined array key 0', '/var/www/eazyhosting.in/public_html/api/app/Controllers/Auction.php', 1483)
 2 SYSTEMPATH/CodeIgniter.php(941): App\Controllers\Auction->getResesrveBidframe()
 3 SYSTEMPATH/CodeIgniter.php(502): CodeIgniter\CodeIgniter->runController(Object(App\Controllers\Auction))
 4 SYSTEMPATH/CodeIgniter.php(361): CodeIgniter\CodeIgniter->handleRequest(null, Object(Config\Cache), false)
 5 FCPATH/index.php(79): CodeIgniter\CodeIgniter->run()
CRITICAL - 2024-06-18 11:49:23 --> ErrorException: Undefined array key 0
in APPPATH/Controllers/Auction.php on line 1483.
 1 APPPATH/Controllers/Auction.php(1483): CodeIgniter\Debug\Exceptions->errorHandler(2, 'Undefined array key 0', '/var/www/eazyhosting.in/public_html/api/app/Controllers/Auction.php', 1483)
 2 SYSTEMPATH/CodeIgniter.php(941): App\Controllers\Auction->getResesrveBidframe()
 3 SYSTEMPATH/CodeIgniter.php(502): CodeIgniter\CodeIgniter->runController(Object(App\Controllers\Auction))
 4 SYSTEMPATH/CodeIgniter.php(361): CodeIgniter\CodeIgniter->handleRequest(null, Object(Config\Cache), false)
 5 FCPATH/index.php(79): CodeIgniter\CodeIgniter->run()
CRITICAL - 2024-06-18 11:49:23 --> ErrorException: Undefined array key 0
in APPPATH/Controllers/Auction.php on line 1483.
 1 APPPATH/Controllers/Auction.php(1483): CodeIgniter\Debug\Exceptions->errorHandler(2, 'Undefined array key 0', '/var/www/eazyhosting.in/public_html/api/app/Controllers/Auction.php', 1483)
 2 SYSTEMPATH/CodeIgniter.php(941): App\Controllers\Auction->getResesrveBidframe()
 3 SYSTEMPATH/CodeIgniter.php(502): CodeIgniter\CodeIgniter->runController(Object(App\Controllers\Auction))
 4 SYSTEMPATH/CodeIgniter.php(361): CodeIgniter\CodeIgniter->handleRequest(null, Object(Config\Cache), false)
 5 FCPATH/index.php(79): CodeIgniter\CodeIgniter->run()
CRITICAL - 2024-06-18 11:49:33 --> ErrorException: Undefined array key 0
in APPPATH/Controllers/Auction.php on line 1483.
 1 APPPATH/Controllers/Auction.php(1483): CodeIgniter\Debug\Exceptions->errorHandler(2, 'Undefined array key 0', '/var/www/eazyhosting.in/public_html/api/app/Controllers/Auction.php', 1483)
 2 SYSTEMPATH/CodeIgniter.php(941): App\Controllers\Auction->getResesrveBidframe()
 3 SYSTEMPATH/CodeIgniter.php(502): CodeIgniter\CodeIgniter->runController(Object(App\Controllers\Auction))
 4 SYSTEMPATH/CodeIgniter.php(361): CodeIgniter\CodeIgniter->handleRequest(null, Object(Config\Cache), false)
 5 FCPATH/index.php(79): CodeIgniter\CodeIgniter->run()
CRITICAL - 2024-06-18 11:49:34 --> ErrorException: Undefined array key 0
in APPPATH/Controllers/Auction.php on line 1483.
 1 APPPATH/Controllers/Auction.php(1483): CodeIgniter\Debug\Exceptions->errorHandler(2, 'Undefined array key 0', '/var/www/eazyhosting.in/public_html/api/app/Controllers/Auction.php', 1483)
 2 SYSTEMPATH/CodeIgniter.php(941): App\Controllers\Auction->getResesrveBidframe()
 3 SYSTEMPATH/CodeIgniter.php(502): CodeIgniter\CodeIgniter->runController(Object(App\Controllers\Auction))
 4 SYSTEMPATH/CodeIgniter.php(361): CodeIgniter\CodeIgniter->handleRequest(null, Object(Config\Cache), false)
 5 FCPATH/index.php(79): CodeIgniter\CodeIgniter->run()
CRITICAL - 2024-06-18 11:49:34 --> ErrorException: Undefined array key 0
in APPPATH/Controllers/Auction.php on line 1483.
 1 APPPATH/Controllers/Auction.php(1483): CodeIgniter\Debug\Exceptions->errorHandler(2, 'Undefined array key 0', '/var/www/eazyhosting.in/public_html/api/app/Controllers/Auction.php', 1483)
 2 SYSTEMPATH/CodeIgniter.php(941): App\Controllers\Auction->getResesrveBidframe()
 3 SYSTEMPATH/CodeIgniter.php(502): CodeIgniter\CodeIgniter->runController(Object(App\Controllers\Auction))
 4 SYSTEMPATH/CodeIgniter.php(361): CodeIgniter\CodeIgniter->handleRequest(null, Object(Config\Cache), false)
 5 FCPATH/index.php(79): CodeIgniter\CodeIgniter->run()
CRITICAL - 2024-06-18 11:49:35 --> ErrorException: Undefined array key 0
in APPPATH/Controllers/Auction.php on line 1483.
 1 APPPATH/Controllers/Auction.php(1483): CodeIgniter\Debug\Exceptions->errorHandler(2, 'Undefined array key 0', '/var/www/eazyhosting.in/public_html/api/app/Controllers/Auction.php', 1483)
 2 SYSTEMPATH/CodeIgniter.php(941): App\Controllers\Auction->getResesrveBidframe()
 3 SYSTEMPATH/CodeIgniter.php(502): CodeIgniter\CodeIgniter->runController(Object(App\Controllers\Auction))
 4 SYSTEMPATH/CodeIgniter.php(361): CodeIgniter\CodeIgniter->handleRequest(null, Object(Config\Cache), false)
 5 FCPATH/index.php(79): CodeIgniter\CodeIgniter->run()
CRITICAL - 2024-06-18 11:49:35 --> ErrorException: Undefined array key 0
in APPPATH/Controllers/Auction.php on line 1483.
 1 APPPATH/Controllers/Auction.php(1483): CodeIgniter\Debug\Exceptions->errorHandler(2, 'Undefined array key 0', '/var/www/eazyhosting.in/public_html/api/app/Controllers/Auction.php', 1483)
 2 SYSTEMPATH/CodeIgniter.php(941): App\Controllers\Auction->getResesrveBidframe()
 3 SYSTEMPATH/CodeIgniter.php(502): CodeIgniter\CodeIgniter->runController(Object(App\Controllers\Auction))
 4 SYSTEMPATH/CodeIgniter.php(361): CodeIgniter\CodeIgniter->handleRequest(null, Object(Config\Cache), false)
 5 FCPATH/index.php(79): CodeIgniter\CodeIgniter->run()
CRITICAL - 2024-06-18 12:11:37 --> ErrorException: Undefined variable $auction_data
in APPPATH/Controllers/Cart.php on line 482.
 1 APPPATH/Controllers/Cart.php(482): CodeIgniter\Debug\Exceptions->errorHandler(2, 'Undefined variable $auction_data', '/var/www/eazyhosting.in/public_html/api/app/Controllers/Cart.php', 482)
 2 SYSTEMPATH/CodeIgniter.php(941): App\Controllers\Cart->auctiongardenlist()
 3 SYSTEMPATH/CodeIgniter.php(502): CodeIgniter\CodeIgniter->runController(Object(App\Controllers\Cart))
 4 SYSTEMPATH/CodeIgniter.php(361): CodeIgniter\CodeIgniter->handleRequest(null, Object(Config\Cache), false)
 5 FCPATH/index.php(79): CodeIgniter\CodeIgniter->run()
CRITICAL - 2024-06-18 12:12:11 --> ErrorException: Undefined variable $auction_data
in APPPATH/Controllers/Cart.php on line 482.
 1 APPPATH/Controllers/Cart.php(482): CodeIgniter\Debug\Exceptions->errorHandler(2, 'Undefined variable $auction_data', '/var/www/eazyhosting.in/public_html/api/app/Controllers/Cart.php', 482)
 2 SYSTEMPATH/CodeIgniter.php(941): App\Controllers\Cart->auctiongardenlist()
 3 SYSTEMPATH/CodeIgniter.php(502): CodeIgniter\CodeIgniter->runController(Object(App\Controllers\Cart))
 4 SYSTEMPATH/CodeIgniter.php(361): CodeIgniter\CodeIgniter->handleRequest(null, Object(Config\Cache), false)
 5 FCPATH/index.php(79): CodeIgniter\CodeIgniter->run()
CRITICAL - 2024-06-18 12:12:15 --> ErrorException: Undefined variable $auction_data
in APPPATH/Controllers/Cart.php on line 482.
 1 APPPATH/Controllers/Cart.php(482): CodeIgniter\Debug\Exceptions->errorHandler(2, 'Undefined variable $auction_data', '/var/www/eazyhosting.in/public_html/api/app/Controllers/Cart.php', 482)
 2 SYSTEMPATH/CodeIgniter.php(941): App\Controllers\Cart->auctiongardenlist()
 3 SYSTEMPATH/CodeIgniter.php(502): CodeIgniter\CodeIgniter->runController(Object(App\Controllers\Cart))
 4 SYSTEMPATH/CodeIgniter.php(361): CodeIgniter\CodeIgniter->handleRequest(null, Object(Config\Cache), false)
 5 FCPATH/index.php(79): CodeIgniter\CodeIgniter->run()
CRITICAL - 2024-06-18 13:00:06 --> ErrorException: Undefined variable $auction_data
in APPPATH/Controllers/Cart.php on line 482.
 1 APPPATH/Controllers/Cart.php(482): CodeIgniter\Debug\Exceptions->errorHandler(2, 'Undefined variable $auction_data', '/var/www/eazyhosting.in/public_html/api/app/Controllers/Cart.php', 482)
 2 SYSTEMPATH/CodeIgniter.php(941): App\Controllers\Cart->auctiongardenlist()
 3 SYSTEMPATH/CodeIgniter.php(502): CodeIgniter\CodeIgniter->runController(Object(App\Controllers\Cart))
 4 SYSTEMPATH/CodeIgniter.php(361): CodeIgniter\CodeIgniter->handleRequest(null, Object(Config\Cache), false)
 5 FCPATH/index.php(79): CodeIgniter\CodeIgniter->run()
CRITICAL - 2024-06-18 13:01:23 --> ErrorException: Undefined variable $auction_data
in APPPATH/Controllers/Cart.php on line 482.
 1 APPPATH/Controllers/Cart.php(482): CodeIgniter\Debug\Exceptions->errorHandler(2, 'Undefined variable $auction_data', '/var/www/eazyhosting.in/public_html/api/app/Controllers/Cart.php', 482)
 2 SYSTEMPATH/CodeIgniter.php(941): App\Controllers\Cart->auctiongardenlist()
 3 SYSTEMPATH/CodeIgniter.php(502): CodeIgniter\CodeIgniter->runController(Object(App\Controllers\Cart))
 4 SYSTEMPATH/CodeIgniter.php(361): CodeIgniter\CodeIgniter->handleRequest(null, Object(Config\Cache), false)
 5 FCPATH/index.php(79): CodeIgniter\CodeIgniter->run()
CRITICAL - 2024-06-18 13:01:30 --> ErrorException: Undefined variable $auction_data
in APPPATH/Controllers/Cart.php on line 482.
 1 APPPATH/Controllers/Cart.php(482): CodeIgniter\Debug\Exceptions->errorHandler(2, 'Undefined variable $auction_data', '/var/www/eazyhosting.in/public_html/api/app/Controllers/Cart.php', 482)
 2 SYSTEMPATH/CodeIgniter.php(941): App\Controllers\Cart->auctiongardenlist()
 3 SYSTEMPATH/CodeIgniter.php(502): CodeIgniter\CodeIgniter->runController(Object(App\Controllers\Cart))
 4 SYSTEMPATH/CodeIgniter.php(361): CodeIgniter\CodeIgniter->handleRequest(null, Object(Config\Cache), false)
 5 FCPATH/index.php(79): CodeIgniter\CodeIgniter->run()
CRITICAL - 2024-06-18 13:01:34 --> ErrorException: Undefined variable $auction_data
in APPPATH/Controllers/Cart.php on line 482.
 1 APPPATH/Controllers/Cart.php(482): CodeIgniter\Debug\Exceptions->errorHandler(2, 'Undefined variable $auction_data', '/var/www/eazyhosting.in/public_html/api/app/Controllers/Cart.php', 482)
 2 SYSTEMPATH/CodeIgniter.php(941): App\Controllers\Cart->auctiongardenlist()
 3 SYSTEMPATH/CodeIgniter.php(502): CodeIgniter\CodeIgniter->runController(Object(App\Controllers\Cart))
 4 SYSTEMPATH/CodeIgniter.php(361): CodeIgniter\CodeIgniter->handleRequest(null, Object(Config\Cache), false)
 5 FCPATH/index.php(79): CodeIgniter\CodeIgniter->run()
CRITICAL - 2024-06-18 13:24:04 --> ErrorException: Undefined array key 0
in APPPATH/Controllers/Auction.php on line 1483.
 1 APPPATH/Controllers/Auction.php(1483): CodeIgniter\Debug\Exceptions->errorHandler(2, 'Undefined array key 0', '/var/www/eazyhosting.in/public_html/api/app/Controllers/Auction.php', 1483)
 2 SYSTEMPATH/CodeIgniter.php(941): App\Controllers\Auction->getResesrveBidframe()
 3 SYSTEMPATH/CodeIgniter.php(502): CodeIgniter\CodeIgniter->runController(Object(App\Controllers\Auction))
 4 SYSTEMPATH/CodeIgniter.php(361): CodeIgniter\CodeIgniter->handleRequest(null, Object(Config\Cache), false)
 5 FCPATH/index.php(79): CodeIgniter\CodeIgniter->run()
CRITICAL - 2024-06-18 13:24:07 --> ErrorException: Undefined array key 0
in APPPATH/Controllers/Auction.php on line 1483.
 1 APPPATH/Controllers/Auction.php(1483): CodeIgniter\Debug\Exceptions->errorHandler(2, 'Undefined array key 0', '/var/www/eazyhosting.in/public_html/api/app/Controllers/Auction.php', 1483)
 2 SYSTEMPATH/CodeIgniter.php(941): App\Controllers\Auction->getResesrveBidframe()
 3 SYSTEMPATH/CodeIgniter.php(502): CodeIgniter\CodeIgniter->runController(Object(App\Controllers\Auction))
 4 SYSTEMPATH/CodeIgniter.php(361): CodeIgniter\CodeIgniter->handleRequest(null, Object(Config\Cache), false)
 5 FCPATH/index.php(79): CodeIgniter\CodeIgniter->run()
CRITICAL - 2024-06-18 13:31:42 --> ErrorException: Undefined variable $auction_data
in APPPATH/Controllers/Cart.php on line 482.
 1 APPPATH/Controllers/Cart.php(482): CodeIgniter\Debug\Exceptions->errorHandler(2, 'Undefined variable $auction_data', '/var/www/eazyhosting.in/public_html/api/app/Controllers/Cart.php', 482)
 2 SYSTEMPATH/CodeIgniter.php(941): App\Controllers\Cart->auctiongardenlist()
 3 SYSTEMPATH/CodeIgniter.php(502): CodeIgniter\CodeIgniter->runController(Object(App\Controllers\Cart))
 4 SYSTEMPATH/CodeIgniter.php(361): CodeIgniter\CodeIgniter->handleRequest(null, Object(Config\Cache), false)
 5 FCPATH/index.php(79): CodeIgniter\CodeIgniter->run()
CRITICAL - 2024-06-18 13:32:27 --> ErrorException: Undefined variable $auction_data
in APPPATH/Controllers/Cart.php on line 482.
 1 APPPATH/Controllers/Cart.php(482): CodeIgniter\Debug\Exceptions->errorHandler(2, 'Undefined variable $auction_data', '/var/www/eazyhosting.in/public_html/api/app/Controllers/Cart.php', 482)
 2 SYSTEMPATH/CodeIgniter.php(941): App\Controllers\Cart->auctiongardenlist()
 3 SYSTEMPATH/CodeIgniter.php(502): CodeIgniter\CodeIgniter->runController(Object(App\Controllers\Cart))
 4 SYSTEMPATH/CodeIgniter.php(361): CodeIgniter\CodeIgniter->handleRequest(null, Object(Config\Cache), false)
 5 FCPATH/index.php(79): CodeIgniter\CodeIgniter->run()
CRITICAL - 2024-06-18 13:32:45 --> ErrorException: Undefined variable $auction_data
in APPPATH/Controllers/Cart.php on line 482.
 1 APPPATH/Controllers/Cart.php(482): CodeIgniter\Debug\Exceptions->errorHandler(2, 'Undefined variable $auction_data', '/var/www/eazyhosting.in/public_html/api/app/Controllers/Cart.php', 482)
 2 SYSTEMPATH/CodeIgniter.php(941): App\Controllers\Cart->auctiongardenlist()
 3 SYSTEMPATH/CodeIgniter.php(502): CodeIgniter\CodeIgniter->runController(Object(App\Controllers\Cart))
 4 SYSTEMPATH/CodeIgniter.php(361): CodeIgniter\CodeIgniter->handleRequest(null, Object(Config\Cache), false)
 5 FCPATH/index.php(79): CodeIgniter\CodeIgniter->run()
CRITICAL - 2024-06-18 13:32:48 --> ErrorException: Undefined variable $auction_data
in APPPATH/Controllers/Cart.php on line 482.
 1 APPPATH/Controllers/Cart.php(482): CodeIgniter\Debug\Exceptions->errorHandler(2, 'Undefined variable $auction_data', '/var/www/eazyhosting.in/public_html/api/app/Controllers/Cart.php', 482)
 2 SYSTEMPATH/CodeIgniter.php(941): App\Controllers\Cart->auctiongardenlist()
 3 SYSTEMPATH/CodeIgniter.php(502): CodeIgniter\CodeIgniter->runController(Object(App\Controllers\Cart))
 4 SYSTEMPATH/CodeIgniter.php(361): CodeIgniter\CodeIgniter->handleRequest(null, Object(Config\Cache), false)
 5 FCPATH/index.php(79): CodeIgniter\CodeIgniter->run()
CRITICAL - 2024-06-18 13:32:51 --> ErrorException: Undefined variable $auction_data
in APPPATH/Controllers/Cart.php on line 482.
 1 APPPATH/Controllers/Cart.php(482): CodeIgniter\Debug\Exceptions->errorHandler(2, 'Undefined variable $auction_data', '/var/www/eazyhosting.in/public_html/api/app/Controllers/Cart.php', 482)
 2 SYSTEMPATH/CodeIgniter.php(941): App\Controllers\Cart->auctiongardenlist()
 3 SYSTEMPATH/CodeIgniter.php(502): CodeIgniter\CodeIgniter->runController(Object(App\Controllers\Cart))
 4 SYSTEMPATH/CodeIgniter.php(361): CodeIgniter\CodeIgniter->handleRequest(null, Object(Config\Cache), false)
 5 FCPATH/index.php(79): CodeIgniter\CodeIgniter->run()
CRITICAL - 2024-06-18 13:32:53 --> ErrorException: Undefined variable $auction_data
in APPPATH/Controllers/Cart.php on line 482.
 1 APPPATH/Controllers/Cart.php(482): CodeIgniter\Debug\Exceptions->errorHandler(2, 'Undefined variable $auction_data', '/var/www/eazyhosting.in/public_html/api/app/Controllers/Cart.php', 482)
 2 SYSTEMPATH/CodeIgniter.php(941): App\Controllers\Cart->auctiongardenlist()
 3 SYSTEMPATH/CodeIgniter.php(502): CodeIgniter\CodeIgniter->runController(Object(App\Controllers\Cart))
 4 SYSTEMPATH/CodeIgniter.php(361): CodeIgniter\CodeIgniter->handleRequest(null, Object(Config\Cache), false)
 5 FCPATH/index.php(79): CodeIgniter\CodeIgniter->run()
CRITICAL - 2024-06-18 13:32:54 --> ErrorException: Undefined variable $auction_data
in APPPATH/Controllers/Cart.php on line 482.
 1 APPPATH/Controllers/Cart.php(482): CodeIgniter\Debug\Exceptions->errorHandler(2, 'Undefined variable $auction_data', '/var/www/eazyhosting.in/public_html/api/app/Controllers/Cart.php', 482)
 2 SYSTEMPATH/CodeIgniter.php(941): App\Controllers\Cart->auctiongardenlist()
 3 SYSTEMPATH/CodeIgniter.php(502): CodeIgniter\CodeIgniter->runController(Object(App\Controllers\Cart))
 4 SYSTEMPATH/CodeIgniter.php(361): CodeIgniter\CodeIgniter->handleRequest(null, Object(Config\Cache), false)
 5 FCPATH/index.php(79): CodeIgniter\CodeIgniter->run()
CRITICAL - 2024-06-18 13:32:55 --> ErrorException: Undefined variable $auction_data
in APPPATH/Controllers/Cart.php on line 482.
 1 APPPATH/Controllers/Cart.php(482): CodeIgniter\Debug\Exceptions->errorHandler(2, 'Undefined variable $auction_data', '/var/www/eazyhosting.in/public_html/api/app/Controllers/Cart.php', 482)
 2 SYSTEMPATH/CodeIgniter.php(941): App\Controllers\Cart->auctiongardenlist()
 3 SYSTEMPATH/CodeIgniter.php(502): CodeIgniter\CodeIgniter->runController(Object(App\Controllers\Cart))
 4 SYSTEMPATH/CodeIgniter.php(361): CodeIgniter\CodeIgniter->handleRequest(null, Object(Config\Cache), false)
 5 FCPATH/index.php(79): CodeIgniter\CodeIgniter->run()
CRITICAL - 2024-06-18 13:32:56 --> ErrorException: Undefined variable $auction_data
in APPPATH/Controllers/Cart.php on line 482.
 1 APPPATH/Controllers/Cart.php(482): CodeIgniter\Debug\Exceptions->errorHandler(2, 'Undefined variable $auction_data', '/var/www/eazyhosting.in/public_html/api/app/Controllers/Cart.php', 482)
 2 SYSTEMPATH/CodeIgniter.php(941): App\Controllers\Cart->auctiongardenlist()
 3 SYSTEMPATH/CodeIgniter.php(502): CodeIgniter\CodeIgniter->runController(Object(App\Controllers\Cart))
 4 SYSTEMPATH/CodeIgniter.php(361): CodeIgniter\CodeIgniter->handleRequest(null, Object(Config\Cache), false)
 5 FCPATH/index.php(79): CodeIgniter\CodeIgniter->run()
CRITICAL - 2024-06-18 13:32:57 --> ErrorException: Undefined variable $auction_data
in APPPATH/Controllers/Cart.php on line 482.
 1 APPPATH/Controllers/Cart.php(482): CodeIgniter\Debug\Exceptions->errorHandler(2, 'Undefined variable $auction_data', '/var/www/eazyhosting.in/public_html/api/app/Controllers/Cart.php', 482)
 2 SYSTEMPATH/CodeIgniter.php(941): App\Controllers\Cart->auctiongardenlist()
 3 SYSTEMPATH/CodeIgniter.php(502): CodeIgniter\CodeIgniter->runController(Object(App\Controllers\Cart))
 4 SYSTEMPATH/CodeIgniter.php(361): CodeIgniter\CodeIgniter->handleRequest(null, Object(Config\Cache), false)
 5 FCPATH/index.php(79): CodeIgniter\CodeIgniter->run()
CRITICAL - 2024-06-18 13:32:58 --> ErrorException: Undefined variable $auction_data
in APPPATH/Controllers/Cart.php on line 482.
 1 APPPATH/Controllers/Cart.php(482): CodeIgniter\Debug\Exceptions->errorHandler(2, 'Undefined variable $auction_data', '/var/www/eazyhosting.in/public_html/api/app/Controllers/Cart.php', 482)
 2 SYSTEMPATH/CodeIgniter.php(941): App\Controllers\Cart->auctiongardenlist()
 3 SYSTEMPATH/CodeIgniter.php(502): CodeIgniter\CodeIgniter->runController(Object(App\Controllers\Cart))
 4 SYSTEMPATH/CodeIgniter.php(361): CodeIgniter\CodeIgniter->handleRequest(null, Object(Config\Cache), false)
 5 FCPATH/index.php(79): CodeIgniter\CodeIgniter->run()
CRITICAL - 2024-06-18 13:33:00 --> ErrorException: Undefined variable $auction_data
in APPPATH/Controllers/Cart.php on line 482.
 1 APPPATH/Controllers/Cart.php(482): CodeIgniter\Debug\Exceptions->errorHandler(2, 'Undefined variable $auction_data', '/var/www/eazyhosting.in/public_html/api/app/Controllers/Cart.php', 482)
 2 SYSTEMPATH/CodeIgniter.php(941): App\Controllers\Cart->auctiongardenlist()
 3 SYSTEMPATH/CodeIgniter.php(502): CodeIgniter\CodeIgniter->runController(Object(App\Controllers\Cart))
 4 SYSTEMPATH/CodeIgniter.php(361): CodeIgniter\CodeIgniter->handleRequest(null, Object(Config\Cache), false)
 5 FCPATH/index.php(79): CodeIgniter\CodeIgniter->run()
CRITICAL - 2024-06-18 13:33:04 --> ErrorException: Undefined variable $auction_data
in APPPATH/Controllers/Cart.php on line 482.
 1 APPPATH/Controllers/Cart.php(482): CodeIgniter\Debug\Exceptions->errorHandler(2, 'Undefined variable $auction_data', '/var/www/eazyhosting.in/public_html/api/app/Controllers/Cart.php', 482)
 2 SYSTEMPATH/CodeIgniter.php(941): App\Controllers\Cart->auctiongardenlist()
 3 SYSTEMPATH/CodeIgniter.php(502): CodeIgniter\CodeIgniter->runController(Object(App\Controllers\Cart))
 4 SYSTEMPATH/CodeIgniter.php(361): CodeIgniter\CodeIgniter->handleRequest(null, Object(Config\Cache), false)
 5 FCPATH/index.php(79): CodeIgniter\CodeIgniter->run()
CRITICAL - 2024-06-18 13:33:05 --> ErrorException: Undefined variable $auction_data
in APPPATH/Controllers/Cart.php on line 482.
 1 APPPATH/Controllers/Cart.php(482): CodeIgniter\Debug\Exceptions->errorHandler(2, 'Undefined variable $auction_data', '/var/www/eazyhosting.in/public_html/api/app/Controllers/Cart.php', 482)
 2 SYSTEMPATH/CodeIgniter.php(941): App\Controllers\Cart->auctiongardenlist()
 3 SYSTEMPATH/CodeIgniter.php(502): CodeIgniter\CodeIgniter->runController(Object(App\Controllers\Cart))
 4 SYSTEMPATH/CodeIgniter.php(361): CodeIgniter\CodeIgniter->handleRequest(null, Object(Config\Cache), false)
 5 FCPATH/index.php(79): CodeIgniter\CodeIgniter->run()
CRITICAL - 2024-06-18 13:33:06 --> ErrorException: Undefined variable $auction_data
in APPPATH/Controllers/Cart.php on line 482.
 1 APPPATH/Controllers/Cart.php(482): CodeIgniter\Debug\Exceptions->errorHandler(2, 'Undefined variable $auction_data', '/var/www/eazyhosting.in/public_html/api/app/Controllers/Cart.php', 482)
 2 SYSTEMPATH/CodeIgniter.php(941): App\Controllers\Cart->auctiongardenlist()
 3 SYSTEMPATH/CodeIgniter.php(502): CodeIgniter\CodeIgniter->runController(Object(App\Controllers\Cart))
 4 SYSTEMPATH/CodeIgniter.php(361): CodeIgniter\CodeIgniter->handleRequest(null, Object(Config\Cache), false)
 5 FCPATH/index.php(79): CodeIgniter\CodeIgniter->run()
CRITICAL - 2024-06-18 13:33:07 --> ErrorException: Undefined variable $auction_data
in APPPATH/Controllers/Cart.php on line 482.
 1 APPPATH/Controllers/Cart.php(482): CodeIgniter\Debug\Exceptions->errorHandler(2, 'Undefined variable $auction_data', '/var/www/eazyhosting.in/public_html/api/app/Controllers/Cart.php', 482)
 2 SYSTEMPATH/CodeIgniter.php(941): App\Controllers\Cart->auctiongardenlist()
 3 SYSTEMPATH/CodeIgniter.php(502): CodeIgniter\CodeIgniter->runController(Object(App\Controllers\Cart))
 4 SYSTEMPATH/CodeIgniter.php(361): CodeIgniter\CodeIgniter->handleRequest(null, Object(Config\Cache), false)
 5 FCPATH/index.php(79): CodeIgniter\CodeIgniter->run()
CRITICAL - 2024-06-18 13:33:08 --> ErrorException: Undefined variable $auction_data
in APPPATH/Controllers/Cart.php on line 482.
 1 APPPATH/Controllers/Cart.php(482): CodeIgniter\Debug\Exceptions->errorHandler(2, 'Undefined variable $auction_data', '/var/www/eazyhosting.in/public_html/api/app/Controllers/Cart.php', 482)
 2 SYSTEMPATH/CodeIgniter.php(941): App\Controllers\Cart->auctiongardenlist()
 3 SYSTEMPATH/CodeIgniter.php(502): CodeIgniter\CodeIgniter->runController(Object(App\Controllers\Cart))
 4 SYSTEMPATH/CodeIgniter.php(361): CodeIgniter\CodeIgniter->handleRequest(null, Object(Config\Cache), false)
 5 FCPATH/index.php(79): CodeIgniter\CodeIgniter->run()
CRITICAL - 2024-06-18 13:33:10 --> ErrorException: Undefined variable $auction_data
in APPPATH/Controllers/Cart.php on line 482.
 1 APPPATH/Controllers/Cart.php(482): CodeIgniter\Debug\Exceptions->errorHandler(2, 'Undefined variable $auction_data', '/var/www/eazyhosting.in/public_html/api/app/Controllers/Cart.php', 482)
 2 SYSTEMPATH/CodeIgniter.php(941): App\Controllers\Cart->auctiongardenlist()
 3 SYSTEMPATH/CodeIgniter.php(502): CodeIgniter\CodeIgniter->runController(Object(App\Controllers\Cart))
 4 SYSTEMPATH/CodeIgniter.php(361): CodeIgniter\CodeIgniter->handleRequest(null, Object(Config\Cache), false)
 5 FCPATH/index.php(79): CodeIgniter\CodeIgniter->run()
CRITICAL - 2024-06-18 13:33:11 --> ErrorException: Undefined variable $auction_data
in APPPATH/Controllers/Cart.php on line 482.
 1 APPPATH/Controllers/Cart.php(482): CodeIgniter\Debug\Exceptions->errorHandler(2, 'Undefined variable $auction_data', '/var/www/eazyhosting.in/public_html/api/app/Controllers/Cart.php', 482)
 2 SYSTEMPATH/CodeIgniter.php(941): App\Controllers\Cart->auctiongardenlist()
 3 SYSTEMPATH/CodeIgniter.php(502): CodeIgniter\CodeIgniter->runController(Object(App\Controllers\Cart))
 4 SYSTEMPATH/CodeIgniter.php(361): CodeIgniter\CodeIgniter->handleRequest(null, Object(Config\Cache), false)
 5 FCPATH/index.php(79): CodeIgniter\CodeIgniter->run()
CRITICAL - 2024-06-18 13:33:12 --> ErrorException: Undefined variable $auction_data
in APPPATH/Controllers/Cart.php on line 482.
 1 APPPATH/Controllers/Cart.php(482): CodeIgniter\Debug\Exceptions->errorHandler(2, 'Undefined variable $auction_data', '/var/www/eazyhosting.in/public_html/api/app/Controllers/Cart.php', 482)
 2 SYSTEMPATH/CodeIgniter.php(941): App\Controllers\Cart->auctiongardenlist()
 3 SYSTEMPATH/CodeIgniter.php(502): CodeIgniter\CodeIgniter->runController(Object(App\Controllers\Cart))
 4 SYSTEMPATH/CodeIgniter.php(361): CodeIgniter\CodeIgniter->handleRequest(null, Object(Config\Cache), false)
 5 FCPATH/index.php(79): CodeIgniter\CodeIgniter->run()
CRITICAL - 2024-06-18 13:33:18 --> ErrorException: Undefined variable $auction_data
in APPPATH/Controllers/Cart.php on line 482.
 1 APPPATH/Controllers/Cart.php(482): CodeIgniter\Debug\Exceptions->errorHandler(2, 'Undefined variable $auction_data', '/var/www/eazyhosting.in/public_html/api/app/Controllers/Cart.php', 482)
 2 SYSTEMPATH/CodeIgniter.php(941): App\Controllers\Cart->auctiongardenlist()
 3 SYSTEMPATH/CodeIgniter.php(502): CodeIgniter\CodeIgniter->runController(Object(App\Controllers\Cart))
 4 SYSTEMPATH/CodeIgniter.php(361): CodeIgniter\CodeIgniter->handleRequest(null, Object(Config\Cache), false)
 5 FCPATH/index.php(79): CodeIgniter\CodeIgniter->run()
CRITICAL - 2024-06-18 13:42:26 --> ErrorException: Undefined array key 0
in APPPATH/Controllers/Auction.php on line 1483.
 1 APPPATH/Controllers/Auction.php(1483): CodeIgniter\Debug\Exceptions->errorHandler(2, 'Undefined array key 0', '/var/www/eazyhosting.in/public_html/api/app/Controllers/Auction.php', 1483)
 2 SYSTEMPATH/CodeIgniter.php(941): App\Controllers\Auction->getResesrveBidframe()
 3 SYSTEMPATH/CodeIgniter.php(502): CodeIgniter\CodeIgniter->runController(Object(App\Controllers\Auction))
 4 SYSTEMPATH/CodeIgniter.php(361): CodeIgniter\CodeIgniter->handleRequest(null, Object(Config\Cache), false)
 5 FCPATH/index.php(79): CodeIgniter\CodeIgniter->run()
CRITICAL - 2024-06-18 13:42:27 --> ErrorException: Undefined array key 0
in APPPATH/Controllers/Auction.php on line 1483.
 1 APPPATH/Controllers/Auction.php(1483): CodeIgniter\Debug\Exceptions->errorHandler(2, 'Undefined array key 0', '/var/www/eazyhosting.in/public_html/api/app/Controllers/Auction.php', 1483)
 2 SYSTEMPATH/CodeIgniter.php(941): App\Controllers\Auction->getResesrveBidframe()
 3 SYSTEMPATH/CodeIgniter.php(502): CodeIgniter\CodeIgniter->runController(Object(App\Controllers\Auction))
 4 SYSTEMPATH/CodeIgniter.php(361): CodeIgniter\CodeIgniter->handleRequest(null, Object(Config\Cache), false)
 5 FCPATH/index.php(79): CodeIgniter\CodeIgniter->run()
CRITICAL - 2024-06-18 13:42:27 --> ErrorException: Undefined array key 0
in APPPATH/Controllers/Auction.php on line 1483.
 1 APPPATH/Controllers/Auction.php(1483): CodeIgniter\Debug\Exceptions->errorHandler(2, 'Undefined array key 0', '/var/www/eazyhosting.in/public_html/api/app/Controllers/Auction.php', 1483)
 2 SYSTEMPATH/CodeIgniter.php(941): App\Controllers\Auction->getResesrveBidframe()
 3 SYSTEMPATH/CodeIgniter.php(502): CodeIgniter\CodeIgniter->runController(Object(App\Controllers\Auction))
 4 SYSTEMPATH/CodeIgniter.php(361): CodeIgniter\CodeIgniter->handleRequest(null, Object(Config\Cache), false)
 5 FCPATH/index.php(79): CodeIgniter\CodeIgniter->run()
CRITICAL - 2024-06-18 13:42:27 --> ErrorException: Undefined array key 0
in APPPATH/Controllers/Auction.php on line 1483.
 1 APPPATH/Controllers/Auction.php(1483): CodeIgniter\Debug\Exceptions->errorHandler(2, 'Undefined array key 0', '/var/www/eazyhosting.in/public_html/api/app/Controllers/Auction.php', 1483)
 2 SYSTEMPATH/CodeIgniter.php(941): App\Controllers\Auction->getResesrveBidframe()
 3 SYSTEMPATH/CodeIgniter.php(502): CodeIgniter\CodeIgniter->runController(Object(App\Controllers\Auction))
 4 SYSTEMPATH/CodeIgniter.php(361): CodeIgniter\CodeIgniter->handleRequest(null, Object(Config\Cache), false)
 5 FCPATH/index.php(79): CodeIgniter\CodeIgniter->run()
CRITICAL - 2024-06-18 13:44:19 --> ErrorException: Undefined array key 0
in APPPATH/Controllers/Auction.php on line 1483.
 1 APPPATH/Controllers/Auction.php(1483): CodeIgniter\Debug\Exceptions->errorHandler(2, 'Undefined array key 0', '/var/www/eazyhosting.in/public_html/api/app/Controllers/Auction.php', 1483)
 2 SYSTEMPATH/CodeIgniter.php(941): App\Controllers\Auction->getResesrveBidframe()
 3 SYSTEMPATH/CodeIgniter.php(502): CodeIgniter\CodeIgniter->runController(Object(App\Controllers\Auction))
 4 SYSTEMPATH/CodeIgniter.php(361): CodeIgniter\CodeIgniter->handleRequest(null, Object(Config\Cache), false)
 5 FCPATH/index.php(79): CodeIgniter\CodeIgniter->run()
CRITICAL - 2024-06-18 13:44:20 --> ErrorException: Undefined array key 0
in APPPATH/Controllers/Auction.php on line 1483.
 1 APPPATH/Controllers/Auction.php(1483): CodeIgniter\Debug\Exceptions->errorHandler(2, 'Undefined array key 0', '/var/www/eazyhosting.in/public_html/api/app/Controllers/Auction.php', 1483)
 2 SYSTEMPATH/CodeIgniter.php(941): App\Controllers\Auction->getResesrveBidframe()
 3 SYSTEMPATH/CodeIgniter.php(502): CodeIgniter\CodeIgniter->runController(Object(App\Controllers\Auction))
 4 SYSTEMPATH/CodeIgniter.php(361): CodeIgniter\CodeIgniter->handleRequest(null, Object(Config\Cache), false)
 5 FCPATH/index.php(79): CodeIgniter\CodeIgniter->run()
CRITICAL - 2024-06-18 13:44:20 --> ErrorException: Undefined array key 0
in APPPATH/Controllers/Auction.php on line 1483.
 1 APPPATH/Controllers/Auction.php(1483): CodeIgniter\Debug\Exceptions->errorHandler(2, 'Undefined array key 0', '/var/www/eazyhosting.in/public_html/api/app/Controllers/Auction.php', 1483)
 2 SYSTEMPATH/CodeIgniter.php(941): App\Controllers\Auction->getResesrveBidframe()
 3 SYSTEMPATH/CodeIgniter.php(502): CodeIgniter\CodeIgniter->runController(Object(App\Controllers\Auction))
 4 SYSTEMPATH/CodeIgniter.php(361): CodeIgniter\CodeIgniter->handleRequest(null, Object(Config\Cache), false)
 5 FCPATH/index.php(79): CodeIgniter\CodeIgniter->run()
CRITICAL - 2024-06-18 13:45:20 --> ErrorException: Undefined variable $auction_data
in APPPATH/Controllers/Cart.php on line 482.
 1 APPPATH/Controllers/Cart.php(482): CodeIgniter\Debug\Exceptions->errorHandler(2, 'Undefined variable $auction_data', '/var/www/eazyhosting.in/public_html/api/app/Controllers/Cart.php', 482)
 2 SYSTEMPATH/CodeIgniter.php(941): App\Controllers\Cart->auctiongardenlist()
 3 SYSTEMPATH/CodeIgniter.php(502): CodeIgniter\CodeIgniter->runController(Object(App\Controllers\Cart))
 4 SYSTEMPATH/CodeIgniter.php(361): CodeIgniter\CodeIgniter->handleRequest(null, Object(Config\Cache), false)
 5 FCPATH/index.php(79): CodeIgniter\CodeIgniter->run()
CRITICAL - 2024-06-18 13:45:43 --> ErrorException: Undefined variable $auction_data
in APPPATH/Controllers/Cart.php on line 482.
 1 APPPATH/Controllers/Cart.php(482): CodeIgniter\Debug\Exceptions->errorHandler(2, 'Undefined variable $auction_data', '/var/www/eazyhosting.in/public_html/api/app/Controllers/Cart.php', 482)
 2 SYSTEMPATH/CodeIgniter.php(941): App\Controllers\Cart->auctiongardenlist()
 3 SYSTEMPATH/CodeIgniter.php(502): CodeIgniter\CodeIgniter->runController(Object(App\Controllers\Cart))
 4 SYSTEMPATH/CodeIgniter.php(361): CodeIgniter\CodeIgniter->handleRequest(null, Object(Config\Cache), false)
 5 FCPATH/index.php(79): CodeIgniter\CodeIgniter->run()
CRITICAL - 2024-06-18 13:45:54 --> ErrorException: Undefined variable $auction_data
in APPPATH/Controllers/Cart.php on line 482.
 1 APPPATH/Controllers/Cart.php(482): CodeIgniter\Debug\Exceptions->errorHandler(2, 'Undefined variable $auction_data', '/var/www/eazyhosting.in/public_html/api/app/Controllers/Cart.php', 482)
 2 SYSTEMPATH/CodeIgniter.php(941): App\Controllers\Cart->auctiongardenlist()
 3 SYSTEMPATH/CodeIgniter.php(502): CodeIgniter\CodeIgniter->runController(Object(App\Controllers\Cart))
 4 SYSTEMPATH/CodeIgniter.php(361): CodeIgniter\CodeIgniter->handleRequest(null, Object(Config\Cache), false)
 5 FCPATH/index.php(79): CodeIgniter\CodeIgniter->run()
CRITICAL - 2024-06-18 13:46:02 --> ErrorException: Undefined variable $auction_data
in APPPATH/Controllers/Cart.php on line 482.
 1 APPPATH/Controllers/Cart.php(482): CodeIgniter\Debug\Exceptions->errorHandler(2, 'Undefined variable $auction_data', '/var/www/eazyhosting.in/public_html/api/app/Controllers/Cart.php', 482)
 2 SYSTEMPATH/CodeIgniter.php(941): App\Controllers\Cart->auctiongardenlist()
 3 SYSTEMPATH/CodeIgniter.php(502): CodeIgniter\CodeIgniter->runController(Object(App\Controllers\Cart))
 4 SYSTEMPATH/CodeIgniter.php(361): CodeIgniter\CodeIgniter->handleRequest(null, Object(Config\Cache), false)
 5 FCPATH/index.php(79): CodeIgniter\CodeIgniter->run()
CRITICAL - 2024-06-18 13:54:57 --> ErrorException: Undefined array key 0
in APPPATH/Controllers/Auction.php on line 1483.
 1 APPPATH/Controllers/Auction.php(1483): CodeIgniter\Debug\Exceptions->errorHandler(2, 'Undefined array key 0', '/var/www/eazyhosting.in/public_html/api/app/Controllers/Auction.php', 1483)
 2 SYSTEMPATH/CodeIgniter.php(941): App\Controllers\Auction->getResesrveBidframe()
 3 SYSTEMPATH/CodeIgniter.php(502): CodeIgniter\CodeIgniter->runController(Object(App\Controllers\Auction))
 4 SYSTEMPATH/CodeIgniter.php(361): CodeIgniter\CodeIgniter->handleRequest(null, Object(Config\Cache), false)
 5 FCPATH/index.php(79): CodeIgniter\CodeIgniter->run()
CRITICAL - 2024-06-18 13:54:59 --> ErrorException: Undefined array key 0
in APPPATH/Controllers/Auction.php on line 1483.
 1 APPPATH/Controllers/Auction.php(1483): CodeIgniter\Debug\Exceptions->errorHandler(2, 'Undefined array key 0', '/var/www/eazyhosting.in/public_html/api/app/Controllers/Auction.php', 1483)
 2 SYSTEMPATH/CodeIgniter.php(941): App\Controllers\Auction->getResesrveBidframe()
 3 SYSTEMPATH/CodeIgniter.php(502): CodeIgniter\CodeIgniter->runController(Object(App\Controllers\Auction))
 4 SYSTEMPATH/CodeIgniter.php(361): CodeIgniter\CodeIgniter->handleRequest(null, Object(Config\Cache), false)
 5 FCPATH/index.php(79): CodeIgniter\CodeIgniter->run()
CRITICAL - 2024-06-18 13:54:59 --> ErrorException: Undefined array key 0
in APPPATH/Controllers/Auction.php on line 1483.
 1 APPPATH/Controllers/Auction.php(1483): CodeIgniter\Debug\Exceptions->errorHandler(2, 'Undefined array key 0', '/var/www/eazyhosting.in/public_html/api/app/Controllers/Auction.php', 1483)
 2 SYSTEMPATH/CodeIgniter.php(941): App\Controllers\Auction->getResesrveBidframe()
 3 SYSTEMPATH/CodeIgniter.php(502): CodeIgniter\CodeIgniter->runController(Object(App\Controllers\Auction))
 4 SYSTEMPATH/CodeIgniter.php(361): CodeIgniter\CodeIgniter->handleRequest(null, Object(Config\Cache), false)
 5 FCPATH/index.php(79): CodeIgniter\CodeIgniter->run()
CRITICAL - 2024-06-18 13:56:53 --> ErrorException: Undefined variable $auction_data
in APPPATH/Controllers/Cart.php on line 482.
 1 APPPATH/Controllers/Cart.php(482): CodeIgniter\Debug\Exceptions->errorHandler(2, 'Undefined variable $auction_data', '/var/www/eazyhosting.in/public_html/api/app/Controllers/Cart.php', 482)
 2 SYSTEMPATH/CodeIgniter.php(941): App\Controllers\Cart->auctiongardenlist()
 3 SYSTEMPATH/CodeIgniter.php(502): CodeIgniter\CodeIgniter->runController(Object(App\Controllers\Cart))
 4 SYSTEMPATH/CodeIgniter.php(361): CodeIgniter\CodeIgniter->handleRequest(null, Object(Config\Cache), false)
 5 FCPATH/index.php(79): CodeIgniter\CodeIgniter->run()
CRITICAL - 2024-06-18 13:57:18 --> ErrorException: Undefined variable $auction_data
in APPPATH/Controllers/Cart.php on line 482.
 1 APPPATH/Controllers/Cart.php(482): CodeIgniter\Debug\Exceptions->errorHandler(2, 'Undefined variable $auction_data', '/var/www/eazyhosting.in/public_html/api/app/Controllers/Cart.php', 482)
 2 SYSTEMPATH/CodeIgniter.php(941): App\Controllers\Cart->auctiongardenlist()
 3 SYSTEMPATH/CodeIgniter.php(502): CodeIgniter\CodeIgniter->runController(Object(App\Controllers\Cart))
 4 SYSTEMPATH/CodeIgniter.php(361): CodeIgniter\CodeIgniter->handleRequest(null, Object(Config\Cache), false)
 5 FCPATH/index.php(79): CodeIgniter\CodeIgniter->run()
CRITICAL - 2024-06-18 13:57:21 --> ErrorException: Undefined variable $auction_data
in APPPATH/Controllers/Cart.php on line 482.
 1 APPPATH/Controllers/Cart.php(482): CodeIgniter\Debug\Exceptions->errorHandler(2, 'Undefined variable $auction_data', '/var/www/eazyhosting.in/public_html/api/app/Controllers/Cart.php', 482)
 2 SYSTEMPATH/CodeIgniter.php(941): App\Controllers\Cart->auctiongardenlist()
 3 SYSTEMPATH/CodeIgniter.php(502): CodeIgniter\CodeIgniter->runController(Object(App\Controllers\Cart))
 4 SYSTEMPATH/CodeIgniter.php(361): CodeIgniter\CodeIgniter->handleRequest(null, Object(Config\Cache), false)
 5 FCPATH/index.php(79): CodeIgniter\CodeIgniter->run()
CRITICAL - 2024-06-18 13:57:24 --> ErrorException: Undefined variable $auction_data
in APPPATH/Controllers/Cart.php on line 482.
 1 APPPATH/Controllers/Cart.php(482): CodeIgniter\Debug\Exceptions->errorHandler(2, 'Undefined variable $auction_data', '/var/www/eazyhosting.in/public_html/api/app/Controllers/Cart.php', 482)
 2 SYSTEMPATH/CodeIgniter.php(941): App\Controllers\Cart->auctiongardenlist()
 3 SYSTEMPATH/CodeIgniter.php(502): CodeIgniter\CodeIgniter->runController(Object(App\Controllers\Cart))
 4 SYSTEMPATH/CodeIgniter.php(361): CodeIgniter\CodeIgniter->handleRequest(null, Object(Config\Cache), false)
 5 FCPATH/index.php(79): CodeIgniter\CodeIgniter->run()
CRITICAL - 2024-06-18 13:57:28 --> ErrorException: Undefined variable $auction_data
in APPPATH/Controllers/Cart.php on line 482.
 1 APPPATH/Controllers/Cart.php(482): CodeIgniter\Debug\Exceptions->errorHandler(2, 'Undefined variable $auction_data', '/var/www/eazyhosting.in/public_html/api/app/Controllers/Cart.php', 482)
 2 SYSTEMPATH/CodeIgniter.php(941): App\Controllers\Cart->auctiongardenlist()
 3 SYSTEMPATH/CodeIgniter.php(502): CodeIgniter\CodeIgniter->runController(Object(App\Controllers\Cart))
 4 SYSTEMPATH/CodeIgniter.php(361): CodeIgniter\CodeIgniter->handleRequest(null, Object(Config\Cache), false)
 5 FCPATH/index.php(79): CodeIgniter\CodeIgniter->run()
CRITICAL - 2024-06-18 13:57:30 --> ErrorException: Undefined variable $auction_data
in APPPATH/Controllers/Cart.php on line 482.
 1 APPPATH/Controllers/Cart.php(482): CodeIgniter\Debug\Exceptions->errorHandler(2, 'Undefined variable $auction_data', '/var/www/eazyhosting.in/public_html/api/app/Controllers/Cart.php', 482)
 2 SYSTEMPATH/CodeIgniter.php(941): App\Controllers\Cart->auctiongardenlist()
 3 SYSTEMPATH/CodeIgniter.php(502): CodeIgniter\CodeIgniter->runController(Object(App\Controllers\Cart))
 4 SYSTEMPATH/CodeIgniter.php(361): CodeIgniter\CodeIgniter->handleRequest(null, Object(Config\Cache), false)
 5 FCPATH/index.php(79): CodeIgniter\CodeIgniter->run()
CRITICAL - 2024-06-18 14:16:36 --> ErrorException: Undefined variable $auction_data
in APPPATH/Controllers/Cart.php on line 482.
 1 APPPATH/Controllers/Cart.php(482): CodeIgniter\Debug\Exceptions->errorHandler(2, 'Undefined variable $auction_data', '/var/www/eazyhosting.in/public_html/api/app/Controllers/Cart.php', 482)
 2 SYSTEMPATH/CodeIgniter.php(941): App\Controllers\Cart->auctiongardenlist()
 3 SYSTEMPATH/CodeIgniter.php(502): CodeIgniter\CodeIgniter->runController(Object(App\Controllers\Cart))
 4 SYSTEMPATH/CodeIgniter.php(361): CodeIgniter\CodeIgniter->handleRequest(null, Object(Config\Cache), false)
 5 FCPATH/index.php(79): CodeIgniter\CodeIgniter->run()
CRITICAL - 2024-06-18 14:17:03 --> ErrorException: Undefined variable $auction_data
in APPPATH/Controllers/Cart.php on line 482.
 1 APPPATH/Controllers/Cart.php(482): CodeIgniter\Debug\Exceptions->errorHandler(2, 'Undefined variable $auction_data', '/var/www/eazyhosting.in/public_html/api/app/Controllers/Cart.php', 482)
 2 SYSTEMPATH/CodeIgniter.php(941): App\Controllers\Cart->auctiongardenlist()
 3 SYSTEMPATH/CodeIgniter.php(502): CodeIgniter\CodeIgniter->runController(Object(App\Controllers\Cart))
 4 SYSTEMPATH/CodeIgniter.php(361): CodeIgniter\CodeIgniter->handleRequest(null, Object(Config\Cache), false)
 5 FCPATH/index.php(79): CodeIgniter\CodeIgniter->run()
CRITICAL - 2024-06-18 14:17:05 --> ErrorException: Undefined variable $auction_data
in APPPATH/Controllers/Cart.php on line 482.
 1 APPPATH/Controllers/Cart.php(482): CodeIgniter\Debug\Exceptions->errorHandler(2, 'Undefined variable $auction_data', '/var/www/eazyhosting.in/public_html/api/app/Controllers/Cart.php', 482)
 2 SYSTEMPATH/CodeIgniter.php(941): App\Controllers\Cart->auctiongardenlist()
 3 SYSTEMPATH/CodeIgniter.php(502): CodeIgniter\CodeIgniter->runController(Object(App\Controllers\Cart))
 4 SYSTEMPATH/CodeIgniter.php(361): CodeIgniter\CodeIgniter->handleRequest(null, Object(Config\Cache), false)
 5 FCPATH/index.php(79): CodeIgniter\CodeIgniter->run()
CRITICAL - 2024-06-18 14:23:36 --> ErrorException: Undefined array key 0
in APPPATH/Controllers/Auction.php on line 1483.
 1 APPPATH/Controllers/Auction.php(1483): CodeIgniter\Debug\Exceptions->errorHandler(2, 'Undefined array key 0', '/var/www/eazyhosting.in/public_html/api/app/Controllers/Auction.php', 1483)
 2 SYSTEMPATH/CodeIgniter.php(941): App\Controllers\Auction->getResesrveBidframe()
 3 SYSTEMPATH/CodeIgniter.php(502): CodeIgniter\CodeIgniter->runController(Object(App\Controllers\Auction))
 4 SYSTEMPATH/CodeIgniter.php(361): CodeIgniter\CodeIgniter->handleRequest(null, Object(Config\Cache), false)
 5 FCPATH/index.php(79): CodeIgniter\CodeIgniter->run()
CRITICAL - 2024-06-18 14:23:37 --> ErrorException: Undefined array key 0
in APPPATH/Controllers/Auction.php on line 1483.
 1 APPPATH/Controllers/Auction.php(1483): CodeIgniter\Debug\Exceptions->errorHandler(2, 'Undefined array key 0', '/var/www/eazyhosting.in/public_html/api/app/Controllers/Auction.php', 1483)
 2 SYSTEMPATH/CodeIgniter.php(941): App\Controllers\Auction->getResesrveBidframe()
 3 SYSTEMPATH/CodeIgniter.php(502): CodeIgniter\CodeIgniter->runController(Object(App\Controllers\Auction))
 4 SYSTEMPATH/CodeIgniter.php(361): CodeIgniter\CodeIgniter->handleRequest(null, Object(Config\Cache), false)
 5 FCPATH/index.php(79): CodeIgniter\CodeIgniter->run()
CRITICAL - 2024-06-18 14:51:39 --> ErrorException: Undefined variable $auction_data
in APPPATH/Controllers/Cart.php on line 482.
 1 APPPATH/Controllers/Cart.php(482): CodeIgniter\Debug\Exceptions->errorHandler(2, 'Undefined variable $auction_data', '/var/www/eazyhosting.in/public_html/api/app/Controllers/Cart.php', 482)
 2 SYSTEMPATH/CodeIgniter.php(941): App\Controllers\Cart->auctiongardenlist()
 3 SYSTEMPATH/CodeIgniter.php(502): CodeIgniter\CodeIgniter->runController(Object(App\Controllers\Cart))
 4 SYSTEMPATH/CodeIgniter.php(361): CodeIgniter\CodeIgniter->handleRequest(null, Object(Config\Cache), false)
 5 FCPATH/index.php(79): CodeIgniter\CodeIgniter->run()
CRITICAL - 2024-06-18 14:52:10 --> ErrorException: Undefined variable $auction_data
in APPPATH/Controllers/Cart.php on line 482.
 1 APPPATH/Controllers/Cart.php(482): CodeIgniter\Debug\Exceptions->errorHandler(2, 'Undefined variable $auction_data', '/var/www/eazyhosting.in/public_html/api/app/Controllers/Cart.php', 482)
 2 SYSTEMPATH/CodeIgniter.php(941): App\Controllers\Cart->auctiongardenlist()
 3 SYSTEMPATH/CodeIgniter.php(502): CodeIgniter\CodeIgniter->runController(Object(App\Controllers\Cart))
 4 SYSTEMPATH/CodeIgniter.php(361): CodeIgniter\CodeIgniter->handleRequest(null, Object(Config\Cache), false)
 5 FCPATH/index.php(79): CodeIgniter\CodeIgniter->run()
CRITICAL - 2024-06-18 14:52:15 --> ErrorException: Undefined variable $auction_data
in APPPATH/Controllers/Cart.php on line 482.
 1 APPPATH/Controllers/Cart.php(482): CodeIgniter\Debug\Exceptions->errorHandler(2, 'Undefined variable $auction_data', '/var/www/eazyhosting.in/public_html/api/app/Controllers/Cart.php', 482)
 2 SYSTEMPATH/CodeIgniter.php(941): App\Controllers\Cart->auctiongardenlist()
 3 SYSTEMPATH/CodeIgniter.php(502): CodeIgniter\CodeIgniter->runController(Object(App\Controllers\Cart))
 4 SYSTEMPATH/CodeIgniter.php(361): CodeIgniter\CodeIgniter->handleRequest(null, Object(Config\Cache), false)
 5 FCPATH/index.php(79): CodeIgniter\CodeIgniter->run()
CRITICAL - 2024-06-18 14:52:17 --> ErrorException: Undefined variable $auction_data
in APPPATH/Controllers/Cart.php on line 482.
 1 APPPATH/Controllers/Cart.php(482): CodeIgniter\Debug\Exceptions->errorHandler(2, 'Undefined variable $auction_data', '/var/www/eazyhosting.in/public_html/api/app/Controllers/Cart.php', 482)
 2 SYSTEMPATH/CodeIgniter.php(941): App\Controllers\Cart->auctiongardenlist()
 3 SYSTEMPATH/CodeIgniter.php(502): CodeIgniter\CodeIgniter->runController(Object(App\Controllers\Cart))
 4 SYSTEMPATH/CodeIgniter.php(361): CodeIgniter\CodeIgniter->handleRequest(null, Object(Config\Cache), false)
 5 FCPATH/index.php(79): CodeIgniter\CodeIgniter->run()
CRITICAL - 2024-06-18 14:56:22 --> ErrorException: Undefined array key 0
in APPPATH/Controllers/Auction.php on line 1483.
 1 APPPATH/Controllers/Auction.php(1483): CodeIgniter\Debug\Exceptions->errorHandler(2, 'Undefined array key 0', '/var/www/eazyhosting.in/public_html/api/app/Controllers/Auction.php', 1483)
 2 SYSTEMPATH/CodeIgniter.php(941): App\Controllers\Auction->getResesrveBidframe()
 3 SYSTEMPATH/CodeIgniter.php(502): CodeIgniter\CodeIgniter->runController(Object(App\Controllers\Auction))
 4 SYSTEMPATH/CodeIgniter.php(361): CodeIgniter\CodeIgniter->handleRequest(null, Object(Config\Cache), false)
 5 FCPATH/index.php(79): CodeIgniter\CodeIgniter->run()
CRITICAL - 2024-06-18 14:56:23 --> ErrorException: Undefined array key 0
in APPPATH/Controllers/Auction.php on line 1483.
 1 APPPATH/Controllers/Auction.php(1483): CodeIgniter\Debug\Exceptions->errorHandler(2, 'Undefined array key 0', '/var/www/eazyhosting.in/public_html/api/app/Controllers/Auction.php', 1483)
 2 SYSTEMPATH/CodeIgniter.php(941): App\Controllers\Auction->getResesrveBidframe()
 3 SYSTEMPATH/CodeIgniter.php(502): CodeIgniter\CodeIgniter->runController(Object(App\Controllers\Auction))
 4 SYSTEMPATH/CodeIgniter.php(361): CodeIgniter\CodeIgniter->handleRequest(null, Object(Config\Cache), false)
 5 FCPATH/index.php(79): CodeIgniter\CodeIgniter->run()
CRITICAL - 2024-06-18 14:56:24 --> ErrorException: Undefined array key 0
in APPPATH/Controllers/Auction.php on line 1483.
 1 APPPATH/Controllers/Auction.php(1483): CodeIgniter\Debug\Exceptions->errorHandler(2, 'Undefined array key 0', '/var/www/eazyhosting.in/public_html/api/app/Controllers/Auction.php', 1483)
 2 SYSTEMPATH/CodeIgniter.php(941): App\Controllers\Auction->getResesrveBidframe()
 3 SYSTEMPATH/CodeIgniter.php(502): CodeIgniter\CodeIgniter->runController(Object(App\Controllers\Auction))
 4 SYSTEMPATH/CodeIgniter.php(361): CodeIgniter\CodeIgniter->handleRequest(null, Object(Config\Cache), false)
 5 FCPATH/index.php(79): CodeIgniter\CodeIgniter->run()
CRITICAL - 2024-06-18 14:56:24 --> ErrorException: Undefined array key 0
in APPPATH/Controllers/Auction.php on line 1483.
 1 APPPATH/Controllers/Auction.php(1483): CodeIgniter\Debug\Exceptions->errorHandler(2, 'Undefined array key 0', '/var/www/eazyhosting.in/public_html/api/app/Controllers/Auction.php', 1483)
 2 SYSTEMPATH/CodeIgniter.php(941): App\Controllers\Auction->getResesrveBidframe()
 3 SYSTEMPATH/CodeIgniter.php(502): CodeIgniter\CodeIgniter->runController(Object(App\Controllers\Auction))
 4 SYSTEMPATH/CodeIgniter.php(361): CodeIgniter\CodeIgniter->handleRequest(null, Object(Config\Cache), false)
 5 FCPATH/index.php(79): CodeIgniter\CodeIgniter->run()
CRITICAL - 2024-06-18 15:02:24 --> ErrorException: Undefined array key 0
in APPPATH/Controllers/Auction.php on line 1483.
 1 APPPATH/Controllers/Auction.php(1483): CodeIgniter\Debug\Exceptions->errorHandler(2, 'Undefined array key 0', '/var/www/eazyhosting.in/public_html/api/app/Controllers/Auction.php', 1483)
 2 SYSTEMPATH/CodeIgniter.php(941): App\Controllers\Auction->getResesrveBidframe()
 3 SYSTEMPATH/CodeIgniter.php(502): CodeIgniter\CodeIgniter->runController(Object(App\Controllers\Auction))
 4 SYSTEMPATH/CodeIgniter.php(361): CodeIgniter\CodeIgniter->handleRequest(null, Object(Config\Cache), false)
 5 FCPATH/index.php(79): CodeIgniter\CodeIgniter->run()
CRITICAL - 2024-06-18 15:02:25 --> ErrorException: Undefined array key 0
in APPPATH/Controllers/Auction.php on line 1483.
 1 APPPATH/Controllers/Auction.php(1483): CodeIgniter\Debug\Exceptions->errorHandler(2, 'Undefined array key 0', '/var/www/eazyhosting.in/public_html/api/app/Controllers/Auction.php', 1483)
 2 SYSTEMPATH/CodeIgniter.php(941): App\Controllers\Auction->getResesrveBidframe()
 3 SYSTEMPATH/CodeIgniter.php(502): CodeIgniter\CodeIgniter->runController(Object(App\Controllers\Auction))
 4 SYSTEMPATH/CodeIgniter.php(361): CodeIgniter\CodeIgniter->handleRequest(null, Object(Config\Cache), false)
 5 FCPATH/index.php(79): CodeIgniter\CodeIgniter->run()
CRITICAL - 2024-06-18 15:02:25 --> ErrorException: Undefined array key 0
in APPPATH/Controllers/Auction.php on line 1483.
 1 APPPATH/Controllers/Auction.php(1483): CodeIgniter\Debug\Exceptions->errorHandler(2, 'Undefined array key 0', '/var/www/eazyhosting.in/public_html/api/app/Controllers/Auction.php', 1483)
 2 SYSTEMPATH/CodeIgniter.php(941): App\Controllers\Auction->getResesrveBidframe()
 3 SYSTEMPATH/CodeIgniter.php(502): CodeIgniter\CodeIgniter->runController(Object(App\Controllers\Auction))
 4 SYSTEMPATH/CodeIgniter.php(361): CodeIgniter\CodeIgniter->handleRequest(null, Object(Config\Cache), false)
 5 FCPATH/index.php(79): CodeIgniter\CodeIgniter->run()
CRITICAL - 2024-06-18 15:02:25 --> ErrorException: Undefined array key 0
in APPPATH/Controllers/Auction.php on line 1483.
 1 APPPATH/Controllers/Auction.php(1483): CodeIgniter\Debug\Exceptions->errorHandler(2, 'Undefined array key 0', '/var/www/eazyhosting.in/public_html/api/app/Controllers/Auction.php', 1483)
 2 SYSTEMPATH/CodeIgniter.php(941): App\Controllers\Auction->getResesrveBidframe()
 3 SYSTEMPATH/CodeIgniter.php(502): CodeIgniter\CodeIgniter->runController(Object(App\Controllers\Auction))
 4 SYSTEMPATH/CodeIgniter.php(361): CodeIgniter\CodeIgniter->handleRequest(null, Object(Config\Cache), false)
 5 FCPATH/index.php(79): CodeIgniter\CodeIgniter->run()
CRITICAL - 2024-06-18 15:36:47 --> ErrorException: Undefined variable $auction_data
in APPPATH/Controllers/Cart.php on line 482.
 1 APPPATH/Controllers/Cart.php(482): CodeIgniter\Debug\Exceptions->errorHandler(2, 'Undefined variable $auction_data', '/var/www/eazyhosting.in/public_html/api/app/Controllers/Cart.php', 482)
 2 SYSTEMPATH/CodeIgniter.php(941): App\Controllers\Cart->auctiongardenlist()
 3 SYSTEMPATH/CodeIgniter.php(502): CodeIgniter\CodeIgniter->runController(Object(App\Controllers\Cart))
 4 SYSTEMPATH/CodeIgniter.php(361): CodeIgniter\CodeIgniter->handleRequest(null, Object(Config\Cache), false)
 5 FCPATH/index.php(79): CodeIgniter\CodeIgniter->run()
CRITICAL - 2024-06-18 15:37:24 --> ErrorException: Undefined variable $auction_data
in APPPATH/Controllers/Cart.php on line 482.
 1 APPPATH/Controllers/Cart.php(482): CodeIgniter\Debug\Exceptions->errorHandler(2, 'Undefined variable $auction_data', '/var/www/eazyhosting.in/public_html/api/app/Controllers/Cart.php', 482)
 2 SYSTEMPATH/CodeIgniter.php(941): App\Controllers\Cart->auctiongardenlist()
 3 SYSTEMPATH/CodeIgniter.php(502): CodeIgniter\CodeIgniter->runController(Object(App\Controllers\Cart))
 4 SYSTEMPATH/CodeIgniter.php(361): CodeIgniter\CodeIgniter->handleRequest(null, Object(Config\Cache), false)
 5 FCPATH/index.php(79): CodeIgniter\CodeIgniter->run()
CRITICAL - 2024-06-18 15:37:48 --> ErrorException: Undefined variable $auction_data
in APPPATH/Controllers/Cart.php on line 482.
 1 APPPATH/Controllers/Cart.php(482): CodeIgniter\Debug\Exceptions->errorHandler(2, 'Undefined variable $auction_data', '/var/www/eazyhosting.in/public_html/api/app/Controllers/Cart.php', 482)
 2 SYSTEMPATH/CodeIgniter.php(941): App\Controllers\Cart->auctiongardenlist()
 3 SYSTEMPATH/CodeIgniter.php(502): CodeIgniter\CodeIgniter->runController(Object(App\Controllers\Cart))
 4 SYSTEMPATH/CodeIgniter.php(361): CodeIgniter\CodeIgniter->handleRequest(null, Object(Config\Cache), false)
 5 FCPATH/index.php(79): CodeIgniter\CodeIgniter->run()
CRITICAL - 2024-06-18 15:59:29 --> ErrorException: Undefined array key 0
in APPPATH/Controllers/Auction.php on line 1483.
 1 APPPATH/Controllers/Auction.php(1483): CodeIgniter\Debug\Exceptions->errorHandler(2, 'Undefined array key 0', '/var/www/eazyhosting.in/public_html/api/app/Controllers/Auction.php', 1483)
 2 SYSTEMPATH/CodeIgniter.php(941): App\Controllers\Auction->getResesrveBidframe()
 3 SYSTEMPATH/CodeIgniter.php(502): CodeIgniter\CodeIgniter->runController(Object(App\Controllers\Auction))
 4 SYSTEMPATH/CodeIgniter.php(361): CodeIgniter\CodeIgniter->handleRequest(null, Object(Config\Cache), false)
 5 FCPATH/index.php(79): CodeIgniter\CodeIgniter->run()
CRITICAL - 2024-06-18 15:59:31 --> ErrorException: Undefined array key 0
in APPPATH/Controllers/Auction.php on line 1483.
 1 APPPATH/Controllers/Auction.php(1483): CodeIgniter\Debug\Exceptions->errorHandler(2, 'Undefined array key 0', '/var/www/eazyhosting.in/public_html/api/app/Controllers/Auction.php', 1483)
 2 SYSTEMPATH/CodeIgniter.php(941): App\Controllers\Auction->getResesrveBidframe()
 3 SYSTEMPATH/CodeIgniter.php(502): CodeIgniter\CodeIgniter->runController(Object(App\Controllers\Auction))
 4 SYSTEMPATH/CodeIgniter.php(361): CodeIgniter\CodeIgniter->handleRequest(null, Object(Config\Cache), false)
 5 FCPATH/index.php(79): CodeIgniter\CodeIgniter->run()
CRITICAL - 2024-06-18 15:59:31 --> ErrorException: Undefined array key 0
in APPPATH/Controllers/Auction.php on line 1483.
 1 APPPATH/Controllers/Auction.php(1483): CodeIgniter\Debug\Exceptions->errorHandler(2, 'Undefined array key 0', '/var/www/eazyhosting.in/public_html/api/app/Controllers/Auction.php', 1483)
 2 SYSTEMPATH/CodeIgniter.php(941): App\Controllers\Auction->getResesrveBidframe()
 3 SYSTEMPATH/CodeIgniter.php(502): CodeIgniter\CodeIgniter->runController(Object(App\Controllers\Auction))
 4 SYSTEMPATH/CodeIgniter.php(361): CodeIgniter\CodeIgniter->handleRequest(null, Object(Config\Cache), false)
 5 FCPATH/index.php(79): CodeIgniter\CodeIgniter->run()
CRITICAL - 2024-06-18 15:59:31 --> ErrorException: Undefined array key 0
in APPPATH/Controllers/Auction.php on line 1483.
 1 APPPATH/Controllers/Auction.php(1483): CodeIgniter\Debug\Exceptions->errorHandler(2, 'Undefined array key 0', '/var/www/eazyhosting.in/public_html/api/app/Controllers/Auction.php', 1483)
 2 SYSTEMPATH/CodeIgniter.php(941): App\Controllers\Auction->getResesrveBidframe()
 3 SYSTEMPATH/CodeIgniter.php(502): CodeIgniter\CodeIgniter->runController(Object(App\Controllers\Auction))
 4 SYSTEMPATH/CodeIgniter.php(361): CodeIgniter\CodeIgniter->handleRequest(null, Object(Config\Cache), false)
 5 FCPATH/index.php(79): CodeIgniter\CodeIgniter->run()
CRITICAL - 2024-06-18 16:00:43 --> ErrorException: Undefined variable $auction_data
in APPPATH/Controllers/Cart.php on line 482.
 1 APPPATH/Controllers/Cart.php(482): CodeIgniter\Debug\Exceptions->errorHandler(2, 'Undefined variable $auction_data', '/var/www/eazyhosting.in/public_html/api/app/Controllers/Cart.php', 482)
 2 SYSTEMPATH/CodeIgniter.php(941): App\Controllers\Cart->auctiongardenlist()
 3 SYSTEMPATH/CodeIgniter.php(502): CodeIgniter\CodeIgniter->runController(Object(App\Controllers\Cart))
 4 SYSTEMPATH/CodeIgniter.php(361): CodeIgniter\CodeIgniter->handleRequest(null, Object(Config\Cache), false)
 5 FCPATH/index.php(79): CodeIgniter\CodeIgniter->run()
CRITICAL - 2024-06-18 16:09:16 --> ErrorException: Undefined variable $auction_data
in APPPATH/Controllers/Cart.php on line 482.
 1 APPPATH/Controllers/Cart.php(482): CodeIgniter\Debug\Exceptions->errorHandler(2, 'Undefined variable $auction_data', '/var/www/eazyhosting.in/public_html/api/app/Controllers/Cart.php', 482)
 2 SYSTEMPATH/CodeIgniter.php(941): App\Controllers\Cart->auctiongardenlist()
 3 SYSTEMPATH/CodeIgniter.php(502): CodeIgniter\CodeIgniter->runController(Object(App\Controllers\Cart))
 4 SYSTEMPATH/CodeIgniter.php(361): CodeIgniter\CodeIgniter->handleRequest(null, Object(Config\Cache), false)
 5 FCPATH/index.php(79): CodeIgniter\CodeIgniter->run()
CRITICAL - 2024-06-18 16:22:21 --> ErrorException: Undefined variable $auction_data
in APPPATH/Controllers/Cart.php on line 482.
 1 APPPATH/Controllers/Cart.php(482): CodeIgniter\Debug\Exceptions->errorHandler(2, 'Undefined variable $auction_data', '/var/www/eazyhosting.in/public_html/api/app/Controllers/Cart.php', 482)
 2 SYSTEMPATH/CodeIgniter.php(941): App\Controllers\Cart->auctiongardenlist()
 3 SYSTEMPATH/CodeIgniter.php(502): CodeIgniter\CodeIgniter->runController(Object(App\Controllers\Cart))
 4 SYSTEMPATH/CodeIgniter.php(361): CodeIgniter\CodeIgniter->handleRequest(null, Object(Config\Cache), false)
 5 FCPATH/index.php(79): CodeIgniter\CodeIgniter->run()
CRITICAL - 2024-06-18 16:22:40 --> ErrorException: Undefined variable $auction_data
in APPPATH/Controllers/Cart.php on line 482.
 1 APPPATH/Controllers/Cart.php(482): CodeIgniter\Debug\Exceptions->errorHandler(2, 'Undefined variable $auction_data', '/var/www/eazyhosting.in/public_html/api/app/Controllers/Cart.php', 482)
 2 SYSTEMPATH/CodeIgniter.php(941): App\Controllers\Cart->auctiongardenlist()
 3 SYSTEMPATH/CodeIgniter.php(502): CodeIgniter\CodeIgniter->runController(Object(App\Controllers\Cart))
 4 SYSTEMPATH/CodeIgniter.php(361): CodeIgniter\CodeIgniter->handleRequest(null, Object(Config\Cache), false)
 5 FCPATH/index.php(79): CodeIgniter\CodeIgniter->run()
CRITICAL - 2024-06-18 16:22:44 --> ErrorException: Undefined variable $auction_data
in APPPATH/Controllers/Cart.php on line 482.
 1 APPPATH/Controllers/Cart.php(482): CodeIgniter\Debug\Exceptions->errorHandler(2, 'Undefined variable $auction_data', '/var/www/eazyhosting.in/public_html/api/app/Controllers/Cart.php', 482)
 2 SYSTEMPATH/CodeIgniter.php(941): App\Controllers\Cart->auctiongardenlist()
 3 SYSTEMPATH/CodeIgniter.php(502): CodeIgniter\CodeIgniter->runController(Object(App\Controllers\Cart))
 4 SYSTEMPATH/CodeIgniter.php(361): CodeIgniter\CodeIgniter->handleRequest(null, Object(Config\Cache), false)
 5 FCPATH/index.php(79): CodeIgniter\CodeIgniter->run()
CRITICAL - 2024-06-18 16:22:51 --> ErrorException: Undefined variable $auction_data
in APPPATH/Controllers/Cart.php on line 482.
 1 APPPATH/Controllers/Cart.php(482): CodeIgniter\Debug\Exceptions->errorHandler(2, 'Undefined variable $auction_data', '/var/www/eazyhosting.in/public_html/api/app/Controllers/Cart.php', 482)
 2 SYSTEMPATH/CodeIgniter.php(941): App\Controllers\Cart->auctiongardenlist()
 3 SYSTEMPATH/CodeIgniter.php(502): CodeIgniter\CodeIgniter->runController(Object(App\Controllers\Cart))
 4 SYSTEMPATH/CodeIgniter.php(361): CodeIgniter\CodeIgniter->handleRequest(null, Object(Config\Cache), false)
 5 FCPATH/index.php(79): CodeIgniter\CodeIgniter->run()
CRITICAL - 2024-06-18 16:23:05 --> ErrorException: Undefined variable $auction_data
in APPPATH/Controllers/Cart.php on line 482.
 1 APPPATH/Controllers/Cart.php(482): CodeIgniter\Debug\Exceptions->errorHandler(2, 'Undefined variable $auction_data', '/var/www/eazyhosting.in/public_html/api/app/Controllers/Cart.php', 482)
 2 SYSTEMPATH/CodeIgniter.php(941): App\Controllers\Cart->auctiongardenlist()
 3 SYSTEMPATH/CodeIgniter.php(502): CodeIgniter\CodeIgniter->runController(Object(App\Controllers\Cart))
 4 SYSTEMPATH/CodeIgniter.php(361): CodeIgniter\CodeIgniter->handleRequest(null, Object(Config\Cache), false)
 5 FCPATH/index.php(79): CodeIgniter\CodeIgniter->run()
CRITICAL - 2024-06-18 16:23:18 --> ErrorException: Undefined variable $auction_data
in APPPATH/Controllers/Cart.php on line 482.
 1 APPPATH/Controllers/Cart.php(482): CodeIgniter\Debug\Exceptions->errorHandler(2, 'Undefined variable $auction_data', '/var/www/eazyhosting.in/public_html/api/app/Controllers/Cart.php', 482)
 2 SYSTEMPATH/CodeIgniter.php(941): App\Controllers\Cart->auctiongardenlist()
 3 SYSTEMPATH/CodeIgniter.php(502): CodeIgniter\CodeIgniter->runController(Object(App\Controllers\Cart))
 4 SYSTEMPATH/CodeIgniter.php(361): CodeIgniter\CodeIgniter->handleRequest(null, Object(Config\Cache), false)
 5 FCPATH/index.php(79): CodeIgniter\CodeIgniter->run()
CRITICAL - 2024-06-18 16:41:22 --> ErrorException: Undefined variable $auction_data
in APPPATH/Controllers/Cart.php on line 482.
 1 APPPATH/Controllers/Cart.php(482): CodeIgniter\Debug\Exceptions->errorHandler(2, 'Undefined variable $auction_data', '/var/www/eazyhosting.in/public_html/api/app/Controllers/Cart.php', 482)
 2 SYSTEMPATH/CodeIgniter.php(941): App\Controllers\Cart->auctiongardenlist()
 3 SYSTEMPATH/CodeIgniter.php(502): CodeIgniter\CodeIgniter->runController(Object(App\Controllers\Cart))
 4 SYSTEMPATH/CodeIgniter.php(361): CodeIgniter\CodeIgniter->handleRequest(null, Object(Config\Cache), false)
 5 FCPATH/index.php(79): CodeIgniter\CodeIgniter->run()
CRITICAL - 2024-06-18 16:41:32 --> ErrorException: Undefined variable $auction_data
in APPPATH/Controllers/Cart.php on line 482.
 1 APPPATH/Controllers/Cart.php(482): CodeIgniter\Debug\Exceptions->errorHandler(2, 'Undefined variable $auction_data', '/var/www/eazyhosting.in/public_html/api/app/Controllers/Cart.php', 482)
 2 SYSTEMPATH/CodeIgniter.php(941): App\Controllers\Cart->auctiongardenlist()
 3 SYSTEMPATH/CodeIgniter.php(502): CodeIgniter\CodeIgniter->runController(Object(App\Controllers\Cart))
 4 SYSTEMPATH/CodeIgniter.php(361): CodeIgniter\CodeIgniter->handleRequest(null, Object(Config\Cache), false)
 5 FCPATH/index.php(79): CodeIgniter\CodeIgniter->run()
CRITICAL - 2024-06-18 16:43:12 --> ErrorException: Undefined variable $auction_data
in APPPATH/Controllers/Cart.php on line 482.
 1 APPPATH/Controllers/Cart.php(482): CodeIgniter\Debug\Exceptions->errorHandler(2, 'Undefined variable $auction_data', '/var/www/eazyhosting.in/public_html/api/app/Controllers/Cart.php', 482)
 2 SYSTEMPATH/CodeIgniter.php(941): App\Controllers\Cart->auctiongardenlist()
 3 SYSTEMPATH/CodeIgniter.php(502): CodeIgniter\CodeIgniter->runController(Object(App\Controllers\Cart))
 4 SYSTEMPATH/CodeIgniter.php(361): CodeIgniter\CodeIgniter->handleRequest(null, Object(Config\Cache), false)
 5 FCPATH/index.php(79): CodeIgniter\CodeIgniter->run()
CRITICAL - 2024-06-18 16:45:24 --> ErrorException: Undefined variable $auction_data
in APPPATH/Controllers/Cart.php on line 482.
 1 APPPATH/Controllers/Cart.php(482): CodeIgniter\Debug\Exceptions->errorHandler(2, 'Undefined variable $auction_data', '/var/www/eazyhosting.in/public_html/api/app/Controllers/Cart.php', 482)
 2 SYSTEMPATH/CodeIgniter.php(941): App\Controllers\Cart->auctiongardenlist()
 3 SYSTEMPATH/CodeIgniter.php(502): CodeIgniter\CodeIgniter->runController(Object(App\Controllers\Cart))
 4 SYSTEMPATH/CodeIgniter.php(361): CodeIgniter\CodeIgniter->handleRequest(null, Object(Config\Cache), false)
 5 FCPATH/index.php(79): CodeIgniter\CodeIgniter->run()
CRITICAL - 2024-06-18 16:45:26 --> ErrorException: Undefined variable $auction_data
in APPPATH/Controllers/Cart.php on line 482.
 1 APPPATH/Controllers/Cart.php(482): CodeIgniter\Debug\Exceptions->errorHandler(2, 'Undefined variable $auction_data', '/var/www/eazyhosting.in/public_html/api/app/Controllers/Cart.php', 482)
 2 SYSTEMPATH/CodeIgniter.php(941): App\Controllers\Cart->auctiongardenlist()
 3 SYSTEMPATH/CodeIgniter.php(502): CodeIgniter\CodeIgniter->runController(Object(App\Controllers\Cart))
 4 SYSTEMPATH/CodeIgniter.php(361): CodeIgniter\CodeIgniter->handleRequest(null, Object(Config\Cache), false)
 5 FCPATH/index.php(79): CodeIgniter\CodeIgniter->run()
CRITICAL - 2024-06-18 16:45:33 --> ErrorException: Undefined variable $auction_data
in APPPATH/Controllers/Cart.php on line 482.
 1 APPPATH/Controllers/Cart.php(482): CodeIgniter\Debug\Exceptions->errorHandler(2, 'Undefined variable $auction_data', '/var/www/eazyhosting.in/public_html/api/app/Controllers/Cart.php', 482)
 2 SYSTEMPATH/CodeIgniter.php(941): App\Controllers\Cart->auctiongardenlist()
 3 SYSTEMPATH/CodeIgniter.php(502): CodeIgniter\CodeIgniter->runController(Object(App\Controllers\Cart))
 4 SYSTEMPATH/CodeIgniter.php(361): CodeIgniter\CodeIgniter->handleRequest(null, Object(Config\Cache), false)
 5 FCPATH/index.php(79): CodeIgniter\CodeIgniter->run()
CRITICAL - 2024-06-18 16:46:29 --> ErrorException: Undefined variable $auction_data
in APPPATH/Controllers/Cart.php on line 482.
 1 APPPATH/Controllers/Cart.php(482): CodeIgniter\Debug\Exceptions->errorHandler(2, 'Undefined variable $auction_data', '/var/www/eazyhosting.in/public_html/api/app/Controllers/Cart.php', 482)
 2 SYSTEMPATH/CodeIgniter.php(941): App\Controllers\Cart->auctiongardenlist()
 3 SYSTEMPATH/CodeIgniter.php(502): CodeIgniter\CodeIgniter->runController(Object(App\Controllers\Cart))
 4 SYSTEMPATH/CodeIgniter.php(361): CodeIgniter\CodeIgniter->handleRequest(null, Object(Config\Cache), false)
 5 FCPATH/index.php(79): CodeIgniter\CodeIgniter->run()
CRITICAL - 2024-06-18 17:00:52 --> ErrorException: Trying to access array offset on value of type null
in APPPATH/Controllers/BuyerDashboard.php on line 447.
 1 APPPATH/Controllers/BuyerDashboard.php(447): CodeIgniter\Debug\Exceptions->errorHandler(2, 'Trying to access array offset on value of type null', '/var/www/eazyhosting.in/public_html/api/app/Controllers/BuyerDashboard.php', 447)
 2 SYSTEMPATH/CodeIgniter.php(941): App\Controllers\BuyerDashboard->movetoclosed()
 3 SYSTEMPATH/CodeIgniter.php(502): CodeIgniter\CodeIgniter->runController(Object(App\Controllers\BuyerDashboard))
 4 SYSTEMPATH/CodeIgniter.php(361): CodeIgniter\CodeIgniter->handleRequest(null, Object(Config\Cache), false)
 5 FCPATH/index.php(79): CodeIgniter\CodeIgniter->run()
CRITICAL - 2024-06-18 17:55:12 --> ErrorException: Undefined variable $auction_data
in APPPATH/Controllers/Cart.php on line 482.
 1 APPPATH/Controllers/Cart.php(482): CodeIgniter\Debug\Exceptions->errorHandler(2, 'Undefined variable $auction_data', '/var/www/eazyhosting.in/public_html/api/app/Controllers/Cart.php', 482)
 2 SYSTEMPATH/CodeIgniter.php(941): App\Controllers\Cart->auctiongardenlist()
 3 SYSTEMPATH/CodeIgniter.php(502): CodeIgniter\CodeIgniter->runController(Object(App\Controllers\Cart))
 4 SYSTEMPATH/CodeIgniter.php(361): CodeIgniter\CodeIgniter->handleRequest(null, Object(Config\Cache), false)
 5 FCPATH/index.php(79): CodeIgniter\CodeIgniter->run()
CRITICAL - 2024-06-18 17:55:20 --> ErrorException: Undefined variable $auction_data
in APPPATH/Controllers/Cart.php on line 482.
 1 APPPATH/Controllers/Cart.php(482): CodeIgniter\Debug\Exceptions->errorHandler(2, 'Undefined variable $auction_data', '/var/www/eazyhosting.in/public_html/api/app/Controllers/Cart.php', 482)
 2 SYSTEMPATH/CodeIgniter.php(941): App\Controllers\Cart->auctiongardenlist()
 3 SYSTEMPATH/CodeIgniter.php(502): CodeIgniter\CodeIgniter->runController(Object(App\Controllers\Cart))
 4 SYSTEMPATH/CodeIgniter.php(361): CodeIgniter\CodeIgniter->handleRequest(null, Object(Config\Cache), false)
 5 FCPATH/index.php(79): CodeIgniter\CodeIgniter->run()
CRITICAL - 2024-06-18 17:55:22 --> ErrorException: Undefined variable $auction_data
in APPPATH/Controllers/Cart.php on line 482.
 1 APPPATH/Controllers/Cart.php(482): CodeIgniter\Debug\Exceptions->errorHandler(2, 'Undefined variable $auction_data', '/var/www/eazyhosting.in/public_html/api/app/Controllers/Cart.php', 482)
 2 SYSTEMPATH/CodeIgniter.php(941): App\Controllers\Cart->auctiongardenlist()
 3 SYSTEMPATH/CodeIgniter.php(502): CodeIgniter\CodeIgniter->runController(Object(App\Controllers\Cart))
 4 SYSTEMPATH/CodeIgniter.php(361): CodeIgniter\CodeIgniter->handleRequest(null, Object(Config\Cache), false)
 5 FCPATH/index.php(79): CodeIgniter\CodeIgniter->run()
