CRITICAL - 2024-10-08 09:27:35 --> ErrorException: Undefined variable $auction_data
in APPPATH/Controllers/Cart.php on line 427.
 1 APPPATH/Controllers/Cart.php(427): CodeIgniter\Debug\Exceptions->errorHandler(2, 'Undefined variable $auction_data', '/var/www/eazyhosting.in/public_html/api/app/Controllers/Cart.php', 427)
 2 SYSTEMPATH/CodeIgniter.php(941): App\Controllers\Cart->auctiongardenlist()
 3 SYSTEMPATH/CodeIgniter.php(502): CodeIgniter\CodeIgniter->runController(Object(App\Controllers\Cart))
 4 SYSTEMPATH/CodeIgniter.php(361): CodeIgniter\CodeIgniter->handleRequest(null, Object(Config\Cache), false)
 5 FCPATH/index.php(79): CodeIgniter\CodeIgniter->run()
CRITICAL - 2024-10-08 09:28:09 --> ErrorException: Undefined variable $auction_data
in APPPATH/Controllers/Cart.php on line 427.
 1 APPPATH/Controllers/Cart.php(427): CodeIgniter\Debug\Exceptions->errorHandler(2, 'Undefined variable $auction_data', '/var/www/eazyhosting.in/public_html/api/app/Controllers/Cart.php', 427)
 2 SYSTEMPATH/CodeIgniter.php(941): App\Controllers\Cart->auctiongardenlist()
 3 SYSTEMPATH/CodeIgniter.php(502): CodeIgniter\CodeIgniter->runController(Object(App\Controllers\Cart))
 4 SYSTEMPATH/CodeIgniter.php(361): CodeIgniter\CodeIgniter->handleRequest(null, Object(Config\Cache), false)
 5 FCPATH/index.php(79): CodeIgniter\CodeIgniter->run()
CRITICAL - 2024-10-08 09:28:13 --> ErrorException: Undefined variable $auction_data
in APPPATH/Controllers/Cart.php on line 427.
 1 APPPATH/Controllers/Cart.php(427): CodeIgniter\Debug\Exceptions->errorHandler(2, 'Undefined variable $auction_data', '/var/www/eazyhosting.in/public_html/api/app/Controllers/Cart.php', 427)
 2 SYSTEMPATH/CodeIgniter.php(941): App\Controllers\Cart->auctiongardenlist()
 3 SYSTEMPATH/CodeIgniter.php(502): CodeIgniter\CodeIgniter->runController(Object(App\Controllers\Cart))
 4 SYSTEMPATH/CodeIgniter.php(361): CodeIgniter\CodeIgniter->handleRequest(null, Object(Config\Cache), false)
 5 FCPATH/index.php(79): CodeIgniter\CodeIgniter->run()
ERROR - 2024-10-08 09:42:12 --> Both manual and auto bids exist
ERROR - 2024-10-08 09:42:12 --> Both manual and auto bids exist
ERROR - 2024-10-08 09:47:14 --> current items data:[{"id":"260","inward_invoice_id":"V2","inward_item_id":"2","auction_id":"77","lot_no":"1","lot_set":"1","auction_quantity":"1","sample_quantity":"0","auction_each_net":"13","base_price":"100","reverse_price":"105","high_price":"0","valuation_price":"110","last_sold_price":null,"status":"1","is_sold":"0","min_bid_added":"0","is_withdrawn":"0","created_at":"2024-10-08 09:28:17","updated_at":"2024-10-08 09:28:59","created_by":"3","updated_by":"3"},{"id":"261","inward_invoice_id":"V1","inward_item_id":"1","auction_id":"77","lot_no":"2","lot_set":"1","auction_quantity":"1","sample_quantity":"0","auction_each_net":"10","base_price":"100","reverse_price":"105","high_price":"0","valuation_price":"110","last_sold_price":null,"status":"1","is_sold":"0","min_bid_added":"0","is_withdrawn":"0","created_at":"2024-10-08 09:28:17","updated_at":"2024-10-08 09:28:59","created_by":"3","updated_by":"3"}], 2024-10-08 09:47:14
ERROR - 2024-10-08 09:47:14 --> Error code L001. auctionItemId:260, 2024-10-08 09:47:14
ERROR - 2024-10-08 09:47:14 --> bid calculation initiated auctionItemId:260, 2
ERROR - 2024-10-08 09:47:14 --> bidding value array:{"id":"763","auction_item_id":"260","buyer_id":"3","bid_price":"102.00","sq":"1.000","bq":"1.000","bid_type":"1","created_at":"2024-10-08 09:42:12","updated_at":"2024-10-08 09:42:12"}
ERROR - 2024-10-08 09:47:14 --> Error code L002. auctionItemId:260, 2024-10-08 09:47:14
ERROR - 2024-10-08 09:47:14 --> Error code L003. auctionItemId:260, 2024-10-08 09:47:14
ERROR - 2024-10-08 09:47:14 --> Error code L001. auctionItemId:261, 2024-10-08 09:47:14
ERROR - 2024-10-08 09:47:14 --> bid calculation initiated auctionItemId:261, 2
ERROR - 2024-10-08 09:47:14 --> bidding value array:{"id":"764","auction_item_id":"261","buyer_id":"3","bid_price":"104.00","sq":"1.000","bq":"1.000","bid_type":"0","created_at":"2024-10-08 09:42:12","updated_at":"2024-10-08 09:42:12"}
ERROR - 2024-10-08 09:47:14 --> Error code L002. auctionItemId:261, 2024-10-08 09:47:14
ERROR - 2024-10-08 09:47:14 --> Error code L003. auctionItemId:261, 2024-10-08 09:47:14
ERROR - 2024-10-08 09:47:15 --> Both manual and auto bids exist
ERROR - 2024-10-08 09:47:16 --> Both manual and auto bids exist
ERROR - 2024-10-08 09:52:17 --> current items data:[{"id":"262","inward_invoice_id":"V4","inward_item_id":"4","auction_id":"77","lot_no":"3","lot_set":"2","auction_quantity":"1","sample_quantity":"0","auction_each_net":"2","base_price":"100","reverse_price":"105","high_price":"0","valuation_price":"110","last_sold_price":null,"status":"1","is_sold":"0","min_bid_added":"0","is_withdrawn":"0","created_at":"2024-10-08 09:28:17","updated_at":"2024-10-08 09:28:59","created_by":"3","updated_by":"3"},{"id":"263","inward_invoice_id":"V3","inward_item_id":"3","auction_id":"77","lot_no":"4","lot_set":"2","auction_quantity":"1","sample_quantity":"0","auction_each_net":"9","base_price":"100","reverse_price":"105","high_price":"0","valuation_price":"110","last_sold_price":null,"status":"1","is_sold":"0","min_bid_added":"0","is_withdrawn":"0","created_at":"2024-10-08 09:28:17","updated_at":"2024-10-08 09:28:59","created_by":"3","updated_by":"3"}], 2024-10-08 09:52:17
ERROR - 2024-10-08 09:52:17 --> Error code L001. auctionItemId:262, 2024-10-08 09:52:17
ERROR - 2024-10-08 09:52:17 --> bid calculation initiated auctionItemId:262, 2
ERROR - 2024-10-08 09:52:17 --> bidding value array:{"id":"767","auction_item_id":"262","buyer_id":"3","bid_price":"105.00","sq":"1.000","bq":"1.000","bid_type":"1","created_at":"2024-10-08 09:47:15","updated_at":"2024-10-08 09:47:15"}
ERROR - 2024-10-08 09:52:17 --> Error code L002. auctionItemId:262, 2024-10-08 09:52:17
ERROR - 2024-10-08 09:52:17 --> Error code L003. auctionItemId:262, 2024-10-08 09:52:17
ERROR - 2024-10-08 09:52:17 --> Error code L001. auctionItemId:263, 2024-10-08 09:52:17
ERROR - 2024-10-08 09:52:17 --> bid calculation initiated auctionItemId:263, 2
ERROR - 2024-10-08 09:52:17 --> bidding value array:{"id":"768","auction_item_id":"263","buyer_id":"1","bid_price":"110.00","sq":"1.000","bq":"1.000","bid_type":"1","created_at":"2024-10-08 09:47:16","updated_at":"2024-10-08 09:47:16"}
ERROR - 2024-10-08 09:52:17 --> Error code L002. auctionItemId:263, 2024-10-08 09:52:17
ERROR - 2024-10-08 09:52:17 --> Error code L003. auctionItemId:263, 2024-10-08 09:52:17
ERROR - 2024-10-08 09:57:23 --> current items data:[{"id":"264","inward_invoice_id":"V5","inward_item_id":"5","auction_id":"77","lot_no":"5","lot_set":"3","auction_quantity":"1","sample_quantity":"0","auction_each_net":"15","base_price":"100","reverse_price":"105","high_price":"0","valuation_price":"110","last_sold_price":null,"status":"1","is_sold":"0","min_bid_added":"0","is_withdrawn":"0","created_at":"2024-10-08 09:28:17","updated_at":"2024-10-08 09:28:59","created_by":"3","updated_by":"3"}], 2024-10-08 09:57:23
ERROR - 2024-10-08 09:57:23 --> Error code L001. auctionItemId:264, 2024-10-08 09:57:23
ERROR - 2024-10-08 09:57:23 --> bid calculation initiated auctionItemId:264, 1
ERROR - 2024-10-08 09:57:23 --> bidding value array:{"id":"772","auction_item_id":"264","buyer_id":"3","bid_price":"105.00","sq":"1.000","bq":"1.000","bid_type":"3","created_at":"2024-10-08 09:52:48","updated_at":"2024-10-08 09:52:48"}
ERROR - 2024-10-08 09:57:23 --> Error code L002. auctionItemId:264, 2024-10-08 09:57:23
ERROR - 2024-10-08 09:57:23 --> Error code L003. auctionItemId:264, 2024-10-08 09:57:23
CRITICAL - 2024-10-08 10:40:38 --> ErrorException: Undefined variable $auction_data
in APPPATH/Controllers/Cart.php on line 427.
 1 APPPATH/Controllers/Cart.php(427): CodeIgniter\Debug\Exceptions->errorHandler(2, 'Undefined variable $auction_data', '/var/www/eazyhosting.in/public_html/api/app/Controllers/Cart.php', 427)
 2 SYSTEMPATH/CodeIgniter.php(941): App\Controllers\Cart->auctiongardenlist()
 3 SYSTEMPATH/CodeIgniter.php(502): CodeIgniter\CodeIgniter->runController(Object(App\Controllers\Cart))
 4 SYSTEMPATH/CodeIgniter.php(361): CodeIgniter\CodeIgniter->handleRequest(null, Object(Config\Cache), false)
 5 FCPATH/index.php(79): CodeIgniter\CodeIgniter->run()
CRITICAL - 2024-10-08 10:41:06 --> ErrorException: Undefined variable $auction_data
in APPPATH/Controllers/Cart.php on line 427.
 1 APPPATH/Controllers/Cart.php(427): CodeIgniter\Debug\Exceptions->errorHandler(2, 'Undefined variable $auction_data', '/var/www/eazyhosting.in/public_html/api/app/Controllers/Cart.php', 427)
 2 SYSTEMPATH/CodeIgniter.php(941): App\Controllers\Cart->auctiongardenlist()
 3 SYSTEMPATH/CodeIgniter.php(502): CodeIgniter\CodeIgniter->runController(Object(App\Controllers\Cart))
 4 SYSTEMPATH/CodeIgniter.php(361): CodeIgniter\CodeIgniter->handleRequest(null, Object(Config\Cache), false)
 5 FCPATH/index.php(79): CodeIgniter\CodeIgniter->run()
CRITICAL - 2024-10-08 10:41:08 --> ErrorException: Undefined variable $auction_data
in APPPATH/Controllers/Cart.php on line 427.
 1 APPPATH/Controllers/Cart.php(427): CodeIgniter\Debug\Exceptions->errorHandler(2, 'Undefined variable $auction_data', '/var/www/eazyhosting.in/public_html/api/app/Controllers/Cart.php', 427)
 2 SYSTEMPATH/CodeIgniter.php(941): App\Controllers\Cart->auctiongardenlist()
 3 SYSTEMPATH/CodeIgniter.php(502): CodeIgniter\CodeIgniter->runController(Object(App\Controllers\Cart))
 4 SYSTEMPATH/CodeIgniter.php(361): CodeIgniter\CodeIgniter->handleRequest(null, Object(Config\Cache), false)
 5 FCPATH/index.php(79): CodeIgniter\CodeIgniter->run()
ERROR - 2024-10-08 10:47:33 --> Both manual and auto bids exist
ERROR - 2024-10-08 10:47:33 --> Both manual and auto bids exist
ERROR - 2024-10-08 10:52:32 --> current items data:[{"id":"265","inward_invoice_id":"W1","inward_item_id":"11","auction_id":"78","lot_no":"1","lot_set":"1","auction_quantity":"1","sample_quantity":"0","auction_each_net":"21","base_price":"100","reverse_price":"105","high_price":"0","valuation_price":"110","last_sold_price":null,"status":"1","is_sold":"0","min_bid_added":"0","is_withdrawn":"0","created_at":"2024-10-08 10:41:11","updated_at":"2024-10-08 10:41:31","created_by":"5","updated_by":"5"},{"id":"266","inward_invoice_id":"W3","inward_item_id":"14","auction_id":"78","lot_no":"2","lot_set":"1","auction_quantity":"1","sample_quantity":"0","auction_each_net":"9","base_price":"100","reverse_price":"105","high_price":"0","valuation_price":"110","last_sold_price":null,"status":"1","is_sold":"0","min_bid_added":"0","is_withdrawn":"0","created_at":"2024-10-08 10:41:11","updated_at":"2024-10-08 10:41:31","created_by":"5","updated_by":"5"}], 2024-10-08 10:52:32
ERROR - 2024-10-08 10:52:32 --> Error code L001. auctionItemId:265, 2024-10-08 10:52:32
ERROR - 2024-10-08 10:52:32 --> bid calculation initiated auctionItemId:265, 1
ERROR - 2024-10-08 10:52:32 --> bidding value array:{"id":"779","auction_item_id":"265","buyer_id":"3","bid_price":"305.00","sq":"1.000","bq":"1.000","bid_type":"3","created_at":"2024-10-08 10:47:47","updated_at":"2024-10-08 10:47:47"}
ERROR - 2024-10-08 10:52:32 --> Error code L002. auctionItemId:265, 2024-10-08 10:52:32
ERROR - 2024-10-08 10:52:32 --> Error code L003. auctionItemId:265, 2024-10-08 10:52:32
ERROR - 2024-10-08 10:52:32 --> Error code L001. auctionItemId:266, 2024-10-08 10:52:32
ERROR - 2024-10-08 10:52:32 --> bid calculation initiated auctionItemId:266, 2
ERROR - 2024-10-08 10:52:32 --> bidding value array:{"id":"776","auction_item_id":"266","buyer_id":"3","bid_price":"110.00","sq":"1.000","bq":"1.000","bid_type":"1","created_at":"2024-10-08 10:47:33","updated_at":"2024-10-08 10:47:33"}
ERROR - 2024-10-08 10:52:32 --> Error code L002. auctionItemId:266, 2024-10-08 10:52:32
ERROR - 2024-10-08 10:52:32 --> Error code L003. auctionItemId:266, 2024-10-08 10:52:32
ERROR - 2024-10-08 10:52:33 --> Auto bid only
ERROR - 2024-10-08 10:52:33 --> Auto bid only:1
ERROR - 2024-10-08 10:52:33 --> Auto bid only
ERROR - 2024-10-08 10:52:33 --> Auto bid only:1
ERROR - 2024-10-08 10:55:08 --> current items data:[{"id":"267","inward_invoice_id":"W2","inward_item_id":"12","auction_id":"78","lot_no":"3","lot_set":"2","auction_quantity":"1","sample_quantity":"0","auction_each_net":"23","base_price":"100","reverse_price":"105","high_price":"0","valuation_price":"110","last_sold_price":null,"status":"1","is_sold":"0","min_bid_added":"0","is_withdrawn":"0","created_at":"2024-10-08 10:41:11","updated_at":"2024-10-08 10:41:31","created_by":"5","updated_by":"5"},{"id":"268","inward_invoice_id":"W3","inward_item_id":"13","auction_id":"78","lot_no":"4","lot_set":"2","auction_quantity":"1","sample_quantity":"0","auction_each_net":"14","base_price":"100","reverse_price":"105","high_price":"0","valuation_price":"110","last_sold_price":null,"status":"1","is_sold":"0","min_bid_added":"0","is_withdrawn":"0","created_at":"2024-10-08 10:41:11","updated_at":"2024-10-08 10:41:31","created_by":"5","updated_by":"5"}], 2024-10-08 10:55:08
ERROR - 2024-10-08 10:55:08 --> Error code L001. auctionItemId:267, 2024-10-08 10:55:08
ERROR - 2024-10-08 10:55:08 --> bid calculation initiated auctionItemId:267, 2
ERROR - 2024-10-08 10:55:08 --> bidding value array:{"id":"782","auction_item_id":"267","buyer_id":"3","bid_price":"105.00","sq":"1.000","bq":"1.000","bid_type":"1","created_at":"2024-10-08 10:52:33","updated_at":"2024-10-08 10:52:33"}
ERROR - 2024-10-08 10:55:08 --> Error code L002. auctionItemId:267, 2024-10-08 10:55:08
ERROR - 2024-10-08 10:55:08 --> Error code L003. auctionItemId:267, 2024-10-08 10:55:08
ERROR - 2024-10-08 10:55:08 --> Error code L001. auctionItemId:268, 2024-10-08 10:55:08
ERROR - 2024-10-08 10:55:08 --> bid calculation initiated auctionItemId:268, 2
ERROR - 2024-10-08 10:55:08 --> bidding value array:{"id":"783","auction_item_id":"268","buyer_id":"1","bid_price":"104.00","sq":"1.000","bq":"1.000","bid_type":"1","created_at":"2024-10-08 10:52:33","updated_at":"2024-10-08 10:52:33"}
ERROR - 2024-10-08 10:55:08 --> Error code L002. auctionItemId:268, 2024-10-08 10:55:08
ERROR - 2024-10-08 10:55:08 --> Error code L003. auctionItemId:268, 2024-10-08 10:55:08
ERROR - 2024-10-08 10:55:10 --> Both manual and auto bids exist
ERROR - 2024-10-08 10:57:34 --> current items data:[{"id":"269","inward_invoice_id":"W5","inward_item_id":"15","auction_id":"78","lot_no":"5","lot_set":"3","auction_quantity":"1","sample_quantity":"0","auction_each_net":"4","base_price":"100","reverse_price":"105","high_price":"0","valuation_price":"110","last_sold_price":null,"status":"1","is_sold":"0","min_bid_added":"0","is_withdrawn":"0","created_at":"2024-10-08 10:41:11","updated_at":"2024-10-08 10:41:31","created_by":"5","updated_by":"5"}], 2024-10-08 10:57:34
ERROR - 2024-10-08 10:57:34 --> Error code L001. auctionItemId:269, 2024-10-08 10:57:34
ERROR - 2024-10-08 10:57:34 --> bid calculation initiated auctionItemId:269, 2
ERROR - 2024-10-08 10:57:34 --> bidding value array:{"id":"785","auction_item_id":"269","buyer_id":"3","bid_price":"140.00","sq":"1.000","bq":"1.000","bid_type":"0","created_at":"2024-10-08 10:55:10","updated_at":"2024-10-08 10:55:10"}
ERROR - 2024-10-08 10:57:34 --> Error code L002. auctionItemId:269, 2024-10-08 10:57:34
ERROR - 2024-10-08 10:57:34 --> Error code L003. auctionItemId:269, 2024-10-08 10:57:34
ERROR - 2024-10-08 10:57:34 --> current items data:[], 2024-10-08 10:57:34
ERROR - 2024-10-08 10:57:37 --> current items data:[], 2024-10-08 10:57:37
CRITICAL - 2024-10-08 11:13:48 --> ErrorException: Undefined variable $auction_data
in APPPATH/Controllers/Cart.php on line 427.
 1 APPPATH/Controllers/Cart.php(427): CodeIgniter\Debug\Exceptions->errorHandler(2, 'Undefined variable $auction_data', '/var/www/eazyhosting.in/public_html/api/app/Controllers/Cart.php', 427)
 2 SYSTEMPATH/CodeIgniter.php(941): App\Controllers\Cart->auctiongardenlist()
 3 SYSTEMPATH/CodeIgniter.php(502): CodeIgniter\CodeIgniter->runController(Object(App\Controllers\Cart))
 4 SYSTEMPATH/CodeIgniter.php(361): CodeIgniter\CodeIgniter->handleRequest(null, Object(Config\Cache), false)
 5 FCPATH/index.php(79): CodeIgniter\CodeIgniter->run()
CRITICAL - 2024-10-08 11:14:06 --> ErrorException: Undefined variable $auction_data
in APPPATH/Controllers/Cart.php on line 427.
 1 APPPATH/Controllers/Cart.php(427): CodeIgniter\Debug\Exceptions->errorHandler(2, 'Undefined variable $auction_data', '/var/www/eazyhosting.in/public_html/api/app/Controllers/Cart.php', 427)
 2 SYSTEMPATH/CodeIgniter.php(941): App\Controllers\Cart->auctiongardenlist()
 3 SYSTEMPATH/CodeIgniter.php(502): CodeIgniter\CodeIgniter->runController(Object(App\Controllers\Cart))
 4 SYSTEMPATH/CodeIgniter.php(361): CodeIgniter\CodeIgniter->handleRequest(null, Object(Config\Cache), false)
 5 FCPATH/index.php(79): CodeIgniter\CodeIgniter->run()
CRITICAL - 2024-10-08 11:14:15 --> ErrorException: Undefined variable $auction_data
in APPPATH/Controllers/Cart.php on line 427.
 1 APPPATH/Controllers/Cart.php(427): CodeIgniter\Debug\Exceptions->errorHandler(2, 'Undefined variable $auction_data', '/var/www/eazyhosting.in/public_html/api/app/Controllers/Cart.php', 427)
 2 SYSTEMPATH/CodeIgniter.php(941): App\Controllers\Cart->auctiongardenlist()
 3 SYSTEMPATH/CodeIgniter.php(502): CodeIgniter\CodeIgniter->runController(Object(App\Controllers\Cart))
 4 SYSTEMPATH/CodeIgniter.php(361): CodeIgniter\CodeIgniter->handleRequest(null, Object(Config\Cache), false)
 5 FCPATH/index.php(79): CodeIgniter\CodeIgniter->run()
ERROR - 2024-10-08 11:20:59 --> Auto bid only
ERROR - 2024-10-08 11:20:59 --> Auto bid only:1
ERROR - 2024-10-08 11:20:59 --> Both manual and auto bids exist
ERROR - 2024-10-08 11:27:48 --> current items data:[{"id":"270","inward_invoice_id":"VD3","inward_item_id":"33","auction_id":"79","lot_no":"1001","lot_set":"1","auction_quantity":"1","sample_quantity":"0","auction_each_net":"14","base_price":"100","reverse_price":"105","high_price":"0","valuation_price":"110","last_sold_price":null,"status":"1","is_sold":"0","min_bid_added":"0","is_withdrawn":"0","created_at":"2024-10-08 11:14:20","updated_at":"2024-10-08 11:15:19","created_by":"2","updated_by":"2"},{"id":"271","inward_invoice_id":"VD4","inward_item_id":"34","auction_id":"79","lot_no":"1002","lot_set":"1","auction_quantity":"1","sample_quantity":"0","auction_each_net":"16","base_price":"100","reverse_price":"105","high_price":"0","valuation_price":"110","last_sold_price":null,"status":"1","is_sold":"0","min_bid_added":"0","is_withdrawn":"0","created_at":"2024-10-08 11:14:20","updated_at":"2024-10-08 11:15:19","created_by":"2","updated_by":"2"}], 2024-10-08 11:27:48
ERROR - 2024-10-08 11:27:48 --> Error code L001. auctionItemId:270, 2024-10-08 11:27:48
ERROR - 2024-10-08 11:27:48 --> bid calculation initiated auctionItemId:270, 2
ERROR - 2024-10-08 11:27:48 --> bidding value array:{"id":"786","auction_item_id":"270","buyer_id":"2","bid_price":"104.00","sq":"1.000","bq":"1.000","bid_type":"1","created_at":"2024-10-08 11:20:59","updated_at":"2024-10-08 11:20:59"}
ERROR - 2024-10-08 11:27:48 --> Error code 007. HBP:104.00, HABP: 104, 2024-10-08 11:27:48
ERROR - 2024-10-08 11:27:48 --> bid calculation Ended auctionItemId:270, 2024-10-08 11:27:48
ERROR - 2024-10-08 11:27:48 --> Error code L002. auctionItemId:270, 2024-10-08 11:27:48
ERROR - 2024-10-08 11:27:49 --> Error code L003. auctionItemId:270, 2024-10-08 11:27:49
ERROR - 2024-10-08 11:27:49 --> Error code L001. auctionItemId:271, 2024-10-08 11:27:49
ERROR - 2024-10-08 11:27:49 --> bid calculation initiated auctionItemId:271, 2
ERROR - 2024-10-08 11:27:49 --> bidding value array:{"id":"787","auction_item_id":"271","buyer_id":"2","bid_price":"110.00","sq":"1.000","bq":"1.000","bid_type":"1","created_at":"2024-10-08 11:20:59","updated_at":"2024-10-08 11:20:59"}
ERROR - 2024-10-08 11:27:49 --> Error code 007. HBP:110.00, HABP: 110, 2024-10-08 11:27:49
ERROR - 2024-10-08 11:27:49 --> bid calculation Ended auctionItemId:271, 2024-10-08 11:27:49
ERROR - 2024-10-08 11:27:49 --> Error code L002. auctionItemId:271, 2024-10-08 11:27:49
ERROR - 2024-10-08 11:27:49 --> Error code L003. auctionItemId:271, 2024-10-08 11:27:49
ERROR - 2024-10-08 11:27:50 --> Auto bid only
ERROR - 2024-10-08 11:27:50 --> Auto bid only:2
ERROR - 2024-10-08 11:32:50 --> current items data:[{"id":"272","inward_invoice_id":"VD5","inward_item_id":"35","auction_id":"79","lot_no":"1003","lot_set":"2","auction_quantity":"1","sample_quantity":"0","auction_each_net":"18","base_price":"100","reverse_price":"105","high_price":"0","valuation_price":"110","last_sold_price":null,"status":"1","is_sold":"0","min_bid_added":"0","is_withdrawn":"0","created_at":"2024-10-08 11:14:20","updated_at":"2024-10-08 11:15:19","created_by":"2","updated_by":"2"}], 2024-10-08 11:32:50
ERROR - 2024-10-08 11:32:50 --> Error code L001. auctionItemId:272, 2024-10-08 11:32:50
ERROR - 2024-10-08 11:32:50 --> bid calculation initiated auctionItemId:272, 1
ERROR - 2024-10-08 11:32:50 --> bidding value array:{"id":"790","auction_item_id":"272","buyer_id":"1","bid_price":"101.00","sq":"1.000","bq":"1.000","bid_type":"1","created_at":"2024-10-08 11:27:50","updated_at":"2024-10-08 11:27:50"}
ERROR - 2024-10-08 11:32:50 --> Error code 001. HBP:101.00, HABP: 105, 2024-10-08 11:32:50
ERROR - 2024-10-08 11:32:50 --> Error code 002. HBP:101.00, RP: 105, 2024-10-08 11:32:50
ERROR - 2024-10-08 11:32:50 --> bid calculation Ended auctionItemId:272, 2024-10-08 11:32:50
ERROR - 2024-10-08 11:32:50 --> Error code L002. auctionItemId:272, 2024-10-08 11:32:50
ERROR - 2024-10-08 11:32:50 --> Error code L003. auctionItemId:272, 2024-10-08 11:32:50
ERROR - 2024-10-08 11:33:21 --> current items data:[], 2024-10-08 11:33:21
CRITICAL - 2024-10-08 11:36:04 --> ErrorException: Undefined variable $auction_data
in APPPATH/Controllers/Cart.php on line 427.
 1 APPPATH/Controllers/Cart.php(427): CodeIgniter\Debug\Exceptions->errorHandler(2, 'Undefined variable $auction_data', '/var/www/eazyhosting.in/public_html/api/app/Controllers/Cart.php', 427)
 2 SYSTEMPATH/CodeIgniter.php(941): App\Controllers\Cart->auctiongardenlist()
 3 SYSTEMPATH/CodeIgniter.php(502): CodeIgniter\CodeIgniter->runController(Object(App\Controllers\Cart))
 4 SYSTEMPATH/CodeIgniter.php(361): CodeIgniter\CodeIgniter->handleRequest(null, Object(Config\Cache), false)
 5 FCPATH/index.php(79): CodeIgniter\CodeIgniter->run()
CRITICAL - 2024-10-08 11:36:18 --> ErrorException: Undefined variable $auction_data
in APPPATH/Controllers/Cart.php on line 427.
 1 APPPATH/Controllers/Cart.php(427): CodeIgniter\Debug\Exceptions->errorHandler(2, 'Undefined variable $auction_data', '/var/www/eazyhosting.in/public_html/api/app/Controllers/Cart.php', 427)
 2 SYSTEMPATH/CodeIgniter.php(941): App\Controllers\Cart->auctiongardenlist()
 3 SYSTEMPATH/CodeIgniter.php(502): CodeIgniter\CodeIgniter->runController(Object(App\Controllers\Cart))
 4 SYSTEMPATH/CodeIgniter.php(361): CodeIgniter\CodeIgniter->handleRequest(null, Object(Config\Cache), false)
 5 FCPATH/index.php(79): CodeIgniter\CodeIgniter->run()
CRITICAL - 2024-10-08 11:36:20 --> ErrorException: Undefined variable $auction_data
in APPPATH/Controllers/Cart.php on line 427.
 1 APPPATH/Controllers/Cart.php(427): CodeIgniter\Debug\Exceptions->errorHandler(2, 'Undefined variable $auction_data', '/var/www/eazyhosting.in/public_html/api/app/Controllers/Cart.php', 427)
 2 SYSTEMPATH/CodeIgniter.php(941): App\Controllers\Cart->auctiongardenlist()
 3 SYSTEMPATH/CodeIgniter.php(502): CodeIgniter\CodeIgniter->runController(Object(App\Controllers\Cart))
 4 SYSTEMPATH/CodeIgniter.php(361): CodeIgniter\CodeIgniter->handleRequest(null, Object(Config\Cache), false)
 5 FCPATH/index.php(79): CodeIgniter\CodeIgniter->run()
ERROR - 2024-10-08 11:42:08 --> Auto bid only
ERROR - 2024-10-08 11:42:08 --> Auto bid only:1
ERROR - 2024-10-08 11:42:08 --> Both manual and auto bids exist
ERROR - 2024-10-08 11:47:09 --> current items data:[{"id":"273","inward_invoice_id":"VD3","inward_item_id":"33","auction_id":"80","lot_no":"1001","lot_set":"1","auction_quantity":"1","sample_quantity":"0","auction_each_net":"14","base_price":"100","reverse_price":"105","high_price":"0","valuation_price":"110","last_sold_price":null,"status":"1","is_sold":"0","min_bid_added":"0","is_withdrawn":"0","created_at":"2024-10-08 11:36:23","updated_at":"2024-10-08 11:36:42","created_by":"2","updated_by":"2"},{"id":"274","inward_invoice_id":"VD4","inward_item_id":"34","auction_id":"80","lot_no":"1002","lot_set":"1","auction_quantity":"1","sample_quantity":"0","auction_each_net":"16","base_price":"100","reverse_price":"105","high_price":"0","valuation_price":"110","last_sold_price":null,"status":"1","is_sold":"0","min_bid_added":"0","is_withdrawn":"0","created_at":"2024-10-08 11:36:23","updated_at":"2024-10-08 11:36:42","created_by":"2","updated_by":"2"}], 2024-10-08 11:47:09
ERROR - 2024-10-08 11:47:09 --> Error code L001. auctionItemId:273, 2024-10-08 11:47:09
ERROR - 2024-10-08 11:47:09 --> bid calculation initiated auctionItemId:273, 2
ERROR - 2024-10-08 11:47:09 --> bidding value array:{"id":"792","auction_item_id":"273","buyer_id":"1","bid_price":"104.00","sq":"1.000","bq":"1.000","bid_type":"1","created_at":"2024-10-08 11:42:08","updated_at":"2024-10-08 11:42:08"}
ERROR - 2024-10-08 11:47:09 --> Error code 007. HBP:104.00, HABP: 104, 2024-10-08 11:47:09
ERROR - 2024-10-08 11:47:09 --> bid calculation Ended auctionItemId:273, 2024-10-08 11:47:09
ERROR - 2024-10-08 11:47:09 --> Error code L002. auctionItemId:273, 2024-10-08 11:47:09
ERROR - 2024-10-08 11:47:09 --> Error code L003. auctionItemId:273, 2024-10-08 11:47:09
ERROR - 2024-10-08 11:47:09 --> Error code L001. auctionItemId:274, 2024-10-08 11:47:09
ERROR - 2024-10-08 11:47:09 --> bid calculation initiated auctionItemId:274, 2
ERROR - 2024-10-08 11:47:09 --> bidding value array:{"id":"793","auction_item_id":"274","buyer_id":"1","bid_price":"110.00","sq":"1.000","bq":"1.000","bid_type":"1","created_at":"2024-10-08 11:42:08","updated_at":"2024-10-08 11:42:08"}
ERROR - 2024-10-08 11:47:09 --> Error code 007. HBP:110.00, HABP: 110, 2024-10-08 11:47:09
ERROR - 2024-10-08 11:47:09 --> bid calculation Ended auctionItemId:274, 2024-10-08 11:47:09
ERROR - 2024-10-08 11:47:09 --> Error code L002. auctionItemId:274, 2024-10-08 11:47:09
ERROR - 2024-10-08 11:47:09 --> Error code L003. auctionItemId:274, 2024-10-08 11:47:09
ERROR - 2024-10-08 11:47:10 --> Auto bid only
ERROR - 2024-10-08 11:47:10 --> Auto bid only:2
ERROR - 2024-10-08 11:51:26 --> current items data:[{"id":"275","inward_invoice_id":"VD5","inward_item_id":"35","auction_id":"80","lot_no":"1003","lot_set":"2","auction_quantity":"2","sample_quantity":"0","auction_each_net":"18","base_price":"100","reverse_price":"105","high_price":"0","valuation_price":"110","last_sold_price":null,"status":"1","is_sold":"0","min_bid_added":"0","is_withdrawn":"0","created_at":"2024-10-08 11:36:23","updated_at":"2024-10-08 11:36:42","created_by":"2","updated_by":"2"}], 2024-10-08 11:51:26
ERROR - 2024-10-08 11:51:26 --> Error code L001. auctionItemId:275, 2024-10-08 11:51:26
ERROR - 2024-10-08 11:51:26 --> bid calculation initiated auctionItemId:275, 1
ERROR - 2024-10-08 11:51:26 --> bidding value array:{"id":"794","auction_item_id":"275","buyer_id":"2","bid_price":"101.00","sq":"1.000","bq":"1.000","bid_type":"1","created_at":"2024-10-08 11:47:10","updated_at":"2024-10-08 11:47:10"}
ERROR - 2024-10-08 11:51:26 --> Error code 001. HBP:101.00, HABP: 106, 2024-10-08 11:51:26
ERROR - 2024-10-08 11:51:26 --> Error code 002. HBP:101.00, RP: 105, 2024-10-08 11:51:26
ERROR - 2024-10-08 11:51:26 --> bid calculation Ended auctionItemId:275, 2024-10-08 11:51:26
ERROR - 2024-10-08 11:51:26 --> Error code L002. auctionItemId:275, 2024-10-08 11:51:26
ERROR - 2024-10-08 11:51:26 --> Error code L003. auctionItemId:275, 2024-10-08 11:51:26
ERROR - 2024-10-08 11:53:20 --> current items data:[], 2024-10-08 11:53:20
CRITICAL - 2024-10-08 12:14:49 --> ErrorException: Undefined variable $auction_data
in APPPATH/Controllers/Cart.php on line 427.
 1 APPPATH/Controllers/Cart.php(427): CodeIgniter\Debug\Exceptions->errorHandler(2, 'Undefined variable $auction_data', '/var/www/eazyhosting.in/public_html/api/app/Controllers/Cart.php', 427)
 2 SYSTEMPATH/CodeIgniter.php(941): App\Controllers\Cart->auctiongardenlist()
 3 SYSTEMPATH/CodeIgniter.php(502): CodeIgniter\CodeIgniter->runController(Object(App\Controllers\Cart))
 4 SYSTEMPATH/CodeIgniter.php(361): CodeIgniter\CodeIgniter->handleRequest(null, Object(Config\Cache), false)
 5 FCPATH/index.php(79): CodeIgniter\CodeIgniter->run()
CRITICAL - 2024-10-08 12:15:34 --> ErrorException: Undefined variable $auction_data
in APPPATH/Controllers/Cart.php on line 427.
 1 APPPATH/Controllers/Cart.php(427): CodeIgniter\Debug\Exceptions->errorHandler(2, 'Undefined variable $auction_data', '/var/www/eazyhosting.in/public_html/api/app/Controllers/Cart.php', 427)
 2 SYSTEMPATH/CodeIgniter.php(941): App\Controllers\Cart->auctiongardenlist()
 3 SYSTEMPATH/CodeIgniter.php(502): CodeIgniter\CodeIgniter->runController(Object(App\Controllers\Cart))
 4 SYSTEMPATH/CodeIgniter.php(361): CodeIgniter\CodeIgniter->handleRequest(null, Object(Config\Cache), false)
 5 FCPATH/index.php(79): CodeIgniter\CodeIgniter->run()
CRITICAL - 2024-10-08 12:15:42 --> ErrorException: Undefined variable $auction_data
in APPPATH/Controllers/Cart.php on line 427.
 1 APPPATH/Controllers/Cart.php(427): CodeIgniter\Debug\Exceptions->errorHandler(2, 'Undefined variable $auction_data', '/var/www/eazyhosting.in/public_html/api/app/Controllers/Cart.php', 427)
 2 SYSTEMPATH/CodeIgniter.php(941): App\Controllers\Cart->auctiongardenlist()
 3 SYSTEMPATH/CodeIgniter.php(502): CodeIgniter\CodeIgniter->runController(Object(App\Controllers\Cart))
 4 SYSTEMPATH/CodeIgniter.php(361): CodeIgniter\CodeIgniter->handleRequest(null, Object(Config\Cache), false)
 5 FCPATH/index.php(79): CodeIgniter\CodeIgniter->run()
CRITICAL - 2024-10-08 12:15:51 --> ErrorException: Undefined variable $auction_data
in APPPATH/Controllers/Cart.php on line 427.
 1 APPPATH/Controllers/Cart.php(427): CodeIgniter\Debug\Exceptions->errorHandler(2, 'Undefined variable $auction_data', '/var/www/eazyhosting.in/public_html/api/app/Controllers/Cart.php', 427)
 2 SYSTEMPATH/CodeIgniter.php(941): App\Controllers\Cart->auctiongardenlist()
 3 SYSTEMPATH/CodeIgniter.php(502): CodeIgniter\CodeIgniter->runController(Object(App\Controllers\Cart))
 4 SYSTEMPATH/CodeIgniter.php(361): CodeIgniter\CodeIgniter->handleRequest(null, Object(Config\Cache), false)
 5 FCPATH/index.php(79): CodeIgniter\CodeIgniter->run()
ERROR - 2024-10-08 12:23:53 --> Manual bid only
ERROR - 2024-10-08 12:23:53 --> Manual bid only
ERROR - 2024-10-08 12:28:55 --> current items data:[{"id":"276","inward_invoice_id":"R1","inward_item_id":"26","auction_id":"81","lot_no":"1","lot_set":"1","auction_quantity":"1","sample_quantity":"0","auction_each_net":"20","base_price":"100","reverse_price":"105","high_price":"0","valuation_price":"110","last_sold_price":null,"status":"1","is_sold":"0","min_bid_added":"0","is_withdrawn":"0","created_at":"2024-10-08 12:15:54","updated_at":"2024-10-08 12:16:29","created_by":"5","updated_by":"5"},{"id":"277","inward_invoice_id":"R4","inward_item_id":"29","auction_id":"81","lot_no":"2","lot_set":"1","auction_quantity":"1","sample_quantity":"0","auction_each_net":"11","base_price":"100","reverse_price":"105","high_price":"0","valuation_price":"110","last_sold_price":null,"status":"1","is_sold":"0","min_bid_added":"0","is_withdrawn":"0","created_at":"2024-10-08 12:15:54","updated_at":"2024-10-08 12:16:29","created_by":"5","updated_by":"5"}], 2024-10-08 12:28:55
ERROR - 2024-10-08 12:28:55 --> Error code L001. auctionItemId:276, 2024-10-08 12:28:55
ERROR - 2024-10-08 12:28:55 --> bid calculation initiated auctionItemId:276, 3
ERROR - 2024-10-08 12:28:55 --> bidding value array:{"id":"796","auction_item_id":"276","buyer_id":"3","bid_price":"102.00","sq":"1.000","bq":"1.000","bid_type":"0","created_at":"2024-10-08 12:23:53","updated_at":"2024-10-08 12:23:53"}
ERROR - 2024-10-08 12:28:55 --> Error code 006. HBP:102.00, HABP: 0, 2024-10-08 12:28:55
ERROR - 2024-10-08 12:28:55 --> bid calculation Ended auctionItemId:276, 2024-10-08 12:28:55
ERROR - 2024-10-08 12:28:55 --> Error code L002. auctionItemId:276, 2024-10-08 12:28:55
ERROR - 2024-10-08 12:28:55 --> Error code L003. auctionItemId:276, 2024-10-08 12:28:55
ERROR - 2024-10-08 12:28:55 --> Error code L001. auctionItemId:277, 2024-10-08 12:28:55
ERROR - 2024-10-08 12:28:55 --> bid calculation initiated auctionItemId:277, 3
ERROR - 2024-10-08 12:28:55 --> bidding value array:{"id":"797","auction_item_id":"277","buyer_id":"2","bid_price":"104.00","sq":"1.000","bq":"1.000","bid_type":"0","created_at":"2024-10-08 12:23:53","updated_at":"2024-10-08 12:23:53"}
ERROR - 2024-10-08 12:28:55 --> Error code 006. HBP:104.00, HABP: 0, 2024-10-08 12:28:55
ERROR - 2024-10-08 12:28:55 --> bid calculation Ended auctionItemId:277, 2024-10-08 12:28:55
ERROR - 2024-10-08 12:28:55 --> Error code L002. auctionItemId:277, 2024-10-08 12:28:55
ERROR - 2024-10-08 12:28:55 --> Error code L003. auctionItemId:277, 2024-10-08 12:28:55
ERROR - 2024-10-08 12:28:56 --> Both manual and auto bids exist
ERROR - 2024-10-08 12:28:56 --> Both manual and auto bids exist
ERROR - 2024-10-08 12:29:12 --> current items data:[], 2024-10-08 12:29:12
ERROR - 2024-10-08 12:29:12 --> current items data:[], 2024-10-08 12:29:12
ERROR - 2024-10-08 12:33:56 --> current items data:[{"id":"278","inward_invoice_id":"W1","inward_item_id":"11","auction_id":"81","lot_no":"3","lot_set":"2","auction_quantity":"1","sample_quantity":"0","auction_each_net":"21","base_price":"100","reverse_price":"105","high_price":"0","valuation_price":"110","last_sold_price":null,"status":"1","is_sold":"0","min_bid_added":"0","is_withdrawn":"0","created_at":"2024-10-08 12:15:54","updated_at":"2024-10-08 12:16:29","created_by":"5","updated_by":"5"},{"id":"279","inward_invoice_id":"W3","inward_item_id":"14","auction_id":"81","lot_no":"4","lot_set":"2","auction_quantity":"1","sample_quantity":"0","auction_each_net":"9","base_price":"100","reverse_price":"105","high_price":"0","valuation_price":"110","last_sold_price":null,"status":"1","is_sold":"0","min_bid_added":"0","is_withdrawn":"0","created_at":"2024-10-08 12:15:55","updated_at":"2024-10-08 12:16:29","created_by":"5","updated_by":"5"}], 2024-10-08 12:33:56
ERROR - 2024-10-08 12:33:56 --> Error code L001. auctionItemId:278, 2024-10-08 12:33:56
ERROR - 2024-10-08 12:33:56 --> bid calculation initiated auctionItemId:278, 3
ERROR - 2024-10-08 12:33:56 --> bidding value array:{"id":"798","auction_item_id":"278","buyer_id":"3","bid_price":"110.00","sq":"1.000","bq":"1.000","bid_type":"1","created_at":"2024-10-08 12:28:56","updated_at":"2024-10-08 12:28:56"}
ERROR - 2024-10-08 12:33:56 --> Error code 007. HBP:110.00, HABP: 110, 2024-10-08 12:33:56
ERROR - 2024-10-08 12:33:56 --> bid calculation Ended auctionItemId:278, 2024-10-08 12:33:56
ERROR - 2024-10-08 12:33:56 --> Error code L002. auctionItemId:278, 2024-10-08 12:33:56
ERROR - 2024-10-08 12:33:56 --> Error code L003. auctionItemId:278, 2024-10-08 12:33:56
ERROR - 2024-10-08 12:33:56 --> Error code L001. auctionItemId:279, 2024-10-08 12:33:56
ERROR - 2024-10-08 12:33:56 --> bid calculation initiated auctionItemId:279, 3
ERROR - 2024-10-08 12:33:56 --> bidding value array:{"id":"799","auction_item_id":"279","buyer_id":"3","bid_price":"120.00","sq":"1.000","bq":"1.000","bid_type":"1","created_at":"2024-10-08 12:28:56","updated_at":"2024-10-08 12:28:56"}
ERROR - 2024-10-08 12:33:56 --> Error code 007. HBP:120.00, HABP: 120, 2024-10-08 12:33:56
ERROR - 2024-10-08 12:33:56 --> bid calculation Ended auctionItemId:279, 2024-10-08 12:33:56
ERROR - 2024-10-08 12:33:56 --> Error code L002. auctionItemId:279, 2024-10-08 12:33:56
ERROR - 2024-10-08 12:33:56 --> Error code L003. auctionItemId:279, 2024-10-08 12:33:56
ERROR - 2024-10-08 12:33:57 --> Both manual and auto bids exist
ERROR - 2024-10-08 12:33:57 --> Both manual and auto bids exist
ERROR - 2024-10-08 12:34:03 --> current items data:[], 2024-10-08 12:34:03
ERROR - 2024-10-08 12:34:06 --> current items data:[], 2024-10-08 12:34:06
ERROR - 2024-10-08 12:39:01 --> current items data:[{"id":"280","inward_invoice_id":"W2","inward_item_id":"12","auction_id":"81","lot_no":"5","lot_set":"3","auction_quantity":"1","sample_quantity":"0","auction_each_net":"23","base_price":"100","reverse_price":"105","high_price":"0","valuation_price":"110","last_sold_price":null,"status":"1","is_sold":"0","min_bid_added":"0","is_withdrawn":"0","created_at":"2024-10-08 12:15:55","updated_at":"2024-10-08 12:16:29","created_by":"5","updated_by":"5"},{"id":"281","inward_invoice_id":"W3","inward_item_id":"13","auction_id":"81","lot_no":"6","lot_set":"3","auction_quantity":"1","sample_quantity":"0","auction_each_net":"14","base_price":"100","reverse_price":"105","high_price":"0","valuation_price":"110","last_sold_price":null,"status":"1","is_sold":"0","min_bid_added":"0","is_withdrawn":"0","created_at":"2024-10-08 12:15:55","updated_at":"2024-10-08 12:16:29","created_by":"5","updated_by":"5"}], 2024-10-08 12:39:01
ERROR - 2024-10-08 12:39:01 --> Error code L001. auctionItemId:280, 2024-10-08 12:39:01
ERROR - 2024-10-08 12:39:01 --> bid calculation initiated auctionItemId:280, 3
ERROR - 2024-10-08 12:39:01 --> bidding value array:{"id":"800","auction_item_id":"280","buyer_id":"1","bid_price":"102.00","sq":"1.000","bq":"1.000","bid_type":"1","created_at":"2024-10-08 12:33:57","updated_at":"2024-10-08 12:33:57"}
ERROR - 2024-10-08 12:39:01 --> Error code 001. HBP:102.00, HABP: 120, 2024-10-08 12:39:01
ERROR - 2024-10-08 12:39:01 --> Error code 002. HBP:102.00, RP: 105, 2024-10-08 12:39:01
ERROR - 2024-10-08 12:39:01 --> bid calculation Ended auctionItemId:280, 2024-10-08 12:39:01
ERROR - 2024-10-08 12:39:01 --> Error code L002. auctionItemId:280, 2024-10-08 12:39:01
ERROR - 2024-10-08 12:39:01 --> Error code L003. auctionItemId:280, 2024-10-08 12:39:01
ERROR - 2024-10-08 12:39:01 --> Error code L001. auctionItemId:281, 2024-10-08 12:39:01
ERROR - 2024-10-08 12:39:01 --> bid calculation initiated auctionItemId:281, 3
ERROR - 2024-10-08 12:39:01 --> bidding value array:{"id":"801","auction_item_id":"281","buyer_id":"3","bid_price":"110.00","sq":"1.000","bq":"1.000","bid_type":"1","created_at":"2024-10-08 12:33:57","updated_at":"2024-10-08 12:33:57"}
ERROR - 2024-10-08 12:39:01 --> Error code 007. HBP:110.00, HABP: 110, 2024-10-08 12:39:01
ERROR - 2024-10-08 12:39:01 --> bid calculation Ended auctionItemId:281, 2024-10-08 12:39:01
ERROR - 2024-10-08 12:39:01 --> Error code L002. auctionItemId:281, 2024-10-08 12:39:01
ERROR - 2024-10-08 12:39:01 --> Error code L003. auctionItemId:281, 2024-10-08 12:39:01
ERROR - 2024-10-08 12:39:01 --> current items data:[], 2024-10-08 12:39:01
ERROR - 2024-10-08 12:39:01 --> current items data:[], 2024-10-08 12:39:01
ERROR - 2024-10-08 12:39:03 --> Auto bid only
ERROR - 2024-10-08 12:39:03 --> Auto bid only:1
ERROR - 2024-10-08 12:39:03 --> Auto bid only
ERROR - 2024-10-08 12:39:03 --> Auto bid only:1
ERROR - 2024-10-08 12:44:05 --> current items data:[{"id":"282","inward_invoice_id":"W5","inward_item_id":"15","auction_id":"81","lot_no":"7","lot_set":"4","auction_quantity":"1","sample_quantity":"0","auction_each_net":"4","base_price":"100","reverse_price":"105","high_price":"0","valuation_price":"110","last_sold_price":null,"status":"1","is_sold":"0","min_bid_added":"0","is_withdrawn":"0","created_at":"2024-10-08 12:15:55","updated_at":"2024-10-08 12:16:29","created_by":"5","updated_by":"5"},{"id":"283","inward_invoice_id":"WD3","inward_item_id":"43","auction_id":"81","lot_no":"8","lot_set":"4","auction_quantity":"1","sample_quantity":"0","auction_each_net":"6","base_price":"100","reverse_price":"105","high_price":"0","valuation_price":"110","last_sold_price":null,"status":"1","is_sold":"0","min_bid_added":"0","is_withdrawn":"0","created_at":"2024-10-08 12:15:55","updated_at":"2024-10-08 12:16:29","created_by":"5","updated_by":"5"}], 2024-10-08 12:44:05
ERROR - 2024-10-08 12:44:05 --> Error code L001. auctionItemId:282, 2024-10-08 12:44:05
ERROR - 2024-10-08 12:44:05 --> bid calculation initiated auctionItemId:282, 3
ERROR - 2024-10-08 12:44:05 --> bidding value array:{"id":"805","auction_item_id":"282","buyer_id":"3","bid_price":"130.00","sq":"1.000","bq":"1.000","bid_type":"3","created_at":"2024-10-08 12:39:14","updated_at":"2024-10-08 12:39:14"}
ERROR - 2024-10-08 12:44:05 --> Error code 007. HBP:130.00, HABP: 130, 2024-10-08 12:44:05
ERROR - 2024-10-08 12:44:05 --> bid calculation Ended auctionItemId:282, 2024-10-08 12:44:05
ERROR - 2024-10-08 12:44:05 --> Error code L002. auctionItemId:282, 2024-10-08 12:44:05
ERROR - 2024-10-08 12:44:05 --> Error code L003. auctionItemId:282, 2024-10-08 12:44:05
ERROR - 2024-10-08 12:44:05 --> Error code L001. auctionItemId:283, 2024-10-08 12:44:05
ERROR - 2024-10-08 12:44:05 --> bid calculation initiated auctionItemId:283, 3
ERROR - 2024-10-08 12:44:05 --> bidding value array:{"id":"804","auction_item_id":"283","buyer_id":"2","bid_price":"106.00","sq":"1.000","bq":"1.000","bid_type":"1","created_at":"2024-10-08 12:39:03","updated_at":"2024-10-08 12:39:03"}
ERROR - 2024-10-08 12:44:05 --> Error code 001. HBP:106.00, HABP: 110, 2024-10-08 12:44:05
ERROR - 2024-10-08 12:44:05 --> Error code 003. HBP:106.00, RP: 105, 2024-10-08 12:44:05
ERROR - 2024-10-08 12:44:05 --> Error code 005. HBP:106.00, SLHABP: 105, 2024-10-08 12:44:05
ERROR - 2024-10-08 12:44:05 --> bid calculation Ended auctionItemId:283, 2024-10-08 12:44:05
ERROR - 2024-10-08 12:44:05 --> Error code L002. auctionItemId:283, 2024-10-08 12:44:05
ERROR - 2024-10-08 12:44:05 --> Error code L003. auctionItemId:283, 2024-10-08 12:44:05
ERROR - 2024-10-08 12:45:34 --> current items data:[], 2024-10-08 12:45:34
ERROR - 2024-10-08 12:45:37 --> current items data:[], 2024-10-08 12:45:37
CRITICAL - 2024-10-08 12:54:43 --> ErrorException: Undefined variable $auction_data
in APPPATH/Controllers/Cart.php on line 427.
 1 APPPATH/Controllers/Cart.php(427): CodeIgniter\Debug\Exceptions->errorHandler(2, 'Undefined variable $auction_data', '/var/www/eazyhosting.in/public_html/api/app/Controllers/Cart.php', 427)
 2 SYSTEMPATH/CodeIgniter.php(941): App\Controllers\Cart->auctiongardenlist()
 3 SYSTEMPATH/CodeIgniter.php(502): CodeIgniter\CodeIgniter->runController(Object(App\Controllers\Cart))
 4 SYSTEMPATH/CodeIgniter.php(361): CodeIgniter\CodeIgniter->handleRequest(null, Object(Config\Cache), false)
 5 FCPATH/index.php(79): CodeIgniter\CodeIgniter->run()
CRITICAL - 2024-10-08 12:55:09 --> ErrorException: Undefined variable $auction_data
in APPPATH/Controllers/Cart.php on line 427.
 1 APPPATH/Controllers/Cart.php(427): CodeIgniter\Debug\Exceptions->errorHandler(2, 'Undefined variable $auction_data', '/var/www/eazyhosting.in/public_html/api/app/Controllers/Cart.php', 427)
 2 SYSTEMPATH/CodeIgniter.php(941): App\Controllers\Cart->auctiongardenlist()
 3 SYSTEMPATH/CodeIgniter.php(502): CodeIgniter\CodeIgniter->runController(Object(App\Controllers\Cart))
 4 SYSTEMPATH/CodeIgniter.php(361): CodeIgniter\CodeIgniter->handleRequest(null, Object(Config\Cache), false)
 5 FCPATH/index.php(79): CodeIgniter\CodeIgniter->run()
CRITICAL - 2024-10-08 12:55:17 --> ErrorException: Undefined variable $auction_data
in APPPATH/Controllers/Cart.php on line 427.
 1 APPPATH/Controllers/Cart.php(427): CodeIgniter\Debug\Exceptions->errorHandler(2, 'Undefined variable $auction_data', '/var/www/eazyhosting.in/public_html/api/app/Controllers/Cart.php', 427)
 2 SYSTEMPATH/CodeIgniter.php(941): App\Controllers\Cart->auctiongardenlist()
 3 SYSTEMPATH/CodeIgniter.php(502): CodeIgniter\CodeIgniter->runController(Object(App\Controllers\Cart))
 4 SYSTEMPATH/CodeIgniter.php(361): CodeIgniter\CodeIgniter->handleRequest(null, Object(Config\Cache), false)
 5 FCPATH/index.php(79): CodeIgniter\CodeIgniter->run()
ERROR - 2024-10-08 13:07:40 --> current items data:[{"id":"284","inward_invoice_id":"K2","inward_item_id":"17","auction_id":"82","lot_no":"1","lot_set":"1","auction_quantity":"1","sample_quantity":"0","auction_each_net":"8","base_price":"100","reverse_price":"105","high_price":"0","valuation_price":"110","last_sold_price":null,"status":"1","is_sold":"0","min_bid_added":"0","is_withdrawn":"0","created_at":"2024-10-08 12:55:20","updated_at":"2024-10-08 12:56:02","created_by":"5","updated_by":"5"},{"id":"285","inward_invoice_id":"K4","inward_item_id":"19","auction_id":"82","lot_no":"2","lot_set":"1","auction_quantity":"1","sample_quantity":"0","auction_each_net":"6","base_price":"100","reverse_price":"105","high_price":"0","valuation_price":"110","last_sold_price":null,"status":"1","is_sold":"0","min_bid_added":"0","is_withdrawn":"0","created_at":"2024-10-08 12:55:20","updated_at":"2024-10-08 12:56:02","created_by":"5","updated_by":"5"}], 2024-10-08 01:07:40
ERROR - 2024-10-08 13:07:40 --> Error code L001. auctionItemId:284, 2024-10-08 01:07:40
ERROR - 2024-10-08 13:07:40 --> bid calculation initiated auctionItemId:284, 0
ERROR - 2024-10-08 13:07:40 --> bid calculation Ended auctionItemId:284, 2024-10-08 01:07:40
ERROR - 2024-10-08 13:07:40 --> Error code L002. auctionItemId:284, 2024-10-08 01:07:40
ERROR - 2024-10-08 13:07:40 --> Error code L003. auctionItemId:284, 2024-10-08 01:07:40
ERROR - 2024-10-08 13:07:40 --> Error code L001. auctionItemId:285, 2024-10-08 01:07:40
ERROR - 2024-10-08 13:07:40 --> bid calculation initiated auctionItemId:285, 2
ERROR - 2024-10-08 13:07:40 --> bidding value array:{"id":"818","auction_item_id":"285","buyer_id":"1","bid_price":"130.00","sq":"1.000","bq":"1.000","bid_type":"3","created_at":"2024-10-08 13:04:32","updated_at":"2024-10-08 13:04:32"}
ERROR - 2024-10-08 13:07:40 --> Error code 007. HBP:130.00, HABP: 130, 2024-10-08 01:07:40
ERROR - 2024-10-08 13:07:40 --> bid calculation Ended auctionItemId:285, 2024-10-08 01:07:40
ERROR - 2024-10-08 13:07:40 --> Error code L002. auctionItemId:285, 2024-10-08 01:07:40
ERROR - 2024-10-08 13:07:40 --> Error code L003. auctionItemId:285, 2024-10-08 01:07:40
ERROR - 2024-10-08 13:08:08 --> current items data:[], 2024-10-08 01:08:08
ERROR - 2024-10-08 13:12:41 --> current items data:[{"id":"286","inward_invoice_id":"K3","inward_item_id":"18","auction_id":"82","lot_no":"3","lot_set":"2","auction_quantity":"1","sample_quantity":"0","auction_each_net":"4","base_price":"100","reverse_price":"105","high_price":"0","valuation_price":"110","last_sold_price":null,"status":"1","is_sold":"0","min_bid_added":"0","is_withdrawn":"0","created_at":"2024-10-08 12:55:20","updated_at":"2024-10-08 12:56:02","created_by":"5","updated_by":"5"},{"id":"287","inward_invoice_id":"K5","inward_item_id":"20","auction_id":"82","lot_no":"4","lot_set":"2","auction_quantity":"1","sample_quantity":"0","auction_each_net":"10","base_price":"100","reverse_price":"105","high_price":"0","valuation_price":"110","last_sold_price":null,"status":"1","is_sold":"0","min_bid_added":"0","is_withdrawn":"0","created_at":"2024-10-08 12:55:20","updated_at":"2024-10-08 12:56:02","created_by":"5","updated_by":"5"}], 2024-10-08 01:12:41
ERROR - 2024-10-08 13:12:41 --> Error code L001. auctionItemId:286, 2024-10-08 01:12:41
ERROR - 2024-10-08 13:12:41 --> bid calculation initiated auctionItemId:286, 2
ERROR - 2024-10-08 13:12:41 --> bidding value array:{"id":"820","auction_item_id":"286","buyer_id":"3","bid_price":"140.00","sq":"1.000","bq":"1.000","bid_type":"3","created_at":"2024-10-08 13:08:21","updated_at":"2024-10-08 13:08:21"}
ERROR - 2024-10-08 13:12:41 --> Error code 007. HBP:140.00, HABP: 140, 2024-10-08 01:12:41
ERROR - 2024-10-08 13:12:41 --> bid calculation Ended auctionItemId:286, 2024-10-08 01:12:41
ERROR - 2024-10-08 13:12:41 --> Error code L002. auctionItemId:286, 2024-10-08 01:12:41
ERROR - 2024-10-08 13:12:41 --> Error code L003. auctionItemId:286, 2024-10-08 01:12:41
ERROR - 2024-10-08 13:12:41 --> Error code L001. auctionItemId:287, 2024-10-08 01:12:41
ERROR - 2024-10-08 13:12:41 --> bid calculation initiated auctionItemId:287, 1
ERROR - 2024-10-08 13:12:41 --> bidding value array:{"id":"823","auction_item_id":"287","buyer_id":"3","bid_price":"140.00","sq":"1.000","bq":"1.000","bid_type":"3","created_at":"2024-10-08 13:08:30","updated_at":"2024-10-08 13:08:30"}
ERROR - 2024-10-08 13:12:41 --> Error code 007. HBP:140.00, HABP: 140, 2024-10-08 01:12:41
ERROR - 2024-10-08 13:12:41 --> bid calculation Ended auctionItemId:287, 2024-10-08 01:12:41
ERROR - 2024-10-08 13:12:41 --> Error code L002. auctionItemId:287, 2024-10-08 01:12:41
ERROR - 2024-10-08 13:12:41 --> Error code L003. auctionItemId:287, 2024-10-08 01:12:41
ERROR - 2024-10-08 13:13:19 --> current items data:[], 2024-10-08 01:13:19
ERROR - 2024-10-08 13:17:44 --> current items data:[{"id":"288","inward_invoice_id":"K1","inward_item_id":"16","auction_id":"82","lot_no":"5","lot_set":"3","auction_quantity":"1","sample_quantity":"0","auction_each_net":"2","base_price":"100","reverse_price":"105","high_price":"0","valuation_price":"110","last_sold_price":null,"status":"1","is_sold":"0","min_bid_added":"0","is_withdrawn":"0","created_at":"2024-10-08 12:55:20","updated_at":"2024-10-08 12:56:02","created_by":"5","updated_by":"5"},{"id":"289","inward_invoice_id":"W1","inward_item_id":"11","auction_id":"82","lot_no":"6","lot_set":"3","auction_quantity":"1","sample_quantity":"0","auction_each_net":"21","base_price":"100","reverse_price":"105","high_price":"0","valuation_price":"110","last_sold_price":null,"status":"1","is_sold":"0","min_bid_added":"0","is_withdrawn":"0","created_at":"2024-10-08 12:55:20","updated_at":"2024-10-08 12:56:02","created_by":"5","updated_by":"5"}], 2024-10-08 01:17:44
ERROR - 2024-10-08 13:17:44 --> Error code L001. auctionItemId:288, 2024-10-08 01:17:44
ERROR - 2024-10-08 13:17:44 --> bid calculation initiated auctionItemId:288, 1
ERROR - 2024-10-08 13:17:44 --> bidding value array:{"id":"828","auction_item_id":"288","buyer_id":"1","bid_price":"150.00","sq":"1.000","bq":"1.000","bid_type":"3","created_at":"2024-10-08 13:13:35","updated_at":"2024-10-08 13:13:35"}
ERROR - 2024-10-08 13:17:44 --> Error code 007. HBP:150.00, HABP: 150, 2024-10-08 01:17:44
ERROR - 2024-10-08 13:17:44 --> bid calculation Ended auctionItemId:288, 2024-10-08 01:17:44
ERROR - 2024-10-08 13:17:44 --> Error code L002. auctionItemId:288, 2024-10-08 01:17:44
ERROR - 2024-10-08 13:17:44 --> Error code L003. auctionItemId:288, 2024-10-08 01:17:44
ERROR - 2024-10-08 13:17:44 --> Error code L001. auctionItemId:289, 2024-10-08 01:17:44
ERROR - 2024-10-08 13:17:44 --> bid calculation initiated auctionItemId:289, 1
ERROR - 2024-10-08 13:17:44 --> bidding value array:{"id":"832","auction_item_id":"289","buyer_id":"1","bid_price":"130.00","sq":"1.000","bq":"1.000","bid_type":"3","created_at":"2024-10-08 13:13:58","updated_at":"2024-10-08 13:13:58"}
ERROR - 2024-10-08 13:17:44 --> Error code 007. HBP:130.00, HABP: 130, 2024-10-08 01:17:44
ERROR - 2024-10-08 13:17:44 --> bid calculation Ended auctionItemId:289, 2024-10-08 01:17:44
ERROR - 2024-10-08 13:17:44 --> Error code L002. auctionItemId:289, 2024-10-08 01:17:44
ERROR - 2024-10-08 13:17:44 --> Error code L003. auctionItemId:289, 2024-10-08 01:17:44
ERROR - 2024-10-08 13:17:47 --> current items data:[], 2024-10-08 01:17:47
ERROR - 2024-10-08 13:22:46 --> current items data:[{"id":"290","inward_invoice_id":"W3","inward_item_id":"14","auction_id":"82","lot_no":"7","lot_set":"4","auction_quantity":"1","sample_quantity":"0","auction_each_net":"9","base_price":"100","reverse_price":"105","high_price":"0","valuation_price":"110","last_sold_price":null,"status":"1","is_sold":"0","min_bid_added":"0","is_withdrawn":"0","created_at":"2024-10-08 12:55:20","updated_at":"2024-10-08 12:56:02","created_by":"5","updated_by":"5"},{"id":"291","inward_invoice_id":"W2","inward_item_id":"12","auction_id":"82","lot_no":"8","lot_set":"4","auction_quantity":"1","sample_quantity":"0","auction_each_net":"23","base_price":"100","reverse_price":"105","high_price":"0","valuation_price":"110","last_sold_price":null,"status":"1","is_sold":"0","min_bid_added":"0","is_withdrawn":"0","created_at":"2024-10-08 12:55:20","updated_at":"2024-10-08 12:56:02","created_by":"5","updated_by":"5"}], 2024-10-08 01:22:46
ERROR - 2024-10-08 13:22:46 --> Error code L001. auctionItemId:290, 2024-10-08 01:22:46
ERROR - 2024-10-08 13:22:46 --> bid calculation initiated auctionItemId:290, 2
ERROR - 2024-10-08 13:22:46 --> bidding value array:{"id":"839","auction_item_id":"290","buyer_id":"1","bid_price":"121.00","sq":"1.000","bq":"1.000","bid_type":"1","created_at":"2024-10-08 13:18:14","updated_at":"2024-10-08 13:18:14"}
ERROR - 2024-10-08 13:22:46 --> Error code 007. HBP:121.00, HABP: 121, 2024-10-08 01:22:46
ERROR - 2024-10-08 13:22:46 --> bid calculation Ended auctionItemId:290, 2024-10-08 01:22:46
ERROR - 2024-10-08 13:22:46 --> Error code L002. auctionItemId:290, 2024-10-08 01:22:46
ERROR - 2024-10-08 13:22:46 --> Error code L003. auctionItemId:290, 2024-10-08 01:22:46
ERROR - 2024-10-08 13:22:46 --> Error code L001. auctionItemId:291, 2024-10-08 01:22:46
ERROR - 2024-10-08 13:22:46 --> bid calculation initiated auctionItemId:291, 2
ERROR - 2024-10-08 13:22:46 --> bidding value array:{"id":"846","auction_item_id":"291","buyer_id":"3","bid_price":"110.00","sq":"1.000","bq":"1.000","bid_type":"1","created_at":"2024-10-08 13:18:50","updated_at":"2024-10-08 13:18:50"}
ERROR - 2024-10-08 13:22:46 --> Error code 007. HBP:110.00, HABP: 110, 2024-10-08 01:22:46
ERROR - 2024-10-08 13:22:46 --> bid calculation Ended auctionItemId:291, 2024-10-08 01:22:46
ERROR - 2024-10-08 13:22:46 --> Error code L002. auctionItemId:291, 2024-10-08 01:22:46
ERROR - 2024-10-08 13:22:46 --> Error code L003. auctionItemId:291, 2024-10-08 01:22:46
ERROR - 2024-10-08 13:22:49 --> current items data:[], 2024-10-08 01:22:49
ERROR - 2024-10-08 13:27:48 --> current items data:[{"id":"292","inward_invoice_id":"W3","inward_item_id":"13","auction_id":"82","lot_no":"9","lot_set":"5","auction_quantity":"1","sample_quantity":"0","auction_each_net":"14","base_price":"100","reverse_price":"105","high_price":"0","valuation_price":"110","last_sold_price":null,"status":"1","is_sold":"0","min_bid_added":"0","is_withdrawn":"0","created_at":"2024-10-08 12:55:20","updated_at":"2024-10-08 12:56:02","created_by":"5","updated_by":"5"},{"id":"293","inward_invoice_id":"W5","inward_item_id":"15","auction_id":"82","lot_no":"10","lot_set":"5","auction_quantity":"1","sample_quantity":"0","auction_each_net":"4","base_price":"100","reverse_price":"105","high_price":"0","valuation_price":"110","last_sold_price":null,"status":"1","is_sold":"0","min_bid_added":"0","is_withdrawn":"0","created_at":"2024-10-08 12:55:20","updated_at":"2024-10-08 12:56:02","created_by":"5","updated_by":"5"}], 2024-10-08 01:27:48
ERROR - 2024-10-08 13:27:48 --> Error code L001. auctionItemId:292, 2024-10-08 01:27:48
ERROR - 2024-10-08 13:27:48 --> bid calculation initiated auctionItemId:292, 1
ERROR - 2024-10-08 13:27:48 --> bidding value array:{"id":"848","auction_item_id":"292","buyer_id":"1","bid_price":"120.00","sq":"1.000","bq":"1.000","bid_type":"3","created_at":"2024-10-08 13:22:57","updated_at":"2024-10-08 13:22:57"}
ERROR - 2024-10-08 13:27:48 --> Error code 007. HBP:120.00, HABP: 120, 2024-10-08 01:27:48
ERROR - 2024-10-08 13:27:48 --> bid calculation Ended auctionItemId:292, 2024-10-08 01:27:48
ERROR - 2024-10-08 13:27:48 --> Error code L002. auctionItemId:292, 2024-10-08 01:27:48
ERROR - 2024-10-08 13:27:48 --> Error code L003. auctionItemId:292, 2024-10-08 01:27:48
ERROR - 2024-10-08 13:27:48 --> Error code L001. auctionItemId:293, 2024-10-08 01:27:48
ERROR - 2024-10-08 13:27:48 --> bid calculation initiated auctionItemId:293, 2
ERROR - 2024-10-08 13:27:48 --> bidding value array:{"id":"856","auction_item_id":"293","buyer_id":"3","bid_price":"145.00","sq":"1.000","bq":"1.000","bid_type":"0","created_at":"2024-10-08 13:23:55","updated_at":"2024-10-08 13:23:55"}
ERROR - 2024-10-08 13:27:48 --> Error code 006. HBP:145.00, HABP: 140, 2024-10-08 01:27:48
ERROR - 2024-10-08 13:27:48 --> bid calculation Ended auctionItemId:293, 2024-10-08 01:27:48
ERROR - 2024-10-08 13:27:48 --> Error code L002. auctionItemId:293, 2024-10-08 01:27:48
ERROR - 2024-10-08 13:27:48 --> Error code L003. auctionItemId:293, 2024-10-08 01:27:48
ERROR - 2024-10-08 13:29:00 --> current items data:[], 2024-10-08 01:29:00
ERROR - 2024-10-08 13:33:50 --> current items data:[{"id":"294","inward_invoice_id":"WD3","inward_item_id":"43","auction_id":"82","lot_no":"11","lot_set":"6","auction_quantity":"1","sample_quantity":"0","auction_each_net":"6","base_price":"100","reverse_price":"105","high_price":"0","valuation_price":"110","last_sold_price":null,"status":"1","is_sold":"0","min_bid_added":"0","is_withdrawn":"0","created_at":"2024-10-08 12:55:20","updated_at":"2024-10-08 12:56:02","created_by":"5","updated_by":"5"}], 2024-10-08 01:33:50
ERROR - 2024-10-08 13:33:50 --> Error code L001. auctionItemId:294, 2024-10-08 01:33:50
ERROR - 2024-10-08 13:33:50 --> bid calculation initiated auctionItemId:294, 0
ERROR - 2024-10-08 13:33:50 --> bid calculation Ended auctionItemId:294, 2024-10-08 01:33:50
ERROR - 2024-10-08 13:33:50 --> Error code L002. auctionItemId:294, 2024-10-08 01:33:50
ERROR - 2024-10-08 13:33:50 --> Error code L003. auctionItemId:294, 2024-10-08 01:33:50
ERROR - 2024-10-08 13:33:50 --> current items data:[], 2024-10-08 01:33:50
CRITICAL - 2024-10-08 13:35:18 --> ErrorException: Undefined variable $auction_data
in APPPATH/Controllers/Cart.php on line 427.
 1 APPPATH/Controllers/Cart.php(427): CodeIgniter\Debug\Exceptions->errorHandler(2, 'Undefined variable $auction_data', '/var/www/eazyhosting.in/public_html/api/app/Controllers/Cart.php', 427)
 2 SYSTEMPATH/CodeIgniter.php(941): App\Controllers\Cart->auctiongardenlist()
 3 SYSTEMPATH/CodeIgniter.php(502): CodeIgniter\CodeIgniter->runController(Object(App\Controllers\Cart))
 4 SYSTEMPATH/CodeIgniter.php(361): CodeIgniter\CodeIgniter->handleRequest(null, Object(Config\Cache), false)
 5 FCPATH/index.php(79): CodeIgniter\CodeIgniter->run()
CRITICAL - 2024-10-08 13:35:39 --> ErrorException: Undefined variable $auction_data
in APPPATH/Controllers/Cart.php on line 427.
 1 APPPATH/Controllers/Cart.php(427): CodeIgniter\Debug\Exceptions->errorHandler(2, 'Undefined variable $auction_data', '/var/www/eazyhosting.in/public_html/api/app/Controllers/Cart.php', 427)
 2 SYSTEMPATH/CodeIgniter.php(941): App\Controllers\Cart->auctiongardenlist()
 3 SYSTEMPATH/CodeIgniter.php(502): CodeIgniter\CodeIgniter->runController(Object(App\Controllers\Cart))
 4 SYSTEMPATH/CodeIgniter.php(361): CodeIgniter\CodeIgniter->handleRequest(null, Object(Config\Cache), false)
 5 FCPATH/index.php(79): CodeIgniter\CodeIgniter->run()
CRITICAL - 2024-10-08 13:35:42 --> ErrorException: Undefined variable $auction_data
in APPPATH/Controllers/Cart.php on line 427.
 1 APPPATH/Controllers/Cart.php(427): CodeIgniter\Debug\Exceptions->errorHandler(2, 'Undefined variable $auction_data', '/var/www/eazyhosting.in/public_html/api/app/Controllers/Cart.php', 427)
 2 SYSTEMPATH/CodeIgniter.php(941): App\Controllers\Cart->auctiongardenlist()
 3 SYSTEMPATH/CodeIgniter.php(502): CodeIgniter\CodeIgniter->runController(Object(App\Controllers\Cart))
 4 SYSTEMPATH/CodeIgniter.php(361): CodeIgniter\CodeIgniter->handleRequest(null, Object(Config\Cache), false)
 5 FCPATH/index.php(79): CodeIgniter\CodeIgniter->run()
ERROR - 2024-10-08 13:43:43 --> current items data:[{"id":"295","inward_invoice_id":"VD3","inward_item_id":"33","auction_id":"83","lot_no":"1001","lot_set":"1","auction_quantity":"1","sample_quantity":"0","auction_each_net":"14","base_price":"100","reverse_price":"105","high_price":"0","valuation_price":"110","last_sold_price":null,"status":"1","is_sold":"0","min_bid_added":"0","is_withdrawn":"0","created_at":"2024-10-08 13:35:45","updated_at":"2024-10-08 13:36:08","created_by":"2","updated_by":"2"},{"id":"296","inward_invoice_id":"VD4","inward_item_id":"34","auction_id":"83","lot_no":"1002","lot_set":"1","auction_quantity":"1","sample_quantity":"0","auction_each_net":"16","base_price":"100","reverse_price":"105","high_price":"0","valuation_price":"110","last_sold_price":null,"status":"1","is_sold":"0","min_bid_added":"0","is_withdrawn":"0","created_at":"2024-10-08 13:35:45","updated_at":"2024-10-08 13:36:08","created_by":"2","updated_by":"2"}], 2024-10-08 01:43:43
ERROR - 2024-10-08 13:43:43 --> Error code L001. auctionItemId:295, 2024-10-08 01:43:43
ERROR - 2024-10-08 13:43:43 --> bid calculation initiated auctionItemId:295, 1
ERROR - 2024-10-08 13:43:43 --> bidding value array:{"id":"859","auction_item_id":"295","buyer_id":"2","bid_price":"120.00","sq":"1.000","bq":"1.000","bid_type":"3","created_at":"2024-10-08 13:41:43","updated_at":"2024-10-08 13:41:43"}
ERROR - 2024-10-08 13:43:43 --> Error code 007. HBP:120.00, HABP: 120, 2024-10-08 01:43:43
ERROR - 2024-10-08 13:43:43 --> bid calculation Ended auctionItemId:295, 2024-10-08 01:43:43
ERROR - 2024-10-08 13:43:43 --> Error code L002. auctionItemId:295, 2024-10-08 01:43:43
ERROR - 2024-10-08 13:43:43 --> Error code L003. auctionItemId:295, 2024-10-08 01:43:43
ERROR - 2024-10-08 13:43:43 --> Error code L001. auctionItemId:296, 2024-10-08 01:43:43
ERROR - 2024-10-08 13:43:43 --> bid calculation initiated auctionItemId:296, 0
ERROR - 2024-10-08 13:43:43 --> bid calculation Ended auctionItemId:296, 2024-10-08 01:43:43
ERROR - 2024-10-08 13:43:43 --> Error code L002. auctionItemId:296, 2024-10-08 01:43:43
ERROR - 2024-10-08 13:43:43 --> Error code L003. auctionItemId:296, 2024-10-08 01:43:43
ERROR - 2024-10-08 13:43:46 --> current items data:[], 2024-10-08 01:43:46
ERROR - 2024-10-08 13:49:26 --> current items data:[{"id":"297","inward_invoice_id":"VD5","inward_item_id":"35","auction_id":"83","lot_no":"1003","lot_set":"2","auction_quantity":"1","sample_quantity":"0","auction_each_net":"18","base_price":"100","reverse_price":"105","high_price":"0","valuation_price":"110","last_sold_price":null,"status":"1","is_sold":"0","min_bid_added":"0","is_withdrawn":"0","created_at":"2024-10-08 13:35:45","updated_at":"2024-10-08 13:36:08","created_by":"2","updated_by":"2"}], 2024-10-08 01:49:26
ERROR - 2024-10-08 13:49:26 --> Error code L001. auctionItemId:297, 2024-10-08 01:49:26
ERROR - 2024-10-08 13:49:26 --> bid calculation initiated auctionItemId:297, 0
ERROR - 2024-10-08 13:49:26 --> bid calculation Ended auctionItemId:297, 2024-10-08 01:49:26
ERROR - 2024-10-08 13:49:26 --> Error code L002. auctionItemId:297, 2024-10-08 01:49:26
ERROR - 2024-10-08 13:49:26 --> Error code L003. auctionItemId:297, 2024-10-08 01:49:26
ERROR - 2024-10-08 13:49:26 --> current items data:[], 2024-10-08 01:49:26
CRITICAL - 2024-10-08 13:54:26 --> ErrorException: Undefined variable $auction_data
in APPPATH/Controllers/Cart.php on line 427.
 1 APPPATH/Controllers/Cart.php(427): CodeIgniter\Debug\Exceptions->errorHandler(2, 'Undefined variable $auction_data', '/var/www/eazyhosting.in/public_html/api/app/Controllers/Cart.php', 427)
 2 SYSTEMPATH/CodeIgniter.php(941): App\Controllers\Cart->auctiongardenlist()
 3 SYSTEMPATH/CodeIgniter.php(502): CodeIgniter\CodeIgniter->runController(Object(App\Controllers\Cart))
 4 SYSTEMPATH/CodeIgniter.php(361): CodeIgniter\CodeIgniter->handleRequest(null, Object(Config\Cache), false)
 5 FCPATH/index.php(79): CodeIgniter\CodeIgniter->run()
CRITICAL - 2024-10-08 13:54:43 --> ErrorException: Undefined variable $auction_data
in APPPATH/Controllers/Cart.php on line 427.
 1 APPPATH/Controllers/Cart.php(427): CodeIgniter\Debug\Exceptions->errorHandler(2, 'Undefined variable $auction_data', '/var/www/eazyhosting.in/public_html/api/app/Controllers/Cart.php', 427)
 2 SYSTEMPATH/CodeIgniter.php(941): App\Controllers\Cart->auctiongardenlist()
 3 SYSTEMPATH/CodeIgniter.php(502): CodeIgniter\CodeIgniter->runController(Object(App\Controllers\Cart))
 4 SYSTEMPATH/CodeIgniter.php(361): CodeIgniter\CodeIgniter->handleRequest(null, Object(Config\Cache), false)
 5 FCPATH/index.php(79): CodeIgniter\CodeIgniter->run()
CRITICAL - 2024-10-08 13:54:46 --> ErrorException: Undefined variable $auction_data
in APPPATH/Controllers/Cart.php on line 427.
 1 APPPATH/Controllers/Cart.php(427): CodeIgniter\Debug\Exceptions->errorHandler(2, 'Undefined variable $auction_data', '/var/www/eazyhosting.in/public_html/api/app/Controllers/Cart.php', 427)
 2 SYSTEMPATH/CodeIgniter.php(941): App\Controllers\Cart->auctiongardenlist()
 3 SYSTEMPATH/CodeIgniter.php(502): CodeIgniter\CodeIgniter->runController(Object(App\Controllers\Cart))
 4 SYSTEMPATH/CodeIgniter.php(361): CodeIgniter\CodeIgniter->handleRequest(null, Object(Config\Cache), false)
 5 FCPATH/index.php(79): CodeIgniter\CodeIgniter->run()
ERROR - 2024-10-08 13:59:10 --> current items data:[{"id":"298","inward_invoice_id":"VD3","inward_item_id":"33","auction_id":"84","lot_no":"1001","lot_set":"1","auction_quantity":"1","sample_quantity":"0","auction_each_net":"14","base_price":"100","reverse_price":"105","high_price":"0","valuation_price":"110","last_sold_price":null,"status":"1","is_sold":"0","min_bid_added":"0","is_withdrawn":"0","created_at":"2024-10-08 13:54:48","updated_at":"2024-10-08 13:55:12","created_by":"2","updated_by":"2"},{"id":"299","inward_invoice_id":"VD4","inward_item_id":"34","auction_id":"84","lot_no":"1002","lot_set":"1","auction_quantity":"1","sample_quantity":"0","auction_each_net":"16","base_price":"100","reverse_price":"105","high_price":"0","valuation_price":"110","last_sold_price":null,"status":"1","is_sold":"0","min_bid_added":"0","is_withdrawn":"0","created_at":"2024-10-08 13:54:48","updated_at":"2024-10-08 13:55:12","created_by":"2","updated_by":"2"}], 2024-10-08 01:59:10
ERROR - 2024-10-08 13:59:10 --> Error code L001. auctionItemId:298, 2024-10-08 01:59:10
ERROR - 2024-10-08 13:59:10 --> bid calculation initiated auctionItemId:298, 1
ERROR - 2024-10-08 13:59:10 --> bidding value array:{"id":"863","auction_item_id":"298","buyer_id":"2","bid_price":"102.00","sq":"1.000","bq":"1.000","bid_type":"1","created_at":"2024-10-08 13:56:53","updated_at":"2024-10-08 13:56:53"}
ERROR - 2024-10-08 13:59:10 --> Error code 001. HBP:102.00, HABP: 120, 2024-10-08 01:59:10
ERROR - 2024-10-08 13:59:10 --> Error code 002. HBP:102.00, RP: 105, 2024-10-08 01:59:10
ERROR - 2024-10-08 13:59:10 --> bid calculation Ended auctionItemId:298, 2024-10-08 01:59:10
ERROR - 2024-10-08 13:59:10 --> Error code L002. auctionItemId:298, 2024-10-08 01:59:10
ERROR - 2024-10-08 13:59:10 --> Error code L003. auctionItemId:298, 2024-10-08 01:59:10
ERROR - 2024-10-08 13:59:10 --> Error code L001. auctionItemId:299, 2024-10-08 01:59:10
ERROR - 2024-10-08 13:59:10 --> bid calculation initiated auctionItemId:299, 1
ERROR - 2024-10-08 13:59:10 --> bidding value array:{"id":"866","auction_item_id":"299","buyer_id":"1","bid_price":"102.00","sq":"1.000","bq":"1.000","bid_type":"1","created_at":"2024-10-08 13:57:02","updated_at":"2024-10-08 13:57:02"}
ERROR - 2024-10-08 13:59:10 --> Error code 001. HBP:102.00, HABP: 120, 2024-10-08 01:59:10
ERROR - 2024-10-08 13:59:10 --> Error code 002. HBP:102.00, RP: 105, 2024-10-08 01:59:10
ERROR - 2024-10-08 13:59:10 --> bid calculation Ended auctionItemId:299, 2024-10-08 01:59:10
ERROR - 2024-10-08 13:59:10 --> Error code L002. auctionItemId:299, 2024-10-08 01:59:10
ERROR - 2024-10-08 13:59:10 --> Error code L003. auctionItemId:299, 2024-10-08 01:59:10
ERROR - 2024-10-08 14:01:13 --> current items data:[{"id":"300","inward_invoice_id":"VD5","inward_item_id":"35","auction_id":"84","lot_no":"1003","lot_set":"2","auction_quantity":"1","sample_quantity":"0","auction_each_net":"18","base_price":"100","reverse_price":"105","high_price":"0","valuation_price":"110","last_sold_price":null,"status":"1","is_sold":"0","min_bid_added":"0","is_withdrawn":"0","created_at":"2024-10-08 13:54:48","updated_at":"2024-10-08 13:55:12","created_by":"2","updated_by":"2"}], 2024-10-08 02:01:13
ERROR - 2024-10-08 14:01:13 --> Error code L001. auctionItemId:300, 2024-10-08 02:01:13
ERROR - 2024-10-08 14:01:13 --> bid calculation initiated auctionItemId:300, 1
ERROR - 2024-10-08 14:01:13 --> bidding value array:{"id":"871","auction_item_id":"300","buyer_id":"2","bid_price":"102.00","sq":"1.000","bq":"1.000","bid_type":"1","created_at":"2024-10-08 14:00:03","updated_at":"2024-10-08 14:00:03"}
ERROR - 2024-10-08 14:01:13 --> Error code 001. HBP:102.00, HABP: 120, 2024-10-08 02:01:13
ERROR - 2024-10-08 14:01:13 --> Error code 002. HBP:102.00, RP: 105, 2024-10-08 02:01:13
ERROR - 2024-10-08 14:01:13 --> bid calculation Ended auctionItemId:300, 2024-10-08 02:01:13
ERROR - 2024-10-08 14:01:13 --> Error code L002. auctionItemId:300, 2024-10-08 02:01:13
ERROR - 2024-10-08 14:01:13 --> Error code L003. auctionItemId:300, 2024-10-08 02:01:13
ERROR - 2024-10-08 14:03:16 --> current items data:[], 2024-10-08 02:03:16
CRITICAL - 2024-10-08 14:11:17 --> ErrorException: Undefined variable $auction_data
in APPPATH/Controllers/Cart.php on line 427.
 1 APPPATH/Controllers/Cart.php(427): CodeIgniter\Debug\Exceptions->errorHandler(2, 'Undefined variable $auction_data', '/var/www/eazyhosting.in/public_html/api/app/Controllers/Cart.php', 427)
 2 SYSTEMPATH/CodeIgniter.php(941): App\Controllers\Cart->auctiongardenlist()
 3 SYSTEMPATH/CodeIgniter.php(502): CodeIgniter\CodeIgniter->runController(Object(App\Controllers\Cart))
 4 SYSTEMPATH/CodeIgniter.php(361): CodeIgniter\CodeIgniter->handleRequest(null, Object(Config\Cache), false)
 5 FCPATH/index.php(79): CodeIgniter\CodeIgniter->run()
CRITICAL - 2024-10-08 14:11:28 --> ErrorException: Undefined variable $auction_data
in APPPATH/Controllers/Cart.php on line 427.
 1 APPPATH/Controllers/Cart.php(427): CodeIgniter\Debug\Exceptions->errorHandler(2, 'Undefined variable $auction_data', '/var/www/eazyhosting.in/public_html/api/app/Controllers/Cart.php', 427)
 2 SYSTEMPATH/CodeIgniter.php(941): App\Controllers\Cart->auctiongardenlist()
 3 SYSTEMPATH/CodeIgniter.php(502): CodeIgniter\CodeIgniter->runController(Object(App\Controllers\Cart))
 4 SYSTEMPATH/CodeIgniter.php(361): CodeIgniter\CodeIgniter->handleRequest(null, Object(Config\Cache), false)
 5 FCPATH/index.php(79): CodeIgniter\CodeIgniter->run()
CRITICAL - 2024-10-08 14:11:31 --> ErrorException: Undefined variable $auction_data
in APPPATH/Controllers/Cart.php on line 427.
 1 APPPATH/Controllers/Cart.php(427): CodeIgniter\Debug\Exceptions->errorHandler(2, 'Undefined variable $auction_data', '/var/www/eazyhosting.in/public_html/api/app/Controllers/Cart.php', 427)
 2 SYSTEMPATH/CodeIgniter.php(941): App\Controllers\Cart->auctiongardenlist()
 3 SYSTEMPATH/CodeIgniter.php(502): CodeIgniter\CodeIgniter->runController(Object(App\Controllers\Cart))
 4 SYSTEMPATH/CodeIgniter.php(361): CodeIgniter\CodeIgniter->handleRequest(null, Object(Config\Cache), false)
 5 FCPATH/index.php(79): CodeIgniter\CodeIgniter->run()
ERROR - 2024-10-08 14:17:42 --> current items data:[{"id":"301","inward_invoice_id":"R1","inward_item_id":"26","auction_id":"85","lot_no":"1","lot_set":"1","auction_quantity":"1","sample_quantity":"0","auction_each_net":"20","base_price":"100","reverse_price":"105","high_price":"0","valuation_price":"110","last_sold_price":null,"status":"1","is_sold":"0","min_bid_added":"0","is_withdrawn":"0","created_at":"2024-10-08 14:11:34","updated_at":"2024-10-08 14:11:51","created_by":"5","updated_by":"5"},{"id":"302","inward_invoice_id":"R4","inward_item_id":"29","auction_id":"85","lot_no":"2","lot_set":"1","auction_quantity":"1","sample_quantity":"0","auction_each_net":"11","base_price":"100","reverse_price":"105","high_price":"0","valuation_price":"110","last_sold_price":null,"status":"1","is_sold":"0","min_bid_added":"0","is_withdrawn":"0","created_at":"2024-10-08 14:11:34","updated_at":"2024-10-08 14:11:51","created_by":"5","updated_by":"5"}], 2024-10-08 02:17:42
ERROR - 2024-10-08 14:17:42 --> Error code L001. auctionItemId:301, 2024-10-08 02:17:42
ERROR - 2024-10-08 14:17:42 --> bid calculation initiated auctionItemId:301, 1
ERROR - 2024-10-08 14:17:42 --> bidding value array:{"id":"875","auction_item_id":"301","buyer_id":"3","bid_price":"102.00","sq":"1.000","bq":"1.000","bid_type":"1","created_at":"2024-10-08 14:15:43","updated_at":"2024-10-08 14:15:43"}
ERROR - 2024-10-08 14:17:42 --> Error code 001. HBP:102.00, HABP: 120, 2024-10-08 02:17:42
ERROR - 2024-10-08 14:17:42 --> Error code 002. HBP:102.00, RP: 105, 2024-10-08 02:17:42
ERROR - 2024-10-08 14:17:42 --> bid calculation Ended auctionItemId:301, 2024-10-08 02:17:42
ERROR - 2024-10-08 14:17:42 --> Error code L002. auctionItemId:301, 2024-10-08 02:17:42
ERROR - 2024-10-08 14:17:42 --> Error code L003. auctionItemId:301, 2024-10-08 02:17:42
ERROR - 2024-10-08 14:17:42 --> Error code L001. auctionItemId:302, 2024-10-08 02:17:42
ERROR - 2024-10-08 14:17:42 --> bid calculation initiated auctionItemId:302, 1
ERROR - 2024-10-08 14:17:42 --> bidding value array:{"id":"881","auction_item_id":"302","buyer_id":"1","bid_price":"105.00","sq":"1.000","bq":"1.000","bid_type":"1","created_at":"2024-10-08 14:16:07","updated_at":"2024-10-08 14:16:07"}
ERROR - 2024-10-08 14:17:42 --> Error code 001. HBP:105.00, HABP: 120, 2024-10-08 02:17:42
ERROR - 2024-10-08 14:17:42 --> Error code 002. HBP:105.00, RP: 105, 2024-10-08 02:17:42
ERROR - 2024-10-08 14:17:42 --> bid calculation Ended auctionItemId:302, 2024-10-08 02:17:42
ERROR - 2024-10-08 14:17:42 --> Error code L002. auctionItemId:302, 2024-10-08 02:17:42
ERROR - 2024-10-08 14:17:42 --> Error code L003. auctionItemId:302, 2024-10-08 02:17:42
ERROR - 2024-10-08 14:18:38 --> current items data:[], 2024-10-08 02:18:38
ERROR - 2024-10-08 14:18:38 --> current items data:[], 2024-10-08 02:18:38
CRITICAL - 2024-10-08 17:05:46 --> ErrorException: Undefined variable $auction_data
in APPPATH/Controllers/Cart.php on line 427.
 1 APPPATH/Controllers/Cart.php(427): CodeIgniter\Debug\Exceptions->errorHandler(2, 'Undefined variable $auction_data', '/var/www/eazyhosting.in/public_html/api/app/Controllers/Cart.php', 427)
 2 SYSTEMPATH/CodeIgniter.php(941): App\Controllers\Cart->auctiongardenlist()
 3 SYSTEMPATH/CodeIgniter.php(502): CodeIgniter\CodeIgniter->runController(Object(App\Controllers\Cart))
 4 SYSTEMPATH/CodeIgniter.php(361): CodeIgniter\CodeIgniter->handleRequest(null, Object(Config\Cache), false)
 5 FCPATH/index.php(79): CodeIgniter\CodeIgniter->run()
CRITICAL - 2024-10-08 17:07:39 --> ErrorException: Undefined variable $auction_data
in APPPATH/Controllers/Cart.php on line 427.
 1 APPPATH/Controllers/Cart.php(427): CodeIgniter\Debug\Exceptions->errorHandler(2, 'Undefined variable $auction_data', '/var/www/eazyhosting.in/public_html/api/app/Controllers/Cart.php', 427)
 2 SYSTEMPATH/CodeIgniter.php(941): App\Controllers\Cart->auctiongardenlist()
 3 SYSTEMPATH/CodeIgniter.php(502): CodeIgniter\CodeIgniter->runController(Object(App\Controllers\Cart))
 4 SYSTEMPATH/CodeIgniter.php(361): CodeIgniter\CodeIgniter->handleRequest(null, Object(Config\Cache), false)
 5 FCPATH/index.php(79): CodeIgniter\CodeIgniter->run()
CRITICAL - 2024-10-08 17:07:43 --> ErrorException: Undefined variable $auction_data
in APPPATH/Controllers/Cart.php on line 427.
 1 APPPATH/Controllers/Cart.php(427): CodeIgniter\Debug\Exceptions->errorHandler(2, 'Undefined variable $auction_data', '/var/www/eazyhosting.in/public_html/api/app/Controllers/Cart.php', 427)
 2 SYSTEMPATH/CodeIgniter.php(941): App\Controllers\Cart->auctiongardenlist()
 3 SYSTEMPATH/CodeIgniter.php(502): CodeIgniter\CodeIgniter->runController(Object(App\Controllers\Cart))
 4 SYSTEMPATH/CodeIgniter.php(361): CodeIgniter\CodeIgniter->handleRequest(null, Object(Config\Cache), false)
 5 FCPATH/index.php(79): CodeIgniter\CodeIgniter->run()
ERROR - 2024-10-08 17:21:16 --> current items data:[{"id":"303","inward_invoice_id":"V2","inward_item_id":"2","auction_id":"86","lot_no":"1","lot_set":"1","auction_quantity":"1","sample_quantity":"0","auction_each_net":"13","base_price":"100","reverse_price":"105","high_price":"0","valuation_price":"110","last_sold_price":null,"status":"1","is_sold":"0","min_bid_added":"0","is_withdrawn":"0","created_at":"2024-10-08 17:07:46","updated_at":"2024-10-08 17:08:24","created_by":"5","updated_by":"5"},{"id":"304","inward_invoice_id":"V1","inward_item_id":"1","auction_id":"86","lot_no":"2","lot_set":"1","auction_quantity":"1","sample_quantity":"0","auction_each_net":"10","base_price":"100","reverse_price":"105","high_price":"0","valuation_price":"110","last_sold_price":null,"status":"1","is_sold":"0","min_bid_added":"0","is_withdrawn":"0","created_at":"2024-10-08 17:07:46","updated_at":"2024-10-08 17:08:24","created_by":"5","updated_by":"5"}], 2024-10-08 05:21:16
ERROR - 2024-10-08 17:21:16 --> Error code L001. auctionItemId:303, 2024-10-08 05:21:16
ERROR - 2024-10-08 17:21:16 --> bid calculation initiated auctionItemId:303, 2
ERROR - 2024-10-08 17:21:16 --> bidding value array:{"id":"891","auction_item_id":"303","buyer_id":"1","bid_price":"117.00","sq":"1.000","bq":"1.000","bid_type":"0","created_at":"2024-10-08 17:16:59","updated_at":"2024-10-08 17:16:59"}
ERROR - 2024-10-08 17:21:16 --> Error code 006. HBP:117.00, HABP: 110, 2024-10-08 05:21:16
ERROR - 2024-10-08 17:21:16 --> bid calculation Ended auctionItemId:303, 2024-10-08 05:21:16
ERROR - 2024-10-08 17:21:16 --> Error code L002. auctionItemId:303, 2024-10-08 05:21:16
ERROR - 2024-10-08 17:21:16 --> current items data:[{"id":"303","inward_invoice_id":"V2","inward_item_id":"2","auction_id":"86","lot_no":"1","lot_set":"1","auction_quantity":"1","sample_quantity":"0","auction_each_net":"13","base_price":"100","reverse_price":"105","high_price":"0","valuation_price":"110","last_sold_price":null,"status":"1","is_sold":"0","min_bid_added":"0","is_withdrawn":"0","created_at":"2024-10-08 17:07:46","updated_at":"2024-10-08 17:08:24","created_by":"5","updated_by":"5"},{"id":"304","inward_invoice_id":"V1","inward_item_id":"1","auction_id":"86","lot_no":"2","lot_set":"1","auction_quantity":"1","sample_quantity":"0","auction_each_net":"10","base_price":"100","reverse_price":"105","high_price":"0","valuation_price":"110","last_sold_price":null,"status":"1","is_sold":"0","min_bid_added":"0","is_withdrawn":"0","created_at":"2024-10-08 17:07:46","updated_at":"2024-10-08 17:08:24","created_by":"5","updated_by":"5"}], 2024-10-08 05:21:16
ERROR - 2024-10-08 17:21:16 --> Error code L001. auctionItemId:303, 2024-10-08 05:21:16
ERROR - 2024-10-08 17:21:16 --> bid calculation initiated auctionItemId:303, 2
ERROR - 2024-10-08 17:21:16 --> bidding value array:{"id":"891","auction_item_id":"303","buyer_id":"1","bid_price":"117.00","sq":"1.000","bq":"1.000","bid_type":"0","created_at":"2024-10-08 17:16:59","updated_at":"2024-10-08 17:16:59"}
ERROR - 2024-10-08 17:21:16 --> Error code 006. HBP:117.00, HABP: 110, 2024-10-08 05:21:16
ERROR - 2024-10-08 17:21:16 --> bid calculation Ended auctionItemId:303, 2024-10-08 05:21:16
ERROR - 2024-10-08 17:21:16 --> Error code L002. auctionItemId:303, 2024-10-08 05:21:16
ERROR - 2024-10-08 17:21:16 --> Error code L003. auctionItemId:303, 2024-10-08 05:21:16
ERROR - 2024-10-08 17:21:16 --> Error code L001. auctionItemId:304, 2024-10-08 05:21:16
ERROR - 2024-10-08 17:21:16 --> Error code L003. auctionItemId:303, 2024-10-08 05:21:16
ERROR - 2024-10-08 17:21:16 --> Error code L001. auctionItemId:304, 2024-10-08 05:21:16
ERROR - 2024-10-08 17:21:16 --> bid calculation initiated auctionItemId:304, 1
ERROR - 2024-10-08 17:21:16 --> bid calculation initiated auctionItemId:304, 1
ERROR - 2024-10-08 17:21:16 --> bidding value array:{"id":"894","auction_item_id":"304","buyer_id":"3","bid_price":"102.00","sq":"1.000","bq":"1.000","bid_type":"1","created_at":"2024-10-08 17:17:07","updated_at":"2024-10-08 17:17:07"}
ERROR - 2024-10-08 17:21:16 --> Error code 001. HBP:102.00, HABP: 110, 2024-10-08 05:21:16
ERROR - 2024-10-08 17:21:16 --> Error code 002. HBP:102.00, RP: 105, 2024-10-08 05:21:16
ERROR - 2024-10-08 17:21:16 --> bidding value array:{"id":"894","auction_item_id":"304","buyer_id":"3","bid_price":"102.00","sq":"1.000","bq":"1.000","bid_type":"1","created_at":"2024-10-08 17:17:07","updated_at":"2024-10-08 17:17:07"}
ERROR - 2024-10-08 17:21:16 --> Error code 001. HBP:102.00, HABP: 110, 2024-10-08 05:21:16
ERROR - 2024-10-08 17:21:16 --> Error code 002. HBP:102.00, RP: 105, 2024-10-08 05:21:16
ERROR - 2024-10-08 17:21:16 --> bid calculation Ended auctionItemId:304, 2024-10-08 05:21:16
ERROR - 2024-10-08 17:21:16 --> Error code L002. auctionItemId:304, 2024-10-08 05:21:16
ERROR - 2024-10-08 17:21:16 --> bid calculation Ended auctionItemId:304, 2024-10-08 05:21:16
ERROR - 2024-10-08 17:21:16 --> Error code L002. auctionItemId:304, 2024-10-08 05:21:16
ERROR - 2024-10-08 17:21:16 --> Error code L003. auctionItemId:304, 2024-10-08 05:21:16
ERROR - 2024-10-08 17:21:16 --> Error code L003. auctionItemId:304, 2024-10-08 05:21:16
ERROR - 2024-10-08 17:27:07 --> current items data:[{"id":"305","inward_invoice_id":"V4","inward_item_id":"4","auction_id":"86","lot_no":"3","lot_set":"2","auction_quantity":"1","sample_quantity":"0","auction_each_net":"2","base_price":"100","reverse_price":"105","high_price":"0","valuation_price":"110","last_sold_price":null,"status":"1","is_sold":"0","min_bid_added":"0","is_withdrawn":"0","created_at":"2024-10-08 17:07:46","updated_at":"2024-10-08 17:08:24","created_by":"5","updated_by":"5"},{"id":"306","inward_invoice_id":"V3","inward_item_id":"3","auction_id":"86","lot_no":"4","lot_set":"2","auction_quantity":"1","sample_quantity":"0","auction_each_net":"9","base_price":"100","reverse_price":"105","high_price":"0","valuation_price":"110","last_sold_price":null,"status":"1","is_sold":"0","min_bid_added":"0","is_withdrawn":"0","created_at":"2024-10-08 17:07:46","updated_at":"2024-10-08 17:08:25","created_by":"5","updated_by":"5"}], 2024-10-08 05:27:07
ERROR - 2024-10-08 17:27:07 --> Error code L001. auctionItemId:305, 2024-10-08 05:27:07
ERROR - 2024-10-08 17:27:07 --> bid calculation initiated auctionItemId:305, 1
ERROR - 2024-10-08 17:27:07 --> bidding value array:{"id":"906","auction_item_id":"305","buyer_id":"3","bid_price":"203.00","sq":"1.000","bq":"1.000","bid_type":"1","created_at":"2024-10-08 17:27:01","updated_at":"2024-10-08 17:27:01"}
ERROR - 2024-10-08 17:27:07 --> Error code 001. HBP:203.00, HABP: 305, 2024-10-08 05:27:07
ERROR - 2024-10-08 17:27:07 --> Error code 003. HBP:203.00, RP: 105, 2024-10-08 05:27:07
ERROR - 2024-10-08 17:27:07 --> Error code 005. HBP:203.00, SLHABP: 0, 2024-10-08 05:27:07
ERROR - 2024-10-08 17:27:07 --> bid calculation Ended auctionItemId:305, 2024-10-08 05:27:07
ERROR - 2024-10-08 17:27:07 --> Error code L002. auctionItemId:305, 2024-10-08 05:27:07
ERROR - 2024-10-08 17:27:07 --> Error code L003. auctionItemId:305, 2024-10-08 05:27:07
ERROR - 2024-10-08 17:27:07 --> Error code L001. auctionItemId:306, 2024-10-08 05:27:07
ERROR - 2024-10-08 17:27:07 --> bid calculation initiated auctionItemId:306, 1
ERROR - 2024-10-08 17:27:07 --> bidding value array:{"id":"904","auction_item_id":"306","buyer_id":"3","bid_price":"103.00","sq":"1.000","bq":"1.000","bid_type":"1","created_at":"2024-10-08 17:21:55","updated_at":"2024-10-08 17:21:55"}
ERROR - 2024-10-08 17:27:07 --> Error code 001. HBP:103.00, HABP: 104, 2024-10-08 05:27:07
ERROR - 2024-10-08 17:27:07 --> Error code 002. HBP:103.00, RP: 105, 2024-10-08 05:27:07
ERROR - 2024-10-08 17:27:07 --> bid calculation Ended auctionItemId:306, 2024-10-08 05:27:07
ERROR - 2024-10-08 17:27:07 --> Error code L002. auctionItemId:306, 2024-10-08 05:27:07
ERROR - 2024-10-08 17:27:07 --> Error code L003. auctionItemId:306, 2024-10-08 05:27:07
ERROR - 2024-10-08 17:27:09 --> current items data:[], 2024-10-08 05:27:09
ERROR - 2024-10-08 17:32:22 --> current items data:[{"id":"307","inward_invoice_id":"V5","inward_item_id":"5","auction_id":"86","lot_no":"5","lot_set":"3","auction_quantity":"1","sample_quantity":"0","auction_each_net":"15","base_price":"100","reverse_price":"105","high_price":"0","valuation_price":"110","last_sold_price":null,"status":"1","is_sold":"0","min_bid_added":"0","is_withdrawn":"0","created_at":"2024-10-08 17:07:46","updated_at":"2024-10-08 17:08:25","created_by":"5","updated_by":"5"},{"id":"308","inward_invoice_id":"S1","inward_item_id":"6","auction_id":"86","lot_no":"6","lot_set":"3","auction_quantity":"1","sample_quantity":"0","auction_each_net":"17","base_price":"100","reverse_price":"105","high_price":"0","valuation_price":"110","last_sold_price":null,"status":"1","is_sold":"0","min_bid_added":"0","is_withdrawn":"0","created_at":"2024-10-08 17:07:46","updated_at":"2024-10-08 17:08:25","created_by":"5","updated_by":"5"}], 2024-10-08 05:32:22
ERROR - 2024-10-08 17:32:22 --> Error code L001. auctionItemId:307, 2024-10-08 05:32:22
ERROR - 2024-10-08 17:32:22 --> bid calculation initiated auctionItemId:307, 2
ERROR - 2024-10-08 17:32:22 --> bidding value array:{"id":"914","auction_item_id":"307","buyer_id":"1","bid_price":"130.00","sq":"1.000","bq":"1.000","bid_type":"1","created_at":"2024-10-08 17:27:37","updated_at":"2024-10-08 17:27:37"}
ERROR - 2024-10-08 17:32:22 --> Error code 007. HBP:130.00, HABP: 130, 2024-10-08 05:32:22
ERROR - 2024-10-08 17:32:22 --> bid calculation Ended auctionItemId:307, 2024-10-08 05:32:22
ERROR - 2024-10-08 17:32:22 --> Error code L002. auctionItemId:307, 2024-10-08 05:32:22
ERROR - 2024-10-08 17:32:22 --> Error code L003. auctionItemId:307, 2024-10-08 05:32:22
ERROR - 2024-10-08 17:32:22 --> Error code L001. auctionItemId:308, 2024-10-08 05:32:22
ERROR - 2024-10-08 17:32:22 --> bid calculation initiated auctionItemId:308, 1
ERROR - 2024-10-08 17:32:22 --> bidding value array:{"id":"916","auction_item_id":"308","buyer_id":"3","bid_price":"101.00","sq":"1.000","bq":"1.000","bid_type":"1","created_at":"2024-10-08 17:27:51","updated_at":"2024-10-08 17:27:51"}
ERROR - 2024-10-08 17:32:22 --> Error code 001. HBP:101.00, HABP: 105, 2024-10-08 05:32:22
ERROR - 2024-10-08 17:32:22 --> Error code 002. HBP:101.00, RP: 105, 2024-10-08 05:32:22
ERROR - 2024-10-08 17:32:22 --> bid calculation Ended auctionItemId:308, 2024-10-08 05:32:22
ERROR - 2024-10-08 17:32:22 --> Error code L002. auctionItemId:308, 2024-10-08 05:32:22
ERROR - 2024-10-08 17:32:22 --> Error code L003. auctionItemId:308, 2024-10-08 05:32:22
ERROR - 2024-10-08 17:37:32 --> current items data:[{"id":"309","inward_invoice_id":"S2","inward_item_id":"7","auction_id":"86","lot_no":"7","lot_set":"4","auction_quantity":"1","sample_quantity":"0","auction_each_net":"7","base_price":"100","reverse_price":"105","high_price":"0","valuation_price":"110","last_sold_price":null,"status":"1","is_sold":"0","min_bid_added":"0","is_withdrawn":"0","created_at":"2024-10-08 17:07:46","updated_at":"2024-10-08 17:08:25","created_by":"5","updated_by":"5"},{"id":"310","inward_invoice_id":"S3","inward_item_id":"8","auction_id":"86","lot_no":"8","lot_set":"4","auction_quantity":"1","sample_quantity":"0","auction_each_net":"21","base_price":"100","reverse_price":"105","high_price":"0","valuation_price":"110","last_sold_price":null,"status":"1","is_sold":"0","min_bid_added":"0","is_withdrawn":"0","created_at":"2024-10-08 17:07:46","updated_at":"2024-10-08 17:08:25","created_by":"5","updated_by":"5"}], 2024-10-08 05:37:32
ERROR - 2024-10-08 17:37:32 --> Error code L001. auctionItemId:309, 2024-10-08 05:37:32
ERROR - 2024-10-08 17:37:32 --> bid calculation initiated auctionItemId:309, 2
ERROR - 2024-10-08 17:37:32 --> bidding value array:{"id":"921","auction_item_id":"309","buyer_id":"3","bid_price":"105.00","sq":"1.000","bq":"1.000","bid_type":"1","created_at":"2024-10-08 17:32:56","updated_at":"2024-10-08 17:32:56"}
ERROR - 2024-10-08 17:37:32 --> Error code 007. HBP:105.00, HABP: 105, 2024-10-08 05:37:32
ERROR - 2024-10-08 17:37:32 --> bid calculation Ended auctionItemId:309, 2024-10-08 05:37:32
ERROR - 2024-10-08 17:37:32 --> Error code L002. auctionItemId:309, 2024-10-08 05:37:32
ERROR - 2024-10-08 17:37:32 --> Error code L003. auctionItemId:309, 2024-10-08 05:37:32
ERROR - 2024-10-08 17:37:32 --> Error code L001. auctionItemId:310, 2024-10-08 05:37:32
ERROR - 2024-10-08 17:37:32 --> bid calculation initiated auctionItemId:310, 1
ERROR - 2024-10-08 17:37:32 --> bidding value array:{"id":"923","auction_item_id":"310","buyer_id":"1","bid_price":"101.00","sq":"1.000","bq":"1.000","bid_type":"1","created_at":"2024-10-08 17:33:05","updated_at":"2024-10-08 17:33:05"}
ERROR - 2024-10-08 17:37:32 --> Error code 001. HBP:101.00, HABP: 103, 2024-10-08 05:37:32
ERROR - 2024-10-08 17:37:32 --> Error code 002. HBP:101.00, RP: 105, 2024-10-08 05:37:32
ERROR - 2024-10-08 17:37:32 --> bid calculation Ended auctionItemId:310, 2024-10-08 05:37:32
ERROR - 2024-10-08 17:37:32 --> Error code L002. auctionItemId:310, 2024-10-08 05:37:32
ERROR - 2024-10-08 17:37:32 --> Error code L003. auctionItemId:310, 2024-10-08 05:37:32
ERROR - 2024-10-08 17:37:54 --> current items data:[], 2024-10-08 05:37:54
ERROR - 2024-10-08 17:42:34 --> current items data:[{"id":"311","inward_invoice_id":"S4","inward_item_id":"9","auction_id":"86","lot_no":"9","lot_set":"5","auction_quantity":"1","sample_quantity":"0","auction_each_net":"11","base_price":"100","reverse_price":"105","high_price":"0","valuation_price":"110","last_sold_price":null,"status":"1","is_sold":"0","min_bid_added":"0","is_withdrawn":"0","created_at":"2024-10-08 17:07:46","updated_at":"2024-10-08 17:08:25","created_by":"5","updated_by":"5"},{"id":"312","inward_invoice_id":"S5","inward_item_id":"10","auction_id":"86","lot_no":"10","lot_set":"5","auction_quantity":"1","sample_quantity":"0","auction_each_net":"12","base_price":"100","reverse_price":"105","high_price":"0","valuation_price":"110","last_sold_price":null,"status":"1","is_sold":"0","min_bid_added":"0","is_withdrawn":"0","created_at":"2024-10-08 17:07:46","updated_at":"2024-10-08 17:08:25","created_by":"5","updated_by":"5"}], 2024-10-08 05:42:34
ERROR - 2024-10-08 17:42:34 --> Error code L001. auctionItemId:311, 2024-10-08 05:42:34
ERROR - 2024-10-08 17:42:34 --> bid calculation initiated auctionItemId:311, 2
ERROR - 2024-10-08 17:42:34 --> bidding value array:{"id":"928","auction_item_id":"311","buyer_id":"1","bid_price":"102.00","sq":"1.000","bq":"1.000","bid_type":"1","created_at":"2024-10-08 17:38:01","updated_at":"2024-10-08 17:38:01"}
ERROR - 2024-10-08 17:42:34 --> Error code 001. HBP:102.00, HABP: 104, 2024-10-08 05:42:34
ERROR - 2024-10-08 17:42:34 --> Error code 002. HBP:102.00, RP: 105, 2024-10-08 05:42:34
ERROR - 2024-10-08 17:42:34 --> bid calculation Ended auctionItemId:311, 2024-10-08 05:42:34
ERROR - 2024-10-08 17:42:34 --> Error code L002. auctionItemId:311, 2024-10-08 05:42:34
ERROR - 2024-10-08 17:42:34 --> Error code L003. auctionItemId:311, 2024-10-08 05:42:34
ERROR - 2024-10-08 17:42:34 --> Error code L001. auctionItemId:312, 2024-10-08 05:42:34
ERROR - 2024-10-08 17:42:34 --> bid calculation initiated auctionItemId:312, 1
ERROR - 2024-10-08 17:42:34 --> bidding value array:{"id":"933","auction_item_id":"312","buyer_id":"1","bid_price":"112.00","sq":"1.000","bq":"1.000","bid_type":"1","created_at":"2024-10-08 17:38:32","updated_at":"2024-10-08 17:38:32"}
ERROR - 2024-10-08 17:42:34 --> Error code 001. HBP:112.00, HABP: 255, 2024-10-08 05:42:34
ERROR - 2024-10-08 17:42:34 --> Error code 003. HBP:112.00, RP: 105, 2024-10-08 05:42:34
ERROR - 2024-10-08 17:42:34 --> Error code 005. HBP:112.00, SLHABP: 0, 2024-10-08 05:42:34
ERROR - 2024-10-08 17:42:34 --> bid calculation Ended auctionItemId:312, 2024-10-08 05:42:34
ERROR - 2024-10-08 17:42:34 --> Error code L002. auctionItemId:312, 2024-10-08 05:42:34
ERROR - 2024-10-08 17:42:34 --> Error code L003. auctionItemId:312, 2024-10-08 05:42:34
ERROR - 2024-10-08 17:45:06 --> current items data:[], 2024-10-08 05:45:06
