CRITICAL - 2024-05-09 12:54:41 --> ErrorException: Undefined variable $data
in APPPATH\Controllers\Cart.php on line 374.
 1 APPPATH\Controllers\Cart.php(374): CodeIgniter\Debug\Exceptions->errorHandler(2, 'Undefined variable $data', 'F:\\xampp\\htdocs\\oams_staging\\api\\app\\Controllers\\Cart.php', 374)
 2 SYSTEMPATH\CodeIgniter.php(941): App\Controllers\Cart->auctiongardenlist()
 3 SYSTEMPATH\CodeIgniter.php(502): CodeIgniter\CodeIgniter->runController(Object(App\Controllers\Cart))
 4 SYSTEMPATH\CodeIgniter.php(361): CodeIgniter\CodeIgniter->handleRequest(null, Object(Config\Cache), false)
 5 FCPATH\index.php(79): CodeIgniter\CodeIgniter->run()
CRITICAL - 2024-05-09 12:55:13 --> ErrorException: Undefined variable $data
in APPPATH\Controllers\Cart.php on line 374.
 1 APPPATH\Controllers\Cart.php(374): CodeIgniter\Debug\Exceptions->errorHandler(2, 'Undefined variable $data', 'F:\\xampp\\htdocs\\oams_staging\\api\\app\\Controllers\\Cart.php', 374)
 2 SYSTEMPATH\CodeIgniter.php(941): App\Controllers\Cart->auctiongardenlist()
 3 SYSTEMPATH\CodeIgniter.php(502): CodeIgniter\CodeIgniter->runController(Object(App\Controllers\Cart))
 4 SYSTEMPATH\CodeIgniter.php(361): CodeIgniter\CodeIgniter->handleRequest(null, Object(Config\Cache), false)
 5 FCPATH\index.php(79): CodeIgniter\CodeIgniter->run()
CRITICAL - 2024-05-09 12:55:17 --> ErrorException: Undefined variable $data
in APPPATH\Controllers\Cart.php on line 374.
 1 APPPATH\Controllers\Cart.php(374): CodeIgniter\Debug\Exceptions->errorHandler(2, 'Undefined variable $data', 'F:\\xampp\\htdocs\\oams_staging\\api\\app\\Controllers\\Cart.php', 374)
 2 SYSTEMPATH\CodeIgniter.php(941): App\Controllers\Cart->auctiongardenlist()
 3 SYSTEMPATH\CodeIgniter.php(502): CodeIgniter\CodeIgniter->runController(Object(App\Controllers\Cart))
 4 SYSTEMPATH\CodeIgniter.php(361): CodeIgniter\CodeIgniter->handleRequest(null, Object(Config\Cache), false)
 5 FCPATH\index.php(79): CodeIgniter\CodeIgniter->run()
CRITICAL - 2024-05-09 12:56:38 --> ErrorException: foreach() argument must be of type array|object, null given
in APPPATH\Controllers\Cart.php on line 350.
 1 APPPATH\Controllers\Cart.php(350): CodeIgniter\Debug\Exceptions->errorHandler(2, 'foreach() argument must be of type array|object, null given', 'F:\\xampp\\htdocs\\oams_staging\\api\\app\\Controllers\\Cart.php', 350)
 2 SYSTEMPATH\CodeIgniter.php(941): App\Controllers\Cart->auctiongardenlist()
 3 SYSTEMPATH\CodeIgniter.php(502): CodeIgniter\CodeIgniter->runController(Object(App\Controllers\Cart))
 4 SYSTEMPATH\CodeIgniter.php(361): CodeIgniter\CodeIgniter->handleRequest(null, Object(Config\Cache), false)
 5 FCPATH\index.php(79): CodeIgniter\CodeIgniter->run()
