CRITICAL - 2024-08-14 11:10:59 --> ErrorException: Undefined variable $auction_data
in APPPATH/Controllers/Cart.php on line 427.
 1 APPPATH/Controllers/Cart.php(427): CodeIgniter\Debug\Exceptions->errorHandler(2, 'Undefined variable $auction_data', '/var/www/eazyhosting.in/public_html/api/app/Controllers/Cart.php', 427)
 2 SYSTEMPATH/CodeIgniter.php(941): App\Controllers\Cart->auctiongardenlist()
 3 SYSTEMPATH/CodeIgniter.php(502): CodeIgniter\CodeIgniter->runController(Object(App\Controllers\Cart))
 4 SYSTEMPATH/CodeIgniter.php(361): CodeIgniter\CodeIgniter->handleRequest(null, Object(Config\Cache), false)
 5 FCPATH/index.php(79): CodeIgniter\CodeIgniter->run()
CRITICAL - 2024-08-14 11:12:16 --> ErrorException: Undefined variable $auction_data
in APPPATH/Controllers/Cart.php on line 427.
 1 APPPATH/Controllers/Cart.php(427): CodeIgniter\Debug\Exceptions->errorHandler(2, 'Undefined variable $auction_data', '/var/www/eazyhosting.in/public_html/api/app/Controllers/Cart.php', 427)
 2 SYSTEMPATH/CodeIgniter.php(941): App\Controllers\Cart->auctiongardenlist()
 3 SYSTEMPATH/CodeIgniter.php(502): CodeIgniter\CodeIgniter->runController(Object(App\Controllers\Cart))
 4 SYSTEMPATH/CodeIgniter.php(361): CodeIgniter\CodeIgniter->handleRequest(null, Object(Config\Cache), false)
 5 FCPATH/index.php(79): CodeIgniter\CodeIgniter->run()
CRITICAL - 2024-08-14 11:12:29 --> ErrorException: Undefined variable $auction_data
in APPPATH/Controllers/Cart.php on line 427.
 1 APPPATH/Controllers/Cart.php(427): CodeIgniter\Debug\Exceptions->errorHandler(2, 'Undefined variable $auction_data', '/var/www/eazyhosting.in/public_html/api/app/Controllers/Cart.php', 427)
 2 SYSTEMPATH/CodeIgniter.php(941): App\Controllers\Cart->auctiongardenlist()
 3 SYSTEMPATH/CodeIgniter.php(502): CodeIgniter\CodeIgniter->runController(Object(App\Controllers\Cart))
 4 SYSTEMPATH/CodeIgniter.php(361): CodeIgniter\CodeIgniter->handleRequest(null, Object(Config\Cache), false)
 5 FCPATH/index.php(79): CodeIgniter\CodeIgniter->run()
CRITICAL - 2024-08-14 11:12:39 --> ErrorException: Undefined variable $auction_data
in APPPATH/Controllers/Cart.php on line 427.
 1 APPPATH/Controllers/Cart.php(427): CodeIgniter\Debug\Exceptions->errorHandler(2, 'Undefined variable $auction_data', '/var/www/eazyhosting.in/public_html/api/app/Controllers/Cart.php', 427)
 2 SYSTEMPATH/CodeIgniter.php(941): App\Controllers\Cart->auctiongardenlist()
 3 SYSTEMPATH/CodeIgniter.php(502): CodeIgniter\CodeIgniter->runController(Object(App\Controllers\Cart))
 4 SYSTEMPATH/CodeIgniter.php(361): CodeIgniter\CodeIgniter->handleRequest(null, Object(Config\Cache), false)
 5 FCPATH/index.php(79): CodeIgniter\CodeIgniter->run()
ERROR - 2024-08-14 11:28:58 --> bid calculation initiated auctionItemId:1, 2024-08-14 11:28:58
ERROR - 2024-08-14 11:28:58 --> bid calculation Ended auctionItemId:1, 2024-08-14 11:28:58
ERROR - 2024-08-14 11:28:58 --> bid calculation initiated auctionItemId:2, 2024-08-14 11:28:58
ERROR - 2024-08-14 11:28:58 --> bid calculation Ended auctionItemId:2, 2024-08-14 11:28:58
ERROR - 2024-08-14 11:29:25 --> bid calculation initiated auctionItemId:1, 2024-08-14 11:29:25
ERROR - 2024-08-14 11:29:25 --> bid calculation Ended auctionItemId:1, 2024-08-14 11:29:25
ERROR - 2024-08-14 11:29:25 --> bid calculation initiated auctionItemId:2, 2024-08-14 11:29:25
ERROR - 2024-08-14 11:29:25 --> bid calculation Ended auctionItemId:2, 2024-08-14 11:29:25
ERROR - 2024-08-14 11:29:28 --> current items data:[{"id":"1","inward_invoice_id":"WA1","inward_item_id":"21","auction_id":"1","lot_no":"1","lot_set":"1","auction_quantity":"2","sample_quantity":"0","auction_each_net":"35","base_price":"100","reverse_price":"105","high_price":"0","valuation_price":"110","last_sold_price":null,"status":"1","is_sold":"0","min_bid_added":"0","is_withdrawn":"0","created_at":"2024-08-14 11:12:53","updated_at":"2024-08-14 11:13:38","created_by":"5","updated_by":"5"},{"id":"2","inward_invoice_id":"WA2","inward_item_id":"22","auction_id":"1","lot_no":"2","lot_set":"1","auction_quantity":"2","sample_quantity":"0","auction_each_net":"5","base_price":"100","reverse_price":"105","high_price":"0","valuation_price":"110","last_sold_price":null,"status":"1","is_sold":"0","min_bid_added":"0","is_withdrawn":"0","created_at":"2024-08-14 11:12:53","updated_at":"2024-08-14 11:13:39","created_by":"5","updated_by":"5"}], 2024-08-14 11:29:28
ERROR - 2024-08-14 11:29:28 --> Error code L001. auctionItemId:1, 2024-08-14 11:29:28
ERROR - 2024-08-14 11:29:28 --> bid calculation initiated auctionItemId:1, 2024-08-14 11:29:28
ERROR - 2024-08-14 11:29:28 --> bid calculation Ended auctionItemId:1, 2024-08-14 11:29:28
ERROR - 2024-08-14 11:29:28 --> Error code L002. auctionItemId:1, 2024-08-14 11:29:28
ERROR - 2024-08-14 11:29:28 --> Error code L003. auctionItemId:1, 2024-08-14 11:29:28
ERROR - 2024-08-14 11:29:28 --> Error code L001. auctionItemId:2, 2024-08-14 11:29:28
ERROR - 2024-08-14 11:29:28 --> bid calculation initiated auctionItemId:2, 2024-08-14 11:29:28
ERROR - 2024-08-14 11:29:28 --> bid calculation Ended auctionItemId:2, 2024-08-14 11:29:28
ERROR - 2024-08-14 11:29:28 --> Error code L002. auctionItemId:2, 2024-08-14 11:29:28
ERROR - 2024-08-14 11:29:28 --> Error code L003. auctionItemId:2, 2024-08-14 11:29:28
ERROR - 2024-08-14 11:29:32 --> current items data:[], 2024-08-14 11:29:32
ERROR - 2024-08-14 11:30:29 --> bid calculation initiated auctionItemId:3, 2024-08-14 11:30:29
ERROR - 2024-08-14 11:30:29 --> Error code 001. HBP:102.00,HABP: 110.00, 2024-08-14 11:30:29
ERROR - 2024-08-14 11:30:29 --> Error code 002. HBP:102.00,RP: 105, 2024-08-14 11:30:29
ERROR - 2024-08-14 11:30:29 --> bid calculation Ended auctionItemId:3, 2024-08-14 11:30:29
ERROR - 2024-08-14 11:30:29 --> bid calculation initiated auctionItemId:4, 2024-08-14 11:30:29
ERROR - 2024-08-14 11:30:29 --> Error code 001. HBP:116.00,HABP: 120.00, 2024-08-14 11:30:29
ERROR - 2024-08-14 11:30:29 --> Error code 003. HBP:116.00,RP: 105, 2024-08-14 11:30:29
ERROR - 2024-08-14 11:30:29 --> Error code 005. HBP:116.00,SLHABP: 0.00, 2024-08-14 11:30:29
ERROR - 2024-08-14 11:30:29 --> bid calculation Ended auctionItemId:4, 2024-08-14 11:30:29
ERROR - 2024-08-14 11:30:30 --> bid calculation initiated auctionItemId:3, 2024-08-14 11:30:30
ERROR - 2024-08-14 11:30:30 --> Error code 001. HBP:105.00,HABP: 110.00, 2024-08-14 11:30:30
ERROR - 2024-08-14 11:30:30 --> Error code 002. HBP:105.00,RP: 105, 2024-08-14 11:30:30
ERROR - 2024-08-14 11:30:30 --> bid calculation Ended auctionItemId:3, 2024-08-14 11:30:30
ERROR - 2024-08-14 11:30:30 --> bid calculation initiated auctionItemId:4, 2024-08-14 11:30:30
ERROR - 2024-08-14 11:30:30 --> Error code 001. HBP:117.00,HABP: 120.00, 2024-08-14 11:30:30
ERROR - 2024-08-14 11:30:30 --> Error code 003. HBP:117.00,RP: 105, 2024-08-14 11:30:30
ERROR - 2024-08-14 11:30:30 --> Error code 005. HBP:117.00,SLHABP: 0.00, 2024-08-14 11:30:30
ERROR - 2024-08-14 11:30:30 --> bid calculation Ended auctionItemId:4, 2024-08-14 11:30:30
ERROR - 2024-08-14 11:30:59 --> current items data:[{"id":"3","inward_invoice_id":"R1","inward_item_id":"26","auction_id":"1","lot_no":"3","lot_set":"2","auction_quantity":"1","sample_quantity":"1","auction_each_net":"20","base_price":"100","reverse_price":"105","high_price":"0","valuation_price":"110","last_sold_price":null,"status":"1","is_sold":"0","min_bid_added":"0","is_withdrawn":"0","created_at":"2024-08-14 11:12:53","updated_at":"2024-08-14 11:13:39","created_by":"5","updated_by":"5"},{"id":"4","inward_invoice_id":"R4","inward_item_id":"29","auction_id":"1","lot_no":"4","lot_set":"2","auction_quantity":"1","sample_quantity":"1","auction_each_net":"11","base_price":"100","reverse_price":"105","high_price":"0","valuation_price":"110","last_sold_price":null,"status":"1","is_sold":"0","min_bid_added":"0","is_withdrawn":"0","created_at":"2024-08-14 11:12:53","updated_at":"2024-08-14 11:13:39","created_by":"5","updated_by":"5"}], 2024-08-14 11:30:59
ERROR - 2024-08-14 11:30:59 --> Error code L001. auctionItemId:3, 2024-08-14 11:30:59
ERROR - 2024-08-14 11:30:59 --> bid calculation initiated auctionItemId:3, 2024-08-14 11:30:59
ERROR - 2024-08-14 11:30:59 --> Error code 001. HBP:105.00,HABP: 110.00, 2024-08-14 11:30:59
ERROR - 2024-08-14 11:30:59 --> Error code 002. HBP:105.00,RP: 105, 2024-08-14 11:30:59
ERROR - 2024-08-14 11:30:59 --> bid calculation Ended auctionItemId:3, 2024-08-14 11:30:59
ERROR - 2024-08-14 11:30:59 --> Error code L002. auctionItemId:3, 2024-08-14 11:30:59
ERROR - 2024-08-14 11:30:59 --> Error code L003. auctionItemId:3, 2024-08-14 11:30:59
ERROR - 2024-08-14 11:30:59 --> Error code L001. auctionItemId:4, 2024-08-14 11:30:59
ERROR - 2024-08-14 11:30:59 --> bid calculation initiated auctionItemId:4, 2024-08-14 11:30:59
ERROR - 2024-08-14 11:30:59 --> Error code 001. HBP:118.00,HABP: 120.00, 2024-08-14 11:30:59
ERROR - 2024-08-14 11:30:59 --> Error code 003. HBP:118.00,RP: 105, 2024-08-14 11:30:59
ERROR - 2024-08-14 11:30:59 --> Error code 005. HBP:118.00,SLHABP: 0.00, 2024-08-14 11:30:59
ERROR - 2024-08-14 11:30:59 --> bid calculation Ended auctionItemId:4, 2024-08-14 11:30:59
ERROR - 2024-08-14 11:30:59 --> Error code L002. auctionItemId:4, 2024-08-14 11:30:59
ERROR - 2024-08-14 11:30:59 --> Error code L003. auctionItemId:4, 2024-08-14 11:30:59
ERROR - 2024-08-14 11:31:05 --> current items data:[], 2024-08-14 11:31:05
ERROR - 2024-08-14 11:32:01 --> bid calculation initiated auctionItemId:5, 2024-08-14 11:32:01
ERROR - 2024-08-14 11:32:01 --> Error code 001. HBP:101.00,HABP: 110.00, 2024-08-14 11:32:01
ERROR - 2024-08-14 11:32:01 --> Error code 002. HBP:101.00,RP: 105, 2024-08-14 11:32:01
ERROR - 2024-08-14 11:32:01 --> bid calculation Ended auctionItemId:5, 2024-08-14 11:32:01
ERROR - 2024-08-14 11:32:01 --> bid calculation initiated auctionItemId:6, 2024-08-14 11:32:01
ERROR - 2024-08-14 11:32:01 --> Error code 007. HBP:110.00,HABP: 110.00, 2024-08-14 11:32:01
ERROR - 2024-08-14 11:32:01 --> bid calculation Ended auctionItemId:6, 2024-08-14 11:32:01
ERROR - 2024-08-14 11:32:08 --> bid calculation initiated auctionItemId:5, 2024-08-14 11:32:08
ERROR - 2024-08-14 11:32:08 --> Error code 001. HBP:105.00,HABP: 110.00, 2024-08-14 11:32:08
ERROR - 2024-08-14 11:32:08 --> Error code 002. HBP:105.00,RP: 105, 2024-08-14 11:32:08
ERROR - 2024-08-14 11:32:08 --> bid calculation Ended auctionItemId:5, 2024-08-14 11:32:08
ERROR - 2024-08-14 11:32:08 --> bid calculation initiated auctionItemId:6, 2024-08-14 11:32:08
ERROR - 2024-08-14 11:32:08 --> Error code 007. HBP:110.00,HABP: 110.00, 2024-08-14 11:32:08
ERROR - 2024-08-14 11:32:08 --> bid calculation Ended auctionItemId:6, 2024-08-14 11:32:08
ERROR - 2024-08-14 11:32:31 --> current items data:[{"id":"5","inward_invoice_id":"K2","inward_item_id":"17","auction_id":"1","lot_no":"5","lot_set":"3","auction_quantity":"2","sample_quantity":"1","auction_each_net":"8","base_price":"100","reverse_price":"105","high_price":"0","valuation_price":"110","last_sold_price":null,"status":"1","is_sold":"0","min_bid_added":"0","is_withdrawn":"0","created_at":"2024-08-14 11:12:53","updated_at":"2024-08-14 11:13:39","created_by":"5","updated_by":"5"},{"id":"6","inward_invoice_id":"K1","inward_item_id":"16","auction_id":"1","lot_no":"6","lot_set":"3","auction_quantity":"1","sample_quantity":"1","auction_each_net":"2","base_price":"100","reverse_price":"105","high_price":"0","valuation_price":"110","last_sold_price":null,"status":"1","is_sold":"0","min_bid_added":"0","is_withdrawn":"0","created_at":"2024-08-14 11:12:53","updated_at":"2024-08-14 11:13:39","created_by":"5","updated_by":"5"}], 2024-08-14 11:32:31
ERROR - 2024-08-14 11:32:31 --> Error code L001. auctionItemId:5, 2024-08-14 11:32:31
ERROR - 2024-08-14 11:32:31 --> bid calculation initiated auctionItemId:5, 2024-08-14 11:32:31
ERROR - 2024-08-14 11:32:31 --> Error code 001. HBP:105.00,HABP: 110.00, 2024-08-14 11:32:31
ERROR - 2024-08-14 11:32:31 --> Error code 002. HBP:105.00,RP: 105, 2024-08-14 11:32:31
ERROR - 2024-08-14 11:32:31 --> bid calculation Ended auctionItemId:5, 2024-08-14 11:32:31
ERROR - 2024-08-14 11:32:31 --> Error code L002. auctionItemId:5, 2024-08-14 11:32:31
ERROR - 2024-08-14 11:32:31 --> Error code L003. auctionItemId:5, 2024-08-14 11:32:31
ERROR - 2024-08-14 11:32:31 --> Error code L001. auctionItemId:6, 2024-08-14 11:32:31
ERROR - 2024-08-14 11:32:31 --> bid calculation initiated auctionItemId:6, 2024-08-14 11:32:31
ERROR - 2024-08-14 11:32:31 --> Error code 007. HBP:110.00,HABP: 110.00, 2024-08-14 11:32:31
ERROR - 2024-08-14 11:32:31 --> bid calculation Ended auctionItemId:6, 2024-08-14 11:32:31
ERROR - 2024-08-14 11:32:31 --> Error code L002. auctionItemId:6, 2024-08-14 11:32:31
ERROR - 2024-08-14 11:32:31 --> Error code L003. auctionItemId:6, 2024-08-14 11:32:31
ERROR - 2024-08-14 11:32:41 --> current items data:[], 2024-08-14 11:32:41
ERROR - 2024-08-14 11:34:21 --> current items data:[{"id":"7","inward_invoice_id":"V2","inward_item_id":"2","auction_id":"1","lot_no":"7","lot_set":"4","auction_quantity":"2","sample_quantity":"1","auction_each_net":"13","base_price":"100","reverse_price":"105","high_price":"0","valuation_price":"110","last_sold_price":null,"status":"1","is_sold":"0","min_bid_added":"0","is_withdrawn":"0","created_at":"2024-08-14 11:12:53","updated_at":"2024-08-14 11:13:39","created_by":"5","updated_by":"5"},{"id":"8","inward_invoice_id":"V1","inward_item_id":"1","auction_id":"1","lot_no":"8","lot_set":"4","auction_quantity":"1","sample_quantity":"1","auction_each_net":"10","base_price":"100","reverse_price":"105","high_price":"0","valuation_price":"110","last_sold_price":null,"status":"1","is_sold":"0","min_bid_added":"0","is_withdrawn":"0","created_at":"2024-08-14 11:12:53","updated_at":"2024-08-14 11:13:39","created_by":"5","updated_by":"5"}], 2024-08-14 11:34:21
ERROR - 2024-08-14 11:34:21 --> Error code L001. auctionItemId:7, 2024-08-14 11:34:21
ERROR - 2024-08-14 11:34:21 --> bid calculation initiated auctionItemId:7, 2024-08-14 11:34:21
ERROR - 2024-08-14 11:34:21 --> Error code 001. HBP:106.00,HABP: 110.00, 2024-08-14 11:34:21
ERROR - 2024-08-14 11:34:21 --> Error code 003. HBP:106.00,RP: 105, 2024-08-14 11:34:21
ERROR - 2024-08-14 11:34:21 --> Error code 005. HBP:106.00,SLHABP: 0.00, 2024-08-14 11:34:21
ERROR - 2024-08-14 11:34:21 --> bid calculation Ended auctionItemId:7, 2024-08-14 11:34:21
ERROR - 2024-08-14 11:34:21 --> Error code L002. auctionItemId:7, 2024-08-14 11:34:21
ERROR - 2024-08-14 11:34:21 --> Error code L003. auctionItemId:7, 2024-08-14 11:34:21
ERROR - 2024-08-14 11:34:21 --> Error code L001. auctionItemId:8, 2024-08-14 11:34:21
ERROR - 2024-08-14 11:34:21 --> bid calculation initiated auctionItemId:8, 2024-08-14 11:34:21
ERROR - 2024-08-14 11:34:21 --> Error code 001. HBP:0,HABP: 130.00, 2024-08-14 11:34:21
ERROR - 2024-08-14 11:34:21 --> Error code 002. HBP:0,RP: 105, 2024-08-14 11:34:21
ERROR - 2024-08-14 11:34:21 --> bid calculation Ended auctionItemId:8, 2024-08-14 11:34:21
ERROR - 2024-08-14 11:34:21 --> Error code L002. auctionItemId:8, 2024-08-14 11:34:21
ERROR - 2024-08-14 11:34:21 --> Error code L003. auctionItemId:8, 2024-08-14 11:34:21
ERROR - 2024-08-14 11:34:21 --> current items data:[], 2024-08-14 11:34:21
ERROR - 2024-08-14 11:36:34 --> current items data:[{"id":"9","inward_invoice_id":"W1","inward_item_id":"11","auction_id":"1","lot_no":"9","lot_set":"5","auction_quantity":"1","sample_quantity":"1","auction_each_net":"21","base_price":"100","reverse_price":"105","high_price":"0","valuation_price":"110","last_sold_price":null,"status":"1","is_sold":"0","min_bid_added":"0","is_withdrawn":"0","created_at":"2024-08-14 11:12:53","updated_at":"2024-08-14 11:13:39","created_by":"5","updated_by":"5"},{"id":"10","inward_invoice_id":"W2","inward_item_id":"12","auction_id":"1","lot_no":"10","lot_set":"5","auction_quantity":"1","sample_quantity":"1","auction_each_net":"23","base_price":"100","reverse_price":"105","high_price":"0","valuation_price":"110","last_sold_price":null,"status":"1","is_sold":"0","min_bid_added":"0","is_withdrawn":"0","created_at":"2024-08-14 11:12:53","updated_at":"2024-08-14 11:13:39","created_by":"5","updated_by":"5"}], 2024-08-14 11:36:34
ERROR - 2024-08-14 11:36:34 --> Error code L001. auctionItemId:9, 2024-08-14 11:36:34
ERROR - 2024-08-14 11:36:34 --> bid calculation initiated auctionItemId:9, 2024-08-14 11:36:34
ERROR - 2024-08-14 11:36:34 --> bid calculation Ended auctionItemId:9, 2024-08-14 11:36:34
ERROR - 2024-08-14 11:36:34 --> Error code L002. auctionItemId:9, 2024-08-14 11:36:34
ERROR - 2024-08-14 11:36:34 --> Error code L003. auctionItemId:9, 2024-08-14 11:36:34
ERROR - 2024-08-14 11:36:34 --> Error code L001. auctionItemId:10, 2024-08-14 11:36:34
ERROR - 2024-08-14 11:36:34 --> bid calculation initiated auctionItemId:10, 2024-08-14 11:36:34
ERROR - 2024-08-14 11:36:34 --> bid calculation Ended auctionItemId:10, 2024-08-14 11:36:34
ERROR - 2024-08-14 11:36:34 --> Error code L002. auctionItemId:10, 2024-08-14 11:36:34
ERROR - 2024-08-14 11:36:34 --> Error code L003. auctionItemId:10, 2024-08-14 11:36:34
ERROR - 2024-08-14 11:36:36 --> current items data:[], 2024-08-14 11:36:36
ERROR - 2024-08-14 11:39:52 --> current items data:[{"id":"11","inward_invoice_id":"S1","inward_item_id":"6","auction_id":"1","lot_no":"11","lot_set":"6","auction_quantity":"2","sample_quantity":"1","auction_each_net":"17","base_price":"100","reverse_price":"105","high_price":"0","valuation_price":"110","last_sold_price":null,"status":"1","is_sold":"0","min_bid_added":"0","is_withdrawn":"0","created_at":"2024-08-14 11:12:53","updated_at":"2024-08-14 11:13:39","created_by":"5","updated_by":"5"},{"id":"12","inward_invoice_id":"S2","inward_item_id":"7","auction_id":"1","lot_no":"12","lot_set":"6","auction_quantity":"1","sample_quantity":"1","auction_each_net":"7","base_price":"100","reverse_price":"105","high_price":"0","valuation_price":"110","last_sold_price":null,"status":"1","is_sold":"0","min_bid_added":"0","is_withdrawn":"0","created_at":"2024-08-14 11:12:53","updated_at":"2024-08-14 11:13:39","created_by":"5","updated_by":"5"}], 2024-08-14 11:39:52
ERROR - 2024-08-14 11:39:52 --> Error code L001. auctionItemId:11, 2024-08-14 11:39:52
ERROR - 2024-08-14 11:39:52 --> bid calculation initiated auctionItemId:11, 2024-08-14 11:39:52
ERROR - 2024-08-14 11:39:52 --> Error code 001. HBP:120.00,HABP: 122.00, 2024-08-14 11:39:52
ERROR - 2024-08-14 11:39:52 --> Error code 003. HBP:120.00,RP: 105, 2024-08-14 11:39:52
ERROR - 2024-08-14 11:39:52 --> Error code 005. HBP:120.00,SLHABP: 0.00, 2024-08-14 11:39:52
ERROR - 2024-08-14 11:39:52 --> bid calculation Ended auctionItemId:11, 2024-08-14 11:39:52
ERROR - 2024-08-14 11:39:52 --> Error code L002. auctionItemId:11, 2024-08-14 11:39:52
ERROR - 2024-08-14 11:39:52 --> Error code L003. auctionItemId:11, 2024-08-14 11:39:52
ERROR - 2024-08-14 11:39:52 --> Error code L001. auctionItemId:12, 2024-08-14 11:39:52
ERROR - 2024-08-14 11:39:52 --> bid calculation initiated auctionItemId:12, 2024-08-14 11:39:52
ERROR - 2024-08-14 11:39:52 --> Error code 001. HBP:121.00,HABP: 130.00, 2024-08-14 11:39:52
ERROR - 2024-08-14 11:39:52 --> Error code 003. HBP:121.00,RP: 105, 2024-08-14 11:39:52
ERROR - 2024-08-14 11:39:52 --> Error code 005. HBP:121.00,SLHABP: 0.00, 2024-08-14 11:39:52
ERROR - 2024-08-14 11:39:52 --> bid calculation Ended auctionItemId:12, 2024-08-14 11:39:52
ERROR - 2024-08-14 11:39:52 --> Error code L002. auctionItemId:12, 2024-08-14 11:39:52
ERROR - 2024-08-14 11:39:52 --> Error code L003. auctionItemId:12, 2024-08-14 11:39:52
ERROR - 2024-08-14 11:40:16 --> current items data:[], 2024-08-14 11:40:16
CRITICAL - 2024-08-14 12:18:05 --> ErrorException: Undefined variable $auction_data
in APPPATH/Controllers/Cart.php on line 427.
 1 APPPATH/Controllers/Cart.php(427): CodeIgniter\Debug\Exceptions->errorHandler(2, 'Undefined variable $auction_data', '/var/www/eazyhosting.in/public_html/api/app/Controllers/Cart.php', 427)
 2 SYSTEMPATH/CodeIgniter.php(941): App\Controllers\Cart->auctiongardenlist()
 3 SYSTEMPATH/CodeIgniter.php(502): CodeIgniter\CodeIgniter->runController(Object(App\Controllers\Cart))
 4 SYSTEMPATH/CodeIgniter.php(361): CodeIgniter\CodeIgniter->handleRequest(null, Object(Config\Cache), false)
 5 FCPATH/index.php(79): CodeIgniter\CodeIgniter->run()
CRITICAL - 2024-08-14 12:19:15 --> ErrorException: Undefined variable $auction_data
in APPPATH/Controllers/Cart.php on line 427.
 1 APPPATH/Controllers/Cart.php(427): CodeIgniter\Debug\Exceptions->errorHandler(2, 'Undefined variable $auction_data', '/var/www/eazyhosting.in/public_html/api/app/Controllers/Cart.php', 427)
 2 SYSTEMPATH/CodeIgniter.php(941): App\Controllers\Cart->auctiongardenlist()
 3 SYSTEMPATH/CodeIgniter.php(502): CodeIgniter\CodeIgniter->runController(Object(App\Controllers\Cart))
 4 SYSTEMPATH/CodeIgniter.php(361): CodeIgniter\CodeIgniter->handleRequest(null, Object(Config\Cache), false)
 5 FCPATH/index.php(79): CodeIgniter\CodeIgniter->run()
CRITICAL - 2024-08-14 12:19:19 --> ErrorException: Undefined variable $auction_data
in APPPATH/Controllers/Cart.php on line 427.
 1 APPPATH/Controllers/Cart.php(427): CodeIgniter\Debug\Exceptions->errorHandler(2, 'Undefined variable $auction_data', '/var/www/eazyhosting.in/public_html/api/app/Controllers/Cart.php', 427)
 2 SYSTEMPATH/CodeIgniter.php(941): App\Controllers\Cart->auctiongardenlist()
 3 SYSTEMPATH/CodeIgniter.php(502): CodeIgniter\CodeIgniter->runController(Object(App\Controllers\Cart))
 4 SYSTEMPATH/CodeIgniter.php(361): CodeIgniter\CodeIgniter->handleRequest(null, Object(Config\Cache), false)
 5 FCPATH/index.php(79): CodeIgniter\CodeIgniter->run()
ERROR - 2024-08-14 13:18:03 --> bid calculation initiated auctionItemId:1, 2024-08-14 01:18:03
ERROR - 2024-08-14 13:18:03 --> bid calculation Ended auctionItemId:1, 2024-08-14 01:18:03
ERROR - 2024-08-14 13:18:03 --> bid calculation initiated auctionItemId:2, 2024-08-14 01:18:03
ERROR - 2024-08-14 13:18:03 --> bid calculation Ended auctionItemId:2, 2024-08-14 01:18:03
ERROR - 2024-08-14 13:18:04 --> bid calculation initiated auctionItemId:1, 2024-08-14 01:18:04
ERROR - 2024-08-14 13:18:04 --> bid calculation Ended auctionItemId:1, 2024-08-14 01:18:04
ERROR - 2024-08-14 13:18:04 --> bid calculation initiated auctionItemId:2, 2024-08-14 01:18:04
ERROR - 2024-08-14 13:18:04 --> bid calculation Ended auctionItemId:2, 2024-08-14 01:18:04
ERROR - 2024-08-14 13:18:35 --> current items data:[{"id":"1","inward_invoice_id":"V2","inward_item_id":"2","auction_id":"1","lot_no":"1","lot_set":"1","auction_quantity":"2","sample_quantity":"1","auction_each_net":"13","base_price":"100","reverse_price":"105","high_price":"0","valuation_price":"110","last_sold_price":null,"status":"1","is_sold":"0","min_bid_added":"0","is_withdrawn":"0","created_at":"2024-08-14 12:19:22","updated_at":"2024-08-14 12:20:14","created_by":"5","updated_by":"5"},{"id":"2","inward_invoice_id":"V1","inward_item_id":"1","auction_id":"1","lot_no":"2","lot_set":"1","auction_quantity":"1","sample_quantity":"1","auction_each_net":"10","base_price":"100","reverse_price":"105","high_price":"0","valuation_price":"110","last_sold_price":null,"status":"1","is_sold":"0","min_bid_added":"0","is_withdrawn":"0","created_at":"2024-08-14 12:19:22","updated_at":"2024-08-14 12:20:14","created_by":"5","updated_by":"5"}], 2024-08-14 01:18:35
ERROR - 2024-08-14 13:18:35 --> Error code L001. auctionItemId:1, 2024-08-14 01:18:35
ERROR - 2024-08-14 13:18:35 --> bid calculation initiated auctionItemId:1, 2024-08-14 01:18:35
ERROR - 2024-08-14 13:18:35 --> bid calculation Ended auctionItemId:1, 2024-08-14 01:18:35
ERROR - 2024-08-14 13:18:35 --> Error code L002. auctionItemId:1, 2024-08-14 01:18:35
ERROR - 2024-08-14 13:18:35 --> Error code L003. auctionItemId:1, 2024-08-14 01:18:35
ERROR - 2024-08-14 13:18:35 --> Error code L001. auctionItemId:2, 2024-08-14 01:18:35
ERROR - 2024-08-14 13:18:35 --> bid calculation initiated auctionItemId:2, 2024-08-14 01:18:35
ERROR - 2024-08-14 13:18:35 --> bid calculation Ended auctionItemId:2, 2024-08-14 01:18:35
ERROR - 2024-08-14 13:18:35 --> Error code L002. auctionItemId:2, 2024-08-14 01:18:35
ERROR - 2024-08-14 13:18:35 --> Error code L003. auctionItemId:2, 2024-08-14 01:18:35
ERROR - 2024-08-14 13:19:36 --> bid calculation initiated auctionItemId:3, 2024-08-14 01:19:36
ERROR - 2024-08-14 13:19:36 --> Error code 001. HBP:102.00,HABP: 110.00, 2024-08-14 01:19:36
ERROR - 2024-08-14 13:19:36 --> Error code 002. HBP:102.00,RP: 105, 2024-08-14 01:19:36
ERROR - 2024-08-14 13:19:36 --> bid calculation Ended auctionItemId:3, 2024-08-14 01:19:36
ERROR - 2024-08-14 13:19:36 --> bid calculation initiated auctionItemId:4, 2024-08-14 01:19:36
ERROR - 2024-08-14 13:19:36 --> Error code 001. HBP:116.00,HABP: 120.00, 2024-08-14 01:19:36
ERROR - 2024-08-14 13:19:36 --> Error code 003. HBP:116.00,RP: 105, 2024-08-14 01:19:36
ERROR - 2024-08-14 13:19:36 --> Error code 005. HBP:116.00,SLHABP: 0.00, 2024-08-14 01:19:36
ERROR - 2024-08-14 13:19:36 --> bid calculation Ended auctionItemId:4, 2024-08-14 01:19:36
ERROR - 2024-08-14 13:20:06 --> current items data:[{"id":"3","inward_invoice_id":"S1","inward_item_id":"6","auction_id":"1","lot_no":"3","lot_set":"2","auction_quantity":"1","sample_quantity":"1","auction_each_net":"17","base_price":"100","reverse_price":"105","high_price":"0","valuation_price":"110","last_sold_price":null,"status":"1","is_sold":"0","min_bid_added":"0","is_withdrawn":"0","created_at":"2024-08-14 12:19:22","updated_at":"2024-08-14 12:20:14","created_by":"5","updated_by":"5"},{"id":"4","inward_invoice_id":"S2","inward_item_id":"7","auction_id":"1","lot_no":"4","lot_set":"2","auction_quantity":"2","sample_quantity":"1","auction_each_net":"7","base_price":"100","reverse_price":"105","high_price":"0","valuation_price":"110","last_sold_price":null,"status":"1","is_sold":"0","min_bid_added":"0","is_withdrawn":"0","created_at":"2024-08-14 12:19:22","updated_at":"2024-08-14 12:20:14","created_by":"5","updated_by":"5"}], 2024-08-14 01:20:06
ERROR - 2024-08-14 13:20:06 --> Error code L001. auctionItemId:3, 2024-08-14 01:20:06
ERROR - 2024-08-14 13:20:06 --> bid calculation initiated auctionItemId:3, 2024-08-14 01:20:06
ERROR - 2024-08-14 13:20:06 --> Error code 001. HBP:105.00,HABP: 110.00, 2024-08-14 01:20:06
ERROR - 2024-08-14 13:20:06 --> Error code 002. HBP:105.00,RP: 105, 2024-08-14 01:20:06
ERROR - 2024-08-14 13:20:06 --> bid calculation Ended auctionItemId:3, 2024-08-14 01:20:06
ERROR - 2024-08-14 13:20:06 --> Error code L002. auctionItemId:3, 2024-08-14 01:20:06
ERROR - 2024-08-14 13:20:06 --> Error code L003. auctionItemId:3, 2024-08-14 01:20:06
ERROR - 2024-08-14 13:20:06 --> Error code L001. auctionItemId:4, 2024-08-14 01:20:06
ERROR - 2024-08-14 13:20:06 --> bid calculation initiated auctionItemId:4, 2024-08-14 01:20:06
ERROR - 2024-08-14 13:20:06 --> Error code 001. HBP:117.00,HABP: 120.00, 2024-08-14 01:20:06
ERROR - 2024-08-14 13:20:06 --> Error code 003. HBP:117.00,RP: 105, 2024-08-14 01:20:06
ERROR - 2024-08-14 13:20:06 --> Error code 005. HBP:117.00,SLHABP: 0.00, 2024-08-14 01:20:06
ERROR - 2024-08-14 13:20:06 --> bid calculation Ended auctionItemId:4, 2024-08-14 01:20:06
ERROR - 2024-08-14 13:20:06 --> Error code L002. auctionItemId:4, 2024-08-14 01:20:06
ERROR - 2024-08-14 13:20:06 --> Error code L003. auctionItemId:4, 2024-08-14 01:20:06
ERROR - 2024-08-14 13:20:29 --> current items data:[], 2024-08-14 01:20:29
ERROR - 2024-08-14 13:21:07 --> bid calculation initiated auctionItemId:5, 2024-08-14 01:21:07
ERROR - 2024-08-14 13:21:07 --> Error code 001. HBP:101.00,HABP: 110.00, 2024-08-14 01:21:07
ERROR - 2024-08-14 13:21:07 --> Error code 002. HBP:101.00,RP: 105, 2024-08-14 01:21:07
ERROR - 2024-08-14 13:21:07 --> bid calculation Ended auctionItemId:5, 2024-08-14 01:21:07
ERROR - 2024-08-14 13:21:07 --> bid calculation initiated auctionItemId:6, 2024-08-14 01:21:07
ERROR - 2024-08-14 13:21:07 --> Error code 007. HBP:110.00,HABP: 110.00, 2024-08-14 01:21:07
ERROR - 2024-08-14 13:21:07 --> bid calculation Ended auctionItemId:6, 2024-08-14 01:21:07
ERROR - 2024-08-14 13:21:07 --> bid calculation initiated auctionItemId:5, 2024-08-14 01:21:07
ERROR - 2024-08-14 13:21:07 --> Error code 001. HBP:105.00,HABP: 110.00, 2024-08-14 01:21:07
ERROR - 2024-08-14 13:21:07 --> Error code 002. HBP:105.00,RP: 105, 2024-08-14 01:21:07
ERROR - 2024-08-14 13:21:08 --> bid calculation Ended auctionItemId:5, 2024-08-14 01:21:08
ERROR - 2024-08-14 13:21:08 --> bid calculation initiated auctionItemId:6, 2024-08-14 01:21:08
ERROR - 2024-08-14 13:21:08 --> Error code 007. HBP:110.00,HABP: 110.00, 2024-08-14 01:21:08
ERROR - 2024-08-14 13:21:08 --> bid calculation Ended auctionItemId:6, 2024-08-14 01:21:08
ERROR - 2024-08-14 13:21:38 --> current items data:[{"id":"5","inward_invoice_id":"K2","inward_item_id":"17","auction_id":"1","lot_no":"5","lot_set":"3","auction_quantity":"2","sample_quantity":"1","auction_each_net":"8","base_price":"100","reverse_price":"105","high_price":"0","valuation_price":"110","last_sold_price":null,"status":"1","is_sold":"0","min_bid_added":"0","is_withdrawn":"0","created_at":"2024-08-14 12:19:22","updated_at":"2024-08-14 12:20:14","created_by":"5","updated_by":"5"},{"id":"6","inward_invoice_id":"K1","inward_item_id":"16","auction_id":"1","lot_no":"6","lot_set":"3","auction_quantity":"1","sample_quantity":"1","auction_each_net":"2","base_price":"100","reverse_price":"105","high_price":"0","valuation_price":"110","last_sold_price":null,"status":"1","is_sold":"0","min_bid_added":"0","is_withdrawn":"0","created_at":"2024-08-14 12:19:22","updated_at":"2024-08-14 12:20:14","created_by":"5","updated_by":"5"}], 2024-08-14 01:21:38
ERROR - 2024-08-14 13:21:38 --> Error code L001. auctionItemId:5, 2024-08-14 01:21:38
ERROR - 2024-08-14 13:21:38 --> bid calculation initiated auctionItemId:5, 2024-08-14 01:21:38
ERROR - 2024-08-14 13:21:38 --> Error code 001. HBP:105.00,HABP: 110.00, 2024-08-14 01:21:38
ERROR - 2024-08-14 13:21:38 --> Error code 002. HBP:105.00,RP: 105, 2024-08-14 01:21:38
ERROR - 2024-08-14 13:21:38 --> bid calculation Ended auctionItemId:5, 2024-08-14 01:21:38
ERROR - 2024-08-14 13:21:38 --> Error code L002. auctionItemId:5, 2024-08-14 01:21:38
ERROR - 2024-08-14 13:21:38 --> Error code L003. auctionItemId:5, 2024-08-14 01:21:38
ERROR - 2024-08-14 13:21:38 --> Error code L001. auctionItemId:6, 2024-08-14 01:21:38
ERROR - 2024-08-14 13:21:38 --> bid calculation initiated auctionItemId:6, 2024-08-14 01:21:38
ERROR - 2024-08-14 13:21:38 --> Error code 007. HBP:110.00,HABP: 110.00, 2024-08-14 01:21:38
ERROR - 2024-08-14 13:21:38 --> bid calculation Ended auctionItemId:6, 2024-08-14 01:21:38
ERROR - 2024-08-14 13:21:38 --> Error code L002. auctionItemId:6, 2024-08-14 01:21:38
ERROR - 2024-08-14 13:21:38 --> Error code L003. auctionItemId:6, 2024-08-14 01:21:38
ERROR - 2024-08-14 13:21:38 --> current items data:[], 2024-08-14 01:21:38
ERROR - 2024-08-14 13:23:30 --> current items data:[{"id":"7","inward_invoice_id":"W1","inward_item_id":"11","auction_id":"1","lot_no":"7","lot_set":"4","auction_quantity":"1","sample_quantity":"1","auction_each_net":"21","base_price":"100","reverse_price":"105","high_price":"0","valuation_price":"110","last_sold_price":null,"status":"1","is_sold":"0","min_bid_added":"0","is_withdrawn":"0","created_at":"2024-08-14 12:19:22","updated_at":"2024-08-14 12:20:14","created_by":"5","updated_by":"5"},{"id":"8","inward_invoice_id":"W2","inward_item_id":"12","auction_id":"1","lot_no":"8","lot_set":"4","auction_quantity":"2","sample_quantity":"1","auction_each_net":"23","base_price":"100","reverse_price":"105","high_price":"0","valuation_price":"110","last_sold_price":null,"status":"1","is_sold":"0","min_bid_added":"0","is_withdrawn":"0","created_at":"2024-08-14 12:19:22","updated_at":"2024-08-14 12:20:14","created_by":"5","updated_by":"5"}], 2024-08-14 01:23:30
ERROR - 2024-08-14 13:23:30 --> Error code L001. auctionItemId:7, 2024-08-14 01:23:30
ERROR - 2024-08-14 13:23:30 --> bid calculation initiated auctionItemId:7, 2024-08-14 01:23:30
ERROR - 2024-08-14 13:23:30 --> Error code 001. HBP:107.00,HABP: 110.00, 2024-08-14 01:23:30
ERROR - 2024-08-14 13:23:30 --> Error code 003. HBP:107.00,RP: 105, 2024-08-14 01:23:30
ERROR - 2024-08-14 13:23:30 --> Error code 005. HBP:107.00,SLHABP: 0.00, 2024-08-14 01:23:30
ERROR - 2024-08-14 13:23:30 --> bid calculation Ended auctionItemId:7, 2024-08-14 01:23:30
ERROR - 2024-08-14 13:23:30 --> Error code L002. auctionItemId:7, 2024-08-14 01:23:30
ERROR - 2024-08-14 13:23:30 --> Error code L003. auctionItemId:7, 2024-08-14 01:23:30
ERROR - 2024-08-14 13:23:30 --> Error code L001. auctionItemId:8, 2024-08-14 01:23:30
ERROR - 2024-08-14 13:23:30 --> bid calculation initiated auctionItemId:8, 2024-08-14 01:23:30
ERROR - 2024-08-14 13:23:30 --> Error code 001. HBP:0,HABP: 130.00, 2024-08-14 01:23:30
ERROR - 2024-08-14 13:23:30 --> Error code 002. HBP:0,RP: 105, 2024-08-14 01:23:30
ERROR - 2024-08-14 13:23:30 --> bid calculation Ended auctionItemId:8, 2024-08-14 01:23:30
ERROR - 2024-08-14 13:23:30 --> Error code L002. auctionItemId:8, 2024-08-14 01:23:30
ERROR - 2024-08-14 13:23:30 --> Error code L003. auctionItemId:8, 2024-08-14 01:23:30
ERROR - 2024-08-14 13:23:30 --> current items data:[], 2024-08-14 01:23:30
ERROR - 2024-08-14 13:25:14 --> current items data:[{"id":"9","inward_invoice_id":"WA1","inward_item_id":"21","auction_id":"1","lot_no":"9","lot_set":"5","auction_quantity":"2","sample_quantity":"0","auction_each_net":"35","base_price":"100","reverse_price":"105","high_price":"0","valuation_price":"110","last_sold_price":null,"status":"1","is_sold":"0","min_bid_added":"0","is_withdrawn":"0","created_at":"2024-08-14 12:19:22","updated_at":"2024-08-14 12:20:14","created_by":"5","updated_by":"5"},{"id":"10","inward_invoice_id":"WA2","inward_item_id":"22","auction_id":"1","lot_no":"10","lot_set":"5","auction_quantity":"4","sample_quantity":"0","auction_each_net":"5","base_price":"100","reverse_price":"105","high_price":"0","valuation_price":"110","last_sold_price":null,"status":"1","is_sold":"0","min_bid_added":"0","is_withdrawn":"0","created_at":"2024-08-14 12:19:22","updated_at":"2024-08-14 12:20:14","created_by":"5","updated_by":"5"}], 2024-08-14 01:25:14
ERROR - 2024-08-14 13:25:14 --> Error code L001. auctionItemId:9, 2024-08-14 01:25:14
ERROR - 2024-08-14 13:25:14 --> bid calculation initiated auctionItemId:9, 2024-08-14 01:25:14
ERROR - 2024-08-14 13:25:14 --> bid calculation Ended auctionItemId:9, 2024-08-14 01:25:14
ERROR - 2024-08-14 13:25:14 --> Error code L002. auctionItemId:9, 2024-08-14 01:25:14
ERROR - 2024-08-14 13:25:14 --> current items data:[{"id":"9","inward_invoice_id":"WA1","inward_item_id":"21","auction_id":"1","lot_no":"9","lot_set":"5","auction_quantity":"2","sample_quantity":"0","auction_each_net":"35","base_price":"100","reverse_price":"105","high_price":"0","valuation_price":"110","last_sold_price":null,"status":"1","is_sold":"0","min_bid_added":"0","is_withdrawn":"0","created_at":"2024-08-14 12:19:22","updated_at":"2024-08-14 12:20:14","created_by":"5","updated_by":"5"},{"id":"10","inward_invoice_id":"WA2","inward_item_id":"22","auction_id":"1","lot_no":"10","lot_set":"5","auction_quantity":"4","sample_quantity":"0","auction_each_net":"5","base_price":"100","reverse_price":"105","high_price":"0","valuation_price":"110","last_sold_price":null,"status":"1","is_sold":"0","min_bid_added":"0","is_withdrawn":"0","created_at":"2024-08-14 12:19:22","updated_at":"2024-08-14 12:20:14","created_by":"5","updated_by":"5"}], 2024-08-14 01:25:14
ERROR - 2024-08-14 13:25:14 --> Error code L001. auctionItemId:9, 2024-08-14 01:25:14
ERROR - 2024-08-14 13:25:14 --> Error code L003. auctionItemId:9, 2024-08-14 01:25:14
ERROR - 2024-08-14 13:25:14 --> Error code L001. auctionItemId:10, 2024-08-14 01:25:14
ERROR - 2024-08-14 13:25:14 --> bid calculation initiated auctionItemId:10, 2024-08-14 01:25:14
ERROR - 2024-08-14 13:25:14 --> bid calculation Ended auctionItemId:10, 2024-08-14 01:25:14
ERROR - 2024-08-14 13:25:14 --> Error code L002. auctionItemId:10, 2024-08-14 01:25:14
ERROR - 2024-08-14 13:25:14 --> bid calculation initiated auctionItemId:9, 2024-08-14 01:25:14
ERROR - 2024-08-14 13:25:14 --> bid calculation Ended auctionItemId:9, 2024-08-14 01:25:14
ERROR - 2024-08-14 13:25:14 --> Error code L002. auctionItemId:9, 2024-08-14 01:25:14
ERROR - 2024-08-14 13:25:14 --> Error code L003. auctionItemId:9, 2024-08-14 01:25:14
ERROR - 2024-08-14 13:25:14 --> Error code L001. auctionItemId:10, 2024-08-14 01:25:14
ERROR - 2024-08-14 13:25:14 --> Error code L003. auctionItemId:10, 2024-08-14 01:25:14
ERROR - 2024-08-14 13:25:14 --> bid calculation initiated auctionItemId:10, 2024-08-14 01:25:14
ERROR - 2024-08-14 13:25:14 --> bid calculation Ended auctionItemId:10, 2024-08-14 01:25:14
ERROR - 2024-08-14 13:25:14 --> Error code L002. auctionItemId:10, 2024-08-14 01:25:14
ERROR - 2024-08-14 13:25:14 --> Error code L003. auctionItemId:10, 2024-08-14 01:25:14
ERROR - 2024-08-14 13:27:36 --> current items data:[{"id":"11","inward_invoice_id":"R1","inward_item_id":"26","auction_id":"1","lot_no":"11","lot_set":"6","auction_quantity":"2","sample_quantity":"1","auction_each_net":"20","base_price":"100","reverse_price":"105","high_price":"0","valuation_price":"110","last_sold_price":null,"status":"1","is_sold":"0","min_bid_added":"0","is_withdrawn":"0","created_at":"2024-08-14 12:19:22","updated_at":"2024-08-14 12:20:14","created_by":"5","updated_by":"5"},{"id":"12","inward_invoice_id":"R4","inward_item_id":"29","auction_id":"1","lot_no":"12","lot_set":"6","auction_quantity":"1","sample_quantity":"1","auction_each_net":"11","base_price":"100","reverse_price":"105","high_price":"0","valuation_price":"110","last_sold_price":null,"status":"1","is_sold":"0","min_bid_added":"0","is_withdrawn":"0","created_at":"2024-08-14 12:19:22","updated_at":"2024-08-14 12:20:14","created_by":"5","updated_by":"5"}], 2024-08-14 01:27:36
ERROR - 2024-08-14 13:27:36 --> Error code L001. auctionItemId:11, 2024-08-14 01:27:36
ERROR - 2024-08-14 13:27:36 --> bid calculation initiated auctionItemId:11, 2024-08-14 01:27:36
ERROR - 2024-08-14 13:27:36 --> Error code 001. HBP:120.00,HABP: 122.00, 2024-08-14 01:27:36
ERROR - 2024-08-14 13:27:36 --> Error code 003. HBP:120.00,RP: 105, 2024-08-14 01:27:36
ERROR - 2024-08-14 13:27:36 --> Error code 005. HBP:120.00,SLHABP: 0.00, 2024-08-14 01:27:36
ERROR - 2024-08-14 13:27:36 --> bid calculation Ended auctionItemId:11, 2024-08-14 01:27:36
ERROR - 2024-08-14 13:27:36 --> Error code L002. auctionItemId:11, 2024-08-14 01:27:36
ERROR - 2024-08-14 13:27:36 --> Error code L003. auctionItemId:11, 2024-08-14 01:27:36
ERROR - 2024-08-14 13:27:36 --> Error code L001. auctionItemId:12, 2024-08-14 01:27:36
ERROR - 2024-08-14 13:27:36 --> bid calculation initiated auctionItemId:12, 2024-08-14 01:27:36
ERROR - 2024-08-14 13:27:36 --> Error code 001. HBP:122.00,HABP: 130.00, 2024-08-14 01:27:36
ERROR - 2024-08-14 13:27:36 --> Error code 003. HBP:122.00,RP: 105, 2024-08-14 01:27:36
ERROR - 2024-08-14 13:27:36 --> Error code 005. HBP:122.00,SLHABP: 0.00, 2024-08-14 01:27:36
ERROR - 2024-08-14 13:27:36 --> bid calculation Ended auctionItemId:12, 2024-08-14 01:27:36
ERROR - 2024-08-14 13:27:36 --> Error code L002. auctionItemId:12, 2024-08-14 01:27:36
ERROR - 2024-08-14 13:27:36 --> Error code L003. auctionItemId:12, 2024-08-14 01:27:36
ERROR - 2024-08-14 13:30:25 --> current items data:[], 2024-08-14 01:30:25
CRITICAL - 2024-08-14 14:02:34 --> ErrorException: Undefined variable $auction_data
in APPPATH/Controllers/Cart.php on line 427.
 1 APPPATH/Controllers/Cart.php(427): CodeIgniter\Debug\Exceptions->errorHandler(2, 'Undefined variable $auction_data', '/var/www/eazyhosting.in/public_html/api/app/Controllers/Cart.php', 427)
 2 SYSTEMPATH/CodeIgniter.php(941): App\Controllers\Cart->auctiongardenlist()
 3 SYSTEMPATH/CodeIgniter.php(502): CodeIgniter\CodeIgniter->runController(Object(App\Controllers\Cart))
 4 SYSTEMPATH/CodeIgniter.php(361): CodeIgniter\CodeIgniter->handleRequest(null, Object(Config\Cache), false)
 5 FCPATH/index.php(79): CodeIgniter\CodeIgniter->run()
CRITICAL - 2024-08-14 14:03:03 --> ErrorException: Undefined variable $auction_data
in APPPATH/Controllers/Cart.php on line 427.
 1 APPPATH/Controllers/Cart.php(427): CodeIgniter\Debug\Exceptions->errorHandler(2, 'Undefined variable $auction_data', '/var/www/eazyhosting.in/public_html/api/app/Controllers/Cart.php', 427)
 2 SYSTEMPATH/CodeIgniter.php(941): App\Controllers\Cart->auctiongardenlist()
 3 SYSTEMPATH/CodeIgniter.php(502): CodeIgniter\CodeIgniter->runController(Object(App\Controllers\Cart))
 4 SYSTEMPATH/CodeIgniter.php(361): CodeIgniter\CodeIgniter->handleRequest(null, Object(Config\Cache), false)
 5 FCPATH/index.php(79): CodeIgniter\CodeIgniter->run()
CRITICAL - 2024-08-14 14:03:10 --> ErrorException: Undefined variable $auction_data
in APPPATH/Controllers/Cart.php on line 427.
 1 APPPATH/Controllers/Cart.php(427): CodeIgniter\Debug\Exceptions->errorHandler(2, 'Undefined variable $auction_data', '/var/www/eazyhosting.in/public_html/api/app/Controllers/Cart.php', 427)
 2 SYSTEMPATH/CodeIgniter.php(941): App\Controllers\Cart->auctiongardenlist()
 3 SYSTEMPATH/CodeIgniter.php(502): CodeIgniter\CodeIgniter->runController(Object(App\Controllers\Cart))
 4 SYSTEMPATH/CodeIgniter.php(361): CodeIgniter\CodeIgniter->handleRequest(null, Object(Config\Cache), false)
 5 FCPATH/index.php(79): CodeIgniter\CodeIgniter->run()
CRITICAL - 2024-08-14 14:03:12 --> ErrorException: Undefined variable $auction_data
in APPPATH/Controllers/Cart.php on line 427.
 1 APPPATH/Controllers/Cart.php(427): CodeIgniter\Debug\Exceptions->errorHandler(2, 'Undefined variable $auction_data', '/var/www/eazyhosting.in/public_html/api/app/Controllers/Cart.php', 427)
 2 SYSTEMPATH/CodeIgniter.php(941): App\Controllers\Cart->auctiongardenlist()
 3 SYSTEMPATH/CodeIgniter.php(502): CodeIgniter\CodeIgniter->runController(Object(App\Controllers\Cart))
 4 SYSTEMPATH/CodeIgniter.php(361): CodeIgniter\CodeIgniter->handleRequest(null, Object(Config\Cache), false)
 5 FCPATH/index.php(79): CodeIgniter\CodeIgniter->run()
CRITICAL - 2024-08-14 14:03:13 --> ErrorException: Undefined variable $auction_data
in APPPATH/Controllers/Cart.php on line 427.
 1 APPPATH/Controllers/Cart.php(427): CodeIgniter\Debug\Exceptions->errorHandler(2, 'Undefined variable $auction_data', '/var/www/eazyhosting.in/public_html/api/app/Controllers/Cart.php', 427)
 2 SYSTEMPATH/CodeIgniter.php(941): App\Controllers\Cart->auctiongardenlist()
 3 SYSTEMPATH/CodeIgniter.php(502): CodeIgniter\CodeIgniter->runController(Object(App\Controllers\Cart))
 4 SYSTEMPATH/CodeIgniter.php(361): CodeIgniter\CodeIgniter->handleRequest(null, Object(Config\Cache), false)
 5 FCPATH/index.php(79): CodeIgniter\CodeIgniter->run()
CRITICAL - 2024-08-14 14:03:15 --> ErrorException: Undefined variable $auction_data
in APPPATH/Controllers/Cart.php on line 427.
 1 APPPATH/Controllers/Cart.php(427): CodeIgniter\Debug\Exceptions->errorHandler(2, 'Undefined variable $auction_data', '/var/www/eazyhosting.in/public_html/api/app/Controllers/Cart.php', 427)
 2 SYSTEMPATH/CodeIgniter.php(941): App\Controllers\Cart->auctiongardenlist()
 3 SYSTEMPATH/CodeIgniter.php(502): CodeIgniter\CodeIgniter->runController(Object(App\Controllers\Cart))
 4 SYSTEMPATH/CodeIgniter.php(361): CodeIgniter\CodeIgniter->handleRequest(null, Object(Config\Cache), false)
 5 FCPATH/index.php(79): CodeIgniter\CodeIgniter->run()
CRITICAL - 2024-08-14 14:03:16 --> ErrorException: Undefined variable $auction_data
in APPPATH/Controllers/Cart.php on line 427.
 1 APPPATH/Controllers/Cart.php(427): CodeIgniter\Debug\Exceptions->errorHandler(2, 'Undefined variable $auction_data', '/var/www/eazyhosting.in/public_html/api/app/Controllers/Cart.php', 427)
 2 SYSTEMPATH/CodeIgniter.php(941): App\Controllers\Cart->auctiongardenlist()
 3 SYSTEMPATH/CodeIgniter.php(502): CodeIgniter\CodeIgniter->runController(Object(App\Controllers\Cart))
 4 SYSTEMPATH/CodeIgniter.php(361): CodeIgniter\CodeIgniter->handleRequest(null, Object(Config\Cache), false)
 5 FCPATH/index.php(79): CodeIgniter\CodeIgniter->run()
CRITICAL - 2024-08-14 14:03:17 --> ErrorException: Undefined variable $auction_data
in APPPATH/Controllers/Cart.php on line 427.
 1 APPPATH/Controllers/Cart.php(427): CodeIgniter\Debug\Exceptions->errorHandler(2, 'Undefined variable $auction_data', '/var/www/eazyhosting.in/public_html/api/app/Controllers/Cart.php', 427)
 2 SYSTEMPATH/CodeIgniter.php(941): App\Controllers\Cart->auctiongardenlist()
 3 SYSTEMPATH/CodeIgniter.php(502): CodeIgniter\CodeIgniter->runController(Object(App\Controllers\Cart))
 4 SYSTEMPATH/CodeIgniter.php(361): CodeIgniter\CodeIgniter->handleRequest(null, Object(Config\Cache), false)
 5 FCPATH/index.php(79): CodeIgniter\CodeIgniter->run()
CRITICAL - 2024-08-14 14:03:18 --> ErrorException: Undefined variable $auction_data
in APPPATH/Controllers/Cart.php on line 427.
 1 APPPATH/Controllers/Cart.php(427): CodeIgniter\Debug\Exceptions->errorHandler(2, 'Undefined variable $auction_data', '/var/www/eazyhosting.in/public_html/api/app/Controllers/Cart.php', 427)
 2 SYSTEMPATH/CodeIgniter.php(941): App\Controllers\Cart->auctiongardenlist()
 3 SYSTEMPATH/CodeIgniter.php(502): CodeIgniter\CodeIgniter->runController(Object(App\Controllers\Cart))
 4 SYSTEMPATH/CodeIgniter.php(361): CodeIgniter\CodeIgniter->handleRequest(null, Object(Config\Cache), false)
 5 FCPATH/index.php(79): CodeIgniter\CodeIgniter->run()
CRITICAL - 2024-08-14 14:03:20 --> ErrorException: Undefined variable $auction_data
in APPPATH/Controllers/Cart.php on line 427.
 1 APPPATH/Controllers/Cart.php(427): CodeIgniter\Debug\Exceptions->errorHandler(2, 'Undefined variable $auction_data', '/var/www/eazyhosting.in/public_html/api/app/Controllers/Cart.php', 427)
 2 SYSTEMPATH/CodeIgniter.php(941): App\Controllers\Cart->auctiongardenlist()
 3 SYSTEMPATH/CodeIgniter.php(502): CodeIgniter\CodeIgniter->runController(Object(App\Controllers\Cart))
 4 SYSTEMPATH/CodeIgniter.php(361): CodeIgniter\CodeIgniter->handleRequest(null, Object(Config\Cache), false)
 5 FCPATH/index.php(79): CodeIgniter\CodeIgniter->run()
CRITICAL - 2024-08-14 14:03:59 --> ErrorException: Undefined variable $auction_data
in APPPATH/Controllers/Cart.php on line 427.
 1 APPPATH/Controllers/Cart.php(427): CodeIgniter\Debug\Exceptions->errorHandler(2, 'Undefined variable $auction_data', '/var/www/eazyhosting.in/public_html/api/app/Controllers/Cart.php', 427)
 2 SYSTEMPATH/CodeIgniter.php(941): App\Controllers\Cart->auctiongardenlist()
 3 SYSTEMPATH/CodeIgniter.php(502): CodeIgniter\CodeIgniter->runController(Object(App\Controllers\Cart))
 4 SYSTEMPATH/CodeIgniter.php(361): CodeIgniter\CodeIgniter->handleRequest(null, Object(Config\Cache), false)
 5 FCPATH/index.php(79): CodeIgniter\CodeIgniter->run()
CRITICAL - 2024-08-14 14:04:51 --> ErrorException: Undefined variable $auction_data
in APPPATH/Controllers/Cart.php on line 427.
 1 APPPATH/Controllers/Cart.php(427): CodeIgniter\Debug\Exceptions->errorHandler(2, 'Undefined variable $auction_data', '/var/www/eazyhosting.in/public_html/api/app/Controllers/Cart.php', 427)
 2 SYSTEMPATH/CodeIgniter.php(941): App\Controllers\Cart->auctiongardenlist()
 3 SYSTEMPATH/CodeIgniter.php(502): CodeIgniter\CodeIgniter->runController(Object(App\Controllers\Cart))
 4 SYSTEMPATH/CodeIgniter.php(361): CodeIgniter\CodeIgniter->handleRequest(null, Object(Config\Cache), false)
 5 FCPATH/index.php(79): CodeIgniter\CodeIgniter->run()
CRITICAL - 2024-08-14 14:04:53 --> ErrorException: Undefined variable $auction_data
in APPPATH/Controllers/Cart.php on line 427.
 1 APPPATH/Controllers/Cart.php(427): CodeIgniter\Debug\Exceptions->errorHandler(2, 'Undefined variable $auction_data', '/var/www/eazyhosting.in/public_html/api/app/Controllers/Cart.php', 427)
 2 SYSTEMPATH/CodeIgniter.php(941): App\Controllers\Cart->auctiongardenlist()
 3 SYSTEMPATH/CodeIgniter.php(502): CodeIgniter\CodeIgniter->runController(Object(App\Controllers\Cart))
 4 SYSTEMPATH/CodeIgniter.php(361): CodeIgniter\CodeIgniter->handleRequest(null, Object(Config\Cache), false)
 5 FCPATH/index.php(79): CodeIgniter\CodeIgniter->run()
ERROR - 2024-08-14 14:09:26 --> bid calculation initiated auctionItemId:13, 2024-08-14 02:09:26
ERROR - 2024-08-14 14:09:26 --> bid calculation Ended auctionItemId:13, 2024-08-14 02:09:26
ERROR - 2024-08-14 14:09:26 --> bid calculation initiated auctionItemId:14, 2024-08-14 02:09:26
ERROR - 2024-08-14 14:09:26 --> bid calculation Ended auctionItemId:14, 2024-08-14 02:09:26
ERROR - 2024-08-14 14:09:56 --> current items data:[{"id":"13","inward_invoice_id":"V4","inward_item_id":"4","auction_id":"2","lot_no":"1","lot_set":"1","auction_quantity":"2","sample_quantity":"1","auction_each_net":"2","base_price":"100","reverse_price":"105","high_price":"0","valuation_price":"110","last_sold_price":null,"status":"1","is_sold":"0","min_bid_added":"0","is_withdrawn":"0","created_at":"2024-08-14 14:04:56","updated_at":"2024-08-14 14:05:34","created_by":"5","updated_by":"5"},{"id":"14","inward_invoice_id":"V3","inward_item_id":"3","auction_id":"2","lot_no":"2","lot_set":"1","auction_quantity":"1","sample_quantity":"1","auction_each_net":"9","base_price":"100","reverse_price":"105","high_price":"0","valuation_price":"110","last_sold_price":null,"status":"1","is_sold":"0","min_bid_added":"0","is_withdrawn":"0","created_at":"2024-08-14 14:04:56","updated_at":"2024-08-14 14:05:34","created_by":"5","updated_by":"5"}], 2024-08-14 02:09:56
ERROR - 2024-08-14 14:09:56 --> Error code L001. auctionItemId:13, 2024-08-14 02:09:56
ERROR - 2024-08-14 14:09:56 --> bid calculation initiated auctionItemId:13, 2024-08-14 02:09:56
ERROR - 2024-08-14 14:09:56 --> bid calculation Ended auctionItemId:13, 2024-08-14 02:09:56
ERROR - 2024-08-14 14:09:56 --> Error code L002. auctionItemId:13, 2024-08-14 02:09:56
ERROR - 2024-08-14 14:09:56 --> Error code L003. auctionItemId:13, 2024-08-14 02:09:56
ERROR - 2024-08-14 14:09:56 --> Error code L001. auctionItemId:14, 2024-08-14 02:09:56
ERROR - 2024-08-14 14:09:56 --> bid calculation initiated auctionItemId:14, 2024-08-14 02:09:56
ERROR - 2024-08-14 14:09:56 --> bid calculation Ended auctionItemId:14, 2024-08-14 02:09:56
ERROR - 2024-08-14 14:09:56 --> Error code L002. auctionItemId:14, 2024-08-14 02:09:56
ERROR - 2024-08-14 14:09:56 --> Error code L003. auctionItemId:14, 2024-08-14 02:09:56
ERROR - 2024-08-14 14:10:59 --> bid calculation initiated auctionItemId:15, 2024-08-14 02:10:59
ERROR - 2024-08-14 14:10:59 --> bid calculation Ended auctionItemId:15, 2024-08-14 02:10:59
ERROR - 2024-08-14 14:10:59 --> bid calculation initiated auctionItemId:16, 2024-08-14 02:10:59
ERROR - 2024-08-14 14:10:59 --> bid calculation Ended auctionItemId:16, 2024-08-14 02:10:59
ERROR - 2024-08-14 14:11:29 --> current items data:[{"id":"15","inward_invoice_id":"S3","inward_item_id":"8","auction_id":"2","lot_no":"3","lot_set":"2","auction_quantity":"1","sample_quantity":"1","auction_each_net":"21","base_price":"100","reverse_price":"105","high_price":"0","valuation_price":"110","last_sold_price":null,"status":"1","is_sold":"0","min_bid_added":"0","is_withdrawn":"0","created_at":"2024-08-14 14:04:56","updated_at":"2024-08-14 14:05:34","created_by":"5","updated_by":"5"},{"id":"16","inward_invoice_id":"S4","inward_item_id":"9","auction_id":"2","lot_no":"4","lot_set":"2","auction_quantity":"2","sample_quantity":"1","auction_each_net":"11","base_price":"100","reverse_price":"105","high_price":"0","valuation_price":"110","last_sold_price":null,"status":"1","is_sold":"0","min_bid_added":"0","is_withdrawn":"0","created_at":"2024-08-14 14:04:56","updated_at":"2024-08-14 14:05:34","created_by":"5","updated_by":"5"}], 2024-08-14 02:11:29
ERROR - 2024-08-14 14:11:29 --> Error code L001. auctionItemId:15, 2024-08-14 02:11:29
ERROR - 2024-08-14 14:11:29 --> bid calculation initiated auctionItemId:15, 2024-08-14 02:11:29
ERROR - 2024-08-14 14:11:29 --> bid calculation Ended auctionItemId:15, 2024-08-14 02:11:29
ERROR - 2024-08-14 14:11:29 --> Error code L002. auctionItemId:15, 2024-08-14 02:11:29
ERROR - 2024-08-14 14:11:29 --> Error code L003. auctionItemId:15, 2024-08-14 02:11:29
ERROR - 2024-08-14 14:11:29 --> Error code L001. auctionItemId:16, 2024-08-14 02:11:29
ERROR - 2024-08-14 14:11:29 --> bid calculation initiated auctionItemId:16, 2024-08-14 02:11:29
ERROR - 2024-08-14 14:11:29 --> bid calculation Ended auctionItemId:16, 2024-08-14 02:11:29
ERROR - 2024-08-14 14:11:29 --> Error code L002. auctionItemId:16, 2024-08-14 02:11:29
ERROR - 2024-08-14 14:11:29 --> Error code L003. auctionItemId:16, 2024-08-14 02:11:29
ERROR - 2024-08-14 14:13:05 --> bid calculation initiated auctionItemId:17, 2024-08-14 02:13:05
ERROR - 2024-08-14 14:13:05 --> bid calculation Ended auctionItemId:17, 2024-08-14 02:13:05
ERROR - 2024-08-14 14:13:05 --> bid calculation initiated auctionItemId:18, 2024-08-14 02:13:05
ERROR - 2024-08-14 14:13:05 --> bid calculation Ended auctionItemId:18, 2024-08-14 02:13:05
ERROR - 2024-08-14 14:13:35 --> current items data:[{"id":"17","inward_invoice_id":"K4","inward_item_id":"19","auction_id":"2","lot_no":"5","lot_set":"3","auction_quantity":"2","sample_quantity":"1","auction_each_net":"6","base_price":"100","reverse_price":"105","high_price":"0","valuation_price":"110","last_sold_price":null,"status":"1","is_sold":"0","min_bid_added":"0","is_withdrawn":"0","created_at":"2024-08-14 14:04:56","updated_at":"2024-08-14 14:05:34","created_by":"5","updated_by":"5"},{"id":"18","inward_invoice_id":"K3","inward_item_id":"18","auction_id":"2","lot_no":"6","lot_set":"3","auction_quantity":"1","sample_quantity":"1","auction_each_net":"4","base_price":"100","reverse_price":"105","high_price":"0","valuation_price":"110","last_sold_price":null,"status":"1","is_sold":"0","min_bid_added":"0","is_withdrawn":"0","created_at":"2024-08-14 14:04:56","updated_at":"2024-08-14 14:05:34","created_by":"5","updated_by":"5"}], 2024-08-14 02:13:35
ERROR - 2024-08-14 14:13:35 --> Error code L001. auctionItemId:17, 2024-08-14 02:13:35
ERROR - 2024-08-14 14:13:35 --> bid calculation initiated auctionItemId:17, 2024-08-14 02:13:35
ERROR - 2024-08-14 14:13:35 --> bid calculation Ended auctionItemId:17, 2024-08-14 02:13:35
ERROR - 2024-08-14 14:13:35 --> Error code L002. auctionItemId:17, 2024-08-14 02:13:35
ERROR - 2024-08-14 14:13:35 --> Error code L003. auctionItemId:17, 2024-08-14 02:13:35
ERROR - 2024-08-14 14:13:35 --> Error code L001. auctionItemId:18, 2024-08-14 02:13:35
ERROR - 2024-08-14 14:13:35 --> bid calculation initiated auctionItemId:18, 2024-08-14 02:13:35
ERROR - 2024-08-14 14:13:35 --> bid calculation Ended auctionItemId:18, 2024-08-14 02:13:35
ERROR - 2024-08-14 14:13:35 --> Error code L002. auctionItemId:18, 2024-08-14 02:13:35
ERROR - 2024-08-14 14:13:35 --> Error code L003. auctionItemId:18, 2024-08-14 02:13:35
ERROR - 2024-08-14 14:15:26 --> current items data:[{"id":"19","inward_invoice_id":"W3","inward_item_id":"14","auction_id":"2","lot_no":"7","lot_set":"4","auction_quantity":"1","sample_quantity":"1","auction_each_net":"9","base_price":"100","reverse_price":"105","high_price":"0","valuation_price":"110","last_sold_price":null,"status":"1","is_sold":"0","min_bid_added":"0","is_withdrawn":"0","created_at":"2024-08-14 14:04:56","updated_at":"2024-08-14 14:05:34","created_by":"5","updated_by":"5"},{"id":"20","inward_invoice_id":"W5","inward_item_id":"15","auction_id":"2","lot_no":"8","lot_set":"4","auction_quantity":"2","sample_quantity":"1","auction_each_net":"4","base_price":"100","reverse_price":"105","high_price":"0","valuation_price":"110","last_sold_price":null,"status":"1","is_sold":"0","min_bid_added":"0","is_withdrawn":"0","created_at":"2024-08-14 14:04:56","updated_at":"2024-08-14 14:05:34","created_by":"5","updated_by":"5"}], 2024-08-14 02:15:26
ERROR - 2024-08-14 14:15:26 --> Error code L001. auctionItemId:19, 2024-08-14 02:15:26
ERROR - 2024-08-14 14:15:26 --> bid calculation initiated auctionItemId:19, 2024-08-14 02:15:26
ERROR - 2024-08-14 14:15:26 --> bid calculation Ended auctionItemId:19, 2024-08-14 02:15:26
ERROR - 2024-08-14 14:15:26 --> Error code L002. auctionItemId:19, 2024-08-14 02:15:26
ERROR - 2024-08-14 14:15:26 --> Error code L003. auctionItemId:19, 2024-08-14 02:15:26
ERROR - 2024-08-14 14:15:26 --> Error code L001. auctionItemId:20, 2024-08-14 02:15:26
ERROR - 2024-08-14 14:15:26 --> bid calculation initiated auctionItemId:20, 2024-08-14 02:15:26
ERROR - 2024-08-14 14:15:26 --> bid calculation Ended auctionItemId:20, 2024-08-14 02:15:26
ERROR - 2024-08-14 14:15:26 --> Error code L002. auctionItemId:20, 2024-08-14 02:15:26
ERROR - 2024-08-14 14:15:26 --> Error code L003. auctionItemId:20, 2024-08-14 02:15:26
