CRITICAL - 2024-06-25 18:13:19 --> ErrorException: Trying to access array offset on value of type null
in APPPATH/Controllers/Inwardreturn.php on line 162.
 1 APPPATH/Controllers/Inwardreturn.php(162): CodeIgniter\Debug\Exceptions->errorHandler(2, 'Trying to access array offset on value of type null', '/var/www/eazyhosting.in/public_html/api/app/Controllers/Inwardreturn.php', 162)
 2 SYSTEMPATH/CodeIgniter.php(941): App\Controllers\Inwardreturn->delete('3')
 3 SYSTEMPATH/CodeIgniter.php(502): CodeIgniter\CodeIgniter->runController(Object(App\Controllers\Inwardreturn))
 4 SYSTEMPATH/CodeIgniter.php(361): CodeIgniter\CodeIgniter->handleRequest(null, Object(Config\Cache), false)
 5 FCPATH/index.php(79): CodeIgniter\CodeIgniter->run()
CRITICAL - 2024-06-25 18:30:56 --> ErrorException: Trying to access array offset on value of type null
in APPPATH/Controllers/Inwardreturn.php on line 163.
 1 APPPATH/Controllers/Inwardreturn.php(163): CodeIgniter\Debug\Exceptions->errorHandler(2, 'Trying to access array offset on value of type null', '/var/www/eazyhosting.in/public_html/api/app/Controllers/Inwardreturn.php', 163)
 2 SYSTEMPATH/CodeIgniter.php(941): App\Controllers\Inwardreturn->delete('3')
 3 SYSTEMPATH/CodeIgniter.php(502): CodeIgniter\CodeIgniter->runController(Object(App\Controllers\Inwardreturn))
 4 SYSTEMPATH/CodeIgniter.php(361): CodeIgniter\CodeIgniter->handleRequest(null, Object(Config\Cache), false)
 5 FCPATH/index.php(79): CodeIgniter\CodeIgniter->run()
ERROR - 2024-06-25 18:32:30 --> mysqli_sql_exception: Column 'user_id' cannot be null in /var/www/eazyhosting.in/public_html/api/system/Database/MySQLi/Connection.php:306
Stack trace:
#0 /var/www/eazyhosting.in/public_html/api/system/Database/MySQLi/Connection.php(306): mysqli->query('INSERT INTO `pr...', 0)
#1 /var/www/eazyhosting.in/public_html/api/system/Database/BaseConnection.php(693): CodeIgniter\Database\MySQLi\Connection->execute('INSERT INTO `pr...')
#2 /var/www/eazyhosting.in/public_html/api/system/Database/BaseConnection.php(607): CodeIgniter\Database\BaseConnection->simpleQuery('INSERT INTO `pr...')
#3 /var/www/eazyhosting.in/public_html/api/system/Database/BaseBuilder.php(2307): CodeIgniter\Database\BaseConnection->query('INSERT INTO `pr...', Array, false)
#4 /var/www/eazyhosting.in/public_html/api/system/Model.php(326): CodeIgniter\Database\BaseBuilder->insert()
#5 /var/www/eazyhosting.in/public_html/api/system/BaseModel.php(802): CodeIgniter\Model->doInsert(Array)
#6 /var/www/eazyhosting.in/public_html/api/system/Model.php(744): CodeIgniter\BaseModel->insert(Array, true)
#7 /var/www/eazyhosting.in/public_html/api/app/Helpers/ProductLog.php(44): CodeIgniter\Model->insert(Array)
#8 /var/www/eazyhosting.in/public_html/api/app/Controllers/Inwardreturn.php(178): App\Helpers\ProductLog::logProductAction('64', 'Restored form S...', 10, NULL)
#9 /var/www/eazyhosting.in/public_html/api/system/CodeIgniter.php(941): App\Controllers\Inwardreturn->delete('7')
#10 /var/www/eazyhosting.in/public_html/api/system/CodeIgniter.php(502): CodeIgniter\CodeIgniter->runController(Object(App\Controllers\Inwardreturn))
#11 /var/www/eazyhosting.in/public_html/api/system/CodeIgniter.php(361): CodeIgniter\CodeIgniter->handleRequest(NULL, Object(Config\Cache), false)
#12 /var/www/eazyhosting.in/public_html/api/public/index.php(79): CodeIgniter\CodeIgniter->run()
#13 {main}
CRITICAL - 2024-06-25 18:32:30 --> CodeIgniter\Database\Exceptions\DatabaseException: Column 'user_id' cannot be null
in SYSTEMPATH/Database/BaseConnection.php on line 647.
 1 SYSTEMPATH/Database/BaseBuilder.php(2307): CodeIgniter\Database\BaseConnection->query('INSERT INTO `product_log` (`description`, `user_id`) VALUES (:description:, :user_id:)', [...], false)
 2 SYSTEMPATH/Model.php(326): CodeIgniter\Database\BaseBuilder->insert()
 3 SYSTEMPATH/BaseModel.php(802): CodeIgniter\Model->doInsert([...])
 4 SYSTEMPATH/Model.php(744): CodeIgniter\BaseModel->insert([...], true)
 5 APPPATH/Helpers/ProductLog.php(44): CodeIgniter\Model->insert([...])
 6 APPPATH/Controllers/Inwardreturn.php(178): App\Helpers\ProductLog::logProductAction('64', 'Restored form Stocks', 10, null)
 7 SYSTEMPATH/CodeIgniter.php(941): App\Controllers\Inwardreturn->delete('7')
 8 SYSTEMPATH/CodeIgniter.php(502): CodeIgniter\CodeIgniter->runController(Object(App\Controllers\Inwardreturn))
 9 SYSTEMPATH/CodeIgniter.php(361): CodeIgniter\CodeIgniter->handleRequest(null, Object(Config\Cache), false)
10 FCPATH/index.php(79): CodeIgniter\CodeIgniter->run()
CRITICAL - 2024-06-25 18:32:30 --> [Caused by] CodeIgniter\Database\Exceptions\DatabaseException: Column 'user_id' cannot be null
in SYSTEMPATH/Database/MySQLi/Connection.php on line 311.
 1 SYSTEMPATH/Database/BaseConnection.php(693): CodeIgniter\Database\MySQLi\Connection->execute('INSERT INTO `product_log` (`description`, `user_id`) VALUES (\'{\\"invoice_no\\":\\"2004\\",\\"lot_no\\":\\"\\",\\"status\\":\\"Restored form Stocks\\",\\"qty\\":10}\', NULL)')
 2 SYSTEMPATH/Database/BaseConnection.php(607): CodeIgniter\Database\BaseConnection->simpleQuery('INSERT INTO `product_log` (`description`, `user_id`) VALUES (\'{\\"invoice_no\\":\\"2004\\",\\"lot_no\\":\\"\\",\\"status\\":\\"Restored form Stocks\\",\\"qty\\":10}\', NULL)')
 3 SYSTEMPATH/Database/BaseBuilder.php(2307): CodeIgniter\Database\BaseConnection->query('INSERT INTO `product_log` (`description`, `user_id`) VALUES (:description:, :user_id:)', [...], false)
 4 SYSTEMPATH/Model.php(326): CodeIgniter\Database\BaseBuilder->insert()
 5 SYSTEMPATH/BaseModel.php(802): CodeIgniter\Model->doInsert([...])
 6 SYSTEMPATH/Model.php(744): CodeIgniter\BaseModel->insert([...], true)
 7 APPPATH/Helpers/ProductLog.php(44): CodeIgniter\Model->insert([...])
 8 APPPATH/Controllers/Inwardreturn.php(178): App\Helpers\ProductLog::logProductAction('64', 'Restored form Stocks', 10, null)
 9 SYSTEMPATH/CodeIgniter.php(941): App\Controllers\Inwardreturn->delete('7')
10 SYSTEMPATH/CodeIgniter.php(502): CodeIgniter\CodeIgniter->runController(Object(App\Controllers\Inwardreturn))
11 SYSTEMPATH/CodeIgniter.php(361): CodeIgniter\CodeIgniter->handleRequest(null, Object(Config\Cache), false)
12 FCPATH/index.php(79): CodeIgniter\CodeIgniter->run()
CRITICAL - 2024-06-25 18:32:30 --> [Caused by] mysqli_sql_exception: Column 'user_id' cannot be null
in SYSTEMPATH/Database/MySQLi/Connection.php on line 306.
 1 SYSTEMPATH/Database/MySQLi/Connection.php(306): mysqli->query('INSERT INTO `product_log` (`description`, `user_id`) VALUES (\'{\\"invoice_no\\":\\"2004\\",\\"lot_no\\":\\"\\",\\"status\\":\\"Restored form Stocks\\",\\"qty\\":10}\', NULL)', 0)
 2 SYSTEMPATH/Database/BaseConnection.php(693): CodeIgniter\Database\MySQLi\Connection->execute('INSERT INTO `product_log` (`description`, `user_id`) VALUES (\'{\\"invoice_no\\":\\"2004\\",\\"lot_no\\":\\"\\",\\"status\\":\\"Restored form Stocks\\",\\"qty\\":10}\', NULL)')
 3 SYSTEMPATH/Database/BaseConnection.php(607): CodeIgniter\Database\BaseConnection->simpleQuery('INSERT INTO `product_log` (`description`, `user_id`) VALUES (\'{\\"invoice_no\\":\\"2004\\",\\"lot_no\\":\\"\\",\\"status\\":\\"Restored form Stocks\\",\\"qty\\":10}\', NULL)')
 4 SYSTEMPATH/Database/BaseBuilder.php(2307): CodeIgniter\Database\BaseConnection->query('INSERT INTO `product_log` (`description`, `user_id`) VALUES (:description:, :user_id:)', [...], false)
 5 SYSTEMPATH/Model.php(326): CodeIgniter\Database\BaseBuilder->insert()
 6 SYSTEMPATH/BaseModel.php(802): CodeIgniter\Model->doInsert([...])
 7 SYSTEMPATH/Model.php(744): CodeIgniter\BaseModel->insert([...], true)
 8 APPPATH/Helpers/ProductLog.php(44): CodeIgniter\Model->insert([...])
 9 APPPATH/Controllers/Inwardreturn.php(178): App\Helpers\ProductLog::logProductAction('64', 'Restored form Stocks', 10, null)
10 SYSTEMPATH/CodeIgniter.php(941): App\Controllers\Inwardreturn->delete('7')
11 SYSTEMPATH/CodeIgniter.php(502): CodeIgniter\CodeIgniter->runController(Object(App\Controllers\Inwardreturn))
12 SYSTEMPATH/CodeIgniter.php(361): CodeIgniter\CodeIgniter->handleRequest(null, Object(Config\Cache), false)
13 FCPATH/index.php(79): CodeIgniter\CodeIgniter->run()
CRITICAL - 2024-06-25 18:32:45 --> ErrorException: Undefined variable $auction_data
in APPPATH/Controllers/Cart.php on line 420.
 1 APPPATH/Controllers/Cart.php(420): CodeIgniter\Debug\Exceptions->errorHandler(2, 'Undefined variable $auction_data', '/var/www/eazyhosting.in/public_html/api/app/Controllers/Cart.php', 420)
 2 SYSTEMPATH/CodeIgniter.php(941): App\Controllers\Cart->auctiongardenlist()
 3 SYSTEMPATH/CodeIgniter.php(502): CodeIgniter\CodeIgniter->runController(Object(App\Controllers\Cart))
 4 SYSTEMPATH/CodeIgniter.php(361): CodeIgniter\CodeIgniter->handleRequest(null, Object(Config\Cache), false)
 5 FCPATH/index.php(79): CodeIgniter\CodeIgniter->run()
CRITICAL - 2024-06-25 18:34:33 --> ErrorException: Trying to access array offset on value of type null
in APPPATH/Controllers/Inwardreturn.php on line 163.
 1 APPPATH/Controllers/Inwardreturn.php(163): CodeIgniter\Debug\Exceptions->errorHandler(2, 'Trying to access array offset on value of type null', '/var/www/eazyhosting.in/public_html/api/app/Controllers/Inwardreturn.php', 163)
 2 SYSTEMPATH/CodeIgniter.php(941): App\Controllers\Inwardreturn->delete('7')
 3 SYSTEMPATH/CodeIgniter.php(502): CodeIgniter\CodeIgniter->runController(Object(App\Controllers\Inwardreturn))
 4 SYSTEMPATH/CodeIgniter.php(361): CodeIgniter\CodeIgniter->handleRequest(null, Object(Config\Cache), false)
 5 FCPATH/index.php(79): CodeIgniter\CodeIgniter->run()
CRITICAL - 2024-06-25 18:59:17 --> ErrorException: Trying to access array offset on value of type null
in APPPATH/Controllers/Inwardreturn.php on line 162.
 1 APPPATH/Controllers/Inwardreturn.php(162): CodeIgniter\Debug\Exceptions->errorHandler(2, 'Trying to access array offset on value of type null', '/var/www/eazyhosting.in/public_html/api/app/Controllers/Inwardreturn.php', 162)
 2 SYSTEMPATH/CodeIgniter.php(941): App\Controllers\Inwardreturn->delete('7')
 3 SYSTEMPATH/CodeIgniter.php(502): CodeIgniter\CodeIgniter->runController(Object(App\Controllers\Inwardreturn))
 4 SYSTEMPATH/CodeIgniter.php(361): CodeIgniter\CodeIgniter->handleRequest(null, Object(Config\Cache), false)
 5 FCPATH/index.php(79): CodeIgniter\CodeIgniter->run()
CRITICAL - 2024-06-25 19:12:15 --> ErrorException: Undefined variable $auction_data
in APPPATH/Controllers/Cart.php on line 420.
 1 APPPATH/Controllers/Cart.php(420): CodeIgniter\Debug\Exceptions->errorHandler(2, 'Undefined variable $auction_data', '/var/www/eazyhosting.in/public_html/api/app/Controllers/Cart.php', 420)
 2 SYSTEMPATH/CodeIgniter.php(941): App\Controllers\Cart->auctiongardenlist()
 3 SYSTEMPATH/CodeIgniter.php(502): CodeIgniter\CodeIgniter->runController(Object(App\Controllers\Cart))
 4 SYSTEMPATH/CodeIgniter.php(361): CodeIgniter\CodeIgniter->handleRequest(null, Object(Config\Cache), false)
 5 FCPATH/index.php(79): CodeIgniter\CodeIgniter->run()
CRITICAL - 2024-06-25 19:18:45 --> ErrorException: Undefined variable $auction_data
in APPPATH/Controllers/Cart.php on line 420.
 1 APPPATH/Controllers/Cart.php(420): CodeIgniter\Debug\Exceptions->errorHandler(2, 'Undefined variable $auction_data', '/var/www/eazyhosting.in/public_html/api/app/Controllers/Cart.php', 420)
 2 SYSTEMPATH/CodeIgniter.php(941): App\Controllers\Cart->auctiongardenlist()
 3 SYSTEMPATH/CodeIgniter.php(502): CodeIgniter\CodeIgniter->runController(Object(App\Controllers\Cart))
 4 SYSTEMPATH/CodeIgniter.php(361): CodeIgniter\CodeIgniter->handleRequest(null, Object(Config\Cache), false)
 5 FCPATH/index.php(79): CodeIgniter\CodeIgniter->run()
