CRITICAL - 2024-11-22 16:01:31 --> ErrorException: Undefined variable $auction_data
in APPPATH/Controllers/Cart.php on line 428.
 1 APPPATH/Controllers/Cart.php(428): CodeIgniter\Debug\Exceptions->errorHandler(2, 'Undefined variable $auction_data', '/var/www/eazyhosting.in/public_html/api/app/Controllers/Cart.php', 428)
 2 SYSTEMPATH/CodeIgniter.php(941): App\Controllers\Cart->auctiongardenlist()
 3 SYSTEMPATH/CodeIgniter.php(502): CodeIgniter\CodeIgniter->runController(Object(App\Controllers\Cart))
 4 SYSTEMPATH/CodeIgniter.php(361): CodeIgniter\CodeIgniter->handleRequest(null, Object(Config\Cache), false)
 5 FCPATH/index.php(79): CodeIgniter\CodeIgniter->run()
CRITICAL - 2024-11-22 16:01:39 --> ErrorException: Undefined variable $auction_data
in APPPATH/Controllers/Cart.php on line 428.
 1 APPPATH/Controllers/Cart.php(428): CodeIgniter\Debug\Exceptions->errorHandler(2, 'Undefined variable $auction_data', '/var/www/eazyhosting.in/public_html/api/app/Controllers/Cart.php', 428)
 2 SYSTEMPATH/CodeIgniter.php(941): App\Controllers\Cart->auctiongardenlist()
 3 SYSTEMPATH/CodeIgniter.php(502): CodeIgniter\CodeIgniter->runController(Object(App\Controllers\Cart))
 4 SYSTEMPATH/CodeIgniter.php(361): CodeIgniter\CodeIgniter->handleRequest(null, Object(Config\Cache), false)
 5 FCPATH/index.php(79): CodeIgniter\CodeIgniter->run()
CRITICAL - 2024-11-22 16:02:14 --> ErrorException: Undefined variable $auction_data
in APPPATH/Controllers/Cart.php on line 428.
 1 APPPATH/Controllers/Cart.php(428): CodeIgniter\Debug\Exceptions->errorHandler(2, 'Undefined variable $auction_data', '/var/www/eazyhosting.in/public_html/api/app/Controllers/Cart.php', 428)
 2 SYSTEMPATH/CodeIgniter.php(941): App\Controllers\Cart->auctiongardenlist()
 3 SYSTEMPATH/CodeIgniter.php(502): CodeIgniter\CodeIgniter->runController(Object(App\Controllers\Cart))
 4 SYSTEMPATH/CodeIgniter.php(361): CodeIgniter\CodeIgniter->handleRequest(null, Object(Config\Cache), false)
 5 FCPATH/index.php(79): CodeIgniter\CodeIgniter->run()
CRITICAL - 2024-11-22 16:02:26 --> ErrorException: Undefined variable $auction_data
in APPPATH/Controllers/Cart.php on line 428.
 1 APPPATH/Controllers/Cart.php(428): CodeIgniter\Debug\Exceptions->errorHandler(2, 'Undefined variable $auction_data', '/var/www/eazyhosting.in/public_html/api/app/Controllers/Cart.php', 428)
 2 SYSTEMPATH/CodeIgniter.php(941): App\Controllers\Cart->auctiongardenlist()
 3 SYSTEMPATH/CodeIgniter.php(502): CodeIgniter\CodeIgniter->runController(Object(App\Controllers\Cart))
 4 SYSTEMPATH/CodeIgniter.php(361): CodeIgniter\CodeIgniter->handleRequest(null, Object(Config\Cache), false)
 5 FCPATH/index.php(79): CodeIgniter\CodeIgniter->run()
CRITICAL - 2024-11-22 16:10:35 --> ErrorException: Undefined variable $auction_data
in APPPATH/Controllers/Cart.php on line 428.
 1 APPPATH/Controllers/Cart.php(428): CodeIgniter\Debug\Exceptions->errorHandler(2, 'Undefined variable $auction_data', '/var/www/eazyhosting.in/public_html/api/app/Controllers/Cart.php', 428)
 2 SYSTEMPATH/CodeIgniter.php(941): App\Controllers\Cart->auctiongardenlist()
 3 SYSTEMPATH/CodeIgniter.php(502): CodeIgniter\CodeIgniter->runController(Object(App\Controllers\Cart))
 4 SYSTEMPATH/CodeIgniter.php(361): CodeIgniter\CodeIgniter->handleRequest(null, Object(Config\Cache), false)
 5 FCPATH/index.php(79): CodeIgniter\CodeIgniter->run()
CRITICAL - 2024-11-22 16:11:17 --> ErrorException: Undefined variable $auction_data
in APPPATH/Controllers/Cart.php on line 428.
 1 APPPATH/Controllers/Cart.php(428): CodeIgniter\Debug\Exceptions->errorHandler(2, 'Undefined variable $auction_data', '/var/www/eazyhosting.in/public_html/api/app/Controllers/Cart.php', 428)
 2 SYSTEMPATH/CodeIgniter.php(941): App\Controllers\Cart->auctiongardenlist()
 3 SYSTEMPATH/CodeIgniter.php(502): CodeIgniter\CodeIgniter->runController(Object(App\Controllers\Cart))
 4 SYSTEMPATH/CodeIgniter.php(361): CodeIgniter\CodeIgniter->handleRequest(null, Object(Config\Cache), false)
 5 FCPATH/index.php(79): CodeIgniter\CodeIgniter->run()
CRITICAL - 2024-11-22 16:11:19 --> ErrorException: Undefined variable $auction_data
in APPPATH/Controllers/Cart.php on line 428.
 1 APPPATH/Controllers/Cart.php(428): CodeIgniter\Debug\Exceptions->errorHandler(2, 'Undefined variable $auction_data', '/var/www/eazyhosting.in/public_html/api/app/Controllers/Cart.php', 428)
 2 SYSTEMPATH/CodeIgniter.php(941): App\Controllers\Cart->auctiongardenlist()
 3 SYSTEMPATH/CodeIgniter.php(502): CodeIgniter\CodeIgniter->runController(Object(App\Controllers\Cart))
 4 SYSTEMPATH/CodeIgniter.php(361): CodeIgniter\CodeIgniter->handleRequest(null, Object(Config\Cache), false)
 5 FCPATH/index.php(79): CodeIgniter\CodeIgniter->run()
ERROR - 2024-11-22 16:16:22 --> Both manual and auto bids exist
ERROR - 2024-11-22 16:17:21 --> current items data:[{"id":"276","inward_invoice_id":"S4","inward_item_id":"88","auction_id":"50","grade_id":"7","lot_no":"1","lot_set":"1","auction_quantity":"1","sample_quantity":"0","auction_each_net":"25","base_price":"0","reverse_price":"0","high_price":"0","valuation_price":"0","last_sold_price":null,"status":"1","is_sold":"0","min_bid_added":"0","is_withdrawn":"0","created_at":"2024-11-22 16:02:30","updated_at":"2024-11-22 16:02:30","created_by":"5","updated_by":"0"},{"id":"277","inward_invoice_id":"S5","inward_item_id":"89","auction_id":"50","grade_id":"8","lot_no":"2","lot_set":"1","auction_quantity":"1","sample_quantity":"0","auction_each_net":"25","base_price":"0","reverse_price":"0","high_price":"0","valuation_price":"0","last_sold_price":null,"status":"1","is_sold":"0","min_bid_added":"0","is_withdrawn":"0","created_at":"2024-11-22 16:02:30","updated_at":"2024-11-22 16:02:30","created_by":"5","updated_by":"0"}], 2024-11-22 04:17:21
ERROR - 2024-11-22 16:17:21 --> Error code L001. auctionItemId:276, 2024-11-22 04:17:21
ERROR - 2024-11-22 16:17:21 --> bid calculation initiated auctionItemId:276, 1
ERROR - 2024-11-22 16:17:21 --> bidding value array:{"id":"595","auction_item_id":"276","buyer_id":"3","bid_price":"110.00","sq":"1.000","bq":"1.000","bid_type":"1","created_at":"2024-11-22 16:16:56","updated_at":"2024-11-22 16:16:56"}
ERROR - 2024-11-22 16:17:21 --> Error code 007. HBP:110.00, HABP: 110, 2024-11-22 04:17:21
ERROR - 2024-11-22 16:17:21 --> bid calculation Ended auctionItemId:276, 2024-11-22 04:17:21
ERROR - 2024-11-22 16:17:21 --> Error code L002. auctionItemId:276, 2024-11-22 04:17:21
ERROR - 2024-11-22 16:17:21 --> Error code L003. auctionItemId:276, 2024-11-22 04:17:21
ERROR - 2024-11-22 16:17:21 --> Error code L001. auctionItemId:277, 2024-11-22 04:17:21
ERROR - 2024-11-22 16:17:21 --> bid calculation initiated auctionItemId:277, 0
ERROR - 2024-11-22 16:17:21 --> bid calculation Ended auctionItemId:277, 2024-11-22 04:17:21
ERROR - 2024-11-22 16:17:21 --> Error code L002. auctionItemId:277, 2024-11-22 04:17:21
ERROR - 2024-11-22 16:17:21 --> Error code L003. auctionItemId:277, 2024-11-22 04:17:21
ERROR - 2024-11-22 16:18:23 --> current items data:[{"id":"278","inward_invoice_id":"S3","inward_item_id":"87","auction_id":"50","grade_id":"11","lot_no":"3","lot_set":"2","auction_quantity":"1","sample_quantity":"0","auction_each_net":"25","base_price":"0","reverse_price":"0","high_price":"0","valuation_price":"0","last_sold_price":null,"status":"1","is_sold":"0","min_bid_added":"0","is_withdrawn":"0","created_at":"2024-11-22 16:02:30","updated_at":"2024-11-22 16:02:30","created_by":"5","updated_by":"0"},{"id":"279","inward_invoice_id":"S1","inward_item_id":"85","auction_id":"50","grade_id":"25","lot_no":"4","lot_set":"2","auction_quantity":"1","sample_quantity":"0","auction_each_net":"25","base_price":"0","reverse_price":"0","high_price":"0","valuation_price":"0","last_sold_price":null,"status":"1","is_sold":"0","min_bid_added":"0","is_withdrawn":"0","created_at":"2024-11-22 16:02:30","updated_at":"2024-11-22 16:02:30","created_by":"5","updated_by":"0"}], 2024-11-22 04:18:23
ERROR - 2024-11-22 16:18:23 --> Error code L001. auctionItemId:278, 2024-11-22 04:18:23
ERROR - 2024-11-22 16:18:23 --> bid calculation initiated auctionItemId:278, 0
ERROR - 2024-11-22 16:18:23 --> bid calculation Ended auctionItemId:278, 2024-11-22 04:18:23
ERROR - 2024-11-22 16:18:23 --> Error code L002. auctionItemId:278, 2024-11-22 04:18:23
ERROR - 2024-11-22 16:18:23 --> Error code L003. auctionItemId:278, 2024-11-22 04:18:23
ERROR - 2024-11-22 16:18:23 --> Error code L001. auctionItemId:279, 2024-11-22 04:18:23
ERROR - 2024-11-22 16:18:23 --> bid calculation initiated auctionItemId:279, 0
ERROR - 2024-11-22 16:18:23 --> bid calculation Ended auctionItemId:279, 2024-11-22 04:18:23
ERROR - 2024-11-22 16:18:23 --> Error code L002. auctionItemId:279, 2024-11-22 04:18:23
ERROR - 2024-11-22 16:18:23 --> Error code L003. auctionItemId:279, 2024-11-22 04:18:23
ERROR - 2024-11-22 16:19:24 --> current items data:[{"id":"280","inward_invoice_id":"S2","inward_item_id":"86","auction_id":"50","grade_id":"64","lot_no":"5","lot_set":"3","auction_quantity":"1","sample_quantity":"0","auction_each_net":"25","base_price":"0","reverse_price":"0","high_price":"0","valuation_price":"0","last_sold_price":null,"status":"1","is_sold":"0","min_bid_added":"0","is_withdrawn":"0","created_at":"2024-11-22 16:02:30","updated_at":"2024-11-22 16:02:30","created_by":"5","updated_by":"0"}], 2024-11-22 04:19:24
ERROR - 2024-11-22 16:19:24 --> Error code L001. auctionItemId:280, 2024-11-22 04:19:24
ERROR - 2024-11-22 16:19:24 --> bid calculation initiated auctionItemId:280, 0
ERROR - 2024-11-22 16:19:24 --> bid calculation Ended auctionItemId:280, 2024-11-22 04:19:24
ERROR - 2024-11-22 16:19:24 --> Error code L002. auctionItemId:280, 2024-11-22 04:19:24
ERROR - 2024-11-22 16:19:24 --> Error code L003. auctionItemId:280, 2024-11-22 04:19:24
ERROR - 2024-11-22 16:23:13 --> Both manual and auto bids exist
ERROR - 2024-11-22 16:23:13 --> Manual bid only
ERROR - 2024-11-22 16:24:12 --> current items data:[{"id":"281","inward_invoice_id":"S4","inward_item_id":"88","auction_id":"51","grade_id":"7","lot_no":"1","lot_set":"1","auction_quantity":"1","sample_quantity":"0","auction_each_net":"25","base_price":"100","reverse_price":"105","high_price":"0","valuation_price":"110","last_sold_price":null,"status":"1","is_sold":"0","min_bid_added":"0","is_withdrawn":"0","created_at":"2024-11-22 16:11:21","updated_at":"2024-11-22 16:12:21","created_by":"5","updated_by":"5"},{"id":"282","inward_invoice_id":"S5","inward_item_id":"89","auction_id":"51","grade_id":"8","lot_no":"2","lot_set":"1","auction_quantity":"1","sample_quantity":"0","auction_each_net":"25","base_price":"100","reverse_price":"105","high_price":"0","valuation_price":"110","last_sold_price":null,"status":"1","is_sold":"0","min_bid_added":"0","is_withdrawn":"0","created_at":"2024-11-22 16:11:21","updated_at":"2024-11-22 16:12:21","created_by":"5","updated_by":"5"}], 2024-11-22 04:24:12
ERROR - 2024-11-22 16:24:12 --> Error code L001. auctionItemId:281, 2024-11-22 04:24:12
ERROR - 2024-11-22 16:24:12 --> bid calculation initiated auctionItemId:281, 1
ERROR - 2024-11-22 16:24:12 --> bidding value array:{"id":"600","auction_item_id":"281","buyer_id":"1","bid_price":"141.00","sq":"1.000","bq":"1.000","bid_type":"1","created_at":"2024-11-22 16:23:51","updated_at":"2024-11-22 16:23:51"}
ERROR - 2024-11-22 16:24:12 --> Error code 001. HBP:141.00, HABP: 150, 2024-11-22 04:24:12
ERROR - 2024-11-22 16:24:12 --> Error code 003. HBP:141.00, RP: 105, 2024-11-22 04:24:12
ERROR - 2024-11-22 16:24:12 --> Error code 005. HBP:141.00, SLHABP: 0, 2024-11-22 04:24:12
ERROR - 2024-11-22 16:24:12 --> bid calculation Ended auctionItemId:281, 2024-11-22 04:24:12
ERROR - 2024-11-22 16:24:12 --> Error code L002. auctionItemId:281, 2024-11-22 04:24:12
ERROR - 2024-11-22 16:24:12 --> Error code L003. auctionItemId:281, 2024-11-22 04:24:12
ERROR - 2024-11-22 16:24:12 --> Error code L001. auctionItemId:282, 2024-11-22 04:24:12
ERROR - 2024-11-22 16:24:12 --> bid calculation initiated auctionItemId:282, 1
ERROR - 2024-11-22 16:24:12 --> bidding value array:{"id":"601","auction_item_id":"282","buyer_id":"1","bid_price":"170.00","sq":"1.000","bq":"1.000","bid_type":"0","created_at":"2024-11-22 16:24:11","updated_at":"2024-11-22 16:24:11"}
ERROR - 2024-11-22 16:24:12 --> Error code 006. HBP:170.00, HABP: 0, 2024-11-22 04:24:12
ERROR - 2024-11-22 16:24:12 --> bid calculation Ended auctionItemId:282, 2024-11-22 04:24:12
ERROR - 2024-11-22 16:24:12 --> Error code L002. auctionItemId:282, 2024-11-22 04:24:12
ERROR - 2024-11-22 16:24:12 --> Error code L003. auctionItemId:282, 2024-11-22 04:24:12
ERROR - 2024-11-22 16:24:13 --> Manual bid only
ERROR - 2024-11-22 16:24:14 --> Manual bid only
ERROR - 2024-11-22 16:25:14 --> current items data:[{"id":"283","inward_invoice_id":"S6","inward_item_id":"90","auction_id":"51","grade_id":"9","lot_no":"3","lot_set":"2","auction_quantity":"1","sample_quantity":"0","auction_each_net":"25","base_price":"100","reverse_price":"105","high_price":"0","valuation_price":"110","last_sold_price":null,"status":"1","is_sold":"0","min_bid_added":"0","is_withdrawn":"0","created_at":"2024-11-22 16:11:21","updated_at":"2024-11-22 16:12:21","created_by":"5","updated_by":"5"},{"id":"284","inward_invoice_id":"S3","inward_item_id":"87","auction_id":"51","grade_id":"11","lot_no":"4","lot_set":"2","auction_quantity":"1","sample_quantity":"0","auction_each_net":"25","base_price":"100","reverse_price":"105","high_price":"0","valuation_price":"110","last_sold_price":null,"status":"1","is_sold":"0","min_bid_added":"0","is_withdrawn":"0","created_at":"2024-11-22 16:11:21","updated_at":"2024-11-22 16:12:21","created_by":"5","updated_by":"5"}], 2024-11-22 04:25:14
ERROR - 2024-11-22 16:25:14 --> Error code L001. auctionItemId:283, 2024-11-22 04:25:14
ERROR - 2024-11-22 16:25:14 --> bid calculation initiated auctionItemId:283, 1
ERROR - 2024-11-22 16:25:14 --> bidding value array:{"id":"602","auction_item_id":"283","buyer_id":"1","bid_price":"130.00","sq":"1.000","bq":"1.000","bid_type":"0","created_at":"2024-11-22 16:24:13","updated_at":"2024-11-22 16:24:13"}
ERROR - 2024-11-22 16:25:14 --> Error code 006. HBP:130.00, HABP: 0, 2024-11-22 04:25:14
ERROR - 2024-11-22 16:25:14 --> bid calculation Ended auctionItemId:283, 2024-11-22 04:25:14
ERROR - 2024-11-22 16:25:14 --> Error code L002. auctionItemId:283, 2024-11-22 04:25:14
ERROR - 2024-11-22 16:25:14 --> Error code L003. auctionItemId:283, 2024-11-22 04:25:14
ERROR - 2024-11-22 16:25:14 --> Error code L001. auctionItemId:284, 2024-11-22 04:25:14
ERROR - 2024-11-22 16:25:14 --> bid calculation initiated auctionItemId:284, 1
ERROR - 2024-11-22 16:25:14 --> bidding value array:{"id":"608","auction_item_id":"284","buyer_id":"3","bid_price":"200.00","sq":"1.000","bq":"1.000","bid_type":"0","created_at":"2024-11-22 16:24:53","updated_at":"2024-11-22 16:24:53"}
ERROR - 2024-11-22 16:25:14 --> Error code 006. HBP:200.00, HABP: 150, 2024-11-22 04:25:14
ERROR - 2024-11-22 16:25:14 --> bid calculation Ended auctionItemId:284, 2024-11-22 04:25:14
ERROR - 2024-11-22 16:25:14 --> Error code L002. auctionItemId:284, 2024-11-22 04:25:14
ERROR - 2024-11-22 16:25:14 --> Error code L003. auctionItemId:284, 2024-11-22 04:25:14
ERROR - 2024-11-22 16:25:15 --> Manual bid only
ERROR - 2024-11-22 16:25:17 --> current items data:[], 2024-11-22 04:25:17
ERROR - 2024-11-22 16:26:15 --> current items data:[{"id":"285","inward_invoice_id":"S1","inward_item_id":"85","auction_id":"51","grade_id":"25","lot_no":"5","lot_set":"3","auction_quantity":"1","sample_quantity":"0","auction_each_net":"25","base_price":"100","reverse_price":"105","high_price":"0","valuation_price":"110","last_sold_price":null,"status":"1","is_sold":"0","min_bid_added":"0","is_withdrawn":"0","created_at":"2024-11-22 16:11:21","updated_at":"2024-11-22 16:12:21","created_by":"5","updated_by":"5"},{"id":"286","inward_invoice_id":"S2","inward_item_id":"86","auction_id":"51","grade_id":"64","lot_no":"6","lot_set":"3","auction_quantity":"1","sample_quantity":"0","auction_each_net":"25","base_price":"100","reverse_price":"105","high_price":"0","valuation_price":"110","last_sold_price":null,"status":"1","is_sold":"0","min_bid_added":"0","is_withdrawn":"0","created_at":"2024-11-22 16:11:21","updated_at":"2024-11-22 16:12:21","created_by":"5","updated_by":"5"}], 2024-11-22 04:26:15
ERROR - 2024-11-22 16:26:15 --> Error code L001. auctionItemId:285, 2024-11-22 04:26:15
ERROR - 2024-11-22 16:26:15 --> bid calculation initiated auctionItemId:285, 1
ERROR - 2024-11-22 16:26:15 --> bidding value array:{"id":"609","auction_item_id":"285","buyer_id":"1","bid_price":"120.00","sq":"1.000","bq":"1.000","bid_type":"0","created_at":"2024-11-22 16:25:15","updated_at":"2024-11-22 16:25:15"}
ERROR - 2024-11-22 16:26:15 --> Error code 006. HBP:120.00, HABP: 0, 2024-11-22 04:26:15
ERROR - 2024-11-22 16:26:15 --> bid calculation Ended auctionItemId:285, 2024-11-22 04:26:15
ERROR - 2024-11-22 16:26:15 --> Error code L002. auctionItemId:285, 2024-11-22 04:26:15
ERROR - 2024-11-22 16:26:15 --> Error code L003. auctionItemId:285, 2024-11-22 04:26:15
ERROR - 2024-11-22 16:26:15 --> Error code L001. auctionItemId:286, 2024-11-22 04:26:15
ERROR - 2024-11-22 16:26:15 --> bid calculation initiated auctionItemId:286, 0
ERROR - 2024-11-22 16:26:15 --> bid calculation Ended auctionItemId:286, 2024-11-22 04:26:15
ERROR - 2024-11-22 16:26:15 --> Error code L002. auctionItemId:286, 2024-11-22 04:26:15
ERROR - 2024-11-22 16:26:15 --> Error code L003. auctionItemId:286, 2024-11-22 04:26:15
ERROR - 2024-11-22 16:26:18 --> current items data:[], 2024-11-22 04:26:18
CRITICAL - 2024-11-22 16:31:06 --> ErrorException: Undefined variable $auction_data
in APPPATH/Controllers/Cart.php on line 428.
 1 APPPATH/Controllers/Cart.php(428): CodeIgniter\Debug\Exceptions->errorHandler(2, 'Undefined variable $auction_data', '/var/www/eazyhosting.in/public_html/api/app/Controllers/Cart.php', 428)
 2 SYSTEMPATH/CodeIgniter.php(941): App\Controllers\Cart->auctiongardenlist()
 3 SYSTEMPATH/CodeIgniter.php(502): CodeIgniter\CodeIgniter->runController(Object(App\Controllers\Cart))
 4 SYSTEMPATH/CodeIgniter.php(361): CodeIgniter\CodeIgniter->handleRequest(null, Object(Config\Cache), false)
 5 FCPATH/index.php(79): CodeIgniter\CodeIgniter->run()
CRITICAL - 2024-11-22 16:31:10 --> ErrorException: Undefined variable $auction_data
in APPPATH/Controllers/Cart.php on line 428.
 1 APPPATH/Controllers/Cart.php(428): CodeIgniter\Debug\Exceptions->errorHandler(2, 'Undefined variable $auction_data', '/var/www/eazyhosting.in/public_html/api/app/Controllers/Cart.php', 428)
 2 SYSTEMPATH/CodeIgniter.php(941): App\Controllers\Cart->auctiongardenlist()
 3 SYSTEMPATH/CodeIgniter.php(502): CodeIgniter\CodeIgniter->runController(Object(App\Controllers\Cart))
 4 SYSTEMPATH/CodeIgniter.php(361): CodeIgniter\CodeIgniter->handleRequest(null, Object(Config\Cache), false)
 5 FCPATH/index.php(79): CodeIgniter\CodeIgniter->run()
CRITICAL - 2024-11-22 16:31:28 --> ErrorException: Undefined variable $auction_data
in APPPATH/Controllers/Cart.php on line 428.
 1 APPPATH/Controllers/Cart.php(428): CodeIgniter\Debug\Exceptions->errorHandler(2, 'Undefined variable $auction_data', '/var/www/eazyhosting.in/public_html/api/app/Controllers/Cart.php', 428)
 2 SYSTEMPATH/CodeIgniter.php(941): App\Controllers\Cart->auctiongardenlist()
 3 SYSTEMPATH/CodeIgniter.php(502): CodeIgniter\CodeIgniter->runController(Object(App\Controllers\Cart))
 4 SYSTEMPATH/CodeIgniter.php(361): CodeIgniter\CodeIgniter->handleRequest(null, Object(Config\Cache), false)
 5 FCPATH/index.php(79): CodeIgniter\CodeIgniter->run()
CRITICAL - 2024-11-22 16:31:30 --> ErrorException: Undefined variable $auction_data
in APPPATH/Controllers/Cart.php on line 428.
 1 APPPATH/Controllers/Cart.php(428): CodeIgniter\Debug\Exceptions->errorHandler(2, 'Undefined variable $auction_data', '/var/www/eazyhosting.in/public_html/api/app/Controllers/Cart.php', 428)
 2 SYSTEMPATH/CodeIgniter.php(941): App\Controllers\Cart->auctiongardenlist()
 3 SYSTEMPATH/CodeIgniter.php(502): CodeIgniter\CodeIgniter->runController(Object(App\Controllers\Cart))
 4 SYSTEMPATH/CodeIgniter.php(361): CodeIgniter\CodeIgniter->handleRequest(null, Object(Config\Cache), false)
 5 FCPATH/index.php(79): CodeIgniter\CodeIgniter->run()
ERROR - 2024-11-22 16:34:29 --> Both manual and auto bids exist
ERROR - 2024-11-22 16:34:29 --> Both manual and auto bids exist
ERROR - 2024-11-22 16:35:28 --> current items data:[{"id":"287","inward_invoice_id":"S4","inward_item_id":"88","auction_id":"52","grade_id":"7","lot_no":"1","lot_set":"1","auction_quantity":"1","sample_quantity":"0","auction_each_net":"25","base_price":"100","reverse_price":"105","high_price":"0","valuation_price":"110","last_sold_price":null,"status":"1","is_sold":"0","min_bid_added":"0","is_withdrawn":"0","created_at":"2024-11-22 16:31:35","updated_at":"2024-11-22 16:31:54","created_by":"5","updated_by":"5"},{"id":"288","inward_invoice_id":"S5","inward_item_id":"89","auction_id":"52","grade_id":"8","lot_no":"2","lot_set":"1","auction_quantity":"1","sample_quantity":"0","auction_each_net":"25","base_price":"100","reverse_price":"105","high_price":"0","valuation_price":"110","last_sold_price":null,"status":"1","is_sold":"0","min_bid_added":"0","is_withdrawn":"0","created_at":"2024-11-22 16:31:35","updated_at":"2024-11-22 16:31:54","created_by":"5","updated_by":"5"}], 2024-11-22 04:35:28
ERROR - 2024-11-22 16:35:28 --> Error code L001. auctionItemId:287, 2024-11-22 04:35:28
ERROR - 2024-11-22 16:35:28 --> bid calculation initiated auctionItemId:287, 1
ERROR - 2024-11-22 16:35:28 --> bidding value array:{"id":"613","auction_item_id":"287","buyer_id":"3","bid_price":"120.00","sq":"1.000","bq":"1.000","bid_type":"0","created_at":"2024-11-22 16:34:57","updated_at":"2024-11-22 16:34:57"}
ERROR - 2024-11-22 16:35:28 --> Error code 006. HBP:120.00, HABP: 110, 2024-11-22 04:35:28
ERROR - 2024-11-22 16:35:28 --> bid calculation Ended auctionItemId:287, 2024-11-22 04:35:28
ERROR - 2024-11-22 16:35:28 --> Error code L002. auctionItemId:287, 2024-11-22 04:35:28
ERROR - 2024-11-22 16:35:28 --> Error code L003. auctionItemId:287, 2024-11-22 04:35:28
ERROR - 2024-11-22 16:35:28 --> Error code L001. auctionItemId:288, 2024-11-22 04:35:28
ERROR - 2024-11-22 16:35:28 --> bid calculation initiated auctionItemId:288, 1
ERROR - 2024-11-22 16:35:28 --> bidding value array:{"id":"612","auction_item_id":"288","buyer_id":"3","bid_price":"102.00","sq":"1.000","bq":"1.000","bid_type":"1","created_at":"2024-11-22 16:34:29","updated_at":"2024-11-22 16:34:29"}
ERROR - 2024-11-22 16:35:28 --> Error code 001. HBP:102.00, HABP: 110, 2024-11-22 04:35:28
ERROR - 2024-11-22 16:35:28 --> Error code 002. HBP:102.00, RP: 105, 2024-11-22 04:35:28
ERROR - 2024-11-22 16:35:28 --> bid calculation Ended auctionItemId:288, 2024-11-22 04:35:28
ERROR - 2024-11-22 16:35:28 --> Error code L002. auctionItemId:288, 2024-11-22 04:35:28
ERROR - 2024-11-22 16:35:28 --> Error code L003. auctionItemId:288, 2024-11-22 04:35:28
ERROR - 2024-11-22 16:35:30 --> Both manual and auto bids exist
ERROR - 2024-11-22 16:35:30 --> Both manual and auto bids exist
ERROR - 2024-11-22 16:36:30 --> current items data:[{"id":"289","inward_invoice_id":"S3","inward_item_id":"87","auction_id":"52","grade_id":"11","lot_no":"3","lot_set":"2","auction_quantity":"1","sample_quantity":"0","auction_each_net":"25","base_price":"100","reverse_price":"105","high_price":"0","valuation_price":"110","last_sold_price":null,"status":"1","is_sold":"0","min_bid_added":"0","is_withdrawn":"0","created_at":"2024-11-22 16:31:35","updated_at":"2024-11-22 16:31:54","created_by":"5","updated_by":"5"},{"id":"290","inward_invoice_id":"S1","inward_item_id":"85","auction_id":"52","grade_id":"25","lot_no":"4","lot_set":"2","auction_quantity":"1","sample_quantity":"0","auction_each_net":"25","base_price":"100","reverse_price":"105","high_price":"0","valuation_price":"110","last_sold_price":null,"status":"1","is_sold":"0","min_bid_added":"0","is_withdrawn":"0","created_at":"2024-11-22 16:31:35","updated_at":"2024-11-22 16:31:54","created_by":"5","updated_by":"5"}], 2024-11-22 04:36:30
ERROR - 2024-11-22 16:36:30 --> Error code L001. auctionItemId:289, 2024-11-22 04:36:30
ERROR - 2024-11-22 16:36:30 --> bid calculation initiated auctionItemId:289, 1
ERROR - 2024-11-22 16:36:30 --> bidding value array:{"id":"615","auction_item_id":"289","buyer_id":"3","bid_price":"102.00","sq":"1.000","bq":"1.000","bid_type":"1","created_at":"2024-11-22 16:35:30","updated_at":"2024-11-22 16:35:30"}
ERROR - 2024-11-22 16:36:30 --> Error code 001. HBP:102.00, HABP: 110, 2024-11-22 04:36:30
ERROR - 2024-11-22 16:36:30 --> Error code 002. HBP:102.00, RP: 105, 2024-11-22 04:36:30
ERROR - 2024-11-22 16:36:30 --> bid calculation Ended auctionItemId:289, 2024-11-22 04:36:30
ERROR - 2024-11-22 16:36:30 --> Error code L002. auctionItemId:289, 2024-11-22 04:36:30
ERROR - 2024-11-22 16:36:30 --> Error code L003. auctionItemId:289, 2024-11-22 04:36:30
ERROR - 2024-11-22 16:36:30 --> Error code L001. auctionItemId:290, 2024-11-22 04:36:30
ERROR - 2024-11-22 16:36:30 --> bid calculation initiated auctionItemId:290, 1
ERROR - 2024-11-22 16:36:30 --> bidding value array:{"id":"619","auction_item_id":"290","buyer_id":"3","bid_price":"117.00","sq":"1.000","bq":"1.000","bid_type":"1","created_at":"2024-11-22 16:35:58","updated_at":"2024-11-22 16:35:58"}
ERROR - 2024-11-22 16:36:30 --> Error code 001. HBP:117.00, HABP: 130, 2024-11-22 04:36:30
ERROR - 2024-11-22 16:36:30 --> Error code 003. HBP:117.00, RP: 105, 2024-11-22 04:36:30
ERROR - 2024-11-22 16:36:30 --> Error code 005. HBP:117.00, SLHABP: 0, 2024-11-22 04:36:30
ERROR - 2024-11-22 16:36:30 --> bid calculation Ended auctionItemId:290, 2024-11-22 04:36:30
ERROR - 2024-11-22 16:36:30 --> Error code L002. auctionItemId:290, 2024-11-22 04:36:30
ERROR - 2024-11-22 16:36:30 --> Error code L003. auctionItemId:290, 2024-11-22 04:36:30
ERROR - 2024-11-22 16:37:31 --> current items data:[{"id":"291","inward_invoice_id":"S2","inward_item_id":"86","auction_id":"52","grade_id":"64","lot_no":"5","lot_set":"3","auction_quantity":"1","sample_quantity":"0","auction_each_net":"25","base_price":"100","reverse_price":"105","high_price":"0","valuation_price":"110","last_sold_price":null,"status":"1","is_sold":"0","min_bid_added":"0","is_withdrawn":"0","created_at":"2024-11-22 16:31:35","updated_at":"2024-11-22 16:31:55","created_by":"5","updated_by":"5"}], 2024-11-22 04:37:31
ERROR - 2024-11-22 16:37:31 --> Error code L001. auctionItemId:291, 2024-11-22 04:37:31
ERROR - 2024-11-22 16:37:31 --> bid calculation initiated auctionItemId:291, 0
ERROR - 2024-11-22 16:37:31 --> bid calculation Ended auctionItemId:291, 2024-11-22 04:37:31
ERROR - 2024-11-22 16:37:31 --> Error code L002. auctionItemId:291, 2024-11-22 04:37:31
ERROR - 2024-11-22 16:37:31 --> Error code L003. auctionItemId:291, 2024-11-22 04:37:31
CRITICAL - 2024-11-22 16:49:35 --> ErrorException: Undefined variable $auction_data
in APPPATH/Controllers/Cart.php on line 428.
 1 APPPATH/Controllers/Cart.php(428): CodeIgniter\Debug\Exceptions->errorHandler(2, 'Undefined variable $auction_data', '/var/www/eazyhosting.in/public_html/api/app/Controllers/Cart.php', 428)
 2 SYSTEMPATH/CodeIgniter.php(941): App\Controllers\Cart->auctiongardenlist()
 3 SYSTEMPATH/CodeIgniter.php(502): CodeIgniter\CodeIgniter->runController(Object(App\Controllers\Cart))
 4 SYSTEMPATH/CodeIgniter.php(361): CodeIgniter\CodeIgniter->handleRequest(null, Object(Config\Cache), false)
 5 FCPATH/index.php(79): CodeIgniter\CodeIgniter->run()
CRITICAL - 2024-11-22 20:57:37 --> ErrorException: Undefined variable $auction_data
in APPPATH/Controllers/Cart.php on line 428.
 1 APPPATH/Controllers/Cart.php(428): CodeIgniter\Debug\Exceptions->errorHandler(2, 'Undefined variable $auction_data', '/var/www/eazyhosting.in/public_html/api/app/Controllers/Cart.php', 428)
 2 SYSTEMPATH/CodeIgniter.php(941): App\Controllers\Cart->auctiongardenlist()
 3 SYSTEMPATH/CodeIgniter.php(502): CodeIgniter\CodeIgniter->runController(Object(App\Controllers\Cart))
 4 SYSTEMPATH/CodeIgniter.php(361): CodeIgniter\CodeIgniter->handleRequest(null, Object(Config\Cache), false)
 5 FCPATH/index.php(79): CodeIgniter\CodeIgniter->run()
CRITICAL - 2024-11-22 20:57:48 --> ErrorException: Undefined variable $auction_data
in APPPATH/Controllers/Cart.php on line 428.
 1 APPPATH/Controllers/Cart.php(428): CodeIgniter\Debug\Exceptions->errorHandler(2, 'Undefined variable $auction_data', '/var/www/eazyhosting.in/public_html/api/app/Controllers/Cart.php', 428)
 2 SYSTEMPATH/CodeIgniter.php(941): App\Controllers\Cart->auctiongardenlist()
 3 SYSTEMPATH/CodeIgniter.php(502): CodeIgniter\CodeIgniter->runController(Object(App\Controllers\Cart))
 4 SYSTEMPATH/CodeIgniter.php(361): CodeIgniter\CodeIgniter->handleRequest(null, Object(Config\Cache), false)
 5 FCPATH/index.php(79): CodeIgniter\CodeIgniter->run()
CRITICAL - 2024-11-22 22:56:42 --> ErrorException: Undefined variable $auction_data
in APPPATH/Controllers/Cart.php on line 428.
 1 APPPATH/Controllers/Cart.php(428): CodeIgniter\Debug\Exceptions->errorHandler(2, 'Undefined variable $auction_data', '/var/www/eazyhosting.in/public_html/api/app/Controllers/Cart.php', 428)
 2 SYSTEMPATH/CodeIgniter.php(941): App\Controllers\Cart->auctiongardenlist()
 3 SYSTEMPATH/CodeIgniter.php(502): CodeIgniter\CodeIgniter->runController(Object(App\Controllers\Cart))
 4 SYSTEMPATH/CodeIgniter.php(361): CodeIgniter\CodeIgniter->handleRequest(null, Object(Config\Cache), false)
 5 FCPATH/index.php(79): CodeIgniter\CodeIgniter->run()
CRITICAL - 2024-11-22 22:57:15 --> ErrorException: Undefined variable $auction_data
in APPPATH/Controllers/Cart.php on line 428.
 1 APPPATH/Controllers/Cart.php(428): CodeIgniter\Debug\Exceptions->errorHandler(2, 'Undefined variable $auction_data', '/var/www/eazyhosting.in/public_html/api/app/Controllers/Cart.php', 428)
 2 SYSTEMPATH/CodeIgniter.php(941): App\Controllers\Cart->auctiongardenlist()
 3 SYSTEMPATH/CodeIgniter.php(502): CodeIgniter\CodeIgniter->runController(Object(App\Controllers\Cart))
 4 SYSTEMPATH/CodeIgniter.php(361): CodeIgniter\CodeIgniter->handleRequest(null, Object(Config\Cache), false)
 5 FCPATH/index.php(79): CodeIgniter\CodeIgniter->run()
CRITICAL - 2024-11-22 22:57:30 --> ErrorException: Undefined variable $auction_data
in APPPATH/Controllers/Cart.php on line 428.
 1 APPPATH/Controllers/Cart.php(428): CodeIgniter\Debug\Exceptions->errorHandler(2, 'Undefined variable $auction_data', '/var/www/eazyhosting.in/public_html/api/app/Controllers/Cart.php', 428)
 2 SYSTEMPATH/CodeIgniter.php(941): App\Controllers\Cart->auctiongardenlist()
 3 SYSTEMPATH/CodeIgniter.php(502): CodeIgniter\CodeIgniter->runController(Object(App\Controllers\Cart))
 4 SYSTEMPATH/CodeIgniter.php(361): CodeIgniter\CodeIgniter->handleRequest(null, Object(Config\Cache), false)
 5 FCPATH/index.php(79): CodeIgniter\CodeIgniter->run()
ERROR - 2024-11-22 23:07:25 --> current items data:[{"id":"292","inward_invoice_id":"S4","inward_item_id":"88","auction_id":"54","grade_id":"7","lot_no":"1","lot_set":"1","auction_quantity":"1","sample_quantity":"0","auction_each_net":"25","base_price":"0","reverse_price":"0","high_price":"0","valuation_price":"0","last_sold_price":null,"status":"1","is_sold":"0","min_bid_added":"0","is_withdrawn":"0","created_at":"2024-11-22 22:57:37","updated_at":"2024-11-22 22:57:37","created_by":"3","updated_by":"0"},{"id":"293","inward_invoice_id":"S3","inward_item_id":"87","auction_id":"54","grade_id":"11","lot_no":"2","lot_set":"1","auction_quantity":"1","sample_quantity":"0","auction_each_net":"25","base_price":"0","reverse_price":"0","high_price":"0","valuation_price":"0","last_sold_price":null,"status":"1","is_sold":"0","min_bid_added":"0","is_withdrawn":"0","created_at":"2024-11-22 22:57:37","updated_at":"2024-11-22 22:57:37","created_by":"3","updated_by":"0"}], 2024-11-22 11:07:25
ERROR - 2024-11-22 23:07:25 --> Error code L001. auctionItemId:292, 2024-11-22 11:07:25
ERROR - 2024-11-22 23:07:25 --> bid calculation initiated auctionItemId:292, 0
ERROR - 2024-11-22 23:07:25 --> bid calculation Ended auctionItemId:292, 2024-11-22 11:07:25
ERROR - 2024-11-22 23:07:25 --> Error code L002. auctionItemId:292, 2024-11-22 11:07:25
ERROR - 2024-11-22 23:07:25 --> Error code L003. auctionItemId:292, 2024-11-22 11:07:25
ERROR - 2024-11-22 23:07:25 --> Error code L001. auctionItemId:293, 2024-11-22 11:07:25
ERROR - 2024-11-22 23:07:25 --> bid calculation initiated auctionItemId:293, 0
ERROR - 2024-11-22 23:07:25 --> bid calculation Ended auctionItemId:293, 2024-11-22 11:07:25
ERROR - 2024-11-22 23:07:25 --> Error code L002. auctionItemId:293, 2024-11-22 11:07:25
ERROR - 2024-11-22 23:07:25 --> Error code L003. auctionItemId:293, 2024-11-22 11:07:25
ERROR - 2024-11-22 23:08:28 --> current items data:[{"id":"294","inward_invoice_id":"S1","inward_item_id":"85","auction_id":"54","grade_id":"25","lot_no":"3","lot_set":"2","auction_quantity":"1","sample_quantity":"0","auction_each_net":"25","base_price":"0","reverse_price":"0","high_price":"0","valuation_price":"0","last_sold_price":null,"status":"1","is_sold":"0","min_bid_added":"0","is_withdrawn":"0","created_at":"2024-11-22 22:57:37","updated_at":"2024-11-22 22:57:37","created_by":"3","updated_by":"0"},{"id":"295","inward_invoice_id":"S2","inward_item_id":"86","auction_id":"54","grade_id":"64","lot_no":"4","lot_set":"2","auction_quantity":"1","sample_quantity":"0","auction_each_net":"25","base_price":"0","reverse_price":"0","high_price":"0","valuation_price":"0","last_sold_price":null,"status":"1","is_sold":"0","min_bid_added":"0","is_withdrawn":"0","created_at":"2024-11-22 22:57:37","updated_at":"2024-11-22 22:57:37","created_by":"3","updated_by":"0"}], 2024-11-22 11:08:28
ERROR - 2024-11-22 23:08:28 --> Error code L001. auctionItemId:294, 2024-11-22 11:08:28
ERROR - 2024-11-22 23:08:28 --> bid calculation initiated auctionItemId:294, 0
ERROR - 2024-11-22 23:08:28 --> bid calculation Ended auctionItemId:294, 2024-11-22 11:08:28
ERROR - 2024-11-22 23:08:28 --> Error code L002. auctionItemId:294, 2024-11-22 11:08:28
ERROR - 2024-11-22 23:08:28 --> Error code L003. auctionItemId:294, 2024-11-22 11:08:28
ERROR - 2024-11-22 23:08:28 --> Error code L001. auctionItemId:295, 2024-11-22 11:08:28
ERROR - 2024-11-22 23:08:28 --> bid calculation initiated auctionItemId:295, 0
ERROR - 2024-11-22 23:08:28 --> bid calculation Ended auctionItemId:295, 2024-11-22 11:08:28
ERROR - 2024-11-22 23:08:28 --> Error code L002. auctionItemId:295, 2024-11-22 11:08:28
ERROR - 2024-11-22 23:08:28 --> Error code L003. auctionItemId:295, 2024-11-22 11:08:28
CRITICAL - 2024-11-22 23:27:16 --> ErrorException: Undefined variable $auction_data
in APPPATH/Controllers/Cart.php on line 428.
 1 APPPATH/Controllers/Cart.php(428): CodeIgniter\Debug\Exceptions->errorHandler(2, 'Undefined variable $auction_data', '/var/www/eazyhosting.in/public_html/api/app/Controllers/Cart.php', 428)
 2 SYSTEMPATH/CodeIgniter.php(941): App\Controllers\Cart->auctiongardenlist()
 3 SYSTEMPATH/CodeIgniter.php(502): CodeIgniter\CodeIgniter->runController(Object(App\Controllers\Cart))
 4 SYSTEMPATH/CodeIgniter.php(361): CodeIgniter\CodeIgniter->handleRequest(null, Object(Config\Cache), false)
 5 FCPATH/index.php(79): CodeIgniter\CodeIgniter->run()
CRITICAL - 2024-11-22 23:27:36 --> ErrorException: Undefined variable $auction_data
in APPPATH/Controllers/Cart.php on line 428.
 1 APPPATH/Controllers/Cart.php(428): CodeIgniter\Debug\Exceptions->errorHandler(2, 'Undefined variable $auction_data', '/var/www/eazyhosting.in/public_html/api/app/Controllers/Cart.php', 428)
 2 SYSTEMPATH/CodeIgniter.php(941): App\Controllers\Cart->auctiongardenlist()
 3 SYSTEMPATH/CodeIgniter.php(502): CodeIgniter\CodeIgniter->runController(Object(App\Controllers\Cart))
 4 SYSTEMPATH/CodeIgniter.php(361): CodeIgniter\CodeIgniter->handleRequest(null, Object(Config\Cache), false)
 5 FCPATH/index.php(79): CodeIgniter\CodeIgniter->run()
CRITICAL - 2024-11-22 23:27:40 --> ErrorException: Undefined variable $auction_data
in APPPATH/Controllers/Cart.php on line 428.
 1 APPPATH/Controllers/Cart.php(428): CodeIgniter\Debug\Exceptions->errorHandler(2, 'Undefined variable $auction_data', '/var/www/eazyhosting.in/public_html/api/app/Controllers/Cart.php', 428)
 2 SYSTEMPATH/CodeIgniter.php(941): App\Controllers\Cart->auctiongardenlist()
 3 SYSTEMPATH/CodeIgniter.php(502): CodeIgniter\CodeIgniter->runController(Object(App\Controllers\Cart))
 4 SYSTEMPATH/CodeIgniter.php(361): CodeIgniter\CodeIgniter->handleRequest(null, Object(Config\Cache), false)
 5 FCPATH/index.php(79): CodeIgniter\CodeIgniter->run()
ERROR - 2024-11-22 23:31:07 --> current items data:[{"id":"296","inward_invoice_id":"S1","inward_item_id":"85","auction_id":"53","grade_id":"25","lot_no":"1","lot_set":"1","auction_quantity":"1","sample_quantity":"0","auction_each_net":"25","base_price":"0","reverse_price":"0","high_price":"0","valuation_price":"0","last_sold_price":null,"status":"1","is_sold":"0","min_bid_added":"0","is_withdrawn":"0","created_at":"2024-11-22 23:27:44","updated_at":"2024-11-22 23:27:44","created_by":"20","updated_by":"0"},{"id":"297","inward_invoice_id":"S2","inward_item_id":"86","auction_id":"53","grade_id":"64","lot_no":"2","lot_set":"1","auction_quantity":"1","sample_quantity":"0","auction_each_net":"25","base_price":"0","reverse_price":"0","high_price":"0","valuation_price":"0","last_sold_price":null,"status":"1","is_sold":"0","min_bid_added":"0","is_withdrawn":"0","created_at":"2024-11-22 23:27:44","updated_at":"2024-11-22 23:27:44","created_by":"20","updated_by":"0"}], 2024-11-22 11:31:07
ERROR - 2024-11-22 23:31:07 --> Error code L001. auctionItemId:296, 2024-11-22 11:31:07
ERROR - 2024-11-22 23:31:07 --> bid calculation initiated auctionItemId:296, 0
ERROR - 2024-11-22 23:31:07 --> bid calculation Ended auctionItemId:296, 2024-11-22 11:31:07
ERROR - 2024-11-22 23:31:07 --> Error code L002. auctionItemId:296, 2024-11-22 11:31:07
ERROR - 2024-11-22 23:31:07 --> Error code L003. auctionItemId:296, 2024-11-22 11:31:07
ERROR - 2024-11-22 23:31:07 --> Error code L001. auctionItemId:297, 2024-11-22 11:31:07
ERROR - 2024-11-22 23:31:07 --> bid calculation initiated auctionItemId:297, 0
ERROR - 2024-11-22 23:31:07 --> bid calculation Ended auctionItemId:297, 2024-11-22 11:31:07
ERROR - 2024-11-22 23:31:07 --> Error code L002. auctionItemId:297, 2024-11-22 11:31:07
ERROR - 2024-11-22 23:31:07 --> Error code L003. auctionItemId:297, 2024-11-22 11:31:07
CRITICAL - 2024-11-22 23:33:38 --> ErrorException: Undefined variable $auction_data
in APPPATH/Controllers/Cart.php on line 428.
 1 APPPATH/Controllers/Cart.php(428): CodeIgniter\Debug\Exceptions->errorHandler(2, 'Undefined variable $auction_data', '/var/www/eazyhosting.in/public_html/api/app/Controllers/Cart.php', 428)
 2 SYSTEMPATH/CodeIgniter.php(941): App\Controllers\Cart->auctiongardenlist()
 3 SYSTEMPATH/CodeIgniter.php(502): CodeIgniter\CodeIgniter->runController(Object(App\Controllers\Cart))
 4 SYSTEMPATH/CodeIgniter.php(361): CodeIgniter\CodeIgniter->handleRequest(null, Object(Config\Cache), false)
 5 FCPATH/index.php(79): CodeIgniter\CodeIgniter->run()
CRITICAL - 2024-11-22 23:33:58 --> ErrorException: Undefined variable $auction_data
in APPPATH/Controllers/Cart.php on line 428.
 1 APPPATH/Controllers/Cart.php(428): CodeIgniter\Debug\Exceptions->errorHandler(2, 'Undefined variable $auction_data', '/var/www/eazyhosting.in/public_html/api/app/Controllers/Cart.php', 428)
 2 SYSTEMPATH/CodeIgniter.php(941): App\Controllers\Cart->auctiongardenlist()
 3 SYSTEMPATH/CodeIgniter.php(502): CodeIgniter\CodeIgniter->runController(Object(App\Controllers\Cart))
 4 SYSTEMPATH/CodeIgniter.php(361): CodeIgniter\CodeIgniter->handleRequest(null, Object(Config\Cache), false)
 5 FCPATH/index.php(79): CodeIgniter\CodeIgniter->run()
CRITICAL - 2024-11-22 23:34:00 --> ErrorException: Undefined variable $auction_data
in APPPATH/Controllers/Cart.php on line 428.
 1 APPPATH/Controllers/Cart.php(428): CodeIgniter\Debug\Exceptions->errorHandler(2, 'Undefined variable $auction_data', '/var/www/eazyhosting.in/public_html/api/app/Controllers/Cart.php', 428)
 2 SYSTEMPATH/CodeIgniter.php(941): App\Controllers\Cart->auctiongardenlist()
 3 SYSTEMPATH/CodeIgniter.php(502): CodeIgniter\CodeIgniter->runController(Object(App\Controllers\Cart))
 4 SYSTEMPATH/CodeIgniter.php(361): CodeIgniter\CodeIgniter->handleRequest(null, Object(Config\Cache), false)
 5 FCPATH/index.php(79): CodeIgniter\CodeIgniter->run()
ERROR - 2024-11-22 23:37:11 --> Auto bid only
ERROR - 2024-11-22 23:37:11 --> Auto bid only:2
ERROR - 2024-11-22 23:38:11 --> current items data:[{"id":"298","inward_invoice_id":"S4","inward_item_id":"88","auction_id":"55","grade_id":"7","lot_no":"1","lot_set":"1","auction_quantity":"1","sample_quantity":"0","auction_each_net":"25","base_price":"110","reverse_price":"115","high_price":"0","valuation_price":"120","last_sold_price":null,"status":"1","is_sold":"0","min_bid_added":"0","is_withdrawn":"0","created_at":"2024-11-22 23:34:06","updated_at":"2024-11-22 23:34:38","created_by":"20","updated_by":"20"},{"id":"299","inward_invoice_id":"S3","inward_item_id":"87","auction_id":"55","grade_id":"11","lot_no":"2","lot_set":"1","auction_quantity":"1","sample_quantity":"0","auction_each_net":"25","base_price":"120","reverse_price":"125","high_price":"0","valuation_price":"130","last_sold_price":null,"status":"1","is_sold":"0","min_bid_added":"0","is_withdrawn":"0","created_at":"2024-11-22 23:34:07","updated_at":"2024-11-22 23:34:38","created_by":"20","updated_by":"20"}], 2024-11-22 11:38:11
ERROR - 2024-11-22 23:38:11 --> Error code L001. auctionItemId:298, 2024-11-22 11:38:11
ERROR - 2024-11-22 23:38:11 --> bid calculation initiated auctionItemId:298, 1
ERROR - 2024-11-22 23:38:11 --> bidding value array:{"id":"623","auction_item_id":"298","buyer_id":"20","bid_price":"116.00","sq":"1.000","bq":"1.000","bid_type":"1","created_at":"2024-11-22 23:37:59","updated_at":"2024-11-22 23:37:59"}
ERROR - 2024-11-22 23:38:11 --> Error code 001. HBP:116.00, HABP: 125, 2024-11-22 11:38:11
ERROR - 2024-11-22 23:38:11 --> Error code 003. HBP:116.00, RP: 115, 2024-11-22 11:38:11
ERROR - 2024-11-22 23:38:11 --> Error code 005. HBP:116.00, SLHABP: 0, 2024-11-22 11:38:11
ERROR - 2024-11-22 23:38:11 --> bid calculation Ended auctionItemId:298, 2024-11-22 11:38:11
ERROR - 2024-11-22 23:38:11 --> Error code L002. auctionItemId:298, 2024-11-22 11:38:11
ERROR - 2024-11-22 23:38:11 --> Error code L003. auctionItemId:298, 2024-11-22 11:38:11
ERROR - 2024-11-22 23:38:11 --> Error code L001. auctionItemId:299, 2024-11-22 11:38:11
ERROR - 2024-11-22 23:38:11 --> bid calculation initiated auctionItemId:299, 0
ERROR - 2024-11-22 23:38:11 --> bid calculation Ended auctionItemId:299, 2024-11-22 11:38:11
ERROR - 2024-11-22 23:38:11 --> Error code L002. auctionItemId:299, 2024-11-22 11:38:11
ERROR - 2024-11-22 23:38:11 --> Error code L003. auctionItemId:299, 2024-11-22 11:38:11
