CRITICAL - 2024-10-01 10:54:54 --> ErrorException: Undefined variable $auction_data
in APPPATH/Controllers/Cart.php on line 427.
 1 APPPATH/Controllers/Cart.php(427): CodeIgniter\Debug\Exceptions->errorHandler(2, 'Undefined variable $auction_data', '/var/www/eazyhosting.in/public_html/api/app/Controllers/Cart.php', 427)
 2 SYSTEMPATH/CodeIgniter.php(941): App\Controllers\Cart->auctiongardenlist()
 3 SYSTEMPATH/CodeIgniter.php(502): CodeIgniter\CodeIgniter->runController(Object(App\Controllers\Cart))
 4 SYSTEMPATH/CodeIgniter.php(361): CodeIgniter\CodeIgniter->handleRequest(null, Object(Config\Cache), false)
 5 FCPATH/index.php(79): CodeIgniter\CodeIgniter->run()
CRITICAL - 2024-10-01 10:55:09 --> ErrorException: Undefined variable $auction_data
in APPPATH/Controllers/Cart.php on line 427.
 1 APPPATH/Controllers/Cart.php(427): CodeIgniter\Debug\Exceptions->errorHandler(2, 'Undefined variable $auction_data', '/var/www/eazyhosting.in/public_html/api/app/Controllers/Cart.php', 427)
 2 SYSTEMPATH/CodeIgniter.php(941): App\Controllers\Cart->auctiongardenlist()
 3 SYSTEMPATH/CodeIgniter.php(502): CodeIgniter\CodeIgniter->runController(Object(App\Controllers\Cart))
 4 SYSTEMPATH/CodeIgniter.php(361): CodeIgniter\CodeIgniter->handleRequest(null, Object(Config\Cache), false)
 5 FCPATH/index.php(79): CodeIgniter\CodeIgniter->run()
CRITICAL - 2024-10-01 10:55:11 --> ErrorException: Undefined variable $auction_data
in APPPATH/Controllers/Cart.php on line 427.
 1 APPPATH/Controllers/Cart.php(427): CodeIgniter\Debug\Exceptions->errorHandler(2, 'Undefined variable $auction_data', '/var/www/eazyhosting.in/public_html/api/app/Controllers/Cart.php', 427)
 2 SYSTEMPATH/CodeIgniter.php(941): App\Controllers\Cart->auctiongardenlist()
 3 SYSTEMPATH/CodeIgniter.php(502): CodeIgniter\CodeIgniter->runController(Object(App\Controllers\Cart))
 4 SYSTEMPATH/CodeIgniter.php(361): CodeIgniter\CodeIgniter->handleRequest(null, Object(Config\Cache), false)
 5 FCPATH/index.php(79): CodeIgniter\CodeIgniter->run()
ERROR - 2024-10-01 10:59:41 --> current items data:[{"id":"55","inward_invoice_id":"R1","inward_item_id":"26","auction_id":"17","lot_no":"1","lot_set":"1","auction_quantity":"2","sample_quantity":"0","auction_each_net":"20","base_price":"0","reverse_price":"0","high_price":"0","valuation_price":"0","last_sold_price":null,"status":"1","is_sold":"0","min_bid_added":"0","is_withdrawn":"0","created_at":"2024-10-01 10:55:14","updated_at":"2024-10-01 10:55:14","created_by":"5","updated_by":"0"},{"id":"56","inward_invoice_id":"R4","inward_item_id":"29","auction_id":"17","lot_no":"2","lot_set":"1","auction_quantity":"2","sample_quantity":"0","auction_each_net":"11","base_price":"0","reverse_price":"0","high_price":"0","valuation_price":"0","last_sold_price":null,"status":"1","is_sold":"0","min_bid_added":"0","is_withdrawn":"0","created_at":"2024-10-01 10:55:14","updated_at":"2024-10-01 10:55:14","created_by":"5","updated_by":"0"}], 2024-10-01 10:59:41
ERROR - 2024-10-01 10:59:41 --> Error code L001. auctionItemId:55, 2024-10-01 10:59:41
ERROR - 2024-10-01 10:59:41 --> Error code L002. auctionItemId:55, 2024-10-01 10:59:41
ERROR - 2024-10-01 10:59:41 --> Error code L003. auctionItemId:55, 2024-10-01 10:59:41
ERROR - 2024-10-01 10:59:41 --> Error code L001. auctionItemId:56, 2024-10-01 10:59:41
ERROR - 2024-10-01 10:59:41 --> Error code L002. auctionItemId:56, 2024-10-01 10:59:41
ERROR - 2024-10-01 10:59:41 --> Error code L003. auctionItemId:56, 2024-10-01 10:59:41
CRITICAL - 2024-10-01 11:01:17 --> ErrorException: Undefined variable $auction_data
in APPPATH/Controllers/Cart.php on line 427.
 1 APPPATH/Controllers/Cart.php(427): CodeIgniter\Debug\Exceptions->errorHandler(2, 'Undefined variable $auction_data', '/var/www/eazyhosting.in/public_html/api/app/Controllers/Cart.php', 427)
 2 SYSTEMPATH/CodeIgniter.php(941): App\Controllers\Cart->auctiongardenlist()
 3 SYSTEMPATH/CodeIgniter.php(502): CodeIgniter\CodeIgniter->runController(Object(App\Controllers\Cart))
 4 SYSTEMPATH/CodeIgniter.php(361): CodeIgniter\CodeIgniter->handleRequest(null, Object(Config\Cache), false)
 5 FCPATH/index.php(79): CodeIgniter\CodeIgniter->run()
CRITICAL - 2024-10-01 11:01:30 --> ErrorException: Undefined variable $auction_data
in APPPATH/Controllers/Cart.php on line 427.
 1 APPPATH/Controllers/Cart.php(427): CodeIgniter\Debug\Exceptions->errorHandler(2, 'Undefined variable $auction_data', '/var/www/eazyhosting.in/public_html/api/app/Controllers/Cart.php', 427)
 2 SYSTEMPATH/CodeIgniter.php(941): App\Controllers\Cart->auctiongardenlist()
 3 SYSTEMPATH/CodeIgniter.php(502): CodeIgniter\CodeIgniter->runController(Object(App\Controllers\Cart))
 4 SYSTEMPATH/CodeIgniter.php(361): CodeIgniter\CodeIgniter->handleRequest(null, Object(Config\Cache), false)
 5 FCPATH/index.php(79): CodeIgniter\CodeIgniter->run()
CRITICAL - 2024-10-01 11:01:32 --> ErrorException: Undefined variable $auction_data
in APPPATH/Controllers/Cart.php on line 427.
 1 APPPATH/Controllers/Cart.php(427): CodeIgniter\Debug\Exceptions->errorHandler(2, 'Undefined variable $auction_data', '/var/www/eazyhosting.in/public_html/api/app/Controllers/Cart.php', 427)
 2 SYSTEMPATH/CodeIgniter.php(941): App\Controllers\Cart->auctiongardenlist()
 3 SYSTEMPATH/CodeIgniter.php(502): CodeIgniter\CodeIgniter->runController(Object(App\Controllers\Cart))
 4 SYSTEMPATH/CodeIgniter.php(361): CodeIgniter\CodeIgniter->handleRequest(null, Object(Config\Cache), false)
 5 FCPATH/index.php(79): CodeIgniter\CodeIgniter->run()
ERROR - 2024-10-01 11:11:08 --> E004 - 2024-10-01 11:11:08
ERROR - 2024-10-01 11:11:08 --> E004.2 - 2024-10-01 11:11:08
ERROR - 2024-10-01 11:11:08 --> E004 - 2024-10-01 11:11:08
ERROR - 2024-10-01 11:11:08 --> E004.2 - 2024-10-01 11:11:08
ERROR - 2024-10-01 11:13:39 --> current items data:[{"id":"57","inward_invoice_id":"R1","inward_item_id":"26","auction_id":"18","lot_no":"1","lot_set":"1","auction_quantity":"2","sample_quantity":"0","auction_each_net":"20","base_price":"100","reverse_price":"105","high_price":"0","valuation_price":"110","last_sold_price":null,"status":"1","is_sold":"0","min_bid_added":"0","is_withdrawn":"0","created_at":"2024-10-01 11:01:34","updated_at":"2024-10-01 11:01:56","created_by":"5","updated_by":"5"},{"id":"58","inward_invoice_id":"R4","inward_item_id":"29","auction_id":"18","lot_no":"2","lot_set":"1","auction_quantity":"2","sample_quantity":"0","auction_each_net":"11","base_price":"100","reverse_price":"105","high_price":"0","valuation_price":"110","last_sold_price":null,"status":"1","is_sold":"0","min_bid_added":"0","is_withdrawn":"0","created_at":"2024-10-01 11:01:34","updated_at":"2024-10-01 11:01:56","created_by":"5","updated_by":"5"}], 2024-10-01 11:13:39
ERROR - 2024-10-01 11:13:39 --> Error code L001. auctionItemId:57, 2024-10-01 11:13:39
ERROR - 2024-10-01 11:13:39 --> Error code L002. auctionItemId:57, 2024-10-01 11:13:39
ERROR - 2024-10-01 11:13:39 --> Error code L003. auctionItemId:57, 2024-10-01 11:13:39
ERROR - 2024-10-01 11:13:39 --> Error code L001. auctionItemId:58, 2024-10-01 11:13:39
ERROR - 2024-10-01 11:13:39 --> Error code L002. auctionItemId:58, 2024-10-01 11:13:39
ERROR - 2024-10-01 11:13:39 --> Error code L003. auctionItemId:58, 2024-10-01 11:13:39
CRITICAL - 2024-10-01 11:20:55 --> ErrorException: Undefined variable $auction_data
in APPPATH/Controllers/Cart.php on line 427.
 1 APPPATH/Controllers/Cart.php(427): CodeIgniter\Debug\Exceptions->errorHandler(2, 'Undefined variable $auction_data', '/var/www/eazyhosting.in/public_html/api/app/Controllers/Cart.php', 427)
 2 SYSTEMPATH/CodeIgniter.php(941): App\Controllers\Cart->auctiongardenlist()
 3 SYSTEMPATH/CodeIgniter.php(502): CodeIgniter\CodeIgniter->runController(Object(App\Controllers\Cart))
 4 SYSTEMPATH/CodeIgniter.php(361): CodeIgniter\CodeIgniter->handleRequest(null, Object(Config\Cache), false)
 5 FCPATH/index.php(79): CodeIgniter\CodeIgniter->run()
CRITICAL - 2024-10-01 11:21:13 --> ErrorException: Undefined variable $auction_data
in APPPATH/Controllers/Cart.php on line 427.
 1 APPPATH/Controllers/Cart.php(427): CodeIgniter\Debug\Exceptions->errorHandler(2, 'Undefined variable $auction_data', '/var/www/eazyhosting.in/public_html/api/app/Controllers/Cart.php', 427)
 2 SYSTEMPATH/CodeIgniter.php(941): App\Controllers\Cart->auctiongardenlist()
 3 SYSTEMPATH/CodeIgniter.php(502): CodeIgniter\CodeIgniter->runController(Object(App\Controllers\Cart))
 4 SYSTEMPATH/CodeIgniter.php(361): CodeIgniter\CodeIgniter->handleRequest(null, Object(Config\Cache), false)
 5 FCPATH/index.php(79): CodeIgniter\CodeIgniter->run()
CRITICAL - 2024-10-01 11:21:15 --> ErrorException: Undefined variable $auction_data
in APPPATH/Controllers/Cart.php on line 427.
 1 APPPATH/Controllers/Cart.php(427): CodeIgniter\Debug\Exceptions->errorHandler(2, 'Undefined variable $auction_data', '/var/www/eazyhosting.in/public_html/api/app/Controllers/Cart.php', 427)
 2 SYSTEMPATH/CodeIgniter.php(941): App\Controllers\Cart->auctiongardenlist()
 3 SYSTEMPATH/CodeIgniter.php(502): CodeIgniter\CodeIgniter->runController(Object(App\Controllers\Cart))
 4 SYSTEMPATH/CodeIgniter.php(361): CodeIgniter\CodeIgniter->handleRequest(null, Object(Config\Cache), false)
 5 FCPATH/index.php(79): CodeIgniter\CodeIgniter->run()
ERROR - 2024-10-01 11:31:10 --> E004 - 2024-10-01 11:31:10
ERROR - 2024-10-01 11:31:10 --> E004.2 - 2024-10-01 11:31:10
ERROR - 2024-10-01 11:33:39 --> current items data:[{"id":"59","inward_invoice_id":"V2","inward_item_id":"2","auction_id":"19","lot_no":"1","lot_set":"1","auction_quantity":"1","sample_quantity":"0","auction_each_net":"13","base_price":"100","reverse_price":"105","high_price":"0","valuation_price":"110","last_sold_price":null,"status":"1","is_sold":"0","min_bid_added":"0","is_withdrawn":"0","created_at":"2024-10-01 11:21:18","updated_at":"2024-10-01 11:21:39","created_by":"5","updated_by":"5"},{"id":"60","inward_invoice_id":"V1","inward_item_id":"1","auction_id":"19","lot_no":"2","lot_set":"1","auction_quantity":"1","sample_quantity":"0","auction_each_net":"10","base_price":"100","reverse_price":"105","high_price":"0","valuation_price":"110","last_sold_price":null,"status":"1","is_sold":"0","min_bid_added":"0","is_withdrawn":"0","created_at":"2024-10-01 11:21:18","updated_at":"2024-10-01 11:21:39","created_by":"5","updated_by":"5"}], 2024-10-01 11:33:39
ERROR - 2024-10-01 11:33:39 --> Error code L001. auctionItemId:59, 2024-10-01 11:33:39
ERROR - 2024-10-01 11:33:39 --> Error code L002. auctionItemId:59, 2024-10-01 11:33:39
ERROR - 2024-10-01 11:33:39 --> Error code L003. auctionItemId:59, 2024-10-01 11:33:39
ERROR - 2024-10-01 11:33:39 --> Error code L001. auctionItemId:60, 2024-10-01 11:33:39
ERROR - 2024-10-01 11:33:39 --> Error code L002. auctionItemId:60, 2024-10-01 11:33:39
ERROR - 2024-10-01 11:33:39 --> Error code L003. auctionItemId:60, 2024-10-01 11:33:39
ERROR - 2024-10-01 11:33:42 --> current items data:[], 2024-10-01 11:33:42
ERROR - 2024-10-01 11:36:11 --> current items data:[{"id":"61","inward_invoice_id":"V4","inward_item_id":"4","auction_id":"19","lot_no":"3","lot_set":"2","auction_quantity":"6","sample_quantity":"0","auction_each_net":"2","base_price":"100","reverse_price":"105","high_price":"0","valuation_price":"110","last_sold_price":null,"status":"1","is_sold":"0","min_bid_added":"0","is_withdrawn":"0","created_at":"2024-10-01 11:21:18","updated_at":"2024-10-01 11:21:39","created_by":"5","updated_by":"5"},{"id":"62","inward_invoice_id":"V3","inward_item_id":"3","auction_id":"19","lot_no":"4","lot_set":"2","auction_quantity":"2","sample_quantity":"0","auction_each_net":"9","base_price":"100","reverse_price":"105","high_price":"0","valuation_price":"110","last_sold_price":null,"status":"1","is_sold":"0","min_bid_added":"0","is_withdrawn":"0","created_at":"2024-10-01 11:21:18","updated_at":"2024-10-01 11:21:39","created_by":"5","updated_by":"5"}], 2024-10-01 11:36:11
ERROR - 2024-10-01 11:36:11 --> Error code L001. auctionItemId:61, 2024-10-01 11:36:11
ERROR - 2024-10-01 11:36:11 --> Error code L002. auctionItemId:61, 2024-10-01 11:36:11
ERROR - 2024-10-01 11:36:11 --> Error code L003. auctionItemId:61, 2024-10-01 11:36:11
ERROR - 2024-10-01 11:36:11 --> Error code L001. auctionItemId:62, 2024-10-01 11:36:11
ERROR - 2024-10-01 11:36:11 --> Error code L002. auctionItemId:62, 2024-10-01 11:36:11
ERROR - 2024-10-01 11:36:11 --> Error code L003. auctionItemId:62, 2024-10-01 11:36:11
ERROR - 2024-10-01 11:36:13 --> current items data:[], 2024-10-01 11:36:13
ERROR - 2024-10-01 11:38:44 --> current items data:[{"id":"63","inward_invoice_id":"V5","inward_item_id":"5","auction_id":"19","lot_no":"5","lot_set":"3","auction_quantity":"6","sample_quantity":"0","auction_each_net":"15","base_price":"100","reverse_price":"105","high_price":"0","valuation_price":"110","last_sold_price":null,"status":"1","is_sold":"0","min_bid_added":"0","is_withdrawn":"0","created_at":"2024-10-01 11:21:18","updated_at":"2024-10-01 11:21:39","created_by":"5","updated_by":"5"}], 2024-10-01 11:38:44
ERROR - 2024-10-01 11:38:44 --> Error code L001. auctionItemId:63, 2024-10-01 11:38:44
ERROR - 2024-10-01 11:38:44 --> Error code L002. auctionItemId:63, 2024-10-01 11:38:44
ERROR - 2024-10-01 11:38:44 --> Error code L003. auctionItemId:63, 2024-10-01 11:38:44
ERROR - 2024-10-01 11:38:45 --> current items data:[], 2024-10-01 11:38:45
CRITICAL - 2024-10-01 15:37:46 --> ErrorException: Undefined variable $auction_data
in APPPATH/Controllers/Cart.php on line 427.
 1 APPPATH/Controllers/Cart.php(427): CodeIgniter\Debug\Exceptions->errorHandler(2, 'Undefined variable $auction_data', '/var/www/eazyhosting.in/public_html/api/app/Controllers/Cart.php', 427)
 2 SYSTEMPATH/CodeIgniter.php(941): App\Controllers\Cart->auctiongardenlist()
 3 SYSTEMPATH/CodeIgniter.php(502): CodeIgniter\CodeIgniter->runController(Object(App\Controllers\Cart))
 4 SYSTEMPATH/CodeIgniter.php(361): CodeIgniter\CodeIgniter->handleRequest(null, Object(Config\Cache), false)
 5 FCPATH/index.php(79): CodeIgniter\CodeIgniter->run()
CRITICAL - 2024-10-01 15:38:00 --> ErrorException: Undefined variable $auction_data
in APPPATH/Controllers/Cart.php on line 427.
 1 APPPATH/Controllers/Cart.php(427): CodeIgniter\Debug\Exceptions->errorHandler(2, 'Undefined variable $auction_data', '/var/www/eazyhosting.in/public_html/api/app/Controllers/Cart.php', 427)
 2 SYSTEMPATH/CodeIgniter.php(941): App\Controllers\Cart->auctiongardenlist()
 3 SYSTEMPATH/CodeIgniter.php(502): CodeIgniter\CodeIgniter->runController(Object(App\Controllers\Cart))
 4 SYSTEMPATH/CodeIgniter.php(361): CodeIgniter\CodeIgniter->handleRequest(null, Object(Config\Cache), false)
 5 FCPATH/index.php(79): CodeIgniter\CodeIgniter->run()
CRITICAL - 2024-10-01 15:38:02 --> ErrorException: Undefined variable $auction_data
in APPPATH/Controllers/Cart.php on line 427.
 1 APPPATH/Controllers/Cart.php(427): CodeIgniter\Debug\Exceptions->errorHandler(2, 'Undefined variable $auction_data', '/var/www/eazyhosting.in/public_html/api/app/Controllers/Cart.php', 427)
 2 SYSTEMPATH/CodeIgniter.php(941): App\Controllers\Cart->auctiongardenlist()
 3 SYSTEMPATH/CodeIgniter.php(502): CodeIgniter\CodeIgniter->runController(Object(App\Controllers\Cart))
 4 SYSTEMPATH/CodeIgniter.php(361): CodeIgniter\CodeIgniter->handleRequest(null, Object(Config\Cache), false)
 5 FCPATH/index.php(79): CodeIgniter\CodeIgniter->run()
ERROR - 2024-10-01 15:41:08 --> E002 - 2024-10-01 03:41:08
ERROR - 2024-10-01 15:41:08 --> E002.1 - 2024-10-01 03:41:08
ERROR - 2024-10-01 15:43:38 --> current items data:[{"id":"64","inward_invoice_id":"R3","inward_item_id":"28","auction_id":"20","lot_no":"1001","lot_set":"1","auction_quantity":"1","sample_quantity":"0","auction_each_net":"21","base_price":"100","reverse_price":"200","high_price":"0","valuation_price":"300","last_sold_price":null,"status":"1","is_sold":"0","min_bid_added":"0","is_withdrawn":"0","created_at":"2024-10-01 15:38:04","updated_at":"2024-10-01 15:38:23","created_by":"3","updated_by":"3"},{"id":"65","inward_invoice_id":"R5","inward_item_id":"30","auction_id":"20","lot_no":"1002","lot_set":"1","auction_quantity":"1","sample_quantity":"0","auction_each_net":"17","base_price":"100","reverse_price":"200","high_price":"0","valuation_price":"300","last_sold_price":null,"status":"1","is_sold":"0","min_bid_added":"0","is_withdrawn":"0","created_at":"2024-10-01 15:38:04","updated_at":"2024-10-01 15:38:23","created_by":"3","updated_by":"3"}], 2024-10-01 03:43:38
ERROR - 2024-10-01 15:43:38 --> Error code L001. auctionItemId:64, 2024-10-01 03:43:38
ERROR - 2024-10-01 15:43:38 --> Error code L002. auctionItemId:64, 2024-10-01 03:43:38
ERROR - 2024-10-01 15:43:38 --> Error code L003. auctionItemId:64, 2024-10-01 03:43:38
ERROR - 2024-10-01 15:43:38 --> Error code L001. auctionItemId:65, 2024-10-01 03:43:38
ERROR - 2024-10-01 15:43:38 --> Error code L002. auctionItemId:65, 2024-10-01 03:43:38
ERROR - 2024-10-01 15:43:38 --> Error code L003. auctionItemId:65, 2024-10-01 03:43:38
ERROR - 2024-10-01 15:48:40 --> current items data:[{"id":"66","inward_invoice_id":"R2","inward_item_id":"27","auction_id":"20","lot_no":"1003","lot_set":"2","auction_quantity":"1","sample_quantity":"0","auction_each_net":"25","base_price":"100","reverse_price":"200","high_price":"0","valuation_price":"300","last_sold_price":null,"status":"1","is_sold":"0","min_bid_added":"0","is_withdrawn":"0","created_at":"2024-10-01 15:38:04","updated_at":"2024-10-01 15:38:23","created_by":"3","updated_by":"3"}], 2024-10-01 03:48:40
ERROR - 2024-10-01 15:48:40 --> Error code L001. auctionItemId:66, 2024-10-01 03:48:40
ERROR - 2024-10-01 15:48:40 --> Error code L002. auctionItemId:66, 2024-10-01 03:48:40
ERROR - 2024-10-01 15:48:40 --> Error code L003. auctionItemId:66, 2024-10-01 03:48:40
CRITICAL - 2024-10-01 15:52:38 --> ErrorException: Undefined variable $auction_data
in APPPATH/Controllers/Cart.php on line 427.
 1 APPPATH/Controllers/Cart.php(427): CodeIgniter\Debug\Exceptions->errorHandler(2, 'Undefined variable $auction_data', '/var/www/eazyhosting.in/public_html/api/app/Controllers/Cart.php', 427)
 2 SYSTEMPATH/CodeIgniter.php(941): App\Controllers\Cart->auctiongardenlist()
 3 SYSTEMPATH/CodeIgniter.php(502): CodeIgniter\CodeIgniter->runController(Object(App\Controllers\Cart))
 4 SYSTEMPATH/CodeIgniter.php(361): CodeIgniter\CodeIgniter->handleRequest(null, Object(Config\Cache), false)
 5 FCPATH/index.php(79): CodeIgniter\CodeIgniter->run()
CRITICAL - 2024-10-01 15:52:55 --> ErrorException: Undefined variable $auction_data
in APPPATH/Controllers/Cart.php on line 427.
 1 APPPATH/Controllers/Cart.php(427): CodeIgniter\Debug\Exceptions->errorHandler(2, 'Undefined variable $auction_data', '/var/www/eazyhosting.in/public_html/api/app/Controllers/Cart.php', 427)
 2 SYSTEMPATH/CodeIgniter.php(941): App\Controllers\Cart->auctiongardenlist()
 3 SYSTEMPATH/CodeIgniter.php(502): CodeIgniter\CodeIgniter->runController(Object(App\Controllers\Cart))
 4 SYSTEMPATH/CodeIgniter.php(361): CodeIgniter\CodeIgniter->handleRequest(null, Object(Config\Cache), false)
 5 FCPATH/index.php(79): CodeIgniter\CodeIgniter->run()
CRITICAL - 2024-10-01 15:52:57 --> ErrorException: Undefined variable $auction_data
in APPPATH/Controllers/Cart.php on line 427.
 1 APPPATH/Controllers/Cart.php(427): CodeIgniter\Debug\Exceptions->errorHandler(2, 'Undefined variable $auction_data', '/var/www/eazyhosting.in/public_html/api/app/Controllers/Cart.php', 427)
 2 SYSTEMPATH/CodeIgniter.php(941): App\Controllers\Cart->auctiongardenlist()
 3 SYSTEMPATH/CodeIgniter.php(502): CodeIgniter\CodeIgniter->runController(Object(App\Controllers\Cart))
 4 SYSTEMPATH/CodeIgniter.php(361): CodeIgniter\CodeIgniter->handleRequest(null, Object(Config\Cache), false)
 5 FCPATH/index.php(79): CodeIgniter\CodeIgniter->run()
ERROR - 2024-10-01 15:56:16 --> E004 - 2024-10-01 03:56:16
ERROR - 2024-10-01 15:56:16 --> E004.2 - 2024-10-01 03:56:16
ERROR - 2024-10-01 15:56:16 --> E002 - 2024-10-01 03:56:16
ERROR - 2024-10-01 15:56:16 --> E002.1 - 2024-10-01 03:56:16
ERROR - 2024-10-01 15:59:33 --> current items data:[{"id":"67","inward_invoice_id":"R3","inward_item_id":"28","auction_id":"21","lot_no":"1001","lot_set":"1","auction_quantity":"1","sample_quantity":"0","auction_each_net":"21","base_price":"100","reverse_price":"200","high_price":"0","valuation_price":"300","last_sold_price":null,"status":"1","is_sold":"0","min_bid_added":"0","is_withdrawn":"0","created_at":"2024-10-01 15:53:00","updated_at":"2024-10-01 15:53:25","created_by":"1","updated_by":"1"},{"id":"68","inward_invoice_id":"R5","inward_item_id":"30","auction_id":"21","lot_no":"1002","lot_set":"1","auction_quantity":"1","sample_quantity":"0","auction_each_net":"17","base_price":"100","reverse_price":"200","high_price":"0","valuation_price":"300","last_sold_price":null,"status":"1","is_sold":"0","min_bid_added":"0","is_withdrawn":"0","created_at":"2024-10-01 15:53:00","updated_at":"2024-10-01 15:53:25","created_by":"1","updated_by":"1"}], 2024-10-01 03:59:33
ERROR - 2024-10-01 15:59:33 --> Error code L001. auctionItemId:67, 2024-10-01 03:59:33
ERROR - 2024-10-01 15:59:33 --> Error code L002. auctionItemId:67, 2024-10-01 03:59:33
ERROR - 2024-10-01 15:59:33 --> Error code L003. auctionItemId:67, 2024-10-01 03:59:33
ERROR - 2024-10-01 15:59:33 --> Error code L001. auctionItemId:68, 2024-10-01 03:59:33
ERROR - 2024-10-01 15:59:33 --> Error code L002. auctionItemId:68, 2024-10-01 03:59:33
ERROR - 2024-10-01 15:59:33 --> Error code L003. auctionItemId:68, 2024-10-01 03:59:33
ERROR - 2024-10-01 16:02:09 --> current items data:[{"id":"69","inward_invoice_id":"R2","inward_item_id":"27","auction_id":"21","lot_no":"1003","lot_set":"2","auction_quantity":"1","sample_quantity":"0","auction_each_net":"25","base_price":"100","reverse_price":"200","high_price":"0","valuation_price":"300","last_sold_price":null,"status":"1","is_sold":"0","min_bid_added":"0","is_withdrawn":"0","created_at":"2024-10-01 15:53:00","updated_at":"2024-10-01 15:53:25","created_by":"1","updated_by":"1"}], 2024-10-01 04:02:09
ERROR - 2024-10-01 16:02:09 --> Error code L001. auctionItemId:69, 2024-10-01 04:02:09
ERROR - 2024-10-01 16:02:09 --> Error code L002. auctionItemId:69, 2024-10-01 04:02:09
ERROR - 2024-10-01 16:02:09 --> Error code L003. auctionItemId:69, 2024-10-01 04:02:09
CRITICAL - 2024-10-01 16:02:59 --> ErrorException: Undefined variable $auction_data
in APPPATH/Controllers/Cart.php on line 427.
 1 APPPATH/Controllers/Cart.php(427): CodeIgniter\Debug\Exceptions->errorHandler(2, 'Undefined variable $auction_data', '/var/www/eazyhosting.in/public_html/api/app/Controllers/Cart.php', 427)
 2 SYSTEMPATH/CodeIgniter.php(941): App\Controllers\Cart->auctiongardenlist()
 3 SYSTEMPATH/CodeIgniter.php(502): CodeIgniter\CodeIgniter->runController(Object(App\Controllers\Cart))
 4 SYSTEMPATH/CodeIgniter.php(361): CodeIgniter\CodeIgniter->handleRequest(null, Object(Config\Cache), false)
 5 FCPATH/index.php(79): CodeIgniter\CodeIgniter->run()
CRITICAL - 2024-10-01 16:03:11 --> ErrorException: Undefined variable $auction_data
in APPPATH/Controllers/Cart.php on line 427.
 1 APPPATH/Controllers/Cart.php(427): CodeIgniter\Debug\Exceptions->errorHandler(2, 'Undefined variable $auction_data', '/var/www/eazyhosting.in/public_html/api/app/Controllers/Cart.php', 427)
 2 SYSTEMPATH/CodeIgniter.php(941): App\Controllers\Cart->auctiongardenlist()
 3 SYSTEMPATH/CodeIgniter.php(502): CodeIgniter\CodeIgniter->runController(Object(App\Controllers\Cart))
 4 SYSTEMPATH/CodeIgniter.php(361): CodeIgniter\CodeIgniter->handleRequest(null, Object(Config\Cache), false)
 5 FCPATH/index.php(79): CodeIgniter\CodeIgniter->run()
CRITICAL - 2024-10-01 16:03:13 --> ErrorException: Undefined variable $auction_data
in APPPATH/Controllers/Cart.php on line 427.
 1 APPPATH/Controllers/Cart.php(427): CodeIgniter\Debug\Exceptions->errorHandler(2, 'Undefined variable $auction_data', '/var/www/eazyhosting.in/public_html/api/app/Controllers/Cart.php', 427)
 2 SYSTEMPATH/CodeIgniter.php(941): App\Controllers\Cart->auctiongardenlist()
 3 SYSTEMPATH/CodeIgniter.php(502): CodeIgniter\CodeIgniter->runController(Object(App\Controllers\Cart))
 4 SYSTEMPATH/CodeIgniter.php(361): CodeIgniter\CodeIgniter->handleRequest(null, Object(Config\Cache), false)
 5 FCPATH/index.php(79): CodeIgniter\CodeIgniter->run()
ERROR - 2024-10-01 16:06:27 --> E002 - 2024-10-01 04:06:27
ERROR - 2024-10-01 16:06:27 --> E002.1 - 2024-10-01 04:06:27
ERROR - 2024-10-01 16:08:56 --> current items data:[{"id":"70","inward_invoice_id":"V2","inward_item_id":"2","auction_id":"22","lot_no":"1","lot_set":"1","auction_quantity":"1","sample_quantity":"0","auction_each_net":"13","base_price":"100","reverse_price":"200","high_price":"0","valuation_price":"300","last_sold_price":null,"status":"1","is_sold":"0","min_bid_added":"0","is_withdrawn":"0","created_at":"2024-10-01 16:03:15","updated_at":"2024-10-01 16:03:49","created_by":"1","updated_by":"1"},{"id":"71","inward_invoice_id":"V1","inward_item_id":"1","auction_id":"22","lot_no":"2","lot_set":"1","auction_quantity":"1","sample_quantity":"0","auction_each_net":"10","base_price":"100","reverse_price":"200","high_price":"0","valuation_price":"300","last_sold_price":null,"status":"1","is_sold":"0","min_bid_added":"0","is_withdrawn":"0","created_at":"2024-10-01 16:03:15","updated_at":"2024-10-01 16:03:49","created_by":"1","updated_by":"1"}], 2024-10-01 04:08:56
ERROR - 2024-10-01 16:08:56 --> Error code L001. auctionItemId:70, 2024-10-01 04:08:56
ERROR - 2024-10-01 16:08:56 --> Error code L002. auctionItemId:70, 2024-10-01 04:08:56
ERROR - 2024-10-01 16:08:56 --> Error code L003. auctionItemId:70, 2024-10-01 04:08:56
ERROR - 2024-10-01 16:08:56 --> Error code L001. auctionItemId:71, 2024-10-01 04:08:56
ERROR - 2024-10-01 16:08:56 --> Error code L002. auctionItemId:71, 2024-10-01 04:08:56
ERROR - 2024-10-01 16:08:56 --> Error code L003. auctionItemId:71, 2024-10-01 04:08:56
ERROR - 2024-10-01 16:10:42 --> current items data:[], 2024-10-01 04:10:42
ERROR - 2024-10-01 16:11:28 --> current items data:[{"id":"72","inward_invoice_id":"V3","inward_item_id":"3","auction_id":"22","lot_no":"3","lot_set":"2","auction_quantity":"1","sample_quantity":"0","auction_each_net":"9","base_price":"100","reverse_price":"200","high_price":"0","valuation_price":"300","last_sold_price":null,"status":"1","is_sold":"0","min_bid_added":"0","is_withdrawn":"0","created_at":"2024-10-01 16:03:15","updated_at":"2024-10-01 16:03:49","created_by":"1","updated_by":"1"}], 2024-10-01 04:11:28
ERROR - 2024-10-01 16:11:28 --> Error code L001. auctionItemId:72, 2024-10-01 04:11:28
ERROR - 2024-10-01 16:11:28 --> Error code L002. auctionItemId:72, 2024-10-01 04:11:28
ERROR - 2024-10-01 16:11:28 --> Error code L003. auctionItemId:72, 2024-10-01 04:11:28
CRITICAL - 2024-10-01 16:20:25 --> ErrorException: Undefined variable $auction_data
in APPPATH/Controllers/Cart.php on line 427.
 1 APPPATH/Controllers/Cart.php(427): CodeIgniter\Debug\Exceptions->errorHandler(2, 'Undefined variable $auction_data', '/var/www/eazyhosting.in/public_html/api/app/Controllers/Cart.php', 427)
 2 SYSTEMPATH/CodeIgniter.php(941): App\Controllers\Cart->auctiongardenlist()
 3 SYSTEMPATH/CodeIgniter.php(502): CodeIgniter\CodeIgniter->runController(Object(App\Controllers\Cart))
 4 SYSTEMPATH/CodeIgniter.php(361): CodeIgniter\CodeIgniter->handleRequest(null, Object(Config\Cache), false)
 5 FCPATH/index.php(79): CodeIgniter\CodeIgniter->run()
CRITICAL - 2024-10-01 16:20:47 --> ErrorException: Undefined variable $auction_data
in APPPATH/Controllers/Cart.php on line 427.
 1 APPPATH/Controllers/Cart.php(427): CodeIgniter\Debug\Exceptions->errorHandler(2, 'Undefined variable $auction_data', '/var/www/eazyhosting.in/public_html/api/app/Controllers/Cart.php', 427)
 2 SYSTEMPATH/CodeIgniter.php(941): App\Controllers\Cart->auctiongardenlist()
 3 SYSTEMPATH/CodeIgniter.php(502): CodeIgniter\CodeIgniter->runController(Object(App\Controllers\Cart))
 4 SYSTEMPATH/CodeIgniter.php(361): CodeIgniter\CodeIgniter->handleRequest(null, Object(Config\Cache), false)
 5 FCPATH/index.php(79): CodeIgniter\CodeIgniter->run()
CRITICAL - 2024-10-01 16:20:49 --> ErrorException: Undefined variable $auction_data
in APPPATH/Controllers/Cart.php on line 427.
 1 APPPATH/Controllers/Cart.php(427): CodeIgniter\Debug\Exceptions->errorHandler(2, 'Undefined variable $auction_data', '/var/www/eazyhosting.in/public_html/api/app/Controllers/Cart.php', 427)
 2 SYSTEMPATH/CodeIgniter.php(941): App\Controllers\Cart->auctiongardenlist()
 3 SYSTEMPATH/CodeIgniter.php(502): CodeIgniter\CodeIgniter->runController(Object(App\Controllers\Cart))
 4 SYSTEMPATH/CodeIgniter.php(361): CodeIgniter\CodeIgniter->handleRequest(null, Object(Config\Cache), false)
 5 FCPATH/index.php(79): CodeIgniter\CodeIgniter->run()
ERROR - 2024-10-01 16:26:07 --> E004 - 2024-10-01 04:26:07
ERROR - 2024-10-01 16:26:07 --> E004.3 - 2024-10-01 04:26:07
ERROR - 2024-10-01 16:26:07 --> E002 - 2024-10-01 04:26:07
ERROR - 2024-10-01 16:26:07 --> E002.2 - 2024-10-01 04:26:07
ERROR - 2024-10-01 16:28:38 --> current items data:[{"id":"73","inward_invoice_id":"S1","inward_item_id":"6","auction_id":"23","lot_no":"1","lot_set":"1","auction_quantity":"2","sample_quantity":"0","auction_each_net":"17","base_price":"100","reverse_price":"105","high_price":"0","valuation_price":"110","last_sold_price":null,"status":"1","is_sold":"0","min_bid_added":"0","is_withdrawn":"0","created_at":"2024-10-01 16:20:51","updated_at":"2024-10-01 16:21:16","created_by":"5","updated_by":"5"},{"id":"74","inward_invoice_id":"S2","inward_item_id":"7","auction_id":"23","lot_no":"2","lot_set":"1","auction_quantity":"2","sample_quantity":"0","auction_each_net":"7","base_price":"100","reverse_price":"105","high_price":"0","valuation_price":"110","last_sold_price":null,"status":"1","is_sold":"0","min_bid_added":"0","is_withdrawn":"0","created_at":"2024-10-01 16:20:51","updated_at":"2024-10-01 16:21:16","created_by":"5","updated_by":"5"}], 2024-10-01 04:28:38
ERROR - 2024-10-01 16:28:38 --> Error code L001. auctionItemId:73, 2024-10-01 04:28:38
ERROR - 2024-10-01 16:28:38 --> Error code L002. auctionItemId:73, 2024-10-01 04:28:38
ERROR - 2024-10-01 16:28:38 --> Error code L003. auctionItemId:73, 2024-10-01 04:28:38
ERROR - 2024-10-01 16:28:38 --> Error code L001. auctionItemId:74, 2024-10-01 04:28:38
ERROR - 2024-10-01 16:28:38 --> Error code L002. auctionItemId:74, 2024-10-01 04:28:38
ERROR - 2024-10-01 16:28:38 --> Error code L003. auctionItemId:74, 2024-10-01 04:28:38
CRITICAL - 2024-10-01 16:28:39 --> ParseError: syntax error, unexpected token "public", expecting end of file
in APPPATH/Controllers/BuyerAuctions.php on line 375.
 1 SYSTEMPATH/Autoloader/Autoloader.php(290): CodeIgniter\Autoloader\Autoloader->includeFile('/var/www/eazyhosting.in/public_html/api/app/Controllers/BuyerAuctions.php')
 2 SYSTEMPATH/Autoloader/Autoloader.php(266): CodeIgniter\Autoloader\Autoloader->loadInNamespace('App\\Controllers\\BuyerAuctions')
 3 [internal function]: CodeIgniter\Autoloader\Autoloader->loadClass('App\\Controllers\\BuyerAuctions')
 4 SYSTEMPATH/CodeIgniter.php(899): class_exists('\\App\\Controllers\\BuyerAuctions', true)
 5 SYSTEMPATH/CodeIgniter.php(489): CodeIgniter\CodeIgniter->startController()
 6 SYSTEMPATH/CodeIgniter.php(361): CodeIgniter\CodeIgniter->handleRequest(null, Object(Config\Cache), false)
 7 FCPATH/index.php(79): CodeIgniter\CodeIgniter->run()
ERROR - 2024-10-01 16:28:39 --> E004 - 2024-10-01 04:28:39
ERROR - 2024-10-01 16:28:39 --> E004.3 - 2024-10-01 04:28:39
ERROR - 2024-10-01 16:28:49 --> current items data:[], 2024-10-01 04:28:49
CRITICAL - 2024-10-01 16:28:50 --> ParseError: syntax error, unexpected token "public", expecting end of file
in APPPATH/Controllers/BuyerAuctions.php on line 375.
 1 SYSTEMPATH/Autoloader/Autoloader.php(290): CodeIgniter\Autoloader\Autoloader->includeFile('/var/www/eazyhosting.in/public_html/api/app/Controllers/BuyerAuctions.php')
 2 SYSTEMPATH/Autoloader/Autoloader.php(266): CodeIgniter\Autoloader\Autoloader->loadInNamespace('App\\Controllers\\BuyerAuctions')
 3 [internal function]: CodeIgniter\Autoloader\Autoloader->loadClass('App\\Controllers\\BuyerAuctions')
 4 SYSTEMPATH/CodeIgniter.php(899): class_exists('\\App\\Controllers\\BuyerAuctions', true)
 5 SYSTEMPATH/CodeIgniter.php(489): CodeIgniter\CodeIgniter->startController()
 6 SYSTEMPATH/CodeIgniter.php(361): CodeIgniter\CodeIgniter->handleRequest(null, Object(Config\Cache), false)
 7 FCPATH/index.php(79): CodeIgniter\CodeIgniter->run()
ERROR - 2024-10-01 16:31:11 --> current items data:[{"id":"75","inward_invoice_id":"S3","inward_item_id":"8","auction_id":"23","lot_no":"3","lot_set":"2","auction_quantity":"2","sample_quantity":"0","auction_each_net":"21","base_price":"100","reverse_price":"105","high_price":"0","valuation_price":"110","last_sold_price":null,"status":"1","is_sold":"0","min_bid_added":"0","is_withdrawn":"0","created_at":"2024-10-01 16:20:51","updated_at":"2024-10-01 16:21:16","created_by":"5","updated_by":"5"},{"id":"76","inward_invoice_id":"S4","inward_item_id":"9","auction_id":"23","lot_no":"4","lot_set":"2","auction_quantity":"2","sample_quantity":"0","auction_each_net":"11","base_price":"100","reverse_price":"105","high_price":"0","valuation_price":"110","last_sold_price":null,"status":"1","is_sold":"0","min_bid_added":"0","is_withdrawn":"0","created_at":"2024-10-01 16:20:51","updated_at":"2024-10-01 16:21:16","created_by":"5","updated_by":"5"}], 2024-10-01 04:31:11
ERROR - 2024-10-01 16:31:11 --> Error code L001. auctionItemId:75, 2024-10-01 04:31:11
ERROR - 2024-10-01 16:31:11 --> Error code L002. auctionItemId:75, 2024-10-01 04:31:11
ERROR - 2024-10-01 16:31:11 --> Error code L003. auctionItemId:75, 2024-10-01 04:31:11
ERROR - 2024-10-01 16:31:11 --> Error code L001. auctionItemId:76, 2024-10-01 04:31:11
ERROR - 2024-10-01 16:31:11 --> Error code L002. auctionItemId:76, 2024-10-01 04:31:11
ERROR - 2024-10-01 16:31:11 --> Error code L003. auctionItemId:76, 2024-10-01 04:31:11
CRITICAL - 2024-10-01 16:31:12 --> ParseError: syntax error, unexpected token "public", expecting end of file
in APPPATH/Controllers/BuyerAuctions.php on line 375.
 1 SYSTEMPATH/Autoloader/Autoloader.php(290): CodeIgniter\Autoloader\Autoloader->includeFile('/var/www/eazyhosting.in/public_html/api/app/Controllers/BuyerAuctions.php')
 2 SYSTEMPATH/Autoloader/Autoloader.php(266): CodeIgniter\Autoloader\Autoloader->loadInNamespace('App\\Controllers\\BuyerAuctions')
 3 [internal function]: CodeIgniter\Autoloader\Autoloader->loadClass('App\\Controllers\\BuyerAuctions')
 4 SYSTEMPATH/CodeIgniter.php(899): class_exists('\\App\\Controllers\\BuyerAuctions', true)
 5 SYSTEMPATH/CodeIgniter.php(489): CodeIgniter\CodeIgniter->startController()
 6 SYSTEMPATH/CodeIgniter.php(361): CodeIgniter\CodeIgniter->handleRequest(null, Object(Config\Cache), false)
 7 FCPATH/index.php(79): CodeIgniter\CodeIgniter->run()
CRITICAL - 2024-10-01 16:32:21 --> ParseError: syntax error, unexpected token "public", expecting end of file
in APPPATH/Controllers/BuyerAuctions.php on line 375.
 1 SYSTEMPATH/Autoloader/Autoloader.php(290): CodeIgniter\Autoloader\Autoloader->includeFile('/var/www/eazyhosting.in/public_html/api/app/Controllers/BuyerAuctions.php')
 2 SYSTEMPATH/Autoloader/Autoloader.php(266): CodeIgniter\Autoloader\Autoloader->loadInNamespace('App\\Controllers\\BuyerAuctions')
 3 [internal function]: CodeIgniter\Autoloader\Autoloader->loadClass('App\\Controllers\\BuyerAuctions')
 4 SYSTEMPATH/CodeIgniter.php(899): class_exists('\\App\\Controllers\\BuyerAuctions', true)
 5 SYSTEMPATH/CodeIgniter.php(489): CodeIgniter\CodeIgniter->startController()
 6 SYSTEMPATH/CodeIgniter.php(361): CodeIgniter\CodeIgniter->handleRequest(null, Object(Config\Cache), false)
 7 FCPATH/index.php(79): CodeIgniter\CodeIgniter->run()
ERROR - 2024-10-01 16:32:32 --> current items data:[{"id":"77","inward_invoice_id":"S5","inward_item_id":"10","auction_id":"23","lot_no":"5","lot_set":"3","auction_quantity":"2","sample_quantity":"0","auction_each_net":"12","base_price":"100","reverse_price":"105","high_price":"0","valuation_price":"110","last_sold_price":null,"status":"1","is_sold":"0","min_bid_added":"0","is_withdrawn":"0","created_at":"2024-10-01 16:20:51","updated_at":"2024-10-01 16:21:16","created_by":"5","updated_by":"5"}], 2024-10-01 04:32:32
ERROR - 2024-10-01 16:32:32 --> Error code L001. auctionItemId:77, 2024-10-01 04:32:32
ERROR - 2024-10-01 16:32:32 --> Error code L002. auctionItemId:77, 2024-10-01 04:32:32
ERROR - 2024-10-01 16:32:32 --> Error code L003. auctionItemId:77, 2024-10-01 04:32:32
CRITICAL - 2024-10-01 16:32:33 --> ParseError: syntax error, unexpected token "public", expecting end of file
in APPPATH/Controllers/BuyerAuctions.php on line 375.
 1 SYSTEMPATH/Autoloader/Autoloader.php(290): CodeIgniter\Autoloader\Autoloader->includeFile('/var/www/eazyhosting.in/public_html/api/app/Controllers/BuyerAuctions.php')
 2 SYSTEMPATH/Autoloader/Autoloader.php(266): CodeIgniter\Autoloader\Autoloader->loadInNamespace('App\\Controllers\\BuyerAuctions')
 3 [internal function]: CodeIgniter\Autoloader\Autoloader->loadClass('App\\Controllers\\BuyerAuctions')
 4 SYSTEMPATH/CodeIgniter.php(899): class_exists('\\App\\Controllers\\BuyerAuctions', true)
 5 SYSTEMPATH/CodeIgniter.php(489): CodeIgniter\CodeIgniter->startController()
 6 SYSTEMPATH/CodeIgniter.php(361): CodeIgniter\CodeIgniter->handleRequest(null, Object(Config\Cache), false)
 7 FCPATH/index.php(79): CodeIgniter\CodeIgniter->run()
CRITICAL - 2024-10-01 16:32:37 --> ParseError: syntax error, unexpected token "public", expecting end of file
in APPPATH/Controllers/BuyerAuctions.php on line 375.
 1 SYSTEMPATH/Autoloader/Autoloader.php(290): CodeIgniter\Autoloader\Autoloader->includeFile('/var/www/eazyhosting.in/public_html/api/app/Controllers/BuyerAuctions.php')
 2 SYSTEMPATH/Autoloader/Autoloader.php(266): CodeIgniter\Autoloader\Autoloader->loadInNamespace('App\\Controllers\\BuyerAuctions')
 3 [internal function]: CodeIgniter\Autoloader\Autoloader->loadClass('App\\Controllers\\BuyerAuctions')
 4 SYSTEMPATH/CodeIgniter.php(899): class_exists('\\App\\Controllers\\BuyerAuctions', true)
 5 SYSTEMPATH/CodeIgniter.php(489): CodeIgniter\CodeIgniter->startController()
 6 SYSTEMPATH/CodeIgniter.php(361): CodeIgniter\CodeIgniter->handleRequest(null, Object(Config\Cache), false)
 7 FCPATH/index.php(79): CodeIgniter\CodeIgniter->run()
CRITICAL - 2024-10-01 16:32:40 --> ParseError: syntax error, unexpected token "public", expecting end of file
in APPPATH/Controllers/BuyerAuctions.php on line 375.
 1 SYSTEMPATH/Autoloader/Autoloader.php(290): CodeIgniter\Autoloader\Autoloader->includeFile('/var/www/eazyhosting.in/public_html/api/app/Controllers/BuyerAuctions.php')
 2 SYSTEMPATH/Autoloader/Autoloader.php(266): CodeIgniter\Autoloader\Autoloader->loadInNamespace('App\\Controllers\\BuyerAuctions')
 3 [internal function]: CodeIgniter\Autoloader\Autoloader->loadClass('App\\Controllers\\BuyerAuctions')
 4 SYSTEMPATH/CodeIgniter.php(899): class_exists('\\App\\Controllers\\BuyerAuctions', true)
 5 SYSTEMPATH/CodeIgniter.php(489): CodeIgniter\CodeIgniter->startController()
 6 SYSTEMPATH/CodeIgniter.php(361): CodeIgniter\CodeIgniter->handleRequest(null, Object(Config\Cache), false)
 7 FCPATH/index.php(79): CodeIgniter\CodeIgniter->run()
CRITICAL - 2024-10-01 16:46:41 --> ErrorException: Undefined variable $auction_data
in APPPATH/Controllers/Cart.php on line 427.
 1 APPPATH/Controllers/Cart.php(427): CodeIgniter\Debug\Exceptions->errorHandler(2, 'Undefined variable $auction_data', '/var/www/eazyhosting.in/public_html/api/app/Controllers/Cart.php', 427)
 2 SYSTEMPATH/CodeIgniter.php(941): App\Controllers\Cart->auctiongardenlist()
 3 SYSTEMPATH/CodeIgniter.php(502): CodeIgniter\CodeIgniter->runController(Object(App\Controllers\Cart))
 4 SYSTEMPATH/CodeIgniter.php(361): CodeIgniter\CodeIgniter->handleRequest(null, Object(Config\Cache), false)
 5 FCPATH/index.php(79): CodeIgniter\CodeIgniter->run()
CRITICAL - 2024-10-01 16:46:58 --> ErrorException: Undefined variable $auction_data
in APPPATH/Controllers/Cart.php on line 427.
 1 APPPATH/Controllers/Cart.php(427): CodeIgniter\Debug\Exceptions->errorHandler(2, 'Undefined variable $auction_data', '/var/www/eazyhosting.in/public_html/api/app/Controllers/Cart.php', 427)
 2 SYSTEMPATH/CodeIgniter.php(941): App\Controllers\Cart->auctiongardenlist()
 3 SYSTEMPATH/CodeIgniter.php(502): CodeIgniter\CodeIgniter->runController(Object(App\Controllers\Cart))
 4 SYSTEMPATH/CodeIgniter.php(361): CodeIgniter\CodeIgniter->handleRequest(null, Object(Config\Cache), false)
 5 FCPATH/index.php(79): CodeIgniter\CodeIgniter->run()
CRITICAL - 2024-10-01 16:47:01 --> ErrorException: Undefined variable $auction_data
in APPPATH/Controllers/Cart.php on line 427.
 1 APPPATH/Controllers/Cart.php(427): CodeIgniter\Debug\Exceptions->errorHandler(2, 'Undefined variable $auction_data', '/var/www/eazyhosting.in/public_html/api/app/Controllers/Cart.php', 427)
 2 SYSTEMPATH/CodeIgniter.php(941): App\Controllers\Cart->auctiongardenlist()
 3 SYSTEMPATH/CodeIgniter.php(502): CodeIgniter\CodeIgniter->runController(Object(App\Controllers\Cart))
 4 SYSTEMPATH/CodeIgniter.php(361): CodeIgniter\CodeIgniter->handleRequest(null, Object(Config\Cache), false)
 5 FCPATH/index.php(79): CodeIgniter\CodeIgniter->run()
CRITICAL - 2024-10-01 16:48:03 --> ParseError: syntax error, unexpected token "public", expecting end of file
in APPPATH/Controllers/BuyerAuctions.php on line 375.
 1 SYSTEMPATH/Autoloader/Autoloader.php(290): CodeIgniter\Autoloader\Autoloader->includeFile('/var/www/eazyhosting.in/public_html/api/app/Controllers/BuyerAuctions.php')
 2 SYSTEMPATH/Autoloader/Autoloader.php(266): CodeIgniter\Autoloader\Autoloader->loadInNamespace('App\\Controllers\\BuyerAuctions')
 3 [internal function]: CodeIgniter\Autoloader\Autoloader->loadClass('App\\Controllers\\BuyerAuctions')
 4 SYSTEMPATH/CodeIgniter.php(899): class_exists('\\App\\Controllers\\BuyerAuctions', true)
 5 SYSTEMPATH/CodeIgniter.php(489): CodeIgniter\CodeIgniter->startController()
 6 SYSTEMPATH/CodeIgniter.php(361): CodeIgniter\CodeIgniter->handleRequest(null, Object(Config\Cache), false)
 7 FCPATH/index.php(79): CodeIgniter\CodeIgniter->run()
CRITICAL - 2024-10-01 16:48:07 --> ParseError: syntax error, unexpected token "public", expecting end of file
in APPPATH/Controllers/BuyerAuctions.php on line 375.
 1 SYSTEMPATH/Autoloader/Autoloader.php(290): CodeIgniter\Autoloader\Autoloader->includeFile('/var/www/eazyhosting.in/public_html/api/app/Controllers/BuyerAuctions.php')
 2 SYSTEMPATH/Autoloader/Autoloader.php(266): CodeIgniter\Autoloader\Autoloader->loadInNamespace('App\\Controllers\\BuyerAuctions')
 3 [internal function]: CodeIgniter\Autoloader\Autoloader->loadClass('App\\Controllers\\BuyerAuctions')
 4 SYSTEMPATH/CodeIgniter.php(899): class_exists('\\App\\Controllers\\BuyerAuctions', true)
 5 SYSTEMPATH/CodeIgniter.php(489): CodeIgniter\CodeIgniter->startController()
 6 SYSTEMPATH/CodeIgniter.php(361): CodeIgniter\CodeIgniter->handleRequest(null, Object(Config\Cache), false)
 7 FCPATH/index.php(79): CodeIgniter\CodeIgniter->run()
CRITICAL - 2024-10-01 16:48:09 --> ParseError: syntax error, unexpected token "public", expecting end of file
in APPPATH/Controllers/BuyerAuctions.php on line 375.
 1 SYSTEMPATH/Autoloader/Autoloader.php(290): CodeIgniter\Autoloader\Autoloader->includeFile('/var/www/eazyhosting.in/public_html/api/app/Controllers/BuyerAuctions.php')
 2 SYSTEMPATH/Autoloader/Autoloader.php(266): CodeIgniter\Autoloader\Autoloader->loadInNamespace('App\\Controllers\\BuyerAuctions')
 3 [internal function]: CodeIgniter\Autoloader\Autoloader->loadClass('App\\Controllers\\BuyerAuctions')
 4 SYSTEMPATH/CodeIgniter.php(899): class_exists('\\App\\Controllers\\BuyerAuctions', true)
 5 SYSTEMPATH/CodeIgniter.php(489): CodeIgniter\CodeIgniter->startController()
 6 SYSTEMPATH/CodeIgniter.php(361): CodeIgniter\CodeIgniter->handleRequest(null, Object(Config\Cache), false)
 7 FCPATH/index.php(79): CodeIgniter\CodeIgniter->run()
CRITICAL - 2024-10-01 16:48:13 --> ParseError: syntax error, unexpected token "public", expecting end of file
in APPPATH/Controllers/BuyerAuctions.php on line 375.
 1 SYSTEMPATH/Autoloader/Autoloader.php(290): CodeIgniter\Autoloader\Autoloader->includeFile('/var/www/eazyhosting.in/public_html/api/app/Controllers/BuyerAuctions.php')
 2 SYSTEMPATH/Autoloader/Autoloader.php(266): CodeIgniter\Autoloader\Autoloader->loadInNamespace('App\\Controllers\\BuyerAuctions')
 3 [internal function]: CodeIgniter\Autoloader\Autoloader->loadClass('App\\Controllers\\BuyerAuctions')
 4 SYSTEMPATH/CodeIgniter.php(899): class_exists('\\App\\Controllers\\BuyerAuctions', true)
 5 SYSTEMPATH/CodeIgniter.php(489): CodeIgniter\CodeIgniter->startController()
 6 SYSTEMPATH/CodeIgniter.php(361): CodeIgniter\CodeIgniter->handleRequest(null, Object(Config\Cache), false)
 7 FCPATH/index.php(79): CodeIgniter\CodeIgniter->run()
CRITICAL - 2024-10-01 16:48:16 --> ParseError: syntax error, unexpected token "public", expecting end of file
in APPPATH/Controllers/BuyerAuctions.php on line 375.
 1 SYSTEMPATH/Autoloader/Autoloader.php(290): CodeIgniter\Autoloader\Autoloader->includeFile('/var/www/eazyhosting.in/public_html/api/app/Controllers/BuyerAuctions.php')
 2 SYSTEMPATH/Autoloader/Autoloader.php(266): CodeIgniter\Autoloader\Autoloader->loadInNamespace('App\\Controllers\\BuyerAuctions')
 3 [internal function]: CodeIgniter\Autoloader\Autoloader->loadClass('App\\Controllers\\BuyerAuctions')
 4 SYSTEMPATH/CodeIgniter.php(899): class_exists('\\App\\Controllers\\BuyerAuctions', true)
 5 SYSTEMPATH/CodeIgniter.php(489): CodeIgniter\CodeIgniter->startController()
 6 SYSTEMPATH/CodeIgniter.php(361): CodeIgniter\CodeIgniter->handleRequest(null, Object(Config\Cache), false)
 7 FCPATH/index.php(79): CodeIgniter\CodeIgniter->run()
CRITICAL - 2024-10-01 16:48:17 --> ParseError: syntax error, unexpected token "public", expecting end of file
in APPPATH/Controllers/BuyerAuctions.php on line 375.
 1 SYSTEMPATH/Autoloader/Autoloader.php(290): CodeIgniter\Autoloader\Autoloader->includeFile('/var/www/eazyhosting.in/public_html/api/app/Controllers/BuyerAuctions.php')
 2 SYSTEMPATH/Autoloader/Autoloader.php(266): CodeIgniter\Autoloader\Autoloader->loadInNamespace('App\\Controllers\\BuyerAuctions')
 3 [internal function]: CodeIgniter\Autoloader\Autoloader->loadClass('App\\Controllers\\BuyerAuctions')
 4 SYSTEMPATH/CodeIgniter.php(899): class_exists('\\App\\Controllers\\BuyerAuctions', true)
 5 SYSTEMPATH/CodeIgniter.php(489): CodeIgniter\CodeIgniter->startController()
 6 SYSTEMPATH/CodeIgniter.php(361): CodeIgniter\CodeIgniter->handleRequest(null, Object(Config\Cache), false)
 7 FCPATH/index.php(79): CodeIgniter\CodeIgniter->run()
CRITICAL - 2024-10-01 16:48:22 --> ParseError: syntax error, unexpected token "public", expecting end of file
in APPPATH/Controllers/BuyerAuctions.php on line 375.
 1 SYSTEMPATH/Autoloader/Autoloader.php(290): CodeIgniter\Autoloader\Autoloader->includeFile('/var/www/eazyhosting.in/public_html/api/app/Controllers/BuyerAuctions.php')
 2 SYSTEMPATH/Autoloader/Autoloader.php(266): CodeIgniter\Autoloader\Autoloader->loadInNamespace('App\\Controllers\\BuyerAuctions')
 3 [internal function]: CodeIgniter\Autoloader\Autoloader->loadClass('App\\Controllers\\BuyerAuctions')
 4 SYSTEMPATH/CodeIgniter.php(899): class_exists('\\App\\Controllers\\BuyerAuctions', true)
 5 SYSTEMPATH/CodeIgniter.php(489): CodeIgniter\CodeIgniter->startController()
 6 SYSTEMPATH/CodeIgniter.php(361): CodeIgniter\CodeIgniter->handleRequest(null, Object(Config\Cache), false)
 7 FCPATH/index.php(79): CodeIgniter\CodeIgniter->run()
CRITICAL - 2024-10-01 16:48:25 --> ParseError: syntax error, unexpected token "public", expecting end of file
in APPPATH/Controllers/BuyerAuctions.php on line 375.
 1 SYSTEMPATH/Autoloader/Autoloader.php(290): CodeIgniter\Autoloader\Autoloader->includeFile('/var/www/eazyhosting.in/public_html/api/app/Controllers/BuyerAuctions.php')
 2 SYSTEMPATH/Autoloader/Autoloader.php(266): CodeIgniter\Autoloader\Autoloader->loadInNamespace('App\\Controllers\\BuyerAuctions')
 3 [internal function]: CodeIgniter\Autoloader\Autoloader->loadClass('App\\Controllers\\BuyerAuctions')
 4 SYSTEMPATH/CodeIgniter.php(899): class_exists('\\App\\Controllers\\BuyerAuctions', true)
 5 SYSTEMPATH/CodeIgniter.php(489): CodeIgniter\CodeIgniter->startController()
 6 SYSTEMPATH/CodeIgniter.php(361): CodeIgniter\CodeIgniter->handleRequest(null, Object(Config\Cache), false)
 7 FCPATH/index.php(79): CodeIgniter\CodeIgniter->run()
CRITICAL - 2024-10-01 16:50:12 --> ParseError: syntax error, unexpected token "public", expecting end of file
in APPPATH/Controllers/BuyerAuctions.php on line 375.
 1 SYSTEMPATH/Autoloader/Autoloader.php(290): CodeIgniter\Autoloader\Autoloader->includeFile('/var/www/eazyhosting.in/public_html/api/app/Controllers/BuyerAuctions.php')
 2 SYSTEMPATH/Autoloader/Autoloader.php(266): CodeIgniter\Autoloader\Autoloader->loadInNamespace('App\\Controllers\\BuyerAuctions')
 3 [internal function]: CodeIgniter\Autoloader\Autoloader->loadClass('App\\Controllers\\BuyerAuctions')
 4 SYSTEMPATH/CodeIgniter.php(899): class_exists('\\App\\Controllers\\BuyerAuctions', true)
 5 SYSTEMPATH/CodeIgniter.php(489): CodeIgniter\CodeIgniter->startController()
 6 SYSTEMPATH/CodeIgniter.php(361): CodeIgniter\CodeIgniter->handleRequest(null, Object(Config\Cache), false)
 7 FCPATH/index.php(79): CodeIgniter\CodeIgniter->run()
CRITICAL - 2024-10-01 16:50:51 --> ParseError: syntax error, unexpected token "public", expecting end of file
in APPPATH/Controllers/BuyerAuctions.php on line 375.
 1 SYSTEMPATH/Autoloader/Autoloader.php(290): CodeIgniter\Autoloader\Autoloader->includeFile('/var/www/eazyhosting.in/public_html/api/app/Controllers/BuyerAuctions.php')
 2 SYSTEMPATH/Autoloader/Autoloader.php(266): CodeIgniter\Autoloader\Autoloader->loadInNamespace('App\\Controllers\\BuyerAuctions')
 3 [internal function]: CodeIgniter\Autoloader\Autoloader->loadClass('App\\Controllers\\BuyerAuctions')
 4 SYSTEMPATH/CodeIgniter.php(899): class_exists('\\App\\Controllers\\BuyerAuctions', true)
 5 SYSTEMPATH/CodeIgniter.php(489): CodeIgniter\CodeIgniter->startController()
 6 SYSTEMPATH/CodeIgniter.php(361): CodeIgniter\CodeIgniter->handleRequest(null, Object(Config\Cache), false)
 7 FCPATH/index.php(79): CodeIgniter\CodeIgniter->run()
CRITICAL - 2024-10-01 16:50:53 --> ParseError: syntax error, unexpected token "public", expecting end of file
in APPPATH/Controllers/BuyerAuctions.php on line 375.
 1 SYSTEMPATH/Autoloader/Autoloader.php(290): CodeIgniter\Autoloader\Autoloader->includeFile('/var/www/eazyhosting.in/public_html/api/app/Controllers/BuyerAuctions.php')
 2 SYSTEMPATH/Autoloader/Autoloader.php(266): CodeIgniter\Autoloader\Autoloader->loadInNamespace('App\\Controllers\\BuyerAuctions')
 3 [internal function]: CodeIgniter\Autoloader\Autoloader->loadClass('App\\Controllers\\BuyerAuctions')
 4 SYSTEMPATH/CodeIgniter.php(899): class_exists('\\App\\Controllers\\BuyerAuctions', true)
 5 SYSTEMPATH/CodeIgniter.php(489): CodeIgniter\CodeIgniter->startController()
 6 SYSTEMPATH/CodeIgniter.php(361): CodeIgniter\CodeIgniter->handleRequest(null, Object(Config\Cache), false)
 7 FCPATH/index.php(79): CodeIgniter\CodeIgniter->run()
CRITICAL - 2024-10-01 16:50:55 --> ParseError: syntax error, unexpected token "public", expecting end of file
in APPPATH/Controllers/BuyerAuctions.php on line 375.
 1 SYSTEMPATH/Autoloader/Autoloader.php(290): CodeIgniter\Autoloader\Autoloader->includeFile('/var/www/eazyhosting.in/public_html/api/app/Controllers/BuyerAuctions.php')
 2 SYSTEMPATH/Autoloader/Autoloader.php(266): CodeIgniter\Autoloader\Autoloader->loadInNamespace('App\\Controllers\\BuyerAuctions')
 3 [internal function]: CodeIgniter\Autoloader\Autoloader->loadClass('App\\Controllers\\BuyerAuctions')
 4 SYSTEMPATH/CodeIgniter.php(899): class_exists('\\App\\Controllers\\BuyerAuctions', true)
 5 SYSTEMPATH/CodeIgniter.php(489): CodeIgniter\CodeIgniter->startController()
 6 SYSTEMPATH/CodeIgniter.php(361): CodeIgniter\CodeIgniter->handleRequest(null, Object(Config\Cache), false)
 7 FCPATH/index.php(79): CodeIgniter\CodeIgniter->run()
CRITICAL - 2024-10-01 16:50:55 --> ParseError: syntax error, unexpected token "public", expecting end of file
in APPPATH/Controllers/BuyerAuctions.php on line 375.
 1 SYSTEMPATH/Autoloader/Autoloader.php(290): CodeIgniter\Autoloader\Autoloader->includeFile('/var/www/eazyhosting.in/public_html/api/app/Controllers/BuyerAuctions.php')
 2 SYSTEMPATH/Autoloader/Autoloader.php(266): CodeIgniter\Autoloader\Autoloader->loadInNamespace('App\\Controllers\\BuyerAuctions')
 3 [internal function]: CodeIgniter\Autoloader\Autoloader->loadClass('App\\Controllers\\BuyerAuctions')
 4 SYSTEMPATH/CodeIgniter.php(899): class_exists('\\App\\Controllers\\BuyerAuctions', true)
 5 SYSTEMPATH/CodeIgniter.php(489): CodeIgniter\CodeIgniter->startController()
 6 SYSTEMPATH/CodeIgniter.php(361): CodeIgniter\CodeIgniter->handleRequest(null, Object(Config\Cache), false)
 7 FCPATH/index.php(79): CodeIgniter\CodeIgniter->run()
CRITICAL - 2024-10-01 16:50:56 --> ParseError: syntax error, unexpected token "public", expecting end of file
in APPPATH/Controllers/BuyerAuctions.php on line 375.
 1 SYSTEMPATH/Autoloader/Autoloader.php(290): CodeIgniter\Autoloader\Autoloader->includeFile('/var/www/eazyhosting.in/public_html/api/app/Controllers/BuyerAuctions.php')
 2 SYSTEMPATH/Autoloader/Autoloader.php(266): CodeIgniter\Autoloader\Autoloader->loadInNamespace('App\\Controllers\\BuyerAuctions')
 3 [internal function]: CodeIgniter\Autoloader\Autoloader->loadClass('App\\Controllers\\BuyerAuctions')
 4 SYSTEMPATH/CodeIgniter.php(899): class_exists('\\App\\Controllers\\BuyerAuctions', true)
 5 SYSTEMPATH/CodeIgniter.php(489): CodeIgniter\CodeIgniter->startController()
 6 SYSTEMPATH/CodeIgniter.php(361): CodeIgniter\CodeIgniter->handleRequest(null, Object(Config\Cache), false)
 7 FCPATH/index.php(79): CodeIgniter\CodeIgniter->run()
CRITICAL - 2024-10-01 16:50:56 --> ParseError: syntax error, unexpected token "public", expecting end of file
in APPPATH/Controllers/BuyerAuctions.php on line 375.
 1 SYSTEMPATH/Autoloader/Autoloader.php(290): CodeIgniter\Autoloader\Autoloader->includeFile('/var/www/eazyhosting.in/public_html/api/app/Controllers/BuyerAuctions.php')
 2 SYSTEMPATH/Autoloader/Autoloader.php(266): CodeIgniter\Autoloader\Autoloader->loadInNamespace('App\\Controllers\\BuyerAuctions')
 3 [internal function]: CodeIgniter\Autoloader\Autoloader->loadClass('App\\Controllers\\BuyerAuctions')
 4 SYSTEMPATH/CodeIgniter.php(899): class_exists('\\App\\Controllers\\BuyerAuctions', true)
 5 SYSTEMPATH/CodeIgniter.php(489): CodeIgniter\CodeIgniter->startController()
 6 SYSTEMPATH/CodeIgniter.php(361): CodeIgniter\CodeIgniter->handleRequest(null, Object(Config\Cache), false)
 7 FCPATH/index.php(79): CodeIgniter\CodeIgniter->run()
CRITICAL - 2024-10-01 16:50:57 --> ParseError: syntax error, unexpected token "public", expecting end of file
in APPPATH/Controllers/BuyerAuctions.php on line 375.
 1 SYSTEMPATH/Autoloader/Autoloader.php(290): CodeIgniter\Autoloader\Autoloader->includeFile('/var/www/eazyhosting.in/public_html/api/app/Controllers/BuyerAuctions.php')
 2 SYSTEMPATH/Autoloader/Autoloader.php(266): CodeIgniter\Autoloader\Autoloader->loadInNamespace('App\\Controllers\\BuyerAuctions')
 3 [internal function]: CodeIgniter\Autoloader\Autoloader->loadClass('App\\Controllers\\BuyerAuctions')
 4 SYSTEMPATH/CodeIgniter.php(899): class_exists('\\App\\Controllers\\BuyerAuctions', true)
 5 SYSTEMPATH/CodeIgniter.php(489): CodeIgniter\CodeIgniter->startController()
 6 SYSTEMPATH/CodeIgniter.php(361): CodeIgniter\CodeIgniter->handleRequest(null, Object(Config\Cache), false)
 7 FCPATH/index.php(79): CodeIgniter\CodeIgniter->run()
CRITICAL - 2024-10-01 16:50:58 --> ParseError: syntax error, unexpected token "public", expecting end of file
in APPPATH/Controllers/BuyerAuctions.php on line 375.
 1 SYSTEMPATH/Autoloader/Autoloader.php(290): CodeIgniter\Autoloader\Autoloader->includeFile('/var/www/eazyhosting.in/public_html/api/app/Controllers/BuyerAuctions.php')
 2 SYSTEMPATH/Autoloader/Autoloader.php(266): CodeIgniter\Autoloader\Autoloader->loadInNamespace('App\\Controllers\\BuyerAuctions')
 3 [internal function]: CodeIgniter\Autoloader\Autoloader->loadClass('App\\Controllers\\BuyerAuctions')
 4 SYSTEMPATH/CodeIgniter.php(899): class_exists('\\App\\Controllers\\BuyerAuctions', true)
 5 SYSTEMPATH/CodeIgniter.php(489): CodeIgniter\CodeIgniter->startController()
 6 SYSTEMPATH/CodeIgniter.php(361): CodeIgniter\CodeIgniter->handleRequest(null, Object(Config\Cache), false)
 7 FCPATH/index.php(79): CodeIgniter\CodeIgniter->run()
CRITICAL - 2024-10-01 16:50:59 --> ParseError: syntax error, unexpected token "public", expecting end of file
in APPPATH/Controllers/BuyerAuctions.php on line 375.
 1 SYSTEMPATH/Autoloader/Autoloader.php(290): CodeIgniter\Autoloader\Autoloader->includeFile('/var/www/eazyhosting.in/public_html/api/app/Controllers/BuyerAuctions.php')
 2 SYSTEMPATH/Autoloader/Autoloader.php(266): CodeIgniter\Autoloader\Autoloader->loadInNamespace('App\\Controllers\\BuyerAuctions')
 3 [internal function]: CodeIgniter\Autoloader\Autoloader->loadClass('App\\Controllers\\BuyerAuctions')
 4 SYSTEMPATH/CodeIgniter.php(899): class_exists('\\App\\Controllers\\BuyerAuctions', true)
 5 SYSTEMPATH/CodeIgniter.php(489): CodeIgniter\CodeIgniter->startController()
 6 SYSTEMPATH/CodeIgniter.php(361): CodeIgniter\CodeIgniter->handleRequest(null, Object(Config\Cache), false)
 7 FCPATH/index.php(79): CodeIgniter\CodeIgniter->run()
CRITICAL - 2024-10-01 16:51:19 --> ParseError: syntax error, unexpected token "public", expecting end of file
in APPPATH/Controllers/BuyerAuctions.php on line 375.
 1 SYSTEMPATH/Autoloader/Autoloader.php(290): CodeIgniter\Autoloader\Autoloader->includeFile('/var/www/eazyhosting.in/public_html/api/app/Controllers/BuyerAuctions.php')
 2 SYSTEMPATH/Autoloader/Autoloader.php(266): CodeIgniter\Autoloader\Autoloader->loadInNamespace('App\\Controllers\\BuyerAuctions')
 3 [internal function]: CodeIgniter\Autoloader\Autoloader->loadClass('App\\Controllers\\BuyerAuctions')
 4 SYSTEMPATH/CodeIgniter.php(899): class_exists('\\App\\Controllers\\BuyerAuctions', true)
 5 SYSTEMPATH/CodeIgniter.php(489): CodeIgniter\CodeIgniter->startController()
 6 SYSTEMPATH/CodeIgniter.php(361): CodeIgniter\CodeIgniter->handleRequest(null, Object(Config\Cache), false)
 7 FCPATH/index.php(79): CodeIgniter\CodeIgniter->run()
CRITICAL - 2024-10-01 16:51:33 --> ParseError: syntax error, unexpected token "public", expecting end of file
in APPPATH/Controllers/BuyerAuctions.php on line 375.
 1 SYSTEMPATH/Autoloader/Autoloader.php(290): CodeIgniter\Autoloader\Autoloader->includeFile('/var/www/eazyhosting.in/public_html/api/app/Controllers/BuyerAuctions.php')
 2 SYSTEMPATH/Autoloader/Autoloader.php(266): CodeIgniter\Autoloader\Autoloader->loadInNamespace('App\\Controllers\\BuyerAuctions')
 3 [internal function]: CodeIgniter\Autoloader\Autoloader->loadClass('App\\Controllers\\BuyerAuctions')
 4 SYSTEMPATH/CodeIgniter.php(899): class_exists('\\App\\Controllers\\BuyerAuctions', true)
 5 SYSTEMPATH/CodeIgniter.php(489): CodeIgniter\CodeIgniter->startController()
 6 SYSTEMPATH/CodeIgniter.php(361): CodeIgniter\CodeIgniter->handleRequest(null, Object(Config\Cache), false)
 7 FCPATH/index.php(79): CodeIgniter\CodeIgniter->run()
CRITICAL - 2024-10-01 16:51:34 --> ParseError: syntax error, unexpected token "public", expecting end of file
in APPPATH/Controllers/BuyerAuctions.php on line 375.
 1 SYSTEMPATH/Autoloader/Autoloader.php(290): CodeIgniter\Autoloader\Autoloader->includeFile('/var/www/eazyhosting.in/public_html/api/app/Controllers/BuyerAuctions.php')
 2 SYSTEMPATH/Autoloader/Autoloader.php(266): CodeIgniter\Autoloader\Autoloader->loadInNamespace('App\\Controllers\\BuyerAuctions')
 3 [internal function]: CodeIgniter\Autoloader\Autoloader->loadClass('App\\Controllers\\BuyerAuctions')
 4 SYSTEMPATH/CodeIgniter.php(899): class_exists('\\App\\Controllers\\BuyerAuctions', true)
 5 SYSTEMPATH/CodeIgniter.php(489): CodeIgniter\CodeIgniter->startController()
 6 SYSTEMPATH/CodeIgniter.php(361): CodeIgniter\CodeIgniter->handleRequest(null, Object(Config\Cache), false)
 7 FCPATH/index.php(79): CodeIgniter\CodeIgniter->run()
CRITICAL - 2024-10-01 16:51:35 --> ParseError: syntax error, unexpected token "public", expecting end of file
in APPPATH/Controllers/BuyerAuctions.php on line 375.
 1 SYSTEMPATH/Autoloader/Autoloader.php(290): CodeIgniter\Autoloader\Autoloader->includeFile('/var/www/eazyhosting.in/public_html/api/app/Controllers/BuyerAuctions.php')
 2 SYSTEMPATH/Autoloader/Autoloader.php(266): CodeIgniter\Autoloader\Autoloader->loadInNamespace('App\\Controllers\\BuyerAuctions')
 3 [internal function]: CodeIgniter\Autoloader\Autoloader->loadClass('App\\Controllers\\BuyerAuctions')
 4 SYSTEMPATH/CodeIgniter.php(899): class_exists('\\App\\Controllers\\BuyerAuctions', true)
 5 SYSTEMPATH/CodeIgniter.php(489): CodeIgniter\CodeIgniter->startController()
 6 SYSTEMPATH/CodeIgniter.php(361): CodeIgniter\CodeIgniter->handleRequest(null, Object(Config\Cache), false)
 7 FCPATH/index.php(79): CodeIgniter\CodeIgniter->run()
CRITICAL - 2024-10-01 16:51:38 --> ParseError: syntax error, unexpected token "public", expecting end of file
in APPPATH/Controllers/BuyerAuctions.php on line 375.
 1 SYSTEMPATH/Autoloader/Autoloader.php(290): CodeIgniter\Autoloader\Autoloader->includeFile('/var/www/eazyhosting.in/public_html/api/app/Controllers/BuyerAuctions.php')
 2 SYSTEMPATH/Autoloader/Autoloader.php(266): CodeIgniter\Autoloader\Autoloader->loadInNamespace('App\\Controllers\\BuyerAuctions')
 3 [internal function]: CodeIgniter\Autoloader\Autoloader->loadClass('App\\Controllers\\BuyerAuctions')
 4 SYSTEMPATH/CodeIgniter.php(899): class_exists('\\App\\Controllers\\BuyerAuctions', true)
 5 SYSTEMPATH/CodeIgniter.php(489): CodeIgniter\CodeIgniter->startController()
 6 SYSTEMPATH/CodeIgniter.php(361): CodeIgniter\CodeIgniter->handleRequest(null, Object(Config\Cache), false)
 7 FCPATH/index.php(79): CodeIgniter\CodeIgniter->run()
CRITICAL - 2024-10-01 16:51:46 --> ParseError: syntax error, unexpected token "public", expecting end of file
in APPPATH/Controllers/BuyerAuctions.php on line 375.
 1 SYSTEMPATH/Autoloader/Autoloader.php(290): CodeIgniter\Autoloader\Autoloader->includeFile('/var/www/eazyhosting.in/public_html/api/app/Controllers/BuyerAuctions.php')
 2 SYSTEMPATH/Autoloader/Autoloader.php(266): CodeIgniter\Autoloader\Autoloader->loadInNamespace('App\\Controllers\\BuyerAuctions')
 3 [internal function]: CodeIgniter\Autoloader\Autoloader->loadClass('App\\Controllers\\BuyerAuctions')
 4 SYSTEMPATH/CodeIgniter.php(899): class_exists('\\App\\Controllers\\BuyerAuctions', true)
 5 SYSTEMPATH/CodeIgniter.php(489): CodeIgniter\CodeIgniter->startController()
 6 SYSTEMPATH/CodeIgniter.php(361): CodeIgniter\CodeIgniter->handleRequest(null, Object(Config\Cache), false)
 7 FCPATH/index.php(79): CodeIgniter\CodeIgniter->run()
CRITICAL - 2024-10-01 16:51:46 --> ParseError: syntax error, unexpected token "public", expecting end of file
in APPPATH/Controllers/BuyerAuctions.php on line 375.
 1 SYSTEMPATH/Autoloader/Autoloader.php(290): CodeIgniter\Autoloader\Autoloader->includeFile('/var/www/eazyhosting.in/public_html/api/app/Controllers/BuyerAuctions.php')
 2 SYSTEMPATH/Autoloader/Autoloader.php(266): CodeIgniter\Autoloader\Autoloader->loadInNamespace('App\\Controllers\\BuyerAuctions')
 3 [internal function]: CodeIgniter\Autoloader\Autoloader->loadClass('App\\Controllers\\BuyerAuctions')
 4 SYSTEMPATH/CodeIgniter.php(899): class_exists('\\App\\Controllers\\BuyerAuctions', true)
 5 SYSTEMPATH/CodeIgniter.php(489): CodeIgniter\CodeIgniter->startController()
 6 SYSTEMPATH/CodeIgniter.php(361): CodeIgniter\CodeIgniter->handleRequest(null, Object(Config\Cache), false)
 7 FCPATH/index.php(79): CodeIgniter\CodeIgniter->run()
CRITICAL - 2024-10-01 16:52:08 --> ParseError: syntax error, unexpected token "public", expecting end of file
in APPPATH/Controllers/BuyerAuctions.php on line 375.
 1 SYSTEMPATH/Autoloader/Autoloader.php(290): CodeIgniter\Autoloader\Autoloader->includeFile('/var/www/eazyhosting.in/public_html/api/app/Controllers/BuyerAuctions.php')
 2 SYSTEMPATH/Autoloader/Autoloader.php(266): CodeIgniter\Autoloader\Autoloader->loadInNamespace('App\\Controllers\\BuyerAuctions')
 3 [internal function]: CodeIgniter\Autoloader\Autoloader->loadClass('App\\Controllers\\BuyerAuctions')
 4 SYSTEMPATH/CodeIgniter.php(899): class_exists('\\App\\Controllers\\BuyerAuctions', true)
 5 SYSTEMPATH/CodeIgniter.php(489): CodeIgniter\CodeIgniter->startController()
 6 SYSTEMPATH/CodeIgniter.php(361): CodeIgniter\CodeIgniter->handleRequest(null, Object(Config\Cache), false)
 7 FCPATH/index.php(79): CodeIgniter\CodeIgniter->run()
CRITICAL - 2024-10-01 16:52:52 --> ParseError: syntax error, unexpected token "public", expecting end of file
in APPPATH/Controllers/BuyerAuctions.php on line 375.
 1 SYSTEMPATH/Autoloader/Autoloader.php(290): CodeIgniter\Autoloader\Autoloader->includeFile('/var/www/eazyhosting.in/public_html/api/app/Controllers/BuyerAuctions.php')
 2 SYSTEMPATH/Autoloader/Autoloader.php(266): CodeIgniter\Autoloader\Autoloader->loadInNamespace('App\\Controllers\\BuyerAuctions')
 3 [internal function]: CodeIgniter\Autoloader\Autoloader->loadClass('App\\Controllers\\BuyerAuctions')
 4 SYSTEMPATH/CodeIgniter.php(899): class_exists('\\App\\Controllers\\BuyerAuctions', true)
 5 SYSTEMPATH/CodeIgniter.php(489): CodeIgniter\CodeIgniter->startController()
 6 SYSTEMPATH/CodeIgniter.php(361): CodeIgniter\CodeIgniter->handleRequest(null, Object(Config\Cache), false)
 7 FCPATH/index.php(79): CodeIgniter\CodeIgniter->run()
CRITICAL - 2024-10-01 16:53:29 --> ErrorException: Cannot use isset() on the result of an expression (you can use "null !== expression" instead)
in APPPATH/Controllers/BuyerAuctions.php on line 342.
 1 [internal function]: CodeIgniter\Debug\Exceptions->shutdownHandler()
CRITICAL - 2024-10-01 16:53:32 --> ErrorException: Cannot use isset() on the result of an expression (you can use "null !== expression" instead)
in APPPATH/Controllers/BuyerAuctions.php on line 342.
 1 [internal function]: CodeIgniter\Debug\Exceptions->shutdownHandler()
CRITICAL - 2024-10-01 16:53:32 --> ErrorException: Cannot use isset() on the result of an expression (you can use "null !== expression" instead)
in APPPATH/Controllers/BuyerAuctions.php on line 342.
 1 [internal function]: CodeIgniter\Debug\Exceptions->shutdownHandler()
CRITICAL - 2024-10-01 16:53:32 --> ErrorException: Cannot use isset() on the result of an expression (you can use "null !== expression" instead)
in APPPATH/Controllers/BuyerAuctions.php on line 342.
 1 [internal function]: CodeIgniter\Debug\Exceptions->shutdownHandler()
CRITICAL - 2024-10-01 16:53:32 --> ErrorException: Cannot use isset() on the result of an expression (you can use "null !== expression" instead)
in APPPATH/Controllers/BuyerAuctions.php on line 342.
 1 [internal function]: CodeIgniter\Debug\Exceptions->shutdownHandler()
CRITICAL - 2024-10-01 16:53:32 --> ErrorException: Cannot use isset() on the result of an expression (you can use "null !== expression" instead)
in APPPATH/Controllers/BuyerAuctions.php on line 342.
 1 [internal function]: CodeIgniter\Debug\Exceptions->shutdownHandler()
CRITICAL - 2024-10-01 16:53:33 --> ErrorException: Cannot use isset() on the result of an expression (you can use "null !== expression" instead)
in APPPATH/Controllers/BuyerAuctions.php on line 342.
 1 [internal function]: CodeIgniter\Debug\Exceptions->shutdownHandler()
ERROR - 2024-10-01 16:54:18 --> current items data:[{"id":"78","inward_invoice_id":"V2","inward_item_id":"2","auction_id":"24","lot_no":"1","lot_set":"1","auction_quantity":"1","sample_quantity":"0","auction_each_net":"13","base_price":"100","reverse_price":"200","high_price":"0","valuation_price":"300","last_sold_price":null,"status":"1","is_sold":"0","min_bid_added":"0","is_withdrawn":"0","created_at":"2024-10-01 16:47:05","updated_at":"2024-10-01 16:47:25","created_by":"1","updated_by":"1"},{"id":"79","inward_invoice_id":"V1","inward_item_id":"1","auction_id":"24","lot_no":"2","lot_set":"1","auction_quantity":"1","sample_quantity":"0","auction_each_net":"10","base_price":"100","reverse_price":"200","high_price":"0","valuation_price":"300","last_sold_price":null,"status":"1","is_sold":"0","min_bid_added":"0","is_withdrawn":"0","created_at":"2024-10-01 16:47:05","updated_at":"2024-10-01 16:47:25","created_by":"1","updated_by":"1"}], 2024-10-01 04:54:18
ERROR - 2024-10-01 16:54:18 --> Error code L001. auctionItemId:78, 2024-10-01 04:54:18
ERROR - 2024-10-01 16:54:18 --> Error code L002. auctionItemId:78, 2024-10-01 04:54:18
ERROR - 2024-10-01 16:54:18 --> Error code L003. auctionItemId:78, 2024-10-01 04:54:18
ERROR - 2024-10-01 16:54:18 --> Error code L001. auctionItemId:79, 2024-10-01 04:54:18
ERROR - 2024-10-01 16:54:18 --> Error code L002. auctionItemId:79, 2024-10-01 04:54:18
ERROR - 2024-10-01 16:54:18 --> Error code L003. auctionItemId:79, 2024-10-01 04:54:18
CRITICAL - 2024-10-01 16:54:18 --> ErrorException: Cannot use isset() on the result of an expression (you can use "null !== expression" instead)
in APPPATH/Controllers/BuyerAuctions.php on line 342.
 1 [internal function]: CodeIgniter\Debug\Exceptions->shutdownHandler()
ERROR - 2024-10-01 16:54:18 --> current items data:[], 2024-10-01 04:54:18
CRITICAL - 2024-10-01 16:54:19 --> ErrorException: Cannot use isset() on the result of an expression (you can use "null !== expression" instead)
in APPPATH/Controllers/BuyerAuctions.php on line 342.
 1 [internal function]: CodeIgniter\Debug\Exceptions->shutdownHandler()
CRITICAL - 2024-10-01 16:54:19 --> ErrorException: Cannot use isset() on the result of an expression (you can use "null !== expression" instead)
in APPPATH/Controllers/BuyerAuctions.php on line 342.
 1 [internal function]: CodeIgniter\Debug\Exceptions->shutdownHandler()
ERROR - 2024-10-01 16:56:49 --> current items data:[{"id":"80","inward_invoice_id":"V3","inward_item_id":"3","auction_id":"24","lot_no":"3","lot_set":"2","auction_quantity":"1","sample_quantity":"0","auction_each_net":"9","base_price":"100","reverse_price":"200","high_price":"0","valuation_price":"300","last_sold_price":null,"status":"1","is_sold":"0","min_bid_added":"0","is_withdrawn":"0","created_at":"2024-10-01 16:47:05","updated_at":"2024-10-01 16:47:25","created_by":"1","updated_by":"1"}], 2024-10-01 04:56:49
ERROR - 2024-10-01 16:56:49 --> Error code L001. auctionItemId:80, 2024-10-01 04:56:49
ERROR - 2024-10-01 16:56:49 --> Error code L002. auctionItemId:80, 2024-10-01 04:56:49
ERROR - 2024-10-01 16:56:49 --> Error code L003. auctionItemId:80, 2024-10-01 04:56:49
ERROR - 2024-10-01 16:56:49 --> current items data:[], 2024-10-01 04:56:49
CRITICAL - 2024-10-01 16:58:42 --> ErrorException: Undefined variable $auction_data
in APPPATH/Controllers/Cart.php on line 427.
 1 APPPATH/Controllers/Cart.php(427): CodeIgniter\Debug\Exceptions->errorHandler(2, 'Undefined variable $auction_data', '/var/www/eazyhosting.in/public_html/api/app/Controllers/Cart.php', 427)
 2 SYSTEMPATH/CodeIgniter.php(941): App\Controllers\Cart->auctiongardenlist()
 3 SYSTEMPATH/CodeIgniter.php(502): CodeIgniter\CodeIgniter->runController(Object(App\Controllers\Cart))
 4 SYSTEMPATH/CodeIgniter.php(361): CodeIgniter\CodeIgniter->handleRequest(null, Object(Config\Cache), false)
 5 FCPATH/index.php(79): CodeIgniter\CodeIgniter->run()
CRITICAL - 2024-10-01 16:59:03 --> ErrorException: Undefined variable $auction_data
in APPPATH/Controllers/Cart.php on line 427.
 1 APPPATH/Controllers/Cart.php(427): CodeIgniter\Debug\Exceptions->errorHandler(2, 'Undefined variable $auction_data', '/var/www/eazyhosting.in/public_html/api/app/Controllers/Cart.php', 427)
 2 SYSTEMPATH/CodeIgniter.php(941): App\Controllers\Cart->auctiongardenlist()
 3 SYSTEMPATH/CodeIgniter.php(502): CodeIgniter\CodeIgniter->runController(Object(App\Controllers\Cart))
 4 SYSTEMPATH/CodeIgniter.php(361): CodeIgniter\CodeIgniter->handleRequest(null, Object(Config\Cache), false)
 5 FCPATH/index.php(79): CodeIgniter\CodeIgniter->run()
CRITICAL - 2024-10-01 16:59:05 --> ErrorException: Undefined variable $auction_data
in APPPATH/Controllers/Cart.php on line 427.
 1 APPPATH/Controllers/Cart.php(427): CodeIgniter\Debug\Exceptions->errorHandler(2, 'Undefined variable $auction_data', '/var/www/eazyhosting.in/public_html/api/app/Controllers/Cart.php', 427)
 2 SYSTEMPATH/CodeIgniter.php(941): App\Controllers\Cart->auctiongardenlist()
 3 SYSTEMPATH/CodeIgniter.php(502): CodeIgniter\CodeIgniter->runController(Object(App\Controllers\Cart))
 4 SYSTEMPATH/CodeIgniter.php(361): CodeIgniter\CodeIgniter->handleRequest(null, Object(Config\Cache), false)
 5 FCPATH/index.php(79): CodeIgniter\CodeIgniter->run()
ERROR - 2024-10-01 17:01:11 --> E002 - 2024-10-01 05:01:11
ERROR - 2024-10-01 17:01:11 --> E003 - 2024-10-01 05:01:11
ERROR - 2024-10-01 17:03:43 --> current items data:[{"id":"81","inward_invoice_id":"R3","inward_item_id":"28","auction_id":"25","lot_no":"1001","lot_set":"1","auction_quantity":"1","sample_quantity":"0","auction_each_net":"21","base_price":"100","reverse_price":"200","high_price":"0","valuation_price":"300","last_sold_price":null,"status":"1","is_sold":"0","min_bid_added":"0","is_withdrawn":"0","created_at":"2024-10-01 16:59:08","updated_at":"2024-10-01 16:59:27","created_by":"2","updated_by":"2"},{"id":"82","inward_invoice_id":"R5","inward_item_id":"30","auction_id":"25","lot_no":"1002","lot_set":"1","auction_quantity":"1","sample_quantity":"0","auction_each_net":"17","base_price":"100","reverse_price":"200","high_price":"0","valuation_price":"300","last_sold_price":null,"status":"1","is_sold":"0","min_bid_added":"0","is_withdrawn":"0","created_at":"2024-10-01 16:59:08","updated_at":"2024-10-01 16:59:27","created_by":"2","updated_by":"2"}], 2024-10-01 05:03:43
ERROR - 2024-10-01 17:03:43 --> Error code L001. auctionItemId:81, 2024-10-01 05:03:43
ERROR - 2024-10-01 17:03:43 --> Error code L002. auctionItemId:81, 2024-10-01 05:03:43
ERROR - 2024-10-01 17:03:43 --> Error code L003. auctionItemId:81, 2024-10-01 05:03:43
ERROR - 2024-10-01 17:03:43 --> Error code L001. auctionItemId:82, 2024-10-01 05:03:43
ERROR - 2024-10-01 17:03:43 --> Error code L002. auctionItemId:82, 2024-10-01 05:03:43
ERROR - 2024-10-01 17:03:43 --> current items data:[], 2024-10-01 05:03:43
ERROR - 2024-10-01 17:03:43 --> Error code L003. auctionItemId:82, 2024-10-01 05:03:43
ERROR - 2024-10-01 17:06:15 --> current items data:[{"id":"83","inward_invoice_id":"R2","inward_item_id":"27","auction_id":"25","lot_no":"1003","lot_set":"2","auction_quantity":"1","sample_quantity":"0","auction_each_net":"25","base_price":"100","reverse_price":"200","high_price":"0","valuation_price":"300","last_sold_price":null,"status":"1","is_sold":"0","min_bid_added":"0","is_withdrawn":"0","created_at":"2024-10-01 16:59:08","updated_at":"2024-10-01 16:59:27","created_by":"2","updated_by":"2"}], 2024-10-01 05:06:15
ERROR - 2024-10-01 17:06:15 --> Error code L001. auctionItemId:83, 2024-10-01 05:06:15
ERROR - 2024-10-01 17:06:15 --> Error code L002. auctionItemId:83, 2024-10-01 05:06:15
ERROR - 2024-10-01 17:06:15 --> Error code L003. auctionItemId:83, 2024-10-01 05:06:15
ERROR - 2024-10-01 17:06:16 --> current items data:[], 2024-10-01 05:06:16
CRITICAL - 2024-10-01 17:07:13 --> ErrorException: Undefined variable $auction_data
in APPPATH/Controllers/Cart.php on line 427.
 1 APPPATH/Controllers/Cart.php(427): CodeIgniter\Debug\Exceptions->errorHandler(2, 'Undefined variable $auction_data', '/var/www/eazyhosting.in/public_html/api/app/Controllers/Cart.php', 427)
 2 SYSTEMPATH/CodeIgniter.php(941): App\Controllers\Cart->auctiongardenlist()
 3 SYSTEMPATH/CodeIgniter.php(502): CodeIgniter\CodeIgniter->runController(Object(App\Controllers\Cart))
 4 SYSTEMPATH/CodeIgniter.php(361): CodeIgniter\CodeIgniter->handleRequest(null, Object(Config\Cache), false)
 5 FCPATH/index.php(79): CodeIgniter\CodeIgniter->run()
CRITICAL - 2024-10-01 17:07:38 --> ErrorException: Undefined variable $auction_data
in APPPATH/Controllers/Cart.php on line 427.
 1 APPPATH/Controllers/Cart.php(427): CodeIgniter\Debug\Exceptions->errorHandler(2, 'Undefined variable $auction_data', '/var/www/eazyhosting.in/public_html/api/app/Controllers/Cart.php', 427)
 2 SYSTEMPATH/CodeIgniter.php(941): App\Controllers\Cart->auctiongardenlist()
 3 SYSTEMPATH/CodeIgniter.php(502): CodeIgniter\CodeIgniter->runController(Object(App\Controllers\Cart))
 4 SYSTEMPATH/CodeIgniter.php(361): CodeIgniter\CodeIgniter->handleRequest(null, Object(Config\Cache), false)
 5 FCPATH/index.php(79): CodeIgniter\CodeIgniter->run()
CRITICAL - 2024-10-01 17:07:42 --> ErrorException: Undefined variable $auction_data
in APPPATH/Controllers/Cart.php on line 427.
 1 APPPATH/Controllers/Cart.php(427): CodeIgniter\Debug\Exceptions->errorHandler(2, 'Undefined variable $auction_data', '/var/www/eazyhosting.in/public_html/api/app/Controllers/Cart.php', 427)
 2 SYSTEMPATH/CodeIgniter.php(941): App\Controllers\Cart->auctiongardenlist()
 3 SYSTEMPATH/CodeIgniter.php(502): CodeIgniter\CodeIgniter->runController(Object(App\Controllers\Cart))
 4 SYSTEMPATH/CodeIgniter.php(361): CodeIgniter\CodeIgniter->handleRequest(null, Object(Config\Cache), false)
 5 FCPATH/index.php(79): CodeIgniter\CodeIgniter->run()
ERROR - 2024-10-01 17:13:21 --> E002 - 2024-10-01 05:13:21
ERROR - 2024-10-01 17:13:21 --> E003 - 2024-10-01 05:13:21
ERROR - 2024-10-01 17:15:50 --> current items data:[{"id":"84","inward_invoice_id":"R3","inward_item_id":"28","auction_id":"26","lot_no":"1001","lot_set":"1","auction_quantity":"1","sample_quantity":"0","auction_each_net":"21","base_price":"100","reverse_price":"200","high_price":"0","valuation_price":"300","last_sold_price":null,"status":"1","is_sold":"0","min_bid_added":"0","is_withdrawn":"0","created_at":"2024-10-01 17:07:45","updated_at":"2024-10-01 17:08:11","created_by":"2","updated_by":"2"},{"id":"85","inward_invoice_id":"R5","inward_item_id":"30","auction_id":"26","lot_no":"1002","lot_set":"1","auction_quantity":"1","sample_quantity":"0","auction_each_net":"17","base_price":"100","reverse_price":"200","high_price":"0","valuation_price":"300","last_sold_price":null,"status":"1","is_sold":"0","min_bid_added":"0","is_withdrawn":"0","created_at":"2024-10-01 17:07:45","updated_at":"2024-10-01 17:08:11","created_by":"2","updated_by":"2"}], 2024-10-01 05:15:50
ERROR - 2024-10-01 17:15:50 --> Error code L001. auctionItemId:84, 2024-10-01 05:15:50
ERROR - 2024-10-01 17:15:50 --> Error code L002. auctionItemId:84, 2024-10-01 05:15:50
ERROR - 2024-10-01 17:15:50 --> Error code L003. auctionItemId:84, 2024-10-01 05:15:50
ERROR - 2024-10-01 17:15:50 --> Error code L001. auctionItemId:85, 2024-10-01 05:15:50
ERROR - 2024-10-01 17:15:50 --> Error code L002. auctionItemId:85, 2024-10-01 05:15:50
ERROR - 2024-10-01 17:15:50 --> Error code L003. auctionItemId:85, 2024-10-01 05:15:50
ERROR - 2024-10-01 17:15:51 --> current items data:[], 2024-10-01 05:15:51
ERROR - 2024-10-01 17:18:23 --> current items data:[{"id":"86","inward_invoice_id":"R2","inward_item_id":"27","auction_id":"26","lot_no":"1003","lot_set":"2","auction_quantity":"1","sample_quantity":"0","auction_each_net":"25","base_price":"100","reverse_price":"200","high_price":"0","valuation_price":"300","last_sold_price":null,"status":"1","is_sold":"0","min_bid_added":"0","is_withdrawn":"0","created_at":"2024-10-01 17:07:45","updated_at":"2024-10-01 17:08:11","created_by":"2","updated_by":"2"}], 2024-10-01 05:18:23
ERROR - 2024-10-01 17:18:23 --> Error code L001. auctionItemId:86, 2024-10-01 05:18:23
ERROR - 2024-10-01 17:18:23 --> Error code L002. auctionItemId:86, 2024-10-01 05:18:23
ERROR - 2024-10-01 17:18:23 --> Error code L003. auctionItemId:86, 2024-10-01 05:18:23
ERROR - 2024-10-01 17:18:24 --> current items data:[], 2024-10-01 05:18:24
CRITICAL - 2024-10-01 17:21:12 --> ErrorException: Undefined variable $auction_data
in APPPATH/Controllers/Cart.php on line 427.
 1 APPPATH/Controllers/Cart.php(427): CodeIgniter\Debug\Exceptions->errorHandler(2, 'Undefined variable $auction_data', '/var/www/eazyhosting.in/public_html/api/app/Controllers/Cart.php', 427)
 2 SYSTEMPATH/CodeIgniter.php(941): App\Controllers\Cart->auctiongardenlist()
 3 SYSTEMPATH/CodeIgniter.php(502): CodeIgniter\CodeIgniter->runController(Object(App\Controllers\Cart))
 4 SYSTEMPATH/CodeIgniter.php(361): CodeIgniter\CodeIgniter->handleRequest(null, Object(Config\Cache), false)
 5 FCPATH/index.php(79): CodeIgniter\CodeIgniter->run()
CRITICAL - 2024-10-01 17:21:32 --> ErrorException: Undefined variable $auction_data
in APPPATH/Controllers/Cart.php on line 427.
 1 APPPATH/Controllers/Cart.php(427): CodeIgniter\Debug\Exceptions->errorHandler(2, 'Undefined variable $auction_data', '/var/www/eazyhosting.in/public_html/api/app/Controllers/Cart.php', 427)
 2 SYSTEMPATH/CodeIgniter.php(941): App\Controllers\Cart->auctiongardenlist()
 3 SYSTEMPATH/CodeIgniter.php(502): CodeIgniter\CodeIgniter->runController(Object(App\Controllers\Cart))
 4 SYSTEMPATH/CodeIgniter.php(361): CodeIgniter\CodeIgniter->handleRequest(null, Object(Config\Cache), false)
 5 FCPATH/index.php(79): CodeIgniter\CodeIgniter->run()
CRITICAL - 2024-10-01 17:21:36 --> ErrorException: Undefined variable $auction_data
in APPPATH/Controllers/Cart.php on line 427.
 1 APPPATH/Controllers/Cart.php(427): CodeIgniter\Debug\Exceptions->errorHandler(2, 'Undefined variable $auction_data', '/var/www/eazyhosting.in/public_html/api/app/Controllers/Cart.php', 427)
 2 SYSTEMPATH/CodeIgniter.php(941): App\Controllers\Cart->auctiongardenlist()
 3 SYSTEMPATH/CodeIgniter.php(502): CodeIgniter\CodeIgniter->runController(Object(App\Controllers\Cart))
 4 SYSTEMPATH/CodeIgniter.php(361): CodeIgniter\CodeIgniter->handleRequest(null, Object(Config\Cache), false)
 5 FCPATH/index.php(79): CodeIgniter\CodeIgniter->run()
ERROR - 2024-10-01 17:26:25 --> E002 - 2024-10-01 05:26:25
ERROR - 2024-10-01 17:26:25 --> E002.2 - 2024-10-01 05:26:25
ERROR - 2024-10-01 17:26:26 --> E002 - 2024-10-01 05:26:26
ERROR - 2024-10-01 17:26:26 --> E002.2 - 2024-10-01 05:26:26
ERROR - 2024-10-01 17:28:56 --> current items data:[{"id":"87","inward_invoice_id":"R3","inward_item_id":"28","auction_id":"27","lot_no":"1001","lot_set":"1","auction_quantity":"1","sample_quantity":"0","auction_each_net":"21","base_price":"100","reverse_price":"200","high_price":"0","valuation_price":"300","last_sold_price":null,"status":"1","is_sold":"0","min_bid_added":"0","is_withdrawn":"0","created_at":"2024-10-01 17:21:40","updated_at":"2024-10-01 17:22:02","created_by":"2","updated_by":"2"},{"id":"88","inward_invoice_id":"R5","inward_item_id":"30","auction_id":"27","lot_no":"1002","lot_set":"1","auction_quantity":"1","sample_quantity":"0","auction_each_net":"17","base_price":"100","reverse_price":"200","high_price":"0","valuation_price":"300","last_sold_price":null,"status":"1","is_sold":"0","min_bid_added":"0","is_withdrawn":"0","created_at":"2024-10-01 17:21:40","updated_at":"2024-10-01 17:22:02","created_by":"2","updated_by":"2"}], 2024-10-01 05:28:56
ERROR - 2024-10-01 17:28:56 --> Error code L001. auctionItemId:87, 2024-10-01 05:28:56
ERROR - 2024-10-01 17:28:56 --> Error code L002. auctionItemId:87, 2024-10-01 05:28:56
ERROR - 2024-10-01 17:28:56 --> Error code L003. auctionItemId:87, 2024-10-01 05:28:56
ERROR - 2024-10-01 17:28:56 --> Error code L001. auctionItemId:88, 2024-10-01 05:28:56
ERROR - 2024-10-01 17:28:56 --> Error code L002. auctionItemId:88, 2024-10-01 05:28:56
ERROR - 2024-10-01 17:28:56 --> Error code L003. auctionItemId:88, 2024-10-01 05:28:56
ERROR - 2024-10-01 17:28:57 --> E002 - 2024-10-01 05:28:57
ERROR - 2024-10-01 17:28:57 --> E003 - 2024-10-01 05:28:57
ERROR - 2024-10-01 17:28:58 --> current items data:[], 2024-10-01 05:28:58
ERROR - 2024-10-01 17:31:28 --> current items data:[{"id":"89","inward_invoice_id":"R2","inward_item_id":"27","auction_id":"27","lot_no":"1003","lot_set":"2","auction_quantity":"1","sample_quantity":"0","auction_each_net":"25","base_price":"100","reverse_price":"200","high_price":"0","valuation_price":"300","last_sold_price":null,"status":"1","is_sold":"0","min_bid_added":"0","is_withdrawn":"0","created_at":"2024-10-01 17:21:40","updated_at":"2024-10-01 17:22:02","created_by":"2","updated_by":"2"}], 2024-10-01 05:31:28
ERROR - 2024-10-01 17:31:28 --> Error code L001. auctionItemId:89, 2024-10-01 05:31:28
ERROR - 2024-10-01 17:31:28 --> Error code L002. auctionItemId:89, 2024-10-01 05:31:28
ERROR - 2024-10-01 17:31:28 --> Error code L003. auctionItemId:89, 2024-10-01 05:31:28
ERROR - 2024-10-01 17:33:40 --> current items data:[], 2024-10-01 05:33:40
CRITICAL - 2024-10-01 17:34:02 --> ErrorException: Undefined variable $auction_data
in APPPATH/Controllers/Cart.php on line 427.
 1 APPPATH/Controllers/Cart.php(427): CodeIgniter\Debug\Exceptions->errorHandler(2, 'Undefined variable $auction_data', '/var/www/eazyhosting.in/public_html/api/app/Controllers/Cart.php', 427)
 2 SYSTEMPATH/CodeIgniter.php(941): App\Controllers\Cart->auctiongardenlist()
 3 SYSTEMPATH/CodeIgniter.php(502): CodeIgniter\CodeIgniter->runController(Object(App\Controllers\Cart))
 4 SYSTEMPATH/CodeIgniter.php(361): CodeIgniter\CodeIgniter->handleRequest(null, Object(Config\Cache), false)
 5 FCPATH/index.php(79): CodeIgniter\CodeIgniter->run()
CRITICAL - 2024-10-01 17:34:22 --> ErrorException: Undefined variable $auction_data
in APPPATH/Controllers/Cart.php on line 427.
 1 APPPATH/Controllers/Cart.php(427): CodeIgniter\Debug\Exceptions->errorHandler(2, 'Undefined variable $auction_data', '/var/www/eazyhosting.in/public_html/api/app/Controllers/Cart.php', 427)
 2 SYSTEMPATH/CodeIgniter.php(941): App\Controllers\Cart->auctiongardenlist()
 3 SYSTEMPATH/CodeIgniter.php(502): CodeIgniter\CodeIgniter->runController(Object(App\Controllers\Cart))
 4 SYSTEMPATH/CodeIgniter.php(361): CodeIgniter\CodeIgniter->handleRequest(null, Object(Config\Cache), false)
 5 FCPATH/index.php(79): CodeIgniter\CodeIgniter->run()
CRITICAL - 2024-10-01 17:34:24 --> ErrorException: Undefined variable $auction_data
in APPPATH/Controllers/Cart.php on line 427.
 1 APPPATH/Controllers/Cart.php(427): CodeIgniter\Debug\Exceptions->errorHandler(2, 'Undefined variable $auction_data', '/var/www/eazyhosting.in/public_html/api/app/Controllers/Cart.php', 427)
 2 SYSTEMPATH/CodeIgniter.php(941): App\Controllers\Cart->auctiongardenlist()
 3 SYSTEMPATH/CodeIgniter.php(502): CodeIgniter\CodeIgniter->runController(Object(App\Controllers\Cart))
 4 SYSTEMPATH/CodeIgniter.php(361): CodeIgniter\CodeIgniter->handleRequest(null, Object(Config\Cache), false)
 5 FCPATH/index.php(79): CodeIgniter\CodeIgniter->run()
ERROR - 2024-10-01 17:37:06 --> E002 - 2024-10-01 05:37:06
ERROR - 2024-10-01 17:37:06 --> E003 - 2024-10-01 05:37:06
ERROR - 2024-10-01 17:37:06 --> E002 - 2024-10-01 05:37:06
ERROR - 2024-10-01 17:37:06 --> E002.1 - 2024-10-01 05:37:06
ERROR - 2024-10-01 17:39:36 --> current items data:[{"id":"90","inward_invoice_id":"R3","inward_item_id":"28","auction_id":"28","lot_no":"1001","lot_set":"1","auction_quantity":"1","sample_quantity":"0","auction_each_net":"21","base_price":"100","reverse_price":"200","high_price":"0","valuation_price":"300","last_sold_price":null,"status":"1","is_sold":"0","min_bid_added":"0","is_withdrawn":"0","created_at":"2024-10-01 17:34:27","updated_at":"2024-10-01 17:34:47","created_by":"2","updated_by":"2"},{"id":"91","inward_invoice_id":"R5","inward_item_id":"30","auction_id":"28","lot_no":"1002","lot_set":"1","auction_quantity":"1","sample_quantity":"0","auction_each_net":"17","base_price":"100","reverse_price":"200","high_price":"0","valuation_price":"300","last_sold_price":null,"status":"1","is_sold":"0","min_bid_added":"0","is_withdrawn":"0","created_at":"2024-10-01 17:34:27","updated_at":"2024-10-01 17:34:47","created_by":"2","updated_by":"2"}], 2024-10-01 05:39:36
ERROR - 2024-10-01 17:39:36 --> Error code L001. auctionItemId:90, 2024-10-01 05:39:36
ERROR - 2024-10-01 17:39:36 --> Error code L002. auctionItemId:90, 2024-10-01 05:39:36
ERROR - 2024-10-01 17:39:36 --> Error code L003. auctionItemId:90, 2024-10-01 05:39:36
ERROR - 2024-10-01 17:39:36 --> Error code L001. auctionItemId:91, 2024-10-01 05:39:36
ERROR - 2024-10-01 17:39:36 --> Error code L002. auctionItemId:91, 2024-10-01 05:39:36
ERROR - 2024-10-01 17:39:36 --> Error code L003. auctionItemId:91, 2024-10-01 05:39:36
ERROR - 2024-10-01 17:39:39 --> current items data:[], 2024-10-01 05:39:39
ERROR - 2024-10-01 17:40:31 --> E002 - 2024-10-01 05:40:31
ERROR - 2024-10-01 17:40:31 --> E002.2 - 2024-10-01 05:40:31
ERROR - 2024-10-01 17:42:08 --> current items data:[{"id":"92","inward_invoice_id":"R2","inward_item_id":"27","auction_id":"28","lot_no":"1003","lot_set":"2","auction_quantity":"1","sample_quantity":"0","auction_each_net":"25","base_price":"100","reverse_price":"200","high_price":"0","valuation_price":"300","last_sold_price":null,"status":"1","is_sold":"0","min_bid_added":"0","is_withdrawn":"0","created_at":"2024-10-01 17:34:27","updated_at":"2024-10-01 17:34:47","created_by":"2","updated_by":"2"}], 2024-10-01 05:42:08
ERROR - 2024-10-01 17:42:08 --> Error code L001. auctionItemId:92, 2024-10-01 05:42:08
ERROR - 2024-10-01 17:42:08 --> Error code L002. auctionItemId:92, 2024-10-01 05:42:08
ERROR - 2024-10-01 17:42:08 --> Error code L003. auctionItemId:92, 2024-10-01 05:42:08
ERROR - 2024-10-01 17:42:09 --> current items data:[], 2024-10-01 05:42:09
CRITICAL - 2024-10-01 20:43:20 --> ErrorException: Undefined variable $auction_data
in APPPATH/Controllers/Cart.php on line 427.
 1 APPPATH/Controllers/Cart.php(427): CodeIgniter\Debug\Exceptions->errorHandler(2, 'Undefined variable $auction_data', '/var/www/eazyhosting.in/public_html/api/app/Controllers/Cart.php', 427)
 2 SYSTEMPATH/CodeIgniter.php(941): App\Controllers\Cart->auctiongardenlist()
 3 SYSTEMPATH/CodeIgniter.php(502): CodeIgniter\CodeIgniter->runController(Object(App\Controllers\Cart))
 4 SYSTEMPATH/CodeIgniter.php(361): CodeIgniter\CodeIgniter->handleRequest(null, Object(Config\Cache), false)
 5 FCPATH/index.php(79): CodeIgniter\CodeIgniter->run()
CRITICAL - 2024-10-01 20:43:57 --> ErrorException: Undefined variable $auction_data
in APPPATH/Controllers/Cart.php on line 427.
 1 APPPATH/Controllers/Cart.php(427): CodeIgniter\Debug\Exceptions->errorHandler(2, 'Undefined variable $auction_data', '/var/www/eazyhosting.in/public_html/api/app/Controllers/Cart.php', 427)
 2 SYSTEMPATH/CodeIgniter.php(941): App\Controllers\Cart->auctiongardenlist()
 3 SYSTEMPATH/CodeIgniter.php(502): CodeIgniter\CodeIgniter->runController(Object(App\Controllers\Cart))
 4 SYSTEMPATH/CodeIgniter.php(361): CodeIgniter\CodeIgniter->handleRequest(null, Object(Config\Cache), false)
 5 FCPATH/index.php(79): CodeIgniter\CodeIgniter->run()
CRITICAL - 2024-10-01 20:44:11 --> ErrorException: Undefined variable $auction_data
in APPPATH/Controllers/Cart.php on line 427.
 1 APPPATH/Controllers/Cart.php(427): CodeIgniter\Debug\Exceptions->errorHandler(2, 'Undefined variable $auction_data', '/var/www/eazyhosting.in/public_html/api/app/Controllers/Cart.php', 427)
 2 SYSTEMPATH/CodeIgniter.php(941): App\Controllers\Cart->auctiongardenlist()
 3 SYSTEMPATH/CodeIgniter.php(502): CodeIgniter\CodeIgniter->runController(Object(App\Controllers\Cart))
 4 SYSTEMPATH/CodeIgniter.php(361): CodeIgniter\CodeIgniter->handleRequest(null, Object(Config\Cache), false)
 5 FCPATH/index.php(79): CodeIgniter\CodeIgniter->run()
ERROR - 2024-10-01 20:52:23 --> E004 - 2024-10-01 08:52:23
ERROR - 2024-10-01 20:52:23 --> E004.2 - 2024-10-01 08:52:23
ERROR - 2024-10-01 20:54:53 --> current items data:[{"id":"93","inward_invoice_id":"V2","inward_item_id":"2","auction_id":"29","lot_no":"1","lot_set":"1","auction_quantity":"1","sample_quantity":"0","auction_each_net":"13","base_price":"100","reverse_price":"105","high_price":"0","valuation_price":"200","last_sold_price":null,"status":"1","is_sold":"0","min_bid_added":"0","is_withdrawn":"0","created_at":"2024-10-01 20:44:20","updated_at":"2024-10-01 20:44:52","created_by":"3","updated_by":"3"},{"id":"94","inward_invoice_id":"V1","inward_item_id":"1","auction_id":"29","lot_no":"2","lot_set":"1","auction_quantity":"1","sample_quantity":"0","auction_each_net":"10","base_price":"100","reverse_price":"105","high_price":"0","valuation_price":"200","last_sold_price":null,"status":"1","is_sold":"0","min_bid_added":"0","is_withdrawn":"0","created_at":"2024-10-01 20:44:20","updated_at":"2024-10-01 20:44:52","created_by":"3","updated_by":"3"}], 2024-10-01 08:54:53
ERROR - 2024-10-01 20:54:53 --> Error code L001. auctionItemId:93, 2024-10-01 08:54:53
ERROR - 2024-10-01 20:54:53 --> Error code L002. auctionItemId:93, 2024-10-01 08:54:53
ERROR - 2024-10-01 20:54:53 --> Error code L003. auctionItemId:93, 2024-10-01 08:54:53
ERROR - 2024-10-01 20:54:53 --> Error code L001. auctionItemId:94, 2024-10-01 08:54:53
ERROR - 2024-10-01 20:54:53 --> Error code L002. auctionItemId:94, 2024-10-01 08:54:53
ERROR - 2024-10-01 20:54:53 --> Error code L003. auctionItemId:94, 2024-10-01 08:54:53
ERROR - 2024-10-01 20:54:54 --> E002 - 2024-10-01 08:54:54
ERROR - 2024-10-01 20:54:54 --> E002.1 - 2024-10-01 08:54:54
ERROR - 2024-10-01 20:54:54 --> E004 - 2024-10-01 08:54:54
ERROR - 2024-10-01 20:54:54 --> E004.2 - 2024-10-01 08:54:54
ERROR - 2024-10-01 20:57:24 --> current items data:[{"id":"95","inward_invoice_id":"V4","inward_item_id":"4","auction_id":"29","lot_no":"3","lot_set":"2","auction_quantity":"1","sample_quantity":"0","auction_each_net":"2","base_price":"100","reverse_price":"105","high_price":"0","valuation_price":"200","last_sold_price":null,"status":"1","is_sold":"0","min_bid_added":"0","is_withdrawn":"0","created_at":"2024-10-01 20:44:20","updated_at":"2024-10-01 20:44:52","created_by":"3","updated_by":"3"},{"id":"96","inward_invoice_id":"V3","inward_item_id":"3","auction_id":"29","lot_no":"4","lot_set":"2","auction_quantity":"1","sample_quantity":"0","auction_each_net":"9","base_price":"100","reverse_price":"105","high_price":"0","valuation_price":"200","last_sold_price":null,"status":"1","is_sold":"0","min_bid_added":"0","is_withdrawn":"0","created_at":"2024-10-01 20:44:20","updated_at":"2024-10-01 20:44:52","created_by":"3","updated_by":"3"}], 2024-10-01 08:57:24
ERROR - 2024-10-01 20:57:24 --> Error code L001. auctionItemId:95, 2024-10-01 08:57:24
ERROR - 2024-10-01 20:57:24 --> Error code L002. auctionItemId:95, 2024-10-01 08:57:24
ERROR - 2024-10-01 20:57:24 --> Error code L003. auctionItemId:95, 2024-10-01 08:57:24
ERROR - 2024-10-01 20:57:24 --> Error code L001. auctionItemId:96, 2024-10-01 08:57:24
ERROR - 2024-10-01 20:57:24 --> Error code L002. auctionItemId:96, 2024-10-01 08:57:24
ERROR - 2024-10-01 20:57:24 --> Error code L003. auctionItemId:96, 2024-10-01 08:57:24
ERROR - 2024-10-01 20:59:56 --> current items data:[{"id":"97","inward_invoice_id":"V5","inward_item_id":"5","auction_id":"29","lot_no":"5","lot_set":"3","auction_quantity":"1","sample_quantity":"0","auction_each_net":"15","base_price":"100","reverse_price":"105","high_price":"0","valuation_price":"200","last_sold_price":null,"status":"1","is_sold":"0","min_bid_added":"0","is_withdrawn":"0","created_at":"2024-10-01 20:44:20","updated_at":"2024-10-01 20:44:52","created_by":"3","updated_by":"3"}], 2024-10-01 08:59:56
ERROR - 2024-10-01 20:59:56 --> Error code L001. auctionItemId:97, 2024-10-01 08:59:56
ERROR - 2024-10-01 20:59:56 --> Error code L002. auctionItemId:97, 2024-10-01 08:59:56
ERROR - 2024-10-01 20:59:56 --> Error code L003. auctionItemId:97, 2024-10-01 08:59:56
