CRITICAL - 2024-03-15 06:49:27 --> BadMethodCallException: Call to undefined method App\Models\GardenGradeModel::maxselectMax
in SYSTEMPATH\Model.php on line 874.
 1 APPPATH\Controllers\Grade.php(86): CodeIgniter\Model->__call('maxselectMax', [...])
 2 SYSTEMPATH\CodeIgniter.php(941): App\Controllers\Grade->create()
 3 SYSTEMPATH\CodeIgniter.php(502): CodeIgniter\CodeIgniter->runController(Object(App\Controllers\Grade))
 4 SYSTEMPATH\CodeIgniter.php(361): CodeIgniter\CodeIgniter->handleRequest(null, Object(Config\Cache), false)
 5 FCPATH\index.php(79): CodeIgniter\CodeIgniter->run()
ERROR - 2024-03-15 11:09:11 --> mysqli_sql_exception: Unknown column 'garden_grade.garden_id' in 'where clause' in F:\xampp\htdocs\oams_staging\api\system\Database\MySQLi\Connection.php:306
Stack trace:
#0 F:\xampp\htdocs\oams_staging\api\system\Database\MySQLi\Connection.php(306): mysqli->query('SELECT `center_...', 0)
#1 F:\xampp\htdocs\oams_staging\api\system\Database\BaseConnection.php(693): CodeIgniter\Database\MySQLi\Connection->execute('SELECT `center_...')
#2 F:\xampp\htdocs\oams_staging\api\system\Database\BaseConnection.php(607): CodeIgniter\Database\BaseConnection->simpleQuery('SELECT `center_...')
#3 F:\xampp\htdocs\oams_staging\api\system\Database\BaseBuilder.php(1616): CodeIgniter\Database\BaseConnection->query('SELECT `center_...', Array, false)
#4 F:\xampp\htdocs\oams_staging\api\system\Model.php(242): CodeIgniter\Database\BaseBuilder->get()
#5 F:\xampp\htdocs\oams_staging\api\system\BaseModel.php(638): CodeIgniter\Model->doFindAll(0, 0)
#6 F:\xampp\htdocs\oams_staging\api\app\Controllers\Center.php(325): CodeIgniter\BaseModel->findAll()
#7 F:\xampp\htdocs\oams_staging\api\system\CodeIgniter.php(941): App\Controllers\Center->assignCenterGardenlist('2')
#8 F:\xampp\htdocs\oams_staging\api\system\CodeIgniter.php(502): CodeIgniter\CodeIgniter->runController(Object(App\Controllers\Center))
#9 F:\xampp\htdocs\oams_staging\api\system\CodeIgniter.php(361): CodeIgniter\CodeIgniter->handleRequest(NULL, Object(Config\Cache), false)
#10 F:\xampp\htdocs\oams_staging\api\public\index.php(79): CodeIgniter\CodeIgniter->run()
#11 {main}
CRITICAL - 2024-03-15 11:09:11 --> CodeIgniter\Database\Exceptions\DatabaseException: Unknown column 'garden_grade.garden_id' in 'where clause'
in SYSTEMPATH\Database\BaseConnection.php on line 647.
 1 SYSTEMPATH\Database\BaseBuilder.php(1616): CodeIgniter\Database\BaseConnection->query('SELECT `center_garden`.*, `center`.`name` as `center_name`, `garden`.`name` as `garden_name`
FROM `center_garden`
LEFT JOIN `center` ON `center`.`id` = `center_garden`.`center_id`
LEFT JOIN `garden` ON `garden`.`id` = `center_garden`.`garden_id`
WHERE `garden_grade`.`garden_id` = :garden_grade.garden_id:
ORDER BY `garden_grade`.`order_seq`', [...], false)
 2 SYSTEMPATH\Model.php(242): CodeIgniter\Database\BaseBuilder->get()
 3 SYSTEMPATH\BaseModel.php(638): CodeIgniter\Model->doFindAll(0, 0)
 4 APPPATH\Controllers\Center.php(325): CodeIgniter\BaseModel->findAll()
 5 SYSTEMPATH\CodeIgniter.php(941): App\Controllers\Center->assignCenterGardenlist('2')
 6 SYSTEMPATH\CodeIgniter.php(502): CodeIgniter\CodeIgniter->runController(Object(App\Controllers\Center))
 7 SYSTEMPATH\CodeIgniter.php(361): CodeIgniter\CodeIgniter->handleRequest(null, Object(Config\Cache), false)
 8 FCPATH\index.php(79): CodeIgniter\CodeIgniter->run()
CRITICAL - 2024-03-15 11:09:11 --> [Caused by] CodeIgniter\Database\Exceptions\DatabaseException: Unknown column 'garden_grade.garden_id' in 'where clause'
in SYSTEMPATH\Database\MySQLi\Connection.php on line 311.
 1 SYSTEMPATH\Database\BaseConnection.php(693): CodeIgniter\Database\MySQLi\Connection->execute('SELECT `center_garden`.*, `center`.`name` as `center_name`, `garden`.`name` as `garden_name`
FROM `center_garden`
LEFT JOIN `center` ON `center`.`id` = `center_garden`.`center_id`
LEFT JOIN `garden` ON `garden`.`id` = `center_garden`.`garden_id`
WHERE `garden_grade`.`garden_id` = \'2\'
ORDER BY `garden_grade`.`order_seq`')
 2 SYSTEMPATH\Database\BaseConnection.php(607): CodeIgniter\Database\BaseConnection->simpleQuery('SELECT `center_garden`.*, `center`.`name` as `center_name`, `garden`.`name` as `garden_name`
FROM `center_garden`
LEFT JOIN `center` ON `center`.`id` = `center_garden`.`center_id`
LEFT JOIN `garden` ON `garden`.`id` = `center_garden`.`garden_id`
WHERE `garden_grade`.`garden_id` = \'2\'
ORDER BY `garden_grade`.`order_seq`')
 3 SYSTEMPATH\Database\BaseBuilder.php(1616): CodeIgniter\Database\BaseConnection->query('SELECT `center_garden`.*, `center`.`name` as `center_name`, `garden`.`name` as `garden_name`
FROM `center_garden`
LEFT JOIN `center` ON `center`.`id` = `center_garden`.`center_id`
LEFT JOIN `garden` ON `garden`.`id` = `center_garden`.`garden_id`
WHERE `garden_grade`.`garden_id` = :garden_grade.garden_id:
ORDER BY `garden_grade`.`order_seq`', [...], false)
 4 SYSTEMPATH\Model.php(242): CodeIgniter\Database\BaseBuilder->get()
 5 SYSTEMPATH\BaseModel.php(638): CodeIgniter\Model->doFindAll(0, 0)
 6 APPPATH\Controllers\Center.php(325): CodeIgniter\BaseModel->findAll()
 7 SYSTEMPATH\CodeIgniter.php(941): App\Controllers\Center->assignCenterGardenlist('2')
 8 SYSTEMPATH\CodeIgniter.php(502): CodeIgniter\CodeIgniter->runController(Object(App\Controllers\Center))
 9 SYSTEMPATH\CodeIgniter.php(361): CodeIgniter\CodeIgniter->handleRequest(null, Object(Config\Cache), false)
10 FCPATH\index.php(79): CodeIgniter\CodeIgniter->run()
CRITICAL - 2024-03-15 11:09:11 --> [Caused by] mysqli_sql_exception: Unknown column 'garden_grade.garden_id' in 'where clause'
in SYSTEMPATH\Database\MySQLi\Connection.php on line 306.
 1 SYSTEMPATH\Database\MySQLi\Connection.php(306): mysqli->query('SELECT `center_garden`.*, `center`.`name` as `center_name`, `garden`.`name` as `garden_name`
FROM `center_garden`
LEFT JOIN `center` ON `center`.`id` = `center_garden`.`center_id`
LEFT JOIN `garden` ON `garden`.`id` = `center_garden`.`garden_id`
WHERE `garden_grade`.`garden_id` = \'2\'
ORDER BY `garden_grade`.`order_seq`', 0)
 2 SYSTEMPATH\Database\BaseConnection.php(693): CodeIgniter\Database\MySQLi\Connection->execute('SELECT `center_garden`.*, `center`.`name` as `center_name`, `garden`.`name` as `garden_name`
FROM `center_garden`
LEFT JOIN `center` ON `center`.`id` = `center_garden`.`center_id`
LEFT JOIN `garden` ON `garden`.`id` = `center_garden`.`garden_id`
WHERE `garden_grade`.`garden_id` = \'2\'
ORDER BY `garden_grade`.`order_seq`')
 3 SYSTEMPATH\Database\BaseConnection.php(607): CodeIgniter\Database\BaseConnection->simpleQuery('SELECT `center_garden`.*, `center`.`name` as `center_name`, `garden`.`name` as `garden_name`
FROM `center_garden`
LEFT JOIN `center` ON `center`.`id` = `center_garden`.`center_id`
LEFT JOIN `garden` ON `garden`.`id` = `center_garden`.`garden_id`
WHERE `garden_grade`.`garden_id` = \'2\'
ORDER BY `garden_grade`.`order_seq`')
 4 SYSTEMPATH\Database\BaseBuilder.php(1616): CodeIgniter\Database\BaseConnection->query('SELECT `center_garden`.*, `center`.`name` as `center_name`, `garden`.`name` as `garden_name`
FROM `center_garden`
LEFT JOIN `center` ON `center`.`id` = `center_garden`.`center_id`
LEFT JOIN `garden` ON `garden`.`id` = `center_garden`.`garden_id`
WHERE `garden_grade`.`garden_id` = :garden_grade.garden_id:
ORDER BY `garden_grade`.`order_seq`', [...], false)
 5 SYSTEMPATH\Model.php(242): CodeIgniter\Database\BaseBuilder->get()
 6 SYSTEMPATH\BaseModel.php(638): CodeIgniter\Model->doFindAll(0, 0)
 7 APPPATH\Controllers\Center.php(325): CodeIgniter\BaseModel->findAll()
 8 SYSTEMPATH\CodeIgniter.php(941): App\Controllers\Center->assignCenterGardenlist('2')
 9 SYSTEMPATH\CodeIgniter.php(502): CodeIgniter\CodeIgniter->runController(Object(App\Controllers\Center))
10 SYSTEMPATH\CodeIgniter.php(361): CodeIgniter\CodeIgniter->handleRequest(null, Object(Config\Cache), false)
11 FCPATH\index.php(79): CodeIgniter\CodeIgniter->run()
ERROR - 2024-03-15 11:11:51 --> mysqli_sql_exception: Unknown column 'garden_grade.garden_id' in 'where clause' in F:\xampp\htdocs\oams_staging\api\system\Database\MySQLi\Connection.php:306
Stack trace:
#0 F:\xampp\htdocs\oams_staging\api\system\Database\MySQLi\Connection.php(306): mysqli->query('SELECT `center_...', 0)
#1 F:\xampp\htdocs\oams_staging\api\system\Database\BaseConnection.php(693): CodeIgniter\Database\MySQLi\Connection->execute('SELECT `center_...')
#2 F:\xampp\htdocs\oams_staging\api\system\Database\BaseConnection.php(607): CodeIgniter\Database\BaseConnection->simpleQuery('SELECT `center_...')
#3 F:\xampp\htdocs\oams_staging\api\system\Database\BaseBuilder.php(1616): CodeIgniter\Database\BaseConnection->query('SELECT `center_...', Array, false)
#4 F:\xampp\htdocs\oams_staging\api\system\Model.php(242): CodeIgniter\Database\BaseBuilder->get()
#5 F:\xampp\htdocs\oams_staging\api\system\BaseModel.php(638): CodeIgniter\Model->doFindAll(0, 0)
#6 F:\xampp\htdocs\oams_staging\api\app\Controllers\Center.php(325): CodeIgniter\BaseModel->findAll()
#7 F:\xampp\htdocs\oams_staging\api\system\CodeIgniter.php(941): App\Controllers\Center->assignCenterGardenlist('1')
#8 F:\xampp\htdocs\oams_staging\api\system\CodeIgniter.php(502): CodeIgniter\CodeIgniter->runController(Object(App\Controllers\Center))
#9 F:\xampp\htdocs\oams_staging\api\system\CodeIgniter.php(361): CodeIgniter\CodeIgniter->handleRequest(NULL, Object(Config\Cache), false)
#10 F:\xampp\htdocs\oams_staging\api\public\index.php(79): CodeIgniter\CodeIgniter->run()
#11 {main}
CRITICAL - 2024-03-15 11:11:51 --> CodeIgniter\Database\Exceptions\DatabaseException: Unknown column 'garden_grade.garden_id' in 'where clause'
in SYSTEMPATH\Database\BaseConnection.php on line 647.
 1 SYSTEMPATH\Database\BaseBuilder.php(1616): CodeIgniter\Database\BaseConnection->query('SELECT `center_garden`.*, `center`.`name` as `center_name`, `garden`.`name` as `garden_name`
FROM `center_garden`
LEFT JOIN `center` ON `center`.`id` = `center_garden`.`center_id`
LEFT JOIN `garden` ON `garden`.`id` = `center_garden`.`garden_id`
WHERE `garden_grade`.`garden_id` = :garden_grade.garden_id:
ORDER BY `garden_grade`.`order_seq`', [...], false)
 2 SYSTEMPATH\Model.php(242): CodeIgniter\Database\BaseBuilder->get()
 3 SYSTEMPATH\BaseModel.php(638): CodeIgniter\Model->doFindAll(0, 0)
 4 APPPATH\Controllers\Center.php(325): CodeIgniter\BaseModel->findAll()
 5 SYSTEMPATH\CodeIgniter.php(941): App\Controllers\Center->assignCenterGardenlist('1')
 6 SYSTEMPATH\CodeIgniter.php(502): CodeIgniter\CodeIgniter->runController(Object(App\Controllers\Center))
 7 SYSTEMPATH\CodeIgniter.php(361): CodeIgniter\CodeIgniter->handleRequest(null, Object(Config\Cache), false)
 8 FCPATH\index.php(79): CodeIgniter\CodeIgniter->run()
CRITICAL - 2024-03-15 11:11:51 --> [Caused by] CodeIgniter\Database\Exceptions\DatabaseException: Unknown column 'garden_grade.garden_id' in 'where clause'
in SYSTEMPATH\Database\MySQLi\Connection.php on line 311.
 1 SYSTEMPATH\Database\BaseConnection.php(693): CodeIgniter\Database\MySQLi\Connection->execute('SELECT `center_garden`.*, `center`.`name` as `center_name`, `garden`.`name` as `garden_name`
FROM `center_garden`
LEFT JOIN `center` ON `center`.`id` = `center_garden`.`center_id`
LEFT JOIN `garden` ON `garden`.`id` = `center_garden`.`garden_id`
WHERE `garden_grade`.`garden_id` = \'1\'
ORDER BY `garden_grade`.`order_seq`')
 2 SYSTEMPATH\Database\BaseConnection.php(607): CodeIgniter\Database\BaseConnection->simpleQuery('SELECT `center_garden`.*, `center`.`name` as `center_name`, `garden`.`name` as `garden_name`
FROM `center_garden`
LEFT JOIN `center` ON `center`.`id` = `center_garden`.`center_id`
LEFT JOIN `garden` ON `garden`.`id` = `center_garden`.`garden_id`
WHERE `garden_grade`.`garden_id` = \'1\'
ORDER BY `garden_grade`.`order_seq`')
 3 SYSTEMPATH\Database\BaseBuilder.php(1616): CodeIgniter\Database\BaseConnection->query('SELECT `center_garden`.*, `center`.`name` as `center_name`, `garden`.`name` as `garden_name`
FROM `center_garden`
LEFT JOIN `center` ON `center`.`id` = `center_garden`.`center_id`
LEFT JOIN `garden` ON `garden`.`id` = `center_garden`.`garden_id`
WHERE `garden_grade`.`garden_id` = :garden_grade.garden_id:
ORDER BY `garden_grade`.`order_seq`', [...], false)
 4 SYSTEMPATH\Model.php(242): CodeIgniter\Database\BaseBuilder->get()
 5 SYSTEMPATH\BaseModel.php(638): CodeIgniter\Model->doFindAll(0, 0)
 6 APPPATH\Controllers\Center.php(325): CodeIgniter\BaseModel->findAll()
 7 SYSTEMPATH\CodeIgniter.php(941): App\Controllers\Center->assignCenterGardenlist('1')
 8 SYSTEMPATH\CodeIgniter.php(502): CodeIgniter\CodeIgniter->runController(Object(App\Controllers\Center))
 9 SYSTEMPATH\CodeIgniter.php(361): CodeIgniter\CodeIgniter->handleRequest(null, Object(Config\Cache), false)
10 FCPATH\index.php(79): CodeIgniter\CodeIgniter->run()
CRITICAL - 2024-03-15 11:11:51 --> [Caused by] mysqli_sql_exception: Unknown column 'garden_grade.garden_id' in 'where clause'
in SYSTEMPATH\Database\MySQLi\Connection.php on line 306.
 1 SYSTEMPATH\Database\MySQLi\Connection.php(306): mysqli->query('SELECT `center_garden`.*, `center`.`name` as `center_name`, `garden`.`name` as `garden_name`
FROM `center_garden`
LEFT JOIN `center` ON `center`.`id` = `center_garden`.`center_id`
LEFT JOIN `garden` ON `garden`.`id` = `center_garden`.`garden_id`
WHERE `garden_grade`.`garden_id` = \'1\'
ORDER BY `garden_grade`.`order_seq`', 0)
 2 SYSTEMPATH\Database\BaseConnection.php(693): CodeIgniter\Database\MySQLi\Connection->execute('SELECT `center_garden`.*, `center`.`name` as `center_name`, `garden`.`name` as `garden_name`
FROM `center_garden`
LEFT JOIN `center` ON `center`.`id` = `center_garden`.`center_id`
LEFT JOIN `garden` ON `garden`.`id` = `center_garden`.`garden_id`
WHERE `garden_grade`.`garden_id` = \'1\'
ORDER BY `garden_grade`.`order_seq`')
 3 SYSTEMPATH\Database\BaseConnection.php(607): CodeIgniter\Database\BaseConnection->simpleQuery('SELECT `center_garden`.*, `center`.`name` as `center_name`, `garden`.`name` as `garden_name`
FROM `center_garden`
LEFT JOIN `center` ON `center`.`id` = `center_garden`.`center_id`
LEFT JOIN `garden` ON `garden`.`id` = `center_garden`.`garden_id`
WHERE `garden_grade`.`garden_id` = \'1\'
ORDER BY `garden_grade`.`order_seq`')
 4 SYSTEMPATH\Database\BaseBuilder.php(1616): CodeIgniter\Database\BaseConnection->query('SELECT `center_garden`.*, `center`.`name` as `center_name`, `garden`.`name` as `garden_name`
FROM `center_garden`
LEFT JOIN `center` ON `center`.`id` = `center_garden`.`center_id`
LEFT JOIN `garden` ON `garden`.`id` = `center_garden`.`garden_id`
WHERE `garden_grade`.`garden_id` = :garden_grade.garden_id:
ORDER BY `garden_grade`.`order_seq`', [...], false)
 5 SYSTEMPATH\Model.php(242): CodeIgniter\Database\BaseBuilder->get()
 6 SYSTEMPATH\BaseModel.php(638): CodeIgniter\Model->doFindAll(0, 0)
 7 APPPATH\Controllers\Center.php(325): CodeIgniter\BaseModel->findAll()
 8 SYSTEMPATH\CodeIgniter.php(941): App\Controllers\Center->assignCenterGardenlist('1')
 9 SYSTEMPATH\CodeIgniter.php(502): CodeIgniter\CodeIgniter->runController(Object(App\Controllers\Center))
10 SYSTEMPATH\CodeIgniter.php(361): CodeIgniter\CodeIgniter->handleRequest(null, Object(Config\Cache), false)
11 FCPATH\index.php(79): CodeIgniter\CodeIgniter->run()
ERROR - 2024-03-15 11:13:17 --> mysqli_sql_exception: Unknown column 'garden_grade.garden_id' in 'where clause' in F:\xampp\htdocs\oams_staging\api\system\Database\MySQLi\Connection.php:306
Stack trace:
#0 F:\xampp\htdocs\oams_staging\api\system\Database\MySQLi\Connection.php(306): mysqli->query('SELECT `center_...', 0)
#1 F:\xampp\htdocs\oams_staging\api\system\Database\BaseConnection.php(693): CodeIgniter\Database\MySQLi\Connection->execute('SELECT `center_...')
#2 F:\xampp\htdocs\oams_staging\api\system\Database\BaseConnection.php(607): CodeIgniter\Database\BaseConnection->simpleQuery('SELECT `center_...')
#3 F:\xampp\htdocs\oams_staging\api\system\Database\BaseBuilder.php(1616): CodeIgniter\Database\BaseConnection->query('SELECT `center_...', Array, false)
#4 F:\xampp\htdocs\oams_staging\api\system\Model.php(242): CodeIgniter\Database\BaseBuilder->get()
#5 F:\xampp\htdocs\oams_staging\api\system\BaseModel.php(638): CodeIgniter\Model->doFindAll(0, 0)
#6 F:\xampp\htdocs\oams_staging\api\app\Controllers\Center.php(325): CodeIgniter\BaseModel->findAll()
#7 F:\xampp\htdocs\oams_staging\api\system\CodeIgniter.php(941): App\Controllers\Center->assignCenterGardenlist('1')
#8 F:\xampp\htdocs\oams_staging\api\system\CodeIgniter.php(502): CodeIgniter\CodeIgniter->runController(Object(App\Controllers\Center))
#9 F:\xampp\htdocs\oams_staging\api\system\CodeIgniter.php(361): CodeIgniter\CodeIgniter->handleRequest(NULL, Object(Config\Cache), false)
#10 F:\xampp\htdocs\oams_staging\api\public\index.php(79): CodeIgniter\CodeIgniter->run()
#11 {main}
CRITICAL - 2024-03-15 11:13:17 --> CodeIgniter\Database\Exceptions\DatabaseException: Unknown column 'garden_grade.garden_id' in 'where clause'
in SYSTEMPATH\Database\BaseConnection.php on line 647.
 1 SYSTEMPATH\Database\BaseBuilder.php(1616): CodeIgniter\Database\BaseConnection->query('SELECT `center_garden`.*, `center`.`name` as `center_name`, `garden`.`name` as `garden_name`
FROM `center_garden`
LEFT JOIN `center` ON `center`.`id` = `center_garden`.`center_id`
LEFT JOIN `garden` ON `garden`.`id` = `center_garden`.`garden_id`
WHERE `garden_grade`.`garden_id` = :garden_grade.garden_id:
ORDER BY `garden_grade`.`order_seq`', [...], false)
 2 SYSTEMPATH\Model.php(242): CodeIgniter\Database\BaseBuilder->get()
 3 SYSTEMPATH\BaseModel.php(638): CodeIgniter\Model->doFindAll(0, 0)
 4 APPPATH\Controllers\Center.php(325): CodeIgniter\BaseModel->findAll()
 5 SYSTEMPATH\CodeIgniter.php(941): App\Controllers\Center->assignCenterGardenlist('1')
 6 SYSTEMPATH\CodeIgniter.php(502): CodeIgniter\CodeIgniter->runController(Object(App\Controllers\Center))
 7 SYSTEMPATH\CodeIgniter.php(361): CodeIgniter\CodeIgniter->handleRequest(null, Object(Config\Cache), false)
 8 FCPATH\index.php(79): CodeIgniter\CodeIgniter->run()
CRITICAL - 2024-03-15 11:13:17 --> [Caused by] CodeIgniter\Database\Exceptions\DatabaseException: Unknown column 'garden_grade.garden_id' in 'where clause'
in SYSTEMPATH\Database\MySQLi\Connection.php on line 311.
 1 SYSTEMPATH\Database\BaseConnection.php(693): CodeIgniter\Database\MySQLi\Connection->execute('SELECT `center_garden`.*, `center`.`name` as `center_name`, `garden`.`name` as `garden_name`
FROM `center_garden`
LEFT JOIN `center` ON `center`.`id` = `center_garden`.`center_id`
LEFT JOIN `garden` ON `garden`.`id` = `center_garden`.`garden_id`
WHERE `garden_grade`.`garden_id` = \'1\'
ORDER BY `garden_grade`.`order_seq`')
 2 SYSTEMPATH\Database\BaseConnection.php(607): CodeIgniter\Database\BaseConnection->simpleQuery('SELECT `center_garden`.*, `center`.`name` as `center_name`, `garden`.`name` as `garden_name`
FROM `center_garden`
LEFT JOIN `center` ON `center`.`id` = `center_garden`.`center_id`
LEFT JOIN `garden` ON `garden`.`id` = `center_garden`.`garden_id`
WHERE `garden_grade`.`garden_id` = \'1\'
ORDER BY `garden_grade`.`order_seq`')
 3 SYSTEMPATH\Database\BaseBuilder.php(1616): CodeIgniter\Database\BaseConnection->query('SELECT `center_garden`.*, `center`.`name` as `center_name`, `garden`.`name` as `garden_name`
FROM `center_garden`
LEFT JOIN `center` ON `center`.`id` = `center_garden`.`center_id`
LEFT JOIN `garden` ON `garden`.`id` = `center_garden`.`garden_id`
WHERE `garden_grade`.`garden_id` = :garden_grade.garden_id:
ORDER BY `garden_grade`.`order_seq`', [...], false)
 4 SYSTEMPATH\Model.php(242): CodeIgniter\Database\BaseBuilder->get()
 5 SYSTEMPATH\BaseModel.php(638): CodeIgniter\Model->doFindAll(0, 0)
 6 APPPATH\Controllers\Center.php(325): CodeIgniter\BaseModel->findAll()
 7 SYSTEMPATH\CodeIgniter.php(941): App\Controllers\Center->assignCenterGardenlist('1')
 8 SYSTEMPATH\CodeIgniter.php(502): CodeIgniter\CodeIgniter->runController(Object(App\Controllers\Center))
 9 SYSTEMPATH\CodeIgniter.php(361): CodeIgniter\CodeIgniter->handleRequest(null, Object(Config\Cache), false)
10 FCPATH\index.php(79): CodeIgniter\CodeIgniter->run()
CRITICAL - 2024-03-15 11:13:17 --> [Caused by] mysqli_sql_exception: Unknown column 'garden_grade.garden_id' in 'where clause'
in SYSTEMPATH\Database\MySQLi\Connection.php on line 306.
 1 SYSTEMPATH\Database\MySQLi\Connection.php(306): mysqli->query('SELECT `center_garden`.*, `center`.`name` as `center_name`, `garden`.`name` as `garden_name`
FROM `center_garden`
LEFT JOIN `center` ON `center`.`id` = `center_garden`.`center_id`
LEFT JOIN `garden` ON `garden`.`id` = `center_garden`.`garden_id`
WHERE `garden_grade`.`garden_id` = \'1\'
ORDER BY `garden_grade`.`order_seq`', 0)
 2 SYSTEMPATH\Database\BaseConnection.php(693): CodeIgniter\Database\MySQLi\Connection->execute('SELECT `center_garden`.*, `center`.`name` as `center_name`, `garden`.`name` as `garden_name`
FROM `center_garden`
LEFT JOIN `center` ON `center`.`id` = `center_garden`.`center_id`
LEFT JOIN `garden` ON `garden`.`id` = `center_garden`.`garden_id`
WHERE `garden_grade`.`garden_id` = \'1\'
ORDER BY `garden_grade`.`order_seq`')
 3 SYSTEMPATH\Database\BaseConnection.php(607): CodeIgniter\Database\BaseConnection->simpleQuery('SELECT `center_garden`.*, `center`.`name` as `center_name`, `garden`.`name` as `garden_name`
FROM `center_garden`
LEFT JOIN `center` ON `center`.`id` = `center_garden`.`center_id`
LEFT JOIN `garden` ON `garden`.`id` = `center_garden`.`garden_id`
WHERE `garden_grade`.`garden_id` = \'1\'
ORDER BY `garden_grade`.`order_seq`')
 4 SYSTEMPATH\Database\BaseBuilder.php(1616): CodeIgniter\Database\BaseConnection->query('SELECT `center_garden`.*, `center`.`name` as `center_name`, `garden`.`name` as `garden_name`
FROM `center_garden`
LEFT JOIN `center` ON `center`.`id` = `center_garden`.`center_id`
LEFT JOIN `garden` ON `garden`.`id` = `center_garden`.`garden_id`
WHERE `garden_grade`.`garden_id` = :garden_grade.garden_id:
ORDER BY `garden_grade`.`order_seq`', [...], false)
 5 SYSTEMPATH\Model.php(242): CodeIgniter\Database\BaseBuilder->get()
 6 SYSTEMPATH\BaseModel.php(638): CodeIgniter\Model->doFindAll(0, 0)
 7 APPPATH\Controllers\Center.php(325): CodeIgniter\BaseModel->findAll()
 8 SYSTEMPATH\CodeIgniter.php(941): App\Controllers\Center->assignCenterGardenlist('1')
 9 SYSTEMPATH\CodeIgniter.php(502): CodeIgniter\CodeIgniter->runController(Object(App\Controllers\Center))
10 SYSTEMPATH\CodeIgniter.php(361): CodeIgniter\CodeIgniter->handleRequest(null, Object(Config\Cache), false)
11 FCPATH\index.php(79): CodeIgniter\CodeIgniter->run()
ERROR - 2024-03-15 11:15:06 --> mysqli_sql_exception: Unknown column 'garden_grade.garden_id' in 'where clause' in F:\xampp\htdocs\oams_staging\api\system\Database\MySQLi\Connection.php:306
Stack trace:
#0 F:\xampp\htdocs\oams_staging\api\system\Database\MySQLi\Connection.php(306): mysqli->query('SELECT `center_...', 0)
#1 F:\xampp\htdocs\oams_staging\api\system\Database\BaseConnection.php(693): CodeIgniter\Database\MySQLi\Connection->execute('SELECT `center_...')
#2 F:\xampp\htdocs\oams_staging\api\system\Database\BaseConnection.php(607): CodeIgniter\Database\BaseConnection->simpleQuery('SELECT `center_...')
#3 F:\xampp\htdocs\oams_staging\api\system\Database\BaseBuilder.php(1616): CodeIgniter\Database\BaseConnection->query('SELECT `center_...', Array, false)
#4 F:\xampp\htdocs\oams_staging\api\system\Model.php(242): CodeIgniter\Database\BaseBuilder->get()
#5 F:\xampp\htdocs\oams_staging\api\system\BaseModel.php(638): CodeIgniter\Model->doFindAll(0, 0)
#6 F:\xampp\htdocs\oams_staging\api\app\Controllers\Center.php(325): CodeIgniter\BaseModel->findAll()
#7 F:\xampp\htdocs\oams_staging\api\system\CodeIgniter.php(941): App\Controllers\Center->assignCenterGardenlist('1')
#8 F:\xampp\htdocs\oams_staging\api\system\CodeIgniter.php(502): CodeIgniter\CodeIgniter->runController(Object(App\Controllers\Center))
#9 F:\xampp\htdocs\oams_staging\api\system\CodeIgniter.php(361): CodeIgniter\CodeIgniter->handleRequest(NULL, Object(Config\Cache), false)
#10 F:\xampp\htdocs\oams_staging\api\public\index.php(79): CodeIgniter\CodeIgniter->run()
#11 {main}
CRITICAL - 2024-03-15 11:15:06 --> CodeIgniter\Database\Exceptions\DatabaseException: Unknown column 'garden_grade.garden_id' in 'where clause'
in SYSTEMPATH\Database\BaseConnection.php on line 647.
 1 SYSTEMPATH\Database\BaseBuilder.php(1616): CodeIgniter\Database\BaseConnection->query('SELECT `center_garden`.*, `center`.`name` as `center_name`, `garden`.`name` as `garden_name`
FROM `center_garden`
LEFT JOIN `center` ON `center`.`id` = `center_garden`.`center_id`
LEFT JOIN `garden` ON `garden`.`id` = `center_garden`.`garden_id`
WHERE `garden_grade`.`garden_id` = :garden_grade.garden_id:
ORDER BY `garden_grade`.`order_seq`', [...], false)
 2 SYSTEMPATH\Model.php(242): CodeIgniter\Database\BaseBuilder->get()
 3 SYSTEMPATH\BaseModel.php(638): CodeIgniter\Model->doFindAll(0, 0)
 4 APPPATH\Controllers\Center.php(325): CodeIgniter\BaseModel->findAll()
 5 SYSTEMPATH\CodeIgniter.php(941): App\Controllers\Center->assignCenterGardenlist('1')
 6 SYSTEMPATH\CodeIgniter.php(502): CodeIgniter\CodeIgniter->runController(Object(App\Controllers\Center))
 7 SYSTEMPATH\CodeIgniter.php(361): CodeIgniter\CodeIgniter->handleRequest(null, Object(Config\Cache), false)
 8 FCPATH\index.php(79): CodeIgniter\CodeIgniter->run()
CRITICAL - 2024-03-15 11:15:06 --> [Caused by] CodeIgniter\Database\Exceptions\DatabaseException: Unknown column 'garden_grade.garden_id' in 'where clause'
in SYSTEMPATH\Database\MySQLi\Connection.php on line 311.
 1 SYSTEMPATH\Database\BaseConnection.php(693): CodeIgniter\Database\MySQLi\Connection->execute('SELECT `center_garden`.*, `center`.`name` as `center_name`, `garden`.`name` as `garden_name`
FROM `center_garden`
LEFT JOIN `center` ON `center`.`id` = `center_garden`.`center_id`
LEFT JOIN `garden` ON `garden`.`id` = `center_garden`.`garden_id`
WHERE `garden_grade`.`garden_id` = \'1\'
ORDER BY `garden_grade`.`order_seq`')
 2 SYSTEMPATH\Database\BaseConnection.php(607): CodeIgniter\Database\BaseConnection->simpleQuery('SELECT `center_garden`.*, `center`.`name` as `center_name`, `garden`.`name` as `garden_name`
FROM `center_garden`
LEFT JOIN `center` ON `center`.`id` = `center_garden`.`center_id`
LEFT JOIN `garden` ON `garden`.`id` = `center_garden`.`garden_id`
WHERE `garden_grade`.`garden_id` = \'1\'
ORDER BY `garden_grade`.`order_seq`')
 3 SYSTEMPATH\Database\BaseBuilder.php(1616): CodeIgniter\Database\BaseConnection->query('SELECT `center_garden`.*, `center`.`name` as `center_name`, `garden`.`name` as `garden_name`
FROM `center_garden`
LEFT JOIN `center` ON `center`.`id` = `center_garden`.`center_id`
LEFT JOIN `garden` ON `garden`.`id` = `center_garden`.`garden_id`
WHERE `garden_grade`.`garden_id` = :garden_grade.garden_id:
ORDER BY `garden_grade`.`order_seq`', [...], false)
 4 SYSTEMPATH\Model.php(242): CodeIgniter\Database\BaseBuilder->get()
 5 SYSTEMPATH\BaseModel.php(638): CodeIgniter\Model->doFindAll(0, 0)
 6 APPPATH\Controllers\Center.php(325): CodeIgniter\BaseModel->findAll()
 7 SYSTEMPATH\CodeIgniter.php(941): App\Controllers\Center->assignCenterGardenlist('1')
 8 SYSTEMPATH\CodeIgniter.php(502): CodeIgniter\CodeIgniter->runController(Object(App\Controllers\Center))
 9 SYSTEMPATH\CodeIgniter.php(361): CodeIgniter\CodeIgniter->handleRequest(null, Object(Config\Cache), false)
10 FCPATH\index.php(79): CodeIgniter\CodeIgniter->run()
CRITICAL - 2024-03-15 11:15:06 --> [Caused by] mysqli_sql_exception: Unknown column 'garden_grade.garden_id' in 'where clause'
in SYSTEMPATH\Database\MySQLi\Connection.php on line 306.
 1 SYSTEMPATH\Database\MySQLi\Connection.php(306): mysqli->query('SELECT `center_garden`.*, `center`.`name` as `center_name`, `garden`.`name` as `garden_name`
FROM `center_garden`
LEFT JOIN `center` ON `center`.`id` = `center_garden`.`center_id`
LEFT JOIN `garden` ON `garden`.`id` = `center_garden`.`garden_id`
WHERE `garden_grade`.`garden_id` = \'1\'
ORDER BY `garden_grade`.`order_seq`', 0)
 2 SYSTEMPATH\Database\BaseConnection.php(693): CodeIgniter\Database\MySQLi\Connection->execute('SELECT `center_garden`.*, `center`.`name` as `center_name`, `garden`.`name` as `garden_name`
FROM `center_garden`
LEFT JOIN `center` ON `center`.`id` = `center_garden`.`center_id`
LEFT JOIN `garden` ON `garden`.`id` = `center_garden`.`garden_id`
WHERE `garden_grade`.`garden_id` = \'1\'
ORDER BY `garden_grade`.`order_seq`')
 3 SYSTEMPATH\Database\BaseConnection.php(607): CodeIgniter\Database\BaseConnection->simpleQuery('SELECT `center_garden`.*, `center`.`name` as `center_name`, `garden`.`name` as `garden_name`
FROM `center_garden`
LEFT JOIN `center` ON `center`.`id` = `center_garden`.`center_id`
LEFT JOIN `garden` ON `garden`.`id` = `center_garden`.`garden_id`
WHERE `garden_grade`.`garden_id` = \'1\'
ORDER BY `garden_grade`.`order_seq`')
 4 SYSTEMPATH\Database\BaseBuilder.php(1616): CodeIgniter\Database\BaseConnection->query('SELECT `center_garden`.*, `center`.`name` as `center_name`, `garden`.`name` as `garden_name`
FROM `center_garden`
LEFT JOIN `center` ON `center`.`id` = `center_garden`.`center_id`
LEFT JOIN `garden` ON `garden`.`id` = `center_garden`.`garden_id`
WHERE `garden_grade`.`garden_id` = :garden_grade.garden_id:
ORDER BY `garden_grade`.`order_seq`', [...], false)
 5 SYSTEMPATH\Model.php(242): CodeIgniter\Database\BaseBuilder->get()
 6 SYSTEMPATH\BaseModel.php(638): CodeIgniter\Model->doFindAll(0, 0)
 7 APPPATH\Controllers\Center.php(325): CodeIgniter\BaseModel->findAll()
 8 SYSTEMPATH\CodeIgniter.php(941): App\Controllers\Center->assignCenterGardenlist('1')
 9 SYSTEMPATH\CodeIgniter.php(502): CodeIgniter\CodeIgniter->runController(Object(App\Controllers\Center))
10 SYSTEMPATH\CodeIgniter.php(361): CodeIgniter\CodeIgniter->handleRequest(null, Object(Config\Cache), false)
11 FCPATH\index.php(79): CodeIgniter\CodeIgniter->run()
CRITICAL - 2024-03-15 11:27:45 --> ErrorException: Undefined array key "center_id"
in APPPATH\Controllers\Center.php on line 341.
 1 APPPATH\Controllers\Center.php(341): CodeIgniter\Debug\Exceptions->errorHandler(2, 'Undefined array key "center_id"', 'F:\\xampp\\htdocs\\oams_staging\\api\\app\\Controllers\\Center.php', 341)
 2 SYSTEMPATH\CodeIgniter.php(941): App\Controllers\Center->reOrderGarden()
 3 SYSTEMPATH\CodeIgniter.php(502): CodeIgniter\CodeIgniter->runController(Object(App\Controllers\Center))
 4 SYSTEMPATH\CodeIgniter.php(361): CodeIgniter\CodeIgniter->handleRequest(null, Object(Config\Cache), false)
 5 FCPATH\index.php(79): CodeIgniter\CodeIgniter->run()
CRITICAL - 2024-03-15 11:29:16 --> ErrorException: Undefined array key "center_id"
in APPPATH\Controllers\Center.php on line 341.
 1 APPPATH\Controllers\Center.php(341): CodeIgniter\Debug\Exceptions->errorHandler(2, 'Undefined array key "center_id"', 'F:\\xampp\\htdocs\\oams_staging\\api\\app\\Controllers\\Center.php', 341)
 2 SYSTEMPATH\CodeIgniter.php(941): App\Controllers\Center->reOrderGarden()
 3 SYSTEMPATH\CodeIgniter.php(502): CodeIgniter\CodeIgniter->runController(Object(App\Controllers\Center))
 4 SYSTEMPATH\CodeIgniter.php(361): CodeIgniter\CodeIgniter->handleRequest(null, Object(Config\Cache), false)
 5 FCPATH\index.php(79): CodeIgniter\CodeIgniter->run()
CRITICAL - 2024-03-15 11:31:02 --> ErrorException: Undefined array key "center_id"
in APPPATH\Controllers\Center.php on line 342.
 1 APPPATH\Controllers\Center.php(342): CodeIgniter\Debug\Exceptions->errorHandler(2, 'Undefined array key "center_id"', 'F:\\xampp\\htdocs\\oams_staging\\api\\app\\Controllers\\Center.php', 342)
 2 SYSTEMPATH\CodeIgniter.php(941): App\Controllers\Center->reOrderGarden()
 3 SYSTEMPATH\CodeIgniter.php(502): CodeIgniter\CodeIgniter->runController(Object(App\Controllers\Center))
 4 SYSTEMPATH\CodeIgniter.php(361): CodeIgniter\CodeIgniter->handleRequest(null, Object(Config\Cache), false)
 5 FCPATH\index.php(79): CodeIgniter\CodeIgniter->run()
