CRITICAL - 2024-09-30 12:51:37 --> ErrorException: Undefined variable $auction_data
in APPPATH/Controllers/Cart.php on line 427.
 1 APPPATH/Controllers/Cart.php(427): CodeIgniter\Debug\Exceptions->errorHandler(2, 'Undefined variable $auction_data', '/var/www/eazyhosting.in/public_html/api/app/Controllers/Cart.php', 427)
 2 SYSTEMPATH/CodeIgniter.php(941): App\Controllers\Cart->auctiongardenlist()
 3 SYSTEMPATH/CodeIgniter.php(502): CodeIgniter\CodeIgniter->runController(Object(App\Controllers\Cart))
 4 SYSTEMPATH/CodeIgniter.php(361): CodeIgniter\CodeIgniter->handleRequest(null, Object(Config\Cache), false)
 5 FCPATH/index.php(79): CodeIgniter\CodeIgniter->run()
CRITICAL - 2024-09-30 12:51:52 --> ErrorException: Undefined variable $auction_data
in APPPATH/Controllers/Cart.php on line 427.
 1 APPPATH/Controllers/Cart.php(427): CodeIgniter\Debug\Exceptions->errorHandler(2, 'Undefined variable $auction_data', '/var/www/eazyhosting.in/public_html/api/app/Controllers/Cart.php', 427)
 2 SYSTEMPATH/CodeIgniter.php(941): App\Controllers\Cart->auctiongardenlist()
 3 SYSTEMPATH/CodeIgniter.php(502): CodeIgniter\CodeIgniter->runController(Object(App\Controllers\Cart))
 4 SYSTEMPATH/CodeIgniter.php(361): CodeIgniter\CodeIgniter->handleRequest(null, Object(Config\Cache), false)
 5 FCPATH/index.php(79): CodeIgniter\CodeIgniter->run()
CRITICAL - 2024-09-30 12:51:54 --> ErrorException: Undefined variable $auction_data
in APPPATH/Controllers/Cart.php on line 427.
 1 APPPATH/Controllers/Cart.php(427): CodeIgniter\Debug\Exceptions->errorHandler(2, 'Undefined variable $auction_data', '/var/www/eazyhosting.in/public_html/api/app/Controllers/Cart.php', 427)
 2 SYSTEMPATH/CodeIgniter.php(941): App\Controllers\Cart->auctiongardenlist()
 3 SYSTEMPATH/CodeIgniter.php(502): CodeIgniter\CodeIgniter->runController(Object(App\Controllers\Cart))
 4 SYSTEMPATH/CodeIgniter.php(361): CodeIgniter\CodeIgniter->handleRequest(null, Object(Config\Cache), false)
 5 FCPATH/index.php(79): CodeIgniter\CodeIgniter->run()
ERROR - 2024-09-30 13:04:26 --> current items data:[{"id":"24","inward_invoice_id":"R1","inward_item_id":"26","auction_id":"4","lot_no":"1","lot_set":"1","auction_quantity":"2","sample_quantity":"0","auction_each_net":"20","base_price":"100","reverse_price":"105","high_price":"0","valuation_price":"110","last_sold_price":null,"status":"1","is_sold":"0","min_bid_added":"0","is_withdrawn":"0","created_at":"2024-09-30 12:51:57","updated_at":"2024-09-30 12:53:39","created_by":"5","updated_by":"5"},{"id":"25","inward_invoice_id":"R4","inward_item_id":"29","auction_id":"4","lot_no":"2","lot_set":"1","auction_quantity":"2","sample_quantity":"0","auction_each_net":"11","base_price":"100","reverse_price":"105","high_price":"0","valuation_price":"110","last_sold_price":null,"status":"1","is_sold":"0","min_bid_added":"0","is_withdrawn":"0","created_at":"2024-09-30 12:51:57","updated_at":"2024-09-30 12:53:39","created_by":"5","updated_by":"5"}], 2024-09-30 01:04:26
ERROR - 2024-09-30 13:04:26 --> Error code L001. auctionItemId:24, 2024-09-30 01:04:26
ERROR - 2024-09-30 13:04:26 --> bid calculation initiated auctionItemId:24, 2
ERROR - 2024-09-30 13:04:26 --> bidding value array:{"id":"107","auction_item_id":"24","buyer_id":"1","bid_price":"121.00","sq":"1.000","bq":"1.000","bid_type":"1","created_at":"2024-09-30 13:02:26","updated_at":"2024-09-30 13:02:26"}
ERROR - 2024-09-30 13:04:26 --> Error code 001. HBP:121.00, HABP: 150, 2024-09-30 01:04:26
ERROR - 2024-09-30 13:04:26 --> Error code 003. HBP:121.00, RP: 105, 2024-09-30 01:04:26
ERROR - 2024-09-30 13:04:26 --> Error code 005. HBP:121.00, SLHABP: 120, 2024-09-30 01:04:26
ERROR - 2024-09-30 13:04:26 --> bid calculation Ended auctionItemId:24, 2024-09-30 01:04:26
ERROR - 2024-09-30 13:04:26 --> Error code L002. auctionItemId:24, 2024-09-30 01:04:26
ERROR - 2024-09-30 13:04:26 --> current items data:[{"id":"24","inward_invoice_id":"R1","inward_item_id":"26","auction_id":"4","lot_no":"1","lot_set":"1","auction_quantity":"2","sample_quantity":"0","auction_each_net":"20","base_price":"100","reverse_price":"105","high_price":"0","valuation_price":"110","last_sold_price":null,"status":"1","is_sold":"0","min_bid_added":"0","is_withdrawn":"0","created_at":"2024-09-30 12:51:57","updated_at":"2024-09-30 12:53:39","created_by":"5","updated_by":"5"},{"id":"25","inward_invoice_id":"R4","inward_item_id":"29","auction_id":"4","lot_no":"2","lot_set":"1","auction_quantity":"2","sample_quantity":"0","auction_each_net":"11","base_price":"100","reverse_price":"105","high_price":"0","valuation_price":"110","last_sold_price":null,"status":"1","is_sold":"0","min_bid_added":"0","is_withdrawn":"0","created_at":"2024-09-30 12:51:57","updated_at":"2024-09-30 12:53:39","created_by":"5","updated_by":"5"}], 2024-09-30 01:04:26
ERROR - 2024-09-30 13:04:26 --> Error code L001. auctionItemId:24, 2024-09-30 01:04:26
ERROR - 2024-09-30 13:04:26 --> bid calculation initiated auctionItemId:24, 2
ERROR - 2024-09-30 13:04:26 --> bidding value array:{"id":"108","auction_item_id":"24","buyer_id":"1","bid_price":"122.00","sq":"1.000","bq":"1.000","bid_type":"1","created_at":"2024-09-30 13:04:26","updated_at":"2024-09-30 13:04:26"}
ERROR - 2024-09-30 13:04:26 --> Error code 001. HBP:122.00, HABP: 150, 2024-09-30 01:04:26
ERROR - 2024-09-30 13:04:26 --> Error code 003. HBP:122.00, RP: 105, 2024-09-30 01:04:26
ERROR - 2024-09-30 13:04:26 --> Error code 005. HBP:122.00, SLHABP: 120, 2024-09-30 01:04:26
ERROR - 2024-09-30 13:04:26 --> Error code L003. auctionItemId:24, 2024-09-30 01:04:26
ERROR - 2024-09-30 13:04:26 --> Error code L001. auctionItemId:25, 2024-09-30 01:04:26
ERROR - 2024-09-30 13:04:26 --> bid calculation Ended auctionItemId:24, 2024-09-30 01:04:26
ERROR - 2024-09-30 13:04:26 --> Error code L002. auctionItemId:24, 2024-09-30 01:04:26
ERROR - 2024-09-30 13:04:26 --> Error code L003. auctionItemId:24, 2024-09-30 01:04:26
ERROR - 2024-09-30 13:04:26 --> Error code L001. auctionItemId:25, 2024-09-30 01:04:26
ERROR - 2024-09-30 13:04:26 --> bid calculation initiated auctionItemId:25, 0
ERROR - 2024-09-30 13:04:26 --> bid calculation Ended auctionItemId:25, 2024-09-30 01:04:26
ERROR - 2024-09-30 13:04:26 --> Error code L002. auctionItemId:25, 2024-09-30 01:04:26
ERROR - 2024-09-30 13:04:26 --> bid calculation initiated auctionItemId:25, 0
ERROR - 2024-09-30 13:04:26 --> bid calculation Ended auctionItemId:25, 2024-09-30 01:04:26
ERROR - 2024-09-30 13:04:26 --> Error code L002. auctionItemId:25, 2024-09-30 01:04:26
ERROR - 2024-09-30 13:04:26 --> Error code L003. auctionItemId:25, 2024-09-30 01:04:26
ERROR - 2024-09-30 13:04:26 --> Error code L003. auctionItemId:25, 2024-09-30 01:04:26
CRITICAL - 2024-09-30 13:42:37 --> ErrorException: Undefined variable $auction_data
in APPPATH/Controllers/Cart.php on line 427.
 1 APPPATH/Controllers/Cart.php(427): CodeIgniter\Debug\Exceptions->errorHandler(2, 'Undefined variable $auction_data', '/var/www/eazyhosting.in/public_html/api/app/Controllers/Cart.php', 427)
 2 SYSTEMPATH/CodeIgniter.php(941): App\Controllers\Cart->auctiongardenlist()
 3 SYSTEMPATH/CodeIgniter.php(502): CodeIgniter\CodeIgniter->runController(Object(App\Controllers\Cart))
 4 SYSTEMPATH/CodeIgniter.php(361): CodeIgniter\CodeIgniter->handleRequest(null, Object(Config\Cache), false)
 5 FCPATH/index.php(79): CodeIgniter\CodeIgniter->run()
CRITICAL - 2024-09-30 13:43:00 --> ErrorException: Undefined variable $auction_data
in APPPATH/Controllers/Cart.php on line 427.
 1 APPPATH/Controllers/Cart.php(427): CodeIgniter\Debug\Exceptions->errorHandler(2, 'Undefined variable $auction_data', '/var/www/eazyhosting.in/public_html/api/app/Controllers/Cart.php', 427)
 2 SYSTEMPATH/CodeIgniter.php(941): App\Controllers\Cart->auctiongardenlist()
 3 SYSTEMPATH/CodeIgniter.php(502): CodeIgniter\CodeIgniter->runController(Object(App\Controllers\Cart))
 4 SYSTEMPATH/CodeIgniter.php(361): CodeIgniter\CodeIgniter->handleRequest(null, Object(Config\Cache), false)
 5 FCPATH/index.php(79): CodeIgniter\CodeIgniter->run()
CRITICAL - 2024-09-30 13:43:06 --> ErrorException: Undefined variable $auction_data
in APPPATH/Controllers/Cart.php on line 427.
 1 APPPATH/Controllers/Cart.php(427): CodeIgniter\Debug\Exceptions->errorHandler(2, 'Undefined variable $auction_data', '/var/www/eazyhosting.in/public_html/api/app/Controllers/Cart.php', 427)
 2 SYSTEMPATH/CodeIgniter.php(941): App\Controllers\Cart->auctiongardenlist()
 3 SYSTEMPATH/CodeIgniter.php(502): CodeIgniter\CodeIgniter->runController(Object(App\Controllers\Cart))
 4 SYSTEMPATH/CodeIgniter.php(361): CodeIgniter\CodeIgniter->handleRequest(null, Object(Config\Cache), false)
 5 FCPATH/index.php(79): CodeIgniter\CodeIgniter->run()
CRITICAL - 2024-09-30 13:43:08 --> ErrorException: Undefined variable $auction_data
in APPPATH/Controllers/Cart.php on line 427.
 1 APPPATH/Controllers/Cart.php(427): CodeIgniter\Debug\Exceptions->errorHandler(2, 'Undefined variable $auction_data', '/var/www/eazyhosting.in/public_html/api/app/Controllers/Cart.php', 427)
 2 SYSTEMPATH/CodeIgniter.php(941): App\Controllers\Cart->auctiongardenlist()
 3 SYSTEMPATH/CodeIgniter.php(502): CodeIgniter\CodeIgniter->runController(Object(App\Controllers\Cart))
 4 SYSTEMPATH/CodeIgniter.php(361): CodeIgniter\CodeIgniter->handleRequest(null, Object(Config\Cache), false)
 5 FCPATH/index.php(79): CodeIgniter\CodeIgniter->run()
ERROR - 2024-09-30 13:46:19 --> E004 - 2024-09-30 01:46:19
ERROR - 2024-09-30 13:46:19 --> E004.2 - 2024-09-30 01:46:19
ERROR - 2024-09-30 13:46:19 --> E002 - 2024-09-30 01:46:19
ERROR - 2024-09-30 13:46:19 --> E003 - 2024-09-30 01:46:19
ERROR - 2024-09-30 13:50:18 --> current items data:[{"id":"26","inward_invoice_id":"V2","inward_item_id":"2","auction_id":"5","lot_no":"1","lot_set":"1","auction_quantity":"1","sample_quantity":"0","auction_each_net":"13","base_price":"100","reverse_price":"200","high_price":"0","valuation_price":"300","last_sold_price":null,"status":"1","is_sold":"0","min_bid_added":"0","is_withdrawn":"0","created_at":"2024-09-30 13:43:11","updated_at":"2024-09-30 13:43:32","created_by":"2","updated_by":"2"},{"id":"27","inward_invoice_id":"V1","inward_item_id":"1","auction_id":"5","lot_no":"2","lot_set":"1","auction_quantity":"1","sample_quantity":"0","auction_each_net":"10","base_price":"100","reverse_price":"200","high_price":"0","valuation_price":"300","last_sold_price":null,"status":"1","is_sold":"0","min_bid_added":"0","is_withdrawn":"0","created_at":"2024-09-30 13:43:11","updated_at":"2024-09-30 13:43:32","created_by":"2","updated_by":"2"}], 2024-09-30 01:50:18
ERROR - 2024-09-30 13:50:18 --> Error code L001. auctionItemId:26, 2024-09-30 01:50:18
ERROR - 2024-09-30 13:50:18 --> bid calculation initiated auctionItemId:26, 2
ERROR - 2024-09-30 13:50:18 --> bidding value array:{"id":"126","auction_item_id":"26","buyer_id":"3","bid_price":"1501.00","sq":"1.000","bq":"1.000","bid_type":"1","created_at":"2024-09-30 13:48:16","updated_at":"2024-09-30 13:48:16"}
ERROR - 2024-09-30 13:50:18 --> Error code 001. HBP:1501.00, HABP: 2000, 2024-09-30 01:50:18
ERROR - 2024-09-30 13:50:18 --> Error code 003. HBP:1501.00, RP: 200, 2024-09-30 01:50:18
ERROR - 2024-09-30 13:50:18 --> Error code 005. HBP:1501.00, SLHABP: 1500, 2024-09-30 01:50:18
ERROR - 2024-09-30 13:50:18 --> bid calculation Ended auctionItemId:26, 2024-09-30 01:50:18
ERROR - 2024-09-30 13:50:18 --> Error code L002. auctionItemId:26, 2024-09-30 01:50:18
ERROR - 2024-09-30 13:50:18 --> Error code L003. auctionItemId:26, 2024-09-30 01:50:18
ERROR - 2024-09-30 13:50:18 --> Error code L001. auctionItemId:27, 2024-09-30 01:50:18
ERROR - 2024-09-30 13:50:18 --> bid calculation initiated auctionItemId:27, 2
ERROR - 2024-09-30 13:50:18 --> bidding value array:{"id":"125","auction_item_id":"27","buyer_id":"3","bid_price":"1016.00","sq":"1.000","bq":"1.000","bid_type":"1","created_at":"2024-09-30 13:48:07","updated_at":"2024-09-30 13:48:07"}
ERROR - 2024-09-30 13:50:18 --> Error code 001. HBP:1016.00, HABP: 2004, 2024-09-30 01:50:18
ERROR - 2024-09-30 13:50:18 --> Error code 003. HBP:1016.00, RP: 200, 2024-09-30 01:50:18
ERROR - 2024-09-30 13:50:18 --> Error code 005. HBP:1016.00, SLHABP: 1000, 2024-09-30 01:50:18
ERROR - 2024-09-30 13:50:18 --> bid calculation Ended auctionItemId:27, 2024-09-30 01:50:18
ERROR - 2024-09-30 13:50:18 --> Error code L002. auctionItemId:27, 2024-09-30 01:50:18
ERROR - 2024-09-30 13:50:18 --> Error code L003. auctionItemId:27, 2024-09-30 01:50:18
ERROR - 2024-09-30 13:50:19 --> E001 - 2024-09-30 01:50:19
ERROR - 2024-09-30 13:53:02 --> current items data:[{"id":"28","inward_invoice_id":"V3","inward_item_id":"3","auction_id":"5","lot_no":"3","lot_set":"2","auction_quantity":"1","sample_quantity":"0","auction_each_net":"9","base_price":"100","reverse_price":"200","high_price":"0","valuation_price":"300","last_sold_price":null,"status":"1","is_sold":"0","min_bid_added":"0","is_withdrawn":"0","created_at":"2024-09-30 13:43:11","updated_at":"2024-09-30 13:43:32","created_by":"2","updated_by":"2"}], 2024-09-30 01:53:02
ERROR - 2024-09-30 13:53:02 --> Error code L001. auctionItemId:28, 2024-09-30 01:53:02
ERROR - 2024-09-30 13:53:02 --> Error code L002. auctionItemId:28, 2024-09-30 01:53:02
ERROR - 2024-09-30 13:53:02 --> Error code L003. auctionItemId:28, 2024-09-30 01:53:02
ERROR - 2024-09-30 13:53:03 --> current items data:[], 2024-09-30 01:53:03
CRITICAL - 2024-09-30 13:55:05 --> ErrorException: Undefined variable $auction_data
in APPPATH/Controllers/Cart.php on line 427.
 1 APPPATH/Controllers/Cart.php(427): CodeIgniter\Debug\Exceptions->errorHandler(2, 'Undefined variable $auction_data', '/var/www/eazyhosting.in/public_html/api/app/Controllers/Cart.php', 427)
 2 SYSTEMPATH/CodeIgniter.php(941): App\Controllers\Cart->auctiongardenlist()
 3 SYSTEMPATH/CodeIgniter.php(502): CodeIgniter\CodeIgniter->runController(Object(App\Controllers\Cart))
 4 SYSTEMPATH/CodeIgniter.php(361): CodeIgniter\CodeIgniter->handleRequest(null, Object(Config\Cache), false)
 5 FCPATH/index.php(79): CodeIgniter\CodeIgniter->run()
CRITICAL - 2024-09-30 13:55:19 --> ErrorException: Undefined variable $auction_data
in APPPATH/Controllers/Cart.php on line 427.
 1 APPPATH/Controllers/Cart.php(427): CodeIgniter\Debug\Exceptions->errorHandler(2, 'Undefined variable $auction_data', '/var/www/eazyhosting.in/public_html/api/app/Controllers/Cart.php', 427)
 2 SYSTEMPATH/CodeIgniter.php(941): App\Controllers\Cart->auctiongardenlist()
 3 SYSTEMPATH/CodeIgniter.php(502): CodeIgniter\CodeIgniter->runController(Object(App\Controllers\Cart))
 4 SYSTEMPATH/CodeIgniter.php(361): CodeIgniter\CodeIgniter->handleRequest(null, Object(Config\Cache), false)
 5 FCPATH/index.php(79): CodeIgniter\CodeIgniter->run()
CRITICAL - 2024-09-30 13:55:21 --> ErrorException: Undefined variable $auction_data
in APPPATH/Controllers/Cart.php on line 427.
 1 APPPATH/Controllers/Cart.php(427): CodeIgniter\Debug\Exceptions->errorHandler(2, 'Undefined variable $auction_data', '/var/www/eazyhosting.in/public_html/api/app/Controllers/Cart.php', 427)
 2 SYSTEMPATH/CodeIgniter.php(941): App\Controllers\Cart->auctiongardenlist()
 3 SYSTEMPATH/CodeIgniter.php(502): CodeIgniter\CodeIgniter->runController(Object(App\Controllers\Cart))
 4 SYSTEMPATH/CodeIgniter.php(361): CodeIgniter\CodeIgniter->handleRequest(null, Object(Config\Cache), false)
 5 FCPATH/index.php(79): CodeIgniter\CodeIgniter->run()
ERROR - 2024-09-30 13:58:11 --> E001 - 2024-09-30 01:58:11
ERROR - 2024-09-30 13:58:11 --> E002 - 2024-09-30 01:58:11
ERROR - 2024-09-30 13:58:11 --> E002.1 - 2024-09-30 01:58:11
ERROR - 2024-09-30 14:00:16 --> current items data:[{"id":"29","inward_invoice_id":"V2","inward_item_id":"2","auction_id":"6","lot_no":"1","lot_set":"1","auction_quantity":"1","sample_quantity":"0","auction_each_net":"13","base_price":"100","reverse_price":"200","high_price":"0","valuation_price":"300","last_sold_price":null,"status":"1","is_sold":"0","min_bid_added":"0","is_withdrawn":"0","created_at":"2024-09-30 13:55:25","updated_at":"2024-09-30 13:55:44","created_by":"2","updated_by":"2"},{"id":"30","inward_invoice_id":"V1","inward_item_id":"1","auction_id":"6","lot_no":"2","lot_set":"1","auction_quantity":"1","sample_quantity":"0","auction_each_net":"10","base_price":"100","reverse_price":"200","high_price":"0","valuation_price":"300","last_sold_price":null,"status":"1","is_sold":"0","min_bid_added":"0","is_withdrawn":"0","created_at":"2024-09-30 13:55:25","updated_at":"2024-09-30 13:55:44","created_by":"2","updated_by":"2"}], 2024-09-30 02:00:16
ERROR - 2024-09-30 14:00:16 --> Error code L001. auctionItemId:29, 2024-09-30 02:00:16
ERROR - 2024-09-30 14:00:16 --> Error code L002. auctionItemId:29, 2024-09-30 02:00:16
ERROR - 2024-09-30 14:00:16 --> Error code L003. auctionItemId:29, 2024-09-30 02:00:16
ERROR - 2024-09-30 14:00:16 --> Error code L001. auctionItemId:30, 2024-09-30 02:00:16
ERROR - 2024-09-30 14:00:16 --> Error code L002. auctionItemId:30, 2024-09-30 02:00:16
ERROR - 2024-09-30 14:00:16 --> Error code L003. auctionItemId:30, 2024-09-30 02:00:16
CRITICAL - 2024-09-30 14:06:29 --> ErrorException: Undefined variable $auction_data
in APPPATH/Controllers/Cart.php on line 427.
 1 APPPATH/Controllers/Cart.php(427): CodeIgniter\Debug\Exceptions->errorHandler(2, 'Undefined variable $auction_data', '/var/www/eazyhosting.in/public_html/api/app/Controllers/Cart.php', 427)
 2 SYSTEMPATH/CodeIgniter.php(941): App\Controllers\Cart->auctiongardenlist()
 3 SYSTEMPATH/CodeIgniter.php(502): CodeIgniter\CodeIgniter->runController(Object(App\Controllers\Cart))
 4 SYSTEMPATH/CodeIgniter.php(361): CodeIgniter\CodeIgniter->handleRequest(null, Object(Config\Cache), false)
 5 FCPATH/index.php(79): CodeIgniter\CodeIgniter->run()
CRITICAL - 2024-09-30 14:06:56 --> ErrorException: Undefined variable $auction_data
in APPPATH/Controllers/Cart.php on line 427.
 1 APPPATH/Controllers/Cart.php(427): CodeIgniter\Debug\Exceptions->errorHandler(2, 'Undefined variable $auction_data', '/var/www/eazyhosting.in/public_html/api/app/Controllers/Cart.php', 427)
 2 SYSTEMPATH/CodeIgniter.php(941): App\Controllers\Cart->auctiongardenlist()
 3 SYSTEMPATH/CodeIgniter.php(502): CodeIgniter\CodeIgniter->runController(Object(App\Controllers\Cart))
 4 SYSTEMPATH/CodeIgniter.php(361): CodeIgniter\CodeIgniter->handleRequest(null, Object(Config\Cache), false)
 5 FCPATH/index.php(79): CodeIgniter\CodeIgniter->run()
CRITICAL - 2024-09-30 14:06:59 --> ErrorException: Undefined variable $auction_data
in APPPATH/Controllers/Cart.php on line 427.
 1 APPPATH/Controllers/Cart.php(427): CodeIgniter\Debug\Exceptions->errorHandler(2, 'Undefined variable $auction_data', '/var/www/eazyhosting.in/public_html/api/app/Controllers/Cart.php', 427)
 2 SYSTEMPATH/CodeIgniter.php(941): App\Controllers\Cart->auctiongardenlist()
 3 SYSTEMPATH/CodeIgniter.php(502): CodeIgniter\CodeIgniter->runController(Object(App\Controllers\Cart))
 4 SYSTEMPATH/CodeIgniter.php(361): CodeIgniter\CodeIgniter->handleRequest(null, Object(Config\Cache), false)
 5 FCPATH/index.php(79): CodeIgniter\CodeIgniter->run()
ERROR - 2024-09-30 14:09:53 --> E001 - 2024-09-30 02:09:53
ERROR - 2024-09-30 14:17:55 --> current items data:[{"id":"31","inward_invoice_id":"V2","inward_item_id":"2","auction_id":"7","lot_no":"1","lot_set":"1","auction_quantity":"1","sample_quantity":"0","auction_each_net":"13","base_price":"100","reverse_price":"200","high_price":"0","valuation_price":"300","last_sold_price":null,"status":"1","is_sold":"0","min_bid_added":"0","is_withdrawn":"0","created_at":"2024-09-30 14:07:02","updated_at":"2024-09-30 14:07:21","created_by":"2","updated_by":"2"},{"id":"32","inward_invoice_id":"V1","inward_item_id":"1","auction_id":"7","lot_no":"2","lot_set":"1","auction_quantity":"1","sample_quantity":"0","auction_each_net":"10","base_price":"100","reverse_price":"200","high_price":"0","valuation_price":"300","last_sold_price":null,"status":"1","is_sold":"0","min_bid_added":"0","is_withdrawn":"0","created_at":"2024-09-30 14:07:02","updated_at":"2024-09-30 14:07:21","created_by":"2","updated_by":"2"}], 2024-09-30 02:17:55
ERROR - 2024-09-30 14:17:55 --> Error code L001. auctionItemId:31, 2024-09-30 02:17:55
ERROR - 2024-09-30 14:17:55 --> Error code L002. auctionItemId:31, 2024-09-30 02:17:55
ERROR - 2024-09-30 14:17:56 --> Error code L003. auctionItemId:31, 2024-09-30 02:17:56
ERROR - 2024-09-30 14:17:56 --> Error code L001. auctionItemId:32, 2024-09-30 02:17:56
ERROR - 2024-09-30 14:17:56 --> Error code L002. auctionItemId:32, 2024-09-30 02:17:56
ERROR - 2024-09-30 14:17:56 --> Error code L003. auctionItemId:32, 2024-09-30 02:17:56
ERROR - 2024-09-30 14:18:19 --> current items data:[], 2024-09-30 02:18:19
ERROR - 2024-09-30 14:20:28 --> current items data:[{"id":"33","inward_invoice_id":"V3","inward_item_id":"3","auction_id":"7","lot_no":"3","lot_set":"2","auction_quantity":"1","sample_quantity":"0","auction_each_net":"9","base_price":"100","reverse_price":"200","high_price":"0","valuation_price":"300","last_sold_price":null,"status":"1","is_sold":"0","min_bid_added":"0","is_withdrawn":"0","created_at":"2024-09-30 14:07:02","updated_at":"2024-09-30 14:07:21","created_by":"2","updated_by":"2"}], 2024-09-30 02:20:28
ERROR - 2024-09-30 14:20:28 --> Error code L001. auctionItemId:33, 2024-09-30 02:20:28
ERROR - 2024-09-30 14:20:28 --> Error code L002. auctionItemId:33, 2024-09-30 02:20:28
CRITICAL - 2024-09-30 14:20:28 --> ErrorException: Trying to access array offset on value of type null
in APPPATH/Controllers/BuyerDashboard.php on line 455.
 1 APPPATH/Controllers/BuyerDashboard.php(455): CodeIgniter\Debug\Exceptions->errorHandler(2, 'Trying to access array offset on value of type null', '/var/www/eazyhosting.in/public_html/api/app/Controllers/BuyerDashboard.php', 455)
 2 SYSTEMPATH/CodeIgniter.php(941): App\Controllers\BuyerDashboard->movetoclosed()
 3 SYSTEMPATH/CodeIgniter.php(502): CodeIgniter\CodeIgniter->runController(Object(App\Controllers\BuyerDashboard))
 4 SYSTEMPATH/CodeIgniter.php(361): CodeIgniter\CodeIgniter->handleRequest(null, Object(Config\Cache), false)
 5 FCPATH/index.php(79): CodeIgniter\CodeIgniter->run()
ERROR - 2024-09-30 14:21:09 --> current items data:[], 2024-09-30 02:21:09
CRITICAL - 2024-09-30 14:24:24 --> ErrorException: Undefined variable $auction_data
in APPPATH/Controllers/Cart.php on line 427.
 1 APPPATH/Controllers/Cart.php(427): CodeIgniter\Debug\Exceptions->errorHandler(2, 'Undefined variable $auction_data', '/var/www/eazyhosting.in/public_html/api/app/Controllers/Cart.php', 427)
 2 SYSTEMPATH/CodeIgniter.php(941): App\Controllers\Cart->auctiongardenlist()
 3 SYSTEMPATH/CodeIgniter.php(502): CodeIgniter\CodeIgniter->runController(Object(App\Controllers\Cart))
 4 SYSTEMPATH/CodeIgniter.php(361): CodeIgniter\CodeIgniter->handleRequest(null, Object(Config\Cache), false)
 5 FCPATH/index.php(79): CodeIgniter\CodeIgniter->run()
CRITICAL - 2024-09-30 14:26:11 --> ErrorException: Undefined variable $auction_data
in APPPATH/Controllers/Cart.php on line 427.
 1 APPPATH/Controllers/Cart.php(427): CodeIgniter\Debug\Exceptions->errorHandler(2, 'Undefined variable $auction_data', '/var/www/eazyhosting.in/public_html/api/app/Controllers/Cart.php', 427)
 2 SYSTEMPATH/CodeIgniter.php(941): App\Controllers\Cart->auctiongardenlist()
 3 SYSTEMPATH/CodeIgniter.php(502): CodeIgniter\CodeIgniter->runController(Object(App\Controllers\Cart))
 4 SYSTEMPATH/CodeIgniter.php(361): CodeIgniter\CodeIgniter->handleRequest(null, Object(Config\Cache), false)
 5 FCPATH/index.php(79): CodeIgniter\CodeIgniter->run()
CRITICAL - 2024-09-30 14:26:28 --> ErrorException: Undefined variable $auction_data
in APPPATH/Controllers/Cart.php on line 427.
 1 APPPATH/Controllers/Cart.php(427): CodeIgniter\Debug\Exceptions->errorHandler(2, 'Undefined variable $auction_data', '/var/www/eazyhosting.in/public_html/api/app/Controllers/Cart.php', 427)
 2 SYSTEMPATH/CodeIgniter.php(941): App\Controllers\Cart->auctiongardenlist()
 3 SYSTEMPATH/CodeIgniter.php(502): CodeIgniter\CodeIgniter->runController(Object(App\Controllers\Cart))
 4 SYSTEMPATH/CodeIgniter.php(361): CodeIgniter\CodeIgniter->handleRequest(null, Object(Config\Cache), false)
 5 FCPATH/index.php(79): CodeIgniter\CodeIgniter->run()
CRITICAL - 2024-09-30 14:26:31 --> ErrorException: Undefined variable $auction_data
in APPPATH/Controllers/Cart.php on line 427.
 1 APPPATH/Controllers/Cart.php(427): CodeIgniter\Debug\Exceptions->errorHandler(2, 'Undefined variable $auction_data', '/var/www/eazyhosting.in/public_html/api/app/Controllers/Cart.php', 427)
 2 SYSTEMPATH/CodeIgniter.php(941): App\Controllers\Cart->auctiongardenlist()
 3 SYSTEMPATH/CodeIgniter.php(502): CodeIgniter\CodeIgniter->runController(Object(App\Controllers\Cart))
 4 SYSTEMPATH/CodeIgniter.php(361): CodeIgniter\CodeIgniter->handleRequest(null, Object(Config\Cache), false)
 5 FCPATH/index.php(79): CodeIgniter\CodeIgniter->run()
ERROR - 2024-09-30 14:29:22 --> E002 - 2024-09-30 02:29:22
ERROR - 2024-09-30 14:29:22 --> E002.1 - 2024-09-30 02:29:22
ERROR - 2024-09-30 14:32:50 --> current items data:[{"id":"34","inward_invoice_id":"V2","inward_item_id":"2","auction_id":"9","lot_no":"1","lot_set":"1","auction_quantity":"1","sample_quantity":"0","auction_each_net":"13","base_price":"100","reverse_price":"200","high_price":"0","valuation_price":"300","last_sold_price":null,"status":"1","is_sold":"0","min_bid_added":"0","is_withdrawn":"0","created_at":"2024-09-30 14:26:35","updated_at":"2024-09-30 14:26:53","created_by":"2","updated_by":"2"},{"id":"35","inward_invoice_id":"V1","inward_item_id":"1","auction_id":"9","lot_no":"2","lot_set":"1","auction_quantity":"1","sample_quantity":"0","auction_each_net":"10","base_price":"100","reverse_price":"200","high_price":"0","valuation_price":"300","last_sold_price":null,"status":"1","is_sold":"0","min_bid_added":"0","is_withdrawn":"0","created_at":"2024-09-30 14:26:35","updated_at":"2024-09-30 14:26:53","created_by":"2","updated_by":"2"}], 2024-09-30 02:32:50
ERROR - 2024-09-30 14:32:50 --> Error code L001. auctionItemId:34, 2024-09-30 02:32:50
ERROR - 2024-09-30 14:32:50 --> Error code L002. auctionItemId:34, 2024-09-30 02:32:50
ERROR - 2024-09-30 14:32:50 --> Error code L003. auctionItemId:34, 2024-09-30 02:32:50
ERROR - 2024-09-30 14:32:50 --> Error code L001. auctionItemId:35, 2024-09-30 02:32:50
ERROR - 2024-09-30 14:32:50 --> Error code L002. auctionItemId:35, 2024-09-30 02:32:50
CRITICAL - 2024-09-30 14:32:50 --> ErrorException: Trying to access array offset on value of type null
in APPPATH/Controllers/BuyerDashboard.php on line 455.
 1 APPPATH/Controllers/BuyerDashboard.php(455): CodeIgniter\Debug\Exceptions->errorHandler(2, 'Trying to access array offset on value of type null', '/var/www/eazyhosting.in/public_html/api/app/Controllers/BuyerDashboard.php', 455)
 2 SYSTEMPATH/CodeIgniter.php(941): App\Controllers\BuyerDashboard->movetoclosed()
 3 SYSTEMPATH/CodeIgniter.php(502): CodeIgniter\CodeIgniter->runController(Object(App\Controllers\BuyerDashboard))
 4 SYSTEMPATH/CodeIgniter.php(361): CodeIgniter\CodeIgniter->handleRequest(null, Object(Config\Cache), false)
 5 FCPATH/index.php(79): CodeIgniter\CodeIgniter->run()
ERROR - 2024-09-30 14:33:01 --> current items data:[], 2024-09-30 02:33:01
ERROR - 2024-09-30 14:33:17 --> E002 - 2024-09-30 02:33:17
ERROR - 2024-09-30 14:33:17 --> E002.1 - 2024-09-30 02:33:17
ERROR - 2024-09-30 14:36:18 --> current items data:[{"id":"36","inward_invoice_id":"V3","inward_item_id":"3","auction_id":"9","lot_no":"3","lot_set":"2","auction_quantity":"1","sample_quantity":"0","auction_each_net":"9","base_price":"100","reverse_price":"200","high_price":"0","valuation_price":"300","last_sold_price":null,"status":"1","is_sold":"0","min_bid_added":"0","is_withdrawn":"0","created_at":"2024-09-30 14:26:35","updated_at":"2024-09-30 14:26:53","created_by":"2","updated_by":"2"}], 2024-09-30 02:36:18
ERROR - 2024-09-30 14:36:18 --> Error code L001. auctionItemId:36, 2024-09-30 02:36:18
ERROR - 2024-09-30 14:36:18 --> Error code L002. auctionItemId:36, 2024-09-30 02:36:18
ERROR - 2024-09-30 14:36:18 --> Error code L003. auctionItemId:36, 2024-09-30 02:36:18
ERROR - 2024-09-30 14:36:19 --> current items data:[], 2024-09-30 02:36:19
CRITICAL - 2024-09-30 14:37:51 --> ErrorException: Undefined variable $auction_data
in APPPATH/Controllers/Cart.php on line 427.
 1 APPPATH/Controllers/Cart.php(427): CodeIgniter\Debug\Exceptions->errorHandler(2, 'Undefined variable $auction_data', '/var/www/eazyhosting.in/public_html/api/app/Controllers/Cart.php', 427)
 2 SYSTEMPATH/CodeIgniter.php(941): App\Controllers\Cart->auctiongardenlist()
 3 SYSTEMPATH/CodeIgniter.php(502): CodeIgniter\CodeIgniter->runController(Object(App\Controllers\Cart))
 4 SYSTEMPATH/CodeIgniter.php(361): CodeIgniter\CodeIgniter->handleRequest(null, Object(Config\Cache), false)
 5 FCPATH/index.php(79): CodeIgniter\CodeIgniter->run()
CRITICAL - 2024-09-30 14:38:05 --> ErrorException: Undefined variable $auction_data
in APPPATH/Controllers/Cart.php on line 427.
 1 APPPATH/Controllers/Cart.php(427): CodeIgniter\Debug\Exceptions->errorHandler(2, 'Undefined variable $auction_data', '/var/www/eazyhosting.in/public_html/api/app/Controllers/Cart.php', 427)
 2 SYSTEMPATH/CodeIgniter.php(941): App\Controllers\Cart->auctiongardenlist()
 3 SYSTEMPATH/CodeIgniter.php(502): CodeIgniter\CodeIgniter->runController(Object(App\Controllers\Cart))
 4 SYSTEMPATH/CodeIgniter.php(361): CodeIgniter\CodeIgniter->handleRequest(null, Object(Config\Cache), false)
 5 FCPATH/index.php(79): CodeIgniter\CodeIgniter->run()
CRITICAL - 2024-09-30 14:38:10 --> ErrorException: Undefined variable $auction_data
in APPPATH/Controllers/Cart.php on line 427.
 1 APPPATH/Controllers/Cart.php(427): CodeIgniter\Debug\Exceptions->errorHandler(2, 'Undefined variable $auction_data', '/var/www/eazyhosting.in/public_html/api/app/Controllers/Cart.php', 427)
 2 SYSTEMPATH/CodeIgniter.php(941): App\Controllers\Cart->auctiongardenlist()
 3 SYSTEMPATH/CodeIgniter.php(502): CodeIgniter\CodeIgniter->runController(Object(App\Controllers\Cart))
 4 SYSTEMPATH/CodeIgniter.php(361): CodeIgniter\CodeIgniter->handleRequest(null, Object(Config\Cache), false)
 5 FCPATH/index.php(79): CodeIgniter\CodeIgniter->run()
ERROR - 2024-09-30 14:41:13 --> E001 - 2024-09-30 02:41:13
ERROR - 2024-09-30 14:43:44 --> current items data:[{"id":"37","inward_invoice_id":"R3","inward_item_id":"28","auction_id":"10","lot_no":"1001","lot_set":"1","auction_quantity":"1","sample_quantity":"0","auction_each_net":"21","base_price":"100","reverse_price":"200","high_price":"0","valuation_price":"300","last_sold_price":null,"status":"1","is_sold":"0","min_bid_added":"0","is_withdrawn":"0","created_at":"2024-09-30 14:38:14","updated_at":"2024-09-30 14:38:37","created_by":"2","updated_by":"2"},{"id":"38","inward_invoice_id":"R5","inward_item_id":"30","auction_id":"10","lot_no":"1002","lot_set":"1","auction_quantity":"1","sample_quantity":"0","auction_each_net":"17","base_price":"100","reverse_price":"200","high_price":"0","valuation_price":"300","last_sold_price":null,"status":"1","is_sold":"0","min_bid_added":"0","is_withdrawn":"0","created_at":"2024-09-30 14:38:14","updated_at":"2024-09-30 14:38:37","created_by":"2","updated_by":"2"}], 2024-09-30 02:43:44
ERROR - 2024-09-30 14:43:44 --> Error code L001. auctionItemId:37, 2024-09-30 02:43:44
ERROR - 2024-09-30 14:43:44 --> Error code L002. auctionItemId:37, 2024-09-30 02:43:44
ERROR - 2024-09-30 14:43:44 --> Error code L003. auctionItemId:37, 2024-09-30 02:43:44
ERROR - 2024-09-30 14:43:44 --> Error code L001. auctionItemId:38, 2024-09-30 02:43:44
ERROR - 2024-09-30 14:43:44 --> Error code L002. auctionItemId:38, 2024-09-30 02:43:44
CRITICAL - 2024-09-30 14:43:44 --> ErrorException: Trying to access array offset on value of type null
in APPPATH/Controllers/BuyerDashboard.php on line 455.
 1 APPPATH/Controllers/BuyerDashboard.php(455): CodeIgniter\Debug\Exceptions->errorHandler(2, 'Trying to access array offset on value of type null', '/var/www/eazyhosting.in/public_html/api/app/Controllers/BuyerDashboard.php', 455)
 2 SYSTEMPATH/CodeIgniter.php(941): App\Controllers\BuyerDashboard->movetoclosed()
 3 SYSTEMPATH/CodeIgniter.php(502): CodeIgniter\CodeIgniter->runController(Object(App\Controllers\BuyerDashboard))
 4 SYSTEMPATH/CodeIgniter.php(361): CodeIgniter\CodeIgniter->handleRequest(null, Object(Config\Cache), false)
 5 FCPATH/index.php(79): CodeIgniter\CodeIgniter->run()
ERROR - 2024-09-30 14:44:48 --> current items data:[{"id":"39","inward_invoice_id":"R2","inward_item_id":"27","auction_id":"10","lot_no":"1003","lot_set":"2","auction_quantity":"1","sample_quantity":"0","auction_each_net":"25","base_price":"100","reverse_price":"200","high_price":"0","valuation_price":"300","last_sold_price":null,"status":"1","is_sold":"0","min_bid_added":"0","is_withdrawn":"0","created_at":"2024-09-30 14:38:14","updated_at":"2024-09-30 14:38:37","created_by":"2","updated_by":"2"}], 2024-09-30 02:44:48
ERROR - 2024-09-30 14:44:48 --> Error code L001. auctionItemId:39, 2024-09-30 02:44:48
ERROR - 2024-09-30 14:44:48 --> Error code L002. auctionItemId:39, 2024-09-30 02:44:48
CRITICAL - 2024-09-30 14:44:48 --> ErrorException: Trying to access array offset on value of type null
in APPPATH/Controllers/BuyerDashboard.php on line 455.
 1 APPPATH/Controllers/BuyerDashboard.php(455): CodeIgniter\Debug\Exceptions->errorHandler(2, 'Trying to access array offset on value of type null', '/var/www/eazyhosting.in/public_html/api/app/Controllers/BuyerDashboard.php', 455)
 2 SYSTEMPATH/CodeIgniter.php(941): App\Controllers\BuyerDashboard->movetoclosed()
 3 SYSTEMPATH/CodeIgniter.php(502): CodeIgniter\CodeIgniter->runController(Object(App\Controllers\BuyerDashboard))
 4 SYSTEMPATH/CodeIgniter.php(361): CodeIgniter\CodeIgniter->handleRequest(null, Object(Config\Cache), false)
 5 FCPATH/index.php(79): CodeIgniter\CodeIgniter->run()
ERROR - 2024-09-30 14:46:21 --> current items data:[], 2024-09-30 02:46:21
CRITICAL - 2024-09-30 14:47:51 --> ErrorException: Undefined variable $auction_data
in APPPATH/Controllers/Cart.php on line 427.
 1 APPPATH/Controllers/Cart.php(427): CodeIgniter\Debug\Exceptions->errorHandler(2, 'Undefined variable $auction_data', '/var/www/eazyhosting.in/public_html/api/app/Controllers/Cart.php', 427)
 2 SYSTEMPATH/CodeIgniter.php(941): App\Controllers\Cart->auctiongardenlist()
 3 SYSTEMPATH/CodeIgniter.php(502): CodeIgniter\CodeIgniter->runController(Object(App\Controllers\Cart))
 4 SYSTEMPATH/CodeIgniter.php(361): CodeIgniter\CodeIgniter->handleRequest(null, Object(Config\Cache), false)
 5 FCPATH/index.php(79): CodeIgniter\CodeIgniter->run()
CRITICAL - 2024-09-30 14:48:07 --> ErrorException: Undefined variable $auction_data
in APPPATH/Controllers/Cart.php on line 427.
 1 APPPATH/Controllers/Cart.php(427): CodeIgniter\Debug\Exceptions->errorHandler(2, 'Undefined variable $auction_data', '/var/www/eazyhosting.in/public_html/api/app/Controllers/Cart.php', 427)
 2 SYSTEMPATH/CodeIgniter.php(941): App\Controllers\Cart->auctiongardenlist()
 3 SYSTEMPATH/CodeIgniter.php(502): CodeIgniter\CodeIgniter->runController(Object(App\Controllers\Cart))
 4 SYSTEMPATH/CodeIgniter.php(361): CodeIgniter\CodeIgniter->handleRequest(null, Object(Config\Cache), false)
 5 FCPATH/index.php(79): CodeIgniter\CodeIgniter->run()
CRITICAL - 2024-09-30 14:48:09 --> ErrorException: Undefined variable $auction_data
in APPPATH/Controllers/Cart.php on line 427.
 1 APPPATH/Controllers/Cart.php(427): CodeIgniter\Debug\Exceptions->errorHandler(2, 'Undefined variable $auction_data', '/var/www/eazyhosting.in/public_html/api/app/Controllers/Cart.php', 427)
 2 SYSTEMPATH/CodeIgniter.php(941): App\Controllers\Cart->auctiongardenlist()
 3 SYSTEMPATH/CodeIgniter.php(502): CodeIgniter\CodeIgniter->runController(Object(App\Controllers\Cart))
 4 SYSTEMPATH/CodeIgniter.php(361): CodeIgniter\CodeIgniter->handleRequest(null, Object(Config\Cache), false)
 5 FCPATH/index.php(79): CodeIgniter\CodeIgniter->run()
ERROR - 2024-09-30 14:55:25 --> current items data:[{"id":"40","inward_invoice_id":"R3","inward_item_id":"28","auction_id":"11","lot_no":"1001","lot_set":"1","auction_quantity":"1","sample_quantity":"0","auction_each_net":"21","base_price":"100","reverse_price":"200","high_price":"0","valuation_price":"300","last_sold_price":null,"status":"1","is_sold":"0","min_bid_added":"0","is_withdrawn":"0","created_at":"2024-09-30 14:48:13","updated_at":"2024-09-30 14:48:32","created_by":"2","updated_by":"2"},{"id":"41","inward_invoice_id":"R5","inward_item_id":"30","auction_id":"11","lot_no":"1002","lot_set":"1","auction_quantity":"1","sample_quantity":"0","auction_each_net":"17","base_price":"100","reverse_price":"200","high_price":"0","valuation_price":"300","last_sold_price":null,"status":"1","is_sold":"0","min_bid_added":"0","is_withdrawn":"0","created_at":"2024-09-30 14:48:13","updated_at":"2024-09-30 14:48:32","created_by":"2","updated_by":"2"}], 2024-09-30 02:55:25
ERROR - 2024-09-30 14:55:25 --> Error code L001. auctionItemId:40, 2024-09-30 02:55:25
ERROR - 2024-09-30 14:55:25 --> Error code L002. auctionItemId:40, 2024-09-30 02:55:25
ERROR - 2024-09-30 14:55:25 --> Error code L003. auctionItemId:40, 2024-09-30 02:55:25
ERROR - 2024-09-30 14:55:25 --> Error code L001. auctionItemId:41, 2024-09-30 02:55:25
ERROR - 2024-09-30 14:55:25 --> Error code L002. auctionItemId:41, 2024-09-30 02:55:25
CRITICAL - 2024-09-30 14:55:25 --> ErrorException: Trying to access array offset on value of type null
in APPPATH/Controllers/BuyerDashboard.php on line 455.
 1 APPPATH/Controllers/BuyerDashboard.php(455): CodeIgniter\Debug\Exceptions->errorHandler(2, 'Trying to access array offset on value of type null', '/var/www/eazyhosting.in/public_html/api/app/Controllers/BuyerDashboard.php', 455)
 2 SYSTEMPATH/CodeIgniter.php(941): App\Controllers\BuyerDashboard->movetoclosed()
 3 SYSTEMPATH/CodeIgniter.php(502): CodeIgniter\CodeIgniter->runController(Object(App\Controllers\BuyerDashboard))
 4 SYSTEMPATH/CodeIgniter.php(361): CodeIgniter\CodeIgniter->handleRequest(null, Object(Config\Cache), false)
 5 FCPATH/index.php(79): CodeIgniter\CodeIgniter->run()
ERROR - 2024-09-30 14:57:29 --> current items data:[], 2024-09-30 02:57:29
ERROR - 2024-09-30 14:58:02 --> current items data:[{"id":"42","inward_invoice_id":"R2","inward_item_id":"27","auction_id":"11","lot_no":"1003","lot_set":"2","auction_quantity":"1","sample_quantity":"0","auction_each_net":"25","base_price":"100","reverse_price":"200","high_price":"0","valuation_price":"300","last_sold_price":null,"status":"1","is_sold":"0","min_bid_added":"0","is_withdrawn":"0","created_at":"2024-09-30 14:48:13","updated_at":"2024-09-30 14:48:32","created_by":"2","updated_by":"2"}], 2024-09-30 02:58:02
ERROR - 2024-09-30 14:58:02 --> Error code L001. auctionItemId:42, 2024-09-30 02:58:02
ERROR - 2024-09-30 14:58:02 --> Error code L002. auctionItemId:42, 2024-09-30 02:58:02
ERROR - 2024-09-30 14:58:02 --> Error code L003. auctionItemId:42, 2024-09-30 02:58:02
CRITICAL - 2024-09-30 15:01:45 --> ErrorException: Undefined variable $auction_data
in APPPATH/Controllers/Cart.php on line 427.
 1 APPPATH/Controllers/Cart.php(427): CodeIgniter\Debug\Exceptions->errorHandler(2, 'Undefined variable $auction_data', '/var/www/eazyhosting.in/public_html/api/app/Controllers/Cart.php', 427)
 2 SYSTEMPATH/CodeIgniter.php(941): App\Controllers\Cart->auctiongardenlist()
 3 SYSTEMPATH/CodeIgniter.php(502): CodeIgniter\CodeIgniter->runController(Object(App\Controllers\Cart))
 4 SYSTEMPATH/CodeIgniter.php(361): CodeIgniter\CodeIgniter->handleRequest(null, Object(Config\Cache), false)
 5 FCPATH/index.php(79): CodeIgniter\CodeIgniter->run()
CRITICAL - 2024-09-30 15:02:01 --> ErrorException: Undefined variable $auction_data
in APPPATH/Controllers/Cart.php on line 427.
 1 APPPATH/Controllers/Cart.php(427): CodeIgniter\Debug\Exceptions->errorHandler(2, 'Undefined variable $auction_data', '/var/www/eazyhosting.in/public_html/api/app/Controllers/Cart.php', 427)
 2 SYSTEMPATH/CodeIgniter.php(941): App\Controllers\Cart->auctiongardenlist()
 3 SYSTEMPATH/CodeIgniter.php(502): CodeIgniter\CodeIgniter->runController(Object(App\Controllers\Cart))
 4 SYSTEMPATH/CodeIgniter.php(361): CodeIgniter\CodeIgniter->handleRequest(null, Object(Config\Cache), false)
 5 FCPATH/index.php(79): CodeIgniter\CodeIgniter->run()
CRITICAL - 2024-09-30 15:02:04 --> ErrorException: Undefined variable $auction_data
in APPPATH/Controllers/Cart.php on line 427.
 1 APPPATH/Controllers/Cart.php(427): CodeIgniter\Debug\Exceptions->errorHandler(2, 'Undefined variable $auction_data', '/var/www/eazyhosting.in/public_html/api/app/Controllers/Cart.php', 427)
 2 SYSTEMPATH/CodeIgniter.php(941): App\Controllers\Cart->auctiongardenlist()
 3 SYSTEMPATH/CodeIgniter.php(502): CodeIgniter\CodeIgniter->runController(Object(App\Controllers\Cart))
 4 SYSTEMPATH/CodeIgniter.php(361): CodeIgniter\CodeIgniter->handleRequest(null, Object(Config\Cache), false)
 5 FCPATH/index.php(79): CodeIgniter\CodeIgniter->run()
ERROR - 2024-09-30 15:06:15 --> E002 - 2024-09-30 03:06:15
ERROR - 2024-09-30 15:06:15 --> E003 - 2024-09-30 03:06:15
ERROR - 2024-09-30 15:09:03 --> current items data:[{"id":"43","inward_invoice_id":"R3","inward_item_id":"28","auction_id":"12","lot_no":"1001","lot_set":"1","auction_quantity":"1","sample_quantity":"0","auction_each_net":"21","base_price":"100","reverse_price":"110","high_price":"0","valuation_price":"120","last_sold_price":null,"status":"1","is_sold":"0","min_bid_added":"0","is_withdrawn":"0","created_at":"2024-09-30 15:02:07","updated_at":"2024-09-30 15:02:31","created_by":"2","updated_by":"2"},{"id":"44","inward_invoice_id":"R5","inward_item_id":"30","auction_id":"12","lot_no":"1002","lot_set":"1","auction_quantity":"1","sample_quantity":"0","auction_each_net":"17","base_price":"100","reverse_price":"110","high_price":"0","valuation_price":"120","last_sold_price":null,"status":"1","is_sold":"0","min_bid_added":"0","is_withdrawn":"0","created_at":"2024-09-30 15:02:07","updated_at":"2024-09-30 15:02:31","created_by":"2","updated_by":"2"}], 2024-09-30 03:09:03
ERROR - 2024-09-30 15:09:03 --> Error code L001. auctionItemId:43, 2024-09-30 03:09:03
ERROR - 2024-09-30 15:09:03 --> Error code L002. auctionItemId:43, 2024-09-30 03:09:03
ERROR - 2024-09-30 15:09:03 --> Error code L003. auctionItemId:43, 2024-09-30 03:09:03
ERROR - 2024-09-30 15:09:03 --> Error code L001. auctionItemId:44, 2024-09-30 03:09:03
ERROR - 2024-09-30 15:09:03 --> Error code L002. auctionItemId:44, 2024-09-30 03:09:03
ERROR - 2024-09-30 15:09:03 --> Error code L003. auctionItemId:44, 2024-09-30 03:09:03
ERROR - 2024-09-30 15:12:12 --> current items data:[{"id":"45","inward_invoice_id":"R2","inward_item_id":"27","auction_id":"12","lot_no":"1003","lot_set":"2","auction_quantity":"1","sample_quantity":"0","auction_each_net":"25","base_price":"100","reverse_price":"110","high_price":"0","valuation_price":"120","last_sold_price":null,"status":"1","is_sold":"0","min_bid_added":"0","is_withdrawn":"0","created_at":"2024-09-30 15:02:07","updated_at":"2024-09-30 15:02:31","created_by":"2","updated_by":"2"}], 2024-09-30 03:12:12
ERROR - 2024-09-30 15:12:12 --> Error code L001. auctionItemId:45, 2024-09-30 03:12:12
ERROR - 2024-09-30 15:12:12 --> Error code L002. auctionItemId:45, 2024-09-30 03:12:12
ERROR - 2024-09-30 15:12:12 --> Error code L003. auctionItemId:45, 2024-09-30 03:12:12
CRITICAL - 2024-09-30 16:07:31 --> ErrorException: Undefined variable $auction_data
in APPPATH/Controllers/Cart.php on line 427.
 1 APPPATH/Controllers/Cart.php(427): CodeIgniter\Debug\Exceptions->errorHandler(2, 'Undefined variable $auction_data', '/var/www/eazyhosting.in/public_html/api/app/Controllers/Cart.php', 427)
 2 SYSTEMPATH/CodeIgniter.php(941): App\Controllers\Cart->auctiongardenlist()
 3 SYSTEMPATH/CodeIgniter.php(502): CodeIgniter\CodeIgniter->runController(Object(App\Controllers\Cart))
 4 SYSTEMPATH/CodeIgniter.php(361): CodeIgniter\CodeIgniter->handleRequest(null, Object(Config\Cache), false)
 5 FCPATH/index.php(79): CodeIgniter\CodeIgniter->run()
CRITICAL - 2024-09-30 16:07:54 --> ErrorException: Undefined variable $auction_data
in APPPATH/Controllers/Cart.php on line 427.
 1 APPPATH/Controllers/Cart.php(427): CodeIgniter\Debug\Exceptions->errorHandler(2, 'Undefined variable $auction_data', '/var/www/eazyhosting.in/public_html/api/app/Controllers/Cart.php', 427)
 2 SYSTEMPATH/CodeIgniter.php(941): App\Controllers\Cart->auctiongardenlist()
 3 SYSTEMPATH/CodeIgniter.php(502): CodeIgniter\CodeIgniter->runController(Object(App\Controllers\Cart))
 4 SYSTEMPATH/CodeIgniter.php(361): CodeIgniter\CodeIgniter->handleRequest(null, Object(Config\Cache), false)
 5 FCPATH/index.php(79): CodeIgniter\CodeIgniter->run()
CRITICAL - 2024-09-30 16:07:57 --> ErrorException: Undefined variable $auction_data
in APPPATH/Controllers/Cart.php on line 427.
 1 APPPATH/Controllers/Cart.php(427): CodeIgniter\Debug\Exceptions->errorHandler(2, 'Undefined variable $auction_data', '/var/www/eazyhosting.in/public_html/api/app/Controllers/Cart.php', 427)
 2 SYSTEMPATH/CodeIgniter.php(941): App\Controllers\Cart->auctiongardenlist()
 3 SYSTEMPATH/CodeIgniter.php(502): CodeIgniter\CodeIgniter->runController(Object(App\Controllers\Cart))
 4 SYSTEMPATH/CodeIgniter.php(361): CodeIgniter\CodeIgniter->handleRequest(null, Object(Config\Cache), false)
 5 FCPATH/index.php(79): CodeIgniter\CodeIgniter->run()
ERROR - 2024-09-30 16:16:09 --> E001 - 2024-09-30 04:16:09
ERROR - 2024-09-30 16:18:31 --> current items data:[{"id":"46","inward_invoice_id":"R1","inward_item_id":"26","auction_id":"13","lot_no":"1","lot_set":"1","auction_quantity":"2","sample_quantity":"0","auction_each_net":"20","base_price":"100","reverse_price":"105","high_price":"0","valuation_price":"110","last_sold_price":null,"status":"1","is_sold":"0","min_bid_added":"0","is_withdrawn":"0","created_at":"2024-09-30 16:07:59","updated_at":"2024-09-30 16:08:17","created_by":"5","updated_by":"5"},{"id":"47","inward_invoice_id":"R4","inward_item_id":"29","auction_id":"13","lot_no":"2","lot_set":"1","auction_quantity":"2","sample_quantity":"0","auction_each_net":"11","base_price":"100","reverse_price":"105","high_price":"0","valuation_price":"110","last_sold_price":null,"status":"1","is_sold":"0","min_bid_added":"0","is_withdrawn":"0","created_at":"2024-09-30 16:07:59","updated_at":"2024-09-30 16:08:17","created_by":"5","updated_by":"5"}], 2024-09-30 04:18:31
ERROR - 2024-09-30 16:18:31 --> Error code L001. auctionItemId:46, 2024-09-30 04:18:31
ERROR - 2024-09-30 16:18:31 --> Error code L002. auctionItemId:46, 2024-09-30 04:18:31
ERROR - 2024-09-30 16:18:31 --> Error code L003. auctionItemId:46, 2024-09-30 04:18:31
ERROR - 2024-09-30 16:18:31 --> Error code L001. auctionItemId:47, 2024-09-30 04:18:31
ERROR - 2024-09-30 16:18:31 --> Error code L002. auctionItemId:47, 2024-09-30 04:18:31
ERROR - 2024-09-30 16:18:31 --> Error code L003. auctionItemId:47, 2024-09-30 04:18:31
ERROR - 2024-09-30 16:18:34 --> current items data:[], 2024-09-30 04:18:34
CRITICAL - 2024-09-30 16:20:23 --> ErrorException: Undefined variable $auction_data
in APPPATH/Controllers/Cart.php on line 427.
 1 APPPATH/Controllers/Cart.php(427): CodeIgniter\Debug\Exceptions->errorHandler(2, 'Undefined variable $auction_data', '/var/www/eazyhosting.in/public_html/api/app/Controllers/Cart.php', 427)
 2 SYSTEMPATH/CodeIgniter.php(941): App\Controllers\Cart->auctiongardenlist()
 3 SYSTEMPATH/CodeIgniter.php(502): CodeIgniter\CodeIgniter->runController(Object(App\Controllers\Cart))
 4 SYSTEMPATH/CodeIgniter.php(361): CodeIgniter\CodeIgniter->handleRequest(null, Object(Config\Cache), false)
 5 FCPATH/index.php(79): CodeIgniter\CodeIgniter->run()
CRITICAL - 2024-09-30 16:20:35 --> ErrorException: Undefined variable $auction_data
in APPPATH/Controllers/Cart.php on line 427.
 1 APPPATH/Controllers/Cart.php(427): CodeIgniter\Debug\Exceptions->errorHandler(2, 'Undefined variable $auction_data', '/var/www/eazyhosting.in/public_html/api/app/Controllers/Cart.php', 427)
 2 SYSTEMPATH/CodeIgniter.php(941): App\Controllers\Cart->auctiongardenlist()
 3 SYSTEMPATH/CodeIgniter.php(502): CodeIgniter\CodeIgniter->runController(Object(App\Controllers\Cart))
 4 SYSTEMPATH/CodeIgniter.php(361): CodeIgniter\CodeIgniter->handleRequest(null, Object(Config\Cache), false)
 5 FCPATH/index.php(79): CodeIgniter\CodeIgniter->run()
CRITICAL - 2024-09-30 16:20:36 --> ErrorException: Undefined variable $auction_data
in APPPATH/Controllers/Cart.php on line 427.
 1 APPPATH/Controllers/Cart.php(427): CodeIgniter\Debug\Exceptions->errorHandler(2, 'Undefined variable $auction_data', '/var/www/eazyhosting.in/public_html/api/app/Controllers/Cart.php', 427)
 2 SYSTEMPATH/CodeIgniter.php(941): App\Controllers\Cart->auctiongardenlist()
 3 SYSTEMPATH/CodeIgniter.php(502): CodeIgniter\CodeIgniter->runController(Object(App\Controllers\Cart))
 4 SYSTEMPATH/CodeIgniter.php(361): CodeIgniter\CodeIgniter->handleRequest(null, Object(Config\Cache), false)
 5 FCPATH/index.php(79): CodeIgniter\CodeIgniter->run()
ERROR - 2024-09-30 16:33:48 --> current items data:[{"id":"48","inward_invoice_id":"R1","inward_item_id":"26","auction_id":"14","lot_no":"1","lot_set":"1","auction_quantity":"1","sample_quantity":"0","auction_each_net":"20","base_price":"100","reverse_price":"105","high_price":"0","valuation_price":"110","last_sold_price":null,"status":"1","is_sold":"0","min_bid_added":"0","is_withdrawn":"0","created_at":"2024-09-30 16:20:38","updated_at":"2024-09-30 16:20:56","created_by":"5","updated_by":"5"},{"id":"49","inward_invoice_id":"R4","inward_item_id":"29","auction_id":"14","lot_no":"2","lot_set":"1","auction_quantity":"1","sample_quantity":"0","auction_each_net":"11","base_price":"100","reverse_price":"105","high_price":"0","valuation_price":"110","last_sold_price":null,"status":"1","is_sold":"0","min_bid_added":"0","is_withdrawn":"0","created_at":"2024-09-30 16:20:38","updated_at":"2024-09-30 16:20:56","created_by":"5","updated_by":"5"}], 2024-09-30 04:33:48
ERROR - 2024-09-30 16:33:48 --> Error code L001. auctionItemId:48, 2024-09-30 04:33:48
ERROR - 2024-09-30 16:33:48 --> Error code L002. auctionItemId:48, 2024-09-30 04:33:48
ERROR - 2024-09-30 16:33:48 --> Error code L003. auctionItemId:48, 2024-09-30 04:33:48
ERROR - 2024-09-30 16:33:48 --> Error code L001. auctionItemId:49, 2024-09-30 04:33:48
ERROR - 2024-09-30 16:33:48 --> Error code L002. auctionItemId:49, 2024-09-30 04:33:48
ERROR - 2024-09-30 16:33:48 --> Error code L003. auctionItemId:49, 2024-09-30 04:33:48
CRITICAL - 2024-09-30 16:36:02 --> ErrorException: Undefined variable $auction_data
in APPPATH/Controllers/Cart.php on line 427.
 1 APPPATH/Controllers/Cart.php(427): CodeIgniter\Debug\Exceptions->errorHandler(2, 'Undefined variable $auction_data', '/var/www/eazyhosting.in/public_html/api/app/Controllers/Cart.php', 427)
 2 SYSTEMPATH/CodeIgniter.php(941): App\Controllers\Cart->auctiongardenlist()
 3 SYSTEMPATH/CodeIgniter.php(502): CodeIgniter\CodeIgniter->runController(Object(App\Controllers\Cart))
 4 SYSTEMPATH/CodeIgniter.php(361): CodeIgniter\CodeIgniter->handleRequest(null, Object(Config\Cache), false)
 5 FCPATH/index.php(79): CodeIgniter\CodeIgniter->run()
CRITICAL - 2024-09-30 16:36:15 --> ErrorException: Undefined variable $auction_data
in APPPATH/Controllers/Cart.php on line 427.
 1 APPPATH/Controllers/Cart.php(427): CodeIgniter\Debug\Exceptions->errorHandler(2, 'Undefined variable $auction_data', '/var/www/eazyhosting.in/public_html/api/app/Controllers/Cart.php', 427)
 2 SYSTEMPATH/CodeIgniter.php(941): App\Controllers\Cart->auctiongardenlist()
 3 SYSTEMPATH/CodeIgniter.php(502): CodeIgniter\CodeIgniter->runController(Object(App\Controllers\Cart))
 4 SYSTEMPATH/CodeIgniter.php(361): CodeIgniter\CodeIgniter->handleRequest(null, Object(Config\Cache), false)
 5 FCPATH/index.php(79): CodeIgniter\CodeIgniter->run()
CRITICAL - 2024-09-30 16:36:16 --> ErrorException: Undefined variable $auction_data
in APPPATH/Controllers/Cart.php on line 427.
 1 APPPATH/Controllers/Cart.php(427): CodeIgniter\Debug\Exceptions->errorHandler(2, 'Undefined variable $auction_data', '/var/www/eazyhosting.in/public_html/api/app/Controllers/Cart.php', 427)
 2 SYSTEMPATH/CodeIgniter.php(941): App\Controllers\Cart->auctiongardenlist()
 3 SYSTEMPATH/CodeIgniter.php(502): CodeIgniter\CodeIgniter->runController(Object(App\Controllers\Cart))
 4 SYSTEMPATH/CodeIgniter.php(361): CodeIgniter\CodeIgniter->handleRequest(null, Object(Config\Cache), false)
 5 FCPATH/index.php(79): CodeIgniter\CodeIgniter->run()
ERROR - 2024-09-30 16:46:20 --> E004 - 2024-09-30 04:46:20
ERROR - 2024-09-30 16:46:20 --> E004.2 - 2024-09-30 04:46:20
ERROR - 2024-09-30 16:46:20 --> E004 - 2024-09-30 04:46:20
ERROR - 2024-09-30 16:46:20 --> E004.2 - 2024-09-30 04:46:20
ERROR - 2024-09-30 16:48:49 --> current items data:[{"id":"50","inward_invoice_id":"R1","inward_item_id":"26","auction_id":"15","lot_no":"1","lot_set":"1","auction_quantity":"1","sample_quantity":"0","auction_each_net":"20","base_price":"100","reverse_price":"105","high_price":"0","valuation_price":"110","last_sold_price":null,"status":"1","is_sold":"0","min_bid_added":"0","is_withdrawn":"0","created_at":"2024-09-30 16:36:18","updated_at":"2024-09-30 16:36:31","created_by":"5","updated_by":"5"},{"id":"51","inward_invoice_id":"R4","inward_item_id":"29","auction_id":"15","lot_no":"2","lot_set":"1","auction_quantity":"1","sample_quantity":"0","auction_each_net":"11","base_price":"100","reverse_price":"105","high_price":"0","valuation_price":"110","last_sold_price":null,"status":"1","is_sold":"0","min_bid_added":"0","is_withdrawn":"0","created_at":"2024-09-30 16:36:18","updated_at":"2024-09-30 16:36:31","created_by":"5","updated_by":"5"}], 2024-09-30 04:48:49
ERROR - 2024-09-30 16:48:49 --> Error code L001. auctionItemId:50, 2024-09-30 04:48:49
ERROR - 2024-09-30 16:48:49 --> Error code L002. auctionItemId:50, 2024-09-30 04:48:49
ERROR - 2024-09-30 16:48:49 --> Error code L003. auctionItemId:50, 2024-09-30 04:48:49
ERROR - 2024-09-30 16:48:49 --> Error code L001. auctionItemId:51, 2024-09-30 04:48:49
ERROR - 2024-09-30 16:48:49 --> Error code L002. auctionItemId:51, 2024-09-30 04:48:49
ERROR - 2024-09-30 16:48:49 --> Error code L003. auctionItemId:51, 2024-09-30 04:48:49
CRITICAL - 2024-09-30 17:14:45 --> ErrorException: Undefined variable $auction_data
in APPPATH/Controllers/Cart.php on line 427.
 1 APPPATH/Controllers/Cart.php(427): CodeIgniter\Debug\Exceptions->errorHandler(2, 'Undefined variable $auction_data', '/var/www/eazyhosting.in/public_html/api/app/Controllers/Cart.php', 427)
 2 SYSTEMPATH/CodeIgniter.php(941): App\Controllers\Cart->auctiongardenlist()
 3 SYSTEMPATH/CodeIgniter.php(502): CodeIgniter\CodeIgniter->runController(Object(App\Controllers\Cart))
 4 SYSTEMPATH/CodeIgniter.php(361): CodeIgniter\CodeIgniter->handleRequest(null, Object(Config\Cache), false)
 5 FCPATH/index.php(79): CodeIgniter\CodeIgniter->run()
CRITICAL - 2024-09-30 17:16:23 --> ErrorException: Undefined variable $auction_data
in APPPATH/Controllers/Cart.php on line 427.
 1 APPPATH/Controllers/Cart.php(427): CodeIgniter\Debug\Exceptions->errorHandler(2, 'Undefined variable $auction_data', '/var/www/eazyhosting.in/public_html/api/app/Controllers/Cart.php', 427)
 2 SYSTEMPATH/CodeIgniter.php(941): App\Controllers\Cart->auctiongardenlist()
 3 SYSTEMPATH/CodeIgniter.php(502): CodeIgniter\CodeIgniter->runController(Object(App\Controllers\Cart))
 4 SYSTEMPATH/CodeIgniter.php(361): CodeIgniter\CodeIgniter->handleRequest(null, Object(Config\Cache), false)
 5 FCPATH/index.php(79): CodeIgniter\CodeIgniter->run()
CRITICAL - 2024-09-30 17:16:26 --> ErrorException: Undefined variable $auction_data
in APPPATH/Controllers/Cart.php on line 427.
 1 APPPATH/Controllers/Cart.php(427): CodeIgniter\Debug\Exceptions->errorHandler(2, 'Undefined variable $auction_data', '/var/www/eazyhosting.in/public_html/api/app/Controllers/Cart.php', 427)
 2 SYSTEMPATH/CodeIgniter.php(941): App\Controllers\Cart->auctiongardenlist()
 3 SYSTEMPATH/CodeIgniter.php(502): CodeIgniter\CodeIgniter->runController(Object(App\Controllers\Cart))
 4 SYSTEMPATH/CodeIgniter.php(361): CodeIgniter\CodeIgniter->handleRequest(null, Object(Config\Cache), false)
 5 FCPATH/index.php(79): CodeIgniter\CodeIgniter->run()
ERROR - 2024-09-30 17:25:21 --> current items data:[{"id":"52","inward_invoice_id":"V2","inward_item_id":"2","auction_id":"16","lot_no":"1","lot_set":"1","auction_quantity":"1","sample_quantity":"0","auction_each_net":"13","base_price":"100","reverse_price":"200","high_price":"0","valuation_price":"300","last_sold_price":null,"status":"1","is_sold":"0","min_bid_added":"0","is_withdrawn":"0","created_at":"2024-09-30 17:16:36","updated_at":"2024-09-30 17:17:01","created_by":"3","updated_by":"3"},{"id":"53","inward_invoice_id":"V1","inward_item_id":"1","auction_id":"16","lot_no":"2","lot_set":"1","auction_quantity":"1","sample_quantity":"0","auction_each_net":"10","base_price":"100","reverse_price":"200","high_price":"0","valuation_price":"300","last_sold_price":null,"status":"1","is_sold":"0","min_bid_added":"0","is_withdrawn":"0","created_at":"2024-09-30 17:16:36","updated_at":"2024-09-30 17:17:01","created_by":"3","updated_by":"3"}], 2024-09-30 05:25:21
ERROR - 2024-09-30 17:25:21 --> Error code L001. auctionItemId:52, 2024-09-30 05:25:21
ERROR - 2024-09-30 17:25:21 --> Error code L002. auctionItemId:52, 2024-09-30 05:25:21
ERROR - 2024-09-30 17:25:21 --> Error code L003. auctionItemId:52, 2024-09-30 05:25:21
ERROR - 2024-09-30 17:25:21 --> Error code L001. auctionItemId:53, 2024-09-30 05:25:21
ERROR - 2024-09-30 17:25:21 --> Error code L002. auctionItemId:53, 2024-09-30 05:25:21
ERROR - 2024-09-30 17:25:21 --> Error code L003. auctionItemId:53, 2024-09-30 05:25:21
ERROR - 2024-09-30 17:31:41 --> current items data:[{"id":"54","inward_invoice_id":"V3","inward_item_id":"3","auction_id":"16","lot_no":"3","lot_set":"2","auction_quantity":"1","sample_quantity":"0","auction_each_net":"9","base_price":"100","reverse_price":"200","high_price":"0","valuation_price":"300","last_sold_price":null,"status":"1","is_sold":"0","min_bid_added":"0","is_withdrawn":"0","created_at":"2024-09-30 17:16:36","updated_at":"2024-09-30 17:17:01","created_by":"3","updated_by":"3"}], 2024-09-30 05:31:41
ERROR - 2024-09-30 17:31:41 --> Error code L001. auctionItemId:54, 2024-09-30 05:31:41
ERROR - 2024-09-30 17:31:41 --> Error code L002. auctionItemId:54, 2024-09-30 05:31:41
ERROR - 2024-09-30 17:31:41 --> Error code L003. auctionItemId:54, 2024-09-30 05:31:41
