ERROR - 2024-03-21 08:54:50 --> mysqli_sql_exception: You have an error in your SQL syntax; check the manual that corresponds to your MariaDB server version for the right syntax to use near 'AS `tot_qty`) AS `qty AS tot_qty`
FROM `stock`
WHERE `inward_item_id` = '4'' at line 1 in F:\xampp\htdocs\oams_staging\api\system\Database\MySQLi\Connection.php:306
Stack trace:
#0 F:\xampp\htdocs\oams_staging\api\system\Database\MySQLi\Connection.php(306): mysqli->query('SELECT SUM(`qty...', 0)
#1 F:\xampp\htdocs\oams_staging\api\system\Database\BaseConnection.php(693): CodeIgniter\Database\MySQLi\Connection->execute('SELECT SUM(`qty...')
#2 F:\xampp\htdocs\oams_staging\api\system\Database\BaseConnection.php(607): CodeIgniter\Database\BaseConnection->simpleQuery('SELECT SUM(`qty...')
#3 F:\xampp\htdocs\oams_staging\api\system\Database\BaseBuilder.php(1616): CodeIgniter\Database\BaseConnection->query('SELECT SUM(`qty...', Array, false)
#4 F:\xampp\htdocs\oams_staging\api\system\Model.php(872): CodeIgniter\Database\BaseBuilder->get()
#5 F:\xampp\htdocs\oams_staging\api\app\Controllers\Inwardreturn.php(81): CodeIgniter\Model->__call('get', Array)
#6 F:\xampp\htdocs\oams_staging\api\system\CodeIgniter.php(941): App\Controllers\Inwardreturn->create()
#7 F:\xampp\htdocs\oams_staging\api\system\CodeIgniter.php(502): CodeIgniter\CodeIgniter->runController(Object(App\Controllers\Inwardreturn))
#8 F:\xampp\htdocs\oams_staging\api\system\CodeIgniter.php(361): CodeIgniter\CodeIgniter->handleRequest(NULL, Object(Config\Cache), false)
#9 F:\xampp\htdocs\oams_staging\api\public\index.php(79): CodeIgniter\CodeIgniter->run()
#10 {main}
CRITICAL - 2024-03-21 08:54:50 --> CodeIgniter\Database\Exceptions\DatabaseException: You have an error in your SQL syntax; check the manual that corresponds to your MariaDB server version for the right syntax to use near 'AS `tot_qty`) AS `qty AS tot_qty`
FROM `stock`
WHERE `inward_item_id` = '4'' at line 1
in SYSTEMPATH\Database\BaseConnection.php on line 647.
 1 SYSTEMPATH\Database\BaseBuilder.php(1616): CodeIgniter\Database\BaseConnection->query('SELECT SUM(`qty` AS `tot_qty`) AS `qty AS tot_qty`
FROM `stock`
WHERE `inward_item_id` = :inward_item_id:', [...], false)
 2 SYSTEMPATH\Model.php(872): CodeIgniter\Database\BaseBuilder->get()
 3 APPPATH\Controllers\Inwardreturn.php(81): CodeIgniter\Model->__call('get', [])
 4 SYSTEMPATH\CodeIgniter.php(941): App\Controllers\Inwardreturn->create()
 5 SYSTEMPATH\CodeIgniter.php(502): CodeIgniter\CodeIgniter->runController(Object(App\Controllers\Inwardreturn))
 6 SYSTEMPATH\CodeIgniter.php(361): CodeIgniter\CodeIgniter->handleRequest(null, Object(Config\Cache), false)
 7 FCPATH\index.php(79): CodeIgniter\CodeIgniter->run()
CRITICAL - 2024-03-21 08:54:50 --> [Caused by] CodeIgniter\Database\Exceptions\DatabaseException: You have an error in your SQL syntax; check the manual that corresponds to your MariaDB server version for the right syntax to use near 'AS `tot_qty`) AS `qty AS tot_qty`
FROM `stock`
WHERE `inward_item_id` = '4'' at line 1
in SYSTEMPATH\Database\MySQLi\Connection.php on line 311.
 1 SYSTEMPATH\Database\BaseConnection.php(693): CodeIgniter\Database\MySQLi\Connection->execute('SELECT SUM(`qty` AS `tot_qty`) AS `qty AS tot_qty`
FROM `stock`
WHERE `inward_item_id` = \'4\'')
 2 SYSTEMPATH\Database\BaseConnection.php(607): CodeIgniter\Database\BaseConnection->simpleQuery('SELECT SUM(`qty` AS `tot_qty`) AS `qty AS tot_qty`
FROM `stock`
WHERE `inward_item_id` = \'4\'')
 3 SYSTEMPATH\Database\BaseBuilder.php(1616): CodeIgniter\Database\BaseConnection->query('SELECT SUM(`qty` AS `tot_qty`) AS `qty AS tot_qty`
FROM `stock`
WHERE `inward_item_id` = :inward_item_id:', [...], false)
 4 SYSTEMPATH\Model.php(872): CodeIgniter\Database\BaseBuilder->get()
 5 APPPATH\Controllers\Inwardreturn.php(81): CodeIgniter\Model->__call('get', [])
 6 SYSTEMPATH\CodeIgniter.php(941): App\Controllers\Inwardreturn->create()
 7 SYSTEMPATH\CodeIgniter.php(502): CodeIgniter\CodeIgniter->runController(Object(App\Controllers\Inwardreturn))
 8 SYSTEMPATH\CodeIgniter.php(361): CodeIgniter\CodeIgniter->handleRequest(null, Object(Config\Cache), false)
 9 FCPATH\index.php(79): CodeIgniter\CodeIgniter->run()
CRITICAL - 2024-03-21 08:54:50 --> [Caused by] mysqli_sql_exception: You have an error in your SQL syntax; check the manual that corresponds to your MariaDB server version for the right syntax to use near 'AS `tot_qty`) AS `qty AS tot_qty`
FROM `stock`
WHERE `inward_item_id` = '4'' at line 1
in SYSTEMPATH\Database\MySQLi\Connection.php on line 306.
 1 SYSTEMPATH\Database\MySQLi\Connection.php(306): mysqli->query('SELECT SUM(`qty` AS `tot_qty`) AS `qty AS tot_qty`
FROM `stock`
WHERE `inward_item_id` = \'4\'', 0)
 2 SYSTEMPATH\Database\BaseConnection.php(693): CodeIgniter\Database\MySQLi\Connection->execute('SELECT SUM(`qty` AS `tot_qty`) AS `qty AS tot_qty`
FROM `stock`
WHERE `inward_item_id` = \'4\'')
 3 SYSTEMPATH\Database\BaseConnection.php(607): CodeIgniter\Database\BaseConnection->simpleQuery('SELECT SUM(`qty` AS `tot_qty`) AS `qty AS tot_qty`
FROM `stock`
WHERE `inward_item_id` = \'4\'')
 4 SYSTEMPATH\Database\BaseBuilder.php(1616): CodeIgniter\Database\BaseConnection->query('SELECT SUM(`qty` AS `tot_qty`) AS `qty AS tot_qty`
FROM `stock`
WHERE `inward_item_id` = :inward_item_id:', [...], false)
 5 SYSTEMPATH\Model.php(872): CodeIgniter\Database\BaseBuilder->get()
 6 APPPATH\Controllers\Inwardreturn.php(81): CodeIgniter\Model->__call('get', [])
 7 SYSTEMPATH\CodeIgniter.php(941): App\Controllers\Inwardreturn->create()
 8 SYSTEMPATH\CodeIgniter.php(502): CodeIgniter\CodeIgniter->runController(Object(App\Controllers\Inwardreturn))
 9 SYSTEMPATH\CodeIgniter.php(361): CodeIgniter\CodeIgniter->handleRequest(null, Object(Config\Cache), false)
10 FCPATH\index.php(79): CodeIgniter\CodeIgniter->run()
ERROR - 2024-03-21 08:55:19 --> mysqli_sql_exception: You have an error in your SQL syntax; check the manual that corresponds to your MariaDB server version for the right syntax to use near 'AS `tot_qty`) AS `qty AS tot_qty`
FROM `stock`
WHERE `inward_item_id` = '4'' at line 1 in F:\xampp\htdocs\oams_staging\api\system\Database\MySQLi\Connection.php:306
Stack trace:
#0 F:\xampp\htdocs\oams_staging\api\system\Database\MySQLi\Connection.php(306): mysqli->query('SELECT SUM(`qty...', 0)
#1 F:\xampp\htdocs\oams_staging\api\system\Database\BaseConnection.php(693): CodeIgniter\Database\MySQLi\Connection->execute('SELECT SUM(`qty...')
#2 F:\xampp\htdocs\oams_staging\api\system\Database\BaseConnection.php(607): CodeIgniter\Database\BaseConnection->simpleQuery('SELECT SUM(`qty...')
#3 F:\xampp\htdocs\oams_staging\api\system\Database\BaseBuilder.php(1616): CodeIgniter\Database\BaseConnection->query('SELECT SUM(`qty...', Array, false)
#4 F:\xampp\htdocs\oams_staging\api\system\Model.php(872): CodeIgniter\Database\BaseBuilder->get()
#5 F:\xampp\htdocs\oams_staging\api\app\Controllers\Inwardreturn.php(81): CodeIgniter\Model->__call('get', Array)
#6 F:\xampp\htdocs\oams_staging\api\system\CodeIgniter.php(941): App\Controllers\Inwardreturn->create()
#7 F:\xampp\htdocs\oams_staging\api\system\CodeIgniter.php(502): CodeIgniter\CodeIgniter->runController(Object(App\Controllers\Inwardreturn))
#8 F:\xampp\htdocs\oams_staging\api\system\CodeIgniter.php(361): CodeIgniter\CodeIgniter->handleRequest(NULL, Object(Config\Cache), false)
#9 F:\xampp\htdocs\oams_staging\api\public\index.php(79): CodeIgniter\CodeIgniter->run()
#10 {main}
CRITICAL - 2024-03-21 08:55:19 --> CodeIgniter\Database\Exceptions\DatabaseException: You have an error in your SQL syntax; check the manual that corresponds to your MariaDB server version for the right syntax to use near 'AS `tot_qty`) AS `qty AS tot_qty`
FROM `stock`
WHERE `inward_item_id` = '4'' at line 1
in SYSTEMPATH\Database\BaseConnection.php on line 647.
 1 SYSTEMPATH\Database\BaseBuilder.php(1616): CodeIgniter\Database\BaseConnection->query('SELECT SUM(`qty` AS `tot_qty`) AS `qty AS tot_qty`
FROM `stock`
WHERE `inward_item_id` = :inward_item_id:', [...], false)
 2 SYSTEMPATH\Model.php(872): CodeIgniter\Database\BaseBuilder->get()
 3 APPPATH\Controllers\Inwardreturn.php(81): CodeIgniter\Model->__call('get', [])
 4 SYSTEMPATH\CodeIgniter.php(941): App\Controllers\Inwardreturn->create()
 5 SYSTEMPATH\CodeIgniter.php(502): CodeIgniter\CodeIgniter->runController(Object(App\Controllers\Inwardreturn))
 6 SYSTEMPATH\CodeIgniter.php(361): CodeIgniter\CodeIgniter->handleRequest(null, Object(Config\Cache), false)
 7 FCPATH\index.php(79): CodeIgniter\CodeIgniter->run()
CRITICAL - 2024-03-21 08:55:19 --> [Caused by] CodeIgniter\Database\Exceptions\DatabaseException: You have an error in your SQL syntax; check the manual that corresponds to your MariaDB server version for the right syntax to use near 'AS `tot_qty`) AS `qty AS tot_qty`
FROM `stock`
WHERE `inward_item_id` = '4'' at line 1
in SYSTEMPATH\Database\MySQLi\Connection.php on line 311.
 1 SYSTEMPATH\Database\BaseConnection.php(693): CodeIgniter\Database\MySQLi\Connection->execute('SELECT SUM(`qty` AS `tot_qty`) AS `qty AS tot_qty`
FROM `stock`
WHERE `inward_item_id` = \'4\'')
 2 SYSTEMPATH\Database\BaseConnection.php(607): CodeIgniter\Database\BaseConnection->simpleQuery('SELECT SUM(`qty` AS `tot_qty`) AS `qty AS tot_qty`
FROM `stock`
WHERE `inward_item_id` = \'4\'')
 3 SYSTEMPATH\Database\BaseBuilder.php(1616): CodeIgniter\Database\BaseConnection->query('SELECT SUM(`qty` AS `tot_qty`) AS `qty AS tot_qty`
FROM `stock`
WHERE `inward_item_id` = :inward_item_id:', [...], false)
 4 SYSTEMPATH\Model.php(872): CodeIgniter\Database\BaseBuilder->get()
 5 APPPATH\Controllers\Inwardreturn.php(81): CodeIgniter\Model->__call('get', [])
 6 SYSTEMPATH\CodeIgniter.php(941): App\Controllers\Inwardreturn->create()
 7 SYSTEMPATH\CodeIgniter.php(502): CodeIgniter\CodeIgniter->runController(Object(App\Controllers\Inwardreturn))
 8 SYSTEMPATH\CodeIgniter.php(361): CodeIgniter\CodeIgniter->handleRequest(null, Object(Config\Cache), false)
 9 FCPATH\index.php(79): CodeIgniter\CodeIgniter->run()
CRITICAL - 2024-03-21 08:55:19 --> [Caused by] mysqli_sql_exception: You have an error in your SQL syntax; check the manual that corresponds to your MariaDB server version for the right syntax to use near 'AS `tot_qty`) AS `qty AS tot_qty`
FROM `stock`
WHERE `inward_item_id` = '4'' at line 1
in SYSTEMPATH\Database\MySQLi\Connection.php on line 306.
 1 SYSTEMPATH\Database\MySQLi\Connection.php(306): mysqli->query('SELECT SUM(`qty` AS `tot_qty`) AS `qty AS tot_qty`
FROM `stock`
WHERE `inward_item_id` = \'4\'', 0)
 2 SYSTEMPATH\Database\BaseConnection.php(693): CodeIgniter\Database\MySQLi\Connection->execute('SELECT SUM(`qty` AS `tot_qty`) AS `qty AS tot_qty`
FROM `stock`
WHERE `inward_item_id` = \'4\'')
 3 SYSTEMPATH\Database\BaseConnection.php(607): CodeIgniter\Database\BaseConnection->simpleQuery('SELECT SUM(`qty` AS `tot_qty`) AS `qty AS tot_qty`
FROM `stock`
WHERE `inward_item_id` = \'4\'')
 4 SYSTEMPATH\Database\BaseBuilder.php(1616): CodeIgniter\Database\BaseConnection->query('SELECT SUM(`qty` AS `tot_qty`) AS `qty AS tot_qty`
FROM `stock`
WHERE `inward_item_id` = :inward_item_id:', [...], false)
 5 SYSTEMPATH\Model.php(872): CodeIgniter\Database\BaseBuilder->get()
 6 APPPATH\Controllers\Inwardreturn.php(81): CodeIgniter\Model->__call('get', [])
 7 SYSTEMPATH\CodeIgniter.php(941): App\Controllers\Inwardreturn->create()
 8 SYSTEMPATH\CodeIgniter.php(502): CodeIgniter\CodeIgniter->runController(Object(App\Controllers\Inwardreturn))
 9 SYSTEMPATH\CodeIgniter.php(361): CodeIgniter\CodeIgniter->handleRequest(null, Object(Config\Cache), false)
10 FCPATH\index.php(79): CodeIgniter\CodeIgniter->run()
CRITICAL - 2024-03-21 08:56:24 --> Error: Cannot use object of type CodeIgniter\Database\MySQLi\Result as array
in APPPATH\Controllers\Inwardreturn.php on line 83.
 1 SYSTEMPATH\CodeIgniter.php(941): App\Controllers\Inwardreturn->create()
 2 SYSTEMPATH\CodeIgniter.php(502): CodeIgniter\CodeIgniter->runController(Object(App\Controllers\Inwardreturn))
 3 SYSTEMPATH\CodeIgniter.php(361): CodeIgniter\CodeIgniter->handleRequest(null, Object(Config\Cache), false)
 4 FCPATH\index.php(79): CodeIgniter\CodeIgniter->run()
ERROR - 2024-03-21 09:03:16 --> mysqli_sql_exception: Unknown column 'inward_items.id' in 'on clause' in F:\xampp\htdocs\oams_staging\api\system\Database\MySQLi\Connection.php:306
Stack trace:
#0 F:\xampp\htdocs\oams_staging\api\system\Database\MySQLi\Connection.php(306): mysqli->query('SELECT `inward`...', 0)
#1 F:\xampp\htdocs\oams_staging\api\system\Database\BaseConnection.php(693): CodeIgniter\Database\MySQLi\Connection->execute('SELECT `inward`...')
#2 F:\xampp\htdocs\oams_staging\api\system\Database\BaseConnection.php(607): CodeIgniter\Database\BaseConnection->simpleQuery('SELECT `inward`...')
#3 F:\xampp\htdocs\oams_staging\api\system\Database\BaseBuilder.php(1616): CodeIgniter\Database\BaseConnection->query('SELECT `inward`...', Array, false)
#4 F:\xampp\htdocs\oams_staging\api\system\Model.php(242): CodeIgniter\Database\BaseBuilder->get()
#5 F:\xampp\htdocs\oams_staging\api\system\BaseModel.php(638): CodeIgniter\Model->doFindAll(0, 0)
#6 F:\xampp\htdocs\oams_staging\api\app\Controllers\Inward.php(39): CodeIgniter\BaseModel->findAll()
#7 F:\xampp\htdocs\oams_staging\api\system\CodeIgniter.php(941): App\Controllers\Inward->index()
#8 F:\xampp\htdocs\oams_staging\api\system\CodeIgniter.php(502): CodeIgniter\CodeIgniter->runController(Object(App\Controllers\Inward))
#9 F:\xampp\htdocs\oams_staging\api\system\CodeIgniter.php(361): CodeIgniter\CodeIgniter->handleRequest(NULL, Object(Config\Cache), false)
#10 F:\xampp\htdocs\oams_staging\api\public\index.php(79): CodeIgniter\CodeIgniter->run()
#11 {main}
CRITICAL - 2024-03-21 09:03:16 --> CodeIgniter\Database\Exceptions\DatabaseException: Unknown column 'inward_items.id' in 'on clause'
in SYSTEMPATH\Database\BaseConnection.php on line 647.
 1 SYSTEMPATH\Database\BaseBuilder.php(1616): CodeIgniter\Database\BaseConnection->query('SELECT `inward`.*, `center`.`name` AS `center_name`, `seller`.`name` AS `seller_name`, `garden`.`name` AS `garden_name`, `warehouse`.`name` AS `warehouse_name`, `stock`.`qty` AS `stock`
FROM `inward`
LEFT JOIN `center` ON `center`.`id` = `inward`.`center_id`
LEFT JOIN `stock` ON `inward_items`.`id` = `stock`.`id`
LEFT JOIN `seller` ON `seller`.`id` = `inward`.`seller_id`
LEFT JOIN `garden` ON `garden`.`id` = `inward`.`garden_id`
LEFT JOIN `warehouse` ON `warehouse`.`id` = `inward`.`warehouse_id`
WHERE `inward`.`status` = :inward.status:', [...], false)
 2 SYSTEMPATH\Model.php(242): CodeIgniter\Database\BaseBuilder->get()
 3 SYSTEMPATH\BaseModel.php(638): CodeIgniter\Model->doFindAll(0, 0)
 4 APPPATH\Controllers\Inward.php(39): CodeIgniter\BaseModel->findAll()
 5 SYSTEMPATH\CodeIgniter.php(941): App\Controllers\Inward->index()
 6 SYSTEMPATH\CodeIgniter.php(502): CodeIgniter\CodeIgniter->runController(Object(App\Controllers\Inward))
 7 SYSTEMPATH\CodeIgniter.php(361): CodeIgniter\CodeIgniter->handleRequest(null, Object(Config\Cache), false)
 8 FCPATH\index.php(79): CodeIgniter\CodeIgniter->run()
CRITICAL - 2024-03-21 09:03:16 --> [Caused by] CodeIgniter\Database\Exceptions\DatabaseException: Unknown column 'inward_items.id' in 'on clause'
in SYSTEMPATH\Database\MySQLi\Connection.php on line 311.
 1 SYSTEMPATH\Database\BaseConnection.php(693): CodeIgniter\Database\MySQLi\Connection->execute('SELECT `inward`.*, `center`.`name` AS `center_name`, `seller`.`name` AS `seller_name`, `garden`.`name` AS `garden_name`, `warehouse`.`name` AS `warehouse_name`, `stock`.`qty` AS `stock`
FROM `inward`
LEFT JOIN `center` ON `center`.`id` = `inward`.`center_id`
LEFT JOIN `stock` ON `inward_items`.`id` = `stock`.`id`
LEFT JOIN `seller` ON `seller`.`id` = `inward`.`seller_id`
LEFT JOIN `garden` ON `garden`.`id` = `inward`.`garden_id`
LEFT JOIN `warehouse` ON `warehouse`.`id` = `inward`.`warehouse_id`
WHERE `inward`.`status` = 1')
 2 SYSTEMPATH\Database\BaseConnection.php(607): CodeIgniter\Database\BaseConnection->simpleQuery('SELECT `inward`.*, `center`.`name` AS `center_name`, `seller`.`name` AS `seller_name`, `garden`.`name` AS `garden_name`, `warehouse`.`name` AS `warehouse_name`, `stock`.`qty` AS `stock`
FROM `inward`
LEFT JOIN `center` ON `center`.`id` = `inward`.`center_id`
LEFT JOIN `stock` ON `inward_items`.`id` = `stock`.`id`
LEFT JOIN `seller` ON `seller`.`id` = `inward`.`seller_id`
LEFT JOIN `garden` ON `garden`.`id` = `inward`.`garden_id`
LEFT JOIN `warehouse` ON `warehouse`.`id` = `inward`.`warehouse_id`
WHERE `inward`.`status` = 1')
 3 SYSTEMPATH\Database\BaseBuilder.php(1616): CodeIgniter\Database\BaseConnection->query('SELECT `inward`.*, `center`.`name` AS `center_name`, `seller`.`name` AS `seller_name`, `garden`.`name` AS `garden_name`, `warehouse`.`name` AS `warehouse_name`, `stock`.`qty` AS `stock`
FROM `inward`
LEFT JOIN `center` ON `center`.`id` = `inward`.`center_id`
LEFT JOIN `stock` ON `inward_items`.`id` = `stock`.`id`
LEFT JOIN `seller` ON `seller`.`id` = `inward`.`seller_id`
LEFT JOIN `garden` ON `garden`.`id` = `inward`.`garden_id`
LEFT JOIN `warehouse` ON `warehouse`.`id` = `inward`.`warehouse_id`
WHERE `inward`.`status` = :inward.status:', [...], false)
 4 SYSTEMPATH\Model.php(242): CodeIgniter\Database\BaseBuilder->get()
 5 SYSTEMPATH\BaseModel.php(638): CodeIgniter\Model->doFindAll(0, 0)
 6 APPPATH\Controllers\Inward.php(39): CodeIgniter\BaseModel->findAll()
 7 SYSTEMPATH\CodeIgniter.php(941): App\Controllers\Inward->index()
 8 SYSTEMPATH\CodeIgniter.php(502): CodeIgniter\CodeIgniter->runController(Object(App\Controllers\Inward))
 9 SYSTEMPATH\CodeIgniter.php(361): CodeIgniter\CodeIgniter->handleRequest(null, Object(Config\Cache), false)
10 FCPATH\index.php(79): CodeIgniter\CodeIgniter->run()
CRITICAL - 2024-03-21 09:03:16 --> [Caused by] mysqli_sql_exception: Unknown column 'inward_items.id' in 'on clause'
in SYSTEMPATH\Database\MySQLi\Connection.php on line 306.
 1 SYSTEMPATH\Database\MySQLi\Connection.php(306): mysqli->query('SELECT `inward`.*, `center`.`name` AS `center_name`, `seller`.`name` AS `seller_name`, `garden`.`name` AS `garden_name`, `warehouse`.`name` AS `warehouse_name`, `stock`.`qty` AS `stock`
FROM `inward`
LEFT JOIN `center` ON `center`.`id` = `inward`.`center_id`
LEFT JOIN `stock` ON `inward_items`.`id` = `stock`.`id`
LEFT JOIN `seller` ON `seller`.`id` = `inward`.`seller_id`
LEFT JOIN `garden` ON `garden`.`id` = `inward`.`garden_id`
LEFT JOIN `warehouse` ON `warehouse`.`id` = `inward`.`warehouse_id`
WHERE `inward`.`status` = 1', 0)
 2 SYSTEMPATH\Database\BaseConnection.php(693): CodeIgniter\Database\MySQLi\Connection->execute('SELECT `inward`.*, `center`.`name` AS `center_name`, `seller`.`name` AS `seller_name`, `garden`.`name` AS `garden_name`, `warehouse`.`name` AS `warehouse_name`, `stock`.`qty` AS `stock`
FROM `inward`
LEFT JOIN `center` ON `center`.`id` = `inward`.`center_id`
LEFT JOIN `stock` ON `inward_items`.`id` = `stock`.`id`
LEFT JOIN `seller` ON `seller`.`id` = `inward`.`seller_id`
LEFT JOIN `garden` ON `garden`.`id` = `inward`.`garden_id`
LEFT JOIN `warehouse` ON `warehouse`.`id` = `inward`.`warehouse_id`
WHERE `inward`.`status` = 1')
 3 SYSTEMPATH\Database\BaseConnection.php(607): CodeIgniter\Database\BaseConnection->simpleQuery('SELECT `inward`.*, `center`.`name` AS `center_name`, `seller`.`name` AS `seller_name`, `garden`.`name` AS `garden_name`, `warehouse`.`name` AS `warehouse_name`, `stock`.`qty` AS `stock`
FROM `inward`
LEFT JOIN `center` ON `center`.`id` = `inward`.`center_id`
LEFT JOIN `stock` ON `inward_items`.`id` = `stock`.`id`
LEFT JOIN `seller` ON `seller`.`id` = `inward`.`seller_id`
LEFT JOIN `garden` ON `garden`.`id` = `inward`.`garden_id`
LEFT JOIN `warehouse` ON `warehouse`.`id` = `inward`.`warehouse_id`
WHERE `inward`.`status` = 1')
 4 SYSTEMPATH\Database\BaseBuilder.php(1616): CodeIgniter\Database\BaseConnection->query('SELECT `inward`.*, `center`.`name` AS `center_name`, `seller`.`name` AS `seller_name`, `garden`.`name` AS `garden_name`, `warehouse`.`name` AS `warehouse_name`, `stock`.`qty` AS `stock`
FROM `inward`
LEFT JOIN `center` ON `center`.`id` = `inward`.`center_id`
LEFT JOIN `stock` ON `inward_items`.`id` = `stock`.`id`
LEFT JOIN `seller` ON `seller`.`id` = `inward`.`seller_id`
LEFT JOIN `garden` ON `garden`.`id` = `inward`.`garden_id`
LEFT JOIN `warehouse` ON `warehouse`.`id` = `inward`.`warehouse_id`
WHERE `inward`.`status` = :inward.status:', [...], false)
 5 SYSTEMPATH\Model.php(242): CodeIgniter\Database\BaseBuilder->get()
 6 SYSTEMPATH\BaseModel.php(638): CodeIgniter\Model->doFindAll(0, 0)
 7 APPPATH\Controllers\Inward.php(39): CodeIgniter\BaseModel->findAll()
 8 SYSTEMPATH\CodeIgniter.php(941): App\Controllers\Inward->index()
 9 SYSTEMPATH\CodeIgniter.php(502): CodeIgniter\CodeIgniter->runController(Object(App\Controllers\Inward))
10 SYSTEMPATH\CodeIgniter.php(361): CodeIgniter\CodeIgniter->handleRequest(null, Object(Config\Cache), false)
11 FCPATH\index.php(79): CodeIgniter\CodeIgniter->run()
ERROR - 2024-03-21 09:03:24 --> mysqli_sql_exception: Unknown column 'stock.qty' in 'field list' in F:\xampp\htdocs\oams_staging\api\system\Database\MySQLi\Connection.php:306
Stack trace:
#0 F:\xampp\htdocs\oams_staging\api\system\Database\MySQLi\Connection.php(306): mysqli->query('SELECT `inward`...', 0)
#1 F:\xampp\htdocs\oams_staging\api\system\Database\BaseConnection.php(693): CodeIgniter\Database\MySQLi\Connection->execute('SELECT `inward`...')
#2 F:\xampp\htdocs\oams_staging\api\system\Database\BaseConnection.php(607): CodeIgniter\Database\BaseConnection->simpleQuery('SELECT `inward`...')
#3 F:\xampp\htdocs\oams_staging\api\system\Database\BaseBuilder.php(1616): CodeIgniter\Database\BaseConnection->query('SELECT `inward`...', Array, false)
#4 F:\xampp\htdocs\oams_staging\api\system\Model.php(242): CodeIgniter\Database\BaseBuilder->get()
#5 F:\xampp\htdocs\oams_staging\api\system\BaseModel.php(638): CodeIgniter\Model->doFindAll(0, 0)
#6 F:\xampp\htdocs\oams_staging\api\app\Controllers\Inward.php(38): CodeIgniter\BaseModel->findAll()
#7 F:\xampp\htdocs\oams_staging\api\system\CodeIgniter.php(941): App\Controllers\Inward->index()
#8 F:\xampp\htdocs\oams_staging\api\system\CodeIgniter.php(502): CodeIgniter\CodeIgniter->runController(Object(App\Controllers\Inward))
#9 F:\xampp\htdocs\oams_staging\api\system\CodeIgniter.php(361): CodeIgniter\CodeIgniter->handleRequest(NULL, Object(Config\Cache), false)
#10 F:\xampp\htdocs\oams_staging\api\public\index.php(79): CodeIgniter\CodeIgniter->run()
#11 {main}
CRITICAL - 2024-03-21 09:03:24 --> CodeIgniter\Database\Exceptions\DatabaseException: Unknown column 'stock.qty' in 'field list'
in SYSTEMPATH\Database\BaseConnection.php on line 647.
 1 SYSTEMPATH\Database\BaseBuilder.php(1616): CodeIgniter\Database\BaseConnection->query('SELECT `inward`.*, `center`.`name` AS `center_name`, `seller`.`name` AS `seller_name`, `garden`.`name` AS `garden_name`, `warehouse`.`name` AS `warehouse_name`, `stock`.`qty` AS `stock`
FROM `inward`
LEFT JOIN `center` ON `center`.`id` = `inward`.`center_id`
LEFT JOIN `seller` ON `seller`.`id` = `inward`.`seller_id`
LEFT JOIN `garden` ON `garden`.`id` = `inward`.`garden_id`
LEFT JOIN `warehouse` ON `warehouse`.`id` = `inward`.`warehouse_id`
WHERE `inward`.`status` = :inward.status:', [...], false)
 2 SYSTEMPATH\Model.php(242): CodeIgniter\Database\BaseBuilder->get()
 3 SYSTEMPATH\BaseModel.php(638): CodeIgniter\Model->doFindAll(0, 0)
 4 APPPATH\Controllers\Inward.php(38): CodeIgniter\BaseModel->findAll()
 5 SYSTEMPATH\CodeIgniter.php(941): App\Controllers\Inward->index()
 6 SYSTEMPATH\CodeIgniter.php(502): CodeIgniter\CodeIgniter->runController(Object(App\Controllers\Inward))
 7 SYSTEMPATH\CodeIgniter.php(361): CodeIgniter\CodeIgniter->handleRequest(null, Object(Config\Cache), false)
 8 FCPATH\index.php(79): CodeIgniter\CodeIgniter->run()
CRITICAL - 2024-03-21 09:03:24 --> [Caused by] CodeIgniter\Database\Exceptions\DatabaseException: Unknown column 'stock.qty' in 'field list'
in SYSTEMPATH\Database\MySQLi\Connection.php on line 311.
 1 SYSTEMPATH\Database\BaseConnection.php(693): CodeIgniter\Database\MySQLi\Connection->execute('SELECT `inward`.*, `center`.`name` AS `center_name`, `seller`.`name` AS `seller_name`, `garden`.`name` AS `garden_name`, `warehouse`.`name` AS `warehouse_name`, `stock`.`qty` AS `stock`
FROM `inward`
LEFT JOIN `center` ON `center`.`id` = `inward`.`center_id`
LEFT JOIN `seller` ON `seller`.`id` = `inward`.`seller_id`
LEFT JOIN `garden` ON `garden`.`id` = `inward`.`garden_id`
LEFT JOIN `warehouse` ON `warehouse`.`id` = `inward`.`warehouse_id`
WHERE `inward`.`status` = 1')
 2 SYSTEMPATH\Database\BaseConnection.php(607): CodeIgniter\Database\BaseConnection->simpleQuery('SELECT `inward`.*, `center`.`name` AS `center_name`, `seller`.`name` AS `seller_name`, `garden`.`name` AS `garden_name`, `warehouse`.`name` AS `warehouse_name`, `stock`.`qty` AS `stock`
FROM `inward`
LEFT JOIN `center` ON `center`.`id` = `inward`.`center_id`
LEFT JOIN `seller` ON `seller`.`id` = `inward`.`seller_id`
LEFT JOIN `garden` ON `garden`.`id` = `inward`.`garden_id`
LEFT JOIN `warehouse` ON `warehouse`.`id` = `inward`.`warehouse_id`
WHERE `inward`.`status` = 1')
 3 SYSTEMPATH\Database\BaseBuilder.php(1616): CodeIgniter\Database\BaseConnection->query('SELECT `inward`.*, `center`.`name` AS `center_name`, `seller`.`name` AS `seller_name`, `garden`.`name` AS `garden_name`, `warehouse`.`name` AS `warehouse_name`, `stock`.`qty` AS `stock`
FROM `inward`
LEFT JOIN `center` ON `center`.`id` = `inward`.`center_id`
LEFT JOIN `seller` ON `seller`.`id` = `inward`.`seller_id`
LEFT JOIN `garden` ON `garden`.`id` = `inward`.`garden_id`
LEFT JOIN `warehouse` ON `warehouse`.`id` = `inward`.`warehouse_id`
WHERE `inward`.`status` = :inward.status:', [...], false)
 4 SYSTEMPATH\Model.php(242): CodeIgniter\Database\BaseBuilder->get()
 5 SYSTEMPATH\BaseModel.php(638): CodeIgniter\Model->doFindAll(0, 0)
 6 APPPATH\Controllers\Inward.php(38): CodeIgniter\BaseModel->findAll()
 7 SYSTEMPATH\CodeIgniter.php(941): App\Controllers\Inward->index()
 8 SYSTEMPATH\CodeIgniter.php(502): CodeIgniter\CodeIgniter->runController(Object(App\Controllers\Inward))
 9 SYSTEMPATH\CodeIgniter.php(361): CodeIgniter\CodeIgniter->handleRequest(null, Object(Config\Cache), false)
10 FCPATH\index.php(79): CodeIgniter\CodeIgniter->run()
CRITICAL - 2024-03-21 09:03:24 --> [Caused by] mysqli_sql_exception: Unknown column 'stock.qty' in 'field list'
in SYSTEMPATH\Database\MySQLi\Connection.php on line 306.
 1 SYSTEMPATH\Database\MySQLi\Connection.php(306): mysqli->query('SELECT `inward`.*, `center`.`name` AS `center_name`, `seller`.`name` AS `seller_name`, `garden`.`name` AS `garden_name`, `warehouse`.`name` AS `warehouse_name`, `stock`.`qty` AS `stock`
FROM `inward`
LEFT JOIN `center` ON `center`.`id` = `inward`.`center_id`
LEFT JOIN `seller` ON `seller`.`id` = `inward`.`seller_id`
LEFT JOIN `garden` ON `garden`.`id` = `inward`.`garden_id`
LEFT JOIN `warehouse` ON `warehouse`.`id` = `inward`.`warehouse_id`
WHERE `inward`.`status` = 1', 0)
 2 SYSTEMPATH\Database\BaseConnection.php(693): CodeIgniter\Database\MySQLi\Connection->execute('SELECT `inward`.*, `center`.`name` AS `center_name`, `seller`.`name` AS `seller_name`, `garden`.`name` AS `garden_name`, `warehouse`.`name` AS `warehouse_name`, `stock`.`qty` AS `stock`
FROM `inward`
LEFT JOIN `center` ON `center`.`id` = `inward`.`center_id`
LEFT JOIN `seller` ON `seller`.`id` = `inward`.`seller_id`
LEFT JOIN `garden` ON `garden`.`id` = `inward`.`garden_id`
LEFT JOIN `warehouse` ON `warehouse`.`id` = `inward`.`warehouse_id`
WHERE `inward`.`status` = 1')
 3 SYSTEMPATH\Database\BaseConnection.php(607): CodeIgniter\Database\BaseConnection->simpleQuery('SELECT `inward`.*, `center`.`name` AS `center_name`, `seller`.`name` AS `seller_name`, `garden`.`name` AS `garden_name`, `warehouse`.`name` AS `warehouse_name`, `stock`.`qty` AS `stock`
FROM `inward`
LEFT JOIN `center` ON `center`.`id` = `inward`.`center_id`
LEFT JOIN `seller` ON `seller`.`id` = `inward`.`seller_id`
LEFT JOIN `garden` ON `garden`.`id` = `inward`.`garden_id`
LEFT JOIN `warehouse` ON `warehouse`.`id` = `inward`.`warehouse_id`
WHERE `inward`.`status` = 1')
 4 SYSTEMPATH\Database\BaseBuilder.php(1616): CodeIgniter\Database\BaseConnection->query('SELECT `inward`.*, `center`.`name` AS `center_name`, `seller`.`name` AS `seller_name`, `garden`.`name` AS `garden_name`, `warehouse`.`name` AS `warehouse_name`, `stock`.`qty` AS `stock`
FROM `inward`
LEFT JOIN `center` ON `center`.`id` = `inward`.`center_id`
LEFT JOIN `seller` ON `seller`.`id` = `inward`.`seller_id`
LEFT JOIN `garden` ON `garden`.`id` = `inward`.`garden_id`
LEFT JOIN `warehouse` ON `warehouse`.`id` = `inward`.`warehouse_id`
WHERE `inward`.`status` = :inward.status:', [...], false)
 5 SYSTEMPATH\Model.php(242): CodeIgniter\Database\BaseBuilder->get()
 6 SYSTEMPATH\BaseModel.php(638): CodeIgniter\Model->doFindAll(0, 0)
 7 APPPATH\Controllers\Inward.php(38): CodeIgniter\BaseModel->findAll()
 8 SYSTEMPATH\CodeIgniter.php(941): App\Controllers\Inward->index()
 9 SYSTEMPATH\CodeIgniter.php(502): CodeIgniter\CodeIgniter->runController(Object(App\Controllers\Inward))
10 SYSTEMPATH\CodeIgniter.php(361): CodeIgniter\CodeIgniter->handleRequest(null, Object(Config\Cache), false)
11 FCPATH\index.php(79): CodeIgniter\CodeIgniter->run()
ERROR - 2024-03-21 12:46:12 --> mysqli_sql_exception: You have an error in your SQL syntax; check the manual that corresponds to your MariaDB server version for the right syntax to use near '.`id`)
WHERE `inward_items`.`status` != 3' at line 5 in F:\xampp\htdocs\oams_staging\api\system\Database\MySQLi\Connection.php:306
Stack trace:
#0 F:\xampp\htdocs\oams_staging\api\system\Database\MySQLi\Connection.php(306): mysqli->query('SELECT `inward_...', 0)
#1 F:\xampp\htdocs\oams_staging\api\system\Database\BaseConnection.php(693): CodeIgniter\Database\MySQLi\Connection->execute('SELECT `inward_...')
#2 F:\xampp\htdocs\oams_staging\api\system\Database\BaseConnection.php(607): CodeIgniter\Database\BaseConnection->simpleQuery('SELECT `inward_...')
#3 F:\xampp\htdocs\oams_staging\api\system\Database\BaseBuilder.php(1616): CodeIgniter\Database\BaseConnection->query('SELECT `inward_...', Array, false)
#4 F:\xampp\htdocs\oams_staging\api\system\Model.php(242): CodeIgniter\Database\BaseBuilder->get()
#5 F:\xampp\htdocs\oams_staging\api\system\BaseModel.php(638): CodeIgniter\Model->doFindAll(0, 0)
#6 F:\xampp\htdocs\oams_staging\api\app\Controllers\Inward.php(640): CodeIgniter\BaseModel->findAll()
#7 F:\xampp\htdocs\oams_staging\api\system\CodeIgniter.php(941): App\Controllers\Inward->InwardItemDetail1()
#8 F:\xampp\htdocs\oams_staging\api\system\CodeIgniter.php(502): CodeIgniter\CodeIgniter->runController(Object(App\Controllers\Inward))
#9 F:\xampp\htdocs\oams_staging\api\system\CodeIgniter.php(361): CodeIgniter\CodeIgniter->handleRequest(NULL, Object(Config\Cache), false)
#10 F:\xampp\htdocs\oams_staging\api\public\index.php(79): CodeIgniter\CodeIgniter->run()
#11 {main}
CRITICAL - 2024-03-21 12:46:12 --> CodeIgniter\Database\Exceptions\DatabaseException: You have an error in your SQL syntax; check the manual that corresponds to your MariaDB server version for the right syntax to use near '.`id`)
WHERE `inward_items`.`status` != 3' at line 5
in SYSTEMPATH\Database\BaseConnection.php on line 647.
 1 SYSTEMPATH\Database\BaseBuilder.php(1616): CodeIgniter\Database\BaseConnection->query('SELECT `inward_items`.*, `garden`.`name` AS `garden_name`
FROM `inward_items`
LEFT JOIN `inward` ON `inward`.`id` = `inward_items`.`inward_id`
LEFT JOIN `garden` ON `garden`.`id` = `inward`.`garden_id`
JOIN `stock` USING (`inward_items`.`id`)
WHERE `inward_items`.`status` != :inward_items.status:', [...], false)
 2 SYSTEMPATH\Model.php(242): CodeIgniter\Database\BaseBuilder->get()
 3 SYSTEMPATH\BaseModel.php(638): CodeIgniter\Model->doFindAll(0, 0)
 4 APPPATH\Controllers\Inward.php(640): CodeIgniter\BaseModel->findAll()
 5 SYSTEMPATH\CodeIgniter.php(941): App\Controllers\Inward->InwardItemDetail1()
 6 SYSTEMPATH\CodeIgniter.php(502): CodeIgniter\CodeIgniter->runController(Object(App\Controllers\Inward))
 7 SYSTEMPATH\CodeIgniter.php(361): CodeIgniter\CodeIgniter->handleRequest(null, Object(Config\Cache), false)
 8 FCPATH\index.php(79): CodeIgniter\CodeIgniter->run()
CRITICAL - 2024-03-21 12:46:12 --> [Caused by] CodeIgniter\Database\Exceptions\DatabaseException: You have an error in your SQL syntax; check the manual that corresponds to your MariaDB server version for the right syntax to use near '.`id`)
WHERE `inward_items`.`status` != 3' at line 5
in SYSTEMPATH\Database\MySQLi\Connection.php on line 311.
 1 SYSTEMPATH\Database\BaseConnection.php(693): CodeIgniter\Database\MySQLi\Connection->execute('SELECT `inward_items`.*, `garden`.`name` AS `garden_name`
FROM `inward_items`
LEFT JOIN `inward` ON `inward`.`id` = `inward_items`.`inward_id`
LEFT JOIN `garden` ON `garden`.`id` = `inward`.`garden_id`
JOIN `stock` USING (`inward_items`.`id`)
WHERE `inward_items`.`status` != 3')
 2 SYSTEMPATH\Database\BaseConnection.php(607): CodeIgniter\Database\BaseConnection->simpleQuery('SELECT `inward_items`.*, `garden`.`name` AS `garden_name`
FROM `inward_items`
LEFT JOIN `inward` ON `inward`.`id` = `inward_items`.`inward_id`
LEFT JOIN `garden` ON `garden`.`id` = `inward`.`garden_id`
JOIN `stock` USING (`inward_items`.`id`)
WHERE `inward_items`.`status` != 3')
 3 SYSTEMPATH\Database\BaseBuilder.php(1616): CodeIgniter\Database\BaseConnection->query('SELECT `inward_items`.*, `garden`.`name` AS `garden_name`
FROM `inward_items`
LEFT JOIN `inward` ON `inward`.`id` = `inward_items`.`inward_id`
LEFT JOIN `garden` ON `garden`.`id` = `inward`.`garden_id`
JOIN `stock` USING (`inward_items`.`id`)
WHERE `inward_items`.`status` != :inward_items.status:', [...], false)
 4 SYSTEMPATH\Model.php(242): CodeIgniter\Database\BaseBuilder->get()
 5 SYSTEMPATH\BaseModel.php(638): CodeIgniter\Model->doFindAll(0, 0)
 6 APPPATH\Controllers\Inward.php(640): CodeIgniter\BaseModel->findAll()
 7 SYSTEMPATH\CodeIgniter.php(941): App\Controllers\Inward->InwardItemDetail1()
 8 SYSTEMPATH\CodeIgniter.php(502): CodeIgniter\CodeIgniter->runController(Object(App\Controllers\Inward))
 9 SYSTEMPATH\CodeIgniter.php(361): CodeIgniter\CodeIgniter->handleRequest(null, Object(Config\Cache), false)
10 FCPATH\index.php(79): CodeIgniter\CodeIgniter->run()
CRITICAL - 2024-03-21 12:46:12 --> [Caused by] mysqli_sql_exception: You have an error in your SQL syntax; check the manual that corresponds to your MariaDB server version for the right syntax to use near '.`id`)
WHERE `inward_items`.`status` != 3' at line 5
in SYSTEMPATH\Database\MySQLi\Connection.php on line 306.
 1 SYSTEMPATH\Database\MySQLi\Connection.php(306): mysqli->query('SELECT `inward_items`.*, `garden`.`name` AS `garden_name`
FROM `inward_items`
LEFT JOIN `inward` ON `inward`.`id` = `inward_items`.`inward_id`
LEFT JOIN `garden` ON `garden`.`id` = `inward`.`garden_id`
JOIN `stock` USING (`inward_items`.`id`)
WHERE `inward_items`.`status` != 3', 0)
 2 SYSTEMPATH\Database\BaseConnection.php(693): CodeIgniter\Database\MySQLi\Connection->execute('SELECT `inward_items`.*, `garden`.`name` AS `garden_name`
FROM `inward_items`
LEFT JOIN `inward` ON `inward`.`id` = `inward_items`.`inward_id`
LEFT JOIN `garden` ON `garden`.`id` = `inward`.`garden_id`
JOIN `stock` USING (`inward_items`.`id`)
WHERE `inward_items`.`status` != 3')
 3 SYSTEMPATH\Database\BaseConnection.php(607): CodeIgniter\Database\BaseConnection->simpleQuery('SELECT `inward_items`.*, `garden`.`name` AS `garden_name`
FROM `inward_items`
LEFT JOIN `inward` ON `inward`.`id` = `inward_items`.`inward_id`
LEFT JOIN `garden` ON `garden`.`id` = `inward`.`garden_id`
JOIN `stock` USING (`inward_items`.`id`)
WHERE `inward_items`.`status` != 3')
 4 SYSTEMPATH\Database\BaseBuilder.php(1616): CodeIgniter\Database\BaseConnection->query('SELECT `inward_items`.*, `garden`.`name` AS `garden_name`
FROM `inward_items`
LEFT JOIN `inward` ON `inward`.`id` = `inward_items`.`inward_id`
LEFT JOIN `garden` ON `garden`.`id` = `inward`.`garden_id`
JOIN `stock` USING (`inward_items`.`id`)
WHERE `inward_items`.`status` != :inward_items.status:', [...], false)
 5 SYSTEMPATH\Model.php(242): CodeIgniter\Database\BaseBuilder->get()
 6 SYSTEMPATH\BaseModel.php(638): CodeIgniter\Model->doFindAll(0, 0)
 7 APPPATH\Controllers\Inward.php(640): CodeIgniter\BaseModel->findAll()
 8 SYSTEMPATH\CodeIgniter.php(941): App\Controllers\Inward->InwardItemDetail1()
 9 SYSTEMPATH\CodeIgniter.php(502): CodeIgniter\CodeIgniter->runController(Object(App\Controllers\Inward))
10 SYSTEMPATH\CodeIgniter.php(361): CodeIgniter\CodeIgniter->handleRequest(null, Object(Config\Cache), false)
11 FCPATH\index.php(79): CodeIgniter\CodeIgniter->run()
ERROR - 2024-03-21 12:46:15 --> mysqli_sql_exception: You have an error in your SQL syntax; check the manual that corresponds to your MariaDB server version for the right syntax to use near '.`id`)
WHERE `inward_items`.`status` != 3' at line 5 in F:\xampp\htdocs\oams_staging\api\system\Database\MySQLi\Connection.php:306
Stack trace:
#0 F:\xampp\htdocs\oams_staging\api\system\Database\MySQLi\Connection.php(306): mysqli->query('SELECT `inward_...', 0)
#1 F:\xampp\htdocs\oams_staging\api\system\Database\BaseConnection.php(693): CodeIgniter\Database\MySQLi\Connection->execute('SELECT `inward_...')
#2 F:\xampp\htdocs\oams_staging\api\system\Database\BaseConnection.php(607): CodeIgniter\Database\BaseConnection->simpleQuery('SELECT `inward_...')
#3 F:\xampp\htdocs\oams_staging\api\system\Database\BaseBuilder.php(1616): CodeIgniter\Database\BaseConnection->query('SELECT `inward_...', Array, false)
#4 F:\xampp\htdocs\oams_staging\api\system\Model.php(242): CodeIgniter\Database\BaseBuilder->get()
#5 F:\xampp\htdocs\oams_staging\api\system\BaseModel.php(638): CodeIgniter\Model->doFindAll(0, 0)
#6 F:\xampp\htdocs\oams_staging\api\app\Controllers\Inward.php(640): CodeIgniter\BaseModel->findAll()
#7 F:\xampp\htdocs\oams_staging\api\system\CodeIgniter.php(941): App\Controllers\Inward->InwardItemDetail1()
#8 F:\xampp\htdocs\oams_staging\api\system\CodeIgniter.php(502): CodeIgniter\CodeIgniter->runController(Object(App\Controllers\Inward))
#9 F:\xampp\htdocs\oams_staging\api\system\CodeIgniter.php(361): CodeIgniter\CodeIgniter->handleRequest(NULL, Object(Config\Cache), false)
#10 F:\xampp\htdocs\oams_staging\api\public\index.php(79): CodeIgniter\CodeIgniter->run()
#11 {main}
CRITICAL - 2024-03-21 12:46:15 --> CodeIgniter\Database\Exceptions\DatabaseException: You have an error in your SQL syntax; check the manual that corresponds to your MariaDB server version for the right syntax to use near '.`id`)
WHERE `inward_items`.`status` != 3' at line 5
in SYSTEMPATH\Database\BaseConnection.php on line 647.
 1 SYSTEMPATH\Database\BaseBuilder.php(1616): CodeIgniter\Database\BaseConnection->query('SELECT `inward_items`.*, `garden`.`name` AS `garden_name`
FROM `inward_items`
LEFT JOIN `inward` ON `inward`.`id` = `inward_items`.`inward_id`
LEFT JOIN `garden` ON `garden`.`id` = `inward`.`garden_id`
JOIN `stock` USING (`inward_items`.`id`)
WHERE `inward_items`.`status` != :inward_items.status:', [...], false)
 2 SYSTEMPATH\Model.php(242): CodeIgniter\Database\BaseBuilder->get()
 3 SYSTEMPATH\BaseModel.php(638): CodeIgniter\Model->doFindAll(0, 0)
 4 APPPATH\Controllers\Inward.php(640): CodeIgniter\BaseModel->findAll()
 5 SYSTEMPATH\CodeIgniter.php(941): App\Controllers\Inward->InwardItemDetail1()
 6 SYSTEMPATH\CodeIgniter.php(502): CodeIgniter\CodeIgniter->runController(Object(App\Controllers\Inward))
 7 SYSTEMPATH\CodeIgniter.php(361): CodeIgniter\CodeIgniter->handleRequest(null, Object(Config\Cache), false)
 8 FCPATH\index.php(79): CodeIgniter\CodeIgniter->run()
CRITICAL - 2024-03-21 12:46:15 --> [Caused by] CodeIgniter\Database\Exceptions\DatabaseException: You have an error in your SQL syntax; check the manual that corresponds to your MariaDB server version for the right syntax to use near '.`id`)
WHERE `inward_items`.`status` != 3' at line 5
in SYSTEMPATH\Database\MySQLi\Connection.php on line 311.
 1 SYSTEMPATH\Database\BaseConnection.php(693): CodeIgniter\Database\MySQLi\Connection->execute('SELECT `inward_items`.*, `garden`.`name` AS `garden_name`
FROM `inward_items`
LEFT JOIN `inward` ON `inward`.`id` = `inward_items`.`inward_id`
LEFT JOIN `garden` ON `garden`.`id` = `inward`.`garden_id`
JOIN `stock` USING (`inward_items`.`id`)
WHERE `inward_items`.`status` != 3')
 2 SYSTEMPATH\Database\BaseConnection.php(607): CodeIgniter\Database\BaseConnection->simpleQuery('SELECT `inward_items`.*, `garden`.`name` AS `garden_name`
FROM `inward_items`
LEFT JOIN `inward` ON `inward`.`id` = `inward_items`.`inward_id`
LEFT JOIN `garden` ON `garden`.`id` = `inward`.`garden_id`
JOIN `stock` USING (`inward_items`.`id`)
WHERE `inward_items`.`status` != 3')
 3 SYSTEMPATH\Database\BaseBuilder.php(1616): CodeIgniter\Database\BaseConnection->query('SELECT `inward_items`.*, `garden`.`name` AS `garden_name`
FROM `inward_items`
LEFT JOIN `inward` ON `inward`.`id` = `inward_items`.`inward_id`
LEFT JOIN `garden` ON `garden`.`id` = `inward`.`garden_id`
JOIN `stock` USING (`inward_items`.`id`)
WHERE `inward_items`.`status` != :inward_items.status:', [...], false)
 4 SYSTEMPATH\Model.php(242): CodeIgniter\Database\BaseBuilder->get()
 5 SYSTEMPATH\BaseModel.php(638): CodeIgniter\Model->doFindAll(0, 0)
 6 APPPATH\Controllers\Inward.php(640): CodeIgniter\BaseModel->findAll()
 7 SYSTEMPATH\CodeIgniter.php(941): App\Controllers\Inward->InwardItemDetail1()
 8 SYSTEMPATH\CodeIgniter.php(502): CodeIgniter\CodeIgniter->runController(Object(App\Controllers\Inward))
 9 SYSTEMPATH\CodeIgniter.php(361): CodeIgniter\CodeIgniter->handleRequest(null, Object(Config\Cache), false)
10 FCPATH\index.php(79): CodeIgniter\CodeIgniter->run()
CRITICAL - 2024-03-21 12:46:15 --> [Caused by] mysqli_sql_exception: You have an error in your SQL syntax; check the manual that corresponds to your MariaDB server version for the right syntax to use near '.`id`)
WHERE `inward_items`.`status` != 3' at line 5
in SYSTEMPATH\Database\MySQLi\Connection.php on line 306.
 1 SYSTEMPATH\Database\MySQLi\Connection.php(306): mysqli->query('SELECT `inward_items`.*, `garden`.`name` AS `garden_name`
FROM `inward_items`
LEFT JOIN `inward` ON `inward`.`id` = `inward_items`.`inward_id`
LEFT JOIN `garden` ON `garden`.`id` = `inward`.`garden_id`
JOIN `stock` USING (`inward_items`.`id`)
WHERE `inward_items`.`status` != 3', 0)
 2 SYSTEMPATH\Database\BaseConnection.php(693): CodeIgniter\Database\MySQLi\Connection->execute('SELECT `inward_items`.*, `garden`.`name` AS `garden_name`
FROM `inward_items`
LEFT JOIN `inward` ON `inward`.`id` = `inward_items`.`inward_id`
LEFT JOIN `garden` ON `garden`.`id` = `inward`.`garden_id`
JOIN `stock` USING (`inward_items`.`id`)
WHERE `inward_items`.`status` != 3')
 3 SYSTEMPATH\Database\BaseConnection.php(607): CodeIgniter\Database\BaseConnection->simpleQuery('SELECT `inward_items`.*, `garden`.`name` AS `garden_name`
FROM `inward_items`
LEFT JOIN `inward` ON `inward`.`id` = `inward_items`.`inward_id`
LEFT JOIN `garden` ON `garden`.`id` = `inward`.`garden_id`
JOIN `stock` USING (`inward_items`.`id`)
WHERE `inward_items`.`status` != 3')
 4 SYSTEMPATH\Database\BaseBuilder.php(1616): CodeIgniter\Database\BaseConnection->query('SELECT `inward_items`.*, `garden`.`name` AS `garden_name`
FROM `inward_items`
LEFT JOIN `inward` ON `inward`.`id` = `inward_items`.`inward_id`
LEFT JOIN `garden` ON `garden`.`id` = `inward`.`garden_id`
JOIN `stock` USING (`inward_items`.`id`)
WHERE `inward_items`.`status` != :inward_items.status:', [...], false)
 5 SYSTEMPATH\Model.php(242): CodeIgniter\Database\BaseBuilder->get()
 6 SYSTEMPATH\BaseModel.php(638): CodeIgniter\Model->doFindAll(0, 0)
 7 APPPATH\Controllers\Inward.php(640): CodeIgniter\BaseModel->findAll()
 8 SYSTEMPATH\CodeIgniter.php(941): App\Controllers\Inward->InwardItemDetail1()
 9 SYSTEMPATH\CodeIgniter.php(502): CodeIgniter\CodeIgniter->runController(Object(App\Controllers\Inward))
10 SYSTEMPATH\CodeIgniter.php(361): CodeIgniter\CodeIgniter->handleRequest(null, Object(Config\Cache), false)
11 FCPATH\index.php(79): CodeIgniter\CodeIgniter->run()
ERROR - 2024-03-21 12:47:21 --> mysqli_sql_exception: You have an error in your SQL syntax; check the manual that corresponds to your MariaDB server version for the right syntax to use near '.`id`)
WHERE `inward_items`.`status` != 3' at line 5 in F:\xampp\htdocs\oams_staging\api\system\Database\MySQLi\Connection.php:306
Stack trace:
#0 F:\xampp\htdocs\oams_staging\api\system\Database\MySQLi\Connection.php(306): mysqli->query('SELECT `inward_...', 0)
#1 F:\xampp\htdocs\oams_staging\api\system\Database\BaseConnection.php(693): CodeIgniter\Database\MySQLi\Connection->execute('SELECT `inward_...')
#2 F:\xampp\htdocs\oams_staging\api\system\Database\BaseConnection.php(607): CodeIgniter\Database\BaseConnection->simpleQuery('SELECT `inward_...')
#3 F:\xampp\htdocs\oams_staging\api\system\Database\BaseBuilder.php(1616): CodeIgniter\Database\BaseConnection->query('SELECT `inward_...', Array, false)
#4 F:\xampp\htdocs\oams_staging\api\system\Model.php(242): CodeIgniter\Database\BaseBuilder->get()
#5 F:\xampp\htdocs\oams_staging\api\system\BaseModel.php(638): CodeIgniter\Model->doFindAll(0, 0)
#6 F:\xampp\htdocs\oams_staging\api\app\Controllers\Inward.php(640): CodeIgniter\BaseModel->findAll()
#7 F:\xampp\htdocs\oams_staging\api\system\CodeIgniter.php(941): App\Controllers\Inward->InwardItemDetail1()
#8 F:\xampp\htdocs\oams_staging\api\system\CodeIgniter.php(502): CodeIgniter\CodeIgniter->runController(Object(App\Controllers\Inward))
#9 F:\xampp\htdocs\oams_staging\api\system\CodeIgniter.php(361): CodeIgniter\CodeIgniter->handleRequest(NULL, Object(Config\Cache), false)
#10 F:\xampp\htdocs\oams_staging\api\public\index.php(79): CodeIgniter\CodeIgniter->run()
#11 {main}
CRITICAL - 2024-03-21 12:47:21 --> CodeIgniter\Database\Exceptions\DatabaseException: You have an error in your SQL syntax; check the manual that corresponds to your MariaDB server version for the right syntax to use near '.`id`)
WHERE `inward_items`.`status` != 3' at line 5
in SYSTEMPATH\Database\BaseConnection.php on line 647.
 1 SYSTEMPATH\Database\BaseBuilder.php(1616): CodeIgniter\Database\BaseConnection->query('SELECT `inward_items`.*, `garden`.`name` AS `garden_name`
FROM `inward_items`
LEFT JOIN `inward` ON `inward`.`id` = `inward_items`.`inward_id`
LEFT JOIN `garden` ON `garden`.`id` = `inward`.`garden_id`
JOIN `stock` USING (`inward_items`.`id`)
WHERE `inward_items`.`status` != :inward_items.status:', [...], false)
 2 SYSTEMPATH\Model.php(242): CodeIgniter\Database\BaseBuilder->get()
 3 SYSTEMPATH\BaseModel.php(638): CodeIgniter\Model->doFindAll(0, 0)
 4 APPPATH\Controllers\Inward.php(640): CodeIgniter\BaseModel->findAll()
 5 SYSTEMPATH\CodeIgniter.php(941): App\Controllers\Inward->InwardItemDetail1()
 6 SYSTEMPATH\CodeIgniter.php(502): CodeIgniter\CodeIgniter->runController(Object(App\Controllers\Inward))
 7 SYSTEMPATH\CodeIgniter.php(361): CodeIgniter\CodeIgniter->handleRequest(null, Object(Config\Cache), false)
 8 FCPATH\index.php(79): CodeIgniter\CodeIgniter->run()
CRITICAL - 2024-03-21 12:47:21 --> [Caused by] CodeIgniter\Database\Exceptions\DatabaseException: You have an error in your SQL syntax; check the manual that corresponds to your MariaDB server version for the right syntax to use near '.`id`)
WHERE `inward_items`.`status` != 3' at line 5
in SYSTEMPATH\Database\MySQLi\Connection.php on line 311.
 1 SYSTEMPATH\Database\BaseConnection.php(693): CodeIgniter\Database\MySQLi\Connection->execute('SELECT `inward_items`.*, `garden`.`name` AS `garden_name`
FROM `inward_items`
LEFT JOIN `inward` ON `inward`.`id` = `inward_items`.`inward_id`
LEFT JOIN `garden` ON `garden`.`id` = `inward`.`garden_id`
JOIN `stock` USING (`inward_items`.`id`)
WHERE `inward_items`.`status` != 3')
 2 SYSTEMPATH\Database\BaseConnection.php(607): CodeIgniter\Database\BaseConnection->simpleQuery('SELECT `inward_items`.*, `garden`.`name` AS `garden_name`
FROM `inward_items`
LEFT JOIN `inward` ON `inward`.`id` = `inward_items`.`inward_id`
LEFT JOIN `garden` ON `garden`.`id` = `inward`.`garden_id`
JOIN `stock` USING (`inward_items`.`id`)
WHERE `inward_items`.`status` != 3')
 3 SYSTEMPATH\Database\BaseBuilder.php(1616): CodeIgniter\Database\BaseConnection->query('SELECT `inward_items`.*, `garden`.`name` AS `garden_name`
FROM `inward_items`
LEFT JOIN `inward` ON `inward`.`id` = `inward_items`.`inward_id`
LEFT JOIN `garden` ON `garden`.`id` = `inward`.`garden_id`
JOIN `stock` USING (`inward_items`.`id`)
WHERE `inward_items`.`status` != :inward_items.status:', [...], false)
 4 SYSTEMPATH\Model.php(242): CodeIgniter\Database\BaseBuilder->get()
 5 SYSTEMPATH\BaseModel.php(638): CodeIgniter\Model->doFindAll(0, 0)
 6 APPPATH\Controllers\Inward.php(640): CodeIgniter\BaseModel->findAll()
 7 SYSTEMPATH\CodeIgniter.php(941): App\Controllers\Inward->InwardItemDetail1()
 8 SYSTEMPATH\CodeIgniter.php(502): CodeIgniter\CodeIgniter->runController(Object(App\Controllers\Inward))
 9 SYSTEMPATH\CodeIgniter.php(361): CodeIgniter\CodeIgniter->handleRequest(null, Object(Config\Cache), false)
10 FCPATH\index.php(79): CodeIgniter\CodeIgniter->run()
CRITICAL - 2024-03-21 12:47:21 --> [Caused by] mysqli_sql_exception: You have an error in your SQL syntax; check the manual that corresponds to your MariaDB server version for the right syntax to use near '.`id`)
WHERE `inward_items`.`status` != 3' at line 5
in SYSTEMPATH\Database\MySQLi\Connection.php on line 306.
 1 SYSTEMPATH\Database\MySQLi\Connection.php(306): mysqli->query('SELECT `inward_items`.*, `garden`.`name` AS `garden_name`
FROM `inward_items`
LEFT JOIN `inward` ON `inward`.`id` = `inward_items`.`inward_id`
LEFT JOIN `garden` ON `garden`.`id` = `inward`.`garden_id`
JOIN `stock` USING (`inward_items`.`id`)
WHERE `inward_items`.`status` != 3', 0)
 2 SYSTEMPATH\Database\BaseConnection.php(693): CodeIgniter\Database\MySQLi\Connection->execute('SELECT `inward_items`.*, `garden`.`name` AS `garden_name`
FROM `inward_items`
LEFT JOIN `inward` ON `inward`.`id` = `inward_items`.`inward_id`
LEFT JOIN `garden` ON `garden`.`id` = `inward`.`garden_id`
JOIN `stock` USING (`inward_items`.`id`)
WHERE `inward_items`.`status` != 3')
 3 SYSTEMPATH\Database\BaseConnection.php(607): CodeIgniter\Database\BaseConnection->simpleQuery('SELECT `inward_items`.*, `garden`.`name` AS `garden_name`
FROM `inward_items`
LEFT JOIN `inward` ON `inward`.`id` = `inward_items`.`inward_id`
LEFT JOIN `garden` ON `garden`.`id` = `inward`.`garden_id`
JOIN `stock` USING (`inward_items`.`id`)
WHERE `inward_items`.`status` != 3')
 4 SYSTEMPATH\Database\BaseBuilder.php(1616): CodeIgniter\Database\BaseConnection->query('SELECT `inward_items`.*, `garden`.`name` AS `garden_name`
FROM `inward_items`
LEFT JOIN `inward` ON `inward`.`id` = `inward_items`.`inward_id`
LEFT JOIN `garden` ON `garden`.`id` = `inward`.`garden_id`
JOIN `stock` USING (`inward_items`.`id`)
WHERE `inward_items`.`status` != :inward_items.status:', [...], false)
 5 SYSTEMPATH\Model.php(242): CodeIgniter\Database\BaseBuilder->get()
 6 SYSTEMPATH\BaseModel.php(638): CodeIgniter\Model->doFindAll(0, 0)
 7 APPPATH\Controllers\Inward.php(640): CodeIgniter\BaseModel->findAll()
 8 SYSTEMPATH\CodeIgniter.php(941): App\Controllers\Inward->InwardItemDetail1()
 9 SYSTEMPATH\CodeIgniter.php(502): CodeIgniter\CodeIgniter->runController(Object(App\Controllers\Inward))
10 SYSTEMPATH\CodeIgniter.php(361): CodeIgniter\CodeIgniter->handleRequest(null, Object(Config\Cache), false)
11 FCPATH\index.php(79): CodeIgniter\CodeIgniter->run()
ERROR - 2024-03-21 12:51:40 --> mysqli_sql_exception: You have an error in your SQL syntax; check the manual that corresponds to your MariaDB server version for the right syntax to use near '.*, `garden`.`name` AS `garden_name`, `stock`.`qty` AS `stock_qty`
FROM `inwa...' at line 1 in F:\xampp\htdocs\oams_staging\api\system\Database\MySQLi\Connection.php:306
Stack trace:
#0 F:\xampp\htdocs\oams_staging\api\system\Database\MySQLi\Connection.php(306): mysqli->query('SELECT `DISTINC...', 0)
#1 F:\xampp\htdocs\oams_staging\api\system\Database\BaseConnection.php(693): CodeIgniter\Database\MySQLi\Connection->execute('SELECT `DISTINC...')
#2 F:\xampp\htdocs\oams_staging\api\system\Database\BaseConnection.php(607): CodeIgniter\Database\BaseConnection->simpleQuery('SELECT `DISTINC...')
#3 F:\xampp\htdocs\oams_staging\api\system\Database\BaseBuilder.php(1616): CodeIgniter\Database\BaseConnection->query('SELECT `DISTINC...', Array, false)
#4 F:\xampp\htdocs\oams_staging\api\system\Model.php(242): CodeIgniter\Database\BaseBuilder->get()
#5 F:\xampp\htdocs\oams_staging\api\system\BaseModel.php(638): CodeIgniter\Model->doFindAll(0, 0)
#6 F:\xampp\htdocs\oams_staging\api\app\Controllers\Inward.php(640): CodeIgniter\BaseModel->findAll()
#7 F:\xampp\htdocs\oams_staging\api\system\CodeIgniter.php(941): App\Controllers\Inward->InwardItemDetail1()
#8 F:\xampp\htdocs\oams_staging\api\system\CodeIgniter.php(502): CodeIgniter\CodeIgniter->runController(Object(App\Controllers\Inward))
#9 F:\xampp\htdocs\oams_staging\api\system\CodeIgniter.php(361): CodeIgniter\CodeIgniter->handleRequest(NULL, Object(Config\Cache), false)
#10 F:\xampp\htdocs\oams_staging\api\public\index.php(79): CodeIgniter\CodeIgniter->run()
#11 {main}
CRITICAL - 2024-03-21 12:51:40 --> CodeIgniter\Database\Exceptions\DatabaseException: You have an error in your SQL syntax; check the manual that corresponds to your MariaDB server version for the right syntax to use near '.*, `garden`.`name` AS `garden_name`, `stock`.`qty` AS `stock_qty`
FROM `inwa...' at line 1
in SYSTEMPATH\Database\BaseConnection.php on line 647.
 1 SYSTEMPATH\Database\BaseBuilder.php(1616): CodeIgniter\Database\BaseConnection->query('SELECT `DISTINCT` `inward_items`.*, `garden`.`name` AS `garden_name`, `stock`.`qty` AS `stock_qty`
FROM `inward_items`
LEFT JOIN `inward` ON `inward`.`id` = `inward_items`.`inward_id`
LEFT JOIN `garden` ON `garden`.`id` = `inward`.`garden_id`
LEFT JOIN `stock` ON `inward_items`.`id` = `stock`.`inward_id`
WHERE `inward_items`.`status` != :inward_items.status:', [...], false)
 2 SYSTEMPATH\Model.php(242): CodeIgniter\Database\BaseBuilder->get()
 3 SYSTEMPATH\BaseModel.php(638): CodeIgniter\Model->doFindAll(0, 0)
 4 APPPATH\Controllers\Inward.php(640): CodeIgniter\BaseModel->findAll()
 5 SYSTEMPATH\CodeIgniter.php(941): App\Controllers\Inward->InwardItemDetail1()
 6 SYSTEMPATH\CodeIgniter.php(502): CodeIgniter\CodeIgniter->runController(Object(App\Controllers\Inward))
 7 SYSTEMPATH\CodeIgniter.php(361): CodeIgniter\CodeIgniter->handleRequest(null, Object(Config\Cache), false)
 8 FCPATH\index.php(79): CodeIgniter\CodeIgniter->run()
CRITICAL - 2024-03-21 12:51:40 --> [Caused by] CodeIgniter\Database\Exceptions\DatabaseException: You have an error in your SQL syntax; check the manual that corresponds to your MariaDB server version for the right syntax to use near '.*, `garden`.`name` AS `garden_name`, `stock`.`qty` AS `stock_qty`
FROM `inwa...' at line 1
in SYSTEMPATH\Database\MySQLi\Connection.php on line 311.
 1 SYSTEMPATH\Database\BaseConnection.php(693): CodeIgniter\Database\MySQLi\Connection->execute('SELECT `DISTINCT` `inward_items`.*, `garden`.`name` AS `garden_name`, `stock`.`qty` AS `stock_qty`
FROM `inward_items`
LEFT JOIN `inward` ON `inward`.`id` = `inward_items`.`inward_id`
LEFT JOIN `garden` ON `garden`.`id` = `inward`.`garden_id`
LEFT JOIN `stock` ON `inward_items`.`id` = `stock`.`inward_id`
WHERE `inward_items`.`status` != 3')
 2 SYSTEMPATH\Database\BaseConnection.php(607): CodeIgniter\Database\BaseConnection->simpleQuery('SELECT `DISTINCT` `inward_items`.*, `garden`.`name` AS `garden_name`, `stock`.`qty` AS `stock_qty`
FROM `inward_items`
LEFT JOIN `inward` ON `inward`.`id` = `inward_items`.`inward_id`
LEFT JOIN `garden` ON `garden`.`id` = `inward`.`garden_id`
LEFT JOIN `stock` ON `inward_items`.`id` = `stock`.`inward_id`
WHERE `inward_items`.`status` != 3')
 3 SYSTEMPATH\Database\BaseBuilder.php(1616): CodeIgniter\Database\BaseConnection->query('SELECT `DISTINCT` `inward_items`.*, `garden`.`name` AS `garden_name`, `stock`.`qty` AS `stock_qty`
FROM `inward_items`
LEFT JOIN `inward` ON `inward`.`id` = `inward_items`.`inward_id`
LEFT JOIN `garden` ON `garden`.`id` = `inward`.`garden_id`
LEFT JOIN `stock` ON `inward_items`.`id` = `stock`.`inward_id`
WHERE `inward_items`.`status` != :inward_items.status:', [...], false)
 4 SYSTEMPATH\Model.php(242): CodeIgniter\Database\BaseBuilder->get()
 5 SYSTEMPATH\BaseModel.php(638): CodeIgniter\Model->doFindAll(0, 0)
 6 APPPATH\Controllers\Inward.php(640): CodeIgniter\BaseModel->findAll()
 7 SYSTEMPATH\CodeIgniter.php(941): App\Controllers\Inward->InwardItemDetail1()
 8 SYSTEMPATH\CodeIgniter.php(502): CodeIgniter\CodeIgniter->runController(Object(App\Controllers\Inward))
 9 SYSTEMPATH\CodeIgniter.php(361): CodeIgniter\CodeIgniter->handleRequest(null, Object(Config\Cache), false)
10 FCPATH\index.php(79): CodeIgniter\CodeIgniter->run()
CRITICAL - 2024-03-21 12:51:40 --> [Caused by] mysqli_sql_exception: You have an error in your SQL syntax; check the manual that corresponds to your MariaDB server version for the right syntax to use near '.*, `garden`.`name` AS `garden_name`, `stock`.`qty` AS `stock_qty`
FROM `inwa...' at line 1
in SYSTEMPATH\Database\MySQLi\Connection.php on line 306.
 1 SYSTEMPATH\Database\MySQLi\Connection.php(306): mysqli->query('SELECT `DISTINCT` `inward_items`.*, `garden`.`name` AS `garden_name`, `stock`.`qty` AS `stock_qty`
FROM `inward_items`
LEFT JOIN `inward` ON `inward`.`id` = `inward_items`.`inward_id`
LEFT JOIN `garden` ON `garden`.`id` = `inward`.`garden_id`
LEFT JOIN `stock` ON `inward_items`.`id` = `stock`.`inward_id`
WHERE `inward_items`.`status` != 3', 0)
 2 SYSTEMPATH\Database\BaseConnection.php(693): CodeIgniter\Database\MySQLi\Connection->execute('SELECT `DISTINCT` `inward_items`.*, `garden`.`name` AS `garden_name`, `stock`.`qty` AS `stock_qty`
FROM `inward_items`
LEFT JOIN `inward` ON `inward`.`id` = `inward_items`.`inward_id`
LEFT JOIN `garden` ON `garden`.`id` = `inward`.`garden_id`
LEFT JOIN `stock` ON `inward_items`.`id` = `stock`.`inward_id`
WHERE `inward_items`.`status` != 3')
 3 SYSTEMPATH\Database\BaseConnection.php(607): CodeIgniter\Database\BaseConnection->simpleQuery('SELECT `DISTINCT` `inward_items`.*, `garden`.`name` AS `garden_name`, `stock`.`qty` AS `stock_qty`
FROM `inward_items`
LEFT JOIN `inward` ON `inward`.`id` = `inward_items`.`inward_id`
LEFT JOIN `garden` ON `garden`.`id` = `inward`.`garden_id`
LEFT JOIN `stock` ON `inward_items`.`id` = `stock`.`inward_id`
WHERE `inward_items`.`status` != 3')
 4 SYSTEMPATH\Database\BaseBuilder.php(1616): CodeIgniter\Database\BaseConnection->query('SELECT `DISTINCT` `inward_items`.*, `garden`.`name` AS `garden_name`, `stock`.`qty` AS `stock_qty`
FROM `inward_items`
LEFT JOIN `inward` ON `inward`.`id` = `inward_items`.`inward_id`
LEFT JOIN `garden` ON `garden`.`id` = `inward`.`garden_id`
LEFT JOIN `stock` ON `inward_items`.`id` = `stock`.`inward_id`
WHERE `inward_items`.`status` != :inward_items.status:', [...], false)
 5 SYSTEMPATH\Model.php(242): CodeIgniter\Database\BaseBuilder->get()
 6 SYSTEMPATH\BaseModel.php(638): CodeIgniter\Model->doFindAll(0, 0)
 7 APPPATH\Controllers\Inward.php(640): CodeIgniter\BaseModel->findAll()
 8 SYSTEMPATH\CodeIgniter.php(941): App\Controllers\Inward->InwardItemDetail1()
 9 SYSTEMPATH\CodeIgniter.php(502): CodeIgniter\CodeIgniter->runController(Object(App\Controllers\Inward))
10 SYSTEMPATH\CodeIgniter.php(361): CodeIgniter\CodeIgniter->handleRequest(null, Object(Config\Cache), false)
11 FCPATH\index.php(79): CodeIgniter\CodeIgniter->run()
ERROR - 2024-03-21 14:03:51 --> mysqli_sql_exception: Unknown column 'inward_return.inward_id' in 'where clause' in F:\xampp\htdocs\oams_staging\api\system\Database\MySQLi\Connection.php:306
Stack trace:
#0 F:\xampp\htdocs\oams_staging\api\system\Database\MySQLi\Connection.php(306): mysqli->query('SELECT `inward`...', 0)
#1 F:\xampp\htdocs\oams_staging\api\system\Database\BaseConnection.php(693): CodeIgniter\Database\MySQLi\Connection->execute('SELECT `inward`...')
#2 F:\xampp\htdocs\oams_staging\api\system\Database\BaseConnection.php(607): CodeIgniter\Database\BaseConnection->simpleQuery('SELECT `inward`...')
#3 F:\xampp\htdocs\oams_staging\api\system\Database\BaseBuilder.php(1616): CodeIgniter\Database\BaseConnection->query('SELECT `inward`...', Array, false)
#4 F:\xampp\htdocs\oams_staging\api\system\Model.php(242): CodeIgniter\Database\BaseBuilder->get()
#5 F:\xampp\htdocs\oams_staging\api\system\BaseModel.php(638): CodeIgniter\Model->doFindAll(0, 0)
#6 F:\xampp\htdocs\oams_staging\api\app\Controllers\Inward.php(38): CodeIgniter\BaseModel->findAll()
#7 F:\xampp\htdocs\oams_staging\api\system\CodeIgniter.php(941): App\Controllers\Inward->index()
#8 F:\xampp\htdocs\oams_staging\api\system\CodeIgniter.php(502): CodeIgniter\CodeIgniter->runController(Object(App\Controllers\Inward))
#9 F:\xampp\htdocs\oams_staging\api\system\CodeIgniter.php(361): CodeIgniter\CodeIgniter->handleRequest(NULL, Object(Config\Cache), false)
#10 F:\xampp\htdocs\oams_staging\api\public\index.php(79): CodeIgniter\CodeIgniter->run()
#11 {main}
CRITICAL - 2024-03-21 14:03:51 --> CodeIgniter\Database\Exceptions\DatabaseException: Unknown column 'inward_return.inward_id' in 'where clause'
in SYSTEMPATH\Database\BaseConnection.php on line 647.
 1 SYSTEMPATH\Database\BaseBuilder.php(1616): CodeIgniter\Database\BaseConnection->query('SELECT `inward`.*, `center`.`name` AS `center_name`, `seller`.`name` AS `seller_name`, `garden`.`name` AS `garden_name`, `warehouse`.`name` AS `warehouse_name`, (SELECT COUNT(*) FROM inward_return AS cnt WHERE inward.id = inward_return.inward_id) = 0
FROM `inward`
LEFT JOIN `center` ON `center`.`id` = `inward`.`center_id`
LEFT JOIN `seller` ON `seller`.`id` = `inward`.`seller_id`
LEFT JOIN `garden` ON `garden`.`id` = `inward`.`garden_id`
LEFT JOIN `warehouse` ON `warehouse`.`id` = `inward`.`warehouse_id`
WHERE `inward`.`status` = :inward.status:', [...], false)
 2 SYSTEMPATH\Model.php(242): CodeIgniter\Database\BaseBuilder->get()
 3 SYSTEMPATH\BaseModel.php(638): CodeIgniter\Model->doFindAll(0, 0)
 4 APPPATH\Controllers\Inward.php(38): CodeIgniter\BaseModel->findAll()
 5 SYSTEMPATH\CodeIgniter.php(941): App\Controllers\Inward->index()
 6 SYSTEMPATH\CodeIgniter.php(502): CodeIgniter\CodeIgniter->runController(Object(App\Controllers\Inward))
 7 SYSTEMPATH\CodeIgniter.php(361): CodeIgniter\CodeIgniter->handleRequest(null, Object(Config\Cache), false)
 8 FCPATH\index.php(79): CodeIgniter\CodeIgniter->run()
CRITICAL - 2024-03-21 14:03:51 --> [Caused by] CodeIgniter\Database\Exceptions\DatabaseException: Unknown column 'inward_return.inward_id' in 'where clause'
in SYSTEMPATH\Database\MySQLi\Connection.php on line 311.
 1 SYSTEMPATH\Database\BaseConnection.php(693): CodeIgniter\Database\MySQLi\Connection->execute('SELECT `inward`.*, `center`.`name` AS `center_name`, `seller`.`name` AS `seller_name`, `garden`.`name` AS `garden_name`, `warehouse`.`name` AS `warehouse_name`, (SELECT COUNT(*) FROM inward_return AS cnt WHERE inward.id = inward_return.inward_id) = 0
FROM `inward`
LEFT JOIN `center` ON `center`.`id` = `inward`.`center_id`
LEFT JOIN `seller` ON `seller`.`id` = `inward`.`seller_id`
LEFT JOIN `garden` ON `garden`.`id` = `inward`.`garden_id`
LEFT JOIN `warehouse` ON `warehouse`.`id` = `inward`.`warehouse_id`
WHERE `inward`.`status` = 1')
 2 SYSTEMPATH\Database\BaseConnection.php(607): CodeIgniter\Database\BaseConnection->simpleQuery('SELECT `inward`.*, `center`.`name` AS `center_name`, `seller`.`name` AS `seller_name`, `garden`.`name` AS `garden_name`, `warehouse`.`name` AS `warehouse_name`, (SELECT COUNT(*) FROM inward_return AS cnt WHERE inward.id = inward_return.inward_id) = 0
FROM `inward`
LEFT JOIN `center` ON `center`.`id` = `inward`.`center_id`
LEFT JOIN `seller` ON `seller`.`id` = `inward`.`seller_id`
LEFT JOIN `garden` ON `garden`.`id` = `inward`.`garden_id`
LEFT JOIN `warehouse` ON `warehouse`.`id` = `inward`.`warehouse_id`
WHERE `inward`.`status` = 1')
 3 SYSTEMPATH\Database\BaseBuilder.php(1616): CodeIgniter\Database\BaseConnection->query('SELECT `inward`.*, `center`.`name` AS `center_name`, `seller`.`name` AS `seller_name`, `garden`.`name` AS `garden_name`, `warehouse`.`name` AS `warehouse_name`, (SELECT COUNT(*) FROM inward_return AS cnt WHERE inward.id = inward_return.inward_id) = 0
FROM `inward`
LEFT JOIN `center` ON `center`.`id` = `inward`.`center_id`
LEFT JOIN `seller` ON `seller`.`id` = `inward`.`seller_id`
LEFT JOIN `garden` ON `garden`.`id` = `inward`.`garden_id`
LEFT JOIN `warehouse` ON `warehouse`.`id` = `inward`.`warehouse_id`
WHERE `inward`.`status` = :inward.status:', [...], false)
 4 SYSTEMPATH\Model.php(242): CodeIgniter\Database\BaseBuilder->get()
 5 SYSTEMPATH\BaseModel.php(638): CodeIgniter\Model->doFindAll(0, 0)
 6 APPPATH\Controllers\Inward.php(38): CodeIgniter\BaseModel->findAll()
 7 SYSTEMPATH\CodeIgniter.php(941): App\Controllers\Inward->index()
 8 SYSTEMPATH\CodeIgniter.php(502): CodeIgniter\CodeIgniter->runController(Object(App\Controllers\Inward))
 9 SYSTEMPATH\CodeIgniter.php(361): CodeIgniter\CodeIgniter->handleRequest(null, Object(Config\Cache), false)
10 FCPATH\index.php(79): CodeIgniter\CodeIgniter->run()
CRITICAL - 2024-03-21 14:03:51 --> [Caused by] mysqli_sql_exception: Unknown column 'inward_return.inward_id' in 'where clause'
in SYSTEMPATH\Database\MySQLi\Connection.php on line 306.
 1 SYSTEMPATH\Database\MySQLi\Connection.php(306): mysqli->query('SELECT `inward`.*, `center`.`name` AS `center_name`, `seller`.`name` AS `seller_name`, `garden`.`name` AS `garden_name`, `warehouse`.`name` AS `warehouse_name`, (SELECT COUNT(*) FROM inward_return AS cnt WHERE inward.id = inward_return.inward_id) = 0
FROM `inward`
LEFT JOIN `center` ON `center`.`id` = `inward`.`center_id`
LEFT JOIN `seller` ON `seller`.`id` = `inward`.`seller_id`
LEFT JOIN `garden` ON `garden`.`id` = `inward`.`garden_id`
LEFT JOIN `warehouse` ON `warehouse`.`id` = `inward`.`warehouse_id`
WHERE `inward`.`status` = 1', 0)
 2 SYSTEMPATH\Database\BaseConnection.php(693): CodeIgniter\Database\MySQLi\Connection->execute('SELECT `inward`.*, `center`.`name` AS `center_name`, `seller`.`name` AS `seller_name`, `garden`.`name` AS `garden_name`, `warehouse`.`name` AS `warehouse_name`, (SELECT COUNT(*) FROM inward_return AS cnt WHERE inward.id = inward_return.inward_id) = 0
FROM `inward`
LEFT JOIN `center` ON `center`.`id` = `inward`.`center_id`
LEFT JOIN `seller` ON `seller`.`id` = `inward`.`seller_id`
LEFT JOIN `garden` ON `garden`.`id` = `inward`.`garden_id`
LEFT JOIN `warehouse` ON `warehouse`.`id` = `inward`.`warehouse_id`
WHERE `inward`.`status` = 1')
 3 SYSTEMPATH\Database\BaseConnection.php(607): CodeIgniter\Database\BaseConnection->simpleQuery('SELECT `inward`.*, `center`.`name` AS `center_name`, `seller`.`name` AS `seller_name`, `garden`.`name` AS `garden_name`, `warehouse`.`name` AS `warehouse_name`, (SELECT COUNT(*) FROM inward_return AS cnt WHERE inward.id = inward_return.inward_id) = 0
FROM `inward`
LEFT JOIN `center` ON `center`.`id` = `inward`.`center_id`
LEFT JOIN `seller` ON `seller`.`id` = `inward`.`seller_id`
LEFT JOIN `garden` ON `garden`.`id` = `inward`.`garden_id`
LEFT JOIN `warehouse` ON `warehouse`.`id` = `inward`.`warehouse_id`
WHERE `inward`.`status` = 1')
 4 SYSTEMPATH\Database\BaseBuilder.php(1616): CodeIgniter\Database\BaseConnection->query('SELECT `inward`.*, `center`.`name` AS `center_name`, `seller`.`name` AS `seller_name`, `garden`.`name` AS `garden_name`, `warehouse`.`name` AS `warehouse_name`, (SELECT COUNT(*) FROM inward_return AS cnt WHERE inward.id = inward_return.inward_id) = 0
FROM `inward`
LEFT JOIN `center` ON `center`.`id` = `inward`.`center_id`
LEFT JOIN `seller` ON `seller`.`id` = `inward`.`seller_id`
LEFT JOIN `garden` ON `garden`.`id` = `inward`.`garden_id`
LEFT JOIN `warehouse` ON `warehouse`.`id` = `inward`.`warehouse_id`
WHERE `inward`.`status` = :inward.status:', [...], false)
 5 SYSTEMPATH\Model.php(242): CodeIgniter\Database\BaseBuilder->get()
 6 SYSTEMPATH\BaseModel.php(638): CodeIgniter\Model->doFindAll(0, 0)
 7 APPPATH\Controllers\Inward.php(38): CodeIgniter\BaseModel->findAll()
 8 SYSTEMPATH\CodeIgniter.php(941): App\Controllers\Inward->index()
 9 SYSTEMPATH\CodeIgniter.php(502): CodeIgniter\CodeIgniter->runController(Object(App\Controllers\Inward))
10 SYSTEMPATH\CodeIgniter.php(361): CodeIgniter\CodeIgniter->handleRequest(null, Object(Config\Cache), false)
11 FCPATH\index.php(79): CodeIgniter\CodeIgniter->run()
ERROR - 2024-03-21 14:06:03 --> mysqli_sql_exception: You have an error in your SQL syntax; check the manual that corresponds to your MariaDB server version for the right syntax to use near ') AS cnt
FROM `inward`
LEFT JOIN `center` ON `center`.`id` = `inward`.`center...' at line 1 in F:\xampp\htdocs\oams_staging\api\system\Database\MySQLi\Connection.php:306
Stack trace:
#0 F:\xampp\htdocs\oams_staging\api\system\Database\MySQLi\Connection.php(306): mysqli->query('SELECT `inward`...', 0)
#1 F:\xampp\htdocs\oams_staging\api\system\Database\BaseConnection.php(693): CodeIgniter\Database\MySQLi\Connection->execute('SELECT `inward`...')
#2 F:\xampp\htdocs\oams_staging\api\system\Database\BaseConnection.php(607): CodeIgniter\Database\BaseConnection->simpleQuery('SELECT `inward`...')
#3 F:\xampp\htdocs\oams_staging\api\system\Database\BaseBuilder.php(1616): CodeIgniter\Database\BaseConnection->query('SELECT `inward`...', Array, false)
#4 F:\xampp\htdocs\oams_staging\api\system\Model.php(242): CodeIgniter\Database\BaseBuilder->get()
#5 F:\xampp\htdocs\oams_staging\api\system\BaseModel.php(638): CodeIgniter\Model->doFindAll(0, 0)
#6 F:\xampp\htdocs\oams_staging\api\app\Controllers\Inward.php(38): CodeIgniter\BaseModel->findAll()
#7 F:\xampp\htdocs\oams_staging\api\system\CodeIgniter.php(941): App\Controllers\Inward->index()
#8 F:\xampp\htdocs\oams_staging\api\system\CodeIgniter.php(502): CodeIgniter\CodeIgniter->runController(Object(App\Controllers\Inward))
#9 F:\xampp\htdocs\oams_staging\api\system\CodeIgniter.php(361): CodeIgniter\CodeIgniter->handleRequest(NULL, Object(Config\Cache), false)
#10 F:\xampp\htdocs\oams_staging\api\public\index.php(79): CodeIgniter\CodeIgniter->run()
#11 {main}
CRITICAL - 2024-03-21 14:06:03 --> CodeIgniter\Database\Exceptions\DatabaseException: You have an error in your SQL syntax; check the manual that corresponds to your MariaDB server version for the right syntax to use near ') AS cnt
FROM `inward`
LEFT JOIN `center` ON `center`.`id` = `inward`.`center...' at line 1
in SYSTEMPATH\Database\BaseConnection.php on line 647.
 1 SYSTEMPATH\Database\BaseBuilder.php(1616): CodeIgniter\Database\BaseConnection->query('SELECT `inward`.*, `center`.`name` AS `center_name`, `seller`.`name` AS `seller_name`, `garden`.`name` AS `garden_name`, `warehouse`.`name` AS `warehouse_name`, (SELECT COUNT(*) FROM inward_return WHERE inward.id = inward_return.inward_id) = 0) AS cnt
FROM `inward`
LEFT JOIN `center` ON `center`.`id` = `inward`.`center_id`
LEFT JOIN `seller` ON `seller`.`id` = `inward`.`seller_id`
LEFT JOIN `garden` ON `garden`.`id` = `inward`.`garden_id`
LEFT JOIN `warehouse` ON `warehouse`.`id` = `inward`.`warehouse_id`
WHERE `inward`.`status` = :inward.status:', [...], false)
 2 SYSTEMPATH\Model.php(242): CodeIgniter\Database\BaseBuilder->get()
 3 SYSTEMPATH\BaseModel.php(638): CodeIgniter\Model->doFindAll(0, 0)
 4 APPPATH\Controllers\Inward.php(38): CodeIgniter\BaseModel->findAll()
 5 SYSTEMPATH\CodeIgniter.php(941): App\Controllers\Inward->index()
 6 SYSTEMPATH\CodeIgniter.php(502): CodeIgniter\CodeIgniter->runController(Object(App\Controllers\Inward))
 7 SYSTEMPATH\CodeIgniter.php(361): CodeIgniter\CodeIgniter->handleRequest(null, Object(Config\Cache), false)
 8 FCPATH\index.php(79): CodeIgniter\CodeIgniter->run()
CRITICAL - 2024-03-21 14:06:03 --> [Caused by] CodeIgniter\Database\Exceptions\DatabaseException: You have an error in your SQL syntax; check the manual that corresponds to your MariaDB server version for the right syntax to use near ') AS cnt
FROM `inward`
LEFT JOIN `center` ON `center`.`id` = `inward`.`center...' at line 1
in SYSTEMPATH\Database\MySQLi\Connection.php on line 311.
 1 SYSTEMPATH\Database\BaseConnection.php(693): CodeIgniter\Database\MySQLi\Connection->execute('SELECT `inward`.*, `center`.`name` AS `center_name`, `seller`.`name` AS `seller_name`, `garden`.`name` AS `garden_name`, `warehouse`.`name` AS `warehouse_name`, (SELECT COUNT(*) FROM inward_return WHERE inward.id = inward_return.inward_id) = 0) AS cnt
FROM `inward`
LEFT JOIN `center` ON `center`.`id` = `inward`.`center_id`
LEFT JOIN `seller` ON `seller`.`id` = `inward`.`seller_id`
LEFT JOIN `garden` ON `garden`.`id` = `inward`.`garden_id`
LEFT JOIN `warehouse` ON `warehouse`.`id` = `inward`.`warehouse_id`
WHERE `inward`.`status` = 1')
 2 SYSTEMPATH\Database\BaseConnection.php(607): CodeIgniter\Database\BaseConnection->simpleQuery('SELECT `inward`.*, `center`.`name` AS `center_name`, `seller`.`name` AS `seller_name`, `garden`.`name` AS `garden_name`, `warehouse`.`name` AS `warehouse_name`, (SELECT COUNT(*) FROM inward_return WHERE inward.id = inward_return.inward_id) = 0) AS cnt
FROM `inward`
LEFT JOIN `center` ON `center`.`id` = `inward`.`center_id`
LEFT JOIN `seller` ON `seller`.`id` = `inward`.`seller_id`
LEFT JOIN `garden` ON `garden`.`id` = `inward`.`garden_id`
LEFT JOIN `warehouse` ON `warehouse`.`id` = `inward`.`warehouse_id`
WHERE `inward`.`status` = 1')
 3 SYSTEMPATH\Database\BaseBuilder.php(1616): CodeIgniter\Database\BaseConnection->query('SELECT `inward`.*, `center`.`name` AS `center_name`, `seller`.`name` AS `seller_name`, `garden`.`name` AS `garden_name`, `warehouse`.`name` AS `warehouse_name`, (SELECT COUNT(*) FROM inward_return WHERE inward.id = inward_return.inward_id) = 0) AS cnt
FROM `inward`
LEFT JOIN `center` ON `center`.`id` = `inward`.`center_id`
LEFT JOIN `seller` ON `seller`.`id` = `inward`.`seller_id`
LEFT JOIN `garden` ON `garden`.`id` = `inward`.`garden_id`
LEFT JOIN `warehouse` ON `warehouse`.`id` = `inward`.`warehouse_id`
WHERE `inward`.`status` = :inward.status:', [...], false)
 4 SYSTEMPATH\Model.php(242): CodeIgniter\Database\BaseBuilder->get()
 5 SYSTEMPATH\BaseModel.php(638): CodeIgniter\Model->doFindAll(0, 0)
 6 APPPATH\Controllers\Inward.php(38): CodeIgniter\BaseModel->findAll()
 7 SYSTEMPATH\CodeIgniter.php(941): App\Controllers\Inward->index()
 8 SYSTEMPATH\CodeIgniter.php(502): CodeIgniter\CodeIgniter->runController(Object(App\Controllers\Inward))
 9 SYSTEMPATH\CodeIgniter.php(361): CodeIgniter\CodeIgniter->handleRequest(null, Object(Config\Cache), false)
10 FCPATH\index.php(79): CodeIgniter\CodeIgniter->run()
CRITICAL - 2024-03-21 14:06:03 --> [Caused by] mysqli_sql_exception: You have an error in your SQL syntax; check the manual that corresponds to your MariaDB server version for the right syntax to use near ') AS cnt
FROM `inward`
LEFT JOIN `center` ON `center`.`id` = `inward`.`center...' at line 1
in SYSTEMPATH\Database\MySQLi\Connection.php on line 306.
 1 SYSTEMPATH\Database\MySQLi\Connection.php(306): mysqli->query('SELECT `inward`.*, `center`.`name` AS `center_name`, `seller`.`name` AS `seller_name`, `garden`.`name` AS `garden_name`, `warehouse`.`name` AS `warehouse_name`, (SELECT COUNT(*) FROM inward_return WHERE inward.id = inward_return.inward_id) = 0) AS cnt
FROM `inward`
LEFT JOIN `center` ON `center`.`id` = `inward`.`center_id`
LEFT JOIN `seller` ON `seller`.`id` = `inward`.`seller_id`
LEFT JOIN `garden` ON `garden`.`id` = `inward`.`garden_id`
LEFT JOIN `warehouse` ON `warehouse`.`id` = `inward`.`warehouse_id`
WHERE `inward`.`status` = 1', 0)
 2 SYSTEMPATH\Database\BaseConnection.php(693): CodeIgniter\Database\MySQLi\Connection->execute('SELECT `inward`.*, `center`.`name` AS `center_name`, `seller`.`name` AS `seller_name`, `garden`.`name` AS `garden_name`, `warehouse`.`name` AS `warehouse_name`, (SELECT COUNT(*) FROM inward_return WHERE inward.id = inward_return.inward_id) = 0) AS cnt
FROM `inward`
LEFT JOIN `center` ON `center`.`id` = `inward`.`center_id`
LEFT JOIN `seller` ON `seller`.`id` = `inward`.`seller_id`
LEFT JOIN `garden` ON `garden`.`id` = `inward`.`garden_id`
LEFT JOIN `warehouse` ON `warehouse`.`id` = `inward`.`warehouse_id`
WHERE `inward`.`status` = 1')
 3 SYSTEMPATH\Database\BaseConnection.php(607): CodeIgniter\Database\BaseConnection->simpleQuery('SELECT `inward`.*, `center`.`name` AS `center_name`, `seller`.`name` AS `seller_name`, `garden`.`name` AS `garden_name`, `warehouse`.`name` AS `warehouse_name`, (SELECT COUNT(*) FROM inward_return WHERE inward.id = inward_return.inward_id) = 0) AS cnt
FROM `inward`
LEFT JOIN `center` ON `center`.`id` = `inward`.`center_id`
LEFT JOIN `seller` ON `seller`.`id` = `inward`.`seller_id`
LEFT JOIN `garden` ON `garden`.`id` = `inward`.`garden_id`
LEFT JOIN `warehouse` ON `warehouse`.`id` = `inward`.`warehouse_id`
WHERE `inward`.`status` = 1')
 4 SYSTEMPATH\Database\BaseBuilder.php(1616): CodeIgniter\Database\BaseConnection->query('SELECT `inward`.*, `center`.`name` AS `center_name`, `seller`.`name` AS `seller_name`, `garden`.`name` AS `garden_name`, `warehouse`.`name` AS `warehouse_name`, (SELECT COUNT(*) FROM inward_return WHERE inward.id = inward_return.inward_id) = 0) AS cnt
FROM `inward`
LEFT JOIN `center` ON `center`.`id` = `inward`.`center_id`
LEFT JOIN `seller` ON `seller`.`id` = `inward`.`seller_id`
LEFT JOIN `garden` ON `garden`.`id` = `inward`.`garden_id`
LEFT JOIN `warehouse` ON `warehouse`.`id` = `inward`.`warehouse_id`
WHERE `inward`.`status` = :inward.status:', [...], false)
 5 SYSTEMPATH\Model.php(242): CodeIgniter\Database\BaseBuilder->get()
 6 SYSTEMPATH\BaseModel.php(638): CodeIgniter\Model->doFindAll(0, 0)
 7 APPPATH\Controllers\Inward.php(38): CodeIgniter\BaseModel->findAll()
 8 SYSTEMPATH\CodeIgniter.php(941): App\Controllers\Inward->index()
 9 SYSTEMPATH\CodeIgniter.php(502): CodeIgniter\CodeIgniter->runController(Object(App\Controllers\Inward))
10 SYSTEMPATH\CodeIgniter.php(361): CodeIgniter\CodeIgniter->handleRequest(null, Object(Config\Cache), false)
11 FCPATH\index.php(79): CodeIgniter\CodeIgniter->run()
ERROR - 2024-03-21 14:10:42 --> mysqli_sql_exception: You have an error in your SQL syntax; check the manual that corresponds to your MariaDB server version for the right syntax to use near ')
FROM `inward`
LEFT JOIN `center` ON `center`.`id` = `inward`.`center_id`
LE...' at line 1 in F:\xampp\htdocs\oams_staging\api\system\Database\MySQLi\Connection.php:306
Stack trace:
#0 F:\xampp\htdocs\oams_staging\api\system\Database\MySQLi\Connection.php(306): mysqli->query('SELECT `inward`...', 0)
#1 F:\xampp\htdocs\oams_staging\api\system\Database\BaseConnection.php(693): CodeIgniter\Database\MySQLi\Connection->execute('SELECT `inward`...')
#2 F:\xampp\htdocs\oams_staging\api\system\Database\BaseConnection.php(607): CodeIgniter\Database\BaseConnection->simpleQuery('SELECT `inward`...')
#3 F:\xampp\htdocs\oams_staging\api\system\Database\BaseBuilder.php(1616): CodeIgniter\Database\BaseConnection->query('SELECT `inward`...', Array, false)
#4 F:\xampp\htdocs\oams_staging\api\system\Model.php(242): CodeIgniter\Database\BaseBuilder->get()
#5 F:\xampp\htdocs\oams_staging\api\system\BaseModel.php(638): CodeIgniter\Model->doFindAll(0, 0)
#6 F:\xampp\htdocs\oams_staging\api\app\Controllers\Inward.php(38): CodeIgniter\BaseModel->findAll()
#7 F:\xampp\htdocs\oams_staging\api\system\CodeIgniter.php(941): App\Controllers\Inward->index()
#8 F:\xampp\htdocs\oams_staging\api\system\CodeIgniter.php(502): CodeIgniter\CodeIgniter->runController(Object(App\Controllers\Inward))
#9 F:\xampp\htdocs\oams_staging\api\system\CodeIgniter.php(361): CodeIgniter\CodeIgniter->handleRequest(NULL, Object(Config\Cache), false)
#10 F:\xampp\htdocs\oams_staging\api\public\index.php(79): CodeIgniter\CodeIgniter->run()
#11 {main}
CRITICAL - 2024-03-21 14:10:42 --> CodeIgniter\Database\Exceptions\DatabaseException: You have an error in your SQL syntax; check the manual that corresponds to your MariaDB server version for the right syntax to use near ')
FROM `inward`
LEFT JOIN `center` ON `center`.`id` = `inward`.`center_id`
LE...' at line 1
in SYSTEMPATH\Database\BaseConnection.php on line 647.
 1 SYSTEMPATH\Database\BaseBuilder.php(1616): CodeIgniter\Database\BaseConnection->query('SELECT `inward`.*, `center`.`name` AS `center_name`, `seller`.`name` AS `seller_name`, `garden`.`name` AS `garden_name`, `warehouse`.`name` AS `warehouse_name`, (SELECT COUNT(*) FROM inward_return WHERE inward.id = inward_return.inward_id) = 0 AS cnt)
FROM `inward`
LEFT JOIN `center` ON `center`.`id` = `inward`.`center_id`
LEFT JOIN `seller` ON `seller`.`id` = `inward`.`seller_id`
LEFT JOIN `garden` ON `garden`.`id` = `inward`.`garden_id`
LEFT JOIN `warehouse` ON `warehouse`.`id` = `inward`.`warehouse_id`
WHERE `inward`.`status` = :inward.status:', [...], false)
 2 SYSTEMPATH\Model.php(242): CodeIgniter\Database\BaseBuilder->get()
 3 SYSTEMPATH\BaseModel.php(638): CodeIgniter\Model->doFindAll(0, 0)
 4 APPPATH\Controllers\Inward.php(38): CodeIgniter\BaseModel->findAll()
 5 SYSTEMPATH\CodeIgniter.php(941): App\Controllers\Inward->index()
 6 SYSTEMPATH\CodeIgniter.php(502): CodeIgniter\CodeIgniter->runController(Object(App\Controllers\Inward))
 7 SYSTEMPATH\CodeIgniter.php(361): CodeIgniter\CodeIgniter->handleRequest(null, Object(Config\Cache), false)
 8 FCPATH\index.php(79): CodeIgniter\CodeIgniter->run()
CRITICAL - 2024-03-21 14:10:42 --> [Caused by] CodeIgniter\Database\Exceptions\DatabaseException: You have an error in your SQL syntax; check the manual that corresponds to your MariaDB server version for the right syntax to use near ')
FROM `inward`
LEFT JOIN `center` ON `center`.`id` = `inward`.`center_id`
LE...' at line 1
in SYSTEMPATH\Database\MySQLi\Connection.php on line 311.
 1 SYSTEMPATH\Database\BaseConnection.php(693): CodeIgniter\Database\MySQLi\Connection->execute('SELECT `inward`.*, `center`.`name` AS `center_name`, `seller`.`name` AS `seller_name`, `garden`.`name` AS `garden_name`, `warehouse`.`name` AS `warehouse_name`, (SELECT COUNT(*) FROM inward_return WHERE inward.id = inward_return.inward_id) = 0 AS cnt)
FROM `inward`
LEFT JOIN `center` ON `center`.`id` = `inward`.`center_id`
LEFT JOIN `seller` ON `seller`.`id` = `inward`.`seller_id`
LEFT JOIN `garden` ON `garden`.`id` = `inward`.`garden_id`
LEFT JOIN `warehouse` ON `warehouse`.`id` = `inward`.`warehouse_id`
WHERE `inward`.`status` = 1')
 2 SYSTEMPATH\Database\BaseConnection.php(607): CodeIgniter\Database\BaseConnection->simpleQuery('SELECT `inward`.*, `center`.`name` AS `center_name`, `seller`.`name` AS `seller_name`, `garden`.`name` AS `garden_name`, `warehouse`.`name` AS `warehouse_name`, (SELECT COUNT(*) FROM inward_return WHERE inward.id = inward_return.inward_id) = 0 AS cnt)
FROM `inward`
LEFT JOIN `center` ON `center`.`id` = `inward`.`center_id`
LEFT JOIN `seller` ON `seller`.`id` = `inward`.`seller_id`
LEFT JOIN `garden` ON `garden`.`id` = `inward`.`garden_id`
LEFT JOIN `warehouse` ON `warehouse`.`id` = `inward`.`warehouse_id`
WHERE `inward`.`status` = 1')
 3 SYSTEMPATH\Database\BaseBuilder.php(1616): CodeIgniter\Database\BaseConnection->query('SELECT `inward`.*, `center`.`name` AS `center_name`, `seller`.`name` AS `seller_name`, `garden`.`name` AS `garden_name`, `warehouse`.`name` AS `warehouse_name`, (SELECT COUNT(*) FROM inward_return WHERE inward.id = inward_return.inward_id) = 0 AS cnt)
FROM `inward`
LEFT JOIN `center` ON `center`.`id` = `inward`.`center_id`
LEFT JOIN `seller` ON `seller`.`id` = `inward`.`seller_id`
LEFT JOIN `garden` ON `garden`.`id` = `inward`.`garden_id`
LEFT JOIN `warehouse` ON `warehouse`.`id` = `inward`.`warehouse_id`
WHERE `inward`.`status` = :inward.status:', [...], false)
 4 SYSTEMPATH\Model.php(242): CodeIgniter\Database\BaseBuilder->get()
 5 SYSTEMPATH\BaseModel.php(638): CodeIgniter\Model->doFindAll(0, 0)
 6 APPPATH\Controllers\Inward.php(38): CodeIgniter\BaseModel->findAll()
 7 SYSTEMPATH\CodeIgniter.php(941): App\Controllers\Inward->index()
 8 SYSTEMPATH\CodeIgniter.php(502): CodeIgniter\CodeIgniter->runController(Object(App\Controllers\Inward))
 9 SYSTEMPATH\CodeIgniter.php(361): CodeIgniter\CodeIgniter->handleRequest(null, Object(Config\Cache), false)
10 FCPATH\index.php(79): CodeIgniter\CodeIgniter->run()
CRITICAL - 2024-03-21 14:10:42 --> [Caused by] mysqli_sql_exception: You have an error in your SQL syntax; check the manual that corresponds to your MariaDB server version for the right syntax to use near ')
FROM `inward`
LEFT JOIN `center` ON `center`.`id` = `inward`.`center_id`
LE...' at line 1
in SYSTEMPATH\Database\MySQLi\Connection.php on line 306.
 1 SYSTEMPATH\Database\MySQLi\Connection.php(306): mysqli->query('SELECT `inward`.*, `center`.`name` AS `center_name`, `seller`.`name` AS `seller_name`, `garden`.`name` AS `garden_name`, `warehouse`.`name` AS `warehouse_name`, (SELECT COUNT(*) FROM inward_return WHERE inward.id = inward_return.inward_id) = 0 AS cnt)
FROM `inward`
LEFT JOIN `center` ON `center`.`id` = `inward`.`center_id`
LEFT JOIN `seller` ON `seller`.`id` = `inward`.`seller_id`
LEFT JOIN `garden` ON `garden`.`id` = `inward`.`garden_id`
LEFT JOIN `warehouse` ON `warehouse`.`id` = `inward`.`warehouse_id`
WHERE `inward`.`status` = 1', 0)
 2 SYSTEMPATH\Database\BaseConnection.php(693): CodeIgniter\Database\MySQLi\Connection->execute('SELECT `inward`.*, `center`.`name` AS `center_name`, `seller`.`name` AS `seller_name`, `garden`.`name` AS `garden_name`, `warehouse`.`name` AS `warehouse_name`, (SELECT COUNT(*) FROM inward_return WHERE inward.id = inward_return.inward_id) = 0 AS cnt)
FROM `inward`
LEFT JOIN `center` ON `center`.`id` = `inward`.`center_id`
LEFT JOIN `seller` ON `seller`.`id` = `inward`.`seller_id`
LEFT JOIN `garden` ON `garden`.`id` = `inward`.`garden_id`
LEFT JOIN `warehouse` ON `warehouse`.`id` = `inward`.`warehouse_id`
WHERE `inward`.`status` = 1')
 3 SYSTEMPATH\Database\BaseConnection.php(607): CodeIgniter\Database\BaseConnection->simpleQuery('SELECT `inward`.*, `center`.`name` AS `center_name`, `seller`.`name` AS `seller_name`, `garden`.`name` AS `garden_name`, `warehouse`.`name` AS `warehouse_name`, (SELECT COUNT(*) FROM inward_return WHERE inward.id = inward_return.inward_id) = 0 AS cnt)
FROM `inward`
LEFT JOIN `center` ON `center`.`id` = `inward`.`center_id`
LEFT JOIN `seller` ON `seller`.`id` = `inward`.`seller_id`
LEFT JOIN `garden` ON `garden`.`id` = `inward`.`garden_id`
LEFT JOIN `warehouse` ON `warehouse`.`id` = `inward`.`warehouse_id`
WHERE `inward`.`status` = 1')
 4 SYSTEMPATH\Database\BaseBuilder.php(1616): CodeIgniter\Database\BaseConnection->query('SELECT `inward`.*, `center`.`name` AS `center_name`, `seller`.`name` AS `seller_name`, `garden`.`name` AS `garden_name`, `warehouse`.`name` AS `warehouse_name`, (SELECT COUNT(*) FROM inward_return WHERE inward.id = inward_return.inward_id) = 0 AS cnt)
FROM `inward`
LEFT JOIN `center` ON `center`.`id` = `inward`.`center_id`
LEFT JOIN `seller` ON `seller`.`id` = `inward`.`seller_id`
LEFT JOIN `garden` ON `garden`.`id` = `inward`.`garden_id`
LEFT JOIN `warehouse` ON `warehouse`.`id` = `inward`.`warehouse_id`
WHERE `inward`.`status` = :inward.status:', [...], false)
 5 SYSTEMPATH\Model.php(242): CodeIgniter\Database\BaseBuilder->get()
 6 SYSTEMPATH\BaseModel.php(638): CodeIgniter\Model->doFindAll(0, 0)
 7 APPPATH\Controllers\Inward.php(38): CodeIgniter\BaseModel->findAll()
 8 SYSTEMPATH\CodeIgniter.php(941): App\Controllers\Inward->index()
 9 SYSTEMPATH\CodeIgniter.php(502): CodeIgniter\CodeIgniter->runController(Object(App\Controllers\Inward))
10 SYSTEMPATH\CodeIgniter.php(361): CodeIgniter\CodeIgniter->handleRequest(null, Object(Config\Cache), false)
11 FCPATH\index.php(79): CodeIgniter\CodeIgniter->run()
ERROR - 2024-03-21 14:10:45 --> mysqli_sql_exception: You have an error in your SQL syntax; check the manual that corresponds to your MariaDB server version for the right syntax to use near ')
FROM `inward`
LEFT JOIN `center` ON `center`.`id` = `inward`.`center_id`
LE...' at line 1 in F:\xampp\htdocs\oams_staging\api\system\Database\MySQLi\Connection.php:306
Stack trace:
#0 F:\xampp\htdocs\oams_staging\api\system\Database\MySQLi\Connection.php(306): mysqli->query('SELECT `inward`...', 0)
#1 F:\xampp\htdocs\oams_staging\api\system\Database\BaseConnection.php(693): CodeIgniter\Database\MySQLi\Connection->execute('SELECT `inward`...')
#2 F:\xampp\htdocs\oams_staging\api\system\Database\BaseConnection.php(607): CodeIgniter\Database\BaseConnection->simpleQuery('SELECT `inward`...')
#3 F:\xampp\htdocs\oams_staging\api\system\Database\BaseBuilder.php(1616): CodeIgniter\Database\BaseConnection->query('SELECT `inward`...', Array, false)
#4 F:\xampp\htdocs\oams_staging\api\system\Model.php(242): CodeIgniter\Database\BaseBuilder->get()
#5 F:\xampp\htdocs\oams_staging\api\system\BaseModel.php(638): CodeIgniter\Model->doFindAll(0, 0)
#6 F:\xampp\htdocs\oams_staging\api\app\Controllers\Inward.php(38): CodeIgniter\BaseModel->findAll()
#7 F:\xampp\htdocs\oams_staging\api\system\CodeIgniter.php(941): App\Controllers\Inward->index()
#8 F:\xampp\htdocs\oams_staging\api\system\CodeIgniter.php(502): CodeIgniter\CodeIgniter->runController(Object(App\Controllers\Inward))
#9 F:\xampp\htdocs\oams_staging\api\system\CodeIgniter.php(361): CodeIgniter\CodeIgniter->handleRequest(NULL, Object(Config\Cache), false)
#10 F:\xampp\htdocs\oams_staging\api\public\index.php(79): CodeIgniter\CodeIgniter->run()
#11 {main}
CRITICAL - 2024-03-21 14:10:45 --> CodeIgniter\Database\Exceptions\DatabaseException: You have an error in your SQL syntax; check the manual that corresponds to your MariaDB server version for the right syntax to use near ')
FROM `inward`
LEFT JOIN `center` ON `center`.`id` = `inward`.`center_id`
LE...' at line 1
in SYSTEMPATH\Database\BaseConnection.php on line 647.
 1 SYSTEMPATH\Database\BaseBuilder.php(1616): CodeIgniter\Database\BaseConnection->query('SELECT `inward`.*, `center`.`name` AS `center_name`, `seller`.`name` AS `seller_name`, `garden`.`name` AS `garden_name`, `warehouse`.`name` AS `warehouse_name`, (SELECT COUNT(*) FROM inward_return WHERE inward.id = inward_return.inward_id) = 0 AS cnt)
FROM `inward`
LEFT JOIN `center` ON `center`.`id` = `inward`.`center_id`
LEFT JOIN `seller` ON `seller`.`id` = `inward`.`seller_id`
LEFT JOIN `garden` ON `garden`.`id` = `inward`.`garden_id`
LEFT JOIN `warehouse` ON `warehouse`.`id` = `inward`.`warehouse_id`
WHERE `inward`.`status` = :inward.status:', [...], false)
 2 SYSTEMPATH\Model.php(242): CodeIgniter\Database\BaseBuilder->get()
 3 SYSTEMPATH\BaseModel.php(638): CodeIgniter\Model->doFindAll(0, 0)
 4 APPPATH\Controllers\Inward.php(38): CodeIgniter\BaseModel->findAll()
 5 SYSTEMPATH\CodeIgniter.php(941): App\Controllers\Inward->index()
 6 SYSTEMPATH\CodeIgniter.php(502): CodeIgniter\CodeIgniter->runController(Object(App\Controllers\Inward))
 7 SYSTEMPATH\CodeIgniter.php(361): CodeIgniter\CodeIgniter->handleRequest(null, Object(Config\Cache), false)
 8 FCPATH\index.php(79): CodeIgniter\CodeIgniter->run()
CRITICAL - 2024-03-21 14:10:45 --> [Caused by] CodeIgniter\Database\Exceptions\DatabaseException: You have an error in your SQL syntax; check the manual that corresponds to your MariaDB server version for the right syntax to use near ')
FROM `inward`
LEFT JOIN `center` ON `center`.`id` = `inward`.`center_id`
LE...' at line 1
in SYSTEMPATH\Database\MySQLi\Connection.php on line 311.
 1 SYSTEMPATH\Database\BaseConnection.php(693): CodeIgniter\Database\MySQLi\Connection->execute('SELECT `inward`.*, `center`.`name` AS `center_name`, `seller`.`name` AS `seller_name`, `garden`.`name` AS `garden_name`, `warehouse`.`name` AS `warehouse_name`, (SELECT COUNT(*) FROM inward_return WHERE inward.id = inward_return.inward_id) = 0 AS cnt)
FROM `inward`
LEFT JOIN `center` ON `center`.`id` = `inward`.`center_id`
LEFT JOIN `seller` ON `seller`.`id` = `inward`.`seller_id`
LEFT JOIN `garden` ON `garden`.`id` = `inward`.`garden_id`
LEFT JOIN `warehouse` ON `warehouse`.`id` = `inward`.`warehouse_id`
WHERE `inward`.`status` = 1')
 2 SYSTEMPATH\Database\BaseConnection.php(607): CodeIgniter\Database\BaseConnection->simpleQuery('SELECT `inward`.*, `center`.`name` AS `center_name`, `seller`.`name` AS `seller_name`, `garden`.`name` AS `garden_name`, `warehouse`.`name` AS `warehouse_name`, (SELECT COUNT(*) FROM inward_return WHERE inward.id = inward_return.inward_id) = 0 AS cnt)
FROM `inward`
LEFT JOIN `center` ON `center`.`id` = `inward`.`center_id`
LEFT JOIN `seller` ON `seller`.`id` = `inward`.`seller_id`
LEFT JOIN `garden` ON `garden`.`id` = `inward`.`garden_id`
LEFT JOIN `warehouse` ON `warehouse`.`id` = `inward`.`warehouse_id`
WHERE `inward`.`status` = 1')
 3 SYSTEMPATH\Database\BaseBuilder.php(1616): CodeIgniter\Database\BaseConnection->query('SELECT `inward`.*, `center`.`name` AS `center_name`, `seller`.`name` AS `seller_name`, `garden`.`name` AS `garden_name`, `warehouse`.`name` AS `warehouse_name`, (SELECT COUNT(*) FROM inward_return WHERE inward.id = inward_return.inward_id) = 0 AS cnt)
FROM `inward`
LEFT JOIN `center` ON `center`.`id` = `inward`.`center_id`
LEFT JOIN `seller` ON `seller`.`id` = `inward`.`seller_id`
LEFT JOIN `garden` ON `garden`.`id` = `inward`.`garden_id`
LEFT JOIN `warehouse` ON `warehouse`.`id` = `inward`.`warehouse_id`
WHERE `inward`.`status` = :inward.status:', [...], false)
 4 SYSTEMPATH\Model.php(242): CodeIgniter\Database\BaseBuilder->get()
 5 SYSTEMPATH\BaseModel.php(638): CodeIgniter\Model->doFindAll(0, 0)
 6 APPPATH\Controllers\Inward.php(38): CodeIgniter\BaseModel->findAll()
 7 SYSTEMPATH\CodeIgniter.php(941): App\Controllers\Inward->index()
 8 SYSTEMPATH\CodeIgniter.php(502): CodeIgniter\CodeIgniter->runController(Object(App\Controllers\Inward))
 9 SYSTEMPATH\CodeIgniter.php(361): CodeIgniter\CodeIgniter->handleRequest(null, Object(Config\Cache), false)
10 FCPATH\index.php(79): CodeIgniter\CodeIgniter->run()
CRITICAL - 2024-03-21 14:10:45 --> [Caused by] mysqli_sql_exception: You have an error in your SQL syntax; check the manual that corresponds to your MariaDB server version for the right syntax to use near ')
FROM `inward`
LEFT JOIN `center` ON `center`.`id` = `inward`.`center_id`
LE...' at line 1
in SYSTEMPATH\Database\MySQLi\Connection.php on line 306.
 1 SYSTEMPATH\Database\MySQLi\Connection.php(306): mysqli->query('SELECT `inward`.*, `center`.`name` AS `center_name`, `seller`.`name` AS `seller_name`, `garden`.`name` AS `garden_name`, `warehouse`.`name` AS `warehouse_name`, (SELECT COUNT(*) FROM inward_return WHERE inward.id = inward_return.inward_id) = 0 AS cnt)
FROM `inward`
LEFT JOIN `center` ON `center`.`id` = `inward`.`center_id`
LEFT JOIN `seller` ON `seller`.`id` = `inward`.`seller_id`
LEFT JOIN `garden` ON `garden`.`id` = `inward`.`garden_id`
LEFT JOIN `warehouse` ON `warehouse`.`id` = `inward`.`warehouse_id`
WHERE `inward`.`status` = 1', 0)
 2 SYSTEMPATH\Database\BaseConnection.php(693): CodeIgniter\Database\MySQLi\Connection->execute('SELECT `inward`.*, `center`.`name` AS `center_name`, `seller`.`name` AS `seller_name`, `garden`.`name` AS `garden_name`, `warehouse`.`name` AS `warehouse_name`, (SELECT COUNT(*) FROM inward_return WHERE inward.id = inward_return.inward_id) = 0 AS cnt)
FROM `inward`
LEFT JOIN `center` ON `center`.`id` = `inward`.`center_id`
LEFT JOIN `seller` ON `seller`.`id` = `inward`.`seller_id`
LEFT JOIN `garden` ON `garden`.`id` = `inward`.`garden_id`
LEFT JOIN `warehouse` ON `warehouse`.`id` = `inward`.`warehouse_id`
WHERE `inward`.`status` = 1')
 3 SYSTEMPATH\Database\BaseConnection.php(607): CodeIgniter\Database\BaseConnection->simpleQuery('SELECT `inward`.*, `center`.`name` AS `center_name`, `seller`.`name` AS `seller_name`, `garden`.`name` AS `garden_name`, `warehouse`.`name` AS `warehouse_name`, (SELECT COUNT(*) FROM inward_return WHERE inward.id = inward_return.inward_id) = 0 AS cnt)
FROM `inward`
LEFT JOIN `center` ON `center`.`id` = `inward`.`center_id`
LEFT JOIN `seller` ON `seller`.`id` = `inward`.`seller_id`
LEFT JOIN `garden` ON `garden`.`id` = `inward`.`garden_id`
LEFT JOIN `warehouse` ON `warehouse`.`id` = `inward`.`warehouse_id`
WHERE `inward`.`status` = 1')
 4 SYSTEMPATH\Database\BaseBuilder.php(1616): CodeIgniter\Database\BaseConnection->query('SELECT `inward`.*, `center`.`name` AS `center_name`, `seller`.`name` AS `seller_name`, `garden`.`name` AS `garden_name`, `warehouse`.`name` AS `warehouse_name`, (SELECT COUNT(*) FROM inward_return WHERE inward.id = inward_return.inward_id) = 0 AS cnt)
FROM `inward`
LEFT JOIN `center` ON `center`.`id` = `inward`.`center_id`
LEFT JOIN `seller` ON `seller`.`id` = `inward`.`seller_id`
LEFT JOIN `garden` ON `garden`.`id` = `inward`.`garden_id`
LEFT JOIN `warehouse` ON `warehouse`.`id` = `inward`.`warehouse_id`
WHERE `inward`.`status` = :inward.status:', [...], false)
 5 SYSTEMPATH\Model.php(242): CodeIgniter\Database\BaseBuilder->get()
 6 SYSTEMPATH\BaseModel.php(638): CodeIgniter\Model->doFindAll(0, 0)
 7 APPPATH\Controllers\Inward.php(38): CodeIgniter\BaseModel->findAll()
 8 SYSTEMPATH\CodeIgniter.php(941): App\Controllers\Inward->index()
 9 SYSTEMPATH\CodeIgniter.php(502): CodeIgniter\CodeIgniter->runController(Object(App\Controllers\Inward))
10 SYSTEMPATH\CodeIgniter.php(361): CodeIgniter\CodeIgniter->handleRequest(null, Object(Config\Cache), false)
11 FCPATH\index.php(79): CodeIgniter\CodeIgniter->run()
