CRITICAL - 2024-04-27 10:06:11 --> ErrorException: Undefined variable $data
in APPPATH\Controllers\Cart.php on line 366.
 1 APPPATH\Controllers\Cart.php(366): CodeIgniter\Debug\Exceptions->errorHandler(2, 'Undefined variable $data', 'F:\\xampp\\htdocs\\oams_staging\\api\\app\\Controllers\\Cart.php', 366)
 2 SYSTEMPATH\CodeIgniter.php(941): App\Controllers\Cart->auctiongardenlist()
 3 SYSTEMPATH\CodeIgniter.php(502): CodeIgniter\CodeIgniter->runController(Object(App\Controllers\Cart))
 4 SYSTEMPATH\CodeIgniter.php(361): CodeIgniter\CodeIgniter->handleRequest(null, Object(Config\Cache), false)
 5 FCPATH\index.php(79): CodeIgniter\CodeIgniter->run()
CRITICAL - 2024-04-27 10:06:14 --> ErrorException: Undefined variable $data
in APPPATH\Controllers\Cart.php on line 366.
 1 APPPATH\Controllers\Cart.php(366): CodeIgniter\Debug\Exceptions->errorHandler(2, 'Undefined variable $data', 'F:\\xampp\\htdocs\\oams_staging\\api\\app\\Controllers\\Cart.php', 366)
 2 SYSTEMPATH\CodeIgniter.php(941): App\Controllers\Cart->auctiongardenlist()
 3 SYSTEMPATH\CodeIgniter.php(502): CodeIgniter\CodeIgniter->runController(Object(App\Controllers\Cart))
 4 SYSTEMPATH\CodeIgniter.php(361): CodeIgniter\CodeIgniter->handleRequest(null, Object(Config\Cache), false)
 5 FCPATH\index.php(79): CodeIgniter\CodeIgniter->run()
CRITICAL - 2024-04-27 10:06:30 --> ErrorException: foreach() argument must be of type array|object, null given
in APPPATH\Controllers\Cart.php on line 346.
 1 APPPATH\Controllers\Cart.php(346): CodeIgniter\Debug\Exceptions->errorHandler(2, 'foreach() argument must be of type array|object, null given', 'F:\\xampp\\htdocs\\oams_staging\\api\\app\\Controllers\\Cart.php', 346)
 2 SYSTEMPATH\CodeIgniter.php(941): App\Controllers\Cart->auctiongardenlist()
 3 SYSTEMPATH\CodeIgniter.php(502): CodeIgniter\CodeIgniter->runController(Object(App\Controllers\Cart))
 4 SYSTEMPATH\CodeIgniter.php(361): CodeIgniter\CodeIgniter->handleRequest(null, Object(Config\Cache), false)
 5 FCPATH\index.php(79): CodeIgniter\CodeIgniter->run()
CRITICAL - 2024-04-27 11:11:13 --> CodeIgniter\Validation\Exceptions\ValidationException: "lessThanEqualTo" is not a valid rule.
in SYSTEMPATH\Validation\Validation.php on line 336.
 1 SYSTEMPATH\Validation\Validation.php(336): CodeIgniter\Validation\Exceptions\ValidationException::forRuleNotFound('lessThanEqualTo')
 2 SYSTEMPATH\Validation\Validation.php(200): CodeIgniter\Validation\Validation->processRules('lot_count', 'lot_count', '5', [...], [...])
 3 SYSTEMPATH\Controller.php(152): CodeIgniter\Validation\Validation->run()
 4 APPPATH\Controllers\Auction.php(455): CodeIgniter\Controller->validate([...], [...])
 5 SYSTEMPATH\CodeIgniter.php(941): App\Controllers\Auction->update('11')
 6 SYSTEMPATH\CodeIgniter.php(502): CodeIgniter\CodeIgniter->runController(Object(App\Controllers\Auction))
 7 SYSTEMPATH\CodeIgniter.php(361): CodeIgniter\CodeIgniter->handleRequest(null, Object(Config\Cache), false)
 8 FCPATH\index.php(79): CodeIgniter\CodeIgniter->run()
