ERROR - 2024-06-04 18:45:48 --> mysqli_sql_exception: Unknown column 'status' in 'field list' in /var/www/eazyhosting.in/public_html/api/system/Database/MySQLi/Connection.php:306
Stack trace:
#0 /var/www/eazyhosting.in/public_html/api/system/Database/MySQLi/Connection.php(306): mysqli->query('UPDATE `auction...', 0)
#1 /var/www/eazyhosting.in/public_html/api/system/Database/BaseConnection.php(693): CodeIgniter\Database\MySQLi\Connection->execute('UPDATE `auction...')
#2 /var/www/eazyhosting.in/public_html/api/system/Database/BaseConnection.php(607): CodeIgniter\Database\BaseConnection->simpleQuery('UPDATE `auction...')
#3 /var/www/eazyhosting.in/public_html/api/system/Database/BaseBuilder.php(2474): CodeIgniter\Database\BaseConnection->query('UPDATE `auction...', Array, false)
#4 /var/www/eazyhosting.in/public_html/api/app/Helpers/AutoDelete.php(19): CodeIgniter\Database\BaseBuilder->update(Array, Array)
#5 /var/www/eazyhosting.in/public_html/api/app/Controllers/Seller.php(261): App\Helpers\AutoDelete::deleteRelations('seller_id', '11')
#6 /var/www/eazyhosting.in/public_html/api/system/CodeIgniter.php(941): App\Controllers\Seller->delete('11')
#7 /var/www/eazyhosting.in/public_html/api/system/CodeIgniter.php(502): CodeIgniter\CodeIgniter->runController(Object(App\Controllers\Seller))
#8 /var/www/eazyhosting.in/public_html/api/system/CodeIgniter.php(361): CodeIgniter\CodeIgniter->handleRequest(NULL, Object(Config\Cache), false)
#9 /var/www/eazyhosting.in/public_html/api/public/index.php(79): CodeIgniter\CodeIgniter->run()
#10 {main}
CRITICAL - 2024-06-04 18:45:48 --> CodeIgniter\Database\Exceptions\DatabaseException: Unknown column 'status' in 'field list'
in SYSTEMPATH/Database/BaseConnection.php on line 647.
 1 SYSTEMPATH/Database/BaseBuilder.php(2474): CodeIgniter\Database\BaseConnection->query('UPDATE `auction_seller_invoice` SET `status` = :status:
WHERE `seller_id` = :seller_id:', [...], false)
 2 APPPATH/Helpers/AutoDelete.php(19): CodeIgniter\Database\BaseBuilder->update([...], [...])
 3 APPPATH/Controllers/Seller.php(261): App\Helpers\AutoDelete::deleteRelations('seller_id', '11')
 4 SYSTEMPATH/CodeIgniter.php(941): App\Controllers\Seller->delete('11')
 5 SYSTEMPATH/CodeIgniter.php(502): CodeIgniter\CodeIgniter->runController(Object(App\Controllers\Seller))
 6 SYSTEMPATH/CodeIgniter.php(361): CodeIgniter\CodeIgniter->handleRequest(null, Object(Config\Cache), false)
 7 FCPATH/index.php(79): CodeIgniter\CodeIgniter->run()
CRITICAL - 2024-06-04 18:45:48 --> [Caused by] CodeIgniter\Database\Exceptions\DatabaseException: Unknown column 'status' in 'field list'
in SYSTEMPATH/Database/MySQLi/Connection.php on line 311.
 1 SYSTEMPATH/Database/BaseConnection.php(693): CodeIgniter\Database\MySQLi\Connection->execute('UPDATE `auction_seller_invoice` SET `status` = 0
WHERE `seller_id` = \'11\'')
 2 SYSTEMPATH/Database/BaseConnection.php(607): CodeIgniter\Database\BaseConnection->simpleQuery('UPDATE `auction_seller_invoice` SET `status` = 0
WHERE `seller_id` = \'11\'')
 3 SYSTEMPATH/Database/BaseBuilder.php(2474): CodeIgniter\Database\BaseConnection->query('UPDATE `auction_seller_invoice` SET `status` = :status:
WHERE `seller_id` = :seller_id:', [...], false)
 4 APPPATH/Helpers/AutoDelete.php(19): CodeIgniter\Database\BaseBuilder->update([...], [...])
 5 APPPATH/Controllers/Seller.php(261): App\Helpers\AutoDelete::deleteRelations('seller_id', '11')
 6 SYSTEMPATH/CodeIgniter.php(941): App\Controllers\Seller->delete('11')
 7 SYSTEMPATH/CodeIgniter.php(502): CodeIgniter\CodeIgniter->runController(Object(App\Controllers\Seller))
 8 SYSTEMPATH/CodeIgniter.php(361): CodeIgniter\CodeIgniter->handleRequest(null, Object(Config\Cache), false)
 9 FCPATH/index.php(79): CodeIgniter\CodeIgniter->run()
CRITICAL - 2024-06-04 18:45:48 --> [Caused by] mysqli_sql_exception: Unknown column 'status' in 'field list'
in SYSTEMPATH/Database/MySQLi/Connection.php on line 306.
 1 SYSTEMPATH/Database/MySQLi/Connection.php(306): mysqli->query('UPDATE `auction_seller_invoice` SET `status` = 0
WHERE `seller_id` = \'11\'', 0)
 2 SYSTEMPATH/Database/BaseConnection.php(693): CodeIgniter\Database\MySQLi\Connection->execute('UPDATE `auction_seller_invoice` SET `status` = 0
WHERE `seller_id` = \'11\'')
 3 SYSTEMPATH/Database/BaseConnection.php(607): CodeIgniter\Database\BaseConnection->simpleQuery('UPDATE `auction_seller_invoice` SET `status` = 0
WHERE `seller_id` = \'11\'')
 4 SYSTEMPATH/Database/BaseBuilder.php(2474): CodeIgniter\Database\BaseConnection->query('UPDATE `auction_seller_invoice` SET `status` = :status:
WHERE `seller_id` = :seller_id:', [...], false)
 5 APPPATH/Helpers/AutoDelete.php(19): CodeIgniter\Database\BaseBuilder->update([...], [...])
 6 APPPATH/Controllers/Seller.php(261): App\Helpers\AutoDelete::deleteRelations('seller_id', '11')
 7 SYSTEMPATH/CodeIgniter.php(941): App\Controllers\Seller->delete('11')
 8 SYSTEMPATH/CodeIgniter.php(502): CodeIgniter\CodeIgniter->runController(Object(App\Controllers\Seller))
 9 SYSTEMPATH/CodeIgniter.php(361): CodeIgniter\CodeIgniter->handleRequest(null, Object(Config\Cache), false)
10 FCPATH/index.php(79): CodeIgniter\CodeIgniter->run()
ERROR - 2024-06-04 18:45:52 --> mysqli_sql_exception: Unknown column 'status' in 'field list' in /var/www/eazyhosting.in/public_html/api/system/Database/MySQLi/Connection.php:306
Stack trace:
#0 /var/www/eazyhosting.in/public_html/api/system/Database/MySQLi/Connection.php(306): mysqli->query('UPDATE `auction...', 0)
#1 /var/www/eazyhosting.in/public_html/api/system/Database/BaseConnection.php(693): CodeIgniter\Database\MySQLi\Connection->execute('UPDATE `auction...')
#2 /var/www/eazyhosting.in/public_html/api/system/Database/BaseConnection.php(607): CodeIgniter\Database\BaseConnection->simpleQuery('UPDATE `auction...')
#3 /var/www/eazyhosting.in/public_html/api/system/Database/BaseBuilder.php(2474): CodeIgniter\Database\BaseConnection->query('UPDATE `auction...', Array, false)
#4 /var/www/eazyhosting.in/public_html/api/app/Helpers/AutoDelete.php(19): CodeIgniter\Database\BaseBuilder->update(Array, Array)
#5 /var/www/eazyhosting.in/public_html/api/app/Controllers/Seller.php(261): App\Helpers\AutoDelete::deleteRelations('seller_id', '12')
#6 /var/www/eazyhosting.in/public_html/api/system/CodeIgniter.php(941): App\Controllers\Seller->delete('12')
#7 /var/www/eazyhosting.in/public_html/api/system/CodeIgniter.php(502): CodeIgniter\CodeIgniter->runController(Object(App\Controllers\Seller))
#8 /var/www/eazyhosting.in/public_html/api/system/CodeIgniter.php(361): CodeIgniter\CodeIgniter->handleRequest(NULL, Object(Config\Cache), false)
#9 /var/www/eazyhosting.in/public_html/api/public/index.php(79): CodeIgniter\CodeIgniter->run()
#10 {main}
CRITICAL - 2024-06-04 18:45:52 --> CodeIgniter\Database\Exceptions\DatabaseException: Unknown column 'status' in 'field list'
in SYSTEMPATH/Database/BaseConnection.php on line 647.
 1 SYSTEMPATH/Database/BaseBuilder.php(2474): CodeIgniter\Database\BaseConnection->query('UPDATE `auction_seller_invoice` SET `status` = :status:
WHERE `seller_id` = :seller_id:', [...], false)
 2 APPPATH/Helpers/AutoDelete.php(19): CodeIgniter\Database\BaseBuilder->update([...], [...])
 3 APPPATH/Controllers/Seller.php(261): App\Helpers\AutoDelete::deleteRelations('seller_id', '12')
 4 SYSTEMPATH/CodeIgniter.php(941): App\Controllers\Seller->delete('12')
 5 SYSTEMPATH/CodeIgniter.php(502): CodeIgniter\CodeIgniter->runController(Object(App\Controllers\Seller))
 6 SYSTEMPATH/CodeIgniter.php(361): CodeIgniter\CodeIgniter->handleRequest(null, Object(Config\Cache), false)
 7 FCPATH/index.php(79): CodeIgniter\CodeIgniter->run()
CRITICAL - 2024-06-04 18:45:52 --> [Caused by] CodeIgniter\Database\Exceptions\DatabaseException: Unknown column 'status' in 'field list'
in SYSTEMPATH/Database/MySQLi/Connection.php on line 311.
 1 SYSTEMPATH/Database/BaseConnection.php(693): CodeIgniter\Database\MySQLi\Connection->execute('UPDATE `auction_seller_invoice` SET `status` = 0
WHERE `seller_id` = \'12\'')
 2 SYSTEMPATH/Database/BaseConnection.php(607): CodeIgniter\Database\BaseConnection->simpleQuery('UPDATE `auction_seller_invoice` SET `status` = 0
WHERE `seller_id` = \'12\'')
 3 SYSTEMPATH/Database/BaseBuilder.php(2474): CodeIgniter\Database\BaseConnection->query('UPDATE `auction_seller_invoice` SET `status` = :status:
WHERE `seller_id` = :seller_id:', [...], false)
 4 APPPATH/Helpers/AutoDelete.php(19): CodeIgniter\Database\BaseBuilder->update([...], [...])
 5 APPPATH/Controllers/Seller.php(261): App\Helpers\AutoDelete::deleteRelations('seller_id', '12')
 6 SYSTEMPATH/CodeIgniter.php(941): App\Controllers\Seller->delete('12')
 7 SYSTEMPATH/CodeIgniter.php(502): CodeIgniter\CodeIgniter->runController(Object(App\Controllers\Seller))
 8 SYSTEMPATH/CodeIgniter.php(361): CodeIgniter\CodeIgniter->handleRequest(null, Object(Config\Cache), false)
 9 FCPATH/index.php(79): CodeIgniter\CodeIgniter->run()
CRITICAL - 2024-06-04 18:45:52 --> [Caused by] mysqli_sql_exception: Unknown column 'status' in 'field list'
in SYSTEMPATH/Database/MySQLi/Connection.php on line 306.
 1 SYSTEMPATH/Database/MySQLi/Connection.php(306): mysqli->query('UPDATE `auction_seller_invoice` SET `status` = 0
WHERE `seller_id` = \'12\'', 0)
 2 SYSTEMPATH/Database/BaseConnection.php(693): CodeIgniter\Database\MySQLi\Connection->execute('UPDATE `auction_seller_invoice` SET `status` = 0
WHERE `seller_id` = \'12\'')
 3 SYSTEMPATH/Database/BaseConnection.php(607): CodeIgniter\Database\BaseConnection->simpleQuery('UPDATE `auction_seller_invoice` SET `status` = 0
WHERE `seller_id` = \'12\'')
 4 SYSTEMPATH/Database/BaseBuilder.php(2474): CodeIgniter\Database\BaseConnection->query('UPDATE `auction_seller_invoice` SET `status` = :status:
WHERE `seller_id` = :seller_id:', [...], false)
 5 APPPATH/Helpers/AutoDelete.php(19): CodeIgniter\Database\BaseBuilder->update([...], [...])
 6 APPPATH/Controllers/Seller.php(261): App\Helpers\AutoDelete::deleteRelations('seller_id', '12')
 7 SYSTEMPATH/CodeIgniter.php(941): App\Controllers\Seller->delete('12')
 8 SYSTEMPATH/CodeIgniter.php(502): CodeIgniter\CodeIgniter->runController(Object(App\Controllers\Seller))
 9 SYSTEMPATH/CodeIgniter.php(361): CodeIgniter\CodeIgniter->handleRequest(null, Object(Config\Cache), false)
10 FCPATH/index.php(79): CodeIgniter\CodeIgniter->run()
ERROR - 2024-06-04 18:49:00 --> mysqli_sql_exception: Unknown column 'status' in 'field list' in /var/www/eazyhosting.in/public_html/api/system/Database/MySQLi/Connection.php:306
Stack trace:
#0 /var/www/eazyhosting.in/public_html/api/system/Database/MySQLi/Connection.php(306): mysqli->query('UPDATE `auction...', 0)
#1 /var/www/eazyhosting.in/public_html/api/system/Database/BaseConnection.php(693): CodeIgniter\Database\MySQLi\Connection->execute('UPDATE `auction...')
#2 /var/www/eazyhosting.in/public_html/api/system/Database/BaseConnection.php(607): CodeIgniter\Database\BaseConnection->simpleQuery('UPDATE `auction...')
#3 /var/www/eazyhosting.in/public_html/api/system/Database/BaseBuilder.php(2474): CodeIgniter\Database\BaseConnection->query('UPDATE `auction...', Array, false)
#4 /var/www/eazyhosting.in/public_html/api/app/Helpers/AutoDelete.php(19): CodeIgniter\Database\BaseBuilder->update(Array, Array)
#5 /var/www/eazyhosting.in/public_html/api/app/Controllers/Seller.php(261): App\Helpers\AutoDelete::deleteRelations('seller_id', '12')
#6 /var/www/eazyhosting.in/public_html/api/system/CodeIgniter.php(941): App\Controllers\Seller->delete('12')
#7 /var/www/eazyhosting.in/public_html/api/system/CodeIgniter.php(502): CodeIgniter\CodeIgniter->runController(Object(App\Controllers\Seller))
#8 /var/www/eazyhosting.in/public_html/api/system/CodeIgniter.php(361): CodeIgniter\CodeIgniter->handleRequest(NULL, Object(Config\Cache), false)
#9 /var/www/eazyhosting.in/public_html/api/public/index.php(79): CodeIgniter\CodeIgniter->run()
#10 {main}
CRITICAL - 2024-06-04 18:49:00 --> CodeIgniter\Database\Exceptions\DatabaseException: Unknown column 'status' in 'field list'
in SYSTEMPATH/Database/BaseConnection.php on line 647.
 1 SYSTEMPATH/Database/BaseBuilder.php(2474): CodeIgniter\Database\BaseConnection->query('UPDATE `auction_seller_invoice` SET `status` = :status:
WHERE `seller_id` = :seller_id:', [...], false)
 2 APPPATH/Helpers/AutoDelete.php(19): CodeIgniter\Database\BaseBuilder->update([...], [...])
 3 APPPATH/Controllers/Seller.php(261): App\Helpers\AutoDelete::deleteRelations('seller_id', '12')
 4 SYSTEMPATH/CodeIgniter.php(941): App\Controllers\Seller->delete('12')
 5 SYSTEMPATH/CodeIgniter.php(502): CodeIgniter\CodeIgniter->runController(Object(App\Controllers\Seller))
 6 SYSTEMPATH/CodeIgniter.php(361): CodeIgniter\CodeIgniter->handleRequest(null, Object(Config\Cache), false)
 7 FCPATH/index.php(79): CodeIgniter\CodeIgniter->run()
CRITICAL - 2024-06-04 18:49:00 --> [Caused by] CodeIgniter\Database\Exceptions\DatabaseException: Unknown column 'status' in 'field list'
in SYSTEMPATH/Database/MySQLi/Connection.php on line 311.
 1 SYSTEMPATH/Database/BaseConnection.php(693): CodeIgniter\Database\MySQLi\Connection->execute('UPDATE `auction_seller_invoice` SET `status` = 0
WHERE `seller_id` = \'12\'')
 2 SYSTEMPATH/Database/BaseConnection.php(607): CodeIgniter\Database\BaseConnection->simpleQuery('UPDATE `auction_seller_invoice` SET `status` = 0
WHERE `seller_id` = \'12\'')
 3 SYSTEMPATH/Database/BaseBuilder.php(2474): CodeIgniter\Database\BaseConnection->query('UPDATE `auction_seller_invoice` SET `status` = :status:
WHERE `seller_id` = :seller_id:', [...], false)
 4 APPPATH/Helpers/AutoDelete.php(19): CodeIgniter\Database\BaseBuilder->update([...], [...])
 5 APPPATH/Controllers/Seller.php(261): App\Helpers\AutoDelete::deleteRelations('seller_id', '12')
 6 SYSTEMPATH/CodeIgniter.php(941): App\Controllers\Seller->delete('12')
 7 SYSTEMPATH/CodeIgniter.php(502): CodeIgniter\CodeIgniter->runController(Object(App\Controllers\Seller))
 8 SYSTEMPATH/CodeIgniter.php(361): CodeIgniter\CodeIgniter->handleRequest(null, Object(Config\Cache), false)
 9 FCPATH/index.php(79): CodeIgniter\CodeIgniter->run()
CRITICAL - 2024-06-04 18:49:00 --> [Caused by] mysqli_sql_exception: Unknown column 'status' in 'field list'
in SYSTEMPATH/Database/MySQLi/Connection.php on line 306.
 1 SYSTEMPATH/Database/MySQLi/Connection.php(306): mysqli->query('UPDATE `auction_seller_invoice` SET `status` = 0
WHERE `seller_id` = \'12\'', 0)
 2 SYSTEMPATH/Database/BaseConnection.php(693): CodeIgniter\Database\MySQLi\Connection->execute('UPDATE `auction_seller_invoice` SET `status` = 0
WHERE `seller_id` = \'12\'')
 3 SYSTEMPATH/Database/BaseConnection.php(607): CodeIgniter\Database\BaseConnection->simpleQuery('UPDATE `auction_seller_invoice` SET `status` = 0
WHERE `seller_id` = \'12\'')
 4 SYSTEMPATH/Database/BaseBuilder.php(2474): CodeIgniter\Database\BaseConnection->query('UPDATE `auction_seller_invoice` SET `status` = :status:
WHERE `seller_id` = :seller_id:', [...], false)
 5 APPPATH/Helpers/AutoDelete.php(19): CodeIgniter\Database\BaseBuilder->update([...], [...])
 6 APPPATH/Controllers/Seller.php(261): App\Helpers\AutoDelete::deleteRelations('seller_id', '12')
 7 SYSTEMPATH/CodeIgniter.php(941): App\Controllers\Seller->delete('12')
 8 SYSTEMPATH/CodeIgniter.php(502): CodeIgniter\CodeIgniter->runController(Object(App\Controllers\Seller))
 9 SYSTEMPATH/CodeIgniter.php(361): CodeIgniter\CodeIgniter->handleRequest(null, Object(Config\Cache), false)
10 FCPATH/index.php(79): CodeIgniter\CodeIgniter->run()
CRITICAL - 2024-06-04 19:05:39 --> ErrorException: Trying to access array offset on value of type null
in APPPATH/Controllers/Inward.php on line 607.
 1 APPPATH/Controllers/Inward.php(607): CodeIgniter\Debug\Exceptions->errorHandler(2, 'Trying to access array offset on value of type null', '/var/www/eazyhosting.in/public_html/api/app/Controllers/Inward.php', 607)
 2 SYSTEMPATH/CodeIgniter.php(941): App\Controllers\Inward->gardenGrade()
 3 SYSTEMPATH/CodeIgniter.php(502): CodeIgniter\CodeIgniter->runController(Object(App\Controllers\Inward))
 4 SYSTEMPATH/CodeIgniter.php(361): CodeIgniter\CodeIgniter->handleRequest(null, Object(Config\Cache), false)
 5 FCPATH/index.php(79): CodeIgniter\CodeIgniter->run()
CRITICAL - 2024-06-04 19:06:12 --> ErrorException: Trying to access array offset on value of type null
in APPPATH/Controllers/Inward.php on line 607.
 1 APPPATH/Controllers/Inward.php(607): CodeIgniter\Debug\Exceptions->errorHandler(2, 'Trying to access array offset on value of type null', '/var/www/eazyhosting.in/public_html/api/app/Controllers/Inward.php', 607)
 2 SYSTEMPATH/CodeIgniter.php(941): App\Controllers\Inward->gardenGrade()
 3 SYSTEMPATH/CodeIgniter.php(502): CodeIgniter\CodeIgniter->runController(Object(App\Controllers\Inward))
 4 SYSTEMPATH/CodeIgniter.php(361): CodeIgniter\CodeIgniter->handleRequest(null, Object(Config\Cache), false)
 5 FCPATH/index.php(79): CodeIgniter\CodeIgniter->run()
CRITICAL - 2024-06-04 19:07:03 --> ErrorException: Trying to access array offset on value of type null
in APPPATH/Controllers/Inward.php on line 607.
 1 APPPATH/Controllers/Inward.php(607): CodeIgniter\Debug\Exceptions->errorHandler(2, 'Trying to access array offset on value of type null', '/var/www/eazyhosting.in/public_html/api/app/Controllers/Inward.php', 607)
 2 SYSTEMPATH/CodeIgniter.php(941): App\Controllers\Inward->gardenGrade()
 3 SYSTEMPATH/CodeIgniter.php(502): CodeIgniter\CodeIgniter->runController(Object(App\Controllers\Inward))
 4 SYSTEMPATH/CodeIgniter.php(361): CodeIgniter\CodeIgniter->handleRequest(null, Object(Config\Cache), false)
 5 FCPATH/index.php(79): CodeIgniter\CodeIgniter->run()
