CRITICAL - 2024-08-09 10:54:54 --> ErrorException: Undefined variable $auction_data
in APPPATH/Controllers/Cart.php on line 427.
 1 APPPATH/Controllers/Cart.php(427): CodeIgniter\Debug\Exceptions->errorHandler(2, 'Undefined variable $auction_data', '/var/www/eazyhosting.in/public_html/api/app/Controllers/Cart.php', 427)
 2 SYSTEMPATH/CodeIgniter.php(941): App\Controllers\Cart->auctiongardenlist()
 3 SYSTEMPATH/CodeIgniter.php(502): CodeIgniter\CodeIgniter->runController(Object(App\Controllers\Cart))
 4 SYSTEMPATH/CodeIgniter.php(361): CodeIgniter\CodeIgniter->handleRequest(null, Object(Config\Cache), false)
 5 FCPATH/index.php(79): CodeIgniter\CodeIgniter->run()
CRITICAL - 2024-08-09 10:55:34 --> ErrorException: Undefined variable $auction_data
in APPPATH/Controllers/Cart.php on line 427.
 1 APPPATH/Controllers/Cart.php(427): CodeIgniter\Debug\Exceptions->errorHandler(2, 'Undefined variable $auction_data', '/var/www/eazyhosting.in/public_html/api/app/Controllers/Cart.php', 427)
 2 SYSTEMPATH/CodeIgniter.php(941): App\Controllers\Cart->auctiongardenlist()
 3 SYSTEMPATH/CodeIgniter.php(502): CodeIgniter\CodeIgniter->runController(Object(App\Controllers\Cart))
 4 SYSTEMPATH/CodeIgniter.php(361): CodeIgniter\CodeIgniter->handleRequest(null, Object(Config\Cache), false)
 5 FCPATH/index.php(79): CodeIgniter\CodeIgniter->run()
CRITICAL - 2024-08-09 10:55:37 --> ErrorException: Undefined variable $auction_data
in APPPATH/Controllers/Cart.php on line 427.
 1 APPPATH/Controllers/Cart.php(427): CodeIgniter\Debug\Exceptions->errorHandler(2, 'Undefined variable $auction_data', '/var/www/eazyhosting.in/public_html/api/app/Controllers/Cart.php', 427)
 2 SYSTEMPATH/CodeIgniter.php(941): App\Controllers\Cart->auctiongardenlist()
 3 SYSTEMPATH/CodeIgniter.php(502): CodeIgniter\CodeIgniter->runController(Object(App\Controllers\Cart))
 4 SYSTEMPATH/CodeIgniter.php(361): CodeIgniter\CodeIgniter->handleRequest(null, Object(Config\Cache), false)
 5 FCPATH/index.php(79): CodeIgniter\CodeIgniter->run()
ERROR - 2024-08-09 11:07:23 --> current items data:[{"id":"31","inward_invoice_id":"V4","inward_item_id":"4","auction_id":"3","lot_no":"1","lot_set":"1","auction_quantity":"1","sample_quantity":"2","auction_each_net":"40","base_price":"100","reverse_price":"110","high_price":"0","valuation_price":"130","last_sold_price":null,"status":"1","is_sold":"0","min_bid_added":"0","is_withdrawn":"0","created_at":"2024-08-09 10:55:43","updated_at":"2024-08-09 10:56:03","created_by":"3","updated_by":"3"}], 2024-08-09 11:07:23
ERROR - 2024-08-09 11:07:23 --> Error code L001. auctionItemId:31, 2024-08-09 11:07:23
ERROR - 2024-08-09 11:07:23 --> bid calculation initiated auctionItemId:31, 2024-08-09 11:07:23
ERROR - 2024-08-09 11:07:23 --> Error code 001. HBP:130.00,HABP: 180.00, 2024-08-09 11:07:23
ERROR - 2024-08-09 11:07:23 --> Error code 003. HBP:130.00,RP: 110, 2024-08-09 11:07:23
ERROR - 2024-08-09 11:07:23 --> Error code 005. HBP:130.00,SLHABP: 0.00, 2024-08-09 11:07:23
ERROR - 2024-08-09 11:07:23 --> bid calculation Ended auctionItemId:31, 2024-08-09 11:07:23
ERROR - 2024-08-09 11:07:23 --> Error code L002. auctionItemId:31, 2024-08-09 11:07:23
ERROR - 2024-08-09 11:07:23 --> Error code L003. auctionItemId:31, 2024-08-09 11:07:23
ERROR - 2024-08-09 11:07:57 --> current items data:[], 2024-08-09 11:07:57
CRITICAL - 2024-08-09 11:46:05 --> ErrorException: Undefined variable $auction_data
in APPPATH/Controllers/Cart.php on line 427.
 1 APPPATH/Controllers/Cart.php(427): CodeIgniter\Debug\Exceptions->errorHandler(2, 'Undefined variable $auction_data', '/var/www/eazyhosting.in/public_html/api/app/Controllers/Cart.php', 427)
 2 SYSTEMPATH/CodeIgniter.php(941): App\Controllers\Cart->auctiongardenlist()
 3 SYSTEMPATH/CodeIgniter.php(502): CodeIgniter\CodeIgniter->runController(Object(App\Controllers\Cart))
 4 SYSTEMPATH/CodeIgniter.php(361): CodeIgniter\CodeIgniter->handleRequest(null, Object(Config\Cache), false)
 5 FCPATH/index.php(79): CodeIgniter\CodeIgniter->run()
CRITICAL - 2024-08-09 11:47:20 --> ErrorException: Undefined variable $auction_data
in APPPATH/Controllers/Cart.php on line 427.
 1 APPPATH/Controllers/Cart.php(427): CodeIgniter\Debug\Exceptions->errorHandler(2, 'Undefined variable $auction_data', '/var/www/eazyhosting.in/public_html/api/app/Controllers/Cart.php', 427)
 2 SYSTEMPATH/CodeIgniter.php(941): App\Controllers\Cart->auctiongardenlist()
 3 SYSTEMPATH/CodeIgniter.php(502): CodeIgniter\CodeIgniter->runController(Object(App\Controllers\Cart))
 4 SYSTEMPATH/CodeIgniter.php(361): CodeIgniter\CodeIgniter->handleRequest(null, Object(Config\Cache), false)
 5 FCPATH/index.php(79): CodeIgniter\CodeIgniter->run()
CRITICAL - 2024-08-09 11:47:40 --> ErrorException: Undefined variable $auction_data
in APPPATH/Controllers/Cart.php on line 427.
 1 APPPATH/Controllers/Cart.php(427): CodeIgniter\Debug\Exceptions->errorHandler(2, 'Undefined variable $auction_data', '/var/www/eazyhosting.in/public_html/api/app/Controllers/Cart.php', 427)
 2 SYSTEMPATH/CodeIgniter.php(941): App\Controllers\Cart->auctiongardenlist()
 3 SYSTEMPATH/CodeIgniter.php(502): CodeIgniter\CodeIgniter->runController(Object(App\Controllers\Cart))
 4 SYSTEMPATH/CodeIgniter.php(361): CodeIgniter\CodeIgniter->handleRequest(null, Object(Config\Cache), false)
 5 FCPATH/index.php(79): CodeIgniter\CodeIgniter->run()
CRITICAL - 2024-08-09 11:47:46 --> ErrorException: Undefined variable $auction_data
in APPPATH/Controllers/Cart.php on line 427.
 1 APPPATH/Controllers/Cart.php(427): CodeIgniter\Debug\Exceptions->errorHandler(2, 'Undefined variable $auction_data', '/var/www/eazyhosting.in/public_html/api/app/Controllers/Cart.php', 427)
 2 SYSTEMPATH/CodeIgniter.php(941): App\Controllers\Cart->auctiongardenlist()
 3 SYSTEMPATH/CodeIgniter.php(502): CodeIgniter\CodeIgniter->runController(Object(App\Controllers\Cart))
 4 SYSTEMPATH/CodeIgniter.php(361): CodeIgniter\CodeIgniter->handleRequest(null, Object(Config\Cache), false)
 5 FCPATH/index.php(79): CodeIgniter\CodeIgniter->run()
CRITICAL - 2024-08-09 11:47:48 --> ErrorException: Undefined variable $auction_data
in APPPATH/Controllers/Cart.php on line 427.
 1 APPPATH/Controllers/Cart.php(427): CodeIgniter\Debug\Exceptions->errorHandler(2, 'Undefined variable $auction_data', '/var/www/eazyhosting.in/public_html/api/app/Controllers/Cart.php', 427)
 2 SYSTEMPATH/CodeIgniter.php(941): App\Controllers\Cart->auctiongardenlist()
 3 SYSTEMPATH/CodeIgniter.php(502): CodeIgniter\CodeIgniter->runController(Object(App\Controllers\Cart))
 4 SYSTEMPATH/CodeIgniter.php(361): CodeIgniter\CodeIgniter->handleRequest(null, Object(Config\Cache), false)
 5 FCPATH/index.php(79): CodeIgniter\CodeIgniter->run()
CRITICAL - 2024-08-09 11:47:49 --> ErrorException: Undefined variable $auction_data
in APPPATH/Controllers/Cart.php on line 427.
 1 APPPATH/Controllers/Cart.php(427): CodeIgniter\Debug\Exceptions->errorHandler(2, 'Undefined variable $auction_data', '/var/www/eazyhosting.in/public_html/api/app/Controllers/Cart.php', 427)
 2 SYSTEMPATH/CodeIgniter.php(941): App\Controllers\Cart->auctiongardenlist()
 3 SYSTEMPATH/CodeIgniter.php(502): CodeIgniter\CodeIgniter->runController(Object(App\Controllers\Cart))
 4 SYSTEMPATH/CodeIgniter.php(361): CodeIgniter\CodeIgniter->handleRequest(null, Object(Config\Cache), false)
 5 FCPATH/index.php(79): CodeIgniter\CodeIgniter->run()
CRITICAL - 2024-08-09 11:47:50 --> ErrorException: Undefined variable $auction_data
in APPPATH/Controllers/Cart.php on line 427.
 1 APPPATH/Controllers/Cart.php(427): CodeIgniter\Debug\Exceptions->errorHandler(2, 'Undefined variable $auction_data', '/var/www/eazyhosting.in/public_html/api/app/Controllers/Cart.php', 427)
 2 SYSTEMPATH/CodeIgniter.php(941): App\Controllers\Cart->auctiongardenlist()
 3 SYSTEMPATH/CodeIgniter.php(502): CodeIgniter\CodeIgniter->runController(Object(App\Controllers\Cart))
 4 SYSTEMPATH/CodeIgniter.php(361): CodeIgniter\CodeIgniter->handleRequest(null, Object(Config\Cache), false)
 5 FCPATH/index.php(79): CodeIgniter\CodeIgniter->run()
CRITICAL - 2024-08-09 11:47:51 --> ErrorException: Undefined variable $auction_data
in APPPATH/Controllers/Cart.php on line 427.
 1 APPPATH/Controllers/Cart.php(427): CodeIgniter\Debug\Exceptions->errorHandler(2, 'Undefined variable $auction_data', '/var/www/eazyhosting.in/public_html/api/app/Controllers/Cart.php', 427)
 2 SYSTEMPATH/CodeIgniter.php(941): App\Controllers\Cart->auctiongardenlist()
 3 SYSTEMPATH/CodeIgniter.php(502): CodeIgniter\CodeIgniter->runController(Object(App\Controllers\Cart))
 4 SYSTEMPATH/CodeIgniter.php(361): CodeIgniter\CodeIgniter->handleRequest(null, Object(Config\Cache), false)
 5 FCPATH/index.php(79): CodeIgniter\CodeIgniter->run()
CRITICAL - 2024-08-09 11:47:53 --> ErrorException: Undefined variable $auction_data
in APPPATH/Controllers/Cart.php on line 427.
 1 APPPATH/Controllers/Cart.php(427): CodeIgniter\Debug\Exceptions->errorHandler(2, 'Undefined variable $auction_data', '/var/www/eazyhosting.in/public_html/api/app/Controllers/Cart.php', 427)
 2 SYSTEMPATH/CodeIgniter.php(941): App\Controllers\Cart->auctiongardenlist()
 3 SYSTEMPATH/CodeIgniter.php(502): CodeIgniter\CodeIgniter->runController(Object(App\Controllers\Cart))
 4 SYSTEMPATH/CodeIgniter.php(361): CodeIgniter\CodeIgniter->handleRequest(null, Object(Config\Cache), false)
 5 FCPATH/index.php(79): CodeIgniter\CodeIgniter->run()
CRITICAL - 2024-08-09 11:48:40 --> ErrorException: Undefined variable $auction_data
in APPPATH/Controllers/Cart.php on line 427.
 1 APPPATH/Controllers/Cart.php(427): CodeIgniter\Debug\Exceptions->errorHandler(2, 'Undefined variable $auction_data', '/var/www/eazyhosting.in/public_html/api/app/Controllers/Cart.php', 427)
 2 SYSTEMPATH/CodeIgniter.php(941): App\Controllers\Cart->auctiongardenlist()
 3 SYSTEMPATH/CodeIgniter.php(502): CodeIgniter\CodeIgniter->runController(Object(App\Controllers\Cart))
 4 SYSTEMPATH/CodeIgniter.php(361): CodeIgniter\CodeIgniter->handleRequest(null, Object(Config\Cache), false)
 5 FCPATH/index.php(79): CodeIgniter\CodeIgniter->run()
CRITICAL - 2024-08-09 11:48:54 --> ErrorException: Undefined variable $auction_data
in APPPATH/Controllers/Cart.php on line 427.
 1 APPPATH/Controllers/Cart.php(427): CodeIgniter\Debug\Exceptions->errorHandler(2, 'Undefined variable $auction_data', '/var/www/eazyhosting.in/public_html/api/app/Controllers/Cart.php', 427)
 2 SYSTEMPATH/CodeIgniter.php(941): App\Controllers\Cart->auctiongardenlist()
 3 SYSTEMPATH/CodeIgniter.php(502): CodeIgniter\CodeIgniter->runController(Object(App\Controllers\Cart))
 4 SYSTEMPATH/CodeIgniter.php(361): CodeIgniter\CodeIgniter->handleRequest(null, Object(Config\Cache), false)
 5 FCPATH/index.php(79): CodeIgniter\CodeIgniter->run()
CRITICAL - 2024-08-09 11:48:55 --> ErrorException: Undefined variable $auction_data
in APPPATH/Controllers/Cart.php on line 427.
 1 APPPATH/Controllers/Cart.php(427): CodeIgniter\Debug\Exceptions->errorHandler(2, 'Undefined variable $auction_data', '/var/www/eazyhosting.in/public_html/api/app/Controllers/Cart.php', 427)
 2 SYSTEMPATH/CodeIgniter.php(941): App\Controllers\Cart->auctiongardenlist()
 3 SYSTEMPATH/CodeIgniter.php(502): CodeIgniter\CodeIgniter->runController(Object(App\Controllers\Cart))
 4 SYSTEMPATH/CodeIgniter.php(361): CodeIgniter\CodeIgniter->handleRequest(null, Object(Config\Cache), false)
 5 FCPATH/index.php(79): CodeIgniter\CodeIgniter->run()
CRITICAL - 2024-08-09 11:48:56 --> ErrorException: Undefined variable $auction_data
in APPPATH/Controllers/Cart.php on line 427.
 1 APPPATH/Controllers/Cart.php(427): CodeIgniter\Debug\Exceptions->errorHandler(2, 'Undefined variable $auction_data', '/var/www/eazyhosting.in/public_html/api/app/Controllers/Cart.php', 427)
 2 SYSTEMPATH/CodeIgniter.php(941): App\Controllers\Cart->auctiongardenlist()
 3 SYSTEMPATH/CodeIgniter.php(502): CodeIgniter\CodeIgniter->runController(Object(App\Controllers\Cart))
 4 SYSTEMPATH/CodeIgniter.php(361): CodeIgniter\CodeIgniter->handleRequest(null, Object(Config\Cache), false)
 5 FCPATH/index.php(79): CodeIgniter\CodeIgniter->run()
CRITICAL - 2024-08-09 11:48:57 --> ErrorException: Undefined variable $auction_data
in APPPATH/Controllers/Cart.php on line 427.
 1 APPPATH/Controllers/Cart.php(427): CodeIgniter\Debug\Exceptions->errorHandler(2, 'Undefined variable $auction_data', '/var/www/eazyhosting.in/public_html/api/app/Controllers/Cart.php', 427)
 2 SYSTEMPATH/CodeIgniter.php(941): App\Controllers\Cart->auctiongardenlist()
 3 SYSTEMPATH/CodeIgniter.php(502): CodeIgniter\CodeIgniter->runController(Object(App\Controllers\Cart))
 4 SYSTEMPATH/CodeIgniter.php(361): CodeIgniter\CodeIgniter->handleRequest(null, Object(Config\Cache), false)
 5 FCPATH/index.php(79): CodeIgniter\CodeIgniter->run()
CRITICAL - 2024-08-09 11:49:04 --> ErrorException: Undefined variable $auction_data
in APPPATH/Controllers/Cart.php on line 427.
 1 APPPATH/Controllers/Cart.php(427): CodeIgniter\Debug\Exceptions->errorHandler(2, 'Undefined variable $auction_data', '/var/www/eazyhosting.in/public_html/api/app/Controllers/Cart.php', 427)
 2 SYSTEMPATH/CodeIgniter.php(941): App\Controllers\Cart->auctiongardenlist()
 3 SYSTEMPATH/CodeIgniter.php(502): CodeIgniter\CodeIgniter->runController(Object(App\Controllers\Cart))
 4 SYSTEMPATH/CodeIgniter.php(361): CodeIgniter\CodeIgniter->handleRequest(null, Object(Config\Cache), false)
 5 FCPATH/index.php(79): CodeIgniter\CodeIgniter->run()
CRITICAL - 2024-08-09 11:49:05 --> ErrorException: Undefined variable $auction_data
in APPPATH/Controllers/Cart.php on line 427.
 1 APPPATH/Controllers/Cart.php(427): CodeIgniter\Debug\Exceptions->errorHandler(2, 'Undefined variable $auction_data', '/var/www/eazyhosting.in/public_html/api/app/Controllers/Cart.php', 427)
 2 SYSTEMPATH/CodeIgniter.php(941): App\Controllers\Cart->auctiongardenlist()
 3 SYSTEMPATH/CodeIgniter.php(502): CodeIgniter\CodeIgniter->runController(Object(App\Controllers\Cart))
 4 SYSTEMPATH/CodeIgniter.php(361): CodeIgniter\CodeIgniter->handleRequest(null, Object(Config\Cache), false)
 5 FCPATH/index.php(79): CodeIgniter\CodeIgniter->run()
CRITICAL - 2024-08-09 11:49:06 --> ErrorException: Undefined variable $auction_data
in APPPATH/Controllers/Cart.php on line 427.
 1 APPPATH/Controllers/Cart.php(427): CodeIgniter\Debug\Exceptions->errorHandler(2, 'Undefined variable $auction_data', '/var/www/eazyhosting.in/public_html/api/app/Controllers/Cart.php', 427)
 2 SYSTEMPATH/CodeIgniter.php(941): App\Controllers\Cart->auctiongardenlist()
 3 SYSTEMPATH/CodeIgniter.php(502): CodeIgniter\CodeIgniter->runController(Object(App\Controllers\Cart))
 4 SYSTEMPATH/CodeIgniter.php(361): CodeIgniter\CodeIgniter->handleRequest(null, Object(Config\Cache), false)
 5 FCPATH/index.php(79): CodeIgniter\CodeIgniter->run()
CRITICAL - 2024-08-09 11:49:08 --> ErrorException: Undefined variable $auction_data
in APPPATH/Controllers/Cart.php on line 427.
 1 APPPATH/Controllers/Cart.php(427): CodeIgniter\Debug\Exceptions->errorHandler(2, 'Undefined variable $auction_data', '/var/www/eazyhosting.in/public_html/api/app/Controllers/Cart.php', 427)
 2 SYSTEMPATH/CodeIgniter.php(941): App\Controllers\Cart->auctiongardenlist()
 3 SYSTEMPATH/CodeIgniter.php(502): CodeIgniter\CodeIgniter->runController(Object(App\Controllers\Cart))
 4 SYSTEMPATH/CodeIgniter.php(361): CodeIgniter\CodeIgniter->handleRequest(null, Object(Config\Cache), false)
 5 FCPATH/index.php(79): CodeIgniter\CodeIgniter->run()
CRITICAL - 2024-08-09 11:49:09 --> ErrorException: Undefined variable $auction_data
in APPPATH/Controllers/Cart.php on line 427.
 1 APPPATH/Controllers/Cart.php(427): CodeIgniter\Debug\Exceptions->errorHandler(2, 'Undefined variable $auction_data', '/var/www/eazyhosting.in/public_html/api/app/Controllers/Cart.php', 427)
 2 SYSTEMPATH/CodeIgniter.php(941): App\Controllers\Cart->auctiongardenlist()
 3 SYSTEMPATH/CodeIgniter.php(502): CodeIgniter\CodeIgniter->runController(Object(App\Controllers\Cart))
 4 SYSTEMPATH/CodeIgniter.php(361): CodeIgniter\CodeIgniter->handleRequest(null, Object(Config\Cache), false)
 5 FCPATH/index.php(79): CodeIgniter\CodeIgniter->run()
ERROR - 2024-08-09 11:57:04 --> bid calculation initiated auctionItemId:32, 2024-08-09 11:57:04
ERROR - 2024-08-09 11:57:04 --> bid calculation Ended auctionItemId:32, 2024-08-09 11:57:04
ERROR - 2024-08-09 11:57:04 --> bid calculation initiated auctionItemId:33, 2024-08-09 11:57:04
ERROR - 2024-08-09 11:57:04 --> bid calculation Ended auctionItemId:33, 2024-08-09 11:57:04
ERROR - 2024-08-09 11:57:04 --> bid calculation initiated auctionItemId:32, 2024-08-09 11:57:04
ERROR - 2024-08-09 11:57:04 --> bid calculation Ended auctionItemId:32, 2024-08-09 11:57:04
ERROR - 2024-08-09 11:57:04 --> bid calculation initiated auctionItemId:33, 2024-08-09 11:57:04
ERROR - 2024-08-09 11:57:04 --> bid calculation Ended auctionItemId:33, 2024-08-09 11:57:04
ERROR - 2024-08-09 11:57:34 --> current items data:[{"id":"32","inward_invoice_id":"V4","inward_item_id":"4","auction_id":"4","lot_no":"1","lot_set":"1","auction_quantity":"2","sample_quantity":"1","auction_each_net":"40","base_price":"100","reverse_price":"105","high_price":"0","valuation_price":"110","last_sold_price":null,"status":"1","is_sold":"0","min_bid_added":"0","is_withdrawn":"0","created_at":"2024-08-09 11:49:37","updated_at":"2024-08-09 11:50:10","created_by":"5","updated_by":"5"},{"id":"33","inward_invoice_id":"V5","inward_item_id":"5","auction_id":"4","lot_no":"2","lot_set":"1","auction_quantity":"1","sample_quantity":"2","auction_each_net":"40","base_price":"100","reverse_price":"105","high_price":"0","valuation_price":"110","last_sold_price":null,"status":"1","is_sold":"0","min_bid_added":"0","is_withdrawn":"0","created_at":"2024-08-09 11:49:37","updated_at":"2024-08-09 11:50:10","created_by":"5","updated_by":"5"}], 2024-08-09 11:57:34
ERROR - 2024-08-09 11:57:34 --> Error code L001. auctionItemId:32, 2024-08-09 11:57:34
ERROR - 2024-08-09 11:57:34 --> bid calculation initiated auctionItemId:32, 2024-08-09 11:57:34
ERROR - 2024-08-09 11:57:34 --> bid calculation Ended auctionItemId:32, 2024-08-09 11:57:34
ERROR - 2024-08-09 11:57:34 --> Error code L002. auctionItemId:32, 2024-08-09 11:57:34
ERROR - 2024-08-09 11:57:34 --> Error code L003. auctionItemId:32, 2024-08-09 11:57:34
ERROR - 2024-08-09 11:57:34 --> Error code L001. auctionItemId:33, 2024-08-09 11:57:34
ERROR - 2024-08-09 11:57:34 --> bid calculation initiated auctionItemId:33, 2024-08-09 11:57:34
ERROR - 2024-08-09 11:57:34 --> bid calculation Ended auctionItemId:33, 2024-08-09 11:57:34
ERROR - 2024-08-09 11:57:34 --> Error code L002. auctionItemId:33, 2024-08-09 11:57:34
ERROR - 2024-08-09 11:57:34 --> Error code L003. auctionItemId:33, 2024-08-09 11:57:34
ERROR - 2024-08-09 11:57:34 --> current items data:[], 2024-08-09 11:57:34
ERROR - 2024-08-09 11:58:35 --> bid calculation initiated auctionItemId:34, 2024-08-09 11:58:35
ERROR - 2024-08-09 11:58:35 --> Error code 001. HBP:102.00,HABP: 110.00, 2024-08-09 11:58:35
ERROR - 2024-08-09 11:58:35 --> Error code 002. HBP:102.00,RP: 105, 2024-08-09 11:58:35
ERROR - 2024-08-09 11:58:35 --> bid calculation Ended auctionItemId:34, 2024-08-09 11:58:35
ERROR - 2024-08-09 11:58:35 --> bid calculation initiated auctionItemId:35, 2024-08-09 11:58:35
ERROR - 2024-08-09 11:58:35 --> Error code 001. HBP:116.00,HABP: 120.00, 2024-08-09 11:58:35
ERROR - 2024-08-09 11:58:35 --> Error code 003. HBP:116.00,RP: 105, 2024-08-09 11:58:35
ERROR - 2024-08-09 11:58:35 --> Error code 005. HBP:116.00,SLHABP: 0.00, 2024-08-09 11:58:35
ERROR - 2024-08-09 11:58:35 --> bid calculation Ended auctionItemId:35, 2024-08-09 11:58:35
ERROR - 2024-08-09 11:58:37 --> bid calculation initiated auctionItemId:34, 2024-08-09 11:58:37
ERROR - 2024-08-09 11:58:37 --> Error code 001. HBP:105.00,HABP: 110.00, 2024-08-09 11:58:37
ERROR - 2024-08-09 11:58:37 --> Error code 002. HBP:105.00,RP: 105, 2024-08-09 11:58:37
ERROR - 2024-08-09 11:58:37 --> bid calculation Ended auctionItemId:34, 2024-08-09 11:58:37
ERROR - 2024-08-09 11:58:37 --> bid calculation initiated auctionItemId:35, 2024-08-09 11:58:37
ERROR - 2024-08-09 11:58:37 --> Error code 001. HBP:117.00,HABP: 120.00, 2024-08-09 11:58:37
ERROR - 2024-08-09 11:58:37 --> Error code 003. HBP:117.00,RP: 105, 2024-08-09 11:58:37
ERROR - 2024-08-09 11:58:37 --> Error code 005. HBP:117.00,SLHABP: 0.00, 2024-08-09 11:58:37
ERROR - 2024-08-09 11:58:37 --> bid calculation Ended auctionItemId:35, 2024-08-09 11:58:37
ERROR - 2024-08-09 11:59:05 --> current items data:[{"id":"34","inward_invoice_id":"V6","inward_item_id":"6","auction_id":"4","lot_no":"3","lot_set":"2","auction_quantity":"1","sample_quantity":"3","auction_each_net":"40","base_price":"100","reverse_price":"105","high_price":"0","valuation_price":"110","last_sold_price":null,"status":"1","is_sold":"0","min_bid_added":"0","is_withdrawn":"0","created_at":"2024-08-09 11:49:37","updated_at":"2024-08-09 11:50:10","created_by":"5","updated_by":"5"},{"id":"35","inward_invoice_id":"S4","inward_item_id":"14","auction_id":"4","lot_no":"4","lot_set":"2","auction_quantity":"2","sample_quantity":"1","auction_each_net":"35","base_price":"100","reverse_price":"105","high_price":"0","valuation_price":"110","last_sold_price":null,"status":"1","is_sold":"0","min_bid_added":"0","is_withdrawn":"0","created_at":"2024-08-09 11:49:37","updated_at":"2024-08-09 11:50:10","created_by":"5","updated_by":"5"}], 2024-08-09 11:59:05
ERROR - 2024-08-09 11:59:05 --> Error code L001. auctionItemId:34, 2024-08-09 11:59:05
ERROR - 2024-08-09 11:59:05 --> bid calculation initiated auctionItemId:34, 2024-08-09 11:59:05
ERROR - 2024-08-09 11:59:05 --> Error code 001. HBP:105.00,HABP: 110.00, 2024-08-09 11:59:05
ERROR - 2024-08-09 11:59:05 --> Error code 002. HBP:105.00,RP: 105, 2024-08-09 11:59:05
ERROR - 2024-08-09 11:59:05 --> bid calculation Ended auctionItemId:34, 2024-08-09 11:59:05
ERROR - 2024-08-09 11:59:05 --> Error code L002. auctionItemId:34, 2024-08-09 11:59:05
ERROR - 2024-08-09 11:59:05 --> Error code L003. auctionItemId:34, 2024-08-09 11:59:05
ERROR - 2024-08-09 11:59:05 --> Error code L001. auctionItemId:35, 2024-08-09 11:59:05
ERROR - 2024-08-09 11:59:05 --> bid calculation initiated auctionItemId:35, 2024-08-09 11:59:05
ERROR - 2024-08-09 11:59:05 --> Error code 001. HBP:118.00,HABP: 120.00, 2024-08-09 11:59:05
ERROR - 2024-08-09 11:59:05 --> Error code 003. HBP:118.00,RP: 105, 2024-08-09 11:59:05
ERROR - 2024-08-09 11:59:05 --> Error code 005. HBP:118.00,SLHABP: 0.00, 2024-08-09 11:59:05
ERROR - 2024-08-09 11:59:05 --> bid calculation Ended auctionItemId:35, 2024-08-09 11:59:05
ERROR - 2024-08-09 11:59:05 --> Error code L002. auctionItemId:35, 2024-08-09 11:59:05
ERROR - 2024-08-09 11:59:05 --> Error code L003. auctionItemId:35, 2024-08-09 11:59:05
ERROR - 2024-08-09 11:59:05 --> current items data:[], 2024-08-09 11:59:05
ERROR - 2024-08-09 12:00:06 --> bid calculation initiated auctionItemId:36, 2024-08-09 12:00:06
ERROR - 2024-08-09 12:00:06 --> bid calculation Ended auctionItemId:36, 2024-08-09 12:00:06
ERROR - 2024-08-09 12:00:06 --> bid calculation initiated auctionItemId:37, 2024-08-09 12:00:06
ERROR - 2024-08-09 12:00:06 --> Error code 007. HBP:110.00,HABP: 110.00, 2024-08-09 12:00:06
ERROR - 2024-08-09 12:00:06 --> bid calculation Ended auctionItemId:37, 2024-08-09 12:00:06
ERROR - 2024-08-09 12:00:07 --> bid calculation initiated auctionItemId:36, 2024-08-09 12:00:07
ERROR - 2024-08-09 12:00:07 --> bid calculation Ended auctionItemId:36, 2024-08-09 12:00:07
ERROR - 2024-08-09 12:00:07 --> bid calculation initiated auctionItemId:37, 2024-08-09 12:00:07
ERROR - 2024-08-09 12:00:07 --> Error code 007. HBP:110.00,HABP: 110.00, 2024-08-09 12:00:07
ERROR - 2024-08-09 12:00:07 --> bid calculation Ended auctionItemId:37, 2024-08-09 12:00:07
ERROR - 2024-08-09 12:00:36 --> current items data:[{"id":"36","inward_invoice_id":"S5","inward_item_id":"15","auction_id":"4","lot_no":"5","lot_set":"3","auction_quantity":"3","sample_quantity":"1","auction_each_net":"35","base_price":"100","reverse_price":"105","high_price":"0","valuation_price":"110","last_sold_price":null,"status":"1","is_sold":"0","min_bid_added":"0","is_withdrawn":"0","created_at":"2024-08-09 11:49:37","updated_at":"2024-08-09 11:50:10","created_by":"5","updated_by":"5"},{"id":"37","inward_invoice_id":"K1","inward_item_id":"21","auction_id":"4","lot_no":"6","lot_set":"3","auction_quantity":"1","sample_quantity":"2","auction_each_net":"40","base_price":"100","reverse_price":"105","high_price":"0","valuation_price":"110","last_sold_price":null,"status":"1","is_sold":"0","min_bid_added":"0","is_withdrawn":"0","created_at":"2024-08-09 11:49:37","updated_at":"2024-08-09 11:50:10","created_by":"5","updated_by":"5"}], 2024-08-09 12:00:36
ERROR - 2024-08-09 12:00:36 --> Error code L001. auctionItemId:36, 2024-08-09 12:00:36
ERROR - 2024-08-09 12:00:36 --> bid calculation initiated auctionItemId:36, 2024-08-09 12:00:36
ERROR - 2024-08-09 12:00:36 --> Error code 001. HBP:101.00,HABP: 110.00, 2024-08-09 12:00:36
ERROR - 2024-08-09 12:00:36 --> Error code 002. HBP:101.00,RP: 105, 2024-08-09 12:00:36
ERROR - 2024-08-09 12:00:36 --> bid calculation Ended auctionItemId:36, 2024-08-09 12:00:36
ERROR - 2024-08-09 12:00:36 --> Error code L002. auctionItemId:36, 2024-08-09 12:00:36
ERROR - 2024-08-09 12:00:36 --> Error code L003. auctionItemId:36, 2024-08-09 12:00:36
ERROR - 2024-08-09 12:00:36 --> Error code L001. auctionItemId:37, 2024-08-09 12:00:36
ERROR - 2024-08-09 12:00:36 --> bid calculation initiated auctionItemId:37, 2024-08-09 12:00:36
ERROR - 2024-08-09 12:00:36 --> Error code 007. HBP:110.00,HABP: 110.00, 2024-08-09 12:00:36
ERROR - 2024-08-09 12:00:36 --> bid calculation Ended auctionItemId:37, 2024-08-09 12:00:36
ERROR - 2024-08-09 12:00:36 --> Error code L002. auctionItemId:37, 2024-08-09 12:00:36
ERROR - 2024-08-09 12:00:36 --> Error code L003. auctionItemId:37, 2024-08-09 12:00:36
ERROR - 2024-08-09 12:00:36 --> current items data:[], 2024-08-09 12:00:36
ERROR - 2024-08-09 12:02:41 --> bid calculation initiated auctionItemId:38, 2024-08-09 12:02:41
ERROR - 2024-08-09 12:02:41 --> bid calculation Ended auctionItemId:38, 2024-08-09 12:02:41
ERROR - 2024-08-09 12:02:41 --> bid calculation initiated auctionItemId:39, 2024-08-09 12:02:41
ERROR - 2024-08-09 12:02:41 --> Error code 001. HBP:109.00,HABP: 130.00, 2024-08-09 12:02:41
ERROR - 2024-08-09 12:02:41 --> Error code 003. HBP:109.00,RP: 105, 2024-08-09 12:02:41
ERROR - 2024-08-09 12:02:41 --> Error code 004. HBP:109.00,SLHABP: 120.00, 2024-08-09 12:02:41
ERROR - 2024-08-09 12:02:41 --> bid calculation Ended auctionItemId:39, 2024-08-09 12:02:41
ERROR - 2024-08-09 12:02:55 --> bid calculation initiated auctionItemId:38, 2024-08-09 12:02:55
ERROR - 2024-08-09 12:02:55 --> bid calculation Ended auctionItemId:38, 2024-08-09 12:02:55
ERROR - 2024-08-09 12:02:55 --> bid calculation initiated auctionItemId:39, 2024-08-09 12:02:55
ERROR - 2024-08-09 12:02:55 --> Error code 001. HBP:121.00,HABP: 130.00, 2024-08-09 12:02:55
ERROR - 2024-08-09 12:02:55 --> Error code 003. HBP:121.00,RP: 105, 2024-08-09 12:02:55
ERROR - 2024-08-09 12:02:55 --> Error code 005. HBP:121.00,SLHABP: 120.00, 2024-08-09 12:02:55
ERROR - 2024-08-09 12:02:55 --> bid calculation Ended auctionItemId:39, 2024-08-09 12:02:55
ERROR - 2024-08-09 12:02:59 --> current items data:[{"id":"38","inward_invoice_id":"K2","inward_item_id":"22","auction_id":"4","lot_no":"7","lot_set":"4","auction_quantity":"1","sample_quantity":"2","auction_each_net":"40","base_price":"100","reverse_price":"105","high_price":"0","valuation_price":"110","last_sold_price":null,"status":"1","is_sold":"0","min_bid_added":"0","is_withdrawn":"0","created_at":"2024-08-09 11:49:37","updated_at":"2024-08-09 11:50:10","created_by":"5","updated_by":"5"},{"id":"39","inward_invoice_id":"K3","inward_item_id":"23","auction_id":"4","lot_no":"8","lot_set":"4","auction_quantity":"1","sample_quantity":"2","auction_each_net":"40","base_price":"100","reverse_price":"105","high_price":"0","valuation_price":"110","last_sold_price":null,"status":"1","is_sold":"0","min_bid_added":"0","is_withdrawn":"0","created_at":"2024-08-09 11:49:37","updated_at":"2024-08-09 11:50:10","created_by":"5","updated_by":"5"}], 2024-08-09 12:02:59
ERROR - 2024-08-09 12:02:59 --> Error code L001. auctionItemId:38, 2024-08-09 12:02:59
ERROR - 2024-08-09 12:02:59 --> bid calculation initiated auctionItemId:38, 2024-08-09 12:02:59
ERROR - 2024-08-09 12:02:59 --> bid calculation Ended auctionItemId:38, 2024-08-09 12:02:59
ERROR - 2024-08-09 12:02:59 --> Error code L002. auctionItemId:38, 2024-08-09 12:02:59
ERROR - 2024-08-09 12:02:59 --> Error code L003. auctionItemId:38, 2024-08-09 12:02:59
ERROR - 2024-08-09 12:02:59 --> Error code L001. auctionItemId:39, 2024-08-09 12:02:59
ERROR - 2024-08-09 12:02:59 --> bid calculation initiated auctionItemId:39, 2024-08-09 12:02:59
ERROR - 2024-08-09 12:02:59 --> Error code 001. HBP:122.00,HABP: 130.00, 2024-08-09 12:02:59
ERROR - 2024-08-09 12:02:59 --> Error code 003. HBP:122.00,RP: 105, 2024-08-09 12:02:59
ERROR - 2024-08-09 12:02:59 --> Error code 005. HBP:122.00,SLHABP: 120.00, 2024-08-09 12:02:59
ERROR - 2024-08-09 12:02:59 --> bid calculation Ended auctionItemId:39, 2024-08-09 12:02:59
ERROR - 2024-08-09 12:02:59 --> Error code L002. auctionItemId:39, 2024-08-09 12:02:59
ERROR - 2024-08-09 12:02:59 --> Error code L003. auctionItemId:39, 2024-08-09 12:02:59
ERROR - 2024-08-09 12:02:59 --> current items data:[], 2024-08-09 12:02:59
