CRITICAL - 2024-03-27 04:26:20 --> Error: Class "App\Models\AuctionBiddingModel" not found
in APPPATH\Controllers\AuctionBiddings.php on line 32.
 1 SYSTEMPATH\CodeIgniter.php(941): App\Controllers\AuctionBiddings->show('1')
 2 SYSTEMPATH\CodeIgniter.php(502): CodeIgniter\CodeIgniter->runController(Object(App\Controllers\AuctionBiddings))
 3 SYSTEMPATH\CodeIgniter.php(361): CodeIgniter\CodeIgniter->handleRequest(null, Object(Config\Cache), false)
 4 FCPATH\index.php(79): CodeIgniter\CodeIgniter->run()
CRITICAL - 2024-03-27 04:26:38 --> Error: Class "App\Models\AuctionBiddingModel" not found
in APPPATH\Controllers\AuctionBiddings.php on line 32.
 1 SYSTEMPATH\CodeIgniter.php(941): App\Controllers\AuctionBiddings->show('1')
 2 SYSTEMPATH\CodeIgniter.php(502): CodeIgniter\CodeIgniter->runController(Object(App\Controllers\AuctionBiddings))
 3 SYSTEMPATH\CodeIgniter.php(361): CodeIgniter\CodeIgniter->handleRequest(null, Object(Config\Cache), false)
 4 FCPATH\index.php(79): CodeIgniter\CodeIgniter->run()
CRITICAL - 2024-03-27 04:27:55 --> Error: Class "App\Models\AuctionBiddingModel" not found
in APPPATH\Controllers\AuctionBiddings.php on line 32.
 1 SYSTEMPATH\CodeIgniter.php(941): App\Controllers\AuctionBiddings->show('1')
 2 SYSTEMPATH\CodeIgniter.php(502): CodeIgniter\CodeIgniter->runController(Object(App\Controllers\AuctionBiddings))
 3 SYSTEMPATH\CodeIgniter.php(361): CodeIgniter\CodeIgniter->handleRequest(null, Object(Config\Cache), false)
 4 FCPATH\index.php(79): CodeIgniter\CodeIgniter->run()
CRITICAL - 2024-03-27 04:28:57 --> Error: Class "App\Models\AuctionBiddingModel" not found
in APPPATH\Controllers\AuctionBiddings.php on line 32.
 1 SYSTEMPATH\CodeIgniter.php(941): App\Controllers\AuctionBiddings->show('1')
 2 SYSTEMPATH\CodeIgniter.php(502): CodeIgniter\CodeIgniter->runController(Object(App\Controllers\AuctionBiddings))
 3 SYSTEMPATH\CodeIgniter.php(361): CodeIgniter\CodeIgniter->handleRequest(null, Object(Config\Cache), false)
 4 FCPATH\index.php(79): CodeIgniter\CodeIgniter->run()
CRITICAL - 2024-03-27 04:47:03 --> BadMethodCallException: Call to undefined method App\Models\AuctionItemModel::leftJoin
in SYSTEMPATH\Model.php on line 874.
 1 APPPATH\Controllers\Auction.php(427): CodeIgniter\Model->__call('leftJoin', [...])
 2 SYSTEMPATH\CodeIgniter.php(941): App\Controllers\Auction->getAuctionItemsByCenter('1')
 3 SYSTEMPATH\CodeIgniter.php(502): CodeIgniter\CodeIgniter->runController(Object(App\Controllers\Auction))
 4 SYSTEMPATH\CodeIgniter.php(361): CodeIgniter\CodeIgniter->handleRequest(null, Object(Config\Cache), false)
 5 FCPATH\index.php(79): CodeIgniter\CodeIgniter->run()
ERROR - 2024-03-27 04:50:21 --> mysqli_sql_exception: You have an error in your SQL syntax; check the manual that corresponds to your MariaDB server version for the right syntax to use near 'SELECT MAX(bid_price) from auction_biddings where auction_item_id=inward_item...' at line 1 in F:\xampp\htdocs\oams_staging\api\system\Database\MySQLi\Connection.php:306
Stack trace:
#0 F:\xampp\htdocs\oams_staging\api\system\Database\MySQLi\Connection.php(306): mysqli->query('SELECT `auction...', 0)
#1 F:\xampp\htdocs\oams_staging\api\system\Database\BaseConnection.php(693): CodeIgniter\Database\MySQLi\Connection->execute('SELECT `auction...')
#2 F:\xampp\htdocs\oams_staging\api\system\Database\BaseConnection.php(607): CodeIgniter\Database\BaseConnection->simpleQuery('SELECT `auction...')
#3 F:\xampp\htdocs\oams_staging\api\system\Database\BaseBuilder.php(1616): CodeIgniter\Database\BaseConnection->query('SELECT `auction...', Array, false)
#4 F:\xampp\htdocs\oams_staging\api\system\Model.php(242): CodeIgniter\Database\BaseBuilder->get()
#5 F:\xampp\htdocs\oams_staging\api\system\BaseModel.php(638): CodeIgniter\Model->doFindAll(0, 0)
#6 F:\xampp\htdocs\oams_staging\api\app\Controllers\Auction.php(427): CodeIgniter\BaseModel->findAll()
#7 F:\xampp\htdocs\oams_staging\api\system\CodeIgniter.php(941): App\Controllers\Auction->getAuctionItemsByCenter('1')
#8 F:\xampp\htdocs\oams_staging\api\system\CodeIgniter.php(502): CodeIgniter\CodeIgniter->runController(Object(App\Controllers\Auction))
#9 F:\xampp\htdocs\oams_staging\api\system\CodeIgniter.php(361): CodeIgniter\CodeIgniter->handleRequest(NULL, Object(Config\Cache), false)
#10 F:\xampp\htdocs\oams_staging\api\public\index.php(79): CodeIgniter\CodeIgniter->run()
#11 {main}
CRITICAL - 2024-03-27 04:50:21 --> CodeIgniter\Database\Exceptions\DatabaseException: You have an error in your SQL syntax; check the manual that corresponds to your MariaDB server version for the right syntax to use near 'SELECT MAX(bid_price) from auction_biddings where auction_item_id=inward_item...' at line 1
in SYSTEMPATH\Database\BaseConnection.php on line 647.
 1 SYSTEMPATH\Database\BaseBuilder.php(1616): CodeIgniter\Database\BaseConnection->query('SELECT `auction_items`.*, `inward_items`.`weight_net`, `inward_items`.`total_net`, `grade`.`name` AS `gradename`, `garden`.`name` AS `gardenname`, `inward_items`.`bag_type`, SELECT MAX(bid_price) from auction_biddings where auction_item_id=inward_items.id
FROM `auction_items`
LEFT JOIN `inward_items` ON `inward_items`.`id` = `auction_items`.`inward_item_id`
LEFT JOIN `inward` ON `inward_items`.`inward_id` = `inward`.`id`
LEFT JOIN `garden` ON `inward`.`garden_id` = `garden`.`id`
LEFT JOIN `grade` ON `grade`.`id` = `inward_items`.`grade_id`
WHERE `auction_id` = :auction_id:', [...], false)
 2 SYSTEMPATH\Model.php(242): CodeIgniter\Database\BaseBuilder->get()
 3 SYSTEMPATH\BaseModel.php(638): CodeIgniter\Model->doFindAll(0, 0)
 4 APPPATH\Controllers\Auction.php(427): CodeIgniter\BaseModel->findAll()
 5 SYSTEMPATH\CodeIgniter.php(941): App\Controllers\Auction->getAuctionItemsByCenter('1')
 6 SYSTEMPATH\CodeIgniter.php(502): CodeIgniter\CodeIgniter->runController(Object(App\Controllers\Auction))
 7 SYSTEMPATH\CodeIgniter.php(361): CodeIgniter\CodeIgniter->handleRequest(null, Object(Config\Cache), false)
 8 FCPATH\index.php(79): CodeIgniter\CodeIgniter->run()
CRITICAL - 2024-03-27 04:50:21 --> [Caused by] CodeIgniter\Database\Exceptions\DatabaseException: You have an error in your SQL syntax; check the manual that corresponds to your MariaDB server version for the right syntax to use near 'SELECT MAX(bid_price) from auction_biddings where auction_item_id=inward_item...' at line 1
in SYSTEMPATH\Database\MySQLi\Connection.php on line 311.
 1 SYSTEMPATH\Database\BaseConnection.php(693): CodeIgniter\Database\MySQLi\Connection->execute('SELECT `auction_items`.*, `inward_items`.`weight_net`, `inward_items`.`total_net`, `grade`.`name` AS `gradename`, `garden`.`name` AS `gardenname`, `inward_items`.`bag_type`, SELECT MAX(bid_price) from auction_biddings where auction_item_id=inward_items.id
FROM `auction_items`
LEFT JOIN `inward_items` ON `inward_items`.`id` = `auction_items`.`inward_item_id`
LEFT JOIN `inward` ON `inward_items`.`inward_id` = `inward`.`id`
LEFT JOIN `garden` ON `inward`.`garden_id` = `garden`.`id`
LEFT JOIN `grade` ON `grade`.`id` = `inward_items`.`grade_id`
WHERE `auction_id` = \'1\'')
 2 SYSTEMPATH\Database\BaseConnection.php(607): CodeIgniter\Database\BaseConnection->simpleQuery('SELECT `auction_items`.*, `inward_items`.`weight_net`, `inward_items`.`total_net`, `grade`.`name` AS `gradename`, `garden`.`name` AS `gardenname`, `inward_items`.`bag_type`, SELECT MAX(bid_price) from auction_biddings where auction_item_id=inward_items.id
FROM `auction_items`
LEFT JOIN `inward_items` ON `inward_items`.`id` = `auction_items`.`inward_item_id`
LEFT JOIN `inward` ON `inward_items`.`inward_id` = `inward`.`id`
LEFT JOIN `garden` ON `inward`.`garden_id` = `garden`.`id`
LEFT JOIN `grade` ON `grade`.`id` = `inward_items`.`grade_id`
WHERE `auction_id` = \'1\'')
 3 SYSTEMPATH\Database\BaseBuilder.php(1616): CodeIgniter\Database\BaseConnection->query('SELECT `auction_items`.*, `inward_items`.`weight_net`, `inward_items`.`total_net`, `grade`.`name` AS `gradename`, `garden`.`name` AS `gardenname`, `inward_items`.`bag_type`, SELECT MAX(bid_price) from auction_biddings where auction_item_id=inward_items.id
FROM `auction_items`
LEFT JOIN `inward_items` ON `inward_items`.`id` = `auction_items`.`inward_item_id`
LEFT JOIN `inward` ON `inward_items`.`inward_id` = `inward`.`id`
LEFT JOIN `garden` ON `inward`.`garden_id` = `garden`.`id`
LEFT JOIN `grade` ON `grade`.`id` = `inward_items`.`grade_id`
WHERE `auction_id` = :auction_id:', [...], false)
 4 SYSTEMPATH\Model.php(242): CodeIgniter\Database\BaseBuilder->get()
 5 SYSTEMPATH\BaseModel.php(638): CodeIgniter\Model->doFindAll(0, 0)
 6 APPPATH\Controllers\Auction.php(427): CodeIgniter\BaseModel->findAll()
 7 SYSTEMPATH\CodeIgniter.php(941): App\Controllers\Auction->getAuctionItemsByCenter('1')
 8 SYSTEMPATH\CodeIgniter.php(502): CodeIgniter\CodeIgniter->runController(Object(App\Controllers\Auction))
 9 SYSTEMPATH\CodeIgniter.php(361): CodeIgniter\CodeIgniter->handleRequest(null, Object(Config\Cache), false)
10 FCPATH\index.php(79): CodeIgniter\CodeIgniter->run()
CRITICAL - 2024-03-27 04:50:21 --> [Caused by] mysqli_sql_exception: You have an error in your SQL syntax; check the manual that corresponds to your MariaDB server version for the right syntax to use near 'SELECT MAX(bid_price) from auction_biddings where auction_item_id=inward_item...' at line 1
in SYSTEMPATH\Database\MySQLi\Connection.php on line 306.
 1 SYSTEMPATH\Database\MySQLi\Connection.php(306): mysqli->query('SELECT `auction_items`.*, `inward_items`.`weight_net`, `inward_items`.`total_net`, `grade`.`name` AS `gradename`, `garden`.`name` AS `gardenname`, `inward_items`.`bag_type`, SELECT MAX(bid_price) from auction_biddings where auction_item_id=inward_items.id
FROM `auction_items`
LEFT JOIN `inward_items` ON `inward_items`.`id` = `auction_items`.`inward_item_id`
LEFT JOIN `inward` ON `inward_items`.`inward_id` = `inward`.`id`
LEFT JOIN `garden` ON `inward`.`garden_id` = `garden`.`id`
LEFT JOIN `grade` ON `grade`.`id` = `inward_items`.`grade_id`
WHERE `auction_id` = \'1\'', 0)
 2 SYSTEMPATH\Database\BaseConnection.php(693): CodeIgniter\Database\MySQLi\Connection->execute('SELECT `auction_items`.*, `inward_items`.`weight_net`, `inward_items`.`total_net`, `grade`.`name` AS `gradename`, `garden`.`name` AS `gardenname`, `inward_items`.`bag_type`, SELECT MAX(bid_price) from auction_biddings where auction_item_id=inward_items.id
FROM `auction_items`
LEFT JOIN `inward_items` ON `inward_items`.`id` = `auction_items`.`inward_item_id`
LEFT JOIN `inward` ON `inward_items`.`inward_id` = `inward`.`id`
LEFT JOIN `garden` ON `inward`.`garden_id` = `garden`.`id`
LEFT JOIN `grade` ON `grade`.`id` = `inward_items`.`grade_id`
WHERE `auction_id` = \'1\'')
 3 SYSTEMPATH\Database\BaseConnection.php(607): CodeIgniter\Database\BaseConnection->simpleQuery('SELECT `auction_items`.*, `inward_items`.`weight_net`, `inward_items`.`total_net`, `grade`.`name` AS `gradename`, `garden`.`name` AS `gardenname`, `inward_items`.`bag_type`, SELECT MAX(bid_price) from auction_biddings where auction_item_id=inward_items.id
FROM `auction_items`
LEFT JOIN `inward_items` ON `inward_items`.`id` = `auction_items`.`inward_item_id`
LEFT JOIN `inward` ON `inward_items`.`inward_id` = `inward`.`id`
LEFT JOIN `garden` ON `inward`.`garden_id` = `garden`.`id`
LEFT JOIN `grade` ON `grade`.`id` = `inward_items`.`grade_id`
WHERE `auction_id` = \'1\'')
 4 SYSTEMPATH\Database\BaseBuilder.php(1616): CodeIgniter\Database\BaseConnection->query('SELECT `auction_items`.*, `inward_items`.`weight_net`, `inward_items`.`total_net`, `grade`.`name` AS `gradename`, `garden`.`name` AS `gardenname`, `inward_items`.`bag_type`, SELECT MAX(bid_price) from auction_biddings where auction_item_id=inward_items.id
FROM `auction_items`
LEFT JOIN `inward_items` ON `inward_items`.`id` = `auction_items`.`inward_item_id`
LEFT JOIN `inward` ON `inward_items`.`inward_id` = `inward`.`id`
LEFT JOIN `garden` ON `inward`.`garden_id` = `garden`.`id`
LEFT JOIN `grade` ON `grade`.`id` = `inward_items`.`grade_id`
WHERE `auction_id` = :auction_id:', [...], false)
 5 SYSTEMPATH\Model.php(242): CodeIgniter\Database\BaseBuilder->get()
 6 SYSTEMPATH\BaseModel.php(638): CodeIgniter\Model->doFindAll(0, 0)
 7 APPPATH\Controllers\Auction.php(427): CodeIgniter\BaseModel->findAll()
 8 SYSTEMPATH\CodeIgniter.php(941): App\Controllers\Auction->getAuctionItemsByCenter('1')
 9 SYSTEMPATH\CodeIgniter.php(502): CodeIgniter\CodeIgniter->runController(Object(App\Controllers\Auction))
10 SYSTEMPATH\CodeIgniter.php(361): CodeIgniter\CodeIgniter->handleRequest(null, Object(Config\Cache), false)
11 FCPATH\index.php(79): CodeIgniter\CodeIgniter->run()
ERROR - 2024-03-27 05:57:57 --> mysqli_sql_exception: Unknown column 'grade.name' in 'field list' in F:\xampp\htdocs\oams_staging\api\system\Database\MySQLi\Connection.php:306
Stack trace:
#0 F:\xampp\htdocs\oams_staging\api\system\Database\MySQLi\Connection.php(306): mysqli->query('SELECT `auction...', 0)
#1 F:\xampp\htdocs\oams_staging\api\system\Database\BaseConnection.php(693): CodeIgniter\Database\MySQLi\Connection->execute('SELECT `auction...')
#2 F:\xampp\htdocs\oams_staging\api\system\Database\BaseConnection.php(607): CodeIgniter\Database\BaseConnection->simpleQuery('SELECT `auction...')
#3 F:\xampp\htdocs\oams_staging\api\system\Database\BaseBuilder.php(1616): CodeIgniter\Database\BaseConnection->query('SELECT `auction...', Array, false)
#4 F:\xampp\htdocs\oams_staging\api\system\Model.php(242): CodeIgniter\Database\BaseBuilder->get()
#5 F:\xampp\htdocs\oams_staging\api\system\BaseModel.php(638): CodeIgniter\Model->doFindAll(0, 0)
#6 F:\xampp\htdocs\oams_staging\api\app\Controllers\Auction.php(427): CodeIgniter\BaseModel->findAll()
#7 F:\xampp\htdocs\oams_staging\api\system\CodeIgniter.php(941): App\Controllers\Auction->getAuctionItemsByCenter('1')
#8 F:\xampp\htdocs\oams_staging\api\system\CodeIgniter.php(502): CodeIgniter\CodeIgniter->runController(Object(App\Controllers\Auction))
#9 F:\xampp\htdocs\oams_staging\api\system\CodeIgniter.php(361): CodeIgniter\CodeIgniter->handleRequest(NULL, Object(Config\Cache), false)
#10 F:\xampp\htdocs\oams_staging\api\public\index.php(79): CodeIgniter\CodeIgniter->run()
#11 {main}
CRITICAL - 2024-03-27 05:57:57 --> CodeIgniter\Database\Exceptions\DatabaseException: Unknown column 'grade.name' in 'field list'
in SYSTEMPATH\Database\BaseConnection.php on line 647.
 1 SYSTEMPATH\Database\BaseBuilder.php(1616): CodeIgniter\Database\BaseConnection->query('SELECT `auction_items`.*, `inward_items`.`weight_net`, `inward_items`.`total_net`, `grade`.`name` AS `gradename`, `garden`.`name` AS `gardenname`, `inward_items`.`bag_type`, (SELECT MAX(bid_price) from auction_biddings where auction_item_id=inward_items.id) AS max_bid_price
FROM `auction_items`
LEFT JOIN `inward_items` ON `inward_items`.`id` = `auction_items`.`inward_item_id`
LEFT JOIN `inward` ON `inward_items`.`inward_id` = `inward`.`id`
LEFT JOIN `garden` ON `inward`.`garden_id` = `garden`.`id`
WHERE `auction_id` = :auction_id:', [...], false)
 2 SYSTEMPATH\Model.php(242): CodeIgniter\Database\BaseBuilder->get()
 3 SYSTEMPATH\BaseModel.php(638): CodeIgniter\Model->doFindAll(0, 0)
 4 APPPATH\Controllers\Auction.php(427): CodeIgniter\BaseModel->findAll()
 5 SYSTEMPATH\CodeIgniter.php(941): App\Controllers\Auction->getAuctionItemsByCenter('1')
 6 SYSTEMPATH\CodeIgniter.php(502): CodeIgniter\CodeIgniter->runController(Object(App\Controllers\Auction))
 7 SYSTEMPATH\CodeIgniter.php(361): CodeIgniter\CodeIgniter->handleRequest(null, Object(Config\Cache), false)
 8 FCPATH\index.php(79): CodeIgniter\CodeIgniter->run()
CRITICAL - 2024-03-27 05:57:57 --> [Caused by] CodeIgniter\Database\Exceptions\DatabaseException: Unknown column 'grade.name' in 'field list'
in SYSTEMPATH\Database\MySQLi\Connection.php on line 311.
 1 SYSTEMPATH\Database\BaseConnection.php(693): CodeIgniter\Database\MySQLi\Connection->execute('SELECT `auction_items`.*, `inward_items`.`weight_net`, `inward_items`.`total_net`, `grade`.`name` AS `gradename`, `garden`.`name` AS `gardenname`, `inward_items`.`bag_type`, (SELECT MAX(bid_price) from auction_biddings where auction_item_id=inward_items.id) AS max_bid_price
FROM `auction_items`
LEFT JOIN `inward_items` ON `inward_items`.`id` = `auction_items`.`inward_item_id`
LEFT JOIN `inward` ON `inward_items`.`inward_id` = `inward`.`id`
LEFT JOIN `garden` ON `inward`.`garden_id` = `garden`.`id`
WHERE `auction_id` = \'1\'')
 2 SYSTEMPATH\Database\BaseConnection.php(607): CodeIgniter\Database\BaseConnection->simpleQuery('SELECT `auction_items`.*, `inward_items`.`weight_net`, `inward_items`.`total_net`, `grade`.`name` AS `gradename`, `garden`.`name` AS `gardenname`, `inward_items`.`bag_type`, (SELECT MAX(bid_price) from auction_biddings where auction_item_id=inward_items.id) AS max_bid_price
FROM `auction_items`
LEFT JOIN `inward_items` ON `inward_items`.`id` = `auction_items`.`inward_item_id`
LEFT JOIN `inward` ON `inward_items`.`inward_id` = `inward`.`id`
LEFT JOIN `garden` ON `inward`.`garden_id` = `garden`.`id`
WHERE `auction_id` = \'1\'')
 3 SYSTEMPATH\Database\BaseBuilder.php(1616): CodeIgniter\Database\BaseConnection->query('SELECT `auction_items`.*, `inward_items`.`weight_net`, `inward_items`.`total_net`, `grade`.`name` AS `gradename`, `garden`.`name` AS `gardenname`, `inward_items`.`bag_type`, (SELECT MAX(bid_price) from auction_biddings where auction_item_id=inward_items.id) AS max_bid_price
FROM `auction_items`
LEFT JOIN `inward_items` ON `inward_items`.`id` = `auction_items`.`inward_item_id`
LEFT JOIN `inward` ON `inward_items`.`inward_id` = `inward`.`id`
LEFT JOIN `garden` ON `inward`.`garden_id` = `garden`.`id`
WHERE `auction_id` = :auction_id:', [...], false)
 4 SYSTEMPATH\Model.php(242): CodeIgniter\Database\BaseBuilder->get()
 5 SYSTEMPATH\BaseModel.php(638): CodeIgniter\Model->doFindAll(0, 0)
 6 APPPATH\Controllers\Auction.php(427): CodeIgniter\BaseModel->findAll()
 7 SYSTEMPATH\CodeIgniter.php(941): App\Controllers\Auction->getAuctionItemsByCenter('1')
 8 SYSTEMPATH\CodeIgniter.php(502): CodeIgniter\CodeIgniter->runController(Object(App\Controllers\Auction))
 9 SYSTEMPATH\CodeIgniter.php(361): CodeIgniter\CodeIgniter->handleRequest(null, Object(Config\Cache), false)
10 FCPATH\index.php(79): CodeIgniter\CodeIgniter->run()
CRITICAL - 2024-03-27 05:57:57 --> [Caused by] mysqli_sql_exception: Unknown column 'grade.name' in 'field list'
in SYSTEMPATH\Database\MySQLi\Connection.php on line 306.
 1 SYSTEMPATH\Database\MySQLi\Connection.php(306): mysqli->query('SELECT `auction_items`.*, `inward_items`.`weight_net`, `inward_items`.`total_net`, `grade`.`name` AS `gradename`, `garden`.`name` AS `gardenname`, `inward_items`.`bag_type`, (SELECT MAX(bid_price) from auction_biddings where auction_item_id=inward_items.id) AS max_bid_price
FROM `auction_items`
LEFT JOIN `inward_items` ON `inward_items`.`id` = `auction_items`.`inward_item_id`
LEFT JOIN `inward` ON `inward_items`.`inward_id` = `inward`.`id`
LEFT JOIN `garden` ON `inward`.`garden_id` = `garden`.`id`
WHERE `auction_id` = \'1\'', 0)
 2 SYSTEMPATH\Database\BaseConnection.php(693): CodeIgniter\Database\MySQLi\Connection->execute('SELECT `auction_items`.*, `inward_items`.`weight_net`, `inward_items`.`total_net`, `grade`.`name` AS `gradename`, `garden`.`name` AS `gardenname`, `inward_items`.`bag_type`, (SELECT MAX(bid_price) from auction_biddings where auction_item_id=inward_items.id) AS max_bid_price
FROM `auction_items`
LEFT JOIN `inward_items` ON `inward_items`.`id` = `auction_items`.`inward_item_id`
LEFT JOIN `inward` ON `inward_items`.`inward_id` = `inward`.`id`
LEFT JOIN `garden` ON `inward`.`garden_id` = `garden`.`id`
WHERE `auction_id` = \'1\'')
 3 SYSTEMPATH\Database\BaseConnection.php(607): CodeIgniter\Database\BaseConnection->simpleQuery('SELECT `auction_items`.*, `inward_items`.`weight_net`, `inward_items`.`total_net`, `grade`.`name` AS `gradename`, `garden`.`name` AS `gardenname`, `inward_items`.`bag_type`, (SELECT MAX(bid_price) from auction_biddings where auction_item_id=inward_items.id) AS max_bid_price
FROM `auction_items`
LEFT JOIN `inward_items` ON `inward_items`.`id` = `auction_items`.`inward_item_id`
LEFT JOIN `inward` ON `inward_items`.`inward_id` = `inward`.`id`
LEFT JOIN `garden` ON `inward`.`garden_id` = `garden`.`id`
WHERE `auction_id` = \'1\'')
 4 SYSTEMPATH\Database\BaseBuilder.php(1616): CodeIgniter\Database\BaseConnection->query('SELECT `auction_items`.*, `inward_items`.`weight_net`, `inward_items`.`total_net`, `grade`.`name` AS `gradename`, `garden`.`name` AS `gardenname`, `inward_items`.`bag_type`, (SELECT MAX(bid_price) from auction_biddings where auction_item_id=inward_items.id) AS max_bid_price
FROM `auction_items`
LEFT JOIN `inward_items` ON `inward_items`.`id` = `auction_items`.`inward_item_id`
LEFT JOIN `inward` ON `inward_items`.`inward_id` = `inward`.`id`
LEFT JOIN `garden` ON `inward`.`garden_id` = `garden`.`id`
WHERE `auction_id` = :auction_id:', [...], false)
 5 SYSTEMPATH\Model.php(242): CodeIgniter\Database\BaseBuilder->get()
 6 SYSTEMPATH\BaseModel.php(638): CodeIgniter\Model->doFindAll(0, 0)
 7 APPPATH\Controllers\Auction.php(427): CodeIgniter\BaseModel->findAll()
 8 SYSTEMPATH\CodeIgniter.php(941): App\Controllers\Auction->getAuctionItemsByCenter('1')
 9 SYSTEMPATH\CodeIgniter.php(502): CodeIgniter\CodeIgniter->runController(Object(App\Controllers\Auction))
10 SYSTEMPATH\CodeIgniter.php(361): CodeIgniter\CodeIgniter->handleRequest(null, Object(Config\Cache), false)
11 FCPATH\index.php(79): CodeIgniter\CodeIgniter->run()
CRITICAL - 2024-03-27 06:13:40 --> Error: Class "App\Models\SettingsModel" not found
in APPPATH\Controllers\Settings.php on line 79.
 1 SYSTEMPATH\CodeIgniter.php(941): App\Controllers\Settings->show('viewData')
 2 SYSTEMPATH\CodeIgniter.php(502): CodeIgniter\CodeIgniter->runController(Object(App\Controllers\Settings))
 3 SYSTEMPATH\CodeIgniter.php(361): CodeIgniter\CodeIgniter->handleRequest(null, Object(Config\Cache), false)
 4 FCPATH\index.php(79): CodeIgniter\CodeIgniter->run()
CRITICAL - 2024-03-27 06:15:49 --> Error: Class "App\Models\SettingsModel" not found
in APPPATH\Controllers\Settings.php on line 79.
 1 SYSTEMPATH\CodeIgniter.php(941): App\Controllers\Settings->show('viewData')
 2 SYSTEMPATH\CodeIgniter.php(502): CodeIgniter\CodeIgniter->runController(Object(App\Controllers\Settings))
 3 SYSTEMPATH\CodeIgniter.php(361): CodeIgniter\CodeIgniter->handleRequest(null, Object(Config\Cache), false)
 4 FCPATH\index.php(79): CodeIgniter\CodeIgniter->run()
