CRITICAL - 2024-02-28 06:21:14 --> ErrorException: Undefined array key 1
in APPPATH/Libraries/JwtLibrary.php on line 69.
 1 APPPATH/Libraries/JwtLibrary.php(69): CodeIgniter\Debug\Exceptions->errorHandler()
 2 APPPATH/Filters/AuthFilter.php(39): App\Libraries\JwtLibrary->is_jwt_valid()
 3 SYSTEMPATH/Filters/Filters.php(184): App\Filters\AuthFilter->before()
 4 SYSTEMPATH/CodeIgniter.php(474): CodeIgniter\Filters\Filters->run()
 5 SYSTEMPATH/CodeIgniter.php(361): CodeIgniter\CodeIgniter->handleRequest()
 6 FCPATH/index.php(79): CodeIgniter\CodeIgniter->run()
CRITICAL - 2024-02-28 06:21:18 --> ErrorException: Undefined array key 1
in APPPATH/Libraries/JwtLibrary.php on line 69.
 1 APPPATH/Libraries/JwtLibrary.php(69): CodeIgniter\Debug\Exceptions->errorHandler()
 2 APPPATH/Filters/AuthFilter.php(39): App\Libraries\JwtLibrary->is_jwt_valid()
 3 SYSTEMPATH/Filters/Filters.php(184): App\Filters\AuthFilter->before()
 4 SYSTEMPATH/CodeIgniter.php(474): CodeIgniter\Filters\Filters->run()
 5 SYSTEMPATH/CodeIgniter.php(361): CodeIgniter\CodeIgniter->handleRequest()
 6 FCPATH/index.php(79): CodeIgniter\CodeIgniter->run()
CRITICAL - 2024-02-28 06:21:18 --> ErrorException: Undefined array key 1
in APPPATH/Libraries/JwtLibrary.php on line 69.
 1 APPPATH/Libraries/JwtLibrary.php(69): CodeIgniter\Debug\Exceptions->errorHandler()
 2 APPPATH/Filters/AuthFilter.php(39): App\Libraries\JwtLibrary->is_jwt_valid()
 3 SYSTEMPATH/Filters/Filters.php(184): App\Filters\AuthFilter->before()
 4 SYSTEMPATH/CodeIgniter.php(474): CodeIgniter\Filters\Filters->run()
 5 SYSTEMPATH/CodeIgniter.php(361): CodeIgniter\CodeIgniter->handleRequest()
 6 FCPATH/index.php(79): CodeIgniter\CodeIgniter->run()
CRITICAL - 2024-02-28 06:21:24 --> ErrorException: Undefined array key 1
in APPPATH/Libraries/JwtLibrary.php on line 69.
 1 APPPATH/Libraries/JwtLibrary.php(69): CodeIgniter\Debug\Exceptions->errorHandler()
 2 APPPATH/Filters/AuthFilter.php(39): App\Libraries\JwtLibrary->is_jwt_valid()
 3 SYSTEMPATH/Filters/Filters.php(184): App\Filters\AuthFilter->before()
 4 SYSTEMPATH/CodeIgniter.php(474): CodeIgniter\Filters\Filters->run()
 5 SYSTEMPATH/CodeIgniter.php(361): CodeIgniter\CodeIgniter->handleRequest()
 6 FCPATH/index.php(79): CodeIgniter\CodeIgniter->run()
CRITICAL - 2024-02-28 06:46:54 --> ErrorException: Undefined array key 1
in APPPATH/Libraries/JwtLibrary.php on line 69.
 1 APPPATH/Libraries/JwtLibrary.php(69): CodeIgniter\Debug\Exceptions->errorHandler()
 2 APPPATH/Filters/AuthFilter.php(39): App\Libraries\JwtLibrary->is_jwt_valid()
 3 SYSTEMPATH/Filters/Filters.php(184): App\Filters\AuthFilter->before()
 4 SYSTEMPATH/CodeIgniter.php(474): CodeIgniter\Filters\Filters->run()
 5 SYSTEMPATH/CodeIgniter.php(361): CodeIgniter\CodeIgniter->handleRequest()
 6 FCPATH/index.php(79): CodeIgniter\CodeIgniter->run()
CRITICAL - 2024-02-28 06:48:22 --> ErrorException: Undefined array key 1
in APPPATH/Libraries/JwtLibrary.php on line 69.
 1 APPPATH/Libraries/JwtLibrary.php(69): CodeIgniter\Debug\Exceptions->errorHandler()
 2 APPPATH/Filters/AuthFilter.php(39): App\Libraries\JwtLibrary->is_jwt_valid()
 3 SYSTEMPATH/Filters/Filters.php(184): App\Filters\AuthFilter->before()
 4 SYSTEMPATH/CodeIgniter.php(474): CodeIgniter\Filters\Filters->run()
 5 SYSTEMPATH/CodeIgniter.php(361): CodeIgniter\CodeIgniter->handleRequest()
 6 FCPATH/index.php(79): CodeIgniter\CodeIgniter->run()
CRITICAL - 2024-02-28 06:48:57 --> ErrorException: Undefined array key 1
in APPPATH/Libraries/JwtLibrary.php on line 69.
 1 APPPATH/Libraries/JwtLibrary.php(69): CodeIgniter\Debug\Exceptions->errorHandler()
 2 APPPATH/Filters/AuthFilter.php(39): App\Libraries\JwtLibrary->is_jwt_valid()
 3 SYSTEMPATH/Filters/Filters.php(184): App\Filters\AuthFilter->before()
 4 SYSTEMPATH/CodeIgniter.php(474): CodeIgniter\Filters\Filters->run()
 5 SYSTEMPATH/CodeIgniter.php(361): CodeIgniter\CodeIgniter->handleRequest()
 6 FCPATH/index.php(79): CodeIgniter\CodeIgniter->run()
CRITICAL - 2024-02-28 06:49:05 --> ErrorException: Undefined array key 1
in APPPATH/Libraries/JwtLibrary.php on line 69.
 1 APPPATH/Libraries/JwtLibrary.php(69): CodeIgniter\Debug\Exceptions->errorHandler()
 2 APPPATH/Filters/AuthFilter.php(39): App\Libraries\JwtLibrary->is_jwt_valid()
 3 SYSTEMPATH/Filters/Filters.php(184): App\Filters\AuthFilter->before()
 4 SYSTEMPATH/CodeIgniter.php(474): CodeIgniter\Filters\Filters->run()
 5 SYSTEMPATH/CodeIgniter.php(361): CodeIgniter\CodeIgniter->handleRequest()
 6 FCPATH/index.php(79): CodeIgniter\CodeIgniter->run()
ERROR - 2024-02-28 06:49:30 --> mysqli_sql_exception: Unknown column 'garden.seller_id' in 'on clause' in /home/u553659265/domains/itechnocorp.com/public_html/oams-api/system/Database/MySQLi/Connection.php:306
Stack trace:
#0 /home/u553659265/domains/itechnocorp.com/public_html/oams-api/system/Database/MySQLi/Connection.php(306): mysqli->query()
#1 /home/u553659265/domains/itechnocorp.com/public_html/oams-api/system/Database/BaseConnection.php(693): CodeIgniter\Database\MySQLi\Connection->execute()
#2 /home/u553659265/domains/itechnocorp.com/public_html/oams-api/system/Database/BaseConnection.php(607): CodeIgniter\Database\BaseConnection->simpleQuery()
#3 /home/u553659265/domains/itechnocorp.com/public_html/oams-api/system/Database/BaseBuilder.php(1616): CodeIgniter\Database\BaseConnection->query()
#4 /home/u553659265/domains/itechnocorp.com/public_html/oams-api/system/Model.php(242): CodeIgniter\Database\BaseBuilder->get()
#5 /home/u553659265/domains/itechnocorp.com/public_html/oams-api/system/BaseModel.php(638): CodeIgniter\Model->doFindAll()
#6 /home/u553659265/domains/itechnocorp.com/public_html/oams-api/app/Controllers/Garden.php(32): CodeIgniter\BaseModel->findAll()
#7 /home/u553659265/domains/itechnocorp.com/public_html/oams-api/system/CodeIgniter.php(941): App\Controllers\Garden->index()
#8 /home/u553659265/domains/itechnocorp.com/public_html/oams-api/system/CodeIgniter.php(502): CodeIgniter\CodeIgniter->runController()
#9 /home/u553659265/domains/itechnocorp.com/public_html/oams-api/system/CodeIgniter.php(361): CodeIgniter\CodeIgniter->handleRequest()
#10 /home/u553659265/domains/itechnocorp.com/public_html/oams-api/public/index.php(79): CodeIgniter\CodeIgniter->run()
#11 {main}
CRITICAL - 2024-02-28 06:49:30 --> CodeIgniter\Database\Exceptions\DatabaseException: Unknown column 'garden.seller_id' in 'on clause'
in SYSTEMPATH/Database/BaseConnection.php on line 647.
 1 SYSTEMPATH/Database/BaseBuilder.php(1616): CodeIgniter\Database\BaseConnection->query()
 2 SYSTEMPATH/Model.php(242): CodeIgniter\Database\BaseBuilder->get()
 3 SYSTEMPATH/BaseModel.php(638): CodeIgniter\Model->doFindAll()
 4 APPPATH/Controllers/Garden.php(32): CodeIgniter\BaseModel->findAll()
 5 SYSTEMPATH/CodeIgniter.php(941): App\Controllers\Garden->index()
 6 SYSTEMPATH/CodeIgniter.php(502): CodeIgniter\CodeIgniter->runController()
 7 SYSTEMPATH/CodeIgniter.php(361): CodeIgniter\CodeIgniter->handleRequest()
 8 FCPATH/index.php(79): CodeIgniter\CodeIgniter->run()
CRITICAL - 2024-02-28 06:49:30 --> [Caused by] CodeIgniter\Database\Exceptions\DatabaseException: Unknown column 'garden.seller_id' in 'on clause'
in SYSTEMPATH/Database/MySQLi/Connection.php on line 311.
 1 SYSTEMPATH/Database/BaseConnection.php(693): CodeIgniter\Database\MySQLi\Connection->execute()
 2 SYSTEMPATH/Database/BaseConnection.php(607): CodeIgniter\Database\BaseConnection->simpleQuery()
 3 SYSTEMPATH/Database/BaseBuilder.php(1616): CodeIgniter\Database\BaseConnection->query()
 4 SYSTEMPATH/Model.php(242): CodeIgniter\Database\BaseBuilder->get()
 5 SYSTEMPATH/BaseModel.php(638): CodeIgniter\Model->doFindAll()
 6 APPPATH/Controllers/Garden.php(32): CodeIgniter\BaseModel->findAll()
 7 SYSTEMPATH/CodeIgniter.php(941): App\Controllers\Garden->index()
 8 SYSTEMPATH/CodeIgniter.php(502): CodeIgniter\CodeIgniter->runController()
 9 SYSTEMPATH/CodeIgniter.php(361): CodeIgniter\CodeIgniter->handleRequest()
10 FCPATH/index.php(79): CodeIgniter\CodeIgniter->run()
CRITICAL - 2024-02-28 06:49:30 --> [Caused by] mysqli_sql_exception: Unknown column 'garden.seller_id' in 'on clause'
in SYSTEMPATH/Database/MySQLi/Connection.php on line 306.
 1 SYSTEMPATH/Database/MySQLi/Connection.php(306): mysqli->query()
 2 SYSTEMPATH/Database/BaseConnection.php(693): CodeIgniter\Database\MySQLi\Connection->execute()
 3 SYSTEMPATH/Database/BaseConnection.php(607): CodeIgniter\Database\BaseConnection->simpleQuery()
 4 SYSTEMPATH/Database/BaseBuilder.php(1616): CodeIgniter\Database\BaseConnection->query()
 5 SYSTEMPATH/Model.php(242): CodeIgniter\Database\BaseBuilder->get()
 6 SYSTEMPATH/BaseModel.php(638): CodeIgniter\Model->doFindAll()
 7 APPPATH/Controllers/Garden.php(32): CodeIgniter\BaseModel->findAll()
 8 SYSTEMPATH/CodeIgniter.php(941): App\Controllers\Garden->index()
 9 SYSTEMPATH/CodeIgniter.php(502): CodeIgniter\CodeIgniter->runController()
10 SYSTEMPATH/CodeIgniter.php(361): CodeIgniter\CodeIgniter->handleRequest()
11 FCPATH/index.php(79): CodeIgniter\CodeIgniter->run()
CRITICAL - 2024-02-28 06:53:54 --> ErrorException: Undefined array key 1
in APPPATH/Libraries/JwtLibrary.php on line 69.
 1 APPPATH/Libraries/JwtLibrary.php(69): CodeIgniter\Debug\Exceptions->errorHandler()
 2 APPPATH/Filters/AuthFilter.php(39): App\Libraries\JwtLibrary->is_jwt_valid()
 3 SYSTEMPATH/Filters/Filters.php(184): App\Filters\AuthFilter->before()
 4 SYSTEMPATH/CodeIgniter.php(474): CodeIgniter\Filters\Filters->run()
 5 SYSTEMPATH/CodeIgniter.php(361): CodeIgniter\CodeIgniter->handleRequest()
 6 FCPATH/index.php(79): CodeIgniter\CodeIgniter->run()
CRITICAL - 2024-02-28 06:54:21 --> ErrorException: Undefined array key 1
in APPPATH/Libraries/JwtLibrary.php on line 69.
 1 APPPATH/Libraries/JwtLibrary.php(69): CodeIgniter\Debug\Exceptions->errorHandler()
 2 APPPATH/Filters/AuthFilter.php(39): App\Libraries\JwtLibrary->is_jwt_valid()
 3 SYSTEMPATH/Filters/Filters.php(184): App\Filters\AuthFilter->before()
 4 SYSTEMPATH/CodeIgniter.php(474): CodeIgniter\Filters\Filters->run()
 5 SYSTEMPATH/CodeIgniter.php(361): CodeIgniter\CodeIgniter->handleRequest()
 6 FCPATH/index.php(79): CodeIgniter\CodeIgniter->run()
CRITICAL - 2024-02-28 06:54:31 --> ErrorException: Undefined array key 1
in APPPATH/Libraries/JwtLibrary.php on line 69.
 1 APPPATH/Libraries/JwtLibrary.php(69): CodeIgniter\Debug\Exceptions->errorHandler()
 2 APPPATH/Filters/AuthFilter.php(39): App\Libraries\JwtLibrary->is_jwt_valid()
 3 SYSTEMPATH/Filters/Filters.php(184): App\Filters\AuthFilter->before()
 4 SYSTEMPATH/CodeIgniter.php(474): CodeIgniter\Filters\Filters->run()
 5 SYSTEMPATH/CodeIgniter.php(361): CodeIgniter\CodeIgniter->handleRequest()
 6 FCPATH/index.php(79): CodeIgniter\CodeIgniter->run()
