CRITICAL - 2024-09-23 11:26:04 --> ErrorException: Undefined variable $auction_data
in APPPATH/Controllers/Cart.php on line 427.
 1 APPPATH/Controllers/Cart.php(427): CodeIgniter\Debug\Exceptions->errorHandler(2, 'Undefined variable $auction_data', '/var/www/eazyhosting.in/public_html/api/app/Controllers/Cart.php', 427)
 2 SYSTEMPATH/CodeIgniter.php(941): App\Controllers\Cart->auctiongardenlist()
 3 SYSTEMPATH/CodeIgniter.php(502): CodeIgniter\CodeIgniter->runController(Object(App\Controllers\Cart))
 4 SYSTEMPATH/CodeIgniter.php(361): CodeIgniter\CodeIgniter->handleRequest(null, Object(Config\Cache), false)
 5 FCPATH/index.php(79): CodeIgniter\CodeIgniter->run()
CRITICAL - 2024-09-23 11:26:34 --> ErrorException: Undefined variable $auction_data
in APPPATH/Controllers/Cart.php on line 427.
 1 APPPATH/Controllers/Cart.php(427): CodeIgniter\Debug\Exceptions->errorHandler(2, 'Undefined variable $auction_data', '/var/www/eazyhosting.in/public_html/api/app/Controllers/Cart.php', 427)
 2 SYSTEMPATH/CodeIgniter.php(941): App\Controllers\Cart->auctiongardenlist()
 3 SYSTEMPATH/CodeIgniter.php(502): CodeIgniter\CodeIgniter->runController(Object(App\Controllers\Cart))
 4 SYSTEMPATH/CodeIgniter.php(361): CodeIgniter\CodeIgniter->handleRequest(null, Object(Config\Cache), false)
 5 FCPATH/index.php(79): CodeIgniter\CodeIgniter->run()
CRITICAL - 2024-09-23 11:27:30 --> ErrorException: Undefined variable $auction_data
in APPPATH/Controllers/Cart.php on line 427.
 1 APPPATH/Controllers/Cart.php(427): CodeIgniter\Debug\Exceptions->errorHandler(2, 'Undefined variable $auction_data', '/var/www/eazyhosting.in/public_html/api/app/Controllers/Cart.php', 427)
 2 SYSTEMPATH/CodeIgniter.php(941): App\Controllers\Cart->auctiongardenlist()
 3 SYSTEMPATH/CodeIgniter.php(502): CodeIgniter\CodeIgniter->runController(Object(App\Controllers\Cart))
 4 SYSTEMPATH/CodeIgniter.php(361): CodeIgniter\CodeIgniter->handleRequest(null, Object(Config\Cache), false)
 5 FCPATH/index.php(79): CodeIgniter\CodeIgniter->run()
ERROR - 2024-09-23 11:36:45 --> E002 - 2024-09-23 11:36:45
ERROR - 2024-09-23 11:36:45 --> E003 - 2024-09-23 11:36:45
ERROR - 2024-09-23 11:36:45 --> E001 - 2024-09-23 11:36:45
ERROR - 2024-09-23 11:39:15 --> current items data:[{"id":"21","inward_invoice_id":"V2","inward_item_id":"2","auction_id":"6","lot_no":"1","lot_set":"1","auction_quantity":"1","sample_quantity":"0","auction_each_net":"13","base_price":"100","reverse_price":"200","high_price":"0","valuation_price":"300","last_sold_price":null,"status":"1","is_sold":"0","min_bid_added":"0","is_withdrawn":"0","created_at":"2024-09-23 11:27:34","updated_at":"2024-09-23 11:28:37","created_by":"3","updated_by":"3"},{"id":"22","inward_invoice_id":"V1","inward_item_id":"1","auction_id":"6","lot_no":"2","lot_set":"1","auction_quantity":"1","sample_quantity":"0","auction_each_net":"10","base_price":"100","reverse_price":"200","high_price":"0","valuation_price":"300","last_sold_price":null,"status":"1","is_sold":"0","min_bid_added":"0","is_withdrawn":"0","created_at":"2024-09-23 11:27:34","updated_at":"2024-09-23 11:28:37","created_by":"3","updated_by":"3"}], 2024-09-23 11:39:15
ERROR - 2024-09-23 11:39:15 --> Error code L001. auctionItemId:21, 2024-09-23 11:39:15
ERROR - 2024-09-23 11:39:15 --> bid calculation initiated auctionItemId:21, 2
ERROR - 2024-09-23 11:39:15 --> bidding value array:{"id":"43","auction_item_id":"21","buyer_id":"2","bid_price":"1001.00","sq":"1.000","bq":"1.000","bid_type":"1","created_at":"2024-09-23 11:36:45","updated_at":"2024-09-23 11:36:45"}
ERROR - 2024-09-23 11:39:15 --> Error code 001. HBP:1001.00,HABP: 1200, 2024-09-23 11:39:15
ERROR - 2024-09-23 11:39:15 --> Error code 003. HBP:1001.00,RP: 200, 2024-09-23 11:39:15
ERROR - 2024-09-23 11:39:15 --> Error code 005. HBP:1001.00,SLHABP: 1000, 2024-09-23 11:39:15
ERROR - 2024-09-23 11:39:15 --> bid calculation Ended auctionItemId:21, 2024-09-23 11:39:15
ERROR - 2024-09-23 11:39:15 --> Error code L002. auctionItemId:21, 2024-09-23 11:39:15
ERROR - 2024-09-23 11:39:15 --> Error code L003. auctionItemId:21, 2024-09-23 11:39:15
ERROR - 2024-09-23 11:39:15 --> Error code L001. auctionItemId:22, 2024-09-23 11:39:15
ERROR - 2024-09-23 11:39:15 --> bid calculation initiated auctionItemId:22, 2
ERROR - 2024-09-23 11:39:15 --> bidding value array:{"id":"44","auction_item_id":"22","buyer_id":"1","bid_price":"120.00","sq":"1.000","bq":"1.000","bid_type":"0","created_at":"2024-09-23 11:36:45","updated_at":"2024-09-23 11:36:45"}
ERROR - 2024-09-23 11:39:15 --> Error code 006. HBP:120.00,HABP: 0, 2024-09-23 11:39:15
ERROR - 2024-09-23 11:39:15 --> bid calculation Ended auctionItemId:22, 2024-09-23 11:39:15
ERROR - 2024-09-23 11:39:15 --> Error code L002. auctionItemId:22, 2024-09-23 11:39:15
ERROR - 2024-09-23 11:39:15 --> Error code L003. auctionItemId:22, 2024-09-23 11:39:15
ERROR - 2024-09-23 11:39:15 --> current items data:[], 2024-09-23 11:39:15
ERROR - 2024-09-23 11:39:16 --> E002 - 2024-09-23 11:39:16
ERROR - 2024-09-23 11:39:16 --> E002.1 - 2024-09-23 11:39:16
ERROR - 2024-09-23 11:39:16 --> E002 - 2024-09-23 11:39:16
ERROR - 2024-09-23 11:39:16 --> E002.1 - 2024-09-23 11:39:16
ERROR - 2024-09-23 11:42:06 --> current items data:[{"id":"23","inward_invoice_id":"V4","inward_item_id":"4","auction_id":"6","lot_no":"3","lot_set":"2","auction_quantity":"1","sample_quantity":"0","auction_each_net":"2","base_price":"100","reverse_price":"200","high_price":"0","valuation_price":"300","last_sold_price":null,"status":"1","is_sold":"0","min_bid_added":"0","is_withdrawn":"0","created_at":"2024-09-23 11:27:34","updated_at":"2024-09-23 11:28:37","created_by":"3","updated_by":"3"},{"id":"24","inward_invoice_id":"V3","inward_item_id":"3","auction_id":"6","lot_no":"4","lot_set":"2","auction_quantity":"1","sample_quantity":"0","auction_each_net":"9","base_price":"100","reverse_price":"200","high_price":"0","valuation_price":"300","last_sold_price":null,"status":"1","is_sold":"0","min_bid_added":"0","is_withdrawn":"0","created_at":"2024-09-23 11:27:34","updated_at":"2024-09-23 11:28:37","created_by":"3","updated_by":"3"}], 2024-09-23 11:42:06
ERROR - 2024-09-23 11:42:06 --> Error code L001. auctionItemId:23, 2024-09-23 11:42:06
ERROR - 2024-09-23 11:42:06 --> bid calculation initiated auctionItemId:23, 1
ERROR - 2024-09-23 11:42:06 --> bidding value array:{"id":"47","auction_item_id":"23","buyer_id":"1","bid_price":"101.00","sq":"1.000","bq":"1.000","bid_type":"1","created_at":"2024-09-23 11:39:16","updated_at":"2024-09-23 11:39:16"}
ERROR - 2024-09-23 11:42:06 --> Error code 001. HBP:101.00,HABP: 1500, 2024-09-23 11:42:06
ERROR - 2024-09-23 11:42:06 --> Error code 002. HBP:101.00,RP: 200, 2024-09-23 11:42:06
ERROR - 2024-09-23 11:42:06 --> bid calculation Ended auctionItemId:23, 2024-09-23 11:42:06
ERROR - 2024-09-23 11:42:06 --> Error code L002. auctionItemId:23, 2024-09-23 11:42:06
ERROR - 2024-09-23 11:42:06 --> Error code L003. auctionItemId:23, 2024-09-23 11:42:06
ERROR - 2024-09-23 11:42:06 --> Error code L001. auctionItemId:24, 2024-09-23 11:42:06
ERROR - 2024-09-23 11:42:06 --> bid calculation initiated auctionItemId:24, 1
ERROR - 2024-09-23 11:42:06 --> bidding value array:{"id":"48","auction_item_id":"24","buyer_id":"2","bid_price":"101.00","sq":"1.000","bq":"1.000","bid_type":"1","created_at":"2024-09-23 11:39:16","updated_at":"2024-09-23 11:39:16"}
ERROR - 2024-09-23 11:42:06 --> Error code 001. HBP:101.00,HABP: 3400, 2024-09-23 11:42:06
ERROR - 2024-09-23 11:42:06 --> Error code 002. HBP:101.00,RP: 200, 2024-09-23 11:42:06
ERROR - 2024-09-23 11:42:06 --> bid calculation Ended auctionItemId:24, 2024-09-23 11:42:06
ERROR - 2024-09-23 11:42:06 --> Error code L002. auctionItemId:24, 2024-09-23 11:42:06
ERROR - 2024-09-23 11:42:06 --> Error code L003. auctionItemId:24, 2024-09-23 11:42:06
ERROR - 2024-09-23 11:42:06 --> current items data:[], 2024-09-23 11:42:06
ERROR - 2024-09-23 11:42:07 --> E001 - 2024-09-23 11:42:07
ERROR - 2024-09-23 11:46:29 --> current items data:[{"id":"25","inward_invoice_id":"V5","inward_item_id":"5","auction_id":"6","lot_no":"5","lot_set":"3","auction_quantity":"1","sample_quantity":"0","auction_each_net":"15","base_price":"100","reverse_price":"200","high_price":"0","valuation_price":"300","last_sold_price":null,"status":"1","is_sold":"0","min_bid_added":"0","is_withdrawn":"0","created_at":"2024-09-23 11:27:34","updated_at":"2024-09-23 11:28:37","created_by":"3","updated_by":"3"}], 2024-09-23 11:46:29
ERROR - 2024-09-23 11:46:29 --> Error code L001. auctionItemId:25, 2024-09-23 11:46:29
ERROR - 2024-09-23 11:46:29 --> bid calculation initiated auctionItemId:25, 1
ERROR - 2024-09-23 11:46:29 --> bidding value array:{"id":"51","auction_item_id":"25","buyer_id":"2","bid_price":"120.00","sq":"1.000","bq":"1.000","bid_type":"0","created_at":"2024-09-23 11:42:07","updated_at":"2024-09-23 11:42:07"}
ERROR - 2024-09-23 11:46:29 --> Error code 006. HBP:120.00,HABP: 0, 2024-09-23 11:46:29
ERROR - 2024-09-23 11:46:29 --> bid calculation Ended auctionItemId:25, 2024-09-23 11:46:29
ERROR - 2024-09-23 11:46:29 --> Error code L002. auctionItemId:25, 2024-09-23 11:46:29
ERROR - 2024-09-23 11:46:29 --> Error code L003. auctionItemId:25, 2024-09-23 11:46:29
ERROR - 2024-09-23 11:46:30 --> current items data:[], 2024-09-23 11:46:30
CRITICAL - 2024-09-23 12:35:13 --> ErrorException: Undefined variable $auction_data
in APPPATH/Controllers/Cart.php on line 427.
 1 APPPATH/Controllers/Cart.php(427): CodeIgniter\Debug\Exceptions->errorHandler(2, 'Undefined variable $auction_data', '/var/www/eazyhosting.in/public_html/api/app/Controllers/Cart.php', 427)
 2 SYSTEMPATH/CodeIgniter.php(941): App\Controllers\Cart->auctiongardenlist()
 3 SYSTEMPATH/CodeIgniter.php(502): CodeIgniter\CodeIgniter->runController(Object(App\Controllers\Cart))
 4 SYSTEMPATH/CodeIgniter.php(361): CodeIgniter\CodeIgniter->handleRequest(null, Object(Config\Cache), false)
 5 FCPATH/index.php(79): CodeIgniter\CodeIgniter->run()
CRITICAL - 2024-09-23 12:35:57 --> ErrorException: Undefined variable $auction_data
in APPPATH/Controllers/Cart.php on line 427.
 1 APPPATH/Controllers/Cart.php(427): CodeIgniter\Debug\Exceptions->errorHandler(2, 'Undefined variable $auction_data', '/var/www/eazyhosting.in/public_html/api/app/Controllers/Cart.php', 427)
 2 SYSTEMPATH/CodeIgniter.php(941): App\Controllers\Cart->auctiongardenlist()
 3 SYSTEMPATH/CodeIgniter.php(502): CodeIgniter\CodeIgniter->runController(Object(App\Controllers\Cart))
 4 SYSTEMPATH/CodeIgniter.php(361): CodeIgniter\CodeIgniter->handleRequest(null, Object(Config\Cache), false)
 5 FCPATH/index.php(79): CodeIgniter\CodeIgniter->run()
CRITICAL - 2024-09-23 12:36:01 --> ErrorException: Undefined variable $auction_data
in APPPATH/Controllers/Cart.php on line 427.
 1 APPPATH/Controllers/Cart.php(427): CodeIgniter\Debug\Exceptions->errorHandler(2, 'Undefined variable $auction_data', '/var/www/eazyhosting.in/public_html/api/app/Controllers/Cart.php', 427)
 2 SYSTEMPATH/CodeIgniter.php(941): App\Controllers\Cart->auctiongardenlist()
 3 SYSTEMPATH/CodeIgniter.php(502): CodeIgniter\CodeIgniter->runController(Object(App\Controllers\Cart))
 4 SYSTEMPATH/CodeIgniter.php(361): CodeIgniter\CodeIgniter->handleRequest(null, Object(Config\Cache), false)
 5 FCPATH/index.php(79): CodeIgniter\CodeIgniter->run()
ERROR - 2024-09-23 12:51:21 --> E004 - 2024-09-23 12:51:21
ERROR - 2024-09-23 12:51:21 --> E004.3 - 2024-09-23 12:51:21
ERROR - 2024-09-23 12:51:21 --> E004 - 2024-09-23 12:51:21
ERROR - 2024-09-23 12:51:21 --> E004.1 - 2024-09-23 12:51:21
ERROR - 2024-09-23 12:53:50 --> current items data:[{"id":"26","inward_invoice_id":"V2","inward_item_id":"2","auction_id":"7","lot_no":"1","lot_set":"1","auction_quantity":"1","sample_quantity":"0","auction_each_net":"13","base_price":"100","reverse_price":"105","high_price":"0","valuation_price":"110","last_sold_price":null,"status":"1","is_sold":"0","min_bid_added":"0","is_withdrawn":"0","created_at":"2024-09-23 12:36:11","updated_at":"2024-09-23 12:37:40","created_by":"5","updated_by":"5"},{"id":"27","inward_invoice_id":"V1","inward_item_id":"1","auction_id":"7","lot_no":"2","lot_set":"1","auction_quantity":"1","sample_quantity":"0","auction_each_net":"10","base_price":"100","reverse_price":"105","high_price":"0","valuation_price":"110","last_sold_price":null,"status":"1","is_sold":"0","min_bid_added":"0","is_withdrawn":"0","created_at":"2024-09-23 12:36:11","updated_at":"2024-09-23 12:37:40","created_by":"5","updated_by":"5"}], 2024-09-23 12:53:50
ERROR - 2024-09-23 12:53:50 --> Error code L001. auctionItemId:26, 2024-09-23 12:53:50
ERROR - 2024-09-23 12:53:50 --> bid calculation initiated auctionItemId:26, 2
ERROR - 2024-09-23 12:53:50 --> bidding value array:{"id":"53","auction_item_id":"26","buyer_id":"3","bid_price":"110.00","sq":"1.000","bq":"1.000","bid_type":"1","created_at":"2024-09-23 12:51:21","updated_at":"2024-09-23 12:51:21"}
ERROR - 2024-09-23 12:53:50 --> Error code 007. HBP:110.00,HABP: 110, 2024-09-23 12:53:50
ERROR - 2024-09-23 12:53:50 --> bid calculation Ended auctionItemId:26, 2024-09-23 12:53:50
ERROR - 2024-09-23 12:53:50 --> Error code L002. auctionItemId:26, 2024-09-23 12:53:50
ERROR - 2024-09-23 12:53:50 --> Error code L003. auctionItemId:26, 2024-09-23 12:53:50
ERROR - 2024-09-23 12:53:50 --> Error code L001. auctionItemId:27, 2024-09-23 12:53:50
ERROR - 2024-09-23 12:53:50 --> bid calculation initiated auctionItemId:27, 2
ERROR - 2024-09-23 12:53:50 --> bidding value array:{"id":"54","auction_item_id":"27","buyer_id":"3","bid_price":"120.00","sq":"1.000","bq":"1.000","bid_type":"0","created_at":"2024-09-23 12:51:21","updated_at":"2024-09-23 12:51:21"}
ERROR - 2024-09-23 12:53:50 --> Error code 007. HBP:120.00,HABP: 120, 2024-09-23 12:53:50
ERROR - 2024-09-23 12:53:50 --> bid calculation Ended auctionItemId:27, 2024-09-23 12:53:50
ERROR - 2024-09-23 12:53:50 --> Error code L002. auctionItemId:27, 2024-09-23 12:53:50
ERROR - 2024-09-23 12:53:50 --> Error code L003. auctionItemId:27, 2024-09-23 12:53:50
ERROR - 2024-09-23 12:53:50 --> current items data:[], 2024-09-23 12:53:50
ERROR - 2024-09-23 12:53:51 --> E004 - 2024-09-23 12:53:51
ERROR - 2024-09-23 12:53:51 --> E004.3 - 2024-09-23 12:53:51
ERROR - 2024-09-23 12:53:51 --> E004 - 2024-09-23 12:53:51
ERROR - 2024-09-23 12:53:51 --> E004.2 - 2024-09-23 12:53:51
ERROR - 2024-09-23 12:57:04 --> current items data:[{"id":"28","inward_invoice_id":"V4","inward_item_id":"4","auction_id":"7","lot_no":"3","lot_set":"2","auction_quantity":"2","sample_quantity":"0","auction_each_net":"2","base_price":"100","reverse_price":"105","high_price":"0","valuation_price":"110","last_sold_price":null,"status":"1","is_sold":"0","min_bid_added":"0","is_withdrawn":"0","created_at":"2024-09-23 12:36:11","updated_at":"2024-09-23 12:37:40","created_by":"5","updated_by":"5"},{"id":"29","inward_invoice_id":"V3","inward_item_id":"3","auction_id":"7","lot_no":"4","lot_set":"2","auction_quantity":"1","sample_quantity":"0","auction_each_net":"9","base_price":"100","reverse_price":"105","high_price":"0","valuation_price":"110","last_sold_price":null,"status":"1","is_sold":"0","min_bid_added":"0","is_withdrawn":"0","created_at":"2024-09-23 12:36:11","updated_at":"2024-09-23 12:37:40","created_by":"5","updated_by":"5"}], 2024-09-23 12:57:04
ERROR - 2024-09-23 12:57:04 --> Error code L001. auctionItemId:28, 2024-09-23 12:57:04
ERROR - 2024-09-23 12:57:04 --> bid calculation initiated auctionItemId:28, 2
ERROR - 2024-09-23 12:57:04 --> bidding value array:{"id":"57","auction_item_id":"28","buyer_id":"3","bid_price":"110.00","sq":"1.000","bq":"1.000","bid_type":"1","created_at":"2024-09-23 12:53:51","updated_at":"2024-09-23 12:53:51"}
ERROR - 2024-09-23 12:57:04 --> Error code 007. HBP:110.00,HABP: 110, 2024-09-23 12:57:04
ERROR - 2024-09-23 12:57:04 --> bid calculation Ended auctionItemId:28, 2024-09-23 12:57:04
ERROR - 2024-09-23 12:57:04 --> Error code L002. auctionItemId:28, 2024-09-23 12:57:04
ERROR - 2024-09-23 12:57:04 --> Error code L003. auctionItemId:28, 2024-09-23 12:57:04
ERROR - 2024-09-23 12:57:04 --> Error code L001. auctionItemId:29, 2024-09-23 12:57:04
ERROR - 2024-09-23 12:57:04 --> bid calculation initiated auctionItemId:29, 1
ERROR - 2024-09-23 12:57:04 --> bidding value array:{"id":"58","auction_item_id":"29","buyer_id":"3","bid_price":"102.00","sq":"1.000","bq":"1.000","bid_type":"1","created_at":"2024-09-23 12:53:51","updated_at":"2024-09-23 12:53:51"}
ERROR - 2024-09-23 12:57:04 --> Error code 001. HBP:102.00,HABP: 110, 2024-09-23 12:57:04
ERROR - 2024-09-23 12:57:04 --> Error code 002. HBP:102.00,RP: 105, 2024-09-23 12:57:04
ERROR - 2024-09-23 12:57:04 --> bid calculation Ended auctionItemId:29, 2024-09-23 12:57:04
ERROR - 2024-09-23 12:57:04 --> Error code L002. auctionItemId:29, 2024-09-23 12:57:04
ERROR - 2024-09-23 12:57:04 --> Error code L003. auctionItemId:29, 2024-09-23 12:57:04
ERROR - 2024-09-23 12:57:07 --> current items data:[], 2024-09-23 12:57:07
ERROR - 2024-09-23 13:01:35 --> current items data:[{"id":"30","inward_invoice_id":"V5","inward_item_id":"5","auction_id":"7","lot_no":"5","lot_set":"3","auction_quantity":"2","sample_quantity":"0","auction_each_net":"15","base_price":"100","reverse_price":"105","high_price":"0","valuation_price":"110","last_sold_price":null,"status":"1","is_sold":"0","min_bid_added":"0","is_withdrawn":"0","created_at":"2024-09-23 12:36:11","updated_at":"2024-09-23 12:37:40","created_by":"5","updated_by":"5"}], 2024-09-23 01:01:35
ERROR - 2024-09-23 13:01:35 --> Error code L001. auctionItemId:30, 2024-09-23 01:01:35
ERROR - 2024-09-23 13:01:35 --> bid calculation initiated auctionItemId:30, 0
ERROR - 2024-09-23 13:01:35 --> bid calculation Ended auctionItemId:30, 2024-09-23 01:01:35
ERROR - 2024-09-23 13:01:35 --> Error code L002. auctionItemId:30, 2024-09-23 01:01:35
ERROR - 2024-09-23 13:01:35 --> Error code L003. auctionItemId:30, 2024-09-23 01:01:35
CRITICAL - 2024-09-23 14:27:12 --> ErrorException: Undefined variable $auction_data
in APPPATH/Controllers/Cart.php on line 427.
 1 APPPATH/Controllers/Cart.php(427): CodeIgniter\Debug\Exceptions->errorHandler(2, 'Undefined variable $auction_data', '/var/www/eazyhosting.in/public_html/api/app/Controllers/Cart.php', 427)
 2 SYSTEMPATH/CodeIgniter.php(941): App\Controllers\Cart->auctiongardenlist()
 3 SYSTEMPATH/CodeIgniter.php(502): CodeIgniter\CodeIgniter->runController(Object(App\Controllers\Cart))
 4 SYSTEMPATH/CodeIgniter.php(361): CodeIgniter\CodeIgniter->handleRequest(null, Object(Config\Cache), false)
 5 FCPATH/index.php(79): CodeIgniter\CodeIgniter->run()
CRITICAL - 2024-09-23 14:27:31 --> ErrorException: Undefined variable $auction_data
in APPPATH/Controllers/Cart.php on line 427.
 1 APPPATH/Controllers/Cart.php(427): CodeIgniter\Debug\Exceptions->errorHandler(2, 'Undefined variable $auction_data', '/var/www/eazyhosting.in/public_html/api/app/Controllers/Cart.php', 427)
 2 SYSTEMPATH/CodeIgniter.php(941): App\Controllers\Cart->auctiongardenlist()
 3 SYSTEMPATH/CodeIgniter.php(502): CodeIgniter\CodeIgniter->runController(Object(App\Controllers\Cart))
 4 SYSTEMPATH/CodeIgniter.php(361): CodeIgniter\CodeIgniter->handleRequest(null, Object(Config\Cache), false)
 5 FCPATH/index.php(79): CodeIgniter\CodeIgniter->run()
CRITICAL - 2024-09-23 14:27:34 --> ErrorException: Undefined variable $auction_data
in APPPATH/Controllers/Cart.php on line 427.
 1 APPPATH/Controllers/Cart.php(427): CodeIgniter\Debug\Exceptions->errorHandler(2, 'Undefined variable $auction_data', '/var/www/eazyhosting.in/public_html/api/app/Controllers/Cart.php', 427)
 2 SYSTEMPATH/CodeIgniter.php(941): App\Controllers\Cart->auctiongardenlist()
 3 SYSTEMPATH/CodeIgniter.php(502): CodeIgniter\CodeIgniter->runController(Object(App\Controllers\Cart))
 4 SYSTEMPATH/CodeIgniter.php(361): CodeIgniter\CodeIgniter->handleRequest(null, Object(Config\Cache), false)
 5 FCPATH/index.php(79): CodeIgniter\CodeIgniter->run()
ERROR - 2024-09-23 14:31:11 --> E002 - 2024-09-23 02:31:11
ERROR - 2024-09-23 14:31:11 --> E002.1 - 2024-09-23 02:31:11
ERROR - 2024-09-23 14:33:40 --> current items data:[{"id":"31","inward_invoice_id":"V2","inward_item_id":"2","auction_id":"8","lot_no":"1","lot_set":"1","auction_quantity":"1","sample_quantity":"0","auction_each_net":"13","base_price":"100","reverse_price":"200","high_price":"0","valuation_price":"300","last_sold_price":null,"status":"1","is_sold":"0","min_bid_added":"0","is_withdrawn":"0","created_at":"2024-09-23 14:27:38","updated_at":"2024-09-23 14:28:01","created_by":"3","updated_by":"3"},{"id":"32","inward_invoice_id":"V1","inward_item_id":"1","auction_id":"8","lot_no":"2","lot_set":"1","auction_quantity":"1","sample_quantity":"0","auction_each_net":"10","base_price":"100","reverse_price":"200","high_price":"0","valuation_price":"300","last_sold_price":null,"status":"1","is_sold":"0","min_bid_added":"0","is_withdrawn":"0","created_at":"2024-09-23 14:27:38","updated_at":"2024-09-23 14:28:01","created_by":"3","updated_by":"3"}], 2024-09-23 02:33:40
ERROR - 2024-09-23 14:33:40 --> Error code L001. auctionItemId:31, 2024-09-23 02:33:40
ERROR - 2024-09-23 14:33:40 --> bid calculation initiated auctionItemId:31, 1
ERROR - 2024-09-23 14:33:40 --> bidding value array:{"id":"61","auction_item_id":"31","buyer_id":"1","bid_price":"101.00","sq":"1.000","bq":"1.000","bid_type":"1","created_at":"2024-09-23 14:31:11","updated_at":"2024-09-23 14:31:11"}
ERROR - 2024-09-23 14:33:40 --> Error code 001. HBP:101.00,HABP: 1000, 2024-09-23 02:33:40
ERROR - 2024-09-23 14:33:40 --> Error code 002. HBP:101.00,RP: 200, 2024-09-23 02:33:40
ERROR - 2024-09-23 14:33:40 --> bid calculation Ended auctionItemId:31, 2024-09-23 02:33:40
ERROR - 2024-09-23 14:33:40 --> Error code L002. auctionItemId:31, 2024-09-23 02:33:40
ERROR - 2024-09-23 14:33:40 --> Error code L003. auctionItemId:31, 2024-09-23 02:33:40
ERROR - 2024-09-23 14:33:40 --> Error code L001. auctionItemId:32, 2024-09-23 02:33:40
ERROR - 2024-09-23 14:33:40 --> bid calculation initiated auctionItemId:32, 0
ERROR - 2024-09-23 14:33:40 --> bid calculation Ended auctionItemId:32, 2024-09-23 02:33:40
ERROR - 2024-09-23 14:33:40 --> Error code L002. auctionItemId:32, 2024-09-23 02:33:40
ERROR - 2024-09-23 14:33:40 --> Error code L003. auctionItemId:32, 2024-09-23 02:33:40
ERROR - 2024-09-23 14:33:41 --> current items data:[], 2024-09-23 02:33:41
ERROR - 2024-09-23 14:33:42 --> E002 - 2024-09-23 02:33:42
ERROR - 2024-09-23 14:33:42 --> E002.1 - 2024-09-23 02:33:42
ERROR - 2024-09-23 14:38:23 --> current items data:[{"id":"33","inward_invoice_id":"V3","inward_item_id":"3","auction_id":"8","lot_no":"3","lot_set":"2","auction_quantity":"1","sample_quantity":"0","auction_each_net":"9","base_price":"100","reverse_price":"200","high_price":"0","valuation_price":"300","last_sold_price":null,"status":"1","is_sold":"0","min_bid_added":"0","is_withdrawn":"0","created_at":"2024-09-23 14:27:38","updated_at":"2024-09-23 14:28:01","created_by":"3","updated_by":"3"}], 2024-09-23 02:38:23
ERROR - 2024-09-23 14:38:23 --> Error code L001. auctionItemId:33, 2024-09-23 02:38:23
ERROR - 2024-09-23 14:38:23 --> bid calculation initiated auctionItemId:33, 1
ERROR - 2024-09-23 14:38:23 --> bidding value array:{"id":"64","auction_item_id":"33","buyer_id":"2","bid_price":"150.00","sq":"1.000","bq":"1.000","bid_type":"0","created_at":"2024-09-23 14:33:51","updated_at":"2024-09-23 14:33:51"}
ERROR - 2024-09-23 14:38:23 --> Error code 001. HBP:150.00,HABP: 3400, 2024-09-23 02:38:23
ERROR - 2024-09-23 14:38:23 --> Error code 002. HBP:150.00,RP: 200, 2024-09-23 02:38:23
ERROR - 2024-09-23 14:38:23 --> bid calculation Ended auctionItemId:33, 2024-09-23 02:38:23
ERROR - 2024-09-23 14:38:23 --> Error code L002. auctionItemId:33, 2024-09-23 02:38:23
ERROR - 2024-09-23 14:38:23 --> Error code L003. auctionItemId:33, 2024-09-23 02:38:23
ERROR - 2024-09-23 14:38:25 --> current items data:[], 2024-09-23 02:38:25
CRITICAL - 2024-09-23 15:03:43 --> ErrorException: Undefined variable $auction_data
in APPPATH/Controllers/Cart.php on line 427.
 1 APPPATH/Controllers/Cart.php(427): CodeIgniter\Debug\Exceptions->errorHandler(2, 'Undefined variable $auction_data', '/var/www/eazyhosting.in/public_html/api/app/Controllers/Cart.php', 427)
 2 SYSTEMPATH/CodeIgniter.php(941): App\Controllers\Cart->auctiongardenlist()
 3 SYSTEMPATH/CodeIgniter.php(502): CodeIgniter\CodeIgniter->runController(Object(App\Controllers\Cart))
 4 SYSTEMPATH/CodeIgniter.php(361): CodeIgniter\CodeIgniter->handleRequest(null, Object(Config\Cache), false)
 5 FCPATH/index.php(79): CodeIgniter\CodeIgniter->run()
CRITICAL - 2024-09-23 15:04:02 --> ErrorException: Undefined variable $auction_data
in APPPATH/Controllers/Cart.php on line 427.
 1 APPPATH/Controllers/Cart.php(427): CodeIgniter\Debug\Exceptions->errorHandler(2, 'Undefined variable $auction_data', '/var/www/eazyhosting.in/public_html/api/app/Controllers/Cart.php', 427)
 2 SYSTEMPATH/CodeIgniter.php(941): App\Controllers\Cart->auctiongardenlist()
 3 SYSTEMPATH/CodeIgniter.php(502): CodeIgniter\CodeIgniter->runController(Object(App\Controllers\Cart))
 4 SYSTEMPATH/CodeIgniter.php(361): CodeIgniter\CodeIgniter->handleRequest(null, Object(Config\Cache), false)
 5 FCPATH/index.php(79): CodeIgniter\CodeIgniter->run()
CRITICAL - 2024-09-23 15:04:05 --> ErrorException: Undefined variable $auction_data
in APPPATH/Controllers/Cart.php on line 427.
 1 APPPATH/Controllers/Cart.php(427): CodeIgniter\Debug\Exceptions->errorHandler(2, 'Undefined variable $auction_data', '/var/www/eazyhosting.in/public_html/api/app/Controllers/Cart.php', 427)
 2 SYSTEMPATH/CodeIgniter.php(941): App\Controllers\Cart->auctiongardenlist()
 3 SYSTEMPATH/CodeIgniter.php(502): CodeIgniter\CodeIgniter->runController(Object(App\Controllers\Cart))
 4 SYSTEMPATH/CodeIgniter.php(361): CodeIgniter\CodeIgniter->handleRequest(null, Object(Config\Cache), false)
 5 FCPATH/index.php(79): CodeIgniter\CodeIgniter->run()
ERROR - 2024-09-23 15:07:24 --> E002 - 2024-09-23 03:07:24
ERROR - 2024-09-23 15:07:24 --> E002.1 - 2024-09-23 03:07:24
ERROR - 2024-09-23 15:07:24 --> E001 - 2024-09-23 03:07:24
ERROR - 2024-09-23 15:11:05 --> current items data:[{"id":"34","inward_invoice_id":"V2","inward_item_id":"2","auction_id":"9","lot_no":"1","lot_set":"1","auction_quantity":"1","sample_quantity":"0","auction_each_net":"13","base_price":"100","reverse_price":"200","high_price":"0","valuation_price":"300","last_sold_price":null,"status":"1","is_sold":"0","min_bid_added":"0","is_withdrawn":"0","created_at":"2024-09-23 15:04:08","updated_at":"2024-09-23 15:04:27","created_by":"3","updated_by":"3"},{"id":"35","inward_invoice_id":"V1","inward_item_id":"1","auction_id":"9","lot_no":"2","lot_set":"1","auction_quantity":"1","sample_quantity":"0","auction_each_net":"10","base_price":"100","reverse_price":"200","high_price":"0","valuation_price":"300","last_sold_price":null,"status":"1","is_sold":"0","min_bid_added":"0","is_withdrawn":"0","created_at":"2024-09-23 15:04:08","updated_at":"2024-09-23 15:04:27","created_by":"3","updated_by":"3"}], 2024-09-23 03:11:05
ERROR - 2024-09-23 15:11:05 --> Error code L001. auctionItemId:34, 2024-09-23 03:11:05
ERROR - 2024-09-23 15:11:05 --> bid calculation initiated auctionItemId:34, 1
ERROR - 2024-09-23 15:11:05 --> bidding value array:{"id":"66","auction_item_id":"34","buyer_id":"2","bid_price":"101.00","sq":"1.000","bq":"1.000","bid_type":"1","created_at":"2024-09-23 15:07:24","updated_at":"2024-09-23 15:07:24"}
ERROR - 2024-09-23 15:11:05 --> Error code 001. HBP:101.00,HABP: 2000, 2024-09-23 03:11:05
ERROR - 2024-09-23 15:11:05 --> Error code 002. HBP:101.00,RP: 200, 2024-09-23 03:11:05
ERROR - 2024-09-23 15:11:05 --> bid calculation Ended auctionItemId:34, 2024-09-23 03:11:05
ERROR - 2024-09-23 15:11:05 --> Error code L002. auctionItemId:34, 2024-09-23 03:11:05
ERROR - 2024-09-23 15:11:05 --> Error code L003. auctionItemId:34, 2024-09-23 03:11:05
ERROR - 2024-09-23 15:11:05 --> Error code L001. auctionItemId:35, 2024-09-23 03:11:05
ERROR - 2024-09-23 15:11:05 --> bid calculation initiated auctionItemId:35, 1
ERROR - 2024-09-23 15:11:05 --> bidding value array:{"id":"67","auction_item_id":"35","buyer_id":"2","bid_price":"1000.00","sq":"1.000","bq":"1.000","bid_type":"0","created_at":"2024-09-23 15:07:24","updated_at":"2024-09-23 15:07:24"}
ERROR - 2024-09-23 15:11:05 --> Error code 006. HBP:1000.00,HABP: 0, 2024-09-23 03:11:05
ERROR - 2024-09-23 15:11:05 --> bid calculation Ended auctionItemId:35, 2024-09-23 03:11:05
ERROR - 2024-09-23 15:11:05 --> Error code L002. auctionItemId:35, 2024-09-23 03:11:05
ERROR - 2024-09-23 15:11:05 --> Error code L003. auctionItemId:35, 2024-09-23 03:11:05
ERROR - 2024-09-23 15:11:06 --> current items data:[], 2024-09-23 03:11:06
ERROR - 2024-09-23 15:11:08 --> E004 - 2024-09-23 03:11:08
ERROR - 2024-09-23 15:11:08 --> E004.2 - 2024-09-23 03:11:08
ERROR - 2024-09-23 15:13:58 --> current items data:[{"id":"36","inward_invoice_id":"V3","inward_item_id":"3","auction_id":"9","lot_no":"3","lot_set":"2","auction_quantity":"1","sample_quantity":"0","auction_each_net":"9","base_price":"100","reverse_price":"200","high_price":"0","valuation_price":"300","last_sold_price":null,"status":"1","is_sold":"0","min_bid_added":"0","is_withdrawn":"0","created_at":"2024-09-23 15:04:08","updated_at":"2024-09-23 15:04:27","created_by":"3","updated_by":"3"}], 2024-09-23 03:13:58
ERROR - 2024-09-23 15:13:58 --> Error code L001. auctionItemId:36, 2024-09-23 03:13:58
ERROR - 2024-09-23 15:13:58 --> bid calculation initiated auctionItemId:36, 1
ERROR - 2024-09-23 15:13:58 --> bidding value array:{"id":"70","auction_item_id":"36","buyer_id":"2","bid_price":"1001.00","sq":"1.000","bq":"1.000","bid_type":"1","created_at":"2024-09-23 15:11:08","updated_at":"2024-09-23 15:11:08"}
ERROR - 2024-09-23 15:13:58 --> Error code 001. HBP:1001.00,HABP: 2000, 2024-09-23 03:13:58
ERROR - 2024-09-23 15:13:58 --> Error code 003. HBP:1001.00,RP: 200, 2024-09-23 03:13:58
ERROR - 2024-09-23 15:13:58 --> Error code 005. HBP:1001.00,SLHABP: 0, 2024-09-23 03:13:58
ERROR - 2024-09-23 15:13:58 --> bid calculation Ended auctionItemId:36, 2024-09-23 03:13:58
ERROR - 2024-09-23 15:13:58 --> Error code L002. auctionItemId:36, 2024-09-23 03:13:58
ERROR - 2024-09-23 15:13:58 --> Error code L003. auctionItemId:36, 2024-09-23 03:13:58
ERROR - 2024-09-23 15:14:00 --> current items data:[], 2024-09-23 03:14:00
CRITICAL - 2024-09-23 16:31:58 --> ErrorException: Undefined variable $auction_data
in APPPATH/Controllers/Cart.php on line 427.
 1 APPPATH/Controllers/Cart.php(427): CodeIgniter\Debug\Exceptions->errorHandler(2, 'Undefined variable $auction_data', '/var/www/eazyhosting.in/public_html/api/app/Controllers/Cart.php', 427)
 2 SYSTEMPATH/CodeIgniter.php(941): App\Controllers\Cart->auctiongardenlist()
 3 SYSTEMPATH/CodeIgniter.php(502): CodeIgniter\CodeIgniter->runController(Object(App\Controllers\Cart))
 4 SYSTEMPATH/CodeIgniter.php(361): CodeIgniter\CodeIgniter->handleRequest(null, Object(Config\Cache), false)
 5 FCPATH/index.php(79): CodeIgniter\CodeIgniter->run()
CRITICAL - 2024-09-23 16:32:17 --> ErrorException: Undefined variable $auction_data
in APPPATH/Controllers/Cart.php on line 427.
 1 APPPATH/Controllers/Cart.php(427): CodeIgniter\Debug\Exceptions->errorHandler(2, 'Undefined variable $auction_data', '/var/www/eazyhosting.in/public_html/api/app/Controllers/Cart.php', 427)
 2 SYSTEMPATH/CodeIgniter.php(941): App\Controllers\Cart->auctiongardenlist()
 3 SYSTEMPATH/CodeIgniter.php(502): CodeIgniter\CodeIgniter->runController(Object(App\Controllers\Cart))
 4 SYSTEMPATH/CodeIgniter.php(361): CodeIgniter\CodeIgniter->handleRequest(null, Object(Config\Cache), false)
 5 FCPATH/index.php(79): CodeIgniter\CodeIgniter->run()
CRITICAL - 2024-09-23 16:32:19 --> ErrorException: Undefined variable $auction_data
in APPPATH/Controllers/Cart.php on line 427.
 1 APPPATH/Controllers/Cart.php(427): CodeIgniter\Debug\Exceptions->errorHandler(2, 'Undefined variable $auction_data', '/var/www/eazyhosting.in/public_html/api/app/Controllers/Cart.php', 427)
 2 SYSTEMPATH/CodeIgniter.php(941): App\Controllers\Cart->auctiongardenlist()
 3 SYSTEMPATH/CodeIgniter.php(502): CodeIgniter\CodeIgniter->runController(Object(App\Controllers\Cart))
 4 SYSTEMPATH/CodeIgniter.php(361): CodeIgniter\CodeIgniter->handleRequest(null, Object(Config\Cache), false)
 5 FCPATH/index.php(79): CodeIgniter\CodeIgniter->run()
ERROR - 2024-09-23 16:51:05 --> E002 - 2024-09-23 04:51:05
ERROR - 2024-09-23 16:51:05 --> E002.1 - 2024-09-23 04:51:05
ERROR - 2024-09-23 16:51:05 --> E001 - 2024-09-23 04:51:05
ERROR - 2024-09-23 16:54:36 --> current items data:[{"id":"37","inward_invoice_id":"V2","inward_item_id":"2","auction_id":"10","lot_no":"1","lot_set":"1","auction_quantity":"1","sample_quantity":"0","auction_each_net":"13","base_price":"100","reverse_price":"200","high_price":"0","valuation_price":"300","last_sold_price":null,"status":"1","is_sold":"0","min_bid_added":"0","is_withdrawn":"0","created_at":"2024-09-23 16:32:22","updated_at":"2024-09-23 16:32:49","created_by":"3","updated_by":"3"},{"id":"38","inward_invoice_id":"V1","inward_item_id":"1","auction_id":"10","lot_no":"2","lot_set":"1","auction_quantity":"1","sample_quantity":"0","auction_each_net":"10","base_price":"100","reverse_price":"200","high_price":"0","valuation_price":"300","last_sold_price":null,"status":"1","is_sold":"0","min_bid_added":"0","is_withdrawn":"0","created_at":"2024-09-23 16:32:22","updated_at":"2024-09-23 16:32:49","created_by":"3","updated_by":"3"}], 2024-09-23 04:54:36
ERROR - 2024-09-23 16:54:36 --> Error code L001. auctionItemId:37, 2024-09-23 04:54:36
ERROR - 2024-09-23 16:54:36 --> bid calculation initiated auctionItemId:37, 1
ERROR - 2024-09-23 16:54:36 --> bidding value array:{"id":"74","auction_item_id":"37","buyer_id":"2","bid_price":"2100.00","sq":"1.000","bq":"1.000","bid_type":"0","created_at":"2024-09-23 16:52:21","updated_at":"2024-09-23 16:52:21"}
ERROR - 2024-09-23 16:54:36 --> Error code 006. HBP:2100.00,HABP: 1000, 2024-09-23 04:54:36
ERROR - 2024-09-23 16:54:36 --> bid calculation Ended auctionItemId:37, 2024-09-23 04:54:36
ERROR - 2024-09-23 16:54:36 --> Error code L002. auctionItemId:37, 2024-09-23 04:54:36
ERROR - 2024-09-23 16:54:36 --> Error code L003. auctionItemId:37, 2024-09-23 04:54:36
ERROR - 2024-09-23 16:54:36 --> Error code L001. auctionItemId:38, 2024-09-23 04:54:36
ERROR - 2024-09-23 16:54:36 --> bid calculation initiated auctionItemId:38, 1
ERROR - 2024-09-23 16:54:36 --> bidding value array:{"id":"73","auction_item_id":"38","buyer_id":"1","bid_price":"120.00","sq":"1.000","bq":"1.000","bid_type":"0","created_at":"2024-09-23 16:51:05","updated_at":"2024-09-23 16:51:05"}
ERROR - 2024-09-23 16:54:36 --> Error code 006. HBP:120.00,HABP: 0, 2024-09-23 04:54:36
ERROR - 2024-09-23 16:54:36 --> bid calculation Ended auctionItemId:38, 2024-09-23 04:54:36
ERROR - 2024-09-23 16:54:36 --> Error code L002. auctionItemId:38, 2024-09-23 04:54:36
ERROR - 2024-09-23 16:54:36 --> Error code L003. auctionItemId:38, 2024-09-23 04:54:36
ERROR - 2024-09-23 16:54:37 --> current items data:[], 2024-09-23 04:54:37
ERROR - 2024-09-23 16:54:38 --> E002 - 2024-09-23 04:54:38
ERROR - 2024-09-23 16:54:38 --> E002.1 - 2024-09-23 04:54:38
ERROR - 2024-09-23 16:57:09 --> current items data:[{"id":"39","inward_invoice_id":"V3","inward_item_id":"3","auction_id":"10","lot_no":"3","lot_set":"2","auction_quantity":"1","sample_quantity":"0","auction_each_net":"9","base_price":"100","reverse_price":"200","high_price":"0","valuation_price":"300","last_sold_price":null,"status":"1","is_sold":"0","min_bid_added":"0","is_withdrawn":"0","created_at":"2024-09-23 16:32:22","updated_at":"2024-09-23 16:32:49","created_by":"3","updated_by":"3"}], 2024-09-23 04:57:09
ERROR - 2024-09-23 16:57:09 --> Error code L001. auctionItemId:39, 2024-09-23 04:57:09
ERROR - 2024-09-23 16:57:09 --> bid calculation initiated auctionItemId:39, 1
ERROR - 2024-09-23 16:57:09 --> bidding value array:{"id":"77","auction_item_id":"39","buyer_id":"1","bid_price":"101.00","sq":"1.000","bq":"1.000","bid_type":"1","created_at":"2024-09-23 16:54:38","updated_at":"2024-09-23 16:54:38"}
ERROR - 2024-09-23 16:57:09 --> Error code 001. HBP:101.00,HABP: 3000, 2024-09-23 04:57:09
ERROR - 2024-09-23 16:57:09 --> Error code 002. HBP:101.00,RP: 200, 2024-09-23 04:57:09
ERROR - 2024-09-23 16:57:09 --> bid calculation Ended auctionItemId:39, 2024-09-23 04:57:09
ERROR - 2024-09-23 16:57:09 --> Error code L002. auctionItemId:39, 2024-09-23 04:57:09
ERROR - 2024-09-23 16:57:09 --> Error code L003. auctionItemId:39, 2024-09-23 04:57:09
ERROR - 2024-09-23 17:21:44 --> current items data:[], 2024-09-23 05:21:44
