CRITICAL - 2024-08-28 00:35:50 --> ErrorException: Undefined variable $auction_data
in APPPATH/Controllers/Cart.php on line 427.
 1 APPPATH/Controllers/Cart.php(427): CodeIgniter\Debug\Exceptions->errorHandler(2, 'Undefined variable $auction_data', '/var/www/eazyhosting.in/public_html/api/app/Controllers/Cart.php', 427)
 2 SYSTEMPATH/CodeIgniter.php(941): App\Controllers\Cart->auctiongardenlist()
 3 SYSTEMPATH/CodeIgniter.php(502): CodeIgniter\CodeIgniter->runController(Object(App\Controllers\Cart))
 4 SYSTEMPATH/CodeIgniter.php(361): CodeIgniter\CodeIgniter->handleRequest(null, Object(Config\Cache), false)
 5 FCPATH/index.php(79): CodeIgniter\CodeIgniter->run()
CRITICAL - 2024-08-28 00:35:50 --> ErrorException: Undefined variable $auction_data
in APPPATH/Controllers/Cart.php on line 427.
 1 APPPATH/Controllers/Cart.php(427): CodeIgniter\Debug\Exceptions->errorHandler(2, 'Undefined variable $auction_data', '/var/www/eazyhosting.in/public_html/api/app/Controllers/Cart.php', 427)
 2 SYSTEMPATH/CodeIgniter.php(941): App\Controllers\Cart->auctiongardenlist()
 3 SYSTEMPATH/CodeIgniter.php(502): CodeIgniter\CodeIgniter->runController(Object(App\Controllers\Cart))
 4 SYSTEMPATH/CodeIgniter.php(361): CodeIgniter\CodeIgniter->handleRequest(null, Object(Config\Cache), false)
 5 FCPATH/index.php(79): CodeIgniter\CodeIgniter->run()
CRITICAL - 2024-08-28 00:36:22 --> ErrorException: Undefined variable $auction_data
in APPPATH/Controllers/Cart.php on line 427.
 1 APPPATH/Controllers/Cart.php(427): CodeIgniter\Debug\Exceptions->errorHandler(2, 'Undefined variable $auction_data', '/var/www/eazyhosting.in/public_html/api/app/Controllers/Cart.php', 427)
 2 SYSTEMPATH/CodeIgniter.php(941): App\Controllers\Cart->auctiongardenlist()
 3 SYSTEMPATH/CodeIgniter.php(502): CodeIgniter\CodeIgniter->runController(Object(App\Controllers\Cart))
 4 SYSTEMPATH/CodeIgniter.php(361): CodeIgniter\CodeIgniter->handleRequest(null, Object(Config\Cache), false)
 5 FCPATH/index.php(79): CodeIgniter\CodeIgniter->run()
CRITICAL - 2024-08-28 00:37:05 --> ErrorException: Undefined variable $auction_data
in APPPATH/Controllers/Cart.php on line 427.
 1 APPPATH/Controllers/Cart.php(427): CodeIgniter\Debug\Exceptions->errorHandler(2, 'Undefined variable $auction_data', '/var/www/eazyhosting.in/public_html/api/app/Controllers/Cart.php', 427)
 2 SYSTEMPATH/CodeIgniter.php(941): App\Controllers\Cart->auctiongardenlist()
 3 SYSTEMPATH/CodeIgniter.php(502): CodeIgniter\CodeIgniter->runController(Object(App\Controllers\Cart))
 4 SYSTEMPATH/CodeIgniter.php(361): CodeIgniter\CodeIgniter->handleRequest(null, Object(Config\Cache), false)
 5 FCPATH/index.php(79): CodeIgniter\CodeIgniter->run()
CRITICAL - 2024-08-28 00:37:05 --> ErrorException: Undefined variable $auction_data
in APPPATH/Controllers/Cart.php on line 427.
 1 APPPATH/Controllers/Cart.php(427): CodeIgniter\Debug\Exceptions->errorHandler(2, 'Undefined variable $auction_data', '/var/www/eazyhosting.in/public_html/api/app/Controllers/Cart.php', 427)
 2 SYSTEMPATH/CodeIgniter.php(941): App\Controllers\Cart->auctiongardenlist()
 3 SYSTEMPATH/CodeIgniter.php(502): CodeIgniter\CodeIgniter->runController(Object(App\Controllers\Cart))
 4 SYSTEMPATH/CodeIgniter.php(361): CodeIgniter\CodeIgniter->handleRequest(null, Object(Config\Cache), false)
 5 FCPATH/index.php(79): CodeIgniter\CodeIgniter->run()
CRITICAL - 2024-08-28 00:37:15 --> ErrorException: Undefined variable $auction_data
in APPPATH/Controllers/Cart.php on line 427.
 1 APPPATH/Controllers/Cart.php(427): CodeIgniter\Debug\Exceptions->errorHandler(2, 'Undefined variable $auction_data', '/var/www/eazyhosting.in/public_html/api/app/Controllers/Cart.php', 427)
 2 SYSTEMPATH/CodeIgniter.php(941): App\Controllers\Cart->auctiongardenlist()
 3 SYSTEMPATH/CodeIgniter.php(502): CodeIgniter\CodeIgniter->runController(Object(App\Controllers\Cart))
 4 SYSTEMPATH/CodeIgniter.php(361): CodeIgniter\CodeIgniter->handleRequest(null, Object(Config\Cache), false)
 5 FCPATH/index.php(79): CodeIgniter\CodeIgniter->run()
ERROR - 2024-08-28 00:44:32 --> current items data:[{"id":"27","inward_invoice_id":"V2","inward_item_id":"2","auction_id":"5","lot_no":"1","lot_set":"1","auction_quantity":"1","sample_quantity":"1","auction_each_net":"13","base_price":"100","reverse_price":"105","high_price":"0","valuation_price":"110","last_sold_price":null,"status":"1","is_sold":"0","min_bid_added":"0","is_withdrawn":"0","created_at":"2024-08-28 00:37:47","updated_at":"2024-08-28 00:38:37","created_by":"5","updated_by":"5"},{"id":"28","inward_invoice_id":"V1","inward_item_id":"1","auction_id":"5","lot_no":"2","lot_set":"1","auction_quantity":"1","sample_quantity":"1","auction_each_net":"10","base_price":"100","reverse_price":"105","high_price":"0","valuation_price":"110","last_sold_price":null,"status":"1","is_sold":"0","min_bid_added":"0","is_withdrawn":"0","created_at":"2024-08-28 00:37:47","updated_at":"2024-08-28 00:38:37","created_by":"5","updated_by":"5"}], 2024-08-28 12:44:32
ERROR - 2024-08-28 00:44:32 --> Error code L001. auctionItemId:27, 2024-08-28 12:44:32
ERROR - 2024-08-28 00:44:32 --> bid calculation initiated auctionItemId:27, 2024-08-28 12:44:32
ERROR - 2024-08-28 00:44:32 --> Error code 001. HBP:112.00,HABP: 113.00, 2024-08-28 12:44:32
ERROR - 2024-08-28 00:44:32 --> Error code 003. HBP:112.00,RP: 105, 2024-08-28 12:44:32
ERROR - 2024-08-28 00:44:32 --> Error code 005. HBP:112.00,SLHABP: 0.00, 2024-08-28 12:44:32
ERROR - 2024-08-28 00:44:32 --> bid calculation Ended auctionItemId:27, 2024-08-28 12:44:32
ERROR - 2024-08-28 00:44:32 --> Error code L002. auctionItemId:27, 2024-08-28 12:44:32
ERROR - 2024-08-28 00:44:32 --> Error code L003. auctionItemId:27, 2024-08-28 12:44:32
ERROR - 2024-08-28 00:44:32 --> Error code L001. auctionItemId:28, 2024-08-28 12:44:32
ERROR - 2024-08-28 00:44:32 --> bid calculation initiated auctionItemId:28, 2024-08-28 12:44:32
ERROR - 2024-08-28 00:44:32 --> bid calculation Ended auctionItemId:28, 2024-08-28 12:44:32
ERROR - 2024-08-28 00:44:32 --> Error code L002. auctionItemId:28, 2024-08-28 12:44:32
ERROR - 2024-08-28 00:44:32 --> Error code L003. auctionItemId:28, 2024-08-28 12:44:32
ERROR - 2024-08-28 00:45:34 --> bid calculation initiated auctionItemId:29, 2024-08-28 12:45:34
ERROR - 2024-08-28 00:45:34 --> bid calculation Ended auctionItemId:29, 2024-08-28 12:45:34
ERROR - 2024-08-28 00:45:34 --> bid calculation initiated auctionItemId:30, 2024-08-28 12:45:34
ERROR - 2024-08-28 00:45:34 --> bid calculation Ended auctionItemId:30, 2024-08-28 12:45:34
ERROR - 2024-08-28 00:46:04 --> current items data:[{"id":"29","inward_invoice_id":"V3","inward_item_id":"3","auction_id":"5","lot_no":"3","lot_set":"2","auction_quantity":"1","sample_quantity":"1","auction_each_net":"9","base_price":"100","reverse_price":"105","high_price":"0","valuation_price":"110","last_sold_price":null,"status":"1","is_sold":"0","min_bid_added":"0","is_withdrawn":"0","created_at":"2024-08-28 00:37:47","updated_at":"2024-08-28 00:38:37","created_by":"5","updated_by":"5"},{"id":"30","inward_invoice_id":"W3","inward_item_id":"13","auction_id":"5","lot_no":"4","lot_set":"2","auction_quantity":"1","sample_quantity":"1","auction_each_net":"14","base_price":"100","reverse_price":"105","high_price":"0","valuation_price":"110","last_sold_price":null,"status":"1","is_sold":"0","min_bid_added":"0","is_withdrawn":"0","created_at":"2024-08-28 00:37:47","updated_at":"2024-08-28 00:38:37","created_by":"5","updated_by":"5"}], 2024-08-28 12:46:04
ERROR - 2024-08-28 00:46:04 --> Error code L001. auctionItemId:29, 2024-08-28 12:46:04
ERROR - 2024-08-28 00:46:04 --> bid calculation initiated auctionItemId:29, 2024-08-28 12:46:04
ERROR - 2024-08-28 00:46:04 --> bid calculation Ended auctionItemId:29, 2024-08-28 12:46:04
ERROR - 2024-08-28 00:46:04 --> Error code L002. auctionItemId:29, 2024-08-28 12:46:04
ERROR - 2024-08-28 00:46:04 --> Error code L003. auctionItemId:29, 2024-08-28 12:46:04
ERROR - 2024-08-28 00:46:04 --> Error code L001. auctionItemId:30, 2024-08-28 12:46:04
ERROR - 2024-08-28 00:46:04 --> bid calculation initiated auctionItemId:30, 2024-08-28 12:46:04
ERROR - 2024-08-28 00:46:04 --> bid calculation Ended auctionItemId:30, 2024-08-28 12:46:04
ERROR - 2024-08-28 00:46:04 --> Error code L002. auctionItemId:30, 2024-08-28 12:46:04
ERROR - 2024-08-28 00:46:04 --> Error code L003. auctionItemId:30, 2024-08-28 12:46:04
