CRITICAL - 2024-07-16 10:43:18 --> InvalidArgumentException: whereIn() expects $values to be of type array or closure
in SYSTEMPATH/Database/BaseBuilder.php on line 940.
 1 SYSTEMPATH/Database/BaseBuilder.php(826): CodeIgniter\Database\BaseBuilder->_whereIn('auction.id', null, false, 'AND ', null)
 2 SYSTEMPATH/Model.php(872): CodeIgniter\Database\BaseBuilder->whereIn('auction.id', null)
 3 APPPATH/Controllers/Reports.php(125): CodeIgniter\Model->__call('whereIn', [...])
 4 SYSTEMPATH/CodeIgniter.php(941): App\Controllers\Reports->salenoWiseSeller()
 5 SYSTEMPATH/CodeIgniter.php(502): CodeIgniter\CodeIgniter->runController(Object(App\Controllers\Reports))
 6 SYSTEMPATH/CodeIgniter.php(361): CodeIgniter\CodeIgniter->handleRequest(null, Object(Config\Cache), false)
 7 FCPATH/index.php(79): CodeIgniter\CodeIgniter->run()
CRITICAL - 2024-07-16 13:19:13 --> InvalidArgumentException: whereIn() expects $values to be of type array or closure
in SYSTEMPATH/Database/BaseBuilder.php on line 940.
 1 SYSTEMPATH/Database/BaseBuilder.php(826): CodeIgniter\Database\BaseBuilder->_whereIn('auction.id', null, false, 'AND ', null)
 2 SYSTEMPATH/Model.php(872): CodeIgniter\Database\BaseBuilder->whereIn('auction.id', null)
 3 APPPATH/Controllers/Reports.php(125): CodeIgniter\Model->__call('whereIn', [...])
 4 SYSTEMPATH/CodeIgniter.php(941): App\Controllers\Reports->salenoWiseSeller()
 5 SYSTEMPATH/CodeIgniter.php(502): CodeIgniter\CodeIgniter->runController(Object(App\Controllers\Reports))
 6 SYSTEMPATH/CodeIgniter.php(361): CodeIgniter\CodeIgniter->handleRequest(null, Object(Config\Cache), false)
 7 FCPATH/index.php(79): CodeIgniter\CodeIgniter->run()
CRITICAL - 2024-07-16 13:20:00 --> InvalidArgumentException: whereIn() expects $values to be of type array or closure
in SYSTEMPATH/Database/BaseBuilder.php on line 940.
 1 SYSTEMPATH/Database/BaseBuilder.php(826): CodeIgniter\Database\BaseBuilder->_whereIn('auction.id', null, false, 'AND ', null)
 2 SYSTEMPATH/Model.php(872): CodeIgniter\Database\BaseBuilder->whereIn('auction.id', null)
 3 APPPATH/Controllers/Reports.php(125): CodeIgniter\Model->__call('whereIn', [...])
 4 SYSTEMPATH/CodeIgniter.php(941): App\Controllers\Reports->salenoWiseSeller()
 5 SYSTEMPATH/CodeIgniter.php(502): CodeIgniter\CodeIgniter->runController(Object(App\Controllers\Reports))
 6 SYSTEMPATH/CodeIgniter.php(361): CodeIgniter\CodeIgniter->handleRequest(null, Object(Config\Cache), false)
 7 FCPATH/index.php(79): CodeIgniter\CodeIgniter->run()
CRITICAL - 2024-07-16 13:20:17 --> InvalidArgumentException: whereIn() expects $values to be of type array or closure
in SYSTEMPATH/Database/BaseBuilder.php on line 940.
 1 SYSTEMPATH/Database/BaseBuilder.php(826): CodeIgniter\Database\BaseBuilder->_whereIn('auction.id', null, false, 'AND ', null)
 2 SYSTEMPATH/Model.php(872): CodeIgniter\Database\BaseBuilder->whereIn('auction.id', null)
 3 APPPATH/Controllers/Reports.php(125): CodeIgniter\Model->__call('whereIn', [...])
 4 SYSTEMPATH/CodeIgniter.php(941): App\Controllers\Reports->salenoWiseSeller()
 5 SYSTEMPATH/CodeIgniter.php(502): CodeIgniter\CodeIgniter->runController(Object(App\Controllers\Reports))
 6 SYSTEMPATH/CodeIgniter.php(361): CodeIgniter\CodeIgniter->handleRequest(null, Object(Config\Cache), false)
 7 FCPATH/index.php(79): CodeIgniter\CodeIgniter->run()
CRITICAL - 2024-07-16 13:20:53 --> InvalidArgumentException: whereIn() expects $values to be of type array or closure
in SYSTEMPATH/Database/BaseBuilder.php on line 940.
 1 SYSTEMPATH/Database/BaseBuilder.php(826): CodeIgniter\Database\BaseBuilder->_whereIn('auction.id', null, false, 'AND ', null)
 2 SYSTEMPATH/Model.php(872): CodeIgniter\Database\BaseBuilder->whereIn('auction.id', null)
 3 APPPATH/Controllers/Reports.php(125): CodeIgniter\Model->__call('whereIn', [...])
 4 SYSTEMPATH/CodeIgniter.php(941): App\Controllers\Reports->salenoWiseSeller()
 5 SYSTEMPATH/CodeIgniter.php(502): CodeIgniter\CodeIgniter->runController(Object(App\Controllers\Reports))
 6 SYSTEMPATH/CodeIgniter.php(361): CodeIgniter\CodeIgniter->handleRequest(null, Object(Config\Cache), false)
 7 FCPATH/index.php(79): CodeIgniter\CodeIgniter->run()
CRITICAL - 2024-07-16 13:22:31 --> InvalidArgumentException: whereIn() expects $values to be of type array or closure
in SYSTEMPATH/Database/BaseBuilder.php on line 940.
 1 SYSTEMPATH/Database/BaseBuilder.php(826): CodeIgniter\Database\BaseBuilder->_whereIn('auction.id', null, false, 'AND ', null)
 2 SYSTEMPATH/Model.php(872): CodeIgniter\Database\BaseBuilder->whereIn('auction.id', null)
 3 APPPATH/Controllers/Reports.php(125): CodeIgniter\Model->__call('whereIn', [...])
 4 SYSTEMPATH/CodeIgniter.php(941): App\Controllers\Reports->salenoWiseSeller()
 5 SYSTEMPATH/CodeIgniter.php(502): CodeIgniter\CodeIgniter->runController(Object(App\Controllers\Reports))
 6 SYSTEMPATH/CodeIgniter.php(361): CodeIgniter\CodeIgniter->handleRequest(null, Object(Config\Cache), false)
 7 FCPATH/index.php(79): CodeIgniter\CodeIgniter->run()
CRITICAL - 2024-07-16 14:03:39 --> InvalidArgumentException: whereIn() expects $values to be of type array or closure
in SYSTEMPATH/Database/BaseBuilder.php on line 940.
 1 SYSTEMPATH/Database/BaseBuilder.php(826): CodeIgniter\Database\BaseBuilder->_whereIn('auction.id', null, false, 'AND ', null)
 2 SYSTEMPATH/Model.php(872): CodeIgniter\Database\BaseBuilder->whereIn('auction.id', null)
 3 APPPATH/Controllers/Reports.php(125): CodeIgniter\Model->__call('whereIn', [...])
 4 SYSTEMPATH/CodeIgniter.php(941): App\Controllers\Reports->salenoWiseSeller()
 5 SYSTEMPATH/CodeIgniter.php(502): CodeIgniter\CodeIgniter->runController(Object(App\Controllers\Reports))
 6 SYSTEMPATH/CodeIgniter.php(361): CodeIgniter\CodeIgniter->handleRequest(null, Object(Config\Cache), false)
 7 FCPATH/index.php(79): CodeIgniter\CodeIgniter->run()
CRITICAL - 2024-07-16 17:58:09 --> InvalidArgumentException: whereIn() expects $values to be of type array or closure
in SYSTEMPATH/Database/BaseBuilder.php on line 940.
 1 SYSTEMPATH/Database/BaseBuilder.php(826): CodeIgniter\Database\BaseBuilder->_whereIn('auction.id', null, false, 'AND ', null)
 2 SYSTEMPATH/Model.php(872): CodeIgniter\Database\BaseBuilder->whereIn('auction.id', null)
 3 APPPATH/Controllers/Reports.php(125): CodeIgniter\Model->__call('whereIn', [...])
 4 SYSTEMPATH/CodeIgniter.php(941): App\Controllers\Reports->salenoWiseSeller()
 5 SYSTEMPATH/CodeIgniter.php(502): CodeIgniter\CodeIgniter->runController(Object(App\Controllers\Reports))
 6 SYSTEMPATH/CodeIgniter.php(361): CodeIgniter\CodeIgniter->handleRequest(null, Object(Config\Cache), false)
 7 FCPATH/index.php(79): CodeIgniter\CodeIgniter->run()
CRITICAL - 2024-07-16 17:59:53 --> InvalidArgumentException: whereIn() expects $values to be of type array or closure
in SYSTEMPATH/Database/BaseBuilder.php on line 940.
 1 SYSTEMPATH/Database/BaseBuilder.php(826): CodeIgniter\Database\BaseBuilder->_whereIn('auction.id', null, false, 'AND ', null)
 2 SYSTEMPATH/Model.php(872): CodeIgniter\Database\BaseBuilder->whereIn('auction.id', null)
 3 APPPATH/Controllers/Reports.php(125): CodeIgniter\Model->__call('whereIn', [...])
 4 SYSTEMPATH/CodeIgniter.php(941): App\Controllers\Reports->salenoWiseSeller()
 5 SYSTEMPATH/CodeIgniter.php(502): CodeIgniter\CodeIgniter->runController(Object(App\Controllers\Reports))
 6 SYSTEMPATH/CodeIgniter.php(361): CodeIgniter\CodeIgniter->handleRequest(null, Object(Config\Cache), false)
 7 FCPATH/index.php(79): CodeIgniter\CodeIgniter->run()
CRITICAL - 2024-07-16 20:37:07 --> ErrorException: Undefined variable $auction_data
in APPPATH/Controllers/Cart.php on line 426.
 1 APPPATH/Controllers/Cart.php(426): CodeIgniter\Debug\Exceptions->errorHandler(2, 'Undefined variable $auction_data', '/var/www/eazyhosting.in/public_html/api/app/Controllers/Cart.php', 426)
 2 SYSTEMPATH/CodeIgniter.php(941): App\Controllers\Cart->auctiongardenlist()
 3 SYSTEMPATH/CodeIgniter.php(502): CodeIgniter\CodeIgniter->runController(Object(App\Controllers\Cart))
 4 SYSTEMPATH/CodeIgniter.php(361): CodeIgniter\CodeIgniter->handleRequest(null, Object(Config\Cache), false)
 5 FCPATH/index.php(79): CodeIgniter\CodeIgniter->run()
CRITICAL - 2024-07-16 20:37:16 --> ErrorException: Undefined variable $auction_data
in APPPATH/Controllers/Cart.php on line 426.
 1 APPPATH/Controllers/Cart.php(426): CodeIgniter\Debug\Exceptions->errorHandler(2, 'Undefined variable $auction_data', '/var/www/eazyhosting.in/public_html/api/app/Controllers/Cart.php', 426)
 2 SYSTEMPATH/CodeIgniter.php(941): App\Controllers\Cart->auctiongardenlist()
 3 SYSTEMPATH/CodeIgniter.php(502): CodeIgniter\CodeIgniter->runController(Object(App\Controllers\Cart))
 4 SYSTEMPATH/CodeIgniter.php(361): CodeIgniter\CodeIgniter->handleRequest(null, Object(Config\Cache), false)
 5 FCPATH/index.php(79): CodeIgniter\CodeIgniter->run()
CRITICAL - 2024-07-16 20:37:18 --> ErrorException: Undefined variable $auction_data
in APPPATH/Controllers/Cart.php on line 426.
 1 APPPATH/Controllers/Cart.php(426): CodeIgniter\Debug\Exceptions->errorHandler(2, 'Undefined variable $auction_data', '/var/www/eazyhosting.in/public_html/api/app/Controllers/Cart.php', 426)
 2 SYSTEMPATH/CodeIgniter.php(941): App\Controllers\Cart->auctiongardenlist()
 3 SYSTEMPATH/CodeIgniter.php(502): CodeIgniter\CodeIgniter->runController(Object(App\Controllers\Cart))
 4 SYSTEMPATH/CodeIgniter.php(361): CodeIgniter\CodeIgniter->handleRequest(null, Object(Config\Cache), false)
 5 FCPATH/index.php(79): CodeIgniter\CodeIgniter->run()
