CRITICAL - 2024-08-01 18:50:10 --> ErrorException: Undefined variable $auction_data
in APPPATH/Controllers/Cart.php on line 427.
 1 APPPATH/Controllers/Cart.php(427): CodeIgniter\Debug\Exceptions->errorHandler(2, 'Undefined variable $auction_data', '/var/www/eazyhosting.in/public_html/api/app/Controllers/Cart.php', 427)
 2 SYSTEMPATH/CodeIgniter.php(941): App\Controllers\Cart->auctiongardenlist()
 3 SYSTEMPATH/CodeIgniter.php(502): CodeIgniter\CodeIgniter->runController(Object(App\Controllers\Cart))
 4 SYSTEMPATH/CodeIgniter.php(361): CodeIgniter\CodeIgniter->handleRequest(null, Object(Config\Cache), false)
 5 FCPATH/index.php(79): CodeIgniter\CodeIgniter->run()
CRITICAL - 2024-08-01 18:50:33 --> ErrorException: Undefined variable $auction_data
in APPPATH/Controllers/Cart.php on line 427.
 1 APPPATH/Controllers/Cart.php(427): CodeIgniter\Debug\Exceptions->errorHandler(2, 'Undefined variable $auction_data', '/var/www/eazyhosting.in/public_html/api/app/Controllers/Cart.php', 427)
 2 SYSTEMPATH/CodeIgniter.php(941): App\Controllers\Cart->auctiongardenlist()
 3 SYSTEMPATH/CodeIgniter.php(502): CodeIgniter\CodeIgniter->runController(Object(App\Controllers\Cart))
 4 SYSTEMPATH/CodeIgniter.php(361): CodeIgniter\CodeIgniter->handleRequest(null, Object(Config\Cache), false)
 5 FCPATH/index.php(79): CodeIgniter\CodeIgniter->run()
CRITICAL - 2024-08-01 18:50:37 --> ErrorException: Undefined variable $auction_data
in APPPATH/Controllers/Cart.php on line 427.
 1 APPPATH/Controllers/Cart.php(427): CodeIgniter\Debug\Exceptions->errorHandler(2, 'Undefined variable $auction_data', '/var/www/eazyhosting.in/public_html/api/app/Controllers/Cart.php', 427)
 2 SYSTEMPATH/CodeIgniter.php(941): App\Controllers\Cart->auctiongardenlist()
 3 SYSTEMPATH/CodeIgniter.php(502): CodeIgniter\CodeIgniter->runController(Object(App\Controllers\Cart))
 4 SYSTEMPATH/CodeIgniter.php(361): CodeIgniter\CodeIgniter->handleRequest(null, Object(Config\Cache), false)
 5 FCPATH/index.php(79): CodeIgniter\CodeIgniter->run()
ERROR - 2024-08-01 18:59:04 --> auction floor entry auctionItemId:56, 2024-08-01 06:59:04
ERROR - 2024-08-01 18:59:04 --> min value query HBP:SELECT *
FROM `auto_bidding`
WHERE `auction_item_id` = '56'
AND `min_price` != 0
ORDER BY `min_price` DESC
 LIMIT 1, max value query HABP:SELECT *
FROM `auto_bidding`
WHERE `auction_item_id` = '56'
AND `max_price` != 0
ORDER BY `max_price` DESC
 LIMIT 1, 2024-08-01 06:59:04
ERROR - 2024-08-01 18:59:04 --> initial bidding value HBP:102, HABP:0, 2024-08-01 06:59:04
ERROR - 2024-08-01 18:59:04 --> E005 HBP:102, HABP:0, 2024-08-01 06:59:04
ERROR - 2024-08-01 18:59:04 --> auction floor ended HBP:102, HABP:0, 2024-08-01 06:59:04
ERROR - 2024-08-01 18:59:04 --> auction start value:{"auction_item_id":"56","buyer_id":"3","bid_price":"102","bid_type":1,"sq":1,"bq":1}, 2024-08-01 06:59:04
ERROR - 2024-08-01 18:59:04 --> auction floor entry auctionItemId:57, 2024-08-01 06:59:04
ERROR - 2024-08-01 18:59:04 --> min value query HBP:SELECT *
FROM `auto_bidding`
WHERE `auction_item_id` = '57'
AND `min_price` != 0
ORDER BY `min_price` DESC
 LIMIT 1, max value query HABP:SELECT *
FROM `auto_bidding`
WHERE `auction_item_id` = '57'
AND `max_price` != 0
ORDER BY `max_price` DESC
 LIMIT 1, 2024-08-01 06:59:04
ERROR - 2024-08-01 18:59:04 --> initial bidding value HBP:120, HABP:0, 2024-08-01 06:59:04
ERROR - 2024-08-01 18:59:04 --> E005 HBP:120, HABP:0, 2024-08-01 06:59:04
ERROR - 2024-08-01 18:59:04 --> auction floor ended HBP:120, HABP:0, 2024-08-01 06:59:04
ERROR - 2024-08-01 18:59:04 --> auction start value:{"auction_item_id":"57","buyer_id":"1","bid_price":"120","bid_type":1,"sq":1,"bq":1}, 2024-08-01 06:59:04
ERROR - 2024-08-01 18:59:04 --> auction floor entry auctionItemId:56, 2024-08-01 06:59:04
ERROR - 2024-08-01 18:59:04 --> auction floor entry auctionItemId:57, 2024-08-01 06:59:04
ERROR - 2024-08-01 19:00:03 --> bid calculation initiated auctionItemId:56, 2024-08-01 07:00:03
ERROR - 2024-08-01 19:00:03 --> bid calculation Ended auctionItemId:56, 2024-08-01 07:00:03
ERROR - 2024-08-01 19:00:03 --> bid calculation initiated auctionItemId:57, 2024-08-01 07:00:03
ERROR - 2024-08-01 19:00:03 --> bid calculation Ended auctionItemId:57, 2024-08-01 07:00:03
ERROR - 2024-08-01 19:00:03 --> bid calculation initiated auctionItemId:56, 2024-08-01 07:00:03
ERROR - 2024-08-01 19:00:03 --> bid calculation Ended auctionItemId:56, 2024-08-01 07:00:03
ERROR - 2024-08-01 19:00:03 --> bid calculation initiated auctionItemId:57, 2024-08-01 07:00:03
ERROR - 2024-08-01 19:00:03 --> bid calculation Ended auctionItemId:57, 2024-08-01 07:00:03
ERROR - 2024-08-01 19:00:33 --> current items data:[{"id":"56","inward_invoice_id":"W1","inward_item_id":"11","auction_id":"12","lot_no":"1","lot_set":"1","auction_quantity":"1","sample_quantity":"1","auction_each_net":"21","base_price":"100","reverse_price":"105","high_price":"0","valuation_price":"110","last_sold_price":null,"status":"1","is_sold":"0","min_bid_added":"0","is_withdrawn":"0","created_at":"2024-08-01 18:50:41","updated_at":"2024-08-01 18:51:15","created_by":"5","updated_by":"5"},{"id":"57","inward_invoice_id":"W3","inward_item_id":"14","auction_id":"12","lot_no":"2","lot_set":"1","auction_quantity":"1","sample_quantity":"1","auction_each_net":"9","base_price":"100","reverse_price":"105","high_price":"0","valuation_price":"110","last_sold_price":null,"status":"1","is_sold":"0","min_bid_added":"0","is_withdrawn":"0","created_at":"2024-08-01 18:50:41","updated_at":"2024-08-01 18:51:15","created_by":"5","updated_by":"5"}], 2024-08-01 07:00:33
ERROR - 2024-08-01 19:00:33 --> Error code L001. auctionItemId:56, 2024-08-01 07:00:33
ERROR - 2024-08-01 19:00:33 --> bid calculation initiated auctionItemId:56, 2024-08-01 07:00:33
ERROR - 2024-08-01 19:00:33 --> bid calculation Ended auctionItemId:56, 2024-08-01 07:00:33
ERROR - 2024-08-01 19:00:33 --> Error code L002. auctionItemId:56, 2024-08-01 07:00:33
ERROR - 2024-08-01 19:00:33 --> Error code L003. auctionItemId:56, 2024-08-01 07:00:33
ERROR - 2024-08-01 19:00:33 --> Error code L001. auctionItemId:57, 2024-08-01 07:00:33
ERROR - 2024-08-01 19:00:33 --> bid calculation initiated auctionItemId:57, 2024-08-01 07:00:33
ERROR - 2024-08-01 19:00:33 --> bid calculation Ended auctionItemId:57, 2024-08-01 07:00:33
ERROR - 2024-08-01 19:00:33 --> Error code L002. auctionItemId:57, 2024-08-01 07:00:33
ERROR - 2024-08-01 19:00:33 --> Error code L003. auctionItemId:57, 2024-08-01 07:00:33
ERROR - 2024-08-01 19:00:33 --> current items data:[], 2024-08-01 07:00:33
ERROR - 2024-08-01 19:00:34 --> auction floor entry auctionItemId:58, 2024-08-01 07:00:34
ERROR - 2024-08-01 19:00:34 --> min value query HBP:SELECT *
FROM `auto_bidding`
WHERE `auction_item_id` = '58'
AND `min_price` != 0
ORDER BY `min_price` DESC
 LIMIT 1, max value query HABP:SELECT *
FROM `auto_bidding`
WHERE `auction_item_id` = '58'
AND `max_price` != 0
ORDER BY `max_price` DESC
 LIMIT 1, 2024-08-01 07:00:34
ERROR - 2024-08-01 19:00:34 --> initial bidding value HBP:101, HABP:110, 2024-08-01 07:00:34
ERROR - 2024-08-01 19:00:34 --> E001 HBP:101, HABP:110, 2024-08-01 07:00:34
ERROR - 2024-08-01 19:00:34 --> E004 HBP:101, HABP:110, 2024-08-01 07:00:34
ERROR - 2024-08-01 19:00:34 --> auction floor ended HBP:101, HABP:110, 2024-08-01 07:00:34
ERROR - 2024-08-01 19:00:34 --> auction start value:{"auction_item_id":"58","buyer_id":"3","bid_price":102,"bid_type":1,"sq":1,"bq":1}, 2024-08-01 07:00:34
ERROR - 2024-08-01 19:00:34 --> auction floor entry auctionItemId:59, 2024-08-01 07:00:34
ERROR - 2024-08-01 19:00:34 --> min value query HBP:SELECT *
FROM `auto_bidding`
WHERE `auction_item_id` = '59'
AND `min_price` != 0
ORDER BY `min_price` DESC
 LIMIT 1, max value query HABP:SELECT *
FROM `auto_bidding`
WHERE `auction_item_id` = '59'
AND `max_price` != 0
ORDER BY `max_price` DESC
 LIMIT 1, 2024-08-01 07:00:34
ERROR - 2024-08-01 19:00:34 --> initial bidding value HBP:115, HABP:120, 2024-08-01 07:00:34
ERROR - 2024-08-01 19:00:34 --> E001 HBP:115, HABP:120, 2024-08-01 07:00:34
ERROR - 2024-08-01 19:00:34 --> E004 HBP:115, HABP:120, 2024-08-01 07:00:34
ERROR - 2024-08-01 19:00:34 --> auction floor ended HBP:115, HABP:120, 2024-08-01 07:00:34
ERROR - 2024-08-01 19:00:34 --> auction start value:{"auction_item_id":"59","buyer_id":"3","bid_price":116,"bid_type":1,"sq":1,"bq":1}, 2024-08-01 07:00:34
ERROR - 2024-08-01 19:00:34 --> auction floor entry auctionItemId:58, 2024-08-01 07:00:34
ERROR - 2024-08-01 19:00:34 --> auction floor entry auctionItemId:59, 2024-08-01 07:00:34
ERROR - 2024-08-01 19:00:35 --> auction floor entry auctionItemId:58, 2024-08-01 07:00:35
ERROR - 2024-08-01 19:00:35 --> auction floor entry auctionItemId:59, 2024-08-01 07:00:35
ERROR - 2024-08-01 19:00:35 --> auction floor entry auctionItemId:58, 2024-08-01 07:00:35
ERROR - 2024-08-01 19:00:35 --> auction floor entry auctionItemId:59, 2024-08-01 07:00:35
ERROR - 2024-08-01 19:01:34 --> bid calculation initiated auctionItemId:58, 2024-08-01 07:01:34
ERROR - 2024-08-01 19:01:34 --> Error code 001. HBP:102.00,HABP: 110.00, 2024-08-01 07:01:34
ERROR - 2024-08-01 19:01:34 --> Error code 002. HBP:102.00,RP: 105, 2024-08-01 07:01:34
ERROR - 2024-08-01 19:01:34 --> bid calculation Ended auctionItemId:58, 2024-08-01 07:01:34
ERROR - 2024-08-01 19:01:34 --> bid calculation initiated auctionItemId:59, 2024-08-01 07:01:34
ERROR - 2024-08-01 19:01:34 --> Error code 001. HBP:116.00,HABP: 120.00, 2024-08-01 07:01:34
ERROR - 2024-08-01 19:01:34 --> Error code 003. HBP:116.00,RP: 105, 2024-08-01 07:01:34
ERROR - 2024-08-01 19:01:34 --> Error code 004. HBP:116.00,SLHABP: 120.00, 2024-08-01 07:01:34
ERROR - 2024-08-01 19:01:34 --> bid calculation Ended auctionItemId:59, 2024-08-01 07:01:34
ERROR - 2024-08-01 19:01:35 --> bid calculation initiated auctionItemId:58, 2024-08-01 07:01:35
ERROR - 2024-08-01 19:01:35 --> Error code 001. HBP:105.00,HABP: 110.00, 2024-08-01 07:01:35
ERROR - 2024-08-01 19:01:35 --> Error code 002. HBP:105.00,RP: 105, 2024-08-01 07:01:35
ERROR - 2024-08-01 19:01:35 --> bid calculation Ended auctionItemId:58, 2024-08-01 07:01:35
ERROR - 2024-08-01 19:01:35 --> bid calculation initiated auctionItemId:59, 2024-08-01 07:01:35
ERROR - 2024-08-01 19:01:35 --> Error code 001. HBP:117.00,HABP: 120.00, 2024-08-01 07:01:35
ERROR - 2024-08-01 19:01:35 --> Error code 003. HBP:117.00,RP: 105, 2024-08-01 07:01:35
ERROR - 2024-08-01 19:01:35 --> Error code 004. HBP:117.00,SLHABP: 120.00, 2024-08-01 07:01:35
ERROR - 2024-08-01 19:01:35 --> bid calculation Ended auctionItemId:59, 2024-08-01 07:01:35
ERROR - 2024-08-01 19:02:04 --> current items data:[{"id":"58","inward_invoice_id":"W2","inward_item_id":"12","auction_id":"12","lot_no":"3","lot_set":"2","auction_quantity":"1","sample_quantity":"1","auction_each_net":"23","base_price":"100","reverse_price":"105","high_price":"0","valuation_price":"110","last_sold_price":null,"status":"1","is_sold":"0","min_bid_added":"0","is_withdrawn":"0","created_at":"2024-08-01 18:50:41","updated_at":"2024-08-01 18:51:15","created_by":"5","updated_by":"5"},{"id":"59","inward_invoice_id":"W3","inward_item_id":"13","auction_id":"12","lot_no":"4","lot_set":"2","auction_quantity":"1","sample_quantity":"1","auction_each_net":"14","base_price":"100","reverse_price":"105","high_price":"0","valuation_price":"110","last_sold_price":null,"status":"1","is_sold":"0","min_bid_added":"0","is_withdrawn":"0","created_at":"2024-08-01 18:50:41","updated_at":"2024-08-01 18:51:15","created_by":"5","updated_by":"5"}], 2024-08-01 07:02:04
ERROR - 2024-08-01 19:02:04 --> Error code L001. auctionItemId:58, 2024-08-01 07:02:04
ERROR - 2024-08-01 19:02:04 --> bid calculation initiated auctionItemId:58, 2024-08-01 07:02:04
ERROR - 2024-08-01 19:02:04 --> Error code 001. HBP:105.00,HABP: 110.00, 2024-08-01 07:02:04
ERROR - 2024-08-01 19:02:04 --> Error code 002. HBP:105.00,RP: 105, 2024-08-01 07:02:04
ERROR - 2024-08-01 19:02:04 --> bid calculation Ended auctionItemId:58, 2024-08-01 07:02:04
ERROR - 2024-08-01 19:02:04 --> Error code L002. auctionItemId:58, 2024-08-01 07:02:04
ERROR - 2024-08-01 19:02:04 --> Error code L003. auctionItemId:58, 2024-08-01 07:02:04
ERROR - 2024-08-01 19:02:04 --> Error code L001. auctionItemId:59, 2024-08-01 07:02:04
ERROR - 2024-08-01 19:02:04 --> bid calculation initiated auctionItemId:59, 2024-08-01 07:02:04
ERROR - 2024-08-01 19:02:04 --> Error code 001. HBP:118.00,HABP: 120.00, 2024-08-01 07:02:04
ERROR - 2024-08-01 19:02:04 --> Error code 003. HBP:118.00,RP: 105, 2024-08-01 07:02:04
ERROR - 2024-08-01 19:02:04 --> Error code 004. HBP:118.00,SLHABP: 120.00, 2024-08-01 07:02:04
ERROR - 2024-08-01 19:02:04 --> bid calculation Ended auctionItemId:59, 2024-08-01 07:02:04
ERROR - 2024-08-01 19:02:04 --> Error code L002. auctionItemId:59, 2024-08-01 07:02:04
ERROR - 2024-08-01 19:02:04 --> Error code L003. auctionItemId:59, 2024-08-01 07:02:04
ERROR - 2024-08-01 19:02:04 --> current items data:[], 2024-08-01 07:02:04
ERROR - 2024-08-01 19:02:05 --> auction floor entry auctionItemId:60, 2024-08-01 07:02:05
ERROR - 2024-08-01 19:02:05 --> min value query HBP:SELECT *
FROM `auto_bidding`
WHERE `auction_item_id` = '60'
AND `min_price` != 0
ORDER BY `min_price` DESC
 LIMIT 1, max value query HABP:SELECT *
FROM `auto_bidding`
WHERE `auction_item_id` = '60'
AND `max_price` != 0
ORDER BY `max_price` DESC
 LIMIT 1, 2024-08-01 07:02:05
ERROR - 2024-08-01 19:02:05 --> initial bidding value HBP:101, HABP:0, 2024-08-01 07:02:05
ERROR - 2024-08-01 19:02:05 --> E005 HBP:101, HABP:0, 2024-08-01 07:02:05
ERROR - 2024-08-01 19:02:05 --> auction floor ended HBP:101, HABP:0, 2024-08-01 07:02:05
ERROR - 2024-08-01 19:02:05 --> auction start value:{"auction_item_id":"60","buyer_id":"3","bid_price":"101","bid_type":1,"sq":1,"bq":1}, 2024-08-01 07:02:05
ERROR - 2024-08-01 19:02:05 --> auction floor entry auctionItemId:61, 2024-08-01 07:02:05
ERROR - 2024-08-01 19:02:05 --> min value query HBP:SELECT *
FROM `auto_bidding`
WHERE `auction_item_id` = '61'
AND `min_price` != 0
ORDER BY `min_price` DESC
 LIMIT 1, max value query HABP:SELECT *
FROM `auto_bidding`
WHERE `auction_item_id` = '61'
AND `max_price` != 0
ORDER BY `max_price` DESC
 LIMIT 1, 2024-08-01 07:02:05
ERROR - 2024-08-01 19:02:05 --> initial bidding value HBP:101, HABP:110, 2024-08-01 07:02:05
ERROR - 2024-08-01 19:02:05 --> E001 HBP:101, HABP:110, 2024-08-01 07:02:05
ERROR - 2024-08-01 19:02:05 --> E004 HBP:101, HABP:110, 2024-08-01 07:02:05
ERROR - 2024-08-01 19:02:05 --> auction floor ended HBP:101, HABP:110, 2024-08-01 07:02:05
ERROR - 2024-08-01 19:02:05 --> auction start value:{"auction_item_id":"61","buyer_id":"3","bid_price":102,"bid_type":1,"sq":1,"bq":1}, 2024-08-01 07:02:05
ERROR - 2024-08-01 19:02:05 --> auction floor entry auctionItemId:60, 2024-08-01 07:02:05
ERROR - 2024-08-01 19:02:05 --> auction floor entry auctionItemId:61, 2024-08-01 07:02:05
ERROR - 2024-08-01 19:02:06 --> auction floor entry auctionItemId:60, 2024-08-01 07:02:06
ERROR - 2024-08-01 19:02:06 --> auction floor entry auctionItemId:61, 2024-08-01 07:02:06
ERROR - 2024-08-01 19:02:06 --> auction floor entry auctionItemId:60, 2024-08-01 07:02:06
ERROR - 2024-08-01 19:02:06 --> auction floor entry auctionItemId:61, 2024-08-01 07:02:06
ERROR - 2024-08-01 19:04:32 --> current items data:[{"id":"60","inward_invoice_id":"W5","inward_item_id":"15","auction_id":"12","lot_no":"5","lot_set":"3","auction_quantity":"1","sample_quantity":"1","auction_each_net":"4","base_price":"100","reverse_price":"105","high_price":"0","valuation_price":"110","last_sold_price":null,"status":"1","is_sold":"0","min_bid_added":"0","is_withdrawn":"0","created_at":"2024-08-01 18:50:41","updated_at":"2024-08-01 18:51:15","created_by":"5","updated_by":"5"},{"id":"61","inward_invoice_id":"WD3","inward_item_id":"43","auction_id":"12","lot_no":"6","lot_set":"3","auction_quantity":"1","sample_quantity":"1","auction_each_net":"6","base_price":"100","reverse_price":"105","high_price":"0","valuation_price":"110","last_sold_price":null,"status":"1","is_sold":"0","min_bid_added":"0","is_withdrawn":"0","created_at":"2024-08-01 18:50:41","updated_at":"2024-08-01 18:51:15","created_by":"5","updated_by":"5"}], 2024-08-01 07:04:32
ERROR - 2024-08-01 19:04:32 --> Error code L001. auctionItemId:60, 2024-08-01 07:04:32
ERROR - 2024-08-01 19:04:32 --> bid calculation initiated auctionItemId:60, 2024-08-01 07:04:32
ERROR - 2024-08-01 19:04:32 --> bid calculation Ended auctionItemId:60, 2024-08-01 07:04:32
ERROR - 2024-08-01 19:04:32 --> Error code L002. auctionItemId:60, 2024-08-01 07:04:32
ERROR - 2024-08-01 19:04:32 --> Error code L003. auctionItemId:60, 2024-08-01 07:04:32
ERROR - 2024-08-01 19:04:32 --> Error code L001. auctionItemId:61, 2024-08-01 07:04:32
ERROR - 2024-08-01 19:04:32 --> bid calculation initiated auctionItemId:61, 2024-08-01 07:04:32
ERROR - 2024-08-01 19:04:32 --> Error code 007. HBP:110.00,HABP: 110.00, 2024-08-01 07:04:32
ERROR - 2024-08-01 19:04:32 --> bid calculation Ended auctionItemId:61, 2024-08-01 07:04:32
ERROR - 2024-08-01 19:04:32 --> Error code L002. auctionItemId:61, 2024-08-01 07:04:32
ERROR - 2024-08-01 19:04:32 --> Error code L003. auctionItemId:61, 2024-08-01 07:04:32
ERROR - 2024-08-01 19:04:33 --> current items data:[], 2024-08-01 07:04:33
ERROR - 2024-08-01 19:04:34 --> auction floor entry auctionItemId:62, 2024-08-01 07:04:34
ERROR - 2024-08-01 19:04:34 --> min value query HBP:SELECT *
FROM `auto_bidding`
WHERE `auction_item_id` = '62'
AND `min_price` != 0
ORDER BY `min_price` DESC
 LIMIT 1, max value query HABP:SELECT *
FROM `auto_bidding`
WHERE `auction_item_id` = '62'
AND `max_price` != 0
ORDER BY `max_price` DESC
 LIMIT 1, 2024-08-01 07:04:34
ERROR - 2024-08-01 19:04:34 --> initial bidding value HBP:0, HABP:0, 2024-08-01 07:04:34
ERROR - 2024-08-01 19:04:34 --> E007 HBP:0, HABP:0, 2024-08-01 07:04:34
ERROR - 2024-08-01 19:04:34 --> auction floor ended HBP:0, HABP:0, 2024-08-01 07:04:34
ERROR - 2024-08-01 19:04:34 --> auction floor entry auctionItemId:63, 2024-08-01 07:04:34
ERROR - 2024-08-01 19:04:34 --> min value query HBP:SELECT *
FROM `auto_bidding`
WHERE `auction_item_id` = '63'
AND `min_price` != 0
ORDER BY `min_price` DESC
 LIMIT 1, max value query HABP:SELECT *
FROM `auto_bidding`
WHERE `auction_item_id` = '63'
AND `max_price` != 0
ORDER BY `max_price` DESC
 LIMIT 1, 2024-08-01 07:04:34
ERROR - 2024-08-01 19:04:34 --> initial bidding value HBP:0, HABP:0, 2024-08-01 07:04:34
ERROR - 2024-08-01 19:04:34 --> E007 HBP:0, HABP:0, 2024-08-01 07:04:34
ERROR - 2024-08-01 19:04:34 --> auction floor ended HBP:0, HABP:0, 2024-08-01 07:04:34
ERROR - 2024-08-01 19:04:34 --> auction floor entry auctionItemId:62, 2024-08-01 07:04:34
ERROR - 2024-08-01 19:04:34 --> min value query HBP:SELECT *
FROM `auto_bidding`
WHERE `auction_item_id` = '62'
AND `min_price` != 0
ORDER BY `min_price` DESC
 LIMIT 1, max value query HABP:SELECT *
FROM `auto_bidding`
WHERE `auction_item_id` = '62'
AND `max_price` != 0
ORDER BY `max_price` DESC
 LIMIT 1, 2024-08-01 07:04:34
ERROR - 2024-08-01 19:04:34 --> initial bidding value HBP:0, HABP:0, 2024-08-01 07:04:34
ERROR - 2024-08-01 19:04:34 --> E007 HBP:0, HABP:0, 2024-08-01 07:04:34
ERROR - 2024-08-01 19:04:34 --> auction floor ended HBP:0, HABP:0, 2024-08-01 07:04:34
ERROR - 2024-08-01 19:04:34 --> auction floor entry auctionItemId:63, 2024-08-01 07:04:34
ERROR - 2024-08-01 19:04:34 --> min value query HBP:SELECT *
FROM `auto_bidding`
WHERE `auction_item_id` = '63'
AND `min_price` != 0
ORDER BY `min_price` DESC
 LIMIT 1, max value query HABP:SELECT *
FROM `auto_bidding`
WHERE `auction_item_id` = '63'
AND `max_price` != 0
ORDER BY `max_price` DESC
 LIMIT 1, 2024-08-01 07:04:34
ERROR - 2024-08-01 19:04:34 --> initial bidding value HBP:0, HABP:0, 2024-08-01 07:04:34
ERROR - 2024-08-01 19:04:34 --> E007 HBP:0, HABP:0, 2024-08-01 07:04:34
ERROR - 2024-08-01 19:04:34 --> auction floor ended HBP:0, HABP:0, 2024-08-01 07:04:34
ERROR - 2024-08-01 19:04:35 --> auction floor entry auctionItemId:62, 2024-08-01 07:04:35
ERROR - 2024-08-01 19:04:35 --> min value query HBP:SELECT *
FROM `auto_bidding`
WHERE `auction_item_id` = '62'
AND `min_price` != 0
ORDER BY `min_price` DESC
 LIMIT 1, max value query HABP:SELECT *
FROM `auto_bidding`
WHERE `auction_item_id` = '62'
AND `max_price` != 0
ORDER BY `max_price` DESC
 LIMIT 1, 2024-08-01 07:04:35
ERROR - 2024-08-01 19:04:35 --> initial bidding value HBP:0, HABP:0, 2024-08-01 07:04:35
ERROR - 2024-08-01 19:04:35 --> E007 HBP:0, HABP:0, 2024-08-01 07:04:35
ERROR - 2024-08-01 19:04:35 --> auction floor ended HBP:0, HABP:0, 2024-08-01 07:04:35
ERROR - 2024-08-01 19:04:35 --> auction floor entry auctionItemId:63, 2024-08-01 07:04:35
ERROR - 2024-08-01 19:04:35 --> min value query HBP:SELECT *
FROM `auto_bidding`
WHERE `auction_item_id` = '63'
AND `min_price` != 0
ORDER BY `min_price` DESC
 LIMIT 1, max value query HABP:SELECT *
FROM `auto_bidding`
WHERE `auction_item_id` = '63'
AND `max_price` != 0
ORDER BY `max_price` DESC
 LIMIT 1, 2024-08-01 07:04:35
ERROR - 2024-08-01 19:04:35 --> initial bidding value HBP:0, HABP:0, 2024-08-01 07:04:35
ERROR - 2024-08-01 19:04:35 --> E007 HBP:0, HABP:0, 2024-08-01 07:04:35
ERROR - 2024-08-01 19:04:35 --> auction floor ended HBP:0, HABP:0, 2024-08-01 07:04:35
ERROR - 2024-08-01 19:04:35 --> auction floor entry auctionItemId:62, 2024-08-01 07:04:35
ERROR - 2024-08-01 19:04:35 --> min value query HBP:SELECT *
FROM `auto_bidding`
WHERE `auction_item_id` = '62'
AND `min_price` != 0
ORDER BY `min_price` DESC
 LIMIT 1, max value query HABP:SELECT *
FROM `auto_bidding`
WHERE `auction_item_id` = '62'
AND `max_price` != 0
ORDER BY `max_price` DESC
 LIMIT 1, 2024-08-01 07:04:35
ERROR - 2024-08-01 19:04:35 --> initial bidding value HBP:0, HABP:0, 2024-08-01 07:04:35
ERROR - 2024-08-01 19:04:35 --> E007 HBP:0, HABP:0, 2024-08-01 07:04:35
ERROR - 2024-08-01 19:04:35 --> auction floor ended HBP:0, HABP:0, 2024-08-01 07:04:35
ERROR - 2024-08-01 19:04:35 --> auction floor entry auctionItemId:63, 2024-08-01 07:04:35
ERROR - 2024-08-01 19:04:35 --> min value query HBP:SELECT *
FROM `auto_bidding`
WHERE `auction_item_id` = '63'
AND `min_price` != 0
ORDER BY `min_price` DESC
 LIMIT 1, max value query HABP:SELECT *
FROM `auto_bidding`
WHERE `auction_item_id` = '63'
AND `max_price` != 0
ORDER BY `max_price` DESC
 LIMIT 1, 2024-08-01 07:04:35
ERROR - 2024-08-01 19:04:35 --> initial bidding value HBP:0, HABP:0, 2024-08-01 07:04:35
ERROR - 2024-08-01 19:04:35 --> E007 HBP:0, HABP:0, 2024-08-01 07:04:35
ERROR - 2024-08-01 19:04:35 --> auction floor ended HBP:0, HABP:0, 2024-08-01 07:04:35
ERROR - 2024-08-01 19:06:45 --> current items data:[{"id":"62","inward_invoice_id":"K2","inward_item_id":"17","auction_id":"12","lot_no":"7","lot_set":"4","auction_quantity":"1","sample_quantity":"1","auction_each_net":"8","base_price":"100","reverse_price":"105","high_price":"0","valuation_price":"110","last_sold_price":null,"status":"1","is_sold":"0","min_bid_added":"0","is_withdrawn":"0","created_at":"2024-08-01 18:50:41","updated_at":"2024-08-01 18:51:15","created_by":"5","updated_by":"5"},{"id":"63","inward_invoice_id":"K1","inward_item_id":"16","auction_id":"12","lot_no":"8","lot_set":"4","auction_quantity":"1","sample_quantity":"1","auction_each_net":"2","base_price":"100","reverse_price":"105","high_price":"0","valuation_price":"110","last_sold_price":null,"status":"1","is_sold":"0","min_bid_added":"0","is_withdrawn":"0","created_at":"2024-08-01 18:50:41","updated_at":"2024-08-01 18:51:15","created_by":"5","updated_by":"5"}], 2024-08-01 07:06:45
ERROR - 2024-08-01 19:06:45 --> Error code L001. auctionItemId:62, 2024-08-01 07:06:45
ERROR - 2024-08-01 19:06:45 --> bid calculation initiated auctionItemId:62, 2024-08-01 07:06:45
ERROR - 2024-08-01 19:06:45 --> bid calculation Ended auctionItemId:62, 2024-08-01 07:06:45
ERROR - 2024-08-01 19:06:45 --> Error code L002. auctionItemId:62, 2024-08-01 07:06:45
ERROR - 2024-08-01 19:06:45 --> Error code L003. auctionItemId:62, 2024-08-01 07:06:45
ERROR - 2024-08-01 19:06:45 --> Error code L001. auctionItemId:63, 2024-08-01 07:06:45
ERROR - 2024-08-01 19:06:45 --> bid calculation initiated auctionItemId:63, 2024-08-01 07:06:45
ERROR - 2024-08-01 19:06:45 --> Error code 001. HBP:108.00,HABP: 120.00, 2024-08-01 07:06:45
ERROR - 2024-08-01 19:06:45 --> Error code 003. HBP:108.00,RP: 105, 2024-08-01 07:06:45
ERROR - 2024-08-01 19:06:45 --> Error code 004. HBP:108.00,SLHABP: 110.00, 2024-08-01 07:06:45
ERROR - 2024-08-01 19:06:45 --> bid calculation Ended auctionItemId:63, 2024-08-01 07:06:45
ERROR - 2024-08-01 19:06:45 --> Error code L002. auctionItemId:63, 2024-08-01 07:06:45
ERROR - 2024-08-01 19:06:45 --> Error code L003. auctionItemId:63, 2024-08-01 07:06:45
ERROR - 2024-08-01 19:06:45 --> current items data:[], 2024-08-01 07:06:45
CRITICAL - 2024-08-01 19:22:50 --> ErrorException: Undefined variable $auction_data
in APPPATH/Controllers/Cart.php on line 427.
 1 APPPATH/Controllers/Cart.php(427): CodeIgniter\Debug\Exceptions->errorHandler(2, 'Undefined variable $auction_data', '/var/www/eazyhosting.in/public_html/api/app/Controllers/Cart.php', 427)
 2 SYSTEMPATH/CodeIgniter.php(941): App\Controllers\Cart->auctiongardenlist()
 3 SYSTEMPATH/CodeIgniter.php(502): CodeIgniter\CodeIgniter->runController(Object(App\Controllers\Cart))
 4 SYSTEMPATH/CodeIgniter.php(361): CodeIgniter\CodeIgniter->handleRequest(null, Object(Config\Cache), false)
 5 FCPATH/index.php(79): CodeIgniter\CodeIgniter->run()
CRITICAL - 2024-08-01 19:22:51 --> ErrorException: Undefined variable $auction_data
in APPPATH/Controllers/Cart.php on line 427.
 1 APPPATH/Controllers/Cart.php(427): CodeIgniter\Debug\Exceptions->errorHandler(2, 'Undefined variable $auction_data', '/var/www/eazyhosting.in/public_html/api/app/Controllers/Cart.php', 427)
 2 SYSTEMPATH/CodeIgniter.php(941): App\Controllers\Cart->auctiongardenlist()
 3 SYSTEMPATH/CodeIgniter.php(502): CodeIgniter\CodeIgniter->runController(Object(App\Controllers\Cart))
 4 SYSTEMPATH/CodeIgniter.php(361): CodeIgniter\CodeIgniter->handleRequest(null, Object(Config\Cache), false)
 5 FCPATH/index.php(79): CodeIgniter\CodeIgniter->run()
CRITICAL - 2024-08-01 19:23:20 --> ErrorException: Undefined variable $auction_data
in APPPATH/Controllers/Cart.php on line 427.
 1 APPPATH/Controllers/Cart.php(427): CodeIgniter\Debug\Exceptions->errorHandler(2, 'Undefined variable $auction_data', '/var/www/eazyhosting.in/public_html/api/app/Controllers/Cart.php', 427)
 2 SYSTEMPATH/CodeIgniter.php(941): App\Controllers\Cart->auctiongardenlist()
 3 SYSTEMPATH/CodeIgniter.php(502): CodeIgniter\CodeIgniter->runController(Object(App\Controllers\Cart))
 4 SYSTEMPATH/CodeIgniter.php(361): CodeIgniter\CodeIgniter->handleRequest(null, Object(Config\Cache), false)
 5 FCPATH/index.php(79): CodeIgniter\CodeIgniter->run()
CRITICAL - 2024-08-01 19:23:22 --> ErrorException: Undefined variable $auction_data
in APPPATH/Controllers/Cart.php on line 427.
 1 APPPATH/Controllers/Cart.php(427): CodeIgniter\Debug\Exceptions->errorHandler(2, 'Undefined variable $auction_data', '/var/www/eazyhosting.in/public_html/api/app/Controllers/Cart.php', 427)
 2 SYSTEMPATH/CodeIgniter.php(941): App\Controllers\Cart->auctiongardenlist()
 3 SYSTEMPATH/CodeIgniter.php(502): CodeIgniter\CodeIgniter->runController(Object(App\Controllers\Cart))
 4 SYSTEMPATH/CodeIgniter.php(361): CodeIgniter\CodeIgniter->handleRequest(null, Object(Config\Cache), false)
 5 FCPATH/index.php(79): CodeIgniter\CodeIgniter->run()
ERROR - 2024-08-01 19:39:25 --> auction floor entry auctionItemId:64, 2024-08-01 07:39:25
ERROR - 2024-08-01 19:39:25 --> min value query HBP:SELECT *
FROM `auto_bidding`
WHERE `auction_item_id` = '64'
AND `min_price` != 0
ORDER BY `min_price` DESC
 LIMIT 1, max value query HABP:SELECT *
FROM `auto_bidding`
WHERE `auction_item_id` = '64'
AND `max_price` != 0
ORDER BY `max_price` DESC
 LIMIT 1, 2024-08-01 07:39:25
ERROR - 2024-08-01 19:39:25 --> initial bidding value HBP:102, HABP:0, 2024-08-01 07:39:25
ERROR - 2024-08-01 19:39:25 --> E005 HBP:102, HABP:0, 2024-08-01 07:39:25
ERROR - 2024-08-01 19:39:25 --> auction floor ended HBP:102, HABP:0, 2024-08-01 07:39:25
ERROR - 2024-08-01 19:39:25 --> auction start value:{"auction_item_id":"64","buyer_id":"3","bid_price":"102","bid_type":1,"sq":1,"bq":1}, 2024-08-01 07:39:25
ERROR - 2024-08-01 19:39:25 --> auction floor entry auctionItemId:65, 2024-08-01 07:39:25
ERROR - 2024-08-01 19:39:25 --> min value query HBP:SELECT *
FROM `auto_bidding`
WHERE `auction_item_id` = '65'
AND `min_price` != 0
ORDER BY `min_price` DESC
 LIMIT 1, max value query HABP:SELECT *
FROM `auto_bidding`
WHERE `auction_item_id` = '65'
AND `max_price` != 0
ORDER BY `max_price` DESC
 LIMIT 1, 2024-08-01 07:39:25
ERROR - 2024-08-01 19:39:25 --> initial bidding value HBP:120, HABP:0, 2024-08-01 07:39:25
ERROR - 2024-08-01 19:39:25 --> E005 HBP:120, HABP:0, 2024-08-01 07:39:25
ERROR - 2024-08-01 19:39:25 --> auction floor ended HBP:120, HABP:0, 2024-08-01 07:39:25
ERROR - 2024-08-01 19:39:25 --> auction start value:{"auction_item_id":"65","buyer_id":"1","bid_price":"120","bid_type":1,"sq":1,"bq":1}, 2024-08-01 07:39:25
ERROR - 2024-08-01 19:39:25 --> auction floor entry auctionItemId:64, 2024-08-01 07:39:25
ERROR - 2024-08-01 19:39:25 --> auction floor entry auctionItemId:65, 2024-08-01 07:39:25
ERROR - 2024-08-01 19:39:43 --> auction floor entry auctionItemId:64, 2024-08-01 07:39:43
ERROR - 2024-08-01 19:39:43 --> auction floor entry auctionItemId:65, 2024-08-01 07:39:43
ERROR - 2024-08-01 19:39:46 --> auction floor entry auctionItemId:64, 2024-08-01 07:39:46
ERROR - 2024-08-01 19:39:46 --> auction floor entry auctionItemId:65, 2024-08-01 07:39:46
ERROR - 2024-08-01 19:40:23 --> bid calculation initiated auctionItemId:64, 2024-08-01 07:40:23
ERROR - 2024-08-01 19:40:23 --> bid calculation Ended auctionItemId:64, 2024-08-01 07:40:23
ERROR - 2024-08-01 19:40:23 --> bid calculation initiated auctionItemId:65, 2024-08-01 07:40:23
ERROR - 2024-08-01 19:40:23 --> bid calculation Ended auctionItemId:65, 2024-08-01 07:40:23
ERROR - 2024-08-01 19:40:23 --> bid calculation initiated auctionItemId:64, 2024-08-01 07:40:23
ERROR - 2024-08-01 19:40:23 --> bid calculation Ended auctionItemId:64, 2024-08-01 07:40:23
ERROR - 2024-08-01 19:40:23 --> bid calculation initiated auctionItemId:65, 2024-08-01 07:40:23
ERROR - 2024-08-01 19:40:23 --> bid calculation Ended auctionItemId:65, 2024-08-01 07:40:23
ERROR - 2024-08-01 19:40:24 --> bid calculation initiated auctionItemId:64, 2024-08-01 07:40:24
ERROR - 2024-08-01 19:40:24 --> bid calculation Ended auctionItemId:64, 2024-08-01 07:40:24
ERROR - 2024-08-01 19:40:24 --> bid calculation initiated auctionItemId:65, 2024-08-01 07:40:24
ERROR - 2024-08-01 19:40:24 --> bid calculation Ended auctionItemId:65, 2024-08-01 07:40:24
ERROR - 2024-08-01 19:40:53 --> current items data:[{"id":"64","inward_invoice_id":"S1","inward_item_id":"6","auction_id":"13","lot_no":"1","lot_set":"1","auction_quantity":"1","sample_quantity":"1","auction_each_net":"17","base_price":"100","reverse_price":"105","high_price":"0","valuation_price":"110","last_sold_price":null,"status":"1","is_sold":"0","min_bid_added":"0","is_withdrawn":"0","created_at":"2024-08-01 19:23:25","updated_at":"2024-08-01 19:24:04","created_by":"5","updated_by":"5"},{"id":"65","inward_invoice_id":"S2","inward_item_id":"7","auction_id":"13","lot_no":"2","lot_set":"1","auction_quantity":"1","sample_quantity":"1","auction_each_net":"7","base_price":"100","reverse_price":"105","high_price":"0","valuation_price":"110","last_sold_price":null,"status":"1","is_sold":"0","min_bid_added":"0","is_withdrawn":"0","created_at":"2024-08-01 19:23:25","updated_at":"2024-08-01 19:24:04","created_by":"5","updated_by":"5"}], 2024-08-01 07:40:53
ERROR - 2024-08-01 19:40:53 --> Error code L001. auctionItemId:64, 2024-08-01 07:40:53
ERROR - 2024-08-01 19:40:53 --> bid calculation initiated auctionItemId:64, 2024-08-01 07:40:53
ERROR - 2024-08-01 19:40:53 --> bid calculation Ended auctionItemId:64, 2024-08-01 07:40:53
ERROR - 2024-08-01 19:40:53 --> Error code L002. auctionItemId:64, 2024-08-01 07:40:53
ERROR - 2024-08-01 19:40:53 --> Error code L003. auctionItemId:64, 2024-08-01 07:40:53
ERROR - 2024-08-01 19:40:53 --> Error code L001. auctionItemId:65, 2024-08-01 07:40:53
ERROR - 2024-08-01 19:40:53 --> bid calculation initiated auctionItemId:65, 2024-08-01 07:40:53
ERROR - 2024-08-01 19:40:53 --> bid calculation Ended auctionItemId:65, 2024-08-01 07:40:53
ERROR - 2024-08-01 19:40:53 --> Error code L002. auctionItemId:65, 2024-08-01 07:40:53
ERROR - 2024-08-01 19:40:53 --> Error code L003. auctionItemId:65, 2024-08-01 07:40:53
ERROR - 2024-08-01 19:40:53 --> current items data:[], 2024-08-01 07:40:53
ERROR - 2024-08-01 19:40:53 --> current items data:[], 2024-08-01 07:40:53
ERROR - 2024-08-01 19:40:54 --> auction floor entry auctionItemId:66, 2024-08-01 07:40:54
ERROR - 2024-08-01 19:40:54 --> min value query HBP:SELECT *
FROM `auto_bidding`
WHERE `auction_item_id` = '66'
AND `min_price` != 0
ORDER BY `min_price` DESC
 LIMIT 1, max value query HABP:SELECT *
FROM `auto_bidding`
WHERE `auction_item_id` = '66'
AND `max_price` != 0
ORDER BY `max_price` DESC
 LIMIT 1, 2024-08-01 07:40:54
ERROR - 2024-08-01 19:40:54 --> initial bidding value HBP:101, HABP:110, 2024-08-01 07:40:54
ERROR - 2024-08-01 19:40:54 --> E001 HBP:101, HABP:110, 2024-08-01 07:40:54
ERROR - 2024-08-01 19:40:54 --> E004 HBP:101, HABP:110, 2024-08-01 07:40:54
ERROR - 2024-08-01 19:40:54 --> auction floor ended HBP:101, HABP:110, 2024-08-01 07:40:54
ERROR - 2024-08-01 19:40:54 --> auction start value:{"auction_item_id":"66","buyer_id":"3","bid_price":102,"bid_type":1,"sq":1,"bq":1}, 2024-08-01 07:40:54
ERROR - 2024-08-01 19:40:54 --> auction floor entry auctionItemId:67, 2024-08-01 07:40:54
ERROR - 2024-08-01 19:40:54 --> min value query HBP:SELECT *
FROM `auto_bidding`
WHERE `auction_item_id` = '67'
AND `min_price` != 0
ORDER BY `min_price` DESC
 LIMIT 1, max value query HABP:SELECT *
FROM `auto_bidding`
WHERE `auction_item_id` = '67'
AND `max_price` != 0
ORDER BY `max_price` DESC
 LIMIT 1, 2024-08-01 07:40:54
ERROR - 2024-08-01 19:40:54 --> initial bidding value HBP:115, HABP:120, 2024-08-01 07:40:54
ERROR - 2024-08-01 19:40:54 --> E001 HBP:115, HABP:120, 2024-08-01 07:40:54
ERROR - 2024-08-01 19:40:54 --> E004 HBP:115, HABP:120, 2024-08-01 07:40:54
ERROR - 2024-08-01 19:40:54 --> auction floor ended HBP:115, HABP:120, 2024-08-01 07:40:54
ERROR - 2024-08-01 19:40:54 --> auction start value:{"auction_item_id":"67","buyer_id":"3","bid_price":116,"bid_type":1,"sq":1,"bq":1}, 2024-08-01 07:40:54
ERROR - 2024-08-01 19:40:54 --> auction floor entry auctionItemId:66, 2024-08-01 07:40:54
ERROR - 2024-08-01 19:40:54 --> auction floor entry auctionItemId:67, 2024-08-01 07:40:54
ERROR - 2024-08-01 19:40:54 --> auction floor entry auctionItemId:66, 2024-08-01 07:40:54
ERROR - 2024-08-01 19:40:54 --> auction floor entry auctionItemId:67, 2024-08-01 07:40:54
ERROR - 2024-08-01 19:40:55 --> auction floor entry auctionItemId:66, 2024-08-01 07:40:55
ERROR - 2024-08-01 19:40:55 --> auction floor entry auctionItemId:67, 2024-08-01 07:40:55
ERROR - 2024-08-01 19:40:55 --> auction floor entry auctionItemId:66, 2024-08-01 07:40:55
ERROR - 2024-08-01 19:40:55 --> auction floor entry auctionItemId:67, 2024-08-01 07:40:55
ERROR - 2024-08-01 19:40:56 --> auction floor entry auctionItemId:66, 2024-08-01 07:40:56
ERROR - 2024-08-01 19:40:56 --> auction floor entry auctionItemId:67, 2024-08-01 07:40:56
ERROR - 2024-08-01 19:41:54 --> bid calculation initiated auctionItemId:66, 2024-08-01 07:41:54
ERROR - 2024-08-01 19:41:54 --> Error code 001. HBP:102.00,HABP: 110.00, 2024-08-01 07:41:54
ERROR - 2024-08-01 19:41:54 --> Error code 002. HBP:102.00,RP: 105, 2024-08-01 07:41:54
ERROR - 2024-08-01 19:41:54 --> bid calculation Ended auctionItemId:66, 2024-08-01 07:41:54
ERROR - 2024-08-01 19:41:54 --> bid calculation initiated auctionItemId:67, 2024-08-01 07:41:54
ERROR - 2024-08-01 19:41:54 --> Error code 001. HBP:116.00,HABP: 120.00, 2024-08-01 07:41:54
ERROR - 2024-08-01 19:41:54 --> Error code 003. HBP:116.00,RP: 105, 2024-08-01 07:41:54
ERROR - 2024-08-01 19:41:54 --> Error code 004. HBP:116.00,SLHABP: 120.00, 2024-08-01 07:41:54
ERROR - 2024-08-01 19:41:54 --> bid calculation Ended auctionItemId:67, 2024-08-01 07:41:54
ERROR - 2024-08-01 19:41:54 --> bid calculation initiated auctionItemId:66, 2024-08-01 07:41:54
ERROR - 2024-08-01 19:41:54 --> Error code 001. HBP:105.00,HABP: 110.00, 2024-08-01 07:41:54
ERROR - 2024-08-01 19:41:54 --> Error code 002. HBP:105.00,RP: 105, 2024-08-01 07:41:54
ERROR - 2024-08-01 19:41:54 --> bid calculation Ended auctionItemId:66, 2024-08-01 07:41:54
ERROR - 2024-08-01 19:41:54 --> bid calculation initiated auctionItemId:67, 2024-08-01 07:41:54
ERROR - 2024-08-01 19:41:54 --> Error code 001. HBP:117.00,HABP: 120.00, 2024-08-01 07:41:54
ERROR - 2024-08-01 19:41:54 --> Error code 003. HBP:117.00,RP: 105, 2024-08-01 07:41:54
ERROR - 2024-08-01 19:41:54 --> Error code 004. HBP:117.00,SLHABP: 120.00, 2024-08-01 07:41:54
ERROR - 2024-08-01 19:41:54 --> bid calculation Ended auctionItemId:67, 2024-08-01 07:41:54
ERROR - 2024-08-01 19:41:55 --> bid calculation initiated auctionItemId:66, 2024-08-01 07:41:55
ERROR - 2024-08-01 19:41:55 --> Error code 001. HBP:105.00,HABP: 110.00, 2024-08-01 07:41:55
ERROR - 2024-08-01 19:41:55 --> Error code 002. HBP:105.00,RP: 105, 2024-08-01 07:41:55
ERROR - 2024-08-01 19:41:55 --> bid calculation Ended auctionItemId:66, 2024-08-01 07:41:55
ERROR - 2024-08-01 19:41:55 --> bid calculation initiated auctionItemId:67, 2024-08-01 07:41:55
ERROR - 2024-08-01 19:41:55 --> Error code 001. HBP:118.00,HABP: 120.00, 2024-08-01 07:41:55
ERROR - 2024-08-01 19:41:55 --> Error code 003. HBP:118.00,RP: 105, 2024-08-01 07:41:55
ERROR - 2024-08-01 19:41:55 --> Error code 004. HBP:118.00,SLHABP: 120.00, 2024-08-01 07:41:55
ERROR - 2024-08-01 19:41:55 --> bid calculation Ended auctionItemId:67, 2024-08-01 07:41:55
ERROR - 2024-08-01 19:42:24 --> current items data:[{"id":"66","inward_invoice_id":"S3","inward_item_id":"8","auction_id":"13","lot_no":"3","lot_set":"2","auction_quantity":"1","sample_quantity":"1","auction_each_net":"21","base_price":"100","reverse_price":"105","high_price":"0","valuation_price":"110","last_sold_price":null,"status":"1","is_sold":"0","min_bid_added":"0","is_withdrawn":"0","created_at":"2024-08-01 19:23:25","updated_at":"2024-08-01 19:24:04","created_by":"5","updated_by":"5"},{"id":"67","inward_invoice_id":"S4","inward_item_id":"9","auction_id":"13","lot_no":"4","lot_set":"2","auction_quantity":"1","sample_quantity":"1","auction_each_net":"11","base_price":"100","reverse_price":"105","high_price":"0","valuation_price":"110","last_sold_price":null,"status":"1","is_sold":"0","min_bid_added":"0","is_withdrawn":"0","created_at":"2024-08-01 19:23:25","updated_at":"2024-08-01 19:24:04","created_by":"5","updated_by":"5"}], 2024-08-01 07:42:24
ERROR - 2024-08-01 19:42:24 --> Error code L001. auctionItemId:66, 2024-08-01 07:42:24
ERROR - 2024-08-01 19:42:24 --> bid calculation initiated auctionItemId:66, 2024-08-01 07:42:24
ERROR - 2024-08-01 19:42:24 --> Error code 001. HBP:105.00,HABP: 110.00, 2024-08-01 07:42:24
ERROR - 2024-08-01 19:42:24 --> Error code 002. HBP:105.00,RP: 105, 2024-08-01 07:42:24
ERROR - 2024-08-01 19:42:24 --> bid calculation Ended auctionItemId:66, 2024-08-01 07:42:24
ERROR - 2024-08-01 19:42:24 --> Error code L002. auctionItemId:66, 2024-08-01 07:42:24
ERROR - 2024-08-01 19:42:24 --> Error code L003. auctionItemId:66, 2024-08-01 07:42:24
ERROR - 2024-08-01 19:42:24 --> Error code L001. auctionItemId:67, 2024-08-01 07:42:24
ERROR - 2024-08-01 19:42:24 --> bid calculation initiated auctionItemId:67, 2024-08-01 07:42:24
ERROR - 2024-08-01 19:42:24 --> Error code 001. HBP:119.00,HABP: 120.00, 2024-08-01 07:42:24
ERROR - 2024-08-01 19:42:24 --> Error code 003. HBP:119.00,RP: 105, 2024-08-01 07:42:24
ERROR - 2024-08-01 19:42:24 --> Error code 004. HBP:119.00,SLHABP: 120.00, 2024-08-01 07:42:24
ERROR - 2024-08-01 19:42:24 --> bid calculation Ended auctionItemId:67, 2024-08-01 07:42:24
ERROR - 2024-08-01 19:42:24 --> Error code L002. auctionItemId:67, 2024-08-01 07:42:24
ERROR - 2024-08-01 19:42:24 --> Error code L003. auctionItemId:67, 2024-08-01 07:42:24
ERROR - 2024-08-01 19:42:25 --> current items data:[], 2024-08-01 07:42:25
ERROR - 2024-08-01 19:42:25 --> current items data:[], 2024-08-01 07:42:25
ERROR - 2024-08-01 19:42:25 --> auction floor entry auctionItemId:68, 2024-08-01 07:42:25
ERROR - 2024-08-01 19:42:25 --> min value query HBP:SELECT *
FROM `auto_bidding`
WHERE `auction_item_id` = '68'
AND `min_price` != 0
ORDER BY `min_price` DESC
 LIMIT 1, max value query HABP:SELECT *
FROM `auto_bidding`
WHERE `auction_item_id` = '68'
AND `max_price` != 0
ORDER BY `max_price` DESC
 LIMIT 1, 2024-08-01 07:42:25
ERROR - 2024-08-01 19:42:25 --> initial bidding value HBP:101, HABP:0, 2024-08-01 07:42:25
ERROR - 2024-08-01 19:42:25 --> E005 HBP:101, HABP:0, 2024-08-01 07:42:25
ERROR - 2024-08-01 19:42:25 --> auction floor ended HBP:101, HABP:0, 2024-08-01 07:42:25
ERROR - 2024-08-01 19:42:25 --> auction start value:{"auction_item_id":"68","buyer_id":"3","bid_price":"101","bid_type":1,"sq":1,"bq":1}, 2024-08-01 07:42:25
ERROR - 2024-08-01 19:42:25 --> auction floor entry auctionItemId:69, 2024-08-01 07:42:25
ERROR - 2024-08-01 19:42:25 --> min value query HBP:SELECT *
FROM `auto_bidding`
WHERE `auction_item_id` = '69'
AND `min_price` != 0
ORDER BY `min_price` DESC
 LIMIT 1, max value query HABP:SELECT *
FROM `auto_bidding`
WHERE `auction_item_id` = '69'
AND `max_price` != 0
ORDER BY `max_price` DESC
 LIMIT 1, 2024-08-01 07:42:25
ERROR - 2024-08-01 19:42:25 --> initial bidding value HBP:101, HABP:110, 2024-08-01 07:42:25
ERROR - 2024-08-01 19:42:25 --> E001 HBP:101, HABP:110, 2024-08-01 07:42:25
ERROR - 2024-08-01 19:42:25 --> E004 HBP:101, HABP:110, 2024-08-01 07:42:25
ERROR - 2024-08-01 19:42:25 --> auction floor ended HBP:101, HABP:110, 2024-08-01 07:42:25
ERROR - 2024-08-01 19:42:25 --> auction start value:{"auction_item_id":"69","buyer_id":"3","bid_price":102,"bid_type":1,"sq":1,"bq":1}, 2024-08-01 07:42:25
ERROR - 2024-08-01 19:42:26 --> auction floor entry auctionItemId:68, 2024-08-01 07:42:26
ERROR - 2024-08-01 19:42:26 --> auction floor entry auctionItemId:69, 2024-08-01 07:42:26
ERROR - 2024-08-01 19:42:26 --> auction floor entry auctionItemId:68, 2024-08-01 07:42:26
ERROR - 2024-08-01 19:42:26 --> auction floor entry auctionItemId:69, 2024-08-01 07:42:26
ERROR - 2024-08-01 19:42:27 --> auction floor entry auctionItemId:68, 2024-08-01 07:42:27
ERROR - 2024-08-01 19:42:27 --> auction floor entry auctionItemId:69, 2024-08-01 07:42:27
ERROR - 2024-08-01 19:42:27 --> auction floor entry auctionItemId:68, 2024-08-01 07:42:27
ERROR - 2024-08-01 19:42:27 --> auction floor entry auctionItemId:69, 2024-08-01 07:42:27
ERROR - 2024-08-01 19:42:27 --> auction floor entry auctionItemId:68, 2024-08-01 07:42:27
ERROR - 2024-08-01 19:42:27 --> auction floor entry auctionItemId:69, 2024-08-01 07:42:27
ERROR - 2024-08-01 19:45:01 --> current items data:[{"id":"68","inward_invoice_id":"S5","inward_item_id":"10","auction_id":"13","lot_no":"5","lot_set":"3","auction_quantity":"1","sample_quantity":"1","auction_each_net":"12","base_price":"100","reverse_price":"105","high_price":"0","valuation_price":"110","last_sold_price":null,"status":"1","is_sold":"0","min_bid_added":"0","is_withdrawn":"0","created_at":"2024-08-01 19:23:25","updated_at":"2024-08-01 19:24:04","created_by":"5","updated_by":"5"},{"id":"69","inward_invoice_id":"K2","inward_item_id":"17","auction_id":"13","lot_no":"6","lot_set":"3","auction_quantity":"1","sample_quantity":"1","auction_each_net":"8","base_price":"100","reverse_price":"105","high_price":"0","valuation_price":"110","last_sold_price":null,"status":"1","is_sold":"0","min_bid_added":"0","is_withdrawn":"0","created_at":"2024-08-01 19:23:25","updated_at":"2024-08-01 19:24:04","created_by":"5","updated_by":"5"}], 2024-08-01 07:45:01
ERROR - 2024-08-01 19:45:01 --> Error code L001. auctionItemId:68, 2024-08-01 07:45:01
ERROR - 2024-08-01 19:45:01 --> bid calculation initiated auctionItemId:68, 2024-08-01 07:45:01
ERROR - 2024-08-01 19:45:01 --> bid calculation Ended auctionItemId:68, 2024-08-01 07:45:01
ERROR - 2024-08-01 19:45:01 --> Error code L002. auctionItemId:68, 2024-08-01 07:45:01
ERROR - 2024-08-01 19:45:01 --> Error code L003. auctionItemId:68, 2024-08-01 07:45:01
ERROR - 2024-08-01 19:45:01 --> Error code L001. auctionItemId:69, 2024-08-01 07:45:01
ERROR - 2024-08-01 19:45:01 --> bid calculation initiated auctionItemId:69, 2024-08-01 07:45:01
ERROR - 2024-08-01 19:45:01 --> Error code 007. HBP:110.00,HABP: 110.00, 2024-08-01 07:45:01
ERROR - 2024-08-01 19:45:01 --> bid calculation Ended auctionItemId:69, 2024-08-01 07:45:01
ERROR - 2024-08-01 19:45:01 --> Error code L002. auctionItemId:69, 2024-08-01 07:45:01
ERROR - 2024-08-01 19:45:01 --> Error code L003. auctionItemId:69, 2024-08-01 07:45:01
ERROR - 2024-08-01 19:45:01 --> current items data:[], 2024-08-01 07:45:01
ERROR - 2024-08-01 19:45:02 --> auction floor entry auctionItemId:70, 2024-08-01 07:45:02
ERROR - 2024-08-01 19:45:02 --> min value query HBP:SELECT *
FROM `auto_bidding`
WHERE `auction_item_id` = '70'
AND `min_price` != 0
ORDER BY `min_price` DESC
 LIMIT 1, max value query HABP:SELECT *
FROM `auto_bidding`
WHERE `auction_item_id` = '70'
AND `max_price` != 0
ORDER BY `max_price` DESC
 LIMIT 1, 2024-08-01 07:45:02
ERROR - 2024-08-01 19:45:02 --> initial bidding value HBP:0, HABP:0, 2024-08-01 07:45:02
ERROR - 2024-08-01 19:45:02 --> E007 HBP:0, HABP:0, 2024-08-01 07:45:02
ERROR - 2024-08-01 19:45:02 --> auction floor ended HBP:0, HABP:0, 2024-08-01 07:45:02
ERROR - 2024-08-01 19:45:02 --> auction floor entry auctionItemId:71, 2024-08-01 07:45:02
ERROR - 2024-08-01 19:45:02 --> min value query HBP:SELECT *
FROM `auto_bidding`
WHERE `auction_item_id` = '71'
AND `min_price` != 0
ORDER BY `min_price` DESC
 LIMIT 1, max value query HABP:SELECT *
FROM `auto_bidding`
WHERE `auction_item_id` = '71'
AND `max_price` != 0
ORDER BY `max_price` DESC
 LIMIT 1, 2024-08-01 07:45:02
ERROR - 2024-08-01 19:45:02 --> initial bidding value HBP:0, HABP:0, 2024-08-01 07:45:02
ERROR - 2024-08-01 19:45:02 --> E007 HBP:0, HABP:0, 2024-08-01 07:45:02
ERROR - 2024-08-01 19:45:02 --> auction floor ended HBP:0, HABP:0, 2024-08-01 07:45:02
ERROR - 2024-08-01 19:45:02 --> auction floor entry auctionItemId:70, 2024-08-01 07:45:02
ERROR - 2024-08-01 19:45:02 --> min value query HBP:SELECT *
FROM `auto_bidding`
WHERE `auction_item_id` = '70'
AND `min_price` != 0
ORDER BY `min_price` DESC
 LIMIT 1, max value query HABP:SELECT *
FROM `auto_bidding`
WHERE `auction_item_id` = '70'
AND `max_price` != 0
ORDER BY `max_price` DESC
 LIMIT 1, 2024-08-01 07:45:02
ERROR - 2024-08-01 19:45:02 --> initial bidding value HBP:0, HABP:0, 2024-08-01 07:45:02
ERROR - 2024-08-01 19:45:02 --> E007 HBP:0, HABP:0, 2024-08-01 07:45:02
ERROR - 2024-08-01 19:45:02 --> auction floor ended HBP:0, HABP:0, 2024-08-01 07:45:02
ERROR - 2024-08-01 19:45:02 --> auction floor entry auctionItemId:71, 2024-08-01 07:45:02
ERROR - 2024-08-01 19:45:02 --> min value query HBP:SELECT *
FROM `auto_bidding`
WHERE `auction_item_id` = '71'
AND `min_price` != 0
ORDER BY `min_price` DESC
 LIMIT 1, max value query HABP:SELECT *
FROM `auto_bidding`
WHERE `auction_item_id` = '71'
AND `max_price` != 0
ORDER BY `max_price` DESC
 LIMIT 1, 2024-08-01 07:45:02
ERROR - 2024-08-01 19:45:02 --> initial bidding value HBP:0, HABP:0, 2024-08-01 07:45:02
ERROR - 2024-08-01 19:45:02 --> E007 HBP:0, HABP:0, 2024-08-01 07:45:02
ERROR - 2024-08-01 19:45:02 --> auction floor ended HBP:0, HABP:0, 2024-08-01 07:45:02
ERROR - 2024-08-01 19:45:03 --> auction floor entry auctionItemId:70, 2024-08-01 07:45:03
ERROR - 2024-08-01 19:45:03 --> min value query HBP:SELECT *
FROM `auto_bidding`
WHERE `auction_item_id` = '70'
AND `min_price` != 0
ORDER BY `min_price` DESC
 LIMIT 1, max value query HABP:SELECT *
FROM `auto_bidding`
WHERE `auction_item_id` = '70'
AND `max_price` != 0
ORDER BY `max_price` DESC
 LIMIT 1, 2024-08-01 07:45:03
ERROR - 2024-08-01 19:45:03 --> initial bidding value HBP:0, HABP:0, 2024-08-01 07:45:03
ERROR - 2024-08-01 19:45:03 --> E007 HBP:0, HABP:0, 2024-08-01 07:45:03
ERROR - 2024-08-01 19:45:03 --> auction floor ended HBP:0, HABP:0, 2024-08-01 07:45:03
ERROR - 2024-08-01 19:45:03 --> auction floor entry auctionItemId:71, 2024-08-01 07:45:03
ERROR - 2024-08-01 19:45:03 --> min value query HBP:SELECT *
FROM `auto_bidding`
WHERE `auction_item_id` = '71'
AND `min_price` != 0
ORDER BY `min_price` DESC
 LIMIT 1, max value query HABP:SELECT *
FROM `auto_bidding`
WHERE `auction_item_id` = '71'
AND `max_price` != 0
ORDER BY `max_price` DESC
 LIMIT 1, 2024-08-01 07:45:03
ERROR - 2024-08-01 19:45:03 --> initial bidding value HBP:0, HABP:0, 2024-08-01 07:45:03
ERROR - 2024-08-01 19:45:03 --> E007 HBP:0, HABP:0, 2024-08-01 07:45:03
ERROR - 2024-08-01 19:45:03 --> auction floor ended HBP:0, HABP:0, 2024-08-01 07:45:03
ERROR - 2024-08-01 19:45:03 --> auction floor entry auctionItemId:70, 2024-08-01 07:45:03
ERROR - 2024-08-01 19:45:03 --> min value query HBP:SELECT *
FROM `auto_bidding`
WHERE `auction_item_id` = '70'
AND `min_price` != 0
ORDER BY `min_price` DESC
 LIMIT 1, max value query HABP:SELECT *
FROM `auto_bidding`
WHERE `auction_item_id` = '70'
AND `max_price` != 0
ORDER BY `max_price` DESC
 LIMIT 1, 2024-08-01 07:45:03
ERROR - 2024-08-01 19:45:03 --> initial bidding value HBP:0, HABP:0, 2024-08-01 07:45:03
ERROR - 2024-08-01 19:45:03 --> E007 HBP:0, HABP:0, 2024-08-01 07:45:03
ERROR - 2024-08-01 19:45:03 --> auction floor ended HBP:0, HABP:0, 2024-08-01 07:45:03
ERROR - 2024-08-01 19:45:03 --> auction floor entry auctionItemId:71, 2024-08-01 07:45:03
ERROR - 2024-08-01 19:45:03 --> min value query HBP:SELECT *
FROM `auto_bidding`
WHERE `auction_item_id` = '71'
AND `min_price` != 0
ORDER BY `min_price` DESC
 LIMIT 1, max value query HABP:SELECT *
FROM `auto_bidding`
WHERE `auction_item_id` = '71'
AND `max_price` != 0
ORDER BY `max_price` DESC
 LIMIT 1, 2024-08-01 07:45:03
ERROR - 2024-08-01 19:45:03 --> initial bidding value HBP:0, HABP:0, 2024-08-01 07:45:03
ERROR - 2024-08-01 19:45:03 --> E007 HBP:0, HABP:0, 2024-08-01 07:45:03
ERROR - 2024-08-01 19:45:03 --> auction floor ended HBP:0, HABP:0, 2024-08-01 07:45:03
ERROR - 2024-08-01 19:45:04 --> current items data:[], 2024-08-01 07:45:04
ERROR - 2024-08-01 19:45:06 --> auction floor entry auctionItemId:70, 2024-08-01 07:45:06
ERROR - 2024-08-01 19:45:06 --> min value query HBP:SELECT *
FROM `auto_bidding`
WHERE `auction_item_id` = '70'
AND `min_price` != 0
ORDER BY `min_price` DESC
 LIMIT 1, max value query HABP:SELECT *
FROM `auto_bidding`
WHERE `auction_item_id` = '70'
AND `max_price` != 0
ORDER BY `max_price` DESC
 LIMIT 1, 2024-08-01 07:45:06
ERROR - 2024-08-01 19:45:06 --> initial bidding value HBP:0, HABP:0, 2024-08-01 07:45:06
ERROR - 2024-08-01 19:45:06 --> E007 HBP:0, HABP:0, 2024-08-01 07:45:06
ERROR - 2024-08-01 19:45:06 --> auction floor ended HBP:0, HABP:0, 2024-08-01 07:45:06
ERROR - 2024-08-01 19:45:06 --> auction floor entry auctionItemId:71, 2024-08-01 07:45:06
ERROR - 2024-08-01 19:45:06 --> min value query HBP:SELECT *
FROM `auto_bidding`
WHERE `auction_item_id` = '71'
AND `min_price` != 0
ORDER BY `min_price` DESC
 LIMIT 1, max value query HABP:SELECT *
FROM `auto_bidding`
WHERE `auction_item_id` = '71'
AND `max_price` != 0
ORDER BY `max_price` DESC
 LIMIT 1, 2024-08-01 07:45:06
ERROR - 2024-08-01 19:45:06 --> initial bidding value HBP:0, HABP:0, 2024-08-01 07:45:06
ERROR - 2024-08-01 19:45:06 --> E007 HBP:0, HABP:0, 2024-08-01 07:45:06
ERROR - 2024-08-01 19:45:06 --> auction floor ended HBP:0, HABP:0, 2024-08-01 07:45:06
ERROR - 2024-08-01 19:45:07 --> auction floor entry auctionItemId:70, 2024-08-01 07:45:07
ERROR - 2024-08-01 19:45:07 --> min value query HBP:SELECT *
FROM `auto_bidding`
WHERE `auction_item_id` = '70'
AND `min_price` != 0
ORDER BY `min_price` DESC
 LIMIT 1, max value query HABP:SELECT *
FROM `auto_bidding`
WHERE `auction_item_id` = '70'
AND `max_price` != 0
ORDER BY `max_price` DESC
 LIMIT 1, 2024-08-01 07:45:07
ERROR - 2024-08-01 19:45:07 --> initial bidding value HBP:0, HABP:0, 2024-08-01 07:45:07
ERROR - 2024-08-01 19:45:07 --> E007 HBP:0, HABP:0, 2024-08-01 07:45:07
ERROR - 2024-08-01 19:45:07 --> auction floor ended HBP:0, HABP:0, 2024-08-01 07:45:07
ERROR - 2024-08-01 19:45:07 --> auction floor entry auctionItemId:71, 2024-08-01 07:45:07
ERROR - 2024-08-01 19:45:07 --> min value query HBP:SELECT *
FROM `auto_bidding`
WHERE `auction_item_id` = '71'
AND `min_price` != 0
ORDER BY `min_price` DESC
 LIMIT 1, max value query HABP:SELECT *
FROM `auto_bidding`
WHERE `auction_item_id` = '71'
AND `max_price` != 0
ORDER BY `max_price` DESC
 LIMIT 1, 2024-08-01 07:45:07
ERROR - 2024-08-01 19:45:07 --> initial bidding value HBP:0, HABP:0, 2024-08-01 07:45:07
ERROR - 2024-08-01 19:45:07 --> E007 HBP:0, HABP:0, 2024-08-01 07:45:07
ERROR - 2024-08-01 19:45:07 --> auction floor ended HBP:0, HABP:0, 2024-08-01 07:45:07
ERROR - 2024-08-01 19:47:15 --> current items data:[{"id":"70","inward_invoice_id":"K3","inward_item_id":"18","auction_id":"13","lot_no":"7","lot_set":"4","auction_quantity":"1","sample_quantity":"1","auction_each_net":"4","base_price":"100","reverse_price":"105","high_price":"0","valuation_price":"110","last_sold_price":null,"status":"1","is_sold":"0","min_bid_added":"0","is_withdrawn":"0","created_at":"2024-08-01 19:23:25","updated_at":"2024-08-01 19:24:04","created_by":"5","updated_by":"5"},{"id":"71","inward_invoice_id":"K1","inward_item_id":"16","auction_id":"13","lot_no":"8","lot_set":"4","auction_quantity":"1","sample_quantity":"1","auction_each_net":"2","base_price":"100","reverse_price":"105","high_price":"0","valuation_price":"110","last_sold_price":null,"status":"1","is_sold":"0","min_bid_added":"0","is_withdrawn":"0","created_at":"2024-08-01 19:23:25","updated_at":"2024-08-01 19:24:04","created_by":"5","updated_by":"5"}], 2024-08-01 07:47:15
ERROR - 2024-08-01 19:47:15 --> Error code L001. auctionItemId:70, 2024-08-01 07:47:15
ERROR - 2024-08-01 19:47:15 --> bid calculation initiated auctionItemId:70, 2024-08-01 07:47:15
ERROR - 2024-08-01 19:47:15 --> bid calculation Ended auctionItemId:70, 2024-08-01 07:47:15
ERROR - 2024-08-01 19:47:15 --> Error code L002. auctionItemId:70, 2024-08-01 07:47:15
ERROR - 2024-08-01 19:47:15 --> Error code L003. auctionItemId:70, 2024-08-01 07:47:15
ERROR - 2024-08-01 19:47:15 --> Error code L001. auctionItemId:71, 2024-08-01 07:47:15
ERROR - 2024-08-01 19:47:15 --> bid calculation initiated auctionItemId:71, 2024-08-01 07:47:15
ERROR - 2024-08-01 19:47:15 --> Error code 001. HBP:108.00,HABP: 120.00, 2024-08-01 07:47:15
ERROR - 2024-08-01 19:47:15 --> Error code 003. HBP:108.00,RP: 105, 2024-08-01 07:47:15
ERROR - 2024-08-01 19:47:15 --> Error code 004. HBP:108.00,SLHABP: 110.00, 2024-08-01 07:47:15
ERROR - 2024-08-01 19:47:15 --> bid calculation Ended auctionItemId:71, 2024-08-01 07:47:15
ERROR - 2024-08-01 19:47:15 --> Error code L002. auctionItemId:71, 2024-08-01 07:47:15
ERROR - 2024-08-01 19:47:15 --> Error code L003. auctionItemId:71, 2024-08-01 07:47:15
ERROR - 2024-08-01 19:47:16 --> current items data:[], 2024-08-01 07:47:16
CRITICAL - 2024-08-01 20:02:40 --> ErrorException: Undefined variable $auction_data
in APPPATH/Controllers/Cart.php on line 427.
 1 APPPATH/Controllers/Cart.php(427): CodeIgniter\Debug\Exceptions->errorHandler(2, 'Undefined variable $auction_data', '/var/www/eazyhosting.in/public_html/api/app/Controllers/Cart.php', 427)
 2 SYSTEMPATH/CodeIgniter.php(941): App\Controllers\Cart->auctiongardenlist()
 3 SYSTEMPATH/CodeIgniter.php(502): CodeIgniter\CodeIgniter->runController(Object(App\Controllers\Cart))
 4 SYSTEMPATH/CodeIgniter.php(361): CodeIgniter\CodeIgniter->handleRequest(null, Object(Config\Cache), false)
 5 FCPATH/index.php(79): CodeIgniter\CodeIgniter->run()
CRITICAL - 2024-08-01 20:02:50 --> ErrorException: Undefined variable $auction_data
in APPPATH/Controllers/Cart.php on line 427.
 1 APPPATH/Controllers/Cart.php(427): CodeIgniter\Debug\Exceptions->errorHandler(2, 'Undefined variable $auction_data', '/var/www/eazyhosting.in/public_html/api/app/Controllers/Cart.php', 427)
 2 SYSTEMPATH/CodeIgniter.php(941): App\Controllers\Cart->auctiongardenlist()
 3 SYSTEMPATH/CodeIgniter.php(502): CodeIgniter\CodeIgniter->runController(Object(App\Controllers\Cart))
 4 SYSTEMPATH/CodeIgniter.php(361): CodeIgniter\CodeIgniter->handleRequest(null, Object(Config\Cache), false)
 5 FCPATH/index.php(79): CodeIgniter\CodeIgniter->run()
CRITICAL - 2024-08-01 20:02:51 --> ErrorException: Undefined variable $auction_data
in APPPATH/Controllers/Cart.php on line 427.
 1 APPPATH/Controllers/Cart.php(427): CodeIgniter\Debug\Exceptions->errorHandler(2, 'Undefined variable $auction_data', '/var/www/eazyhosting.in/public_html/api/app/Controllers/Cart.php', 427)
 2 SYSTEMPATH/CodeIgniter.php(941): App\Controllers\Cart->auctiongardenlist()
 3 SYSTEMPATH/CodeIgniter.php(502): CodeIgniter\CodeIgniter->runController(Object(App\Controllers\Cart))
 4 SYSTEMPATH/CodeIgniter.php(361): CodeIgniter\CodeIgniter->handleRequest(null, Object(Config\Cache), false)
 5 FCPATH/index.php(79): CodeIgniter\CodeIgniter->run()
